<May23-2026> <13:41:26>  AMS 2026.103  RunTime: May23-2026 13:41:26  ShM Nodes: 1  Procs: 1
<May23-2026> <13:41:27>  ADF 2026.103  RunTime: May23-2026 13:41:27  ShM Nodes: 1  Procs: 1
<May23-2026> <13:41:27>  *** (NO TITLE) ***
<May23-2026> <13:41:27>  DIRAC 2026.103  RunTime: May23-2026 13:41:27  ShM Nodes: 1  Procs: 1
<May23-2026> <13:41:27>  Carbon (TZ2P)
<May23-2026> <13:41:27>  Net Charge: 0 (Nuclei minus Electrons)
<May23-2026> <13:41:27>  Symmetry  : ATOM
<May23-2026> <13:41:27>  Coordinates
<May23-2026> <13:41:27>     Atom         X           Y           Z   (Angstrom)
<May23-2026> <13:41:27>     1.C         0.000000    0.000000    0.000000
<May23-2026> <13:41:27>  >>>> CORORT
<May23-2026> <13:41:27>  >>>> CLSMAT
<May23-2026> <13:41:27>  >>>> ORTHON
<May23-2026> <13:41:27>  >>>> GENPT
<May23-2026> <13:41:27>  Block Length=  72
<May23-2026> <13:41:27>  >>>> PTBAS
<May23-2026> <13:41:27>  >>>> CYCLE
<May23-2026> <13:41:27>              |Error|         MaxErr       Wt(A-DIIS)
<May23-2026> <13:41:27>      1      0.00000000      0.00000000
<May23-2026> <13:41:27>      2      4.48450606      3.33074448    100.0
<May23-2026> <13:41:27>      3      1.63845963      1.31677840    100.0
<May23-2026> <13:41:27>      4      0.72237885      0.58090812    100.0
<May23-2026> <13:41:27>      5      0.41341516      0.32921223    100.0
<May23-2026> <13:41:27>      6      0.12634980      0.09661242     96.6
<May23-2026> <13:41:27>      7      0.11511849      0.08978748     89.7
<May23-2026> <13:41:27>      8      0.00670007      0.00519977      4.2
<May23-2026> <13:41:27>      9      0.00022181      0.00016825      0.0
<May23-2026> <13:41:27>     10      0.00000199      0.00000135      0.0
<May23-2026> <13:41:27>     11      0.00000002      0.00000001      0.0
<May23-2026> <13:41:27>     12      0.00000000      0.00000000      0.0
<May23-2026> <13:41:27>  SCF converged
<May23-2026> <13:41:27>     13      0.00000000      0.00000000      0.0
<May23-2026> <13:41:27>  >>>> POPAN
<May23-2026> <13:41:27>  >>>> DEBYE
<May23-2026> <13:41:27>  DIRAC 2026.103  RunTime: May23-2026 13:41:27  ShM Nodes: 1  Procs: 1
<May23-2026> <13:41:28>  Oxygen (TZ2P)
<May23-2026> <13:41:28>  Net Charge: 0 (Nuclei minus Electrons)
<May23-2026> <13:41:28>  Symmetry  : ATOM
<May23-2026> <13:41:28>  Coordinates
<May23-2026> <13:41:28>     Atom         X           Y           Z   (Angstrom)
<May23-2026> <13:41:28>     1.O         0.000000    0.000000    0.000000
<May23-2026> <13:41:28>  >>>> CORORT
<May23-2026> <13:41:28>  >>>> CLSMAT
<May23-2026> <13:41:28>  >>>> ORTHON
<May23-2026> <13:41:28>  >>>> GENPT
<May23-2026> <13:41:28>  Block Length=  68
<May23-2026> <13:41:28>  >>>> PTBAS
<May23-2026> <13:41:28>  >>>> CYCLE
<May23-2026> <13:41:28>              |Error|         MaxErr       Wt(A-DIIS)
<May23-2026> <13:41:28>      1      0.00000000      0.00000000
<May23-2026> <13:41:28>      2      8.77379167      5.52456194    100.0
<May23-2026> <13:41:28>      3      3.58874259      2.50390796    100.0
<May23-2026> <13:41:28>      4      1.14813168      0.58304454    100.0
<May23-2026> <13:41:28>      5      1.52147762      0.84216884    100.0
<May23-2026> <13:41:28>      6      0.17958647      0.10470670    100.0
<May23-2026> <13:41:28>      7      0.20120374      0.11429590    100.0
<May23-2026> <13:41:28>      8      0.01711846      0.01004426      9.1
<May23-2026> <13:41:28>      9      0.00178953      0.00100777      0.0
<May23-2026> <13:41:28>     10      0.00000129      0.00000068      0.0
<May23-2026> <13:41:28>     11      0.00000005      0.00000002      0.0
<May23-2026> <13:41:28>     12      0.00000000      0.00000000      0.0
<May23-2026> <13:41:28>  SCF converged
<May23-2026> <13:41:28>     13      0.00000000      0.00000000      0.0
<May23-2026> <13:41:28>  >>>> POPAN
<May23-2026> <13:41:28>  >>>> DEBYE
<May23-2026> <13:41:28>  DIRAC 2026.103  RunTime: May23-2026 13:41:28  ShM Nodes: 1  Procs: 1
<May23-2026> <13:41:28>  Hydrogen (TZ2P)
<May23-2026> <13:41:28>  Net Charge: 0 (Nuclei minus Electrons)
<May23-2026> <13:41:28>  Symmetry  : ATOM
<May23-2026> <13:41:28>  Coordinates
<May23-2026> <13:41:28>     Atom         X           Y           Z   (Angstrom)
<May23-2026> <13:41:28>     1.H         0.000000    0.000000    0.000000
<May23-2026> <13:41:28>  >>>> CORORT
<May23-2026> <13:41:28>  >>>> CLSMAT
<May23-2026> <13:41:28>  >>>> ORTHON
<May23-2026> <13:41:28>  >>>> GENPT
<May23-2026> <13:41:28>  Block Length=  64
<May23-2026> <13:41:28>  >>>> PTBAS
<May23-2026> <13:41:28>  >>>> CYCLE
<May23-2026> <13:41:28>              |Error|         MaxErr       Wt(A-DIIS)
<May23-2026> <13:41:28>      1      0.00000000      0.00000000
<May23-2026> <13:41:28>      2      0.03100426      0.02644614
<May23-2026> <13:41:28>      3      0.00958086      0.00932931    100.0
<May23-2026> <13:41:28>      4      0.00232128      0.00228673      1.3
<May23-2026> <13:41:28>      5      0.00003156      0.00002984      0.0
<May23-2026> <13:41:28>      6      0.00000096      0.00000091      0.0
<May23-2026> <13:41:29>      7      0.00000000      0.00000000      0.0
<May23-2026> <13:41:29>  SCF converged
<May23-2026> <13:41:29>      8      0.00000000      0.00000000      0.0
<May23-2026> <13:41:29>  >>>> POPAN
<May23-2026> <13:41:29>  >>>> DEBYE
<May23-2026> <13:41:29>  *** adf ***
<May23-2026> <13:41:29>  Net Charge: 0 (Nuclei minus Electrons)
<May23-2026> <13:41:29>  Spin polar: 1 (Spin_A minus Spin_B electrons)
<May23-2026> <13:41:29>  Symmetry  : NOSYM
<May23-2026> <13:41:29>  >>>> FRAGM
<May23-2026> <13:41:29>  Coordinates
<May23-2026> <13:41:29>     Atom         X           Y           Z   (Angstrom)
<May23-2026> <13:41:29>     1.C         0.229580   -1.622039   -0.695784
<May23-2026> <13:41:29>     2.C        -0.751114   -0.798825   -0.083895
<May23-2026> <13:41:29>     3.C        -1.513508    0.183747   -1.021541
<May23-2026> <13:41:29>     4.C        -2.123436    1.402295   -0.375887
<May23-2026> <13:41:29>     5.O        -1.632072   -0.104171   -2.202769
<May23-2026> <13:41:29>     6.O        -1.026173   -0.810811    1.137131
<May23-2026> <13:41:29>     7.H         0.475162   -1.494497   -1.745158
<May23-2026> <13:41:29>     8.H         0.807357   -2.304058   -0.078004
<May23-2026> <13:41:29>     9.H        -1.338708    1.994047    0.114383
<May23-2026> <13:41:29>    10.H        -2.647295    2.001789   -1.123437
<May23-2026> <13:41:29>    11.H        -2.807647    1.085143    0.420932
<May23-2026> <13:41:29>  >>>> CORORT
<May23-2026> <13:41:29>  >>>> CLSMAT
<May23-2026> <13:41:29>  >>>> ORTHON
<May23-2026> <13:41:29>  >>>> GENPT
<May23-2026> <13:41:29>  Block Length= 128
<May23-2026> <13:41:29>  >>>> PTBAS
<May23-2026> <13:41:32>  >>>> CYCLE
<May23-2026> <13:41:39>              |Error|         MaxErr       Wt(A-DIIS)
<May23-2026> <13:41:39>      1      5.57959842      0.73527561
<May23-2026> <13:41:45>      2      1.08427368      0.08736868    100.0
<May23-2026> <13:41:51>      3      0.92793288      0.07431322    100.0
<May23-2026> <13:41:58>      4      2.04100524      0.25875662    100.0
<May23-2026> <13:42:04>      5      0.55291742      0.06963335     69.3
<May23-2026> <13:42:10>      6      1.02044945      0.11924393    100.0
<May23-2026> <13:42:16>      7      0.25870958      0.02776113     27.0
<May23-2026> <13:42:22>      8      0.25563247      0.03764099     27.0
<May23-2026> <13:42:29>      9      0.09068389      0.01311206     12.2
<May23-2026> <13:42:35>     10      0.02407957      0.00243356      1.4
<May23-2026> <13:42:41>     11      0.00507239      0.00073138      0.0
<May23-2026> <13:42:47>     12      0.00231173      0.00021244      0.0
<May23-2026> <13:42:53>     13      0.00099807      0.00015623      0.0
<May23-2026> <13:42:59>     14      0.00039226      0.00004944      0.0
<May23-2026> <13:43:06>     15      0.00012256      0.00002053      0.0
<May23-2026> <13:43:12>     16      0.00005123      0.00000538      0.0
<May23-2026> <13:43:19>     17      0.00002908      0.00000367      0.0
<May23-2026> <13:43:25>     18      0.00001094      0.00000168      0.0
<May23-2026> <13:43:31>     19      0.00000394      0.00000039      0.0
<May23-2026> <13:43:33>  SCF converged
<May23-2026> <13:43:38>     20      0.00000158      0.00000022      0.0
<May23-2026> <13:43:43>  >>>> TOTEN
<May23-2026> <13:43:58>  >>>> POPAN
<May23-2026> <13:43:58>  >>>> DEBYE
<May23-2026> <13:43:58>  >>>> AMETS
<May23-2026> <13:43:58>   Bond Energy          -2.32838814 a.u.
<May23-2026> <13:43:58>   Bond Energy         -63.35866508 eV
<May23-2026> <13:43:58>   Bond Energy       -1461.09       kcal/mol
<May23-2026> <13:43:58>  >>>> POPUL
<May23-2026> <13:43:58>  NORMAL TERMINATION
