--------------------------------------------------------------------------
By default, for Open MPI 4.0 and later, infiniband ports on a device
are not used by default.  The intent is to use UCX for these devices.
You can override this policy by setting the btl_openib_allow_ib MCA parameter
to true.

  Local host:              n040
  Local adapter:           mlx5_2
  Local port:              1

--------------------------------------------------------------------------
--------------------------------------------------------------------------
WARNING: There was an error initializing an OpenFabrics device.

  Local host:   n040
  Local device: mlx5_2
--------------------------------------------------------------------------
[n040.hpc:1230362] 7 more processes have sent help message help-mpi-btl-openib.txt / ib port not selected
[n040.hpc:1230362] Set MCA parameter "orte_base_help_aggregate" to 0 to see all help / error messages
[n040.hpc:1230362] 7 more processes have sent help message help-mpi-btl-openib.txt / error in device init
--------------------------------------------------------------------------
By default, for Open MPI 4.0 and later, infiniband ports on a device
are not used by default.  The intent is to use UCX for these devices.
You can override this policy by setting the btl_openib_allow_ib MCA parameter
to true.

  Local host:              n040
  Local adapter:           mlx5_2
  Local port:              1

--------------------------------------------------------------------------
--------------------------------------------------------------------------
WARNING: There was an error initializing an OpenFabrics device.

  Local host:   n040
  Local device: mlx5_2
--------------------------------------------------------------------------
[n040.hpc:1230421] 7 more processes have sent help message help-mpi-btl-openib.txt / ib port not selected
[n040.hpc:1230421] Set MCA parameter "orte_base_help_aggregate" to 0 to see all help / error messages
[n040.hpc:1230421] 7 more processes have sent help message help-mpi-btl-openib.txt / error in device init
--------------------------------------------------------------------------
By default, for Open MPI 4.0 and later, infiniband ports on a device
are not used by default.  The intent is to use UCX for these devices.
You can override this policy by setting the btl_openib_allow_ib MCA parameter
to true.

  Local host:              n040
  Local adapter:           mlx5_2
  Local port:              1

--------------------------------------------------------------------------
--------------------------------------------------------------------------
WARNING: There was an error initializing an OpenFabrics device.

  Local host:   n040
  Local device: mlx5_2
--------------------------------------------------------------------------
[n040.hpc:1230518] 7 more processes have sent help message help-mpi-btl-openib.txt / ib port not selected
[n040.hpc:1230518] Set MCA parameter "orte_base_help_aggregate" to 0 to see all help / error messages
[n040.hpc:1230518] 7 more processes have sent help message help-mpi-btl-openib.txt / error in device init
--------------------------------------------------------------------------
By default, for Open MPI 4.0 and later, infiniband ports on a device
are not used by default.  The intent is to use UCX for these devices.
You can override this policy by setting the btl_openib_allow_ib MCA parameter
to true.

  Local host:              n040
  Local adapter:           mlx5_2
  Local port:              1

--------------------------------------------------------------------------
--------------------------------------------------------------------------
WARNING: There was an error initializing an OpenFabrics device.

  Local host:   n040
  Local device: mlx5_2
--------------------------------------------------------------------------
[n040.hpc:1230589] 7 more processes have sent help message help-mpi-btl-openib.txt / ib port not selected
[n040.hpc:1230589] Set MCA parameter "orte_base_help_aggregate" to 0 to see all help / error messages
[n040.hpc:1230589] 7 more processes have sent help message help-mpi-btl-openib.txt / error in device init
--------------------------------------------------------------------------
By default, for Open MPI 4.0 and later, infiniband ports on a device
are not used by default.  The intent is to use UCX for these devices.
You can override this policy by setting the btl_openib_allow_ib MCA parameter
to true.

  Local host:              n040
  Local adapter:           mlx5_2
  Local port:              1

--------------------------------------------------------------------------
--------------------------------------------------------------------------
WARNING: There was an error initializing an OpenFabrics device.

  Local host:   n040
  Local device: mlx5_2
--------------------------------------------------------------------------
[n040.hpc:1230617] 7 more processes have sent help message help-mpi-btl-openib.txt / ib port not selected
[n040.hpc:1230617] Set MCA parameter "orte_base_help_aggregate" to 0 to see all help / error messages
[n040.hpc:1230617] 7 more processes have sent help message help-mpi-btl-openib.txt / error in device init
--------------------------------------------------------------------------
By default, for Open MPI 4.0 and later, infiniband ports on a device
are not used by default.  The intent is to use UCX for these devices.
You can override this policy by setting the btl_openib_allow_ib MCA parameter
to true.

  Local host:              n040
  Local adapter:           mlx5_2
  Local port:              1

--------------------------------------------------------------------------
--------------------------------------------------------------------------
WARNING: There was an error initializing an OpenFabrics device.

  Local host:   n040
  Local device: mlx5_2
--------------------------------------------------------------------------
[n040.hpc:1230647] 7 more processes have sent help message help-mpi-btl-openib.txt / ib port not selected
[n040.hpc:1230647] Set MCA parameter "orte_base_help_aggregate" to 0 to see all help / error messages
[n040.hpc:1230647] 7 more processes have sent help message help-mpi-btl-openib.txt / error in device init
--------------------------------------------------------------------------
By default, for Open MPI 4.0 and later, infiniband ports on a device
are not used by default.  The intent is to use UCX for these devices.
You can override this policy by setting the btl_openib_allow_ib MCA parameter
to true.

  Local host:              n040
  Local adapter:           mlx5_2
  Local port:              1

--------------------------------------------------------------------------
--------------------------------------------------------------------------
WARNING: There was an error initializing an OpenFabrics device.

  Local host:   n040
  Local device: mlx5_2
--------------------------------------------------------------------------
[n040.hpc:1230675] 7 more processes have sent help message help-mpi-btl-openib.txt / ib port not selected
[n040.hpc:1230675] Set MCA parameter "orte_base_help_aggregate" to 0 to see all help / error messages
[n040.hpc:1230675] 7 more processes have sent help message help-mpi-btl-openib.txt / error in device init
--------------------------------------------------------------------------
By default, for Open MPI 4.0 and later, infiniband ports on a device
are not used by default.  The intent is to use UCX for these devices.
You can override this policy by setting the btl_openib_allow_ib MCA parameter
to true.

  Local host:              n040
  Local adapter:           mlx5_2
  Local port:              1

--------------------------------------------------------------------------
--------------------------------------------------------------------------
WARNING: There was an error initializing an OpenFabrics device.

  Local host:   n040
  Local device: mlx5_2
--------------------------------------------------------------------------
[n040.hpc:1230703] 7 more processes have sent help message help-mpi-btl-openib.txt / ib port not selected
[n040.hpc:1230703] Set MCA parameter "orte_base_help_aggregate" to 0 to see all help / error messages
[n040.hpc:1230703] 7 more processes have sent help message help-mpi-btl-openib.txt / error in device init
--------------------------------------------------------------------------
By default, for Open MPI 4.0 and later, infiniband ports on a device
are not used by default.  The intent is to use UCX for these devices.
You can override this policy by setting the btl_openib_allow_ib MCA parameter
to true.

  Local host:              n040
  Local adapter:           mlx5_2
  Local port:              1

--------------------------------------------------------------------------
--------------------------------------------------------------------------
WARNING: There was an error initializing an OpenFabrics device.

  Local host:   n040
  Local device: mlx5_2
--------------------------------------------------------------------------
[n040.hpc:1230731] 7 more processes have sent help message help-mpi-btl-openib.txt / ib port not selected
[n040.hpc:1230731] Set MCA parameter "orte_base_help_aggregate" to 0 to see all help / error messages
[n040.hpc:1230731] 7 more processes have sent help message help-mpi-btl-openib.txt / error in device init
--------------------------------------------------------------------------
By default, for Open MPI 4.0 and later, infiniband ports on a device
are not used by default.  The intent is to use UCX for these devices.
You can override this policy by setting the btl_openib_allow_ib MCA parameter
to true.

  Local host:              n040
  Local adapter:           mlx5_2
  Local port:              1

--------------------------------------------------------------------------
--------------------------------------------------------------------------
WARNING: There was an error initializing an OpenFabrics device.

  Local host:   n040
  Local device: mlx5_2
--------------------------------------------------------------------------
[n040.hpc:1230920] 7 more processes have sent help message help-mpi-btl-openib.txt / ib port not selected
[n040.hpc:1230920] Set MCA parameter "orte_base_help_aggregate" to 0 to see all help / error messages
[n040.hpc:1230920] 7 more processes have sent help message help-mpi-btl-openib.txt / error in device init
--------------------------------------------------------------------------
By default, for Open MPI 4.0 and later, infiniband ports on a device
are not used by default.  The intent is to use UCX for these devices.
You can override this policy by setting the btl_openib_allow_ib MCA parameter
to true.

  Local host:              n040
  Local adapter:           mlx5_2
  Local port:              1

--------------------------------------------------------------------------
--------------------------------------------------------------------------
WARNING: There was an error initializing an OpenFabrics device.

  Local host:   n040
  Local device: mlx5_2
--------------------------------------------------------------------------
[n040.hpc:1230948] 7 more processes have sent help message help-mpi-btl-openib.txt / ib port not selected
[n040.hpc:1230948] Set MCA parameter "orte_base_help_aggregate" to 0 to see all help / error messages
[n040.hpc:1230948] 7 more processes have sent help message help-mpi-btl-openib.txt / error in device init
--------------------------------------------------------------------------
By default, for Open MPI 4.0 and later, infiniband ports on a device
are not used by default.  The intent is to use UCX for these devices.
You can override this policy by setting the btl_openib_allow_ib MCA parameter
to true.

  Local host:              n040
  Local adapter:           mlx5_2
  Local port:              1

--------------------------------------------------------------------------
--------------------------------------------------------------------------
WARNING: There was an error initializing an OpenFabrics device.

  Local host:   n040
  Local device: mlx5_2
--------------------------------------------------------------------------
[n040.hpc:1230978] 7 more processes have sent help message help-mpi-btl-openib.txt / ib port not selected
[n040.hpc:1230978] Set MCA parameter "orte_base_help_aggregate" to 0 to see all help / error messages
[n040.hpc:1230978] 7 more processes have sent help message help-mpi-btl-openib.txt / error in device init
--------------------------------------------------------------------------
By default, for Open MPI 4.0 and later, infiniband ports on a device
are not used by default.  The intent is to use UCX for these devices.
You can override this policy by setting the btl_openib_allow_ib MCA parameter
to true.

  Local host:              n040
  Local adapter:           mlx5_2
  Local port:              1

--------------------------------------------------------------------------
--------------------------------------------------------------------------
WARNING: There was an error initializing an OpenFabrics device.

  Local host:   n040
  Local device: mlx5_2
--------------------------------------------------------------------------
[n040.hpc:1231028] 7 more processes have sent help message help-mpi-btl-openib.txt / ib port not selected
[n040.hpc:1231028] Set MCA parameter "orte_base_help_aggregate" to 0 to see all help / error messages
[n040.hpc:1231028] 7 more processes have sent help message help-mpi-btl-openib.txt / error in device init
--------------------------------------------------------------------------
By default, for Open MPI 4.0 and later, infiniband ports on a device
are not used by default.  The intent is to use UCX for these devices.
You can override this policy by setting the btl_openib_allow_ib MCA parameter
to true.

  Local host:              n040
  Local adapter:           mlx5_2
  Local port:              1

--------------------------------------------------------------------------
--------------------------------------------------------------------------
WARNING: There was an error initializing an OpenFabrics device.

  Local host:   n040
  Local device: mlx5_2
--------------------------------------------------------------------------
[n040.hpc:1231090] 7 more processes have sent help message help-mpi-btl-openib.txt / ib port not selected
[n040.hpc:1231090] Set MCA parameter "orte_base_help_aggregate" to 0 to see all help / error messages
[n040.hpc:1231090] 7 more processes have sent help message help-mpi-btl-openib.txt / error in device init
--------------------------------------------------------------------------
By default, for Open MPI 4.0 and later, infiniband ports on a device
are not used by default.  The intent is to use UCX for these devices.
You can override this policy by setting the btl_openib_allow_ib MCA parameter
to true.

  Local host:              n040
  Local adapter:           mlx5_2
  Local port:              1

--------------------------------------------------------------------------
--------------------------------------------------------------------------
WARNING: There was an error initializing an OpenFabrics device.

  Local host:   n040
  Local device: mlx5_2
--------------------------------------------------------------------------
[n040.hpc:1231118] 7 more processes have sent help message help-mpi-btl-openib.txt / ib port not selected
[n040.hpc:1231118] Set MCA parameter "orte_base_help_aggregate" to 0 to see all help / error messages
[n040.hpc:1231118] 7 more processes have sent help message help-mpi-btl-openib.txt / error in device init
--------------------------------------------------------------------------
By default, for Open MPI 4.0 and later, infiniband ports on a device
are not used by default.  The intent is to use UCX for these devices.
You can override this policy by setting the btl_openib_allow_ib MCA parameter
to true.

  Local host:              n040
  Local adapter:           mlx5_2
  Local port:              1

--------------------------------------------------------------------------
--------------------------------------------------------------------------
WARNING: There was an error initializing an OpenFabrics device.

  Local host:   n040
  Local device: mlx5_2
--------------------------------------------------------------------------
[n040.hpc:1231214] 7 more processes have sent help message help-mpi-btl-openib.txt / ib port not selected
[n040.hpc:1231214] Set MCA parameter "orte_base_help_aggregate" to 0 to see all help / error messages
[n040.hpc:1231214] 7 more processes have sent help message help-mpi-btl-openib.txt / error in device init
--------------------------------------------------------------------------
By default, for Open MPI 4.0 and later, infiniband ports on a device
are not used by default.  The intent is to use UCX for these devices.
You can override this policy by setting the btl_openib_allow_ib MCA parameter
to true.

  Local host:              n040
  Local adapter:           mlx5_2
  Local port:              1

--------------------------------------------------------------------------
--------------------------------------------------------------------------
WARNING: There was an error initializing an OpenFabrics device.

  Local host:   n040
  Local device: mlx5_2
--------------------------------------------------------------------------
[n040.hpc:1231242] 7 more processes have sent help message help-mpi-btl-openib.txt / ib port not selected
[n040.hpc:1231242] Set MCA parameter "orte_base_help_aggregate" to 0 to see all help / error messages
[n040.hpc:1231242] 7 more processes have sent help message help-mpi-btl-openib.txt / error in device init
--------------------------------------------------------------------------
By default, for Open MPI 4.0 and later, infiniband ports on a device
are not used by default.  The intent is to use UCX for these devices.
You can override this policy by setting the btl_openib_allow_ib MCA parameter
to true.

  Local host:              n040
  Local adapter:           mlx5_2
  Local port:              1

--------------------------------------------------------------------------
--------------------------------------------------------------------------
WARNING: There was an error initializing an OpenFabrics device.

  Local host:   n040
  Local device: mlx5_2
--------------------------------------------------------------------------
[n040.hpc:1231270] 7 more processes have sent help message help-mpi-btl-openib.txt / ib port not selected
[n040.hpc:1231270] Set MCA parameter "orte_base_help_aggregate" to 0 to see all help / error messages
[n040.hpc:1231270] 7 more processes have sent help message help-mpi-btl-openib.txt / error in device init
--------------------------------------------------------------------------
By default, for Open MPI 4.0 and later, infiniband ports on a device
are not used by default.  The intent is to use UCX for these devices.
You can override this policy by setting the btl_openib_allow_ib MCA parameter
to true.

  Local host:              n040
  Local adapter:           mlx5_2
  Local port:              1

--------------------------------------------------------------------------
--------------------------------------------------------------------------
WARNING: There was an error initializing an OpenFabrics device.

  Local host:   n040
  Local device: mlx5_2
--------------------------------------------------------------------------
[n040.hpc:1231298] 7 more processes have sent help message help-mpi-btl-openib.txt / ib port not selected
[n040.hpc:1231298] Set MCA parameter "orte_base_help_aggregate" to 0 to see all help / error messages
[n040.hpc:1231298] 7 more processes have sent help message help-mpi-btl-openib.txt / error in device init
--------------------------------------------------------------------------
By default, for Open MPI 4.0 and later, infiniband ports on a device
are not used by default.  The intent is to use UCX for these devices.
You can override this policy by setting the btl_openib_allow_ib MCA parameter
to true.

  Local host:              n040
  Local adapter:           mlx5_2
  Local port:              1

--------------------------------------------------------------------------
--------------------------------------------------------------------------
WARNING: There was an error initializing an OpenFabrics device.

  Local host:   n040
  Local device: mlx5_2
--------------------------------------------------------------------------
[n040.hpc:1231328] 7 more processes have sent help message help-mpi-btl-openib.txt / ib port not selected
[n040.hpc:1231328] Set MCA parameter "orte_base_help_aggregate" to 0 to see all help / error messages
[n040.hpc:1231328] 7 more processes have sent help message help-mpi-btl-openib.txt / error in device init
--------------------------------------------------------------------------
By default, for Open MPI 4.0 and later, infiniband ports on a device
are not used by default.  The intent is to use UCX for these devices.
You can override this policy by setting the btl_openib_allow_ib MCA parameter
to true.

  Local host:              n040
  Local adapter:           mlx5_2
  Local port:              1

--------------------------------------------------------------------------
--------------------------------------------------------------------------
WARNING: There was an error initializing an OpenFabrics device.

  Local host:   n040
  Local device: mlx5_2
--------------------------------------------------------------------------
[n040.hpc:1231356] 7 more processes have sent help message help-mpi-btl-openib.txt / ib port not selected
[n040.hpc:1231356] Set MCA parameter "orte_base_help_aggregate" to 0 to see all help / error messages
[n040.hpc:1231356] 7 more processes have sent help message help-mpi-btl-openib.txt / error in device init
--------------------------------------------------------------------------
By default, for Open MPI 4.0 and later, infiniband ports on a device
are not used by default.  The intent is to use UCX for these devices.
You can override this policy by setting the btl_openib_allow_ib MCA parameter
to true.

  Local host:              n040
  Local adapter:           mlx5_2
  Local port:              1

--------------------------------------------------------------------------
--------------------------------------------------------------------------
WARNING: There was an error initializing an OpenFabrics device.

  Local host:   n040
  Local device: mlx5_2
--------------------------------------------------------------------------
[n040.hpc:1231466] 7 more processes have sent help message help-mpi-btl-openib.txt / ib port not selected
[n040.hpc:1231466] Set MCA parameter "orte_base_help_aggregate" to 0 to see all help / error messages
[n040.hpc:1231466] 7 more processes have sent help message help-mpi-btl-openib.txt / error in device init
--------------------------------------------------------------------------
By default, for Open MPI 4.0 and later, infiniband ports on a device
are not used by default.  The intent is to use UCX for these devices.
You can override this policy by setting the btl_openib_allow_ib MCA parameter
to true.

  Local host:              n040
  Local adapter:           mlx5_2
  Local port:              1

--------------------------------------------------------------------------
--------------------------------------------------------------------------
WARNING: There was an error initializing an OpenFabrics device.

  Local host:   n040
  Local device: mlx5_2
--------------------------------------------------------------------------
[n040.hpc:1231494] 7 more processes have sent help message help-mpi-btl-openib.txt / ib port not selected
[n040.hpc:1231494] Set MCA parameter "orte_base_help_aggregate" to 0 to see all help / error messages
[n040.hpc:1231494] 7 more processes have sent help message help-mpi-btl-openib.txt / error in device init
--------------------------------------------------------------------------
By default, for Open MPI 4.0 and later, infiniband ports on a device
are not used by default.  The intent is to use UCX for these devices.
You can override this policy by setting the btl_openib_allow_ib MCA parameter
to true.

  Local host:              n040
  Local adapter:           mlx5_2
  Local port:              1

--------------------------------------------------------------------------
--------------------------------------------------------------------------
WARNING: There was an error initializing an OpenFabrics device.

  Local host:   n040
  Local device: mlx5_2
--------------------------------------------------------------------------
[n040.hpc:1231554] 7 more processes have sent help message help-mpi-btl-openib.txt / ib port not selected
[n040.hpc:1231554] Set MCA parameter "orte_base_help_aggregate" to 0 to see all help / error messages
[n040.hpc:1231554] 7 more processes have sent help message help-mpi-btl-openib.txt / error in device init
--------------------------------------------------------------------------
By default, for Open MPI 4.0 and later, infiniband ports on a device
are not used by default.  The intent is to use UCX for these devices.
You can override this policy by setting the btl_openib_allow_ib MCA parameter
to true.

  Local host:              n040
  Local adapter:           mlx5_2
  Local port:              1

--------------------------------------------------------------------------
--------------------------------------------------------------------------
WARNING: There was an error initializing an OpenFabrics device.

  Local host:   n040
  Local device: mlx5_2
--------------------------------------------------------------------------
[n040.hpc:1231582] 7 more processes have sent help message help-mpi-btl-openib.txt / ib port not selected
[n040.hpc:1231582] Set MCA parameter "orte_base_help_aggregate" to 0 to see all help / error messages
[n040.hpc:1231582] 7 more processes have sent help message help-mpi-btl-openib.txt / error in device init
--------------------------------------------------------------------------
By default, for Open MPI 4.0 and later, infiniband ports on a device
are not used by default.  The intent is to use UCX for these devices.
You can override this policy by setting the btl_openib_allow_ib MCA parameter
to true.

  Local host:              n040
  Local adapter:           mlx5_2
  Local port:              1

--------------------------------------------------------------------------
--------------------------------------------------------------------------
WARNING: There was an error initializing an OpenFabrics device.

  Local host:   n040
  Local device: mlx5_2
--------------------------------------------------------------------------
[n040.hpc:1231610] 7 more processes have sent help message help-mpi-btl-openib.txt / ib port not selected
[n040.hpc:1231610] Set MCA parameter "orte_base_help_aggregate" to 0 to see all help / error messages
[n040.hpc:1231610] 7 more processes have sent help message help-mpi-btl-openib.txt / error in device init
--------------------------------------------------------------------------
By default, for Open MPI 4.0 and later, infiniband ports on a device
are not used by default.  The intent is to use UCX for these devices.
You can override this policy by setting the btl_openib_allow_ib MCA parameter
to true.

  Local host:              n040
  Local adapter:           mlx5_2
  Local port:              1

--------------------------------------------------------------------------
--------------------------------------------------------------------------
WARNING: There was an error initializing an OpenFabrics device.

  Local host:   n040
  Local device: mlx5_2
--------------------------------------------------------------------------
[n040.hpc:1231638] 7 more processes have sent help message help-mpi-btl-openib.txt / ib port not selected
[n040.hpc:1231638] Set MCA parameter "orte_base_help_aggregate" to 0 to see all help / error messages
[n040.hpc:1231638] 7 more processes have sent help message help-mpi-btl-openib.txt / error in device init
--------------------------------------------------------------------------
By default, for Open MPI 4.0 and later, infiniband ports on a device
are not used by default.  The intent is to use UCX for these devices.
You can override this policy by setting the btl_openib_allow_ib MCA parameter
to true.

  Local host:              n040
  Local adapter:           mlx5_2
  Local port:              1

--------------------------------------------------------------------------
--------------------------------------------------------------------------
WARNING: There was an error initializing an OpenFabrics device.

  Local host:   n040
  Local device: mlx5_2
--------------------------------------------------------------------------
[n040.hpc:1231790] 7 more processes have sent help message help-mpi-btl-openib.txt / ib port not selected
[n040.hpc:1231790] Set MCA parameter "orte_base_help_aggregate" to 0 to see all help / error messages
[n040.hpc:1231790] 7 more processes have sent help message help-mpi-btl-openib.txt / error in device init
--------------------------------------------------------------------------
By default, for Open MPI 4.0 and later, infiniband ports on a device
are not used by default.  The intent is to use UCX for these devices.
You can override this policy by setting the btl_openib_allow_ib MCA parameter
to true.

  Local host:              n040
  Local adapter:           mlx5_2
  Local port:              1

--------------------------------------------------------------------------
--------------------------------------------------------------------------
WARNING: There was an error initializing an OpenFabrics device.

  Local host:   n040
  Local device: mlx5_2
--------------------------------------------------------------------------
[n040.hpc:1231818] 7 more processes have sent help message help-mpi-btl-openib.txt / ib port not selected
[n040.hpc:1231818] Set MCA parameter "orte_base_help_aggregate" to 0 to see all help / error messages
[n040.hpc:1231818] 7 more processes have sent help message help-mpi-btl-openib.txt / error in device init
--------------------------------------------------------------------------
By default, for Open MPI 4.0 and later, infiniband ports on a device
are not used by default.  The intent is to use UCX for these devices.
You can override this policy by setting the btl_openib_allow_ib MCA parameter
to true.

  Local host:              n040
  Local adapter:           mlx5_2
  Local port:              1

--------------------------------------------------------------------------
--------------------------------------------------------------------------
WARNING: There was an error initializing an OpenFabrics device.

  Local host:   n040
  Local device: mlx5_2
--------------------------------------------------------------------------
[n040.hpc:1231848] 7 more processes have sent help message help-mpi-btl-openib.txt / ib port not selected
[n040.hpc:1231848] Set MCA parameter "orte_base_help_aggregate" to 0 to see all help / error messages
[n040.hpc:1231848] 7 more processes have sent help message help-mpi-btl-openib.txt / error in device init
--------------------------------------------------------------------------
By default, for Open MPI 4.0 and later, infiniband ports on a device
are not used by default.  The intent is to use UCX for these devices.
You can override this policy by setting the btl_openib_allow_ib MCA parameter
to true.

  Local host:              n040
  Local adapter:           mlx5_2
  Local port:              1

--------------------------------------------------------------------------
--------------------------------------------------------------------------
WARNING: There was an error initializing an OpenFabrics device.

  Local host:   n040
  Local device: mlx5_2
--------------------------------------------------------------------------
[n040.hpc:1231876] 7 more processes have sent help message help-mpi-btl-openib.txt / ib port not selected
[n040.hpc:1231876] Set MCA parameter "orte_base_help_aggregate" to 0 to see all help / error messages
[n040.hpc:1231876] 7 more processes have sent help message help-mpi-btl-openib.txt / error in device init
--------------------------------------------------------------------------
By default, for Open MPI 4.0 and later, infiniband ports on a device
are not used by default.  The intent is to use UCX for these devices.
You can override this policy by setting the btl_openib_allow_ib MCA parameter
to true.

  Local host:              n040
  Local adapter:           mlx5_2
  Local port:              1

--------------------------------------------------------------------------
--------------------------------------------------------------------------
WARNING: There was an error initializing an OpenFabrics device.

  Local host:   n040
  Local device: mlx5_2
--------------------------------------------------------------------------
[n040.hpc:1231904] 7 more processes have sent help message help-mpi-btl-openib.txt / ib port not selected
[n040.hpc:1231904] Set MCA parameter "orte_base_help_aggregate" to 0 to see all help / error messages
[n040.hpc:1231904] 7 more processes have sent help message help-mpi-btl-openib.txt / error in device init
--------------------------------------------------------------------------
By default, for Open MPI 4.0 and later, infiniband ports on a device
are not used by default.  The intent is to use UCX for these devices.
You can override this policy by setting the btl_openib_allow_ib MCA parameter
to true.

  Local host:              n040
  Local adapter:           mlx5_2
  Local port:              1

--------------------------------------------------------------------------
--------------------------------------------------------------------------
WARNING: There was an error initializing an OpenFabrics device.

  Local host:   n040
  Local device: mlx5_2
--------------------------------------------------------------------------
[n040.hpc:1231932] 7 more processes have sent help message help-mpi-btl-openib.txt / ib port not selected
[n040.hpc:1231932] Set MCA parameter "orte_base_help_aggregate" to 0 to see all help / error messages
[n040.hpc:1231932] 7 more processes have sent help message help-mpi-btl-openib.txt / error in device init
--------------------------------------------------------------------------
By default, for Open MPI 4.0 and later, infiniband ports on a device
are not used by default.  The intent is to use UCX for these devices.
You can override this policy by setting the btl_openib_allow_ib MCA parameter
to true.

  Local host:              n040
  Local adapter:           mlx5_2
  Local port:              1

--------------------------------------------------------------------------
--------------------------------------------------------------------------
WARNING: There was an error initializing an OpenFabrics device.

  Local host:   n040
  Local device: mlx5_2
--------------------------------------------------------------------------
[n040.hpc:1232033] 7 more processes have sent help message help-mpi-btl-openib.txt / ib port not selected
[n040.hpc:1232033] Set MCA parameter "orte_base_help_aggregate" to 0 to see all help / error messages
[n040.hpc:1232033] 7 more processes have sent help message help-mpi-btl-openib.txt / error in device init
--------------------------------------------------------------------------
By default, for Open MPI 4.0 and later, infiniband ports on a device
are not used by default.  The intent is to use UCX for these devices.
You can override this policy by setting the btl_openib_allow_ib MCA parameter
to true.

  Local host:              n040
  Local adapter:           mlx5_2
  Local port:              1

--------------------------------------------------------------------------
--------------------------------------------------------------------------
WARNING: There was an error initializing an OpenFabrics device.

  Local host:   n040
  Local device: mlx5_2
--------------------------------------------------------------------------
[n040.hpc:1232061] 7 more processes have sent help message help-mpi-btl-openib.txt / ib port not selected
[n040.hpc:1232061] Set MCA parameter "orte_base_help_aggregate" to 0 to see all help / error messages
[n040.hpc:1232061] 7 more processes have sent help message help-mpi-btl-openib.txt / error in device init
--------------------------------------------------------------------------
By default, for Open MPI 4.0 and later, infiniband ports on a device
are not used by default.  The intent is to use UCX for these devices.
You can override this policy by setting the btl_openib_allow_ib MCA parameter
to true.

  Local host:              n040
  Local adapter:           mlx5_2
  Local port:              1

--------------------------------------------------------------------------
--------------------------------------------------------------------------
WARNING: There was an error initializing an OpenFabrics device.

  Local host:   n040
  Local device: mlx5_2
--------------------------------------------------------------------------
[n040.hpc:1232091] 7 more processes have sent help message help-mpi-btl-openib.txt / ib port not selected
[n040.hpc:1232091] Set MCA parameter "orte_base_help_aggregate" to 0 to see all help / error messages
[n040.hpc:1232091] 7 more processes have sent help message help-mpi-btl-openib.txt / error in device init
--------------------------------------------------------------------------
By default, for Open MPI 4.0 and later, infiniband ports on a device
are not used by default.  The intent is to use UCX for these devices.
You can override this policy by setting the btl_openib_allow_ib MCA parameter
to true.

  Local host:              n040
  Local adapter:           mlx5_2
  Local port:              1

--------------------------------------------------------------------------
--------------------------------------------------------------------------
WARNING: There was an error initializing an OpenFabrics device.

  Local host:   n040
  Local device: mlx5_2
--------------------------------------------------------------------------
[n040.hpc:1232119] 7 more processes have sent help message help-mpi-btl-openib.txt / ib port not selected
[n040.hpc:1232119] Set MCA parameter "orte_base_help_aggregate" to 0 to see all help / error messages
[n040.hpc:1232119] 7 more processes have sent help message help-mpi-btl-openib.txt / error in device init
--------------------------------------------------------------------------
By default, for Open MPI 4.0 and later, infiniband ports on a device
are not used by default.  The intent is to use UCX for these devices.
You can override this policy by setting the btl_openib_allow_ib MCA parameter
to true.

  Local host:              n040
  Local adapter:           mlx5_2
  Local port:              1

--------------------------------------------------------------------------
--------------------------------------------------------------------------
WARNING: There was an error initializing an OpenFabrics device.

  Local host:   n040
  Local device: mlx5_2
--------------------------------------------------------------------------
[n040.hpc:1232147] 7 more processes have sent help message help-mpi-btl-openib.txt / ib port not selected
[n040.hpc:1232147] Set MCA parameter "orte_base_help_aggregate" to 0 to see all help / error messages
[n040.hpc:1232147] 7 more processes have sent help message help-mpi-btl-openib.txt / error in device init
--------------------------------------------------------------------------
By default, for Open MPI 4.0 and later, infiniband ports on a device
are not used by default.  The intent is to use UCX for these devices.
You can override this policy by setting the btl_openib_allow_ib MCA parameter
to true.

  Local host:              n040
  Local adapter:           mlx5_2
  Local port:              1

--------------------------------------------------------------------------
--------------------------------------------------------------------------
WARNING: There was an error initializing an OpenFabrics device.

  Local host:   n040
  Local device: mlx5_2
--------------------------------------------------------------------------
[n040.hpc:1232175] 7 more processes have sent help message help-mpi-btl-openib.txt / ib port not selected
[n040.hpc:1232175] Set MCA parameter "orte_base_help_aggregate" to 0 to see all help / error messages
[n040.hpc:1232175] 7 more processes have sent help message help-mpi-btl-openib.txt / error in device init
--------------------------------------------------------------------------
By default, for Open MPI 4.0 and later, infiniband ports on a device
are not used by default.  The intent is to use UCX for these devices.
You can override this policy by setting the btl_openib_allow_ib MCA parameter
to true.

  Local host:              n040
  Local adapter:           mlx5_2
  Local port:              1

--------------------------------------------------------------------------
--------------------------------------------------------------------------
WARNING: There was an error initializing an OpenFabrics device.

  Local host:   n040
  Local device: mlx5_2
--------------------------------------------------------------------------
[n040.hpc:1232351] 7 more processes have sent help message help-mpi-btl-openib.txt / ib port not selected
[n040.hpc:1232351] Set MCA parameter "orte_base_help_aggregate" to 0 to see all help / error messages
[n040.hpc:1232351] 7 more processes have sent help message help-mpi-btl-openib.txt / error in device init
--------------------------------------------------------------------------
By default, for Open MPI 4.0 and later, infiniband ports on a device
are not used by default.  The intent is to use UCX for these devices.
You can override this policy by setting the btl_openib_allow_ib MCA parameter
to true.

  Local host:              n040
  Local adapter:           mlx5_2
  Local port:              1

--------------------------------------------------------------------------
--------------------------------------------------------------------------
WARNING: There was an error initializing an OpenFabrics device.

  Local host:   n040
  Local device: mlx5_2
--------------------------------------------------------------------------
[n040.hpc:1232379] 7 more processes have sent help message help-mpi-btl-openib.txt / ib port not selected
[n040.hpc:1232379] Set MCA parameter "orte_base_help_aggregate" to 0 to see all help / error messages
[n040.hpc:1232379] 7 more processes have sent help message help-mpi-btl-openib.txt / error in device init
--------------------------------------------------------------------------
By default, for Open MPI 4.0 and later, infiniband ports on a device
are not used by default.  The intent is to use UCX for these devices.
You can override this policy by setting the btl_openib_allow_ib MCA parameter
to true.

  Local host:              n040
  Local adapter:           mlx5_2
  Local port:              1

--------------------------------------------------------------------------
--------------------------------------------------------------------------
WARNING: There was an error initializing an OpenFabrics device.

  Local host:   n040
  Local device: mlx5_2
--------------------------------------------------------------------------
[n040.hpc:1232415] 7 more processes have sent help message help-mpi-btl-openib.txt / ib port not selected
[n040.hpc:1232415] Set MCA parameter "orte_base_help_aggregate" to 0 to see all help / error messages
[n040.hpc:1232415] 7 more processes have sent help message help-mpi-btl-openib.txt / error in device init
--------------------------------------------------------------------------
By default, for Open MPI 4.0 and later, infiniband ports on a device
are not used by default.  The intent is to use UCX for these devices.
You can override this policy by setting the btl_openib_allow_ib MCA parameter
to true.

  Local host:              n040
  Local adapter:           mlx5_2
  Local port:              1

--------------------------------------------------------------------------
--------------------------------------------------------------------------
WARNING: There was an error initializing an OpenFabrics device.

  Local host:   n040
  Local device: mlx5_2
--------------------------------------------------------------------------
[n040.hpc:1232443] 7 more processes have sent help message help-mpi-btl-openib.txt / ib port not selected
[n040.hpc:1232443] Set MCA parameter "orte_base_help_aggregate" to 0 to see all help / error messages
[n040.hpc:1232443] 7 more processes have sent help message help-mpi-btl-openib.txt / error in device init
--------------------------------------------------------------------------
By default, for Open MPI 4.0 and later, infiniband ports on a device
are not used by default.  The intent is to use UCX for these devices.
You can override this policy by setting the btl_openib_allow_ib MCA parameter
to true.

  Local host:              n040
  Local adapter:           mlx5_2
  Local port:              1

--------------------------------------------------------------------------
--------------------------------------------------------------------------
WARNING: There was an error initializing an OpenFabrics device.

  Local host:   n040
  Local device: mlx5_2
--------------------------------------------------------------------------
[n040.hpc:1232473] 7 more processes have sent help message help-mpi-btl-openib.txt / ib port not selected
[n040.hpc:1232473] Set MCA parameter "orte_base_help_aggregate" to 0 to see all help / error messages
[n040.hpc:1232473] 7 more processes have sent help message help-mpi-btl-openib.txt / error in device init
--------------------------------------------------------------------------
By default, for Open MPI 4.0 and later, infiniband ports on a device
are not used by default.  The intent is to use UCX for these devices.
You can override this policy by setting the btl_openib_allow_ib MCA parameter
to true.

  Local host:              n040
  Local adapter:           mlx5_2
  Local port:              1

--------------------------------------------------------------------------
--------------------------------------------------------------------------
WARNING: There was an error initializing an OpenFabrics device.

  Local host:   n040
  Local device: mlx5_2
--------------------------------------------------------------------------
[n040.hpc:1232501] 7 more processes have sent help message help-mpi-btl-openib.txt / ib port not selected
[n040.hpc:1232501] Set MCA parameter "orte_base_help_aggregate" to 0 to see all help / error messages
[n040.hpc:1232501] 7 more processes have sent help message help-mpi-btl-openib.txt / error in device init
--------------------------------------------------------------------------
By default, for Open MPI 4.0 and later, infiniband ports on a device
are not used by default.  The intent is to use UCX for these devices.
You can override this policy by setting the btl_openib_allow_ib MCA parameter
to true.

  Local host:              n040
  Local adapter:           mlx5_2
  Local port:              1

--------------------------------------------------------------------------
--------------------------------------------------------------------------
WARNING: There was an error initializing an OpenFabrics device.

  Local host:   n040
  Local device: mlx5_2
--------------------------------------------------------------------------
[n040.hpc:1232532] 7 more processes have sent help message help-mpi-btl-openib.txt / ib port not selected
[n040.hpc:1232532] Set MCA parameter "orte_base_help_aggregate" to 0 to see all help / error messages
[n040.hpc:1232532] 7 more processes have sent help message help-mpi-btl-openib.txt / error in device init
--------------------------------------------------------------------------
By default, for Open MPI 4.0 and later, infiniband ports on a device
are not used by default.  The intent is to use UCX for these devices.
You can override this policy by setting the btl_openib_allow_ib MCA parameter
to true.

  Local host:              n040
  Local adapter:           mlx5_2
  Local port:              1

--------------------------------------------------------------------------
--------------------------------------------------------------------------
WARNING: There was an error initializing an OpenFabrics device.

  Local host:   n040
  Local device: mlx5_2
--------------------------------------------------------------------------
[n040.hpc:1232560] 7 more processes have sent help message help-mpi-btl-openib.txt / ib port not selected
[n040.hpc:1232560] Set MCA parameter "orte_base_help_aggregate" to 0 to see all help / error messages
[n040.hpc:1232560] 7 more processes have sent help message help-mpi-btl-openib.txt / error in device init
--------------------------------------------------------------------------
By default, for Open MPI 4.0 and later, infiniband ports on a device
are not used by default.  The intent is to use UCX for these devices.
You can override this policy by setting the btl_openib_allow_ib MCA parameter
to true.

  Local host:              n040
  Local adapter:           mlx5_2
  Local port:              1

--------------------------------------------------------------------------
--------------------------------------------------------------------------
WARNING: There was an error initializing an OpenFabrics device.

  Local host:   n040
  Local device: mlx5_2
--------------------------------------------------------------------------
[n040.hpc:1232659] 7 more processes have sent help message help-mpi-btl-openib.txt / ib port not selected
[n040.hpc:1232659] Set MCA parameter "orte_base_help_aggregate" to 0 to see all help / error messages
[n040.hpc:1232659] 7 more processes have sent help message help-mpi-btl-openib.txt / error in device init
--------------------------------------------------------------------------
By default, for Open MPI 4.0 and later, infiniband ports on a device
are not used by default.  The intent is to use UCX for these devices.
You can override this policy by setting the btl_openib_allow_ib MCA parameter
to true.

  Local host:              n040
  Local adapter:           mlx5_2
  Local port:              1

--------------------------------------------------------------------------
--------------------------------------------------------------------------
WARNING: There was an error initializing an OpenFabrics device.

  Local host:   n040
  Local device: mlx5_2
--------------------------------------------------------------------------
[n040.hpc:1232687] 7 more processes have sent help message help-mpi-btl-openib.txt / ib port not selected
[n040.hpc:1232687] Set MCA parameter "orte_base_help_aggregate" to 0 to see all help / error messages
[n040.hpc:1232687] 7 more processes have sent help message help-mpi-btl-openib.txt / error in device init
--------------------------------------------------------------------------
By default, for Open MPI 4.0 and later, infiniband ports on a device
are not used by default.  The intent is to use UCX for these devices.
You can override this policy by setting the btl_openib_allow_ib MCA parameter
to true.

  Local host:              n040
  Local adapter:           mlx5_2
  Local port:              1

--------------------------------------------------------------------------
--------------------------------------------------------------------------
WARNING: There was an error initializing an OpenFabrics device.

  Local host:   n040
  Local device: mlx5_2
--------------------------------------------------------------------------
[n040.hpc:1232715] 7 more processes have sent help message help-mpi-btl-openib.txt / ib port not selected
[n040.hpc:1232715] Set MCA parameter "orte_base_help_aggregate" to 0 to see all help / error messages
[n040.hpc:1232715] 7 more processes have sent help message help-mpi-btl-openib.txt / error in device init
--------------------------------------------------------------------------
By default, for Open MPI 4.0 and later, infiniband ports on a device
are not used by default.  The intent is to use UCX for these devices.
You can override this policy by setting the btl_openib_allow_ib MCA parameter
to true.

  Local host:              n040
  Local adapter:           mlx5_2
  Local port:              1

--------------------------------------------------------------------------
--------------------------------------------------------------------------
WARNING: There was an error initializing an OpenFabrics device.

  Local host:   n040
  Local device: mlx5_2
--------------------------------------------------------------------------
[n040.hpc:1232743] 7 more processes have sent help message help-mpi-btl-openib.txt / ib port not selected
[n040.hpc:1232743] Set MCA parameter "orte_base_help_aggregate" to 0 to see all help / error messages
[n040.hpc:1232743] 7 more processes have sent help message help-mpi-btl-openib.txt / error in device init
--------------------------------------------------------------------------
By default, for Open MPI 4.0 and later, infiniband ports on a device
are not used by default.  The intent is to use UCX for these devices.
You can override this policy by setting the btl_openib_allow_ib MCA parameter
to true.

  Local host:              n040
  Local adapter:           mlx5_2
  Local port:              1

--------------------------------------------------------------------------
--------------------------------------------------------------------------
WARNING: There was an error initializing an OpenFabrics device.

  Local host:   n040
  Local device: mlx5_2
--------------------------------------------------------------------------
[n040.hpc:1232920] 7 more processes have sent help message help-mpi-btl-openib.txt / ib port not selected
[n040.hpc:1232920] Set MCA parameter "orte_base_help_aggregate" to 0 to see all help / error messages
[n040.hpc:1232920] 7 more processes have sent help message help-mpi-btl-openib.txt / error in device init
--------------------------------------------------------------------------
By default, for Open MPI 4.0 and later, infiniband ports on a device
are not used by default.  The intent is to use UCX for these devices.
You can override this policy by setting the btl_openib_allow_ib MCA parameter
to true.

  Local host:              n040
  Local adapter:           mlx5_2
  Local port:              1

--------------------------------------------------------------------------
--------------------------------------------------------------------------
WARNING: There was an error initializing an OpenFabrics device.

  Local host:   n040
  Local device: mlx5_2
--------------------------------------------------------------------------
[n040.hpc:1232948] 7 more processes have sent help message help-mpi-btl-openib.txt / ib port not selected
[n040.hpc:1232948] Set MCA parameter "orte_base_help_aggregate" to 0 to see all help / error messages
[n040.hpc:1232948] 7 more processes have sent help message help-mpi-btl-openib.txt / error in device init
--------------------------------------------------------------------------
By default, for Open MPI 4.0 and later, infiniband ports on a device
are not used by default.  The intent is to use UCX for these devices.
You can override this policy by setting the btl_openib_allow_ib MCA parameter
to true.

  Local host:              n040
  Local adapter:           mlx5_2
  Local port:              1

--------------------------------------------------------------------------
--------------------------------------------------------------------------
WARNING: There was an error initializing an OpenFabrics device.

  Local host:   n040
  Local device: mlx5_2
--------------------------------------------------------------------------
[n040.hpc:1232980] 7 more processes have sent help message help-mpi-btl-openib.txt / ib port not selected
[n040.hpc:1232980] Set MCA parameter "orte_base_help_aggregate" to 0 to see all help / error messages
[n040.hpc:1232980] 7 more processes have sent help message help-mpi-btl-openib.txt / error in device init
--------------------------------------------------------------------------
By default, for Open MPI 4.0 and later, infiniband ports on a device
are not used by default.  The intent is to use UCX for these devices.
You can override this policy by setting the btl_openib_allow_ib MCA parameter
to true.

  Local host:              n040
  Local adapter:           mlx5_2
  Local port:              1

--------------------------------------------------------------------------
--------------------------------------------------------------------------
WARNING: There was an error initializing an OpenFabrics device.

  Local host:   n040
  Local device: mlx5_2
--------------------------------------------------------------------------
[n040.hpc:1233008] 7 more processes have sent help message help-mpi-btl-openib.txt / ib port not selected
[n040.hpc:1233008] Set MCA parameter "orte_base_help_aggregate" to 0 to see all help / error messages
[n040.hpc:1233008] 7 more processes have sent help message help-mpi-btl-openib.txt / error in device init
--------------------------------------------------------------------------
By default, for Open MPI 4.0 and later, infiniband ports on a device
are not used by default.  The intent is to use UCX for these devices.
You can override this policy by setting the btl_openib_allow_ib MCA parameter
to true.

  Local host:              n040
  Local adapter:           mlx5_2
  Local port:              1

--------------------------------------------------------------------------
--------------------------------------------------------------------------
WARNING: There was an error initializing an OpenFabrics device.

  Local host:   n040
  Local device: mlx5_2
--------------------------------------------------------------------------
[n040.hpc:1233036] 7 more processes have sent help message help-mpi-btl-openib.txt / ib port not selected
[n040.hpc:1233036] Set MCA parameter "orte_base_help_aggregate" to 0 to see all help / error messages
[n040.hpc:1233036] 7 more processes have sent help message help-mpi-btl-openib.txt / error in device init
--------------------------------------------------------------------------
By default, for Open MPI 4.0 and later, infiniband ports on a device
are not used by default.  The intent is to use UCX for these devices.
You can override this policy by setting the btl_openib_allow_ib MCA parameter
to true.

  Local host:              n040
  Local adapter:           mlx5_2
  Local port:              1

--------------------------------------------------------------------------
--------------------------------------------------------------------------
WARNING: There was an error initializing an OpenFabrics device.

  Local host:   n040
  Local device: mlx5_2
--------------------------------------------------------------------------
[n040.hpc:1233086] 7 more processes have sent help message help-mpi-btl-openib.txt / ib port not selected
[n040.hpc:1233086] Set MCA parameter "orte_base_help_aggregate" to 0 to see all help / error messages
[n040.hpc:1233086] 7 more processes have sent help message help-mpi-btl-openib.txt / error in device init
--------------------------------------------------------------------------
By default, for Open MPI 4.0 and later, infiniband ports on a device
are not used by default.  The intent is to use UCX for these devices.
You can override this policy by setting the btl_openib_allow_ib MCA parameter
to true.

  Local host:              n040
  Local adapter:           mlx5_2
  Local port:              1

--------------------------------------------------------------------------
--------------------------------------------------------------------------
WARNING: There was an error initializing an OpenFabrics device.

  Local host:   n040
  Local device: mlx5_2
--------------------------------------------------------------------------
[n040.hpc:1233116] 7 more processes have sent help message help-mpi-btl-openib.txt / ib port not selected
[n040.hpc:1233116] Set MCA parameter "orte_base_help_aggregate" to 0 to see all help / error messages
[n040.hpc:1233116] 7 more processes have sent help message help-mpi-btl-openib.txt / error in device init
--------------------------------------------------------------------------
By default, for Open MPI 4.0 and later, infiniband ports on a device
are not used by default.  The intent is to use UCX for these devices.
You can override this policy by setting the btl_openib_allow_ib MCA parameter
to true.

  Local host:              n040
  Local adapter:           mlx5_2
  Local port:              1

--------------------------------------------------------------------------
--------------------------------------------------------------------------
WARNING: There was an error initializing an OpenFabrics device.

  Local host:   n040
  Local device: mlx5_2
--------------------------------------------------------------------------
[n040.hpc:1233144] 7 more processes have sent help message help-mpi-btl-openib.txt / ib port not selected
[n040.hpc:1233144] Set MCA parameter "orte_base_help_aggregate" to 0 to see all help / error messages
[n040.hpc:1233144] 7 more processes have sent help message help-mpi-btl-openib.txt / error in device init
--------------------------------------------------------------------------
By default, for Open MPI 4.0 and later, infiniband ports on a device
are not used by default.  The intent is to use UCX for these devices.
You can override this policy by setting the btl_openib_allow_ib MCA parameter
to true.

  Local host:              n040
  Local adapter:           mlx5_2
  Local port:              1

--------------------------------------------------------------------------
--------------------------------------------------------------------------
WARNING: There was an error initializing an OpenFabrics device.

  Local host:   n040
  Local device: mlx5_2
--------------------------------------------------------------------------
[n040.hpc:1233174] 7 more processes have sent help message help-mpi-btl-openib.txt / ib port not selected
[n040.hpc:1233174] Set MCA parameter "orte_base_help_aggregate" to 0 to see all help / error messages
[n040.hpc:1233174] 7 more processes have sent help message help-mpi-btl-openib.txt / error in device init
--------------------------------------------------------------------------
By default, for Open MPI 4.0 and later, infiniband ports on a device
are not used by default.  The intent is to use UCX for these devices.
You can override this policy by setting the btl_openib_allow_ib MCA parameter
to true.

  Local host:              n040
  Local adapter:           mlx5_2
  Local port:              1

--------------------------------------------------------------------------
--------------------------------------------------------------------------
WARNING: There was an error initializing an OpenFabrics device.

  Local host:   n040
  Local device: mlx5_2
--------------------------------------------------------------------------
[n040.hpc:1233205] 7 more processes have sent help message help-mpi-btl-openib.txt / ib port not selected
[n040.hpc:1233205] Set MCA parameter "orte_base_help_aggregate" to 0 to see all help / error messages
[n040.hpc:1233205] 7 more processes have sent help message help-mpi-btl-openib.txt / error in device init
--------------------------------------------------------------------------
By default, for Open MPI 4.0 and later, infiniband ports on a device
are not used by default.  The intent is to use UCX for these devices.
You can override this policy by setting the btl_openib_allow_ib MCA parameter
to true.

  Local host:              n040
  Local adapter:           mlx5_2
  Local port:              1

--------------------------------------------------------------------------
--------------------------------------------------------------------------
WARNING: There was an error initializing an OpenFabrics device.

  Local host:   n040
  Local device: mlx5_2
--------------------------------------------------------------------------
[n040.hpc:1233288] 7 more processes have sent help message help-mpi-btl-openib.txt / ib port not selected
[n040.hpc:1233288] Set MCA parameter "orte_base_help_aggregate" to 0 to see all help / error messages
[n040.hpc:1233288] 7 more processes have sent help message help-mpi-btl-openib.txt / error in device init
--------------------------------------------------------------------------
By default, for Open MPI 4.0 and later, infiniband ports on a device
are not used by default.  The intent is to use UCX for these devices.
You can override this policy by setting the btl_openib_allow_ib MCA parameter
to true.

  Local host:              n040
  Local adapter:           mlx5_2
  Local port:              1

--------------------------------------------------------------------------
--------------------------------------------------------------------------
WARNING: There was an error initializing an OpenFabrics device.

  Local host:   n040
  Local device: mlx5_2
--------------------------------------------------------------------------
[n040.hpc:1233316] 7 more processes have sent help message help-mpi-btl-openib.txt / ib port not selected
[n040.hpc:1233316] Set MCA parameter "orte_base_help_aggregate" to 0 to see all help / error messages
[n040.hpc:1233316] 7 more processes have sent help message help-mpi-btl-openib.txt / error in device init
--------------------------------------------------------------------------
By default, for Open MPI 4.0 and later, infiniband ports on a device
are not used by default.  The intent is to use UCX for these devices.
You can override this policy by setting the btl_openib_allow_ib MCA parameter
to true.

  Local host:              n040
  Local adapter:           mlx5_2
  Local port:              1

--------------------------------------------------------------------------
--------------------------------------------------------------------------
WARNING: There was an error initializing an OpenFabrics device.

  Local host:   n040
  Local device: mlx5_2
--------------------------------------------------------------------------
[n040.hpc:1233474] 7 more processes have sent help message help-mpi-btl-openib.txt / ib port not selected
[n040.hpc:1233474] Set MCA parameter "orte_base_help_aggregate" to 0 to see all help / error messages
[n040.hpc:1233474] 7 more processes have sent help message help-mpi-btl-openib.txt / error in device init
--------------------------------------------------------------------------
By default, for Open MPI 4.0 and later, infiniband ports on a device
are not used by default.  The intent is to use UCX for these devices.
You can override this policy by setting the btl_openib_allow_ib MCA parameter
to true.

  Local host:              n040
  Local adapter:           mlx5_2
  Local port:              1

--------------------------------------------------------------------------
--------------------------------------------------------------------------
WARNING: There was an error initializing an OpenFabrics device.

  Local host:   n040
  Local device: mlx5_2
--------------------------------------------------------------------------
[n040.hpc:1233502] 7 more processes have sent help message help-mpi-btl-openib.txt / ib port not selected
[n040.hpc:1233502] Set MCA parameter "orte_base_help_aggregate" to 0 to see all help / error messages
[n040.hpc:1233502] 7 more processes have sent help message help-mpi-btl-openib.txt / error in device init
--------------------------------------------------------------------------
By default, for Open MPI 4.0 and later, infiniband ports on a device
are not used by default.  The intent is to use UCX for these devices.
You can override this policy by setting the btl_openib_allow_ib MCA parameter
to true.

  Local host:              n040
  Local adapter:           mlx5_2
  Local port:              1

--------------------------------------------------------------------------
--------------------------------------------------------------------------
WARNING: There was an error initializing an OpenFabrics device.

  Local host:   n040
  Local device: mlx5_2
--------------------------------------------------------------------------
[n040.hpc:1233673] 7 more processes have sent help message help-mpi-btl-openib.txt / ib port not selected
[n040.hpc:1233673] Set MCA parameter "orte_base_help_aggregate" to 0 to see all help / error messages
[n040.hpc:1233673] 7 more processes have sent help message help-mpi-btl-openib.txt / error in device init
--------------------------------------------------------------------------
By default, for Open MPI 4.0 and later, infiniband ports on a device
are not used by default.  The intent is to use UCX for these devices.
You can override this policy by setting the btl_openib_allow_ib MCA parameter
to true.

  Local host:              n040
  Local adapter:           mlx5_2
  Local port:              1

--------------------------------------------------------------------------
--------------------------------------------------------------------------
WARNING: There was an error initializing an OpenFabrics device.

  Local host:   n040
  Local device: mlx5_2
--------------------------------------------------------------------------
[n040.hpc:1233701] 7 more processes have sent help message help-mpi-btl-openib.txt / ib port not selected
[n040.hpc:1233701] Set MCA parameter "orte_base_help_aggregate" to 0 to see all help / error messages
[n040.hpc:1233701] 7 more processes have sent help message help-mpi-btl-openib.txt / error in device init
--------------------------------------------------------------------------
By default, for Open MPI 4.0 and later, infiniband ports on a device
are not used by default.  The intent is to use UCX for these devices.
You can override this policy by setting the btl_openib_allow_ib MCA parameter
to true.

  Local host:              n040
  Local adapter:           mlx5_2
  Local port:              1

--------------------------------------------------------------------------
--------------------------------------------------------------------------
WARNING: There was an error initializing an OpenFabrics device.

  Local host:   n040
  Local device: mlx5_2
--------------------------------------------------------------------------
[n040.hpc:1233729] 7 more processes have sent help message help-mpi-btl-openib.txt / ib port not selected
[n040.hpc:1233729] Set MCA parameter "orte_base_help_aggregate" to 0 to see all help / error messages
[n040.hpc:1233729] 7 more processes have sent help message help-mpi-btl-openib.txt / error in device init
--------------------------------------------------------------------------
By default, for Open MPI 4.0 and later, infiniband ports on a device
are not used by default.  The intent is to use UCX for these devices.
You can override this policy by setting the btl_openib_allow_ib MCA parameter
to true.

  Local host:              n040
  Local adapter:           mlx5_2
  Local port:              1

--------------------------------------------------------------------------
--------------------------------------------------------------------------
WARNING: There was an error initializing an OpenFabrics device.

  Local host:   n040
  Local device: mlx5_2
--------------------------------------------------------------------------
[n040.hpc:1233757] 7 more processes have sent help message help-mpi-btl-openib.txt / ib port not selected
[n040.hpc:1233757] Set MCA parameter "orte_base_help_aggregate" to 0 to see all help / error messages
[n040.hpc:1233757] 7 more processes have sent help message help-mpi-btl-openib.txt / error in device init
--------------------------------------------------------------------------
By default, for Open MPI 4.0 and later, infiniband ports on a device
are not used by default.  The intent is to use UCX for these devices.
You can override this policy by setting the btl_openib_allow_ib MCA parameter
to true.

  Local host:              n040
  Local adapter:           mlx5_2
  Local port:              1

--------------------------------------------------------------------------
--------------------------------------------------------------------------
WARNING: There was an error initializing an OpenFabrics device.

  Local host:   n040
  Local device: mlx5_2
--------------------------------------------------------------------------
[n040.hpc:1233797] 7 more processes have sent help message help-mpi-btl-openib.txt / ib port not selected
[n040.hpc:1233797] Set MCA parameter "orte_base_help_aggregate" to 0 to see all help / error messages
[n040.hpc:1233797] 7 more processes have sent help message help-mpi-btl-openib.txt / error in device init
--------------------------------------------------------------------------
By default, for Open MPI 4.0 and later, infiniband ports on a device
are not used by default.  The intent is to use UCX for these devices.
You can override this policy by setting the btl_openib_allow_ib MCA parameter
to true.

  Local host:              n040
  Local adapter:           mlx5_2
  Local port:              1

--------------------------------------------------------------------------
--------------------------------------------------------------------------
WARNING: There was an error initializing an OpenFabrics device.

  Local host:   n040
  Local device: mlx5_2
--------------------------------------------------------------------------
[n040.hpc:1233858] 7 more processes have sent help message help-mpi-btl-openib.txt / ib port not selected
[n040.hpc:1233858] Set MCA parameter "orte_base_help_aggregate" to 0 to see all help / error messages
[n040.hpc:1233858] 7 more processes have sent help message help-mpi-btl-openib.txt / error in device init
--------------------------------------------------------------------------
By default, for Open MPI 4.0 and later, infiniband ports on a device
are not used by default.  The intent is to use UCX for these devices.
You can override this policy by setting the btl_openib_allow_ib MCA parameter
to true.

  Local host:              n040
  Local adapter:           mlx5_2
  Local port:              1

--------------------------------------------------------------------------
--------------------------------------------------------------------------
WARNING: There was an error initializing an OpenFabrics device.

  Local host:   n040
  Local device: mlx5_2
--------------------------------------------------------------------------
[n040.hpc:1233988] 7 more processes have sent help message help-mpi-btl-openib.txt / ib port not selected
[n040.hpc:1233988] Set MCA parameter "orte_base_help_aggregate" to 0 to see all help / error messages
[n040.hpc:1233988] 7 more processes have sent help message help-mpi-btl-openib.txt / error in device init
--------------------------------------------------------------------------
By default, for Open MPI 4.0 and later, infiniband ports on a device
are not used by default.  The intent is to use UCX for these devices.
You can override this policy by setting the btl_openib_allow_ib MCA parameter
to true.

  Local host:              n040
  Local adapter:           mlx5_2
  Local port:              1

--------------------------------------------------------------------------
--------------------------------------------------------------------------
WARNING: There was an error initializing an OpenFabrics device.

  Local host:   n040
  Local device: mlx5_2
--------------------------------------------------------------------------
[n040.hpc:1234416] 7 more processes have sent help message help-mpi-btl-openib.txt / ib port not selected
[n040.hpc:1234416] Set MCA parameter "orte_base_help_aggregate" to 0 to see all help / error messages
[n040.hpc:1234416] 7 more processes have sent help message help-mpi-btl-openib.txt / error in device init
