<May23-2026> <13:36:22>  AMS 2026.103  RunTime: May23-2026 13:36:22  ShM Nodes: 1  Procs: 1
<May23-2026> <13:36:22>  ADF 2026.103  RunTime: May23-2026 13:36:22  ShM Nodes: 1  Procs: 1
<May23-2026> <13:36:22>  *** (NO TITLE) ***
<May23-2026> <13:36:23>  DIRAC 2026.103  RunTime: May23-2026 13:36:23  ShM Nodes: 1  Procs: 1
<May23-2026> <13:36:23>  Carbon (TZ2P)
<May23-2026> <13:36:23>  Net Charge: 0 (Nuclei minus Electrons)
<May23-2026> <13:36:23>  Symmetry  : ATOM
<May23-2026> <13:36:23>  Coordinates
<May23-2026> <13:36:23>     Atom         X           Y           Z   (Angstrom)
<May23-2026> <13:36:23>     1.C         0.000000    0.000000    0.000000
<May23-2026> <13:36:23>  >>>> CORORT
<May23-2026> <13:36:23>  >>>> CLSMAT
<May23-2026> <13:36:23>  >>>> ORTHON
<May23-2026> <13:36:23>  >>>> GENPT
<May23-2026> <13:36:23>  Block Length=  72
<May23-2026> <13:36:23>  >>>> PTBAS
<May23-2026> <13:36:23>  >>>> CYCLE
<May23-2026> <13:36:23>              |Error|         MaxErr       Wt(A-DIIS)
<May23-2026> <13:36:23>      1      0.00000000      0.00000000
<May23-2026> <13:36:23>      2      4.48450606      3.33074448    100.0
<May23-2026> <13:36:23>      3      1.63845963      1.31677840    100.0
<May23-2026> <13:36:23>      4      0.72237885      0.58090812    100.0
<May23-2026> <13:36:23>      5      0.41341516      0.32921223    100.0
<May23-2026> <13:36:23>      6      0.12634980      0.09661242     96.6
<May23-2026> <13:36:23>      7      0.11511849      0.08978748     89.7
<May23-2026> <13:36:23>      8      0.00670007      0.00519977      4.2
<May23-2026> <13:36:23>      9      0.00022181      0.00016825      0.0
<May23-2026> <13:36:23>     10      0.00000199      0.00000135      0.0
<May23-2026> <13:36:23>     11      0.00000002      0.00000001      0.0
<May23-2026> <13:36:23>     12      0.00000000      0.00000000      0.0
<May23-2026> <13:36:23>  SCF converged
<May23-2026> <13:36:23>     13      0.00000000      0.00000000      0.0
<May23-2026> <13:36:23>  >>>> POPAN
<May23-2026> <13:36:23>  >>>> DEBYE
<May23-2026> <13:36:23>  DIRAC 2026.103  RunTime: May23-2026 13:36:23  ShM Nodes: 1  Procs: 1
<May23-2026> <13:36:23>  Hydrogen (TZ2P)
<May23-2026> <13:36:23>  Net Charge: 0 (Nuclei minus Electrons)
<May23-2026> <13:36:23>  Symmetry  : ATOM
<May23-2026> <13:36:23>  Coordinates
<May23-2026> <13:36:23>     Atom         X           Y           Z   (Angstrom)
<May23-2026> <13:36:23>     1.H         0.000000    0.000000    0.000000
<May23-2026> <13:36:23>  >>>> CORORT
<May23-2026> <13:36:23>  >>>> CLSMAT
<May23-2026> <13:36:23>  >>>> ORTHON
<May23-2026> <13:36:23>  >>>> GENPT
<May23-2026> <13:36:23>  Block Length=  64
<May23-2026> <13:36:23>  >>>> PTBAS
<May23-2026> <13:36:23>  >>>> CYCLE
<May23-2026> <13:36:24>              |Error|         MaxErr       Wt(A-DIIS)
<May23-2026> <13:36:24>      1      0.00000000      0.00000000
<May23-2026> <13:36:24>      2      0.03100426      0.02644614
<May23-2026> <13:36:24>      3      0.00958086      0.00932931    100.0
<May23-2026> <13:36:24>      4      0.00232128      0.00228673      1.3
<May23-2026> <13:36:24>      5      0.00003156      0.00002984      0.0
<May23-2026> <13:36:24>      6      0.00000096      0.00000091      0.0
<May23-2026> <13:36:24>      7      0.00000000      0.00000000      0.0
<May23-2026> <13:36:24>  SCF converged
<May23-2026> <13:36:24>      8      0.00000000      0.00000000      0.0
<May23-2026> <13:36:24>  >>>> POPAN
<May23-2026> <13:36:24>  >>>> DEBYE
<May23-2026> <13:36:24>  *** adf ***
<May23-2026> <13:36:24>  Net Charge: 0 (Nuclei minus Electrons)
<May23-2026> <13:36:24>  Spin polar: -1 (Spin_A minus Spin_B electrons)
<May23-2026> <13:36:24>  Symmetry  : NOSYM
<May23-2026> <13:36:24>  >>>> FRAGM
<May23-2026> <13:36:24>  Coordinates
<May23-2026> <13:36:24>     Atom         X           Y           Z   (Angstrom)
<May23-2026> <13:36:24>     1.C         1.064170    0.484599    1.591175
<May23-2026> <13:36:24>     2.C         1.261077    0.414321    0.219230
<May23-2026> <13:36:24>     3.C         1.280908   -0.754635   -0.528686
<May23-2026> <13:36:24>     4.H         0.904999   -0.416200    2.181417
<May23-2026> <13:36:24>     5.H         1.055777    1.436303    2.114350
<May23-2026> <13:36:24>     6.H         1.405892    1.355635   -0.316554
<May23-2026> <13:36:24>     7.H         1.435588   -0.736748   -1.603479
<May23-2026> <13:36:24>     8.H         1.137358   -1.724878   -0.056328
<May23-2026> <13:36:24>  >>>> CORORT
<May23-2026> <13:36:24>  >>>> CLSMAT
<May23-2026> <13:36:24>  >>>> ORTHON
<May23-2026> <13:36:24>  >>>> GENPT
<May23-2026> <13:36:24>  Block Length= 128
<May23-2026> <13:36:24>  >>>> PTBAS
<May23-2026> <13:36:25>  >>>> CYCLE
<May23-2026> <13:36:29>              |Error|         MaxErr       Wt(A-DIIS)
<May23-2026> <13:36:29>      1      4.01528192      0.49774043
<May23-2026> <13:36:31>      2      0.78288987      0.09289256    100.0
<May23-2026> <13:36:34>      3      0.69921694      0.08258056    100.0
<May23-2026> <13:36:37>      4      1.04224119      0.13088338    100.0
<May23-2026> <13:36:40>      5      0.15855147      0.02029033     19.5
<May23-2026> <13:36:43>      6      0.07600425      0.01046844      9.6
<May23-2026> <13:36:46>      7      0.01535213      0.00258136      1.6
<May23-2026> <13:36:49>      8      0.00262510      0.00047062      0.0
<May23-2026> <13:36:51>      9      0.00098024      0.00013822      0.0
<May23-2026> <13:36:54>     10      0.00017546      0.00003627      0.0
<May23-2026> <13:36:57>     11      0.00017068      0.00002614      0.0
<May23-2026> <13:37:00>     12      0.00005312      0.00000765      0.0
<May23-2026> <13:37:03>     13      0.00000448      0.00000057      0.0
<May23-2026> <13:37:04>  SCF converged
<May23-2026> <13:37:06>     14      0.00000117      0.00000014      0.0
<May23-2026> <13:37:09>  >>>> TOTEN
<May23-2026> <13:37:15>  >>>> POPAN
<May23-2026> <13:37:15>  >>>> DEBYE
<May23-2026> <13:37:15>  >>>> AMETS
<May23-2026> <13:37:15>   Bond Energy          -1.54394834 a.u.
<May23-2026> <13:37:15>   Bond Energy         -42.01297199 eV
<May23-2026> <13:37:15>   Bond Energy        -968.84       kcal/mol
<May23-2026> <13:37:15>  >>>> POPUL
<May23-2026> <13:37:15>  NORMAL TERMINATION
