<May23-2026> <12:27:51>  AMS 2026.103  RunTime: May23-2026 12:27:51  ShM Nodes: 1  Procs: 1
<May23-2026> <12:27:51>  ADF 2026.103  RunTime: May23-2026 12:27:51  ShM Nodes: 1  Procs: 1
<May23-2026> <12:27:51>  *** (NO TITLE) ***
<May23-2026> <12:27:51>  DIRAC 2026.103  RunTime: May23-2026 12:27:51  ShM Nodes: 1  Procs: 1
<May23-2026> <12:27:51>  Carbon (TZ2P)
<May23-2026> <12:27:51>  Net Charge: 0 (Nuclei minus Electrons)
<May23-2026> <12:27:51>  Symmetry  : ATOM
<May23-2026> <12:27:51>  Coordinates
<May23-2026> <12:27:51>     Atom         X           Y           Z   (Angstrom)
<May23-2026> <12:27:51>     1.C         0.000000    0.000000    0.000000
<May23-2026> <12:27:51>  >>>> CORORT
<May23-2026> <12:27:51>  >>>> CLSMAT
<May23-2026> <12:27:51>  >>>> ORTHON
<May23-2026> <12:27:52>  >>>> GENPT
<May23-2026> <12:27:52>  Block Length=  72
<May23-2026> <12:27:52>  >>>> PTBAS
<May23-2026> <12:27:52>  >>>> CYCLE
<May23-2026> <12:27:52>              |Error|         MaxErr       Wt(A-DIIS)
<May23-2026> <12:27:52>      1      0.00000000      0.00000000
<May23-2026> <12:27:52>      2      4.48450606      3.33074448    100.0
<May23-2026> <12:27:52>      3      1.63845963      1.31677840    100.0
<May23-2026> <12:27:52>      4      0.72237885      0.58090812    100.0
<May23-2026> <12:27:52>      5      0.41341516      0.32921223    100.0
<May23-2026> <12:27:52>      6      0.12634980      0.09661242     96.6
<May23-2026> <12:27:52>      7      0.11511849      0.08978748     89.7
<May23-2026> <12:27:52>      8      0.00670007      0.00519977      4.2
<May23-2026> <12:27:52>      9      0.00022181      0.00016825      0.0
<May23-2026> <12:27:52>     10      0.00000199      0.00000135      0.0
<May23-2026> <12:27:52>     11      0.00000002      0.00000001      0.0
<May23-2026> <12:27:52>     12      0.00000000      0.00000000      0.0
<May23-2026> <12:27:52>  SCF converged
<May23-2026> <12:27:52>     13      0.00000000      0.00000000      0.0
<May23-2026> <12:27:52>  >>>> POPAN
<May23-2026> <12:27:52>  >>>> DEBYE
<May23-2026> <12:27:52>  DIRAC 2026.103  RunTime: May23-2026 12:27:52  ShM Nodes: 1  Procs: 1
<May23-2026> <12:27:52>  Hydrogen (TZ2P)
<May23-2026> <12:27:52>  Net Charge: 0 (Nuclei minus Electrons)
<May23-2026> <12:27:52>  Symmetry  : ATOM
<May23-2026> <12:27:52>  Coordinates
<May23-2026> <12:27:52>     Atom         X           Y           Z   (Angstrom)
<May23-2026> <12:27:52>     1.H         0.000000    0.000000    0.000000
<May23-2026> <12:27:52>  >>>> CORORT
<May23-2026> <12:27:52>  >>>> CLSMAT
<May23-2026> <12:27:52>  >>>> ORTHON
<May23-2026> <12:27:52>  >>>> GENPT
<May23-2026> <12:27:52>  Block Length=  64
<May23-2026> <12:27:52>  >>>> PTBAS
<May23-2026> <12:27:52>  >>>> CYCLE
<May23-2026> <12:27:52>              |Error|         MaxErr       Wt(A-DIIS)
<May23-2026> <12:27:52>      1      0.00000000      0.00000000
<May23-2026> <12:27:52>      2      0.03100426      0.02644614
<May23-2026> <12:27:52>      3      0.00958086      0.00932931    100.0
<May23-2026> <12:27:52>      4      0.00232128      0.00228673      1.3
<May23-2026> <12:27:52>      5      0.00003156      0.00002984      0.0
<May23-2026> <12:27:52>      6      0.00000096      0.00000091      0.0
<May23-2026> <12:27:52>      7      0.00000000      0.00000000      0.0
<May23-2026> <12:27:52>  SCF converged
<May23-2026> <12:27:52>      8      0.00000000      0.00000000      0.0
<May23-2026> <12:27:52>  >>>> POPAN
<May23-2026> <12:27:52>  >>>> DEBYE
<May23-2026> <12:27:52>  *** adf ***
<May23-2026> <12:27:52>  Net Charge: 0 (Nuclei minus Electrons)
<May23-2026> <12:27:52>  Spin polar: -1 (Spin_A minus Spin_B electrons)
<May23-2026> <12:27:52>  Symmetry  : NOSYM
<May23-2026> <12:27:52>  >>>> FRAGM
<May23-2026> <12:27:52>  Coordinates
<May23-2026> <12:27:52>     Atom         X           Y           Z   (Angstrom)
<May23-2026> <12:27:52>     1.C        -0.749053   -1.589632   -0.109376
<May23-2026> <12:27:52>     2.C        -1.229157   -0.330519    0.222919
<May23-2026> <12:27:52>     3.C        -1.057575    0.818152   -0.537259
<May23-2026> <12:27:52>     4.H        -0.919099   -2.448136    0.533489
<May23-2026> <12:27:52>     5.H        -0.186582   -1.751332   -1.027051
<May23-2026> <12:27:52>     6.H        -1.788006   -0.236275    1.157144
<May23-2026> <12:27:52>     7.H        -1.461478    1.774338   -0.218240
<May23-2026> <12:27:52>     8.H        -0.510836    0.791275   -1.478137
<May23-2026> <12:27:52>  >>>> CORORT
<May23-2026> <12:27:52>  >>>> CLSMAT
<May23-2026> <12:27:52>  >>>> ORTHON
<May23-2026> <12:27:52>  >>>> GENPT
<May23-2026> <12:27:53>  Block Length= 128
<May23-2026> <12:27:53>  >>>> PTBAS
<May23-2026> <12:27:54>  >>>> CYCLE
<May23-2026> <12:27:57>              |Error|         MaxErr       Wt(A-DIIS)
<May23-2026> <12:27:57>      1      4.01500196      0.49771772
<May23-2026> <12:28:00>      2      0.78276740      0.08343062    100.0
<May23-2026> <12:28:03>      3      0.69911987      0.07384341    100.0
<May23-2026> <12:28:06>      4      1.04187889      0.12820778    100.0
<May23-2026> <12:28:09>      5      0.15842024      0.01802460     17.2
<May23-2026> <12:28:11>      6      0.07330102      0.00854999      7.6
<May23-2026> <12:28:14>      7      0.01414373      0.00195484      1.0
<May23-2026> <12:28:17>      8      0.00256103      0.00037210      0.0
<May23-2026> <12:28:20>      9      0.00103025      0.00016249      0.0
<May23-2026> <12:28:23>     10      0.00060150      0.00006898      0.0
<May23-2026> <12:28:26>     11      0.00032896      0.00003586      0.0
<May23-2026> <12:28:29>     12      0.00002248      0.00000603      0.0
<May23-2026> <12:28:32>     13      0.00000442      0.00000058      0.0
<May23-2026> <12:28:32>  SCF converged
<May23-2026> <12:28:35>     14      0.00000114      0.00000012      0.0
<May23-2026> <12:28:37>  >>>> TOTEN
<May23-2026> <12:28:44>  >>>> POPAN
<May23-2026> <12:28:44>  >>>> DEBYE
<May23-2026> <12:28:44>  >>>> AMETS
<May23-2026> <12:28:44>   Bond Energy          -1.54396717 a.u.
<May23-2026> <12:28:44>   Bond Energy         -42.01348423 eV
<May23-2026> <12:28:44>   Bond Energy        -968.85       kcal/mol
<May23-2026> <12:28:44>  >>>> POPUL
<May23-2026> <12:28:44>  NORMAL TERMINATION
