<May23-2026> <13:18:21>  AMS 2026.103  RunTime: May23-2026 13:18:21  ShM Nodes: 1  Procs: 1
<May23-2026> <13:18:21>  ADF 2026.103  RunTime: May23-2026 13:18:21  ShM Nodes: 1  Procs: 1
<May23-2026> <13:18:21>  *** (NO TITLE) ***
<May23-2026> <13:18:21>  Iteration 1
<May23-2026> <13:18:21>  DIRAC 2026.103  RunTime: May23-2026 13:18:21  ShM Nodes: 1  Procs: 1
<May23-2026> <13:18:21>  Carbon (TZ2P)
<May23-2026> <13:18:22>  Net Charge: 0 (Nuclei minus Electrons)
<May23-2026> <13:18:22>  Symmetry  : ATOM
<May23-2026> <13:18:22>  Coordinates
<May23-2026> <13:18:22>     Atom         X           Y           Z   (Angstrom)
<May23-2026> <13:18:22>     1.C         0.000000    0.000000    0.000000
<May23-2026> <13:18:22>  >>>> CORORT
<May23-2026> <13:18:22>  >>>> CLSMAT
<May23-2026> <13:18:22>  >>>> ORTHON
<May23-2026> <13:18:22>  >>>> GENPT
<May23-2026> <13:18:22>  Block Length=  72
<May23-2026> <13:18:22>  >>>> PTBAS
<May23-2026> <13:18:22>  >>>> CYCLE
<May23-2026> <13:18:22>              |Error|         MaxErr       Wt(A-DIIS)
<May23-2026> <13:18:22>      1      0.00000000      0.00000000
<May23-2026> <13:18:22>      2      4.48450606      3.33074448    100.0
<May23-2026> <13:18:22>      3      1.63845963      1.31677840    100.0
<May23-2026> <13:18:22>      4      0.72237885      0.58090812    100.0
<May23-2026> <13:18:22>      5      0.41341516      0.32921223    100.0
<May23-2026> <13:18:22>      6      0.12634980      0.09661242     96.6
<May23-2026> <13:18:22>      7      0.11511849      0.08978748     89.7
<May23-2026> <13:18:22>      8      0.00670007      0.00519977      4.2
<May23-2026> <13:18:22>      9      0.00022181      0.00016825      0.0
<May23-2026> <13:18:22>     10      0.00000199      0.00000135      0.0
<May23-2026> <13:18:22>     11      0.00000002      0.00000001      0.0
<May23-2026> <13:18:22>     12      0.00000000      0.00000000      0.0
<May23-2026> <13:18:22>  SCF converged
<May23-2026> <13:18:22>     13      0.00000000      0.00000000      0.0
<May23-2026> <13:18:22>  >>>> POPAN
<May23-2026> <13:18:22>  >>>> DEBYE
<May23-2026> <13:18:22>  DIRAC 2026.103  RunTime: May23-2026 13:18:22  ShM Nodes: 1  Procs: 1
<May23-2026> <13:18:22>  Nitrogen (TZ2P)
<May23-2026> <13:18:22>  Net Charge: 0 (Nuclei minus Electrons)
<May23-2026> <13:18:22>  Symmetry  : ATOM
<May23-2026> <13:18:22>  Coordinates
<May23-2026> <13:18:22>     Atom         X           Y           Z   (Angstrom)
<May23-2026> <13:18:22>     1.N         0.000000    0.000000    0.000000
<May23-2026> <13:18:22>  >>>> CORORT
<May23-2026> <13:18:22>  >>>> CLSMAT
<May23-2026> <13:18:22>  >>>> ORTHON
<May23-2026> <13:18:22>  >>>> GENPT
<May23-2026> <13:18:22>  Block Length=  72
<May23-2026> <13:18:22>  >>>> PTBAS
<May23-2026> <13:18:22>  >>>> CYCLE
<May23-2026> <13:18:22>              |Error|         MaxErr       Wt(A-DIIS)
<May23-2026> <13:18:22>      1      0.00000000      0.00000000
<May23-2026> <13:18:22>      2      6.45729257      4.23539177    100.0
<May23-2026> <13:18:22>      3      2.50571754      1.95700843    100.0
<May23-2026> <13:18:22>      4      0.96362605      0.63264012    100.0
<May23-2026> <13:18:22>      5      0.84396078      0.57428330    100.0
<May23-2026> <13:18:22>      6      0.04722786      0.02274008     22.0
<May23-2026> <13:18:22>      7      0.01974997      0.01284703     12.0
<May23-2026> <13:18:22>      8      0.00262477      0.00176500      0.8
<May23-2026> <13:18:22>      9      0.00000692      0.00000491      0.0
<May23-2026> <13:18:22>     10      0.00000078      0.00000045      0.0
<May23-2026> <13:18:23>     11      0.00000001      0.00000000      0.0
<May23-2026> <13:18:23>  SCF converged
<May23-2026> <13:18:23>     12      0.00000000      0.00000000      0.0
<May23-2026> <13:18:23>  >>>> POPAN
<May23-2026> <13:18:23>  >>>> DEBYE
<May23-2026> <13:18:23>  DIRAC 2026.103  RunTime: May23-2026 13:18:23  ShM Nodes: 1  Procs: 1
<May23-2026> <13:18:23>  Oxygen (TZ2P)
<May23-2026> <13:18:23>  Net Charge: 0 (Nuclei minus Electrons)
<May23-2026> <13:18:23>  Symmetry  : ATOM
<May23-2026> <13:18:23>  Coordinates
<May23-2026> <13:18:23>     Atom         X           Y           Z   (Angstrom)
<May23-2026> <13:18:23>     1.O         0.000000    0.000000    0.000000
<May23-2026> <13:18:23>  >>>> CORORT
<May23-2026> <13:18:23>  >>>> CLSMAT
<May23-2026> <13:18:23>  >>>> ORTHON
<May23-2026> <13:18:23>  >>>> GENPT
<May23-2026> <13:18:23>  Block Length=  68
<May23-2026> <13:18:23>  >>>> PTBAS
<May23-2026> <13:18:23>  >>>> CYCLE
<May23-2026> <13:18:23>              |Error|         MaxErr       Wt(A-DIIS)
<May23-2026> <13:18:23>      1      0.00000000      0.00000000
<May23-2026> <13:18:23>      2      8.77379167      5.52456194    100.0
<May23-2026> <13:18:23>      3      3.58874259      2.50390796    100.0
<May23-2026> <13:18:23>      4      1.14813168      0.58304454    100.0
<May23-2026> <13:18:23>      5      1.52147762      0.84216884    100.0
<May23-2026> <13:18:23>      6      0.17958647      0.10470670    100.0
<May23-2026> <13:18:23>      7      0.20120374      0.11429590    100.0
<May23-2026> <13:18:23>      8      0.01711846      0.01004426      9.1
<May23-2026> <13:18:23>      9      0.00178953      0.00100777      0.0
<May23-2026> <13:18:23>     10      0.00000129      0.00000068      0.0
<May23-2026> <13:18:23>     11      0.00000005      0.00000002      0.0
<May23-2026> <13:18:23>     12      0.00000000      0.00000000      0.0
<May23-2026> <13:18:23>  SCF converged
<May23-2026> <13:18:23>     13      0.00000000      0.00000000      0.0
<May23-2026> <13:18:23>  >>>> POPAN
<May23-2026> <13:18:23>  >>>> DEBYE
<May23-2026> <13:18:23>  DIRAC 2026.103  RunTime: May23-2026 13:18:23  ShM Nodes: 1  Procs: 1
<May23-2026> <13:18:23>  Hydrogen (TZ2P)
<May23-2026> <13:18:23>  Net Charge: 0 (Nuclei minus Electrons)
<May23-2026> <13:18:23>  Symmetry  : ATOM
<May23-2026> <13:18:23>  Coordinates
<May23-2026> <13:18:23>     Atom         X           Y           Z   (Angstrom)
<May23-2026> <13:18:23>     1.H         0.000000    0.000000    0.000000
<May23-2026> <13:18:23>  >>>> CORORT
<May23-2026> <13:18:23>  >>>> CLSMAT
<May23-2026> <13:18:23>  >>>> ORTHON
<May23-2026> <13:18:23>  >>>> GENPT
<May23-2026> <13:18:23>  Block Length=  64
<May23-2026> <13:18:23>  >>>> PTBAS
<May23-2026> <13:18:23>  >>>> CYCLE
<May23-2026> <13:18:24>              |Error|         MaxErr       Wt(A-DIIS)
<May23-2026> <13:18:24>      1      0.00000000      0.00000000
<May23-2026> <13:18:24>      2      0.03100426      0.02644614
<May23-2026> <13:18:24>      3      0.00958086      0.00932931    100.0
<May23-2026> <13:18:24>      4      0.00232128      0.00228673      1.3
<May23-2026> <13:18:24>      5      0.00003156      0.00002984      0.0
<May23-2026> <13:18:24>      6      0.00000096      0.00000091      0.0
<May23-2026> <13:18:24>      7      0.00000000      0.00000000      0.0
<May23-2026> <13:18:24>  SCF converged
<May23-2026> <13:18:24>      8      0.00000000      0.00000000      0.0
<May23-2026> <13:18:24>  >>>> POPAN
<May23-2026> <13:18:24>  >>>> DEBYE
<May23-2026> <13:18:24>  *** GO1_GOStep1 ***
<May23-2026> <13:18:24>  >>>> FRAGM
<May23-2026> <13:18:24>  Coordinates
<May23-2026> <13:18:24>     Atom         X           Y           Z   (Angstrom)
<May23-2026> <13:18:24>     1.C        -1.245196    0.109399   -0.918684
<May23-2026> <13:18:24>     2.C        -1.104940   -0.326216    0.366854
<May23-2026> <13:18:24>     3.N        -1.417418    0.706801    1.433487
<May23-2026> <13:18:24>     4.O        -2.272249    1.532445    1.189755
<May23-2026> <13:18:24>     5.O        -0.773889    0.645367    2.457251
<May23-2026> <13:18:24>     6.O        -0.467153   -1.325764    0.756726
<May23-2026> <13:18:24>     7.H        -1.796195    1.013178   -1.127599
<May23-2026> <13:18:24>     8.H        -1.138638   -0.620273   -1.704407
<May23-2026> <13:18:24>  >>>> CORORT
<May23-2026> <13:18:24>  >>>> CLSMAT
<May23-2026> <13:18:24>  >>>> ORTHON
<May23-2026> <13:18:24>  >>>> GENPT
<May23-2026> <13:18:24>  Block Length= 128
<May23-2026> <13:18:24>  >>>> PTBAS
<May23-2026> <13:18:25>  >>>> CYCLE
<May23-2026> <13:18:30>              |Error|         MaxErr       Wt(A-DIIS)
<May23-2026> <13:18:30>      1      5.69037831      0.53081574
<May23-2026> <13:18:34>      2      1.08345092      0.09010041    100.0
<May23-2026> <13:18:37>      3      0.90254419      0.07474812    100.0
<May23-2026> <13:18:41>      4      2.27352584      0.19362665    100.0
<May23-2026> <13:18:45>      5      0.65941687      0.06654039     66.2
<May23-2026> <13:18:49>      6      0.73833497      0.06575063    100.0
<May23-2026> <13:18:52>      7      0.39025512      0.03711264     36.5
<May23-2026> <13:18:56>      8      0.16336678      0.01536815     14.5
<May23-2026> <13:19:00>      9      0.04474478      0.00431823      3.4
<May23-2026> <13:19:04>     10      0.01213360      0.00109967      0.1
<May23-2026> <13:19:07>     11      0.00218174      0.00019177      0.0
<May23-2026> <13:19:11>     12      0.00126226      0.00013342      0.0
<May23-2026> <13:19:15>     13      0.00041063      0.00004086      0.0
<May23-2026> <13:19:18>     14      0.00021156      0.00001762      0.0
<May23-2026> <13:19:22>     15      0.00005990      0.00000512      0.0
<May23-2026> <13:19:26>     16      0.00004105      0.00000355      0.0
<May23-2026> <13:19:29>     17      0.00002673      0.00000312      0.0
<May23-2026> <13:19:33>     18      0.00000825      0.00000078      0.0
<May23-2026> <13:19:34>  SCF converged
<May23-2026> <13:19:37>     19      0.00000191      0.00000023      0.0
<May23-2026> <13:19:38>  >>>> TOTEN
<May23-2026> <13:19:43>  >>>> POPAN
<May23-2026> <13:19:43>  >>>> DEBYE
<May23-2026> <13:19:43>  >>>> ENGRAD
<May23-2026> <13:19:48>  current energy                               -1.71762629 Hartree
<May23-2026> <13:19:48>  energy change                      -1.71762629     0.00008000    F
<May23-2026> <13:19:48>  constrained gradient max            0.08522352     0.00100000    F
<May23-2026> <13:19:48>  constrained gradient rms            0.03642990     0.00066667    F
<May23-2026> <13:19:48>  gradient max                        0.08522352
<May23-2026> <13:19:48>  gradient rms                        0.03642990
<May23-2026> <13:19:48>  cart. step max                      0.05148257     0.01000000    F
<May23-2026> <13:19:48>  cart. step rms                      0.02012044     0.00666667    F
<May23-2026> <13:19:48>  Iteration 2
<May23-2026> <13:19:48>  *** GO1_GOStep2 ***
<May23-2026> <13:19:48>  >>>> FRAGM
<May23-2026> <13:19:48>  Coordinates
<May23-2026> <13:19:48>     Atom         X           Y           Z   (Angstrom)
<May23-2026> <13:19:48>     1.C        -1.269115    0.095985   -0.938427
<May23-2026> <13:19:48>     2.C        -1.078435   -0.330614    0.375689
<May23-2026> <13:19:48>     3.N        -1.407257    0.717264    1.460920
<May23-2026> <13:19:48>     4.O        -2.306461    1.534978    1.187263
<May23-2026> <13:19:48>     5.O        -0.759643    0.659905    2.508734
<May23-2026> <13:19:48>     6.O        -0.471833   -1.342137    0.747247
<May23-2026> <13:19:48>     7.H        -1.778390    1.027183   -1.153485
<May23-2026> <13:19:48>     8.H        -1.144544   -0.627627   -1.734558
<May23-2026> <13:19:48>  >>>> CORORT
<May23-2026> <13:19:48>  >>>> CLSMAT
<May23-2026> <13:19:48>  >>>> ORTHON
<May23-2026> <13:19:48>  >>>> GENPT
<May23-2026> <13:19:48>  Block Length= 128
<May23-2026> <13:19:48>  >>>> PTBAS
<May23-2026> <13:19:49>  >>>> CYCLE
<May23-2026> <13:19:51>  using orbital data from restart file
<May23-2026> <13:19:54>              |Error|         MaxErr       Wt(A-DIIS)
<May23-2026> <13:19:54>      1      0.25956105      0.03590459
<May23-2026> <13:19:58>      2      0.14680807      0.01220276    100.0
<May23-2026> <13:20:01>      3      0.47989094      0.03840662    100.0
<May23-2026> <13:20:05>      4      0.16098017      0.01277928     11.9
<May23-2026> <13:20:09>      5      0.03645481      0.00463357      3.7
<May23-2026> <13:20:12>      6      0.01320421      0.00115984      0.2
<May23-2026> <13:20:16>      7      0.00515088      0.00054183      0.0
<May23-2026> <13:20:20>      8      0.00160630      0.00017845      0.0
<May23-2026> <13:20:24>      9      0.00074017      0.00006410      0.0
<May23-2026> <13:20:27>     10      0.00020201      0.00001733      0.0
<May23-2026> <13:20:31>     11      0.00011687      0.00001078      0.0
<May23-2026> <13:20:35>     12      0.00002574      0.00000207      0.0
<May23-2026> <13:20:38>     13      0.00000654      0.00000042      0.0
<May23-2026> <13:20:39>  SCF converged
<May23-2026> <13:20:42>     14      0.00000232      0.00000019      0.0
<May23-2026> <13:20:43>  >>>> TOTEN
<May23-2026> <13:20:48>  >>>> POPAN
<May23-2026> <13:20:48>  >>>> DEBYE
<May23-2026> <13:20:48>  >>>> ENGRAD
<May23-2026> <13:20:53>  current energy                               -1.72555713 Hartree
<May23-2026> <13:20:53>  energy change                      -0.00793085     0.00008000    F
<May23-2026> <13:20:53>  constrained gradient max            0.06323345     0.00100000    F
<May23-2026> <13:20:53>  constrained gradient rms            0.02106903     0.00066667    F
<May23-2026> <13:20:53>  gradient max                        0.06323345
<May23-2026> <13:20:53>  gradient rms                        0.02106903
<May23-2026> <13:20:53>  cart. step max                      0.06469737     0.01000000    F
<May23-2026> <13:20:53>  cart. step rms                      0.02490448     0.00666667    F
<May23-2026> <13:20:53>  Iteration 3
<May23-2026> <13:20:53>  *** GO1_GOStep3 ***
<May23-2026> <13:20:53>  >>>> FRAGM
<May23-2026> <13:20:53>  Coordinates
<May23-2026> <13:20:53>     Atom         X           Y           Z   (Angstrom)
<May23-2026> <13:20:53>     1.C        -1.323551    0.076063   -0.944223
<May23-2026> <13:20:53>     2.C        -1.013738   -0.320954    0.374113
<May23-2026> <13:20:53>     3.N        -1.391776    0.729475    1.472090
<May23-2026> <13:20:53>     4.O        -2.324114    1.502026    1.190344
<May23-2026> <13:20:53>     5.O        -0.777536    0.687929    2.530483
<May23-2026> <13:20:53>     6.O        -0.486818   -1.360012    0.739944
<May23-2026> <13:20:53>     7.H        -1.736640    1.055165   -1.160834
<May23-2026> <13:20:53>     8.H        -1.161504   -0.634757   -1.748534
<May23-2026> <13:20:53>  >>>> CORORT
<May23-2026> <13:20:53>  >>>> CLSMAT
<May23-2026> <13:20:53>  >>>> ORTHON
<May23-2026> <13:20:53>  >>>> GENPT
<May23-2026> <13:20:53>  Block Length= 128
<May23-2026> <13:20:53>  >>>> PTBAS
<May23-2026> <13:20:55>  >>>> CYCLE
<May23-2026> <13:20:57>  using orbital data from restart file
<May23-2026> <13:20:59>              |Error|         MaxErr       Wt(A-DIIS)
<May23-2026> <13:20:59>      1      0.28804959      0.04206500
<May23-2026> <13:21:03>      2      0.05803610      0.00555515    100.0
<May23-2026> <13:21:07>      3      0.19353769      0.01795924    100.0
<May23-2026> <13:21:10>      4      0.05246336      0.00496463      4.0
<May23-2026> <13:21:14>      5      0.02741797      0.00302447      2.0
<May23-2026> <13:21:18>      6      0.00787537      0.00086414      0.0
<May23-2026> <13:21:22>      7      0.00336815      0.00035878      0.0
<May23-2026> <13:21:25>      8      0.00193917      0.00013659      0.0
<May23-2026> <13:21:29>      9      0.00064353      0.00004615      0.0
<May23-2026> <13:21:33>     10      0.00017392      0.00001794      0.0
<May23-2026> <13:21:36>     11      0.00008425      0.00000847      0.0
<May23-2026> <13:21:40>     12      0.00003470      0.00000283      0.0
<May23-2026> <13:21:44>     13      0.00000766      0.00000049      0.0
<May23-2026> <13:21:45>  SCF converged
<May23-2026> <13:21:48>     14      0.00000197      0.00000014      0.0
<May23-2026> <13:21:49>  >>>> TOTEN
<May23-2026> <13:21:54>  >>>> POPAN
<May23-2026> <13:21:54>  >>>> DEBYE
<May23-2026> <13:21:54>  >>>> ENGRAD
<May23-2026> <13:21:58>  current energy                               -1.72988770 Hartree
<May23-2026> <13:21:58>  energy change                      -0.00433056     0.00008000    F
<May23-2026> <13:21:58>  constrained gradient max            0.02537875     0.00100000    F
<May23-2026> <13:21:58>  constrained gradient rms            0.00868584     0.00066667    F
<May23-2026> <13:21:58>  gradient max                        0.02537875
<May23-2026> <13:21:58>  gradient rms                        0.00868584
<May23-2026> <13:21:58>  cart. step max                      0.03353355     0.01000000    F
<May23-2026> <13:21:58>  cart. step rms                      0.01650293     0.00666667    F
<May23-2026> <13:21:58>  Iteration 4
<May23-2026> <13:21:58>  *** GO1_GOStep4 ***
<May23-2026> <13:21:58>  >>>> FRAGM
<May23-2026> <13:21:59>  Coordinates
<May23-2026> <13:21:59>     Atom         X           Y           Z   (Angstrom)
<May23-2026> <13:21:59>     1.C        -1.357084    0.066257   -0.946457
<May23-2026> <13:21:59>     2.C        -1.025571   -0.348900    0.374347
<May23-2026> <13:21:59>     3.N        -1.398481    0.727451    1.482588
<May23-2026> <13:21:59>     4.O        -2.339409    1.491217    1.188021
<May23-2026> <13:21:59>     5.O        -0.750442    0.721141    2.524093
<May23-2026> <13:21:59>     6.O        -0.492599   -1.373037    0.743598
<May23-2026> <13:21:59>     7.H        -1.715464    1.069111   -1.151567
<May23-2026> <13:21:59>     8.H        -1.136627   -0.618303   -1.761239
<May23-2026> <13:21:59>  >>>> CORORT
<May23-2026> <13:21:59>  >>>> CLSMAT
<May23-2026> <13:21:59>  >>>> ORTHON
<May23-2026> <13:21:59>  >>>> GENPT
<May23-2026> <13:21:59>  Block Length= 128
<May23-2026> <13:21:59>  >>>> PTBAS
<May23-2026> <13:22:00>  >>>> CYCLE
<May23-2026> <13:22:02>  using orbital data from restart file
<May23-2026> <13:22:05>              |Error|         MaxErr       Wt(A-DIIS)
<May23-2026> <13:22:05>      1      0.15905210      0.02528815
<May23-2026> <13:22:08>      2      0.05946494      0.00553782    100.0
<May23-2026> <13:22:12>      3      0.19421916      0.01813411    100.0
<May23-2026> <13:22:16>      4      0.06124904      0.00516792      4.2
<May23-2026> <13:22:19>      5      0.02197814      0.00246481      1.5
<May23-2026> <13:22:23>      6      0.00555323      0.00051416      0.0
<May23-2026> <13:22:27>      7      0.00228028      0.00019957      0.0
<May23-2026> <13:22:31>      8      0.00085925      0.00008322      0.0
<May23-2026> <13:22:34>      9      0.00042905      0.00003490      0.0
<May23-2026> <13:22:38>     10      0.00010346      0.00000898      0.0
<May23-2026> <13:22:41>     11      0.00005133      0.00000411      0.0
<May23-2026> <13:22:45>     12      0.00002277      0.00000226      0.0
<May23-2026> <13:22:49>     13      0.00000630      0.00000045      0.0
<May23-2026> <13:22:50>  SCF converged
<May23-2026> <13:22:53>     14      0.00000244      0.00000022      0.0
<May23-2026> <13:22:54>  >>>> TOTEN
<May23-2026> <13:22:59>  >>>> POPAN
<May23-2026> <13:22:59>  >>>> DEBYE
<May23-2026> <13:22:59>  >>>> ENGRAD
<May23-2026> <13:23:03>  current energy                               -1.73046350 Hartree
<May23-2026> <13:23:03>  energy change                      -0.00057580     0.00008000    F
<May23-2026> <13:23:03>  constrained gradient max            0.01615222     0.00100000    F
<May23-2026> <13:23:03>  constrained gradient rms            0.00544878     0.00066667    F
<May23-2026> <13:23:03>  gradient max                        0.01615222
<May23-2026> <13:23:03>  gradient rms                        0.00544878
<May23-2026> <13:23:03>  cart. step max                      0.03646123     0.01000000    F
<May23-2026> <13:23:03>  cart. step rms                      0.01838114     0.00666667    F
<May23-2026> <13:23:03>  Iteration 5
<May23-2026> <13:23:04>  *** GO1_GOStep5 ***
<May23-2026> <13:23:04>  >>>> FRAGM
<May23-2026> <13:23:04>  Coordinates
<May23-2026> <13:23:04>     Atom         X           Y           Z   (Angstrom)
<May23-2026> <13:23:04>     1.C        -1.356366    0.067885   -0.956556
<May23-2026> <13:23:04>     2.C        -1.007963   -0.345778    0.364992
<May23-2026> <13:23:04>     3.N        -1.369752    0.763912    1.472888
<May23-2026> <13:23:04>     4.O        -2.372153    1.458346    1.210520
<May23-2026> <13:23:04>     5.O        -0.760049    0.717440    2.536886
<May23-2026> <13:23:04>     6.O        -0.500629   -1.373816    0.751684
<May23-2026> <13:23:04>     7.H        -1.683642    1.080051   -1.162133
<May23-2026> <13:23:04>     8.H        -1.165124   -0.633101   -1.764895
<May23-2026> <13:23:04>  >>>> CORORT
<May23-2026> <13:23:04>  >>>> CLSMAT
<May23-2026> <13:23:04>  >>>> ORTHON
<May23-2026> <13:23:04>  >>>> GENPT
<May23-2026> <13:23:04>  Block Length= 128
<May23-2026> <13:23:04>  >>>> PTBAS
<May23-2026> <13:23:05>  >>>> CYCLE
<May23-2026> <13:23:07>  using orbital data from restart file
<May23-2026> <13:23:10>              |Error|         MaxErr       Wt(A-DIIS)
<May23-2026> <13:23:10>      1      0.23580165      0.03032086
<May23-2026> <13:23:14>      2      0.06233466      0.00500801    100.0
<May23-2026> <13:23:17>      3      0.18703698      0.01708684    100.0
<May23-2026> <13:23:21>      4      0.05557205      0.00456205      3.6
<May23-2026> <13:23:25>      5      0.02230775      0.00260369      1.6
<May23-2026> <13:23:28>      6      0.00667936      0.00062833      0.0
<May23-2026> <13:23:32>      7      0.00265011      0.00021471      0.0
<May23-2026> <13:23:36>      8      0.00107725      0.00010246      0.0
<May23-2026> <13:23:39>      9      0.00030874      0.00002492      0.0
<May23-2026> <13:23:43>     10      0.00008918      0.00000959      0.0
<May23-2026> <13:23:47>     11      0.00003290      0.00000280      0.0
<May23-2026> <13:23:50>     12      0.00001612      0.00000179      0.0
<May23-2026> <13:23:54>     13      0.00000625      0.00000048      0.0
<May23-2026> <13:23:55>  SCF converged
<May23-2026> <13:23:58>     14      0.00000178      0.00000014      0.0
<May23-2026> <13:23:59>  >>>> TOTEN
<May23-2026> <13:24:04>  >>>> POPAN
<May23-2026> <13:24:04>  >>>> DEBYE
<May23-2026> <13:24:04>  >>>> ENGRAD
<May23-2026> <13:24:09>  current energy                               -1.73006883 Hartree
<May23-2026> <13:24:09>  energy change                       0.00039467     0.00008000    F
<May23-2026> <13:24:09>  constrained gradient max            0.02081799     0.00100000    F
<May23-2026> <13:24:09>  constrained gradient rms            0.00805612     0.00066667    F
<May23-2026> <13:24:09>  gradient max                        0.02081799
<May23-2026> <13:24:09>  gradient rms                        0.00805612
<May23-2026> <13:24:09>  cart. step max                      0.00835653     0.01000000    T
<May23-2026> <13:24:09>  cart. step rms                      0.00415594     0.00666667    T
<May23-2026> <13:24:09>  Iteration 6
<May23-2026> <13:24:09>  *** GO1_GOStep6 ***
<May23-2026> <13:24:09>  >>>> FRAGM
<May23-2026> <13:24:09>  Coordinates
<May23-2026> <13:24:09>     Atom         X           Y           Z   (Angstrom)
<May23-2026> <13:24:09>     1.C        -1.353854    0.067368   -0.954740
<May23-2026> <13:24:09>     2.C        -1.007760   -0.348616    0.362361
<May23-2026> <13:24:09>     3.N        -1.377701    0.756285    1.476810
<May23-2026> <13:24:09>     4.O        -2.366699    1.463539    1.206227
<May23-2026> <13:24:09>     5.O        -0.759423    0.725796    2.535038
<May23-2026> <13:24:09>     6.O        -0.499265   -1.377859    0.748704
<May23-2026> <13:24:09>     7.H        -1.686805    1.078331   -1.154951
<May23-2026> <13:24:09>     8.H        -1.164169   -0.629908   -1.766065
<May23-2026> <13:24:09>  >>>> CORORT
<May23-2026> <13:24:09>  >>>> CLSMAT
<May23-2026> <13:24:09>  >>>> ORTHON
<May23-2026> <13:24:09>  >>>> GENPT
<May23-2026> <13:24:09>  Block Length= 128
<May23-2026> <13:24:09>  >>>> PTBAS
<May23-2026> <13:24:10>  >>>> CYCLE
<May23-2026> <13:24:12>  using orbital data from restart file
<May23-2026> <13:24:15>              |Error|         MaxErr       Wt(A-DIIS)
<May23-2026> <13:24:15>      1      0.05798670      0.00775152
<May23-2026> <13:24:19>      2      0.00787009      0.00060803    100.0
<May23-2026> <13:24:22>      3      0.00652371      0.00047068    100.0
<May23-2026> <13:24:26>      4      0.01769467      0.00178557    100.0
<May23-2026> <13:24:30>      5      0.00402558      0.00030776      0.0
<May23-2026> <13:24:33>      6      0.00175935      0.00016854      0.0
<May23-2026> <13:24:37>      7      0.00135672      0.00012029      0.0
<May23-2026> <13:24:41>      8      0.00036057      0.00004048      0.0
<May23-2026> <13:24:44>      9      0.00016242      0.00001555      0.0
<May23-2026> <13:24:48>     10      0.00007389      0.00000509      0.0
<May23-2026> <13:24:52>     11      0.00002455      0.00000200      0.0
<May23-2026> <13:24:56>     12      0.00001183      0.00000087      0.0
<May23-2026> <13:24:59>     13      0.00000257      0.00000017      0.0
<May23-2026> <13:25:00>  SCF converged
<May23-2026> <13:25:03>     14      0.00000076      0.00000005      0.0
<May23-2026> <13:25:04>  >>>> TOTEN
<May23-2026> <13:25:09>  >>>> POPAN
<May23-2026> <13:25:09>  >>>> DEBYE
<May23-2026> <13:25:09>  >>>> ENGRAD
<May23-2026> <13:25:14>  current energy                               -1.73050342 Hartree
<May23-2026> <13:25:14>  energy change                      -0.00043460     0.00008000    F
<May23-2026> <13:25:14>  constrained gradient max            0.01313681     0.00100000    F
<May23-2026> <13:25:14>  constrained gradient rms            0.00521066     0.00066667    F
<May23-2026> <13:25:14>  gradient max                        0.01313681
<May23-2026> <13:25:14>  gradient rms                        0.00521066
<May23-2026> <13:25:14>  cart. step max                      0.01569670     0.01000000    F
<May23-2026> <13:25:14>  cart. step rms                      0.00808787     0.00666667    F
<May23-2026> <13:25:14>  Iteration 7
<May23-2026> <13:25:14>  *** GO1_GOStep7 ***
<May23-2026> <13:25:14>  >>>> FRAGM
<May23-2026> <13:25:14>  Coordinates
<May23-2026> <13:25:14>     Atom         X           Y           Z   (Angstrom)
<May23-2026> <13:25:14>     1.C        -1.342703    0.067993   -0.952237
<May23-2026> <13:25:14>     2.C        -1.006611   -0.355757    0.358589
<May23-2026> <13:25:14>     3.N        -1.393398    0.745002    1.484989
<May23-2026> <13:25:14>     4.O        -2.357874    1.476143    1.196972
<May23-2026> <13:25:14>     5.O        -0.756588    0.736947    2.530791
<May23-2026> <13:25:14>     6.O        -0.497535   -1.384688    0.744862
<May23-2026> <13:25:14>     7.H        -1.697807    1.073396   -1.140790
<May23-2026> <13:25:14>     8.H        -1.163160   -0.624100   -1.769792
<May23-2026> <13:25:14>  >>>> CORORT
<May23-2026> <13:25:14>  >>>> CLSMAT
<May23-2026> <13:25:14>  >>>> ORTHON
<May23-2026> <13:25:14>  >>>> GENPT
<May23-2026> <13:25:14>  Block Length= 128
<May23-2026> <13:25:14>  >>>> PTBAS
<May23-2026> <13:25:16>  >>>> CYCLE
<May23-2026> <13:25:18>  using orbital data from restart file
<May23-2026> <13:25:20>              |Error|         MaxErr       Wt(A-DIIS)
<May23-2026> <13:25:20>      1      0.10302964      0.01213457
<May23-2026> <13:25:24>      2      0.01440746      0.00090641    100.0
<May23-2026> <13:25:28>      3      0.03968025      0.00356132    100.0
<May23-2026> <13:25:31>      4      0.01144420      0.00088572      0.0
<May23-2026> <13:25:35>      5      0.00433031      0.00041395      0.0
<May23-2026> <13:25:39>      6      0.00145874      0.00014934      0.0
<May23-2026> <13:25:42>      7      0.00072042      0.00008621      0.0
<May23-2026> <13:25:46>      8      0.00035748      0.00004199      0.0
<May23-2026> <13:25:50>      9      0.00016916      0.00001623      0.0
<May23-2026> <13:25:54>     10      0.00006084      0.00000411      0.0
<May23-2026> <13:25:57>     11      0.00002228      0.00000143      0.0
<May23-2026> <13:26:01>     12      0.00000480      0.00000044      0.0
<May23-2026> <13:26:02>  SCF converged
<May23-2026> <13:26:05>     13      0.00000192      0.00000020      0.0
<May23-2026> <13:26:06>  >>>> TOTEN
<May23-2026> <13:26:11>  >>>> POPAN
<May23-2026> <13:26:11>  >>>> DEBYE
<May23-2026> <13:26:11>  >>>> ENGRAD
<May23-2026> <13:26:16>  current energy                               -1.73086520 Hartree
<May23-2026> <13:26:16>  energy change                      -0.00036178     0.00008000    F
<May23-2026> <13:26:16>  constrained gradient max            0.00242749     0.00100000    F
<May23-2026> <13:26:16>  constrained gradient rms            0.00095092     0.00066667    F
<May23-2026> <13:26:16>  gradient max                        0.00242749
<May23-2026> <13:26:16>  gradient rms                        0.00095092
<May23-2026> <13:26:16>  cart. step max                      0.00771844     0.01000000    T
<May23-2026> <13:26:16>  cart. step rms                      0.00319869     0.00666667    T
<May23-2026> <13:26:16>  Iteration 8
<May23-2026> <13:26:16>  *** GO1_GOStep8 ***
<May23-2026> <13:26:16>  >>>> FRAGM
<May23-2026> <13:26:16>  Coordinates
<May23-2026> <13:26:16>     Atom         X           Y           Z   (Angstrom)
<May23-2026> <13:26:16>     1.C        -1.341553    0.066672   -0.952856
<May23-2026> <13:26:16>     2.C        -1.010369   -0.359646    0.357746
<May23-2026> <13:26:16>     3.N        -1.395890    0.744916    1.486358
<May23-2026> <13:26:16>     4.O        -2.355302    1.482154    1.199229
<May23-2026> <13:26:16>     5.O        -0.754755    0.738893    2.529375
<May23-2026> <13:26:16>     6.O        -0.497986   -1.387189    0.744777
<May23-2026> <13:26:16>     7.H        -1.704382    1.069908   -1.138446
<May23-2026> <13:26:16>     8.H        -1.155442   -0.620770   -1.772799
<May23-2026> <13:26:16>  >>>> CORORT
<May23-2026> <13:26:16>  >>>> CLSMAT
<May23-2026> <13:26:16>  >>>> ORTHON
<May23-2026> <13:26:16>  >>>> GENPT
<May23-2026> <13:26:16>  Block Length= 128
<May23-2026> <13:26:16>  >>>> PTBAS
<May23-2026> <13:26:17>  >>>> CYCLE
<May23-2026> <13:26:19>  using orbital data from restart file
<May23-2026> <13:26:22>              |Error|         MaxErr       Wt(A-DIIS)
<May23-2026> <13:26:22>      1      0.02451042      0.00399053
<May23-2026> <13:26:26>      2      0.00417538      0.00029512    100.0
<May23-2026> <13:26:29>      3      0.01034515      0.00086286    100.0
<May23-2026> <13:26:33>      4      0.00255698      0.00019369      0.0
<May23-2026> <13:26:37>      5      0.00183566      0.00017107      0.0
<May23-2026> <13:26:40>      6      0.00084153      0.00007881      0.0
<May23-2026> <13:26:44>      7      0.00025747      0.00002509      0.0
<May23-2026> <13:26:48>      8      0.00014428      0.00001100      0.0
<May23-2026> <13:26:52>      9      0.00005541      0.00000414      0.0
<May23-2026> <13:26:56>     10      0.00001997      0.00000158      0.0
<May23-2026> <13:26:59>     11      0.00000531      0.00000044      0.0
<May23-2026> <13:27:00>  SCF converged
<May23-2026> <13:27:03>     12      0.00000117      0.00000011      0.0
<May23-2026> <13:27:04>  >>>> TOTEN
<May23-2026> <13:27:09>  >>>> POPAN
<May23-2026> <13:27:09>  >>>> DEBYE
<May23-2026> <13:27:09>  >>>> ENGRAD
<May23-2026> <13:27:14>  current energy                               -1.73088248 Hartree
<May23-2026> <13:27:14>  energy change                      -0.00001728     0.00008000    T
<May23-2026> <13:27:14>  constrained gradient max            0.00238662     0.00100000    F
<May23-2026> <13:27:14>  constrained gradient rms            0.00072921     0.00066667    F
<May23-2026> <13:27:14>  gradient max                        0.00238662
<May23-2026> <13:27:14>  gradient rms                        0.00072921
<May23-2026> <13:27:14>  cart. step max                      0.00623476     0.01000000    T
<May23-2026> <13:27:14>  cart. step rms                      0.00221701     0.00666667    T
<May23-2026> <13:27:14>  Iteration 9
<May23-2026> <13:27:14>  *** GO1_GOStep9 ***
<May23-2026> <13:27:14>  >>>> FRAGM
<May23-2026> <13:27:14>  Coordinates
<May23-2026> <13:27:14>     Atom         X           Y           Z   (Angstrom)
<May23-2026> <13:27:14>     1.C        -1.339505    0.066289   -0.953805
<May23-2026> <13:27:14>     2.C        -1.008564   -0.361618    0.356377
<May23-2026> <13:27:14>     3.N        -1.396433    0.746792    1.487154
<May23-2026> <13:27:14>     4.O        -2.353022    1.486634    1.198944
<May23-2026> <13:27:14>     5.O        -0.756058    0.738010    2.530824
<May23-2026> <13:27:14>     6.O        -0.498430   -1.388993    0.745333
<May23-2026> <13:27:14>     7.H        -1.710617    1.067105   -1.136213
<May23-2026> <13:27:14>     8.H        -1.153049   -0.619282   -1.775231
<May23-2026> <13:27:14>  >>>> CORORT
<May23-2026> <13:27:14>  >>>> CLSMAT
<May23-2026> <13:27:14>  >>>> ORTHON
<May23-2026> <13:27:14>  >>>> GENPT
<May23-2026> <13:27:14>  Block Length= 128
<May23-2026> <13:27:14>  >>>> PTBAS
<May23-2026> <13:27:16>  >>>> CYCLE
<May23-2026> <13:27:17>  using orbital data from restart file
<May23-2026> <13:27:20>              |Error|         MaxErr       Wt(A-DIIS)
<May23-2026> <13:27:20>      1      0.01777613      0.00293617
<May23-2026> <13:27:24>      2      0.00651495      0.00057010    100.0
<May23-2026> <13:27:27>      3      0.02079467      0.00183023    100.0
<May23-2026> <13:27:31>      4      0.00645709      0.00058389      0.0
<May23-2026> <13:27:35>      5      0.00221800      0.00019988      0.0
<May23-2026> <13:27:38>      6      0.00079000      0.00008280      0.0
<May23-2026> <13:27:42>      7      0.00020763      0.00001696      0.0
<May23-2026> <13:27:46>      8      0.00013914      0.00001269      0.0
<May23-2026> <13:27:49>      9      0.00004743      0.00000367      0.0
<May23-2026> <13:27:53>     10      0.00001624      0.00000111      0.0
<May23-2026> <13:27:57>     11      0.00000578      0.00000052      0.0
<May23-2026> <13:27:58>  SCF converged
<May23-2026> <13:28:01>     12      0.00000198      0.00000013      0.0
<May23-2026> <13:28:02>  >>>> TOTEN
<May23-2026> <13:28:07>  >>>> POPAN
<May23-2026> <13:28:07>  >>>> DEBYE
<May23-2026> <13:28:07>  >>>> ENGRAD
<May23-2026> <13:28:12>  current energy                               -1.73088983 Hartree
<May23-2026> <13:28:12>  energy change                      -0.00000735     0.00008000    T
<May23-2026> <13:28:12>  constrained gradient max            0.00134966     0.00100000    F
<May23-2026> <13:28:12>  constrained gradient rms            0.00038357     0.00066667    T
<May23-2026> <13:28:12>  gradient max                        0.00134966
<May23-2026> <13:28:12>  gradient rms                        0.00038357
<May23-2026> <13:28:12>  cart. step max                      0.00488082     0.01000000    T
<May23-2026> <13:28:12>  cart. step rms                      0.00203382     0.00666667    T
<May23-2026> <13:28:12>  Iteration 10
<May23-2026> <13:28:12>  *** GO1_GOStep10 ***
<May23-2026> <13:28:12>  >>>> FRAGM
<May23-2026> <13:28:12>  Coordinates
<May23-2026> <13:28:12>     Atom         X           Y           Z   (Angstrom)
<May23-2026> <13:28:12>     1.C        -1.340516    0.064931   -0.954181
<May23-2026> <13:28:12>     2.C        -1.009450   -0.362574    0.355763
<May23-2026> <13:28:12>     3.N        -1.396050    0.748419    1.487306
<May23-2026> <13:28:12>     4.O        -2.349975    1.490981    1.199069
<May23-2026> <13:28:12>     5.O        -0.757543    0.735129    2.531986
<May23-2026> <13:28:12>     6.O        -0.497658   -1.388391    0.745535
<May23-2026> <13:28:12>     7.H        -1.715498    1.064547   -1.135570
<May23-2026> <13:28:12>     8.H        -1.148989   -0.618105   -1.776525
<May23-2026> <13:28:12>  >>>> CORORT
<May23-2026> <13:28:12>  >>>> CLSMAT
<May23-2026> <13:28:12>  >>>> ORTHON
<May23-2026> <13:28:12>  >>>> GENPT
<May23-2026> <13:28:12>  Block Length= 128
<May23-2026> <13:28:12>  >>>> PTBAS
<May23-2026> <13:28:13>  >>>> CYCLE
<May23-2026> <13:28:15>  using orbital data from restart file
<May23-2026> <13:28:18>              |Error|         MaxErr       Wt(A-DIIS)
<May23-2026> <13:28:18>      1      0.01734550      0.00315847
<May23-2026> <13:28:22>      2      0.00242064      0.00025125    100.0
<May23-2026> <13:28:25>      3      0.00196526      0.00019869    100.0
<May23-2026> <13:28:29>      4      0.00586919      0.00062771      0.0
<May23-2026> <13:28:33>      5      0.00075764      0.00006953      0.0
<May23-2026> <13:28:36>      6      0.00087103      0.00009059      0.0
<May23-2026> <13:28:40>      7      0.00031654      0.00002336      0.0
<May23-2026> <13:28:44>      8      0.00011421      0.00000880      0.0
<May23-2026> <13:28:48>      9      0.00004064      0.00000373      0.0
<May23-2026> <13:28:52>     10      0.00002052      0.00000169      0.0
<May23-2026> <13:28:56>     11      0.00000554      0.00000048      0.0
<May23-2026> <13:28:57>  SCF converged
<May23-2026> <13:29:00>     12      0.00000177      0.00000013      0.0
<May23-2026> <13:29:01>  >>>> TOTEN
<May23-2026> <13:29:06>  >>>> POPAN
<May23-2026> <13:29:06>  >>>> DEBYE
<May23-2026> <13:29:06>  >>>> ENGRAD
<May23-2026> <13:29:11>  current energy                               -1.73089246 Hartree
<May23-2026> <13:29:11>  energy change                      -0.00000263     0.00008000    T
<May23-2026> <13:29:11>  constrained gradient max            0.00026768     0.00100000    T
<May23-2026> <13:29:11>  constrained gradient rms            0.00011277     0.00066667    T
<May23-2026> <13:29:11>  gradient max                        0.00026768
<May23-2026> <13:29:11>  gradient rms                        0.00011277
<May23-2026> <13:29:11>  cart. step max                      0.00328753     0.01000000    T
<May23-2026> <13:29:11>  cart. step rms                      0.00146515     0.00666667    T
<May23-2026> <13:29:11>  Geometry optimization converged
<May23-2026> <13:29:11>  *** adf ***
<May23-2026> <13:29:11>  Net Charge: 0 (Nuclei minus Electrons)
<May23-2026> <13:29:11>  Spin polar: 1 (Spin_A minus Spin_B electrons)
<May23-2026> <13:29:11>  Symmetry  : NOSYM
<May23-2026> <13:29:11>  >>>> FRAGM
<May23-2026> <13:29:11>  Coordinates
<May23-2026> <13:29:11>     Atom         X           Y           Z   (Angstrom)
<May23-2026> <13:29:11>     1.C        -1.340516    0.064931   -0.954181
<May23-2026> <13:29:11>     2.C        -1.009450   -0.362574    0.355763
<May23-2026> <13:29:11>     3.N        -1.396050    0.748419    1.487306
<May23-2026> <13:29:11>     4.O        -2.349975    1.490981    1.199069
<May23-2026> <13:29:11>     5.O        -0.757543    0.735129    2.531986
<May23-2026> <13:29:11>     6.O        -0.497658   -1.388391    0.745535
<May23-2026> <13:29:11>     7.H        -1.715498    1.064547   -1.135570
<May23-2026> <13:29:11>     8.H        -1.148989   -0.618105   -1.776525
<May23-2026> <13:29:11>  >>>> CORORT
<May23-2026> <13:29:11>  >>>> CLSMAT
<May23-2026> <13:29:11>  >>>> ORTHON
<May23-2026> <13:29:11>  >>>> GENPT
<May23-2026> <13:29:11>  Block Length= 128
<May23-2026> <13:29:11>  >>>> PTBAS
<May23-2026> <13:29:13>  >>>> CYCLE
<May23-2026> <13:29:15>  using orbital data from restart file
<May23-2026> <13:29:18>              |Error|         MaxErr       Wt(A-DIIS)
<May23-2026> <13:29:18>      1      0.00000034      0.00000003
<May23-2026> <13:29:22>      2      0.00000062      0.00000006    100.0
<May23-2026> <13:29:23>  SCF converged
<May23-2026> <13:29:26>      3      0.00000208      0.00000019    100.0
<May23-2026> <13:29:29>  >>>> TOTEN
<May23-2026> <13:29:38>  >>>> POPAN
<May23-2026> <13:29:38>  >>>> DEBYE
<May23-2026> <13:29:38>  >>>> AMETS
<May23-2026> <13:29:38>   Bond Energy          -1.73089246 a.u.
<May23-2026> <13:29:38>   Bond Energy         -47.09998032 eV
<May23-2026> <13:29:38>   Bond Energy       -1086.15       kcal/mol
<May23-2026> <13:29:38>  >>>> POPUL
<May23-2026> <13:29:38>  >>>> ENGRAD
<May23-2026> <13:29:43>  NORMAL TERMINATION
