--------------------------------------------------------------------------
By default, for Open MPI 4.0 and later, infiniband ports on a device
are not used by default.  The intent is to use UCX for these devices.
You can override this policy by setting the btl_openib_allow_ib MCA parameter
to true.

  Local host:              n048
  Local adapter:           mlx5_2
  Local port:              1

--------------------------------------------------------------------------
--------------------------------------------------------------------------
WARNING: There was an error initializing an OpenFabrics device.

  Local host:   n048
  Local device: mlx5_2
--------------------------------------------------------------------------
[n048.hpc:2347954] 7 more processes have sent help message help-mpi-btl-openib.txt / ib port not selected
[n048.hpc:2347954] Set MCA parameter "orte_base_help_aggregate" to 0 to see all help / error messages
[n048.hpc:2347954] 7 more processes have sent help message help-mpi-btl-openib.txt / error in device init
--------------------------------------------------------------------------
By default, for Open MPI 4.0 and later, infiniband ports on a device
are not used by default.  The intent is to use UCX for these devices.
You can override this policy by setting the btl_openib_allow_ib MCA parameter
to true.

  Local host:              n048
  Local adapter:           mlx5_2
  Local port:              1

--------------------------------------------------------------------------
--------------------------------------------------------------------------
WARNING: There was an error initializing an OpenFabrics device.

  Local host:   n048
  Local device: mlx5_2
--------------------------------------------------------------------------
[n048.hpc:2347982] 7 more processes have sent help message help-mpi-btl-openib.txt / ib port not selected
[n048.hpc:2347982] Set MCA parameter "orte_base_help_aggregate" to 0 to see all help / error messages
[n048.hpc:2347982] 7 more processes have sent help message help-mpi-btl-openib.txt / error in device init
--------------------------------------------------------------------------
By default, for Open MPI 4.0 and later, infiniband ports on a device
are not used by default.  The intent is to use UCX for these devices.
You can override this policy by setting the btl_openib_allow_ib MCA parameter
to true.

  Local host:              n048
  Local adapter:           mlx5_2
  Local port:              1

--------------------------------------------------------------------------
--------------------------------------------------------------------------
WARNING: There was an error initializing an OpenFabrics device.

  Local host:   n048
  Local device: mlx5_2
--------------------------------------------------------------------------
[n048.hpc:2348025] 7 more processes have sent help message help-mpi-btl-openib.txt / ib port not selected
[n048.hpc:2348025] Set MCA parameter "orte_base_help_aggregate" to 0 to see all help / error messages
[n048.hpc:2348025] 7 more processes have sent help message help-mpi-btl-openib.txt / error in device init
--------------------------------------------------------------------------
By default, for Open MPI 4.0 and later, infiniband ports on a device
are not used by default.  The intent is to use UCX for these devices.
You can override this policy by setting the btl_openib_allow_ib MCA parameter
to true.

  Local host:              n048
  Local adapter:           mlx5_2
  Local port:              1

--------------------------------------------------------------------------
--------------------------------------------------------------------------
WARNING: There was an error initializing an OpenFabrics device.

  Local host:   n048
  Local device: mlx5_2
--------------------------------------------------------------------------
[n048.hpc:2348402] 7 more processes have sent help message help-mpi-btl-openib.txt / ib port not selected
[n048.hpc:2348402] Set MCA parameter "orte_base_help_aggregate" to 0 to see all help / error messages
[n048.hpc:2348402] 7 more processes have sent help message help-mpi-btl-openib.txt / error in device init
--------------------------------------------------------------------------
By default, for Open MPI 4.0 and later, infiniband ports on a device
are not used by default.  The intent is to use UCX for these devices.
You can override this policy by setting the btl_openib_allow_ib MCA parameter
to true.

  Local host:              n048
  Local adapter:           mlx5_2
  Local port:              1

--------------------------------------------------------------------------
--------------------------------------------------------------------------
WARNING: There was an error initializing an OpenFabrics device.

  Local host:   n048
  Local device: mlx5_2
--------------------------------------------------------------------------
[n048.hpc:2348430] 7 more processes have sent help message help-mpi-btl-openib.txt / ib port not selected
[n048.hpc:2348430] Set MCA parameter "orte_base_help_aggregate" to 0 to see all help / error messages
[n048.hpc:2348430] 7 more processes have sent help message help-mpi-btl-openib.txt / error in device init
--------------------------------------------------------------------------
By default, for Open MPI 4.0 and later, infiniband ports on a device
are not used by default.  The intent is to use UCX for these devices.
You can override this policy by setting the btl_openib_allow_ib MCA parameter
to true.

  Local host:              n048
  Local adapter:           mlx5_2
  Local port:              1

--------------------------------------------------------------------------
--------------------------------------------------------------------------
WARNING: There was an error initializing an OpenFabrics device.

  Local host:   n048
  Local device: mlx5_2
--------------------------------------------------------------------------
[n048.hpc:2348500] 7 more processes have sent help message help-mpi-btl-openib.txt / ib port not selected
[n048.hpc:2348500] Set MCA parameter "orte_base_help_aggregate" to 0 to see all help / error messages
[n048.hpc:2348500] 7 more processes have sent help message help-mpi-btl-openib.txt / error in device init
--------------------------------------------------------------------------
By default, for Open MPI 4.0 and later, infiniband ports on a device
are not used by default.  The intent is to use UCX for these devices.
You can override this policy by setting the btl_openib_allow_ib MCA parameter
to true.

  Local host:              n048
  Local adapter:           mlx5_2
  Local port:              1

--------------------------------------------------------------------------
--------------------------------------------------------------------------
WARNING: There was an error initializing an OpenFabrics device.

  Local host:   n048
  Local device: mlx5_2
--------------------------------------------------------------------------
[n048.hpc:2348989] 7 more processes have sent help message help-mpi-btl-openib.txt / ib port not selected
[n048.hpc:2348989] Set MCA parameter "orte_base_help_aggregate" to 0 to see all help / error messages
[n048.hpc:2348989] 7 more processes have sent help message help-mpi-btl-openib.txt / error in device init
--------------------------------------------------------------------------
By default, for Open MPI 4.0 and later, infiniband ports on a device
are not used by default.  The intent is to use UCX for these devices.
You can override this policy by setting the btl_openib_allow_ib MCA parameter
to true.

  Local host:              n048
  Local adapter:           mlx5_2
  Local port:              1

--------------------------------------------------------------------------
--------------------------------------------------------------------------
WARNING: There was an error initializing an OpenFabrics device.

  Local host:   n048
  Local device: mlx5_2
--------------------------------------------------------------------------
[n048.hpc:2349253] 7 more processes have sent help message help-mpi-btl-openib.txt / ib port not selected
[n048.hpc:2349253] Set MCA parameter "orte_base_help_aggregate" to 0 to see all help / error messages
[n048.hpc:2349253] 7 more processes have sent help message help-mpi-btl-openib.txt / error in device init
--------------------------------------------------------------------------
By default, for Open MPI 4.0 and later, infiniband ports on a device
are not used by default.  The intent is to use UCX for these devices.
You can override this policy by setting the btl_openib_allow_ib MCA parameter
to true.

  Local host:              n048
  Local adapter:           mlx5_2
  Local port:              1

--------------------------------------------------------------------------
--------------------------------------------------------------------------
WARNING: There was an error initializing an OpenFabrics device.

  Local host:   n048
  Local device: mlx5_2
--------------------------------------------------------------------------
[n048.hpc:2355293] 7 more processes have sent help message help-mpi-btl-openib.txt / ib port not selected
[n048.hpc:2355293] Set MCA parameter "orte_base_help_aggregate" to 0 to see all help / error messages
[n048.hpc:2355293] 7 more processes have sent help message help-mpi-btl-openib.txt / error in device init
--------------------------------------------------------------------------
By default, for Open MPI 4.0 and later, infiniband ports on a device
are not used by default.  The intent is to use UCX for these devices.
You can override this policy by setting the btl_openib_allow_ib MCA parameter
to true.

  Local host:              n048
  Local adapter:           mlx5_2
  Local port:              1

--------------------------------------------------------------------------
--------------------------------------------------------------------------
WARNING: There was an error initializing an OpenFabrics device.

  Local host:   n048
  Local device: mlx5_2
--------------------------------------------------------------------------
[n048.hpc:2355321] 7 more processes have sent help message help-mpi-btl-openib.txt / ib port not selected
[n048.hpc:2355321] Set MCA parameter "orte_base_help_aggregate" to 0 to see all help / error messages
[n048.hpc:2355321] 7 more processes have sent help message help-mpi-btl-openib.txt / error in device init
--------------------------------------------------------------------------
By default, for Open MPI 4.0 and later, infiniband ports on a device
are not used by default.  The intent is to use UCX for these devices.
You can override this policy by setting the btl_openib_allow_ib MCA parameter
to true.

  Local host:              n048
  Local adapter:           mlx5_2
  Local port:              1

--------------------------------------------------------------------------
--------------------------------------------------------------------------
WARNING: There was an error initializing an OpenFabrics device.

  Local host:   n048
  Local device: mlx5_2
--------------------------------------------------------------------------
[n048.hpc:2355349] 7 more processes have sent help message help-mpi-btl-openib.txt / ib port not selected
[n048.hpc:2355349] Set MCA parameter "orte_base_help_aggregate" to 0 to see all help / error messages
[n048.hpc:2355349] 7 more processes have sent help message help-mpi-btl-openib.txt / error in device init
--------------------------------------------------------------------------
By default, for Open MPI 4.0 and later, infiniband ports on a device
are not used by default.  The intent is to use UCX for these devices.
You can override this policy by setting the btl_openib_allow_ib MCA parameter
to true.

  Local host:              n048
  Local adapter:           mlx5_2
  Local port:              1

--------------------------------------------------------------------------
--------------------------------------------------------------------------
WARNING: There was an error initializing an OpenFabrics device.

  Local host:   n048
  Local device: mlx5_2
--------------------------------------------------------------------------
[n048.hpc:2355405] 7 more processes have sent help message help-mpi-btl-openib.txt / ib port not selected
[n048.hpc:2355405] Set MCA parameter "orte_base_help_aggregate" to 0 to see all help / error messages
[n048.hpc:2355405] 7 more processes have sent help message help-mpi-btl-openib.txt / error in device init
--------------------------------------------------------------------------
By default, for Open MPI 4.0 and later, infiniband ports on a device
are not used by default.  The intent is to use UCX for these devices.
You can override this policy by setting the btl_openib_allow_ib MCA parameter
to true.

  Local host:              n048
  Local adapter:           mlx5_2
  Local port:              1

--------------------------------------------------------------------------
--------------------------------------------------------------------------
WARNING: There was an error initializing an OpenFabrics device.

  Local host:   n048
  Local device: mlx5_2
--------------------------------------------------------------------------
[n048.hpc:2355461] 7 more processes have sent help message help-mpi-btl-openib.txt / ib port not selected
[n048.hpc:2355461] Set MCA parameter "orte_base_help_aggregate" to 0 to see all help / error messages
[n048.hpc:2355461] 7 more processes have sent help message help-mpi-btl-openib.txt / error in device init
--------------------------------------------------------------------------
By default, for Open MPI 4.0 and later, infiniband ports on a device
are not used by default.  The intent is to use UCX for these devices.
You can override this policy by setting the btl_openib_allow_ib MCA parameter
to true.

  Local host:              n048
  Local adapter:           mlx5_2
  Local port:              1

--------------------------------------------------------------------------
--------------------------------------------------------------------------
WARNING: There was an error initializing an OpenFabrics device.

  Local host:   n048
  Local device: mlx5_2
--------------------------------------------------------------------------
[n048.hpc:2355781] 7 more processes have sent help message help-mpi-btl-openib.txt / ib port not selected
[n048.hpc:2355781] Set MCA parameter "orte_base_help_aggregate" to 0 to see all help / error messages
[n048.hpc:2355781] 7 more processes have sent help message help-mpi-btl-openib.txt / error in device init
--------------------------------------------------------------------------
By default, for Open MPI 4.0 and later, infiniband ports on a device
are not used by default.  The intent is to use UCX for these devices.
You can override this policy by setting the btl_openib_allow_ib MCA parameter
to true.

  Local host:              n048
  Local adapter:           mlx5_2
  Local port:              1

--------------------------------------------------------------------------
--------------------------------------------------------------------------
WARNING: There was an error initializing an OpenFabrics device.

  Local host:   n048
  Local device: mlx5_2
--------------------------------------------------------------------------
[n048.hpc:2355809] 7 more processes have sent help message help-mpi-btl-openib.txt / ib port not selected
[n048.hpc:2355809] Set MCA parameter "orte_base_help_aggregate" to 0 to see all help / error messages
[n048.hpc:2355809] 7 more processes have sent help message help-mpi-btl-openib.txt / error in device init
--------------------------------------------------------------------------
By default, for Open MPI 4.0 and later, infiniband ports on a device
are not used by default.  The intent is to use UCX for these devices.
You can override this policy by setting the btl_openib_allow_ib MCA parameter
to true.

  Local host:              n048
  Local adapter:           mlx5_2
  Local port:              1

--------------------------------------------------------------------------
--------------------------------------------------------------------------
WARNING: There was an error initializing an OpenFabrics device.

  Local host:   n048
  Local device: mlx5_2
--------------------------------------------------------------------------
[n048.hpc:2355991] 7 more processes have sent help message help-mpi-btl-openib.txt / ib port not selected
[n048.hpc:2355991] Set MCA parameter "orte_base_help_aggregate" to 0 to see all help / error messages
[n048.hpc:2355991] 7 more processes have sent help message help-mpi-btl-openib.txt / error in device init
--------------------------------------------------------------------------
By default, for Open MPI 4.0 and later, infiniband ports on a device
are not used by default.  The intent is to use UCX for these devices.
You can override this policy by setting the btl_openib_allow_ib MCA parameter
to true.

  Local host:              n048
  Local adapter:           mlx5_2
  Local port:              1

--------------------------------------------------------------------------
--------------------------------------------------------------------------
WARNING: There was an error initializing an OpenFabrics device.

  Local host:   n048
  Local device: mlx5_2
--------------------------------------------------------------------------
[n048.hpc:2356019] 7 more processes have sent help message help-mpi-btl-openib.txt / ib port not selected
[n048.hpc:2356019] Set MCA parameter "orte_base_help_aggregate" to 0 to see all help / error messages
[n048.hpc:2356019] 7 more processes have sent help message help-mpi-btl-openib.txt / error in device init
--------------------------------------------------------------------------
By default, for Open MPI 4.0 and later, infiniband ports on a device
are not used by default.  The intent is to use UCX for these devices.
You can override this policy by setting the btl_openib_allow_ib MCA parameter
to true.

  Local host:              n048
  Local adapter:           mlx5_2
  Local port:              1

--------------------------------------------------------------------------
--------------------------------------------------------------------------
WARNING: There was an error initializing an OpenFabrics device.

  Local host:   n048
  Local device: mlx5_2
--------------------------------------------------------------------------
[n048.hpc:2356047] 7 more processes have sent help message help-mpi-btl-openib.txt / ib port not selected
[n048.hpc:2356047] Set MCA parameter "orte_base_help_aggregate" to 0 to see all help / error messages
[n048.hpc:2356047] 7 more processes have sent help message help-mpi-btl-openib.txt / error in device init
--------------------------------------------------------------------------
By default, for Open MPI 4.0 and later, infiniband ports on a device
are not used by default.  The intent is to use UCX for these devices.
You can override this policy by setting the btl_openib_allow_ib MCA parameter
to true.

  Local host:              n048
  Local adapter:           mlx5_2
  Local port:              1

--------------------------------------------------------------------------
--------------------------------------------------------------------------
WARNING: There was an error initializing an OpenFabrics device.

  Local host:   n048
  Local device: mlx5_2
--------------------------------------------------------------------------
[n048.hpc:2356075] 7 more processes have sent help message help-mpi-btl-openib.txt / ib port not selected
[n048.hpc:2356075] Set MCA parameter "orte_base_help_aggregate" to 0 to see all help / error messages
[n048.hpc:2356075] 7 more processes have sent help message help-mpi-btl-openib.txt / error in device init
--------------------------------------------------------------------------
By default, for Open MPI 4.0 and later, infiniband ports on a device
are not used by default.  The intent is to use UCX for these devices.
You can override this policy by setting the btl_openib_allow_ib MCA parameter
to true.

  Local host:              n048
  Local adapter:           mlx5_2
  Local port:              1

--------------------------------------------------------------------------
--------------------------------------------------------------------------
WARNING: There was an error initializing an OpenFabrics device.

  Local host:   n048
  Local device: mlx5_2
--------------------------------------------------------------------------
[n048.hpc:2356405] 7 more processes have sent help message help-mpi-btl-openib.txt / ib port not selected
[n048.hpc:2356405] Set MCA parameter "orte_base_help_aggregate" to 0 to see all help / error messages
[n048.hpc:2356405] 7 more processes have sent help message help-mpi-btl-openib.txt / error in device init
--------------------------------------------------------------------------
By default, for Open MPI 4.0 and later, infiniband ports on a device
are not used by default.  The intent is to use UCX for these devices.
You can override this policy by setting the btl_openib_allow_ib MCA parameter
to true.

  Local host:              n048
  Local adapter:           mlx5_2
  Local port:              1

--------------------------------------------------------------------------
--------------------------------------------------------------------------
WARNING: There was an error initializing an OpenFabrics device.

  Local host:   n048
  Local device: mlx5_2
--------------------------------------------------------------------------
[n048.hpc:2356433] 7 more processes have sent help message help-mpi-btl-openib.txt / ib port not selected
[n048.hpc:2356433] Set MCA parameter "orte_base_help_aggregate" to 0 to see all help / error messages
[n048.hpc:2356433] 7 more processes have sent help message help-mpi-btl-openib.txt / error in device init
--------------------------------------------------------------------------
By default, for Open MPI 4.0 and later, infiniband ports on a device
are not used by default.  The intent is to use UCX for these devices.
You can override this policy by setting the btl_openib_allow_ib MCA parameter
to true.

  Local host:              n048
  Local adapter:           mlx5_2
  Local port:              1

--------------------------------------------------------------------------
--------------------------------------------------------------------------
WARNING: There was an error initializing an OpenFabrics device.

  Local host:   n048
  Local device: mlx5_2
--------------------------------------------------------------------------
[n048.hpc:2356621] 7 more processes have sent help message help-mpi-btl-openib.txt / ib port not selected
[n048.hpc:2356621] Set MCA parameter "orte_base_help_aggregate" to 0 to see all help / error messages
[n048.hpc:2356621] 7 more processes have sent help message help-mpi-btl-openib.txt / error in device init
--------------------------------------------------------------------------
By default, for Open MPI 4.0 and later, infiniband ports on a device
are not used by default.  The intent is to use UCX for these devices.
You can override this policy by setting the btl_openib_allow_ib MCA parameter
to true.

  Local host:              n048
  Local adapter:           mlx5_2
  Local port:              1

--------------------------------------------------------------------------
--------------------------------------------------------------------------
WARNING: There was an error initializing an OpenFabrics device.

  Local host:   n048
  Local device: mlx5_2
--------------------------------------------------------------------------
[n048.hpc:2356649] 7 more processes have sent help message help-mpi-btl-openib.txt / ib port not selected
[n048.hpc:2356649] Set MCA parameter "orte_base_help_aggregate" to 0 to see all help / error messages
[n048.hpc:2356649] 7 more processes have sent help message help-mpi-btl-openib.txt / error in device init
--------------------------------------------------------------------------
By default, for Open MPI 4.0 and later, infiniband ports on a device
are not used by default.  The intent is to use UCX for these devices.
You can override this policy by setting the btl_openib_allow_ib MCA parameter
to true.

  Local host:              n048
  Local adapter:           mlx5_2
  Local port:              1

--------------------------------------------------------------------------
--------------------------------------------------------------------------
WARNING: There was an error initializing an OpenFabrics device.

  Local host:   n048
  Local device: mlx5_2
--------------------------------------------------------------------------
[n048.hpc:2356677] 7 more processes have sent help message help-mpi-btl-openib.txt / ib port not selected
[n048.hpc:2356677] Set MCA parameter "orte_base_help_aggregate" to 0 to see all help / error messages
[n048.hpc:2356677] 7 more processes have sent help message help-mpi-btl-openib.txt / error in device init
--------------------------------------------------------------------------
By default, for Open MPI 4.0 and later, infiniband ports on a device
are not used by default.  The intent is to use UCX for these devices.
You can override this policy by setting the btl_openib_allow_ib MCA parameter
to true.

  Local host:              n048
  Local adapter:           mlx5_2
  Local port:              1

--------------------------------------------------------------------------
--------------------------------------------------------------------------
WARNING: There was an error initializing an OpenFabrics device.

  Local host:   n048
  Local device: mlx5_2
--------------------------------------------------------------------------
[n048.hpc:2356705] 7 more processes have sent help message help-mpi-btl-openib.txt / ib port not selected
[n048.hpc:2356705] Set MCA parameter "orte_base_help_aggregate" to 0 to see all help / error messages
[n048.hpc:2356705] 7 more processes have sent help message help-mpi-btl-openib.txt / error in device init
--------------------------------------------------------------------------
By default, for Open MPI 4.0 and later, infiniband ports on a device
are not used by default.  The intent is to use UCX for these devices.
You can override this policy by setting the btl_openib_allow_ib MCA parameter
to true.

  Local host:              n048
  Local adapter:           mlx5_2
  Local port:              1

--------------------------------------------------------------------------
--------------------------------------------------------------------------
WARNING: There was an error initializing an OpenFabrics device.

  Local host:   n048
  Local device: mlx5_2
--------------------------------------------------------------------------
[n048.hpc:2356994] 7 more processes have sent help message help-mpi-btl-openib.txt / ib port not selected
[n048.hpc:2356994] Set MCA parameter "orte_base_help_aggregate" to 0 to see all help / error messages
[n048.hpc:2356994] 7 more processes have sent help message help-mpi-btl-openib.txt / error in device init
--------------------------------------------------------------------------
By default, for Open MPI 4.0 and later, infiniband ports on a device
are not used by default.  The intent is to use UCX for these devices.
You can override this policy by setting the btl_openib_allow_ib MCA parameter
to true.

  Local host:              n048
  Local adapter:           mlx5_2
  Local port:              1

--------------------------------------------------------------------------
--------------------------------------------------------------------------
WARNING: There was an error initializing an OpenFabrics device.

  Local host:   n048
  Local device: mlx5_2
--------------------------------------------------------------------------
[n048.hpc:2357022] 7 more processes have sent help message help-mpi-btl-openib.txt / ib port not selected
[n048.hpc:2357022] Set MCA parameter "orte_base_help_aggregate" to 0 to see all help / error messages
[n048.hpc:2357022] 7 more processes have sent help message help-mpi-btl-openib.txt / error in device init
--------------------------------------------------------------------------
By default, for Open MPI 4.0 and later, infiniband ports on a device
are not used by default.  The intent is to use UCX for these devices.
You can override this policy by setting the btl_openib_allow_ib MCA parameter
to true.

  Local host:              n048
  Local adapter:           mlx5_2
  Local port:              1

--------------------------------------------------------------------------
--------------------------------------------------------------------------
WARNING: There was an error initializing an OpenFabrics device.

  Local host:   n048
  Local device: mlx5_2
--------------------------------------------------------------------------
[n048.hpc:2357234] 7 more processes have sent help message help-mpi-btl-openib.txt / ib port not selected
[n048.hpc:2357234] Set MCA parameter "orte_base_help_aggregate" to 0 to see all help / error messages
[n048.hpc:2357234] 7 more processes have sent help message help-mpi-btl-openib.txt / error in device init
--------------------------------------------------------------------------
By default, for Open MPI 4.0 and later, infiniband ports on a device
are not used by default.  The intent is to use UCX for these devices.
You can override this policy by setting the btl_openib_allow_ib MCA parameter
to true.

  Local host:              n048
  Local adapter:           mlx5_2
  Local port:              1

--------------------------------------------------------------------------
--------------------------------------------------------------------------
WARNING: There was an error initializing an OpenFabrics device.

  Local host:   n048
  Local device: mlx5_2
--------------------------------------------------------------------------
[n048.hpc:2357262] 7 more processes have sent help message help-mpi-btl-openib.txt / ib port not selected
[n048.hpc:2357262] Set MCA parameter "orte_base_help_aggregate" to 0 to see all help / error messages
[n048.hpc:2357262] 7 more processes have sent help message help-mpi-btl-openib.txt / error in device init
--------------------------------------------------------------------------
By default, for Open MPI 4.0 and later, infiniband ports on a device
are not used by default.  The intent is to use UCX for these devices.
You can override this policy by setting the btl_openib_allow_ib MCA parameter
to true.

  Local host:              n048
  Local adapter:           mlx5_2
  Local port:              1

--------------------------------------------------------------------------
--------------------------------------------------------------------------
WARNING: There was an error initializing an OpenFabrics device.

  Local host:   n048
  Local device: mlx5_2
--------------------------------------------------------------------------
[n048.hpc:2357290] 7 more processes have sent help message help-mpi-btl-openib.txt / ib port not selected
[n048.hpc:2357290] Set MCA parameter "orte_base_help_aggregate" to 0 to see all help / error messages
[n048.hpc:2357290] 7 more processes have sent help message help-mpi-btl-openib.txt / error in device init
--------------------------------------------------------------------------
By default, for Open MPI 4.0 and later, infiniband ports on a device
are not used by default.  The intent is to use UCX for these devices.
You can override this policy by setting the btl_openib_allow_ib MCA parameter
to true.

  Local host:              n048
  Local adapter:           mlx5_2
  Local port:              1

--------------------------------------------------------------------------
--------------------------------------------------------------------------
WARNING: There was an error initializing an OpenFabrics device.

  Local host:   n048
  Local device: mlx5_2
--------------------------------------------------------------------------
[n048.hpc:2357318] 7 more processes have sent help message help-mpi-btl-openib.txt / ib port not selected
[n048.hpc:2357318] Set MCA parameter "orte_base_help_aggregate" to 0 to see all help / error messages
[n048.hpc:2357318] 7 more processes have sent help message help-mpi-btl-openib.txt / error in device init
--------------------------------------------------------------------------
By default, for Open MPI 4.0 and later, infiniband ports on a device
are not used by default.  The intent is to use UCX for these devices.
You can override this policy by setting the btl_openib_allow_ib MCA parameter
to true.

  Local host:              n048
  Local adapter:           mlx5_2
  Local port:              1

--------------------------------------------------------------------------
--------------------------------------------------------------------------
WARNING: There was an error initializing an OpenFabrics device.

  Local host:   n048
  Local device: mlx5_2
--------------------------------------------------------------------------
[n048.hpc:2357627] 7 more processes have sent help message help-mpi-btl-openib.txt / ib port not selected
[n048.hpc:2357627] Set MCA parameter "orte_base_help_aggregate" to 0 to see all help / error messages
[n048.hpc:2357627] 7 more processes have sent help message help-mpi-btl-openib.txt / error in device init
--------------------------------------------------------------------------
By default, for Open MPI 4.0 and later, infiniband ports on a device
are not used by default.  The intent is to use UCX for these devices.
You can override this policy by setting the btl_openib_allow_ib MCA parameter
to true.

  Local host:              n048
  Local adapter:           mlx5_2
  Local port:              1

--------------------------------------------------------------------------
--------------------------------------------------------------------------
WARNING: There was an error initializing an OpenFabrics device.

  Local host:   n048
  Local device: mlx5_2
--------------------------------------------------------------------------
[n048.hpc:2357655] 7 more processes have sent help message help-mpi-btl-openib.txt / ib port not selected
[n048.hpc:2357655] Set MCA parameter "orte_base_help_aggregate" to 0 to see all help / error messages
[n048.hpc:2357655] 7 more processes have sent help message help-mpi-btl-openib.txt / error in device init
--------------------------------------------------------------------------
By default, for Open MPI 4.0 and later, infiniband ports on a device
are not used by default.  The intent is to use UCX for these devices.
You can override this policy by setting the btl_openib_allow_ib MCA parameter
to true.

  Local host:              n048
  Local adapter:           mlx5_2
  Local port:              1

--------------------------------------------------------------------------
--------------------------------------------------------------------------
WARNING: There was an error initializing an OpenFabrics device.

  Local host:   n048
  Local device: mlx5_2
--------------------------------------------------------------------------
[n048.hpc:2357844] 7 more processes have sent help message help-mpi-btl-openib.txt / ib port not selected
[n048.hpc:2357844] Set MCA parameter "orte_base_help_aggregate" to 0 to see all help / error messages
[n048.hpc:2357844] 7 more processes have sent help message help-mpi-btl-openib.txt / error in device init
--------------------------------------------------------------------------
By default, for Open MPI 4.0 and later, infiniband ports on a device
are not used by default.  The intent is to use UCX for these devices.
You can override this policy by setting the btl_openib_allow_ib MCA parameter
to true.

  Local host:              n048
  Local adapter:           mlx5_2
  Local port:              1

--------------------------------------------------------------------------
--------------------------------------------------------------------------
WARNING: There was an error initializing an OpenFabrics device.

  Local host:   n048
  Local device: mlx5_2
--------------------------------------------------------------------------
[n048.hpc:2357872] 7 more processes have sent help message help-mpi-btl-openib.txt / ib port not selected
[n048.hpc:2357872] Set MCA parameter "orte_base_help_aggregate" to 0 to see all help / error messages
[n048.hpc:2357872] 7 more processes have sent help message help-mpi-btl-openib.txt / error in device init
--------------------------------------------------------------------------
By default, for Open MPI 4.0 and later, infiniband ports on a device
are not used by default.  The intent is to use UCX for these devices.
You can override this policy by setting the btl_openib_allow_ib MCA parameter
to true.

  Local host:              n048
  Local adapter:           mlx5_2
  Local port:              1

--------------------------------------------------------------------------
--------------------------------------------------------------------------
WARNING: There was an error initializing an OpenFabrics device.

  Local host:   n048
  Local device: mlx5_2
--------------------------------------------------------------------------
[n048.hpc:2357900] 7 more processes have sent help message help-mpi-btl-openib.txt / ib port not selected
[n048.hpc:2357900] Set MCA parameter "orte_base_help_aggregate" to 0 to see all help / error messages
[n048.hpc:2357900] 7 more processes have sent help message help-mpi-btl-openib.txt / error in device init
--------------------------------------------------------------------------
By default, for Open MPI 4.0 and later, infiniband ports on a device
are not used by default.  The intent is to use UCX for these devices.
You can override this policy by setting the btl_openib_allow_ib MCA parameter
to true.

  Local host:              n048
  Local adapter:           mlx5_2
  Local port:              1

--------------------------------------------------------------------------
--------------------------------------------------------------------------
WARNING: There was an error initializing an OpenFabrics device.

  Local host:   n048
  Local device: mlx5_2
--------------------------------------------------------------------------
[n048.hpc:2357928] 7 more processes have sent help message help-mpi-btl-openib.txt / ib port not selected
[n048.hpc:2357928] Set MCA parameter "orte_base_help_aggregate" to 0 to see all help / error messages
[n048.hpc:2357928] 7 more processes have sent help message help-mpi-btl-openib.txt / error in device init
--------------------------------------------------------------------------
By default, for Open MPI 4.0 and later, infiniband ports on a device
are not used by default.  The intent is to use UCX for these devices.
You can override this policy by setting the btl_openib_allow_ib MCA parameter
to true.

  Local host:              n048
  Local adapter:           mlx5_2
  Local port:              1

--------------------------------------------------------------------------
--------------------------------------------------------------------------
WARNING: There was an error initializing an OpenFabrics device.

  Local host:   n048
  Local device: mlx5_2
--------------------------------------------------------------------------
[n048.hpc:2358221] 7 more processes have sent help message help-mpi-btl-openib.txt / ib port not selected
[n048.hpc:2358221] Set MCA parameter "orte_base_help_aggregate" to 0 to see all help / error messages
[n048.hpc:2358221] 7 more processes have sent help message help-mpi-btl-openib.txt / error in device init
--------------------------------------------------------------------------
By default, for Open MPI 4.0 and later, infiniband ports on a device
are not used by default.  The intent is to use UCX for these devices.
You can override this policy by setting the btl_openib_allow_ib MCA parameter
to true.

  Local host:              n048
  Local adapter:           mlx5_2
  Local port:              1

--------------------------------------------------------------------------
--------------------------------------------------------------------------
WARNING: There was an error initializing an OpenFabrics device.

  Local host:   n048
  Local device: mlx5_2
--------------------------------------------------------------------------
[n048.hpc:2358249] 7 more processes have sent help message help-mpi-btl-openib.txt / ib port not selected
[n048.hpc:2358249] Set MCA parameter "orte_base_help_aggregate" to 0 to see all help / error messages
[n048.hpc:2358249] 7 more processes have sent help message help-mpi-btl-openib.txt / error in device init
--------------------------------------------------------------------------
By default, for Open MPI 4.0 and later, infiniband ports on a device
are not used by default.  The intent is to use UCX for these devices.
You can override this policy by setting the btl_openib_allow_ib MCA parameter
to true.

  Local host:              n048
  Local adapter:           mlx5_2
  Local port:              1

--------------------------------------------------------------------------
--------------------------------------------------------------------------
WARNING: There was an error initializing an OpenFabrics device.

  Local host:   n048
  Local device: mlx5_2
--------------------------------------------------------------------------
[n048.hpc:2358322] 7 more processes have sent help message help-mpi-btl-openib.txt / ib port not selected
[n048.hpc:2358322] Set MCA parameter "orte_base_help_aggregate" to 0 to see all help / error messages
[n048.hpc:2358322] 7 more processes have sent help message help-mpi-btl-openib.txt / error in device init
--------------------------------------------------------------------------
By default, for Open MPI 4.0 and later, infiniband ports on a device
are not used by default.  The intent is to use UCX for these devices.
You can override this policy by setting the btl_openib_allow_ib MCA parameter
to true.

  Local host:              n048
  Local adapter:           mlx5_2
  Local port:              1

--------------------------------------------------------------------------
--------------------------------------------------------------------------
WARNING: There was an error initializing an OpenFabrics device.

  Local host:   n048
  Local device: mlx5_2
--------------------------------------------------------------------------
[n048.hpc:2358724] 7 more processes have sent help message help-mpi-btl-openib.txt / ib port not selected
[n048.hpc:2358724] Set MCA parameter "orte_base_help_aggregate" to 0 to see all help / error messages
[n048.hpc:2358724] 7 more processes have sent help message help-mpi-btl-openib.txt / error in device init
--------------------------------------------------------------------------
By default, for Open MPI 4.0 and later, infiniband ports on a device
are not used by default.  The intent is to use UCX for these devices.
You can override this policy by setting the btl_openib_allow_ib MCA parameter
to true.

  Local host:              n048
  Local adapter:           mlx5_2
  Local port:              1

--------------------------------------------------------------------------
--------------------------------------------------------------------------
WARNING: There was an error initializing an OpenFabrics device.

  Local host:   n048
  Local device: mlx5_2
--------------------------------------------------------------------------
[n048.hpc:2358958] 7 more processes have sent help message help-mpi-btl-openib.txt / ib port not selected
[n048.hpc:2358958] Set MCA parameter "orte_base_help_aggregate" to 0 to see all help / error messages
[n048.hpc:2358958] 7 more processes have sent help message help-mpi-btl-openib.txt / error in device init
--------------------------------------------------------------------------
By default, for Open MPI 4.0 and later, infiniband ports on a device
are not used by default.  The intent is to use UCX for these devices.
You can override this policy by setting the btl_openib_allow_ib MCA parameter
to true.

  Local host:              n048
  Local adapter:           mlx5_2
  Local port:              1

--------------------------------------------------------------------------
--------------------------------------------------------------------------
WARNING: There was an error initializing an OpenFabrics device.

  Local host:   n048
  Local device: mlx5_2
--------------------------------------------------------------------------
[n048.hpc:2359904] 7 more processes have sent help message help-mpi-btl-openib.txt / ib port not selected
[n048.hpc:2359904] Set MCA parameter "orte_base_help_aggregate" to 0 to see all help / error messages
[n048.hpc:2359904] 7 more processes have sent help message help-mpi-btl-openib.txt / error in device init
--------------------------------------------------------------------------
By default, for Open MPI 4.0 and later, infiniband ports on a device
are not used by default.  The intent is to use UCX for these devices.
You can override this policy by setting the btl_openib_allow_ib MCA parameter
to true.

  Local host:              n048
  Local adapter:           mlx5_2
  Local port:              1

--------------------------------------------------------------------------
--------------------------------------------------------------------------
WARNING: There was an error initializing an OpenFabrics device.

  Local host:   n048
  Local device: mlx5_2
--------------------------------------------------------------------------
[n048.hpc:2359932] 7 more processes have sent help message help-mpi-btl-openib.txt / ib port not selected
[n048.hpc:2359932] Set MCA parameter "orte_base_help_aggregate" to 0 to see all help / error messages
[n048.hpc:2359932] 7 more processes have sent help message help-mpi-btl-openib.txt / error in device init
--------------------------------------------------------------------------
By default, for Open MPI 4.0 and later, infiniband ports on a device
are not used by default.  The intent is to use UCX for these devices.
You can override this policy by setting the btl_openib_allow_ib MCA parameter
to true.

  Local host:              n048
  Local adapter:           mlx5_2
  Local port:              1

--------------------------------------------------------------------------
--------------------------------------------------------------------------
WARNING: There was an error initializing an OpenFabrics device.

  Local host:   n048
  Local device: mlx5_2
--------------------------------------------------------------------------
[n048.hpc:2359960] 7 more processes have sent help message help-mpi-btl-openib.txt / ib port not selected
[n048.hpc:2359960] Set MCA parameter "orte_base_help_aggregate" to 0 to see all help / error messages
[n048.hpc:2359960] 7 more processes have sent help message help-mpi-btl-openib.txt / error in device init
--------------------------------------------------------------------------
By default, for Open MPI 4.0 and later, infiniband ports on a device
are not used by default.  The intent is to use UCX for these devices.
You can override this policy by setting the btl_openib_allow_ib MCA parameter
to true.

  Local host:              n048
  Local adapter:           mlx5_2
  Local port:              1

--------------------------------------------------------------------------
--------------------------------------------------------------------------
WARNING: There was an error initializing an OpenFabrics device.

  Local host:   n048
  Local device: mlx5_2
--------------------------------------------------------------------------
[n048.hpc:2359988] 7 more processes have sent help message help-mpi-btl-openib.txt / ib port not selected
[n048.hpc:2359988] Set MCA parameter "orte_base_help_aggregate" to 0 to see all help / error messages
[n048.hpc:2359988] 7 more processes have sent help message help-mpi-btl-openib.txt / error in device init
--------------------------------------------------------------------------
By default, for Open MPI 4.0 and later, infiniband ports on a device
are not used by default.  The intent is to use UCX for these devices.
You can override this policy by setting the btl_openib_allow_ib MCA parameter
to true.

  Local host:              n048
  Local adapter:           mlx5_2
  Local port:              1

--------------------------------------------------------------------------
--------------------------------------------------------------------------
WARNING: There was an error initializing an OpenFabrics device.

  Local host:   n048
  Local device: mlx5_2
--------------------------------------------------------------------------
[n048.hpc:2360016] 7 more processes have sent help message help-mpi-btl-openib.txt / ib port not selected
[n048.hpc:2360016] Set MCA parameter "orte_base_help_aggregate" to 0 to see all help / error messages
[n048.hpc:2360016] 7 more processes have sent help message help-mpi-btl-openib.txt / error in device init
--------------------------------------------------------------------------
By default, for Open MPI 4.0 and later, infiniband ports on a device
are not used by default.  The intent is to use UCX for these devices.
You can override this policy by setting the btl_openib_allow_ib MCA parameter
to true.

  Local host:              n048
  Local adapter:           mlx5_2
  Local port:              1

--------------------------------------------------------------------------
--------------------------------------------------------------------------
WARNING: There was an error initializing an OpenFabrics device.

  Local host:   n048
  Local device: mlx5_2
--------------------------------------------------------------------------
[n048.hpc:2360323] 7 more processes have sent help message help-mpi-btl-openib.txt / ib port not selected
[n048.hpc:2360323] Set MCA parameter "orte_base_help_aggregate" to 0 to see all help / error messages
[n048.hpc:2360323] 7 more processes have sent help message help-mpi-btl-openib.txt / error in device init
--------------------------------------------------------------------------
By default, for Open MPI 4.0 and later, infiniband ports on a device
are not used by default.  The intent is to use UCX for these devices.
You can override this policy by setting the btl_openib_allow_ib MCA parameter
to true.

  Local host:              n048
  Local adapter:           mlx5_2
  Local port:              1

--------------------------------------------------------------------------
--------------------------------------------------------------------------
WARNING: There was an error initializing an OpenFabrics device.

  Local host:   n048
  Local device: mlx5_2
--------------------------------------------------------------------------
[n048.hpc:2360351] 7 more processes have sent help message help-mpi-btl-openib.txt / ib port not selected
[n048.hpc:2360351] Set MCA parameter "orte_base_help_aggregate" to 0 to see all help / error messages
[n048.hpc:2360351] 7 more processes have sent help message help-mpi-btl-openib.txt / error in device init
--------------------------------------------------------------------------
By default, for Open MPI 4.0 and later, infiniband ports on a device
are not used by default.  The intent is to use UCX for these devices.
You can override this policy by setting the btl_openib_allow_ib MCA parameter
to true.

  Local host:              n048
  Local adapter:           mlx5_2
  Local port:              1

--------------------------------------------------------------------------
--------------------------------------------------------------------------
WARNING: There was an error initializing an OpenFabrics device.

  Local host:   n048
  Local device: mlx5_2
--------------------------------------------------------------------------
[n048.hpc:2360561] 7 more processes have sent help message help-mpi-btl-openib.txt / ib port not selected
[n048.hpc:2360561] Set MCA parameter "orte_base_help_aggregate" to 0 to see all help / error messages
[n048.hpc:2360561] 7 more processes have sent help message help-mpi-btl-openib.txt / error in device init
--------------------------------------------------------------------------
By default, for Open MPI 4.0 and later, infiniband ports on a device
are not used by default.  The intent is to use UCX for these devices.
You can override this policy by setting the btl_openib_allow_ib MCA parameter
to true.

  Local host:              n048
  Local adapter:           mlx5_2
  Local port:              1

--------------------------------------------------------------------------
--------------------------------------------------------------------------
WARNING: There was an error initializing an OpenFabrics device.

  Local host:   n048
  Local device: mlx5_2
--------------------------------------------------------------------------
[n048.hpc:2360589] 7 more processes have sent help message help-mpi-btl-openib.txt / ib port not selected
[n048.hpc:2360589] Set MCA parameter "orte_base_help_aggregate" to 0 to see all help / error messages
[n048.hpc:2360589] 7 more processes have sent help message help-mpi-btl-openib.txt / error in device init
--------------------------------------------------------------------------
By default, for Open MPI 4.0 and later, infiniband ports on a device
are not used by default.  The intent is to use UCX for these devices.
You can override this policy by setting the btl_openib_allow_ib MCA parameter
to true.

  Local host:              n048
  Local adapter:           mlx5_2
  Local port:              1

--------------------------------------------------------------------------
--------------------------------------------------------------------------
WARNING: There was an error initializing an OpenFabrics device.

  Local host:   n048
  Local device: mlx5_2
--------------------------------------------------------------------------
[n048.hpc:2360617] 7 more processes have sent help message help-mpi-btl-openib.txt / ib port not selected
[n048.hpc:2360617] Set MCA parameter "orte_base_help_aggregate" to 0 to see all help / error messages
[n048.hpc:2360617] 7 more processes have sent help message help-mpi-btl-openib.txt / error in device init
--------------------------------------------------------------------------
By default, for Open MPI 4.0 and later, infiniband ports on a device
are not used by default.  The intent is to use UCX for these devices.
You can override this policy by setting the btl_openib_allow_ib MCA parameter
to true.

  Local host:              n048
  Local adapter:           mlx5_2
  Local port:              1

--------------------------------------------------------------------------
--------------------------------------------------------------------------
WARNING: There was an error initializing an OpenFabrics device.

  Local host:   n048
  Local device: mlx5_2
--------------------------------------------------------------------------
[n048.hpc:2360645] 7 more processes have sent help message help-mpi-btl-openib.txt / ib port not selected
[n048.hpc:2360645] Set MCA parameter "orte_base_help_aggregate" to 0 to see all help / error messages
[n048.hpc:2360645] 7 more processes have sent help message help-mpi-btl-openib.txt / error in device init
--------------------------------------------------------------------------
By default, for Open MPI 4.0 and later, infiniband ports on a device
are not used by default.  The intent is to use UCX for these devices.
You can override this policy by setting the btl_openib_allow_ib MCA parameter
to true.

  Local host:              n048
  Local adapter:           mlx5_2
  Local port:              1

--------------------------------------------------------------------------
--------------------------------------------------------------------------
WARNING: There was an error initializing an OpenFabrics device.

  Local host:   n048
  Local device: mlx5_2
--------------------------------------------------------------------------
[n048.hpc:2360915] 7 more processes have sent help message help-mpi-btl-openib.txt / ib port not selected
[n048.hpc:2360915] Set MCA parameter "orte_base_help_aggregate" to 0 to see all help / error messages
[n048.hpc:2360915] 7 more processes have sent help message help-mpi-btl-openib.txt / error in device init
--------------------------------------------------------------------------
By default, for Open MPI 4.0 and later, infiniband ports on a device
are not used by default.  The intent is to use UCX for these devices.
You can override this policy by setting the btl_openib_allow_ib MCA parameter
to true.

  Local host:              n048
  Local adapter:           mlx5_2
  Local port:              1

--------------------------------------------------------------------------
--------------------------------------------------------------------------
WARNING: There was an error initializing an OpenFabrics device.

  Local host:   n048
  Local device: mlx5_2
--------------------------------------------------------------------------
[n048.hpc:2360943] 7 more processes have sent help message help-mpi-btl-openib.txt / ib port not selected
[n048.hpc:2360943] Set MCA parameter "orte_base_help_aggregate" to 0 to see all help / error messages
[n048.hpc:2360943] 7 more processes have sent help message help-mpi-btl-openib.txt / error in device init
--------------------------------------------------------------------------
By default, for Open MPI 4.0 and later, infiniband ports on a device
are not used by default.  The intent is to use UCX for these devices.
You can override this policy by setting the btl_openib_allow_ib MCA parameter
to true.

  Local host:              n048
  Local adapter:           mlx5_2
  Local port:              1

--------------------------------------------------------------------------
--------------------------------------------------------------------------
WARNING: There was an error initializing an OpenFabrics device.

  Local host:   n048
  Local device: mlx5_2
--------------------------------------------------------------------------
[n048.hpc:2361022] 7 more processes have sent help message help-mpi-btl-openib.txt / ib port not selected
[n048.hpc:2361022] Set MCA parameter "orte_base_help_aggregate" to 0 to see all help / error messages
[n048.hpc:2361022] 7 more processes have sent help message help-mpi-btl-openib.txt / error in device init
--------------------------------------------------------------------------
By default, for Open MPI 4.0 and later, infiniband ports on a device
are not used by default.  The intent is to use UCX for these devices.
You can override this policy by setting the btl_openib_allow_ib MCA parameter
to true.

  Local host:              n048
  Local adapter:           mlx5_2
  Local port:              1

--------------------------------------------------------------------------
--------------------------------------------------------------------------
WARNING: There was an error initializing an OpenFabrics device.

  Local host:   n048
  Local device: mlx5_2
--------------------------------------------------------------------------
[n048.hpc:2361050] 7 more processes have sent help message help-mpi-btl-openib.txt / ib port not selected
[n048.hpc:2361050] Set MCA parameter "orte_base_help_aggregate" to 0 to see all help / error messages
[n048.hpc:2361050] 7 more processes have sent help message help-mpi-btl-openib.txt / error in device init
--------------------------------------------------------------------------
By default, for Open MPI 4.0 and later, infiniband ports on a device
are not used by default.  The intent is to use UCX for these devices.
You can override this policy by setting the btl_openib_allow_ib MCA parameter
to true.

  Local host:              n048
  Local adapter:           mlx5_2
  Local port:              1

--------------------------------------------------------------------------
--------------------------------------------------------------------------
WARNING: There was an error initializing an OpenFabrics device.

  Local host:   n048
  Local device: mlx5_2
--------------------------------------------------------------------------
[n048.hpc:2361078] 7 more processes have sent help message help-mpi-btl-openib.txt / ib port not selected
[n048.hpc:2361078] Set MCA parameter "orte_base_help_aggregate" to 0 to see all help / error messages
[n048.hpc:2361078] 7 more processes have sent help message help-mpi-btl-openib.txt / error in device init
--------------------------------------------------------------------------
By default, for Open MPI 4.0 and later, infiniband ports on a device
are not used by default.  The intent is to use UCX for these devices.
You can override this policy by setting the btl_openib_allow_ib MCA parameter
to true.

  Local host:              n048
  Local adapter:           mlx5_2
  Local port:              1

--------------------------------------------------------------------------
--------------------------------------------------------------------------
WARNING: There was an error initializing an OpenFabrics device.

  Local host:   n048
  Local device: mlx5_2
--------------------------------------------------------------------------
[n048.hpc:2361106] 7 more processes have sent help message help-mpi-btl-openib.txt / ib port not selected
[n048.hpc:2361106] Set MCA parameter "orte_base_help_aggregate" to 0 to see all help / error messages
[n048.hpc:2361106] 7 more processes have sent help message help-mpi-btl-openib.txt / error in device init
--------------------------------------------------------------------------
By default, for Open MPI 4.0 and later, infiniband ports on a device
are not used by default.  The intent is to use UCX for these devices.
You can override this policy by setting the btl_openib_allow_ib MCA parameter
to true.

  Local host:              n048
  Local adapter:           mlx5_2
  Local port:              1

--------------------------------------------------------------------------
--------------------------------------------------------------------------
WARNING: There was an error initializing an OpenFabrics device.

  Local host:   n048
  Local device: mlx5_2
--------------------------------------------------------------------------
[n048.hpc:2361421] 7 more processes have sent help message help-mpi-btl-openib.txt / ib port not selected
[n048.hpc:2361421] Set MCA parameter "orte_base_help_aggregate" to 0 to see all help / error messages
[n048.hpc:2361421] 7 more processes have sent help message help-mpi-btl-openib.txt / error in device init
--------------------------------------------------------------------------
By default, for Open MPI 4.0 and later, infiniband ports on a device
are not used by default.  The intent is to use UCX for these devices.
You can override this policy by setting the btl_openib_allow_ib MCA parameter
to true.

  Local host:              n048
  Local adapter:           mlx5_2
  Local port:              1

--------------------------------------------------------------------------
--------------------------------------------------------------------------
WARNING: There was an error initializing an OpenFabrics device.

  Local host:   n048
  Local device: mlx5_2
--------------------------------------------------------------------------
[n048.hpc:2361449] 7 more processes have sent help message help-mpi-btl-openib.txt / ib port not selected
[n048.hpc:2361449] Set MCA parameter "orte_base_help_aggregate" to 0 to see all help / error messages
[n048.hpc:2361449] 7 more processes have sent help message help-mpi-btl-openib.txt / error in device init
--------------------------------------------------------------------------
By default, for Open MPI 4.0 and later, infiniband ports on a device
are not used by default.  The intent is to use UCX for these devices.
You can override this policy by setting the btl_openib_allow_ib MCA parameter
to true.

  Local host:              n048
  Local adapter:           mlx5_2
  Local port:              1

--------------------------------------------------------------------------
--------------------------------------------------------------------------
WARNING: There was an error initializing an OpenFabrics device.

  Local host:   n048
  Local device: mlx5_2
--------------------------------------------------------------------------
[n048.hpc:2361603] 7 more processes have sent help message help-mpi-btl-openib.txt / ib port not selected
[n048.hpc:2361603] Set MCA parameter "orte_base_help_aggregate" to 0 to see all help / error messages
[n048.hpc:2361603] 7 more processes have sent help message help-mpi-btl-openib.txt / error in device init
--------------------------------------------------------------------------
By default, for Open MPI 4.0 and later, infiniband ports on a device
are not used by default.  The intent is to use UCX for these devices.
You can override this policy by setting the btl_openib_allow_ib MCA parameter
to true.

  Local host:              n048
  Local adapter:           mlx5_2
  Local port:              1

--------------------------------------------------------------------------
--------------------------------------------------------------------------
WARNING: There was an error initializing an OpenFabrics device.

  Local host:   n048
  Local device: mlx5_2
--------------------------------------------------------------------------
[n048.hpc:2361631] 7 more processes have sent help message help-mpi-btl-openib.txt / ib port not selected
[n048.hpc:2361631] Set MCA parameter "orte_base_help_aggregate" to 0 to see all help / error messages
[n048.hpc:2361631] 7 more processes have sent help message help-mpi-btl-openib.txt / error in device init
--------------------------------------------------------------------------
By default, for Open MPI 4.0 and later, infiniband ports on a device
are not used by default.  The intent is to use UCX for these devices.
You can override this policy by setting the btl_openib_allow_ib MCA parameter
to true.

  Local host:              n048
  Local adapter:           mlx5_2
  Local port:              1

--------------------------------------------------------------------------
--------------------------------------------------------------------------
WARNING: There was an error initializing an OpenFabrics device.

  Local host:   n048
  Local device: mlx5_2
--------------------------------------------------------------------------
[n048.hpc:2361659] 7 more processes have sent help message help-mpi-btl-openib.txt / ib port not selected
[n048.hpc:2361659] Set MCA parameter "orte_base_help_aggregate" to 0 to see all help / error messages
[n048.hpc:2361659] 7 more processes have sent help message help-mpi-btl-openib.txt / error in device init
--------------------------------------------------------------------------
By default, for Open MPI 4.0 and later, infiniband ports on a device
are not used by default.  The intent is to use UCX for these devices.
You can override this policy by setting the btl_openib_allow_ib MCA parameter
to true.

  Local host:              n048
  Local adapter:           mlx5_2
  Local port:              1

--------------------------------------------------------------------------
--------------------------------------------------------------------------
WARNING: There was an error initializing an OpenFabrics device.

  Local host:   n048
  Local device: mlx5_2
--------------------------------------------------------------------------
[n048.hpc:2361687] 7 more processes have sent help message help-mpi-btl-openib.txt / ib port not selected
[n048.hpc:2361687] Set MCA parameter "orte_base_help_aggregate" to 0 to see all help / error messages
[n048.hpc:2361687] 7 more processes have sent help message help-mpi-btl-openib.txt / error in device init
--------------------------------------------------------------------------
By default, for Open MPI 4.0 and later, infiniband ports on a device
are not used by default.  The intent is to use UCX for these devices.
You can override this policy by setting the btl_openib_allow_ib MCA parameter
to true.

  Local host:              n048
  Local adapter:           mlx5_2
  Local port:              1

--------------------------------------------------------------------------
--------------------------------------------------------------------------
WARNING: There was an error initializing an OpenFabrics device.

  Local host:   n048
  Local device: mlx5_2
--------------------------------------------------------------------------
[n048.hpc:2361882] 7 more processes have sent help message help-mpi-btl-openib.txt / ib port not selected
[n048.hpc:2361882] Set MCA parameter "orte_base_help_aggregate" to 0 to see all help / error messages
[n048.hpc:2361882] 7 more processes have sent help message help-mpi-btl-openib.txt / error in device init
--------------------------------------------------------------------------
By default, for Open MPI 4.0 and later, infiniband ports on a device
are not used by default.  The intent is to use UCX for these devices.
You can override this policy by setting the btl_openib_allow_ib MCA parameter
to true.

  Local host:              n048
  Local adapter:           mlx5_2
  Local port:              1

--------------------------------------------------------------------------
--------------------------------------------------------------------------
WARNING: There was an error initializing an OpenFabrics device.

  Local host:   n048
  Local device: mlx5_2
--------------------------------------------------------------------------
[n048.hpc:2361910] 7 more processes have sent help message help-mpi-btl-openib.txt / ib port not selected
[n048.hpc:2361910] Set MCA parameter "orte_base_help_aggregate" to 0 to see all help / error messages
[n048.hpc:2361910] 7 more processes have sent help message help-mpi-btl-openib.txt / error in device init
--------------------------------------------------------------------------
By default, for Open MPI 4.0 and later, infiniband ports on a device
are not used by default.  The intent is to use UCX for these devices.
You can override this policy by setting the btl_openib_allow_ib MCA parameter
to true.

  Local host:              n048
  Local adapter:           mlx5_2
  Local port:              1

--------------------------------------------------------------------------
--------------------------------------------------------------------------
WARNING: There was an error initializing an OpenFabrics device.

  Local host:   n048
  Local device: mlx5_2
--------------------------------------------------------------------------
[n048.hpc:2362117] 7 more processes have sent help message help-mpi-btl-openib.txt / ib port not selected
[n048.hpc:2362117] Set MCA parameter "orte_base_help_aggregate" to 0 to see all help / error messages
[n048.hpc:2362117] 7 more processes have sent help message help-mpi-btl-openib.txt / error in device init
--------------------------------------------------------------------------
By default, for Open MPI 4.0 and later, infiniband ports on a device
are not used by default.  The intent is to use UCX for these devices.
You can override this policy by setting the btl_openib_allow_ib MCA parameter
to true.

  Local host:              n048
  Local adapter:           mlx5_2
  Local port:              1

--------------------------------------------------------------------------
--------------------------------------------------------------------------
WARNING: There was an error initializing an OpenFabrics device.

  Local host:   n048
  Local device: mlx5_2
--------------------------------------------------------------------------
[n048.hpc:2362145] 7 more processes have sent help message help-mpi-btl-openib.txt / ib port not selected
[n048.hpc:2362145] Set MCA parameter "orte_base_help_aggregate" to 0 to see all help / error messages
[n048.hpc:2362145] 7 more processes have sent help message help-mpi-btl-openib.txt / error in device init
--------------------------------------------------------------------------
By default, for Open MPI 4.0 and later, infiniband ports on a device
are not used by default.  The intent is to use UCX for these devices.
You can override this policy by setting the btl_openib_allow_ib MCA parameter
to true.

  Local host:              n048
  Local adapter:           mlx5_2
  Local port:              1

--------------------------------------------------------------------------
--------------------------------------------------------------------------
WARNING: There was an error initializing an OpenFabrics device.

  Local host:   n048
  Local device: mlx5_2
--------------------------------------------------------------------------
[n048.hpc:2362173] 7 more processes have sent help message help-mpi-btl-openib.txt / ib port not selected
[n048.hpc:2362173] Set MCA parameter "orte_base_help_aggregate" to 0 to see all help / error messages
[n048.hpc:2362173] 7 more processes have sent help message help-mpi-btl-openib.txt / error in device init
--------------------------------------------------------------------------
By default, for Open MPI 4.0 and later, infiniband ports on a device
are not used by default.  The intent is to use UCX for these devices.
You can override this policy by setting the btl_openib_allow_ib MCA parameter
to true.

  Local host:              n048
  Local adapter:           mlx5_2
  Local port:              1

--------------------------------------------------------------------------
--------------------------------------------------------------------------
WARNING: There was an error initializing an OpenFabrics device.

  Local host:   n048
  Local device: mlx5_2
--------------------------------------------------------------------------
[n048.hpc:2362201] 7 more processes have sent help message help-mpi-btl-openib.txt / ib port not selected
[n048.hpc:2362201] Set MCA parameter "orte_base_help_aggregate" to 0 to see all help / error messages
[n048.hpc:2362201] 7 more processes have sent help message help-mpi-btl-openib.txt / error in device init
--------------------------------------------------------------------------
By default, for Open MPI 4.0 and later, infiniband ports on a device
are not used by default.  The intent is to use UCX for these devices.
You can override this policy by setting the btl_openib_allow_ib MCA parameter
to true.

  Local host:              n048
  Local adapter:           mlx5_2
  Local port:              1

--------------------------------------------------------------------------
--------------------------------------------------------------------------
WARNING: There was an error initializing an OpenFabrics device.

  Local host:   n048
  Local device: mlx5_2
--------------------------------------------------------------------------
[n048.hpc:2362322] 7 more processes have sent help message help-mpi-btl-openib.txt / ib port not selected
[n048.hpc:2362322] Set MCA parameter "orte_base_help_aggregate" to 0 to see all help / error messages
[n048.hpc:2362322] 7 more processes have sent help message help-mpi-btl-openib.txt / error in device init
--------------------------------------------------------------------------
By default, for Open MPI 4.0 and later, infiniband ports on a device
are not used by default.  The intent is to use UCX for these devices.
You can override this policy by setting the btl_openib_allow_ib MCA parameter
to true.

  Local host:              n048
  Local adapter:           mlx5_2
  Local port:              1

--------------------------------------------------------------------------
--------------------------------------------------------------------------
WARNING: There was an error initializing an OpenFabrics device.

  Local host:   n048
  Local device: mlx5_2
--------------------------------------------------------------------------
[n048.hpc:2362350] 7 more processes have sent help message help-mpi-btl-openib.txt / ib port not selected
[n048.hpc:2362350] Set MCA parameter "orte_base_help_aggregate" to 0 to see all help / error messages
[n048.hpc:2362350] 7 more processes have sent help message help-mpi-btl-openib.txt / error in device init
--------------------------------------------------------------------------
By default, for Open MPI 4.0 and later, infiniband ports on a device
are not used by default.  The intent is to use UCX for these devices.
You can override this policy by setting the btl_openib_allow_ib MCA parameter
to true.

  Local host:              n048
  Local adapter:           mlx5_2
  Local port:              1

--------------------------------------------------------------------------
--------------------------------------------------------------------------
WARNING: There was an error initializing an OpenFabrics device.

  Local host:   n048
  Local device: mlx5_2
--------------------------------------------------------------------------
[n048.hpc:2362393] 7 more processes have sent help message help-mpi-btl-openib.txt / ib port not selected
[n048.hpc:2362393] Set MCA parameter "orte_base_help_aggregate" to 0 to see all help / error messages
[n048.hpc:2362393] 7 more processes have sent help message help-mpi-btl-openib.txt / error in device init
--------------------------------------------------------------------------
By default, for Open MPI 4.0 and later, infiniband ports on a device
are not used by default.  The intent is to use UCX for these devices.
You can override this policy by setting the btl_openib_allow_ib MCA parameter
to true.

  Local host:              n048
  Local adapter:           mlx5_2
  Local port:              1

--------------------------------------------------------------------------
--------------------------------------------------------------------------
WARNING: There was an error initializing an OpenFabrics device.

  Local host:   n048
  Local device: mlx5_2
--------------------------------------------------------------------------
[n048.hpc:2362639] 7 more processes have sent help message help-mpi-btl-openib.txt / ib port not selected
[n048.hpc:2362639] Set MCA parameter "orte_base_help_aggregate" to 0 to see all help / error messages
[n048.hpc:2362639] 7 more processes have sent help message help-mpi-btl-openib.txt / error in device init
--------------------------------------------------------------------------
By default, for Open MPI 4.0 and later, infiniband ports on a device
are not used by default.  The intent is to use UCX for these devices.
You can override this policy by setting the btl_openib_allow_ib MCA parameter
to true.

  Local host:              n048
  Local adapter:           mlx5_2
  Local port:              1

--------------------------------------------------------------------------
--------------------------------------------------------------------------
WARNING: There was an error initializing an OpenFabrics device.

  Local host:   n048
  Local device: mlx5_2
--------------------------------------------------------------------------
[n048.hpc:2362998] 7 more processes have sent help message help-mpi-btl-openib.txt / ib port not selected
[n048.hpc:2362998] Set MCA parameter "orte_base_help_aggregate" to 0 to see all help / error messages
[n048.hpc:2362998] 7 more processes have sent help message help-mpi-btl-openib.txt / error in device init
--------------------------------------------------------------------------
By default, for Open MPI 4.0 and later, infiniband ports on a device
are not used by default.  The intent is to use UCX for these devices.
You can override this policy by setting the btl_openib_allow_ib MCA parameter
to true.

  Local host:              n048
  Local adapter:           mlx5_2
  Local port:              1

--------------------------------------------------------------------------
--------------------------------------------------------------------------
WARNING: There was an error initializing an OpenFabrics device.

  Local host:   n048
  Local device: mlx5_2
--------------------------------------------------------------------------
[n048.hpc:2364038] 7 more processes have sent help message help-mpi-btl-openib.txt / ib port not selected
[n048.hpc:2364038] Set MCA parameter "orte_base_help_aggregate" to 0 to see all help / error messages
[n048.hpc:2364038] 7 more processes have sent help message help-mpi-btl-openib.txt / error in device init
--------------------------------------------------------------------------
By default, for Open MPI 4.0 and later, infiniband ports on a device
are not used by default.  The intent is to use UCX for these devices.
You can override this policy by setting the btl_openib_allow_ib MCA parameter
to true.

  Local host:              n048
  Local adapter:           mlx5_2
  Local port:              1

--------------------------------------------------------------------------
--------------------------------------------------------------------------
WARNING: There was an error initializing an OpenFabrics device.

  Local host:   n048
  Local device: mlx5_2
--------------------------------------------------------------------------
[n048.hpc:2364066] 7 more processes have sent help message help-mpi-btl-openib.txt / ib port not selected
[n048.hpc:2364066] Set MCA parameter "orte_base_help_aggregate" to 0 to see all help / error messages
[n048.hpc:2364066] 7 more processes have sent help message help-mpi-btl-openib.txt / error in device init
--------------------------------------------------------------------------
By default, for Open MPI 4.0 and later, infiniband ports on a device
are not used by default.  The intent is to use UCX for these devices.
You can override this policy by setting the btl_openib_allow_ib MCA parameter
to true.

  Local host:              n048
  Local adapter:           mlx5_2
  Local port:              1

--------------------------------------------------------------------------
--------------------------------------------------------------------------
WARNING: There was an error initializing an OpenFabrics device.

  Local host:   n048
  Local device: mlx5_2
--------------------------------------------------------------------------
[n048.hpc:2364094] 7 more processes have sent help message help-mpi-btl-openib.txt / ib port not selected
[n048.hpc:2364094] Set MCA parameter "orte_base_help_aggregate" to 0 to see all help / error messages
[n048.hpc:2364094] 7 more processes have sent help message help-mpi-btl-openib.txt / error in device init
--------------------------------------------------------------------------
By default, for Open MPI 4.0 and later, infiniband ports on a device
are not used by default.  The intent is to use UCX for these devices.
You can override this policy by setting the btl_openib_allow_ib MCA parameter
to true.

  Local host:              n048
  Local adapter:           mlx5_2
  Local port:              1

--------------------------------------------------------------------------
--------------------------------------------------------------------------
WARNING: There was an error initializing an OpenFabrics device.

  Local host:   n048
  Local device: mlx5_2
--------------------------------------------------------------------------
[n048.hpc:2364122] 7 more processes have sent help message help-mpi-btl-openib.txt / ib port not selected
[n048.hpc:2364122] Set MCA parameter "orte_base_help_aggregate" to 0 to see all help / error messages
[n048.hpc:2364122] 7 more processes have sent help message help-mpi-btl-openib.txt / error in device init
--------------------------------------------------------------------------
By default, for Open MPI 4.0 and later, infiniband ports on a device
are not used by default.  The intent is to use UCX for these devices.
You can override this policy by setting the btl_openib_allow_ib MCA parameter
to true.

  Local host:              n048
  Local adapter:           mlx5_2
  Local port:              1

--------------------------------------------------------------------------
--------------------------------------------------------------------------
WARNING: There was an error initializing an OpenFabrics device.

  Local host:   n048
  Local device: mlx5_2
--------------------------------------------------------------------------
[n048.hpc:2364150] 7 more processes have sent help message help-mpi-btl-openib.txt / ib port not selected
[n048.hpc:2364150] Set MCA parameter "orte_base_help_aggregate" to 0 to see all help / error messages
[n048.hpc:2364150] 7 more processes have sent help message help-mpi-btl-openib.txt / error in device init
--------------------------------------------------------------------------
By default, for Open MPI 4.0 and later, infiniband ports on a device
are not used by default.  The intent is to use UCX for these devices.
You can override this policy by setting the btl_openib_allow_ib MCA parameter
to true.

  Local host:              n048
  Local adapter:           mlx5_2
  Local port:              1

--------------------------------------------------------------------------
--------------------------------------------------------------------------
WARNING: There was an error initializing an OpenFabrics device.

  Local host:   n048
  Local device: mlx5_2
--------------------------------------------------------------------------
[n048.hpc:2364300] 7 more processes have sent help message help-mpi-btl-openib.txt / ib port not selected
[n048.hpc:2364300] Set MCA parameter "orte_base_help_aggregate" to 0 to see all help / error messages
[n048.hpc:2364300] 7 more processes have sent help message help-mpi-btl-openib.txt / error in device init
--------------------------------------------------------------------------
By default, for Open MPI 4.0 and later, infiniband ports on a device
are not used by default.  The intent is to use UCX for these devices.
You can override this policy by setting the btl_openib_allow_ib MCA parameter
to true.

  Local host:              n048
  Local adapter:           mlx5_2
  Local port:              1

--------------------------------------------------------------------------
--------------------------------------------------------------------------
WARNING: There was an error initializing an OpenFabrics device.

  Local host:   n048
  Local device: mlx5_2
--------------------------------------------------------------------------
[n048.hpc:2364328] 7 more processes have sent help message help-mpi-btl-openib.txt / ib port not selected
[n048.hpc:2364328] Set MCA parameter "orte_base_help_aggregate" to 0 to see all help / error messages
[n048.hpc:2364328] 7 more processes have sent help message help-mpi-btl-openib.txt / error in device init
--------------------------------------------------------------------------
By default, for Open MPI 4.0 and later, infiniband ports on a device
are not used by default.  The intent is to use UCX for these devices.
You can override this policy by setting the btl_openib_allow_ib MCA parameter
to true.

  Local host:              n048
  Local adapter:           mlx5_2
  Local port:              1

--------------------------------------------------------------------------
--------------------------------------------------------------------------
WARNING: There was an error initializing an OpenFabrics device.

  Local host:   n048
  Local device: mlx5_2
--------------------------------------------------------------------------
[n048.hpc:2364455] 7 more processes have sent help message help-mpi-btl-openib.txt / ib port not selected
[n048.hpc:2364455] Set MCA parameter "orte_base_help_aggregate" to 0 to see all help / error messages
[n048.hpc:2364455] 7 more processes have sent help message help-mpi-btl-openib.txt / error in device init
--------------------------------------------------------------------------
By default, for Open MPI 4.0 and later, infiniband ports on a device
are not used by default.  The intent is to use UCX for these devices.
You can override this policy by setting the btl_openib_allow_ib MCA parameter
to true.

  Local host:              n048
  Local adapter:           mlx5_2
  Local port:              1

--------------------------------------------------------------------------
--------------------------------------------------------------------------
WARNING: There was an error initializing an OpenFabrics device.

  Local host:   n048
  Local device: mlx5_2
--------------------------------------------------------------------------
[n048.hpc:2364483] 7 more processes have sent help message help-mpi-btl-openib.txt / ib port not selected
[n048.hpc:2364483] Set MCA parameter "orte_base_help_aggregate" to 0 to see all help / error messages
[n048.hpc:2364483] 7 more processes have sent help message help-mpi-btl-openib.txt / error in device init
--------------------------------------------------------------------------
By default, for Open MPI 4.0 and later, infiniband ports on a device
are not used by default.  The intent is to use UCX for these devices.
You can override this policy by setting the btl_openib_allow_ib MCA parameter
to true.

  Local host:              n048
  Local adapter:           mlx5_2
  Local port:              1

--------------------------------------------------------------------------
--------------------------------------------------------------------------
WARNING: There was an error initializing an OpenFabrics device.

  Local host:   n048
  Local device: mlx5_2
--------------------------------------------------------------------------
[n048.hpc:2364513] 7 more processes have sent help message help-mpi-btl-openib.txt / ib port not selected
[n048.hpc:2364513] Set MCA parameter "orte_base_help_aggregate" to 0 to see all help / error messages
[n048.hpc:2364513] 7 more processes have sent help message help-mpi-btl-openib.txt / error in device init
--------------------------------------------------------------------------
By default, for Open MPI 4.0 and later, infiniband ports on a device
are not used by default.  The intent is to use UCX for these devices.
You can override this policy by setting the btl_openib_allow_ib MCA parameter
to true.

  Local host:              n048
  Local adapter:           mlx5_2
  Local port:              1

--------------------------------------------------------------------------
--------------------------------------------------------------------------
WARNING: There was an error initializing an OpenFabrics device.

  Local host:   n048
  Local device: mlx5_2
--------------------------------------------------------------------------
[n048.hpc:2364541] 7 more processes have sent help message help-mpi-btl-openib.txt / ib port not selected
[n048.hpc:2364541] Set MCA parameter "orte_base_help_aggregate" to 0 to see all help / error messages
[n048.hpc:2364541] 7 more processes have sent help message help-mpi-btl-openib.txt / error in device init
--------------------------------------------------------------------------
By default, for Open MPI 4.0 and later, infiniband ports on a device
are not used by default.  The intent is to use UCX for these devices.
You can override this policy by setting the btl_openib_allow_ib MCA parameter
to true.

  Local host:              n048
  Local adapter:           mlx5_2
  Local port:              1

--------------------------------------------------------------------------
--------------------------------------------------------------------------
WARNING: There was an error initializing an OpenFabrics device.

  Local host:   n048
  Local device: mlx5_2
--------------------------------------------------------------------------
[n048.hpc:2364583] 7 more processes have sent help message help-mpi-btl-openib.txt / ib port not selected
[n048.hpc:2364583] Set MCA parameter "orte_base_help_aggregate" to 0 to see all help / error messages
[n048.hpc:2364583] 7 more processes have sent help message help-mpi-btl-openib.txt / error in device init
--------------------------------------------------------------------------
By default, for Open MPI 4.0 and later, infiniband ports on a device
are not used by default.  The intent is to use UCX for these devices.
You can override this policy by setting the btl_openib_allow_ib MCA parameter
to true.

  Local host:              n048
  Local adapter:           mlx5_2
  Local port:              1

--------------------------------------------------------------------------
--------------------------------------------------------------------------
WARNING: There was an error initializing an OpenFabrics device.

  Local host:   n048
  Local device: mlx5_2
--------------------------------------------------------------------------
[n048.hpc:2364793] 7 more processes have sent help message help-mpi-btl-openib.txt / ib port not selected
[n048.hpc:2364793] Set MCA parameter "orte_base_help_aggregate" to 0 to see all help / error messages
[n048.hpc:2364793] 7 more processes have sent help message help-mpi-btl-openib.txt / error in device init
--------------------------------------------------------------------------
By default, for Open MPI 4.0 and later, infiniband ports on a device
are not used by default.  The intent is to use UCX for these devices.
You can override this policy by setting the btl_openib_allow_ib MCA parameter
to true.

  Local host:              n048
  Local adapter:           mlx5_2
  Local port:              1

--------------------------------------------------------------------------
--------------------------------------------------------------------------
WARNING: There was an error initializing an OpenFabrics device.

  Local host:   n048
  Local device: mlx5_2
--------------------------------------------------------------------------
[n048.hpc:2364952] 7 more processes have sent help message help-mpi-btl-openib.txt / ib port not selected
[n048.hpc:2364952] Set MCA parameter "orte_base_help_aggregate" to 0 to see all help / error messages
[n048.hpc:2364952] 7 more processes have sent help message help-mpi-btl-openib.txt / error in device init
--------------------------------------------------------------------------
By default, for Open MPI 4.0 and later, infiniband ports on a device
are not used by default.  The intent is to use UCX for these devices.
You can override this policy by setting the btl_openib_allow_ib MCA parameter
to true.

  Local host:              n048
  Local adapter:           mlx5_2
  Local port:              1

--------------------------------------------------------------------------
--------------------------------------------------------------------------
WARNING: There was an error initializing an OpenFabrics device.

  Local host:   n048
  Local device: mlx5_2
--------------------------------------------------------------------------
[n048.hpc:2365495] 7 more processes have sent help message help-mpi-btl-openib.txt / ib port not selected
[n048.hpc:2365495] Set MCA parameter "orte_base_help_aggregate" to 0 to see all help / error messages
[n048.hpc:2365495] 7 more processes have sent help message help-mpi-btl-openib.txt / error in device init
