<May23-2026> <12:06:05>  AMS 2026.103  RunTime: May23-2026 12:06:05  ShM Nodes: 1  Procs: 1
<May23-2026> <12:06:05>  ADF 2026.103  RunTime: May23-2026 12:06:05  ShM Nodes: 1  Procs: 1
<May23-2026> <12:06:05>  *** (NO TITLE) ***
<May23-2026> <12:06:05>  *** adf ***
<May23-2026> <12:06:05>  Net Charge: 0 (Nuclei minus Electrons)
<May23-2026> <12:06:05>  Spin polar: 0 (Spin_A minus Spin_B electrons)
<May23-2026> <12:06:05>  Symmetry  : NOSYM
<May23-2026> <12:06:05>  >>>> FRAGM
<May23-2026> <12:06:06>  Coordinates
<May23-2026> <12:06:06>     Atom         X           Y           Z   (Angstrom)
<May23-2026> <12:06:06>     1.C         0.240865    1.384726   -1.066942
<May23-2026> <12:06:06>     2.C        -0.364518    0.167714   -0.818248
<May23-2026> <12:06:06>     3.N        -1.131760   -0.042200    0.297632
<May23-2026> <12:06:06>     4.C        -1.576150    1.079981    1.082335
<May23-2026> <12:06:06>     5.C        -1.919619   -1.247048    0.409529
<May23-2026> <12:06:06>     6.O         0.026749   -0.876345   -1.462379
<May23-2026> <12:06:06>     7.H        -0.111523    2.301812   -0.619961
<May23-2026> <12:06:06>     8.H         0.739561    1.471587   -2.018335
<May23-2026> <12:06:06>     9.H        -2.278210    1.719868    0.538571
<May23-2026> <12:06:06>    10.H        -0.729343    1.684714    1.400965
<May23-2026> <12:06:06>    11.H        -2.074080    0.709330    1.974749
<May23-2026> <12:06:06>    12.H        -2.960458   -1.071450    0.121675
<May23-2026> <12:06:06>    13.H        -1.902132   -1.609013    1.436935
<May23-2026> <12:06:06>    14.H        -1.505180   -2.008082   -0.240743
<May23-2026> <12:06:06>    15.C         1.603060   -1.467893   -0.773705
<May23-2026> <12:06:06>    16.C         1.903745   -0.611950    0.294279
<May23-2026> <12:06:06>    17.C         2.147987    0.705582   -0.009040
<May23-2026> <12:06:06>    18.H         1.328710   -2.493277   -0.568356
<May23-2026> <12:06:06>    19.H         2.135311   -1.327634   -1.704112
<May23-2026> <12:06:06>    20.H         1.556878   -0.873695    1.285533
<May23-2026> <12:06:06>    21.H         2.228669    1.449177    0.772652
<May23-2026> <12:06:06>    22.H         2.641434    0.954095   -0.937153
<May23-2026> <12:06:06>  >>>> CORORT
<May23-2026> <12:06:06>  >>>> CLSMAT
<May23-2026> <12:06:06>  >>>> ORTHON
<May23-2026> <12:06:07>  >>>> GENPT
<May23-2026> <12:06:07>  Block Length= 128
<May23-2026> <12:06:08>  >>>> PTBAS
<May23-2026> <12:06:21>  >>>> CYCLE
<May23-2026> <12:06:50>              |Error|         MaxErr       Wt(A-DIIS)
<May23-2026> <12:06:50>      1      1.19050947      0.39659688
<May23-2026> <12:07:17>      2      0.40802307      0.03881779    100.0
<May23-2026> <12:07:44>      3      0.34027747      0.03094490    100.0
<May23-2026> <12:08:11>      4      1.06543030      0.09338809    100.0
<May23-2026> <12:08:38>      5      0.29821232      0.02793915     27.2
<May23-2026> <12:09:04>      6      0.04540664      0.00464953      3.7
<May23-2026> <12:09:31>      7      0.03980175      0.00309957      2.1
<May23-2026> <12:09:57>      8      0.01650603      0.00152045      0.5
<May23-2026> <12:10:23>      9      0.00607082      0.00061707      0.0
<May23-2026> <12:10:49>     10      0.00327349      0.00043902      0.0
<May23-2026> <12:11:16>     11      0.00152228      0.00025609      0.0
<May23-2026> <12:11:42>     12      0.00075103      0.00008738      0.0
<May23-2026> <12:12:08>     13      0.00016172      0.00001118      0.0
<May23-2026> <12:12:34>     14      0.00009708      0.00000778      0.0
<May23-2026> <12:13:00>     15      0.00004171      0.00000357      0.0
<May23-2026> <12:13:26>     16      0.00001033      0.00000123      0.0
<May23-2026> <12:13:52>     17      0.00000680      0.00000047      0.0
<May23-2026> <12:13:59>  SCF converged
<May23-2026> <12:14:19>     18      0.00000301      0.00000029      0.0
<May23-2026> <12:14:40>  >>>> TOTEN
<May23-2026> <12:15:57>  >>>> POPAN
<May23-2026> <12:15:57>  >>>> DEBYE
<May23-2026> <12:15:58>  >>>> AMETS
<May23-2026> <12:17:43>   Bond Energy          -0.05433697 a.u.
<May23-2026> <12:17:43>   Bond Energy          -1.47858414 eV
<May23-2026> <12:17:43>   Bond Energy         -34.10       kcal/mol
<May23-2026> <12:17:43>  >>>> POPUL
<May23-2026> <12:17:43>  NORMAL TERMINATION
