<May23-2026> <11:34:30>  AMS 2026.103  RunTime: May23-2026 11:34:30  ShM Nodes: 1  Procs: 1
<May23-2026> <11:34:30>  ADF 2026.103  RunTime: May23-2026 11:34:30  ShM Nodes: 1  Procs: 1
<May23-2026> <11:34:30>  *** (NO TITLE) ***
<May23-2026> <11:34:30>  DIRAC 2026.103  RunTime: May23-2026 11:34:30  ShM Nodes: 1  Procs: 1
<May23-2026> <11:34:31>  Carbon (TZ2P)
<May23-2026> <11:34:31>  Net Charge: 0 (Nuclei minus Electrons)
<May23-2026> <11:34:31>  Symmetry  : ATOM
<May23-2026> <11:34:31>  Coordinates
<May23-2026> <11:34:31>     Atom         X           Y           Z   (Angstrom)
<May23-2026> <11:34:31>     1.C         0.000000    0.000000    0.000000
<May23-2026> <11:34:31>  >>>> CORORT
<May23-2026> <11:34:31>  >>>> CLSMAT
<May23-2026> <11:34:31>  >>>> ORTHON
<May23-2026> <11:34:31>  >>>> GENPT
<May23-2026> <11:34:31>  Block Length=  72
<May23-2026> <11:34:31>  >>>> PTBAS
<May23-2026> <11:34:31>  >>>> CYCLE
<May23-2026> <11:34:31>              |Error|         MaxErr       Wt(A-DIIS)
<May23-2026> <11:34:31>      1      0.00000000      0.00000000
<May23-2026> <11:34:31>      2      4.48450606      3.33074448    100.0
<May23-2026> <11:34:31>      3      1.63845963      1.31677840    100.0
<May23-2026> <11:34:31>      4      0.72237885      0.58090812    100.0
<May23-2026> <11:34:31>      5      0.41341516      0.32921223    100.0
<May23-2026> <11:34:31>      6      0.12634980      0.09661242     96.6
<May23-2026> <11:34:31>      7      0.11511849      0.08978748     89.7
<May23-2026> <11:34:31>      8      0.00670007      0.00519977      4.2
<May23-2026> <11:34:31>      9      0.00022181      0.00016825      0.0
<May23-2026> <11:34:31>     10      0.00000199      0.00000135      0.0
<May23-2026> <11:34:31>     11      0.00000002      0.00000001      0.0
<May23-2026> <11:34:31>     12      0.00000000      0.00000000      0.0
<May23-2026> <11:34:31>  SCF converged
<May23-2026> <11:34:31>     13      0.00000000      0.00000000      0.0
<May23-2026> <11:34:31>  >>>> POPAN
<May23-2026> <11:34:31>  >>>> DEBYE
<May23-2026> <11:34:31>  DIRAC 2026.103  RunTime: May23-2026 11:34:31  ShM Nodes: 1  Procs: 1
<May23-2026> <11:34:31>  Hydrogen (TZ2P)
<May23-2026> <11:34:31>  Net Charge: 0 (Nuclei minus Electrons)
<May23-2026> <11:34:31>  Symmetry  : ATOM
<May23-2026> <11:34:31>  Coordinates
<May23-2026> <11:34:31>     Atom         X           Y           Z   (Angstrom)
<May23-2026> <11:34:31>     1.H         0.000000    0.000000    0.000000
<May23-2026> <11:34:31>  >>>> CORORT
<May23-2026> <11:34:31>  >>>> CLSMAT
<May23-2026> <11:34:31>  >>>> ORTHON
<May23-2026> <11:34:31>  >>>> GENPT
<May23-2026> <11:34:31>  Block Length=  64
<May23-2026> <11:34:31>  >>>> PTBAS
<May23-2026> <11:34:31>  >>>> CYCLE
<May23-2026> <11:34:31>              |Error|         MaxErr       Wt(A-DIIS)
<May23-2026> <11:34:31>      1      0.00000000      0.00000000
<May23-2026> <11:34:31>      2      0.03100426      0.02644614
<May23-2026> <11:34:31>      3      0.00958086      0.00932931    100.0
<May23-2026> <11:34:31>      4      0.00232128      0.00228673      1.3
<May23-2026> <11:34:31>      5      0.00003156      0.00002984      0.0
<May23-2026> <11:34:31>      6      0.00000096      0.00000091      0.0
<May23-2026> <11:34:31>      7      0.00000000      0.00000000      0.0
<May23-2026> <11:34:31>  SCF converged
<May23-2026> <11:34:31>      8      0.00000000      0.00000000      0.0
<May23-2026> <11:34:32>  >>>> POPAN
<May23-2026> <11:34:32>  >>>> DEBYE
<May23-2026> <11:34:32>  *** adf ***
<May23-2026> <11:34:32>  Net Charge: 0 (Nuclei minus Electrons)
<May23-2026> <11:34:32>  Spin polar: -1 (Spin_A minus Spin_B electrons)
<May23-2026> <11:34:32>  Symmetry  : NOSYM
<May23-2026> <11:34:32>  >>>> FRAGM
<May23-2026> <11:34:32>  Coordinates
<May23-2026> <11:34:32>     Atom         X           Y           Z   (Angstrom)
<May23-2026> <11:34:32>     1.C        -0.632657    1.550057    0.048807
<May23-2026> <11:34:32>     2.C        -1.348245    0.368746   -0.166608
<May23-2026> <11:34:32>     3.C        -1.219600   -0.626095    0.763630
<May23-2026> <11:34:32>     4.H        -0.493251    1.888297    1.065595
<May23-2026> <11:34:32>     5.H        -0.658266    2.338116   -0.689552
<May23-2026> <11:34:32>     6.H        -1.654788    0.118593   -1.174253
<May23-2026> <11:34:32>     7.H        -1.596032   -1.621838    0.573615
<May23-2026> <11:34:32>     8.H        -1.052735   -0.372430    1.799799
<May23-2026> <11:34:32>  >>>> CORORT
<May23-2026> <11:34:32>  >>>> CLSMAT
<May23-2026> <11:34:32>  >>>> ORTHON
<May23-2026> <11:34:32>  >>>> GENPT
<May23-2026> <11:34:32>  Block Length= 128
<May23-2026> <11:34:32>  >>>> PTBAS
<May23-2026> <11:34:33>  >>>> CYCLE
<May23-2026> <11:34:37>              |Error|         MaxErr       Wt(A-DIIS)
<May23-2026> <11:34:37>      1      4.10411736      0.50577361
<May23-2026> <11:34:40>      2      0.79991801      0.09133185    100.0
<May23-2026> <11:34:42>      3      0.71468506      0.08110316    100.0
<May23-2026> <11:34:45>      4      1.06595570      0.13884062    100.0
<May23-2026> <11:34:48>      5      0.16041212      0.01993454     19.1
<May23-2026> <11:34:51>      6      0.07501058      0.00829256      7.4
<May23-2026> <11:34:54>      7      0.01814263      0.00252205      1.5
<May23-2026> <11:34:57>      8      0.00600928      0.00084587      0.0
<May23-2026> <11:35:00>      9      0.00537993      0.00089622      0.0
<May23-2026> <11:35:03>     10      0.00089661      0.00016965      0.0
<May23-2026> <11:35:06>     11      0.00012586      0.00002622      0.0
<May23-2026> <11:35:09>     12      0.00002536      0.00000600      0.0
<May23-2026> <11:35:11>     13      0.00000714      0.00000095      0.0
<May23-2026> <11:35:12>  SCF converged
<May23-2026> <11:35:14>     14      0.00000267      0.00000038      0.0
<May23-2026> <11:35:17>  >>>> TOTEN
<May23-2026> <11:35:23>  >>>> POPAN
<May23-2026> <11:35:24>  >>>> DEBYE
<May23-2026> <11:35:24>  >>>> AMETS
<May23-2026> <11:35:24>   Bond Energy          -1.53035446 a.u.
<May23-2026> <11:35:24>   Bond Energy         -41.64306357 eV
<May23-2026> <11:35:24>   Bond Energy        -960.31       kcal/mol
<May23-2026> <11:35:24>  >>>> POPUL
<May23-2026> <11:35:24>  NORMAL TERMINATION
