<May23-2026> <13:36:45>  AMS 2026.103  RunTime: May23-2026 13:36:45  ShM Nodes: 1  Procs: 1
<May23-2026> <13:36:45>  ADF 2026.103  RunTime: May23-2026 13:36:45  ShM Nodes: 1  Procs: 1
<May23-2026> <13:36:45>  *** (NO TITLE) ***
<May23-2026> <13:36:46>  *** adf ***
<May23-2026> <13:36:46>  Net Charge: 0 (Nuclei minus Electrons)
<May23-2026> <13:36:46>  Spin polar: 0 (Spin_A minus Spin_B electrons)
<May23-2026> <13:36:46>  Symmetry  : NOSYM
<May23-2026> <13:36:46>  >>>> FRAGM
<May23-2026> <13:36:46>  Coordinates
<May23-2026> <13:36:46>     Atom         X           Y           Z   (Angstrom)
<May23-2026> <13:36:46>     1.C        -1.245196    0.109399   -0.918684
<May23-2026> <13:36:46>     2.C        -1.104940   -0.326216    0.366854
<May23-2026> <13:36:46>     3.N        -1.417418    0.706801    1.433487
<May23-2026> <13:36:46>     4.O        -2.272249    1.532445    1.189755
<May23-2026> <13:36:46>     5.O        -0.773889    0.645367    2.457251
<May23-2026> <13:36:46>     6.O        -0.467153   -1.325764    0.756726
<May23-2026> <13:36:46>     7.H        -1.796195    1.013178   -1.127599
<May23-2026> <13:36:46>     8.H        -1.138638   -0.620273   -1.704407
<May23-2026> <13:36:46>     9.C         1.373233   -0.968753    0.636027
<May23-2026> <13:36:46>    10.C         1.471011   -0.512987   -0.674911
<May23-2026> <13:36:46>    11.C         0.905780    0.692672   -1.004633
<May23-2026> <13:36:46>    12.H         1.366037   -0.263015    1.454625
<May23-2026> <13:36:46>    13.H         1.722852   -1.958771    0.888322
<May23-2026> <13:36:46>    14.H         1.686776   -1.226732   -1.459691
<May23-2026> <13:36:46>    15.H         0.811478    1.472952   -0.260848
<May23-2026> <13:36:46>    16.H         0.878512    1.029696   -2.032274
<May23-2026> <13:36:46>  >>>> CORORT
<May23-2026> <13:36:46>  >>>> CLSMAT
<May23-2026> <13:36:46>  >>>> ORTHON
<May23-2026> <13:36:47>  >>>> GENPT
<May23-2026> <13:36:47>  Block Length= 128
<May23-2026> <13:36:47>  >>>> PTBAS
<May23-2026> <13:36:54>  >>>> CYCLE
<May23-2026> <13:37:10>              |Error|         MaxErr       Wt(A-DIIS)
<May23-2026> <13:37:10>      1      1.09146585      0.35579723
<May23-2026> <13:37:25>      2      0.32202956      0.04644823    100.0
<May23-2026> <13:37:40>      3      0.27173764      0.04150299    100.0
<May23-2026> <13:37:55>      4      0.75545673      0.12238535    100.0
<May23-2026> <13:38:09>      5      0.20325729      0.03707790     36.4
<May23-2026> <13:38:24>      6      0.13275592      0.02514177     24.4
<May23-2026> <13:38:39>      7      0.10754625      0.02236265     21.6
<May23-2026> <13:38:53>      8      0.03782541      0.00491424      4.0
<May23-2026> <13:39:08>      9      0.01536401      0.00208046      1.1
<May23-2026> <13:39:23>     10      0.00510282      0.00048979      0.0
<May23-2026> <13:39:37>     11      0.00302178      0.00033140      0.0
<May23-2026> <13:39:52>     12      0.00099746      0.00011082      0.0
<May23-2026> <13:40:07>     13      0.00058107      0.00006257      0.0
<May23-2026> <13:40:22>     14      0.00023338      0.00002271      0.0
<May23-2026> <13:40:37>     15      0.00007408      0.00000968      0.0
<May23-2026> <13:40:52>     16      0.00004860      0.00000574      0.0
<May23-2026> <13:41:07>     17      0.00001067      0.00000088      0.0
<May23-2026> <13:41:22>     18      0.00000953      0.00000172      0.0
<May23-2026> <13:41:37>     19      0.00000613      0.00000118      0.0
<May23-2026> <13:41:52>     20      0.00000353      0.00000052      0.0
<May23-2026> <13:41:56>  SCF converged
<May23-2026> <13:42:06>     21      0.00000159      0.00000023      0.0
<May23-2026> <13:42:19>  >>>> TOTEN
<May23-2026> <13:43:02>  >>>> POPAN
<May23-2026> <13:43:02>  >>>> DEBYE
<May23-2026> <13:43:02>  >>>> AMETS
<May23-2026> <13:44:04>   Bond Energy          -0.06819476 a.u.
<May23-2026> <13:44:04>   Bond Energy          -1.85567373 eV
<May23-2026> <13:44:04>   Bond Energy         -42.79       kcal/mol
<May23-2026> <13:44:04>  >>>> POPUL
<May23-2026> <13:44:04>  NORMAL TERMINATION
