<May23-2026> <11:45:19>  AMS 2026.103  RunTime: May23-2026 11:45:19  ShM Nodes: 1  Procs: 1
<May23-2026> <11:45:19>  ADF 2026.103  RunTime: May23-2026 11:45:19  ShM Nodes: 1  Procs: 1
<May23-2026> <11:45:19>  *** (NO TITLE) ***
<May23-2026> <11:45:19>  DIRAC 2026.103  RunTime: May23-2026 11:45:19  ShM Nodes: 1  Procs: 1
<May23-2026> <11:45:19>  Carbon (TZ2P)
<May23-2026> <11:45:19>  Net Charge: 0 (Nuclei minus Electrons)
<May23-2026> <11:45:19>  Symmetry  : ATOM
<May23-2026> <11:45:20>  Coordinates
<May23-2026> <11:45:20>     Atom         X           Y           Z   (Angstrom)
<May23-2026> <11:45:20>     1.C         0.000000    0.000000    0.000000
<May23-2026> <11:45:20>  >>>> CORORT
<May23-2026> <11:45:20>  >>>> CLSMAT
<May23-2026> <11:45:20>  >>>> ORTHON
<May23-2026> <11:45:20>  >>>> GENPT
<May23-2026> <11:45:20>  Block Length=  72
<May23-2026> <11:45:20>  >>>> PTBAS
<May23-2026> <11:45:20>  >>>> CYCLE
<May23-2026> <11:45:20>              |Error|         MaxErr       Wt(A-DIIS)
<May23-2026> <11:45:20>      1      0.00000000      0.00000000
<May23-2026> <11:45:20>      2      4.48450606      3.33074448    100.0
<May23-2026> <11:45:20>      3      1.63845963      1.31677840    100.0
<May23-2026> <11:45:20>      4      0.72237885      0.58090812    100.0
<May23-2026> <11:45:20>      5      0.41341516      0.32921223    100.0
<May23-2026> <11:45:20>      6      0.12634980      0.09661242     96.6
<May23-2026> <11:45:20>      7      0.11511849      0.08978748     89.7
<May23-2026> <11:45:20>      8      0.00670007      0.00519977      4.2
<May23-2026> <11:45:20>      9      0.00022181      0.00016825      0.0
<May23-2026> <11:45:20>     10      0.00000199      0.00000135      0.0
<May23-2026> <11:45:20>     11      0.00000002      0.00000001      0.0
<May23-2026> <11:45:20>     12      0.00000000      0.00000000      0.0
<May23-2026> <11:45:20>  SCF converged
<May23-2026> <11:45:20>     13      0.00000000      0.00000000      0.0
<May23-2026> <11:45:20>  >>>> POPAN
<May23-2026> <11:45:20>  >>>> DEBYE
<May23-2026> <11:45:20>  DIRAC 2026.103  RunTime: May23-2026 11:45:20  ShM Nodes: 1  Procs: 1
<May23-2026> <11:45:20>  Nitrogen (TZ2P)
<May23-2026> <11:45:20>  Net Charge: 0 (Nuclei minus Electrons)
<May23-2026> <11:45:20>  Symmetry  : ATOM
<May23-2026> <11:45:20>  Coordinates
<May23-2026> <11:45:20>     Atom         X           Y           Z   (Angstrom)
<May23-2026> <11:45:20>     1.N         0.000000    0.000000    0.000000
<May23-2026> <11:45:20>  >>>> CORORT
<May23-2026> <11:45:20>  >>>> CLSMAT
<May23-2026> <11:45:20>  >>>> ORTHON
<May23-2026> <11:45:20>  >>>> GENPT
<May23-2026> <11:45:20>  Block Length=  72
<May23-2026> <11:45:20>  >>>> PTBAS
<May23-2026> <11:45:20>  >>>> CYCLE
<May23-2026> <11:45:20>              |Error|         MaxErr       Wt(A-DIIS)
<May23-2026> <11:45:20>      1      0.00000000      0.00000000
<May23-2026> <11:45:20>      2      6.45729257      4.23539177    100.0
<May23-2026> <11:45:20>      3      2.50571754      1.95700843    100.0
<May23-2026> <11:45:20>      4      0.96362605      0.63264012    100.0
<May23-2026> <11:45:20>      5      0.84396078      0.57428330    100.0
<May23-2026> <11:45:20>      6      0.04722786      0.02274008     22.0
<May23-2026> <11:45:20>      7      0.01974997      0.01284703     12.0
<May23-2026> <11:45:20>      8      0.00262477      0.00176500      0.8
<May23-2026> <11:45:20>      9      0.00000692      0.00000491      0.0
<May23-2026> <11:45:20>     10      0.00000078      0.00000045      0.0
<May23-2026> <11:45:20>     11      0.00000001      0.00000000      0.0
<May23-2026> <11:45:20>  SCF converged
<May23-2026> <11:45:20>     12      0.00000000      0.00000000      0.0
<May23-2026> <11:45:20>  >>>> POPAN
<May23-2026> <11:45:20>  >>>> DEBYE
<May23-2026> <11:45:21>  DIRAC 2026.103  RunTime: May23-2026 11:45:21  ShM Nodes: 1  Procs: 1
<May23-2026> <11:45:21>  Oxygen (TZ2P)
<May23-2026> <11:45:21>  Net Charge: 0 (Nuclei minus Electrons)
<May23-2026> <11:45:21>  Symmetry  : ATOM
<May23-2026> <11:45:21>  Coordinates
<May23-2026> <11:45:21>     Atom         X           Y           Z   (Angstrom)
<May23-2026> <11:45:21>     1.O         0.000000    0.000000    0.000000
<May23-2026> <11:45:21>  >>>> CORORT
<May23-2026> <11:45:21>  >>>> CLSMAT
<May23-2026> <11:45:21>  >>>> ORTHON
<May23-2026> <11:45:21>  >>>> GENPT
<May23-2026> <11:45:21>  Block Length=  68
<May23-2026> <11:45:21>  >>>> PTBAS
<May23-2026> <11:45:21>  >>>> CYCLE
<May23-2026> <11:45:21>              |Error|         MaxErr       Wt(A-DIIS)
<May23-2026> <11:45:21>      1      0.00000000      0.00000000
<May23-2026> <11:45:21>      2      8.77379167      5.52456194    100.0
<May23-2026> <11:45:21>      3      3.58874259      2.50390796    100.0
<May23-2026> <11:45:21>      4      1.14813168      0.58304454    100.0
<May23-2026> <11:45:21>      5      1.52147762      0.84216884    100.0
<May23-2026> <11:45:21>      6      0.17958647      0.10470670    100.0
<May23-2026> <11:45:21>      7      0.20120374      0.11429590    100.0
<May23-2026> <11:45:21>      8      0.01711846      0.01004426      9.1
<May23-2026> <11:45:21>      9      0.00178953      0.00100777      0.0
<May23-2026> <11:45:21>     10      0.00000129      0.00000068      0.0
<May23-2026> <11:45:21>     11      0.00000005      0.00000002      0.0
<May23-2026> <11:45:21>     12      0.00000000      0.00000000      0.0
<May23-2026> <11:45:21>  SCF converged
<May23-2026> <11:45:21>     13      0.00000000      0.00000000      0.0
<May23-2026> <11:45:21>  >>>> POPAN
<May23-2026> <11:45:21>  >>>> DEBYE
<May23-2026> <11:45:21>  DIRAC 2026.103  RunTime: May23-2026 11:45:21  ShM Nodes: 1  Procs: 1
<May23-2026> <11:45:21>  Hydrogen (TZ2P)
<May23-2026> <11:45:21>  Net Charge: 0 (Nuclei minus Electrons)
<May23-2026> <11:45:21>  Symmetry  : ATOM
<May23-2026> <11:45:21>  Coordinates
<May23-2026> <11:45:21>     Atom         X           Y           Z   (Angstrom)
<May23-2026> <11:45:21>     1.H         0.000000    0.000000    0.000000
<May23-2026> <11:45:21>  >>>> CORORT
<May23-2026> <11:45:21>  >>>> CLSMAT
<May23-2026> <11:45:21>  >>>> ORTHON
<May23-2026> <11:45:21>  >>>> GENPT
<May23-2026> <11:45:21>  Block Length=  64
<May23-2026> <11:45:21>  >>>> PTBAS
<May23-2026> <11:45:21>  >>>> CYCLE
<May23-2026> <11:45:21>              |Error|         MaxErr       Wt(A-DIIS)
<May23-2026> <11:45:21>      1      0.00000000      0.00000000
<May23-2026> <11:45:21>      2      0.03100426      0.02644614
<May23-2026> <11:45:21>      3      0.00958086      0.00932931    100.0
<May23-2026> <11:45:21>      4      0.00232128      0.00228673      1.3
<May23-2026> <11:45:21>      5      0.00003156      0.00002984      0.0
<May23-2026> <11:45:21>      6      0.00000096      0.00000091      0.0
<May23-2026> <11:45:22>      7      0.00000000      0.00000000      0.0
<May23-2026> <11:45:22>  SCF converged
<May23-2026> <11:45:22>      8      0.00000000      0.00000000      0.0
<May23-2026> <11:45:22>  >>>> POPAN
<May23-2026> <11:45:22>  >>>> DEBYE
<May23-2026> <11:45:22>  *** adf ***
<May23-2026> <11:45:22>  Net Charge: 0 (Nuclei minus Electrons)
<May23-2026> <11:45:22>  Spin polar: 1 (Spin_A minus Spin_B electrons)
<May23-2026> <11:45:22>  Symmetry  : NOSYM
<May23-2026> <11:45:22>  >>>> FRAGM
<May23-2026> <11:45:22>  Coordinates
<May23-2026> <11:45:22>     Atom         X           Y           Z   (Angstrom)
<May23-2026> <11:45:22>     1.C        -0.663470    1.516666    0.132734
<May23-2026> <11:45:22>     2.C        -1.148624    0.145493    0.096657
<May23-2026> <11:45:22>     3.N        -1.729696   -0.266555   -1.095539
<May23-2026> <11:45:22>     4.O        -1.030389   -0.626872    1.062353
<May23-2026> <11:45:22>     5.H        -0.197885    1.863261    1.048278
<May23-2026> <11:45:22>     6.H        -0.748920    2.191296   -0.716070
<May23-2026> <11:45:22>     7.H        -2.178299   -1.175116   -1.103034
<May23-2026> <11:45:22>     8.H        -1.984362    0.395110   -1.817443
<May23-2026> <11:45:22>  >>>> CORORT
<May23-2026> <11:45:22>  >>>> CLSMAT
<May23-2026> <11:45:22>  >>>> ORTHON
<May23-2026> <11:45:22>  >>>> GENPT
<May23-2026> <11:45:22>  Block Length= 128
<May23-2026> <11:45:22>  >>>> PTBAS
<May23-2026> <11:45:23>  >>>> CYCLE
<May23-2026> <11:45:27>              |Error|         MaxErr       Wt(A-DIIS)
<May23-2026> <11:45:27>      1      4.69964478      0.70649601
<May23-2026> <11:45:30>      2      1.03247111      0.10596239    100.0
<May23-2026> <11:45:33>      3      0.89211185      0.09375867    100.0
<May23-2026> <11:45:37>      4      2.26055427      0.35362327    100.0
<May23-2026> <11:45:40>      5      0.72466249      0.10271578    100.0
<May23-2026> <11:45:43>      6      1.40067027      0.24565182    100.0
<May23-2026> <11:45:46>      7      0.26878871      0.03219897     31.5
<May23-2026> <11:45:50>      8      0.26537073      0.03234155     31.5
<May23-2026> <11:45:53>      9      0.03107037      0.00441323      3.4
<May23-2026> <11:45:56>     10      0.01210166      0.00232644      1.3
<May23-2026> <11:45:59>     11      0.00196842      0.00021110      0.0
<May23-2026> <11:46:02>     12      0.00059041      0.00009773      0.0
<May23-2026> <11:46:05>     13      0.00032178      0.00005265      0.0
<May23-2026> <11:46:08>     14      0.00005071      0.00000545      0.0
<May23-2026> <11:46:12>     15      0.00002112      0.00000363      0.0
<May23-2026> <11:46:15>     16      0.00000945      0.00000171      0.0
<May23-2026> <11:46:18>     17      0.00000220      0.00000026      0.0
<May23-2026> <11:46:18>  SCF converged
<May23-2026> <11:46:21>     18      0.00000031      0.00000005      0.0
<May23-2026> <11:46:24>  >>>> TOTEN
<May23-2026> <11:46:31>  >>>> POPAN
<May23-2026> <11:46:31>  >>>> DEBYE
<May23-2026> <11:46:31>  >>>> AMETS
<May23-2026> <11:46:31>   Bond Energy          -1.64224147 a.u.
<May23-2026> <11:46:31>   Bond Energy         -44.68766412 eV
<May23-2026> <11:46:31>   Bond Energy       -1030.52       kcal/mol
<May23-2026> <11:46:31>  >>>> POPUL
<May23-2026> <11:46:31>  NORMAL TERMINATION
