<May23-2026> <13:35:15>  AMS 2026.103  RunTime: May23-2026 13:35:15  ShM Nodes: 1  Procs: 1
<May23-2026> <13:35:16>  ADF 2026.103  RunTime: May23-2026 13:35:16  ShM Nodes: 1  Procs: 1
<May23-2026> <13:35:16>  *** (NO TITLE) ***
<May23-2026> <13:35:16>  DIRAC 2026.103  RunTime: May23-2026 13:35:16  ShM Nodes: 1  Procs: 1
<May23-2026> <13:35:16>  Carbon (TZ2P)
<May23-2026> <13:35:16>  Net Charge: 0 (Nuclei minus Electrons)
<May23-2026> <13:35:16>  Symmetry  : ATOM
<May23-2026> <13:35:16>  Coordinates
<May23-2026> <13:35:16>     Atom         X           Y           Z   (Angstrom)
<May23-2026> <13:35:16>     1.C         0.000000    0.000000    0.000000
<May23-2026> <13:35:16>  >>>> CORORT
<May23-2026> <13:35:16>  >>>> CLSMAT
<May23-2026> <13:35:16>  >>>> ORTHON
<May23-2026> <13:35:16>  >>>> GENPT
<May23-2026> <13:35:16>  Block Length=  72
<May23-2026> <13:35:16>  >>>> PTBAS
<May23-2026> <13:35:16>  >>>> CYCLE
<May23-2026> <13:35:16>              |Error|         MaxErr       Wt(A-DIIS)
<May23-2026> <13:35:16>      1      0.00000000      0.00000000
<May23-2026> <13:35:16>      2      4.48450606      3.33074448    100.0
<May23-2026> <13:35:16>      3      1.63845963      1.31677840    100.0
<May23-2026> <13:35:16>      4      0.72237885      0.58090812    100.0
<May23-2026> <13:35:16>      5      0.41341516      0.32921223    100.0
<May23-2026> <13:35:16>      6      0.12634980      0.09661242     96.6
<May23-2026> <13:35:16>      7      0.11511849      0.08978748     89.7
<May23-2026> <13:35:16>      8      0.00670007      0.00519977      4.2
<May23-2026> <13:35:16>      9      0.00022181      0.00016825      0.0
<May23-2026> <13:35:16>     10      0.00000199      0.00000135      0.0
<May23-2026> <13:35:16>     11      0.00000002      0.00000001      0.0
<May23-2026> <13:35:16>     12      0.00000000      0.00000000      0.0
<May23-2026> <13:35:16>  SCF converged
<May23-2026> <13:35:16>     13      0.00000000      0.00000000      0.0
<May23-2026> <13:35:16>  >>>> POPAN
<May23-2026> <13:35:16>  >>>> DEBYE
<May23-2026> <13:35:16>  DIRAC 2026.103  RunTime: May23-2026 13:35:16  ShM Nodes: 1  Procs: 1
<May23-2026> <13:35:16>  Nitrogen (TZ2P)
<May23-2026> <13:35:17>  Net Charge: 0 (Nuclei minus Electrons)
<May23-2026> <13:35:17>  Symmetry  : ATOM
<May23-2026> <13:35:17>  Coordinates
<May23-2026> <13:35:17>     Atom         X           Y           Z   (Angstrom)
<May23-2026> <13:35:17>     1.N         0.000000    0.000000    0.000000
<May23-2026> <13:35:17>  >>>> CORORT
<May23-2026> <13:35:17>  >>>> CLSMAT
<May23-2026> <13:35:17>  >>>> ORTHON
<May23-2026> <13:35:17>  >>>> GENPT
<May23-2026> <13:35:17>  Block Length=  72
<May23-2026> <13:35:17>  >>>> PTBAS
<May23-2026> <13:35:17>  >>>> CYCLE
<May23-2026> <13:35:17>              |Error|         MaxErr       Wt(A-DIIS)
<May23-2026> <13:35:17>      1      0.00000000      0.00000000
<May23-2026> <13:35:17>      2      6.45729257      4.23539177    100.0
<May23-2026> <13:35:17>      3      2.50571754      1.95700843    100.0
<May23-2026> <13:35:17>      4      0.96362605      0.63264012    100.0
<May23-2026> <13:35:17>      5      0.84396078      0.57428330    100.0
<May23-2026> <13:35:17>      6      0.04722786      0.02274008     22.0
<May23-2026> <13:35:17>      7      0.01974997      0.01284703     12.0
<May23-2026> <13:35:17>      8      0.00262477      0.00176500      0.8
<May23-2026> <13:35:17>      9      0.00000692      0.00000491      0.0
<May23-2026> <13:35:17>     10      0.00000078      0.00000045      0.0
<May23-2026> <13:35:17>     11      0.00000001      0.00000000      0.0
<May23-2026> <13:35:17>  SCF converged
<May23-2026> <13:35:17>     12      0.00000000      0.00000000      0.0
<May23-2026> <13:35:17>  >>>> POPAN
<May23-2026> <13:35:17>  >>>> DEBYE
<May23-2026> <13:35:17>  DIRAC 2026.103  RunTime: May23-2026 13:35:17  ShM Nodes: 1  Procs: 1
<May23-2026> <13:35:17>  Oxygen (TZ2P)
<May23-2026> <13:35:17>  Net Charge: 0 (Nuclei minus Electrons)
<May23-2026> <13:35:17>  Symmetry  : ATOM
<May23-2026> <13:35:17>  Coordinates
<May23-2026> <13:35:17>     Atom         X           Y           Z   (Angstrom)
<May23-2026> <13:35:17>     1.O         0.000000    0.000000    0.000000
<May23-2026> <13:35:17>  >>>> CORORT
<May23-2026> <13:35:17>  >>>> CLSMAT
<May23-2026> <13:35:17>  >>>> ORTHON
<May23-2026> <13:35:17>  >>>> GENPT
<May23-2026> <13:35:17>  Block Length=  68
<May23-2026> <13:35:17>  >>>> PTBAS
<May23-2026> <13:35:17>  >>>> CYCLE
<May23-2026> <13:35:17>              |Error|         MaxErr       Wt(A-DIIS)
<May23-2026> <13:35:17>      1      0.00000000      0.00000000
<May23-2026> <13:35:17>      2      8.77379167      5.52456194    100.0
<May23-2026> <13:35:17>      3      3.58874259      2.50390796    100.0
<May23-2026> <13:35:17>      4      1.14813168      0.58304454    100.0
<May23-2026> <13:35:17>      5      1.52147762      0.84216884    100.0
<May23-2026> <13:35:17>      6      0.17958647      0.10470670    100.0
<May23-2026> <13:35:17>      7      0.20120374      0.11429590    100.0
<May23-2026> <13:35:18>      8      0.01711846      0.01004426      9.1
<May23-2026> <13:35:18>      9      0.00178953      0.00100777      0.0
<May23-2026> <13:35:18>     10      0.00000129      0.00000068      0.0
<May23-2026> <13:35:18>     11      0.00000005      0.00000002      0.0
<May23-2026> <13:35:18>     12      0.00000000      0.00000000      0.0
<May23-2026> <13:35:18>  SCF converged
<May23-2026> <13:35:18>     13      0.00000000      0.00000000      0.0
<May23-2026> <13:35:18>  >>>> POPAN
<May23-2026> <13:35:18>  >>>> DEBYE
<May23-2026> <13:35:18>  DIRAC 2026.103  RunTime: May23-2026 13:35:18  ShM Nodes: 1  Procs: 1
<May23-2026> <13:35:18>  Hydrogen (TZ2P)
<May23-2026> <13:35:18>  Net Charge: 0 (Nuclei minus Electrons)
<May23-2026> <13:35:18>  Symmetry  : ATOM
<May23-2026> <13:35:18>  Coordinates
<May23-2026> <13:35:18>     Atom         X           Y           Z   (Angstrom)
<May23-2026> <13:35:18>     1.H         0.000000    0.000000    0.000000
<May23-2026> <13:35:18>  >>>> CORORT
<May23-2026> <13:35:18>  >>>> CLSMAT
<May23-2026> <13:35:18>  >>>> ORTHON
<May23-2026> <13:35:18>  >>>> GENPT
<May23-2026> <13:35:18>  Block Length=  64
<May23-2026> <13:35:18>  >>>> PTBAS
<May23-2026> <13:35:18>  >>>> CYCLE
<May23-2026> <13:35:18>              |Error|         MaxErr       Wt(A-DIIS)
<May23-2026> <13:35:18>      1      0.00000000      0.00000000
<May23-2026> <13:35:18>      2      0.03100426      0.02644614
<May23-2026> <13:35:18>      3      0.00958086      0.00932931    100.0
<May23-2026> <13:35:18>      4      0.00232128      0.00228673      1.3
<May23-2026> <13:35:18>      5      0.00003156      0.00002984      0.0
<May23-2026> <13:35:18>      6      0.00000096      0.00000091      0.0
<May23-2026> <13:35:18>      7      0.00000000      0.00000000      0.0
<May23-2026> <13:35:18>  SCF converged
<May23-2026> <13:35:18>      8      0.00000000      0.00000000      0.0
<May23-2026> <13:35:18>  >>>> POPAN
<May23-2026> <13:35:18>  >>>> DEBYE
<May23-2026> <13:35:18>  *** adf ***
<May23-2026> <13:35:18>  Net Charge: 0 (Nuclei minus Electrons)
<May23-2026> <13:35:18>  Spin polar: 1 (Spin_A minus Spin_B electrons)
<May23-2026> <13:35:18>  Symmetry  : NOSYM
<May23-2026> <13:35:18>  >>>> FRAGM
<May23-2026> <13:35:18>  Coordinates
<May23-2026> <13:35:18>     Atom         X           Y           Z   (Angstrom)
<May23-2026> <13:35:18>     1.C        -1.173326   -1.076653   -0.432551
<May23-2026> <13:35:18>     2.C        -1.281649    0.210946    0.175886
<May23-2026> <13:35:18>     3.C        -1.730623    1.315410   -0.698516
<May23-2026> <13:35:18>     4.N        -2.081525    2.194037   -1.373231
<May23-2026> <13:35:18>     5.O        -1.022530    0.437097    1.374006
<May23-2026> <13:35:18>     6.H        -1.410290   -1.227607   -1.482333
<May23-2026> <13:35:18>     7.H        -0.845825   -1.911627    0.180923
<May23-2026> <13:35:18>  >>>> CORORT
<May23-2026> <13:35:18>  >>>> CLSMAT
<May23-2026> <13:35:18>  >>>> ORTHON
<May23-2026> <13:35:18>  >>>> GENPT
<May23-2026> <13:35:18>  Block Length= 128
<May23-2026> <13:35:19>  >>>> PTBAS
<May23-2026> <13:35:20>  >>>> CYCLE
<May23-2026> <13:35:23>              |Error|         MaxErr       Wt(A-DIIS)
<May23-2026> <13:35:23>      1      4.85036132      0.73488384
<May23-2026> <13:35:26>      2      0.90835674      0.10863611    100.0
<May23-2026> <13:35:29>      3      0.76276383      0.08628218    100.0
<May23-2026> <13:35:32>      4      2.02415962      0.31060223    100.0
<May23-2026> <13:35:35>      5      0.60811383      0.08085063     80.7
<May23-2026> <13:35:38>      6      0.67341216      0.08550975     80.7
<May23-2026> <13:35:41>      7      0.27524832      0.05331809     52.8
<May23-2026> <13:35:44>      8      0.25341171      0.04774261     47.2
<May23-2026> <13:35:47>      9      0.10197466      0.02123578     20.4
<May23-2026> <13:35:49>     10      0.04210975      0.00865298      7.7
<May23-2026> <13:35:52>     11      0.00523243      0.00078195      0.0
<May23-2026> <13:35:55>     12      0.00035468      0.00004922      0.0
<May23-2026> <13:35:58>     13      0.00016666      0.00001819      0.0
<May23-2026> <13:36:01>     14      0.00008243      0.00001111      0.0
<May23-2026> <13:36:04>     15      0.00003980      0.00000497      0.0
<May23-2026> <13:36:07>     16      0.00000947      0.00000177      0.0
<May23-2026> <13:36:10>     17      0.00000493      0.00000076      0.0
<May23-2026> <13:36:10>  SCF converged
<May23-2026> <13:36:13>     18      0.00000194      0.00000025      0.0
<May23-2026> <13:36:15>  >>>> TOTEN
<May23-2026> <13:36:22>  >>>> POPAN
<May23-2026> <13:36:22>  >>>> DEBYE
<May23-2026> <13:36:22>  >>>> AMETS
<May23-2026> <13:36:22>   Bond Energy          -1.63821217 a.u.
<May23-2026> <13:36:22>   Bond Energy         -44.57802130 eV
<May23-2026> <13:36:22>   Bond Energy       -1027.99       kcal/mol
<May23-2026> <13:36:22>  >>>> POPUL
<May23-2026> <13:36:22>  NORMAL TERMINATION
