<May23-2026> <13:23:18>  AMS 2026.103  RunTime: May23-2026 13:23:18  ShM Nodes: 1  Procs: 1
<May23-2026> <13:23:18>  ADF 2026.103  RunTime: May23-2026 13:23:18  ShM Nodes: 1  Procs: 1
<May23-2026> <13:23:18>  *** (NO TITLE) ***
<May23-2026> <13:23:18>  Iteration 1
<May23-2026> <13:23:18>  DIRAC 2026.103  RunTime: May23-2026 13:23:18  ShM Nodes: 1  Procs: 1
<May23-2026> <13:23:18>  Carbon (TZ2P)
<May23-2026> <13:23:19>  Net Charge: 0 (Nuclei minus Electrons)
<May23-2026> <13:23:19>  Symmetry  : ATOM
<May23-2026> <13:23:19>  Coordinates
<May23-2026> <13:23:19>     Atom         X           Y           Z   (Angstrom)
<May23-2026> <13:23:19>     1.C         0.000000    0.000000    0.000000
<May23-2026> <13:23:19>  >>>> CORORT
<May23-2026> <13:23:19>  >>>> CLSMAT
<May23-2026> <13:23:19>  >>>> ORTHON
<May23-2026> <13:23:19>  >>>> GENPT
<May23-2026> <13:23:19>  Block Length=  72
<May23-2026> <13:23:19>  >>>> PTBAS
<May23-2026> <13:23:19>  >>>> CYCLE
<May23-2026> <13:23:19>              |Error|         MaxErr       Wt(A-DIIS)
<May23-2026> <13:23:19>      1      0.00000000      0.00000000
<May23-2026> <13:23:19>      2      4.48450606      3.33074448    100.0
<May23-2026> <13:23:19>      3      1.63845963      1.31677840    100.0
<May23-2026> <13:23:19>      4      0.72237885      0.58090812    100.0
<May23-2026> <13:23:19>      5      0.41341516      0.32921223    100.0
<May23-2026> <13:23:19>      6      0.12634980      0.09661242     96.6
<May23-2026> <13:23:19>      7      0.11511849      0.08978748     89.7
<May23-2026> <13:23:19>      8      0.00670007      0.00519977      4.2
<May23-2026> <13:23:19>      9      0.00022181      0.00016825      0.0
<May23-2026> <13:23:19>     10      0.00000199      0.00000135      0.0
<May23-2026> <13:23:19>     11      0.00000002      0.00000001      0.0
<May23-2026> <13:23:19>     12      0.00000000      0.00000000      0.0
<May23-2026> <13:23:19>  SCF converged
<May23-2026> <13:23:19>     13      0.00000000      0.00000000      0.0
<May23-2026> <13:23:19>  >>>> POPAN
<May23-2026> <13:23:19>  >>>> DEBYE
<May23-2026> <13:23:19>  DIRAC 2026.103  RunTime: May23-2026 13:23:19  ShM Nodes: 1  Procs: 1
<May23-2026> <13:23:19>  Hydrogen (TZ2P)
<May23-2026> <13:23:19>  Net Charge: 0 (Nuclei minus Electrons)
<May23-2026> <13:23:19>  Symmetry  : ATOM
<May23-2026> <13:23:19>  Coordinates
<May23-2026> <13:23:19>     Atom         X           Y           Z   (Angstrom)
<May23-2026> <13:23:19>     1.H         0.000000    0.000000    0.000000
<May23-2026> <13:23:19>  >>>> CORORT
<May23-2026> <13:23:19>  >>>> CLSMAT
<May23-2026> <13:23:19>  >>>> ORTHON
<May23-2026> <13:23:19>  >>>> GENPT
<May23-2026> <13:23:19>  Block Length=  64
<May23-2026> <13:23:19>  >>>> PTBAS
<May23-2026> <13:23:19>  >>>> CYCLE
<May23-2026> <13:23:19>              |Error|         MaxErr       Wt(A-DIIS)
<May23-2026> <13:23:19>      1      0.00000000      0.00000000
<May23-2026> <13:23:19>      2      0.03100426      0.02644614
<May23-2026> <13:23:19>      3      0.00958086      0.00932931    100.0
<May23-2026> <13:23:19>      4      0.00232128      0.00228673      1.3
<May23-2026> <13:23:19>      5      0.00003156      0.00002984      0.0
<May23-2026> <13:23:19>      6      0.00000096      0.00000091      0.0
<May23-2026> <13:23:19>      7      0.00000000      0.00000000      0.0
<May23-2026> <13:23:19>  SCF converged
<May23-2026> <13:23:19>      8      0.00000000      0.00000000      0.0
<May23-2026> <13:23:19>  >>>> POPAN
<May23-2026> <13:23:19>  >>>> DEBYE
<May23-2026> <13:23:19>  *** GO1_GOStep1 ***
<May23-2026> <13:23:20>  >>>> FRAGM
<May23-2026> <13:23:20>  Coordinates
<May23-2026> <13:23:20>     Atom         X           Y           Z   (Angstrom)
<May23-2026> <13:23:20>     1.C         0.888291    0.133276    1.884986
<May23-2026> <13:23:20>     2.C         1.573738    0.558247    0.759179
<May23-2026> <13:23:20>     3.C         2.051357   -0.390015   -0.115415
<May23-2026> <13:23:20>     4.H         0.434082    0.849086    2.553605
<May23-2026> <13:23:20>     5.H         1.140588   -0.818610    2.329020
<May23-2026> <13:23:20>     6.H         1.385911    1.560081    0.391580
<May23-2026> <13:23:20>     7.H         2.419501   -0.102380   -1.090986
<May23-2026> <13:23:20>     8.H         2.434382   -1.322303    0.271674
<May23-2026> <13:23:20>  >>>> CORORT
<May23-2026> <13:23:20>  >>>> CLSMAT
<May23-2026> <13:23:20>  >>>> ORTHON
<May23-2026> <13:23:20>  >>>> GENPT
<May23-2026> <13:23:20>  Block Length= 128
<May23-2026> <13:23:20>  >>>> PTBAS
<May23-2026> <13:23:21>  >>>> CYCLE
<May23-2026> <13:23:25>              |Error|         MaxErr       Wt(A-DIIS)
<May23-2026> <13:23:25>      1      4.11303567      0.43901750
<May23-2026> <13:23:28>      2      0.80173395      0.05461852    100.0
<May23-2026> <13:23:31>      3      0.71633399      0.04811411    100.0
<May23-2026> <13:23:34>      4      1.06869522      0.08643385    100.0
<May23-2026> <13:23:37>      5      0.16114968      0.01283954     12.0
<May23-2026> <13:23:40>      6      0.06735555      0.00481398      3.9
<May23-2026> <13:23:43>      7      0.01550373      0.00121155      0.2
<May23-2026> <13:23:46>      8      0.00540977      0.00047859      0.0
<May23-2026> <13:23:49>      9      0.00549181      0.00044625      0.0
<May23-2026> <13:23:53>     10      0.00090625      0.00007219      0.0
<May23-2026> <13:23:56>     11      0.00012895      0.00001275      0.0
<May23-2026> <13:23:59>     12      0.00002376      0.00000299      0.0
<May23-2026> <13:24:02>     13      0.00000599      0.00000048      0.0
<May23-2026> <13:24:02>  SCF converged
<May23-2026> <13:24:05>     14      0.00000233      0.00000017      0.0
<May23-2026> <13:24:06>  >>>> TOTEN
<May23-2026> <13:24:10>  >>>> POPAN
<May23-2026> <13:24:10>  >>>> DEBYE
<May23-2026> <13:24:10>  >>>> ENGRAD
<May23-2026> <13:24:13>  current energy                               -1.53085692 Hartree
<May23-2026> <13:24:13>  energy change                      -1.53085692     0.00008000    F
<May23-2026> <13:24:13>  constrained gradient max            0.06357597     0.00100000    F
<May23-2026> <13:24:13>  constrained gradient rms            0.02418815     0.00066667    F
<May23-2026> <13:24:13>  gradient max                        0.06357597
<May23-2026> <13:24:13>  gradient rms                        0.02418815
<May23-2026> <13:24:13>  cart. step max                      0.05325214     0.01000000    F
<May23-2026> <13:24:13>  cart. step rms                      0.02507170     0.00666667    F
<May23-2026> <13:24:13>  Iteration 2
<May23-2026> <13:24:13>  *** GO1_GOStep2 ***
<May23-2026> <13:24:13>  >>>> FRAGM
<May23-2026> <13:24:13>  Coordinates
<May23-2026> <13:24:13>     Atom         X           Y           Z   (Angstrom)
<May23-2026> <13:24:13>     1.C         0.891661    0.147478    1.921918
<May23-2026> <13:24:13>     2.C         1.551536    0.533462    0.755651
<May23-2026> <13:24:13>     3.C         2.085682   -0.390317   -0.137690
<May23-2026> <13:24:13>     4.H         0.425905    0.880357    2.572684
<May23-2026> <13:24:13>     5.H         1.109060   -0.814519    2.376035
<May23-2026> <13:24:13>     6.H         1.369769    1.542584    0.390334
<May23-2026> <13:24:13>     7.H         2.447937   -0.081484   -1.113712
<May23-2026> <13:24:13>     8.H         2.446301   -1.350180    0.218421
<May23-2026> <13:24:13>  >>>> CORORT
<May23-2026> <13:24:13>  >>>> CLSMAT
<May23-2026> <13:24:13>  >>>> ORTHON
<May23-2026> <13:24:13>  >>>> GENPT
<May23-2026> <13:24:14>  Block Length= 128
<May23-2026> <13:24:14>  >>>> PTBAS
<May23-2026> <13:24:15>  >>>> CYCLE
<May23-2026> <13:24:16>  using orbital data from restart file
<May23-2026> <13:24:18>              |Error|         MaxErr       Wt(A-DIIS)
<May23-2026> <13:24:18>      1      0.12069054      0.01607200
<May23-2026> <13:24:22>      2      0.02720086      0.00201544    100.0
<May23-2026> <13:24:25>      3      0.05088255      0.00383715    100.0
<May23-2026> <13:24:28>      4      0.00926138      0.00068395      0.0
<May23-2026> <13:24:31>      5      0.00359847      0.00031878      0.0
<May23-2026> <13:24:34>      6      0.00166814      0.00013839      0.0
<May23-2026> <13:24:37>      7      0.00044560      0.00004302      0.0
<May23-2026> <13:24:40>      8      0.00013902      0.00000926      0.0
<May23-2026> <13:24:44>      9      0.00001890      0.00000137      0.0
<May23-2026> <13:24:47>     10      0.00000263      0.00000019      0.0
<May23-2026> <13:24:47>  SCF converged
<May23-2026> <13:24:50>     11      0.00000064      0.00000006      0.0
<May23-2026> <13:24:50>  >>>> TOTEN
<May23-2026> <13:24:55>  >>>> POPAN
<May23-2026> <13:24:55>  >>>> DEBYE
<May23-2026> <13:24:55>  >>>> ENGRAD
<May23-2026> <13:24:58>  current energy                               -1.53660716 Hartree
<May23-2026> <13:24:58>  energy change                      -0.00575024     0.00008000    F
<May23-2026> <13:24:58>  constrained gradient max            0.04994876     0.00100000    F
<May23-2026> <13:24:58>  constrained gradient rms            0.01818680     0.00066667    F
<May23-2026> <13:24:58>  gradient max                        0.04994876
<May23-2026> <13:24:58>  gradient rms                        0.01818680
<May23-2026> <13:24:58>  cart. step max                      0.04213006     0.01000000    F
<May23-2026> <13:24:58>  cart. step rms                      0.02291332     0.00666667    F
<May23-2026> <13:24:58>  Iteration 3
<May23-2026> <13:24:58>  *** GO1_GOStep3 ***
<May23-2026> <13:24:58>  >>>> FRAGM
<May23-2026> <13:24:58>  Coordinates
<May23-2026> <13:24:58>     Atom         X           Y           Z   (Angstrom)
<May23-2026> <13:24:58>     1.C         0.933422    0.160837    1.947636
<May23-2026> <13:24:58>     2.C         1.513117    0.519119    0.738441
<May23-2026> <13:24:58>     3.C         2.125342   -0.376441   -0.127591
<May23-2026> <13:24:58>     4.H         0.431653    0.892544    2.574246
<May23-2026> <13:24:58>     5.H         1.100716   -0.824274    2.379333
<May23-2026> <13:24:58>     6.H         1.336920    1.533371    0.375492
<May23-2026> <13:24:58>     7.H         2.482511   -0.061954   -1.104222
<May23-2026> <13:24:58>     8.H         2.404171   -1.375821    0.200305
<May23-2026> <13:24:58>  >>>> CORORT
<May23-2026> <13:24:58>  >>>> CLSMAT
<May23-2026> <13:24:58>  >>>> ORTHON
<May23-2026> <13:24:58>  >>>> GENPT
<May23-2026> <13:24:59>  Block Length= 128
<May23-2026> <13:24:59>  >>>> PTBAS
<May23-2026> <13:25:00>  >>>> CYCLE
<May23-2026> <13:25:01>  using orbital data from restart file
<May23-2026> <13:25:03>              |Error|         MaxErr       Wt(A-DIIS)
<May23-2026> <13:25:03>      1      0.17782740      0.02658040
<May23-2026> <13:25:07>      2      0.02427208      0.00211448    100.0
<May23-2026> <13:25:10>      3      0.02636968      0.00222013    100.0
<May23-2026> <13:25:13>      4      0.00998607      0.00081766      0.0
<May23-2026> <13:25:16>      5      0.00281164      0.00022650      0.0
<May23-2026> <13:25:19>      6      0.00257805      0.00019882      0.0
<May23-2026> <13:25:22>      7      0.00035158      0.00003030      0.0
<May23-2026> <13:25:25>      8      0.00015535      0.00001335      0.0
<May23-2026> <13:25:28>      9      0.00001808      0.00000204      0.0
<May23-2026> <13:25:31>     10      0.00000328      0.00000029      0.0
<May23-2026> <13:25:32>  SCF converged
<May23-2026> <13:25:34>     11      0.00000127      0.00000010      0.0
<May23-2026> <13:25:35>  >>>> TOTEN
<May23-2026> <13:25:39>  >>>> POPAN
<May23-2026> <13:25:39>  >>>> DEBYE
<May23-2026> <13:25:39>  >>>> ENGRAD
<May23-2026> <13:25:43>  current energy                               -1.54216165 Hartree
<May23-2026> <13:25:43>  energy change                      -0.00555450     0.00008000    F
<May23-2026> <13:25:43>  constrained gradient max            0.02440423     0.00100000    F
<May23-2026> <13:25:43>  constrained gradient rms            0.00894166     0.00066667    F
<May23-2026> <13:25:43>  gradient max                        0.02440423
<May23-2026> <13:25:43>  gradient rms                        0.00894166
<May23-2026> <13:25:43>  cart. step max                      0.05428844     0.01000000    F
<May23-2026> <13:25:43>  cart. step rms                      0.02384936     0.00666667    F
<May23-2026> <13:25:43>  Iteration 4
<May23-2026> <13:25:43>  *** GO1_GOStep4 ***
<May23-2026> <13:25:43>  >>>> FRAGM
<May23-2026> <13:25:43>  Coordinates
<May23-2026> <13:25:43>     Atom         X           Y           Z   (Angstrom)
<May23-2026> <13:25:43>     1.C         0.967734    0.171108    1.966331
<May23-2026> <13:25:43>     2.C         1.469295    0.501124    0.718337
<May23-2026> <13:25:43>     3.C         2.155736   -0.365451   -0.116392
<May23-2026> <13:25:43>     4.H         0.440617    0.899921    2.574378
<May23-2026> <13:25:43>     5.H         1.108659   -0.824806    2.382538
<May23-2026> <13:25:43>     6.H         1.307048    1.521049    0.361671
<May23-2026> <13:25:43>     7.H         2.528880   -0.041016   -1.083018
<May23-2026> <13:25:43>     8.H         2.349883   -1.394548    0.179796
<May23-2026> <13:25:43>  >>>> CORORT
<May23-2026> <13:25:43>  >>>> CLSMAT
<May23-2026> <13:25:43>  >>>> ORTHON
<May23-2026> <13:25:43>  >>>> GENPT
<May23-2026> <13:25:43>  Block Length= 128
<May23-2026> <13:25:43>  >>>> PTBAS
<May23-2026> <13:25:44>  >>>> CYCLE
<May23-2026> <13:25:45>  using orbital data from restart file
<May23-2026> <13:25:48>              |Error|         MaxErr       Wt(A-DIIS)
<May23-2026> <13:25:48>      1      0.17192424      0.02597732
<May23-2026> <13:25:51>      2      0.02063116      0.00158088    100.0
<May23-2026> <13:25:54>      3      0.02497942      0.00166642    100.0
<May23-2026> <13:25:57>      4      0.00708654      0.00053430      0.0
<May23-2026> <13:26:00>      5      0.00355133      0.00030109      0.0
<May23-2026> <13:26:03>      6      0.00218436      0.00016405      0.0
<May23-2026> <13:26:06>      7      0.00052145      0.00004187      0.0
<May23-2026> <13:26:09>      8      0.00013992      0.00001143      0.0
<May23-2026> <13:26:13>      9      0.00001348      0.00000187      0.0
<May23-2026> <13:26:16>     10      0.00000240      0.00000032      0.0
<May23-2026> <13:26:16>  SCF converged
<May23-2026> <13:26:19>     11      0.00000042      0.00000003      0.0
<May23-2026> <13:26:19>  >>>> TOTEN
<May23-2026> <13:26:24>  >>>> POPAN
<May23-2026> <13:26:24>  >>>> DEBYE
<May23-2026> <13:26:24>  >>>> ENGRAD
<May23-2026> <13:26:27>  current energy                               -1.54392602 Hartree
<May23-2026> <13:26:27>  energy change                      -0.00176437     0.00008000    F
<May23-2026> <13:26:27>  constrained gradient max            0.00539751     0.00100000    F
<May23-2026> <13:26:27>  constrained gradient rms            0.00163796     0.00066667    F
<May23-2026> <13:26:27>  gradient max                        0.00539751
<May23-2026> <13:26:27>  gradient rms                        0.00163796
<May23-2026> <13:26:27>  cart. step max                      0.01201948     0.01000000    F
<May23-2026> <13:26:27>  cart. step rms                      0.00445586     0.00666667    T
<May23-2026> <13:26:27>  Iteration 5
<May23-2026> <13:26:27>  *** GO1_GOStep5 ***
<May23-2026> <13:26:27>  >>>> FRAGM
<May23-2026> <13:26:27>  Coordinates
<May23-2026> <13:26:27>     Atom         X           Y           Z   (Angstrom)
<May23-2026> <13:26:27>     1.C         0.972291    0.174128    1.972625
<May23-2026> <13:26:27>     2.C         1.472680    0.500480    0.720414
<May23-2026> <13:26:27>     3.C         2.161387   -0.364942   -0.117936
<May23-2026> <13:26:27>     4.H         0.437795    0.901934    2.576029
<May23-2026> <13:26:27>     5.H         1.096639   -0.826626    2.382894
<May23-2026> <13:26:27>     6.H         1.306817    1.519644    0.362482
<May23-2026> <13:26:27>     7.H         2.521783   -0.043299   -1.090571
<May23-2026> <13:26:27>     8.H         2.358458   -1.393938    0.177704
<May23-2026> <13:26:27>  >>>> CORORT
<May23-2026> <13:26:27>  >>>> CLSMAT
<May23-2026> <13:26:27>  >>>> ORTHON
<May23-2026> <13:26:27>  >>>> GENPT
<May23-2026> <13:26:27>  Block Length= 128
<May23-2026> <13:26:27>  >>>> PTBAS
<May23-2026> <13:26:28>  >>>> CYCLE
<May23-2026> <13:26:30>  using orbital data from restart file
<May23-2026> <13:26:32>              |Error|         MaxErr       Wt(A-DIIS)
<May23-2026> <13:26:32>      1      0.01768288      0.00184430
<May23-2026> <13:26:35>      2      0.00598918      0.00058655    100.0
<May23-2026> <13:26:38>      3      0.00789238      0.00059992    100.0
<May23-2026> <13:26:42>      4      0.00163368      0.00012011      0.0
<May23-2026> <13:26:45>      5      0.00034803      0.00002651      0.0
<May23-2026> <13:26:48>      6      0.00018783      0.00001926      0.0
<May23-2026> <13:26:51>      7      0.00011257      0.00000963      0.0
<May23-2026> <13:26:54>      8      0.00005132      0.00000527      0.0
<May23-2026> <13:26:57>      9      0.00000384      0.00000035      0.0
<May23-2026> <13:26:58>  SCF converged
<May23-2026> <13:27:00>     10      0.00000043      0.00000006      0.0
<May23-2026> <13:27:01>  >>>> TOTEN
<May23-2026> <13:27:05>  >>>> POPAN
<May23-2026> <13:27:05>  >>>> DEBYE
<May23-2026> <13:27:05>  >>>> ENGRAD
<May23-2026> <13:27:09>  current energy                               -1.54395358 Hartree
<May23-2026> <13:27:09>  energy change                      -0.00002756     0.00008000    T
<May23-2026> <13:27:09>  constrained gradient max            0.00105167     0.00100000    F
<May23-2026> <13:27:09>  constrained gradient rms            0.00038098     0.00066667    T
<May23-2026> <13:27:09>  gradient max                        0.00105167
<May23-2026> <13:27:09>  gradient rms                        0.00038098
<May23-2026> <13:27:09>  cart. step max                      0.00364304     0.01000000    T
<May23-2026> <13:27:09>  cart. step rms                      0.00150976     0.00666667    T
<May23-2026> <13:27:09>  Iteration 6
<May23-2026> <13:27:09>  *** GO1_GOStep6 ***
<May23-2026> <13:27:09>  >>>> FRAGM
<May23-2026> <13:27:09>  Coordinates
<May23-2026> <13:27:09>     Atom         X           Y           Z   (Angstrom)
<May23-2026> <13:27:09>     1.C         0.970539    0.173573    1.971821
<May23-2026> <13:27:09>     2.C         1.469564    0.500184    0.718568
<May23-2026> <13:27:09>     3.C         2.160333   -0.365264   -0.118557
<May23-2026> <13:27:09>     4.H         0.437851    0.901326    2.576767
<May23-2026> <13:27:09>     5.H         1.100282   -0.825534    2.384038
<May23-2026> <13:27:09>     6.H         1.307789    1.520698    0.363038
<May23-2026> <13:27:09>     7.H         2.525100   -0.043338   -1.089413
<May23-2026> <13:27:09>     8.H         2.356393   -1.394263    0.177378
<May23-2026> <13:27:09>  >>>> CORORT
<May23-2026> <13:27:09>  >>>> CLSMAT
<May23-2026> <13:27:09>  >>>> ORTHON
<May23-2026> <13:27:09>  >>>> GENPT
<May23-2026> <13:27:09>  Block Length= 128
<May23-2026> <13:27:09>  >>>> PTBAS
<May23-2026> <13:27:10>  >>>> CYCLE
<May23-2026> <13:27:11>  using orbital data from restart file
<May23-2026> <13:27:14>              |Error|         MaxErr       Wt(A-DIIS)
<May23-2026> <13:27:14>      1      0.00595844      0.00064345
<May23-2026> <13:27:17>      2      0.00175859      0.00015610    100.0
<May23-2026> <13:27:20>      3      0.00160091      0.00014313    100.0
<May23-2026> <13:27:23>      4      0.00048608      0.00003728      0.0
<May23-2026> <13:27:26>      5      0.00020935      0.00001598      0.0
<May23-2026> <13:27:30>      6      0.00009497      0.00000741      0.0
<May23-2026> <13:27:33>      7      0.00002805      0.00000234      0.0
<May23-2026> <13:27:36>      8      0.00001069      0.00000087      0.0
<May23-2026> <13:27:39>      9      0.00000139      0.00000010      0.0
<May23-2026> <13:27:39>  SCF converged
<May23-2026> <13:27:42>     10      0.00000018      0.00000002      0.0
<May23-2026> <13:27:43>  >>>> TOTEN
<May23-2026> <13:27:47>  >>>> POPAN
<May23-2026> <13:27:47>  >>>> DEBYE
<May23-2026> <13:27:47>  >>>> ENGRAD
<May23-2026> <13:27:50>  current energy                               -1.54395612 Hartree
<May23-2026> <13:27:50>  energy change                      -0.00000254     0.00008000    T
<May23-2026> <13:27:50>  constrained gradient max            0.00035448     0.00100000    T
<May23-2026> <13:27:50>  constrained gradient rms            0.00011484     0.00066667    T
<May23-2026> <13:27:50>  gradient max                        0.00035448
<May23-2026> <13:27:50>  gradient rms                        0.00011484
<May23-2026> <13:27:50>  cart. step max                      0.00100495     0.01000000    T
<May23-2026> <13:27:50>  cart. step rms                      0.00040109     0.00666667    T
<May23-2026> <13:27:50>  Geometry optimization converged
<May23-2026> <13:27:50>  *** adf ***
<May23-2026> <13:27:50>  Net Charge: 0 (Nuclei minus Electrons)
<May23-2026> <13:27:50>  Spin polar: -1 (Spin_A minus Spin_B electrons)
<May23-2026> <13:27:50>  Symmetry  : NOSYM
<May23-2026> <13:27:51>  >>>> FRAGM
<May23-2026> <13:27:51>  Coordinates
<May23-2026> <13:27:51>     Atom         X           Y           Z   (Angstrom)
<May23-2026> <13:27:51>     1.C         0.970539    0.173573    1.971821
<May23-2026> <13:27:51>     2.C         1.469564    0.500184    0.718568
<May23-2026> <13:27:51>     3.C         2.160333   -0.365264   -0.118557
<May23-2026> <13:27:51>     4.H         0.437851    0.901326    2.576767
<May23-2026> <13:27:51>     5.H         1.100282   -0.825534    2.384038
<May23-2026> <13:27:51>     6.H         1.307789    1.520698    0.363038
<May23-2026> <13:27:51>     7.H         2.525100   -0.043338   -1.089413
<May23-2026> <13:27:51>     8.H         2.356393   -1.394263    0.177378
<May23-2026> <13:27:51>  >>>> CORORT
<May23-2026> <13:27:51>  >>>> CLSMAT
<May23-2026> <13:27:51>  >>>> ORTHON
<May23-2026> <13:27:51>  >>>> GENPT
<May23-2026> <13:27:51>  Block Length= 128
<May23-2026> <13:27:51>  >>>> PTBAS
<May23-2026> <13:27:52>  >>>> CYCLE
<May23-2026> <13:27:53>  using orbital data from restart file
<May23-2026> <13:27:56>              |Error|         MaxErr       Wt(A-DIIS)
<May23-2026> <13:27:56>      1      0.00000006      0.00000001
<May23-2026> <13:27:59>      2      0.00000004      0.00000000    100.0
<May23-2026> <13:27:59>  SCF converged
<May23-2026> <13:28:02>      3      0.00000003      0.00000000    100.0
<May23-2026> <13:28:05>  >>>> TOTEN
<May23-2026> <13:28:12>  >>>> POPAN
<May23-2026> <13:28:12>  >>>> DEBYE
<May23-2026> <13:28:12>  >>>> AMETS
<May23-2026> <13:28:12>   Bond Energy          -1.54395612 a.u.
<May23-2026> <13:28:12>   Bond Energy         -42.01318357 eV
<May23-2026> <13:28:12>   Bond Energy        -968.85       kcal/mol
<May23-2026> <13:28:12>  >>>> POPUL
<May23-2026> <13:28:12>  >>>> ENGRAD
<May23-2026> <13:28:15>  NORMAL TERMINATION
