<May23-2026> <13:28:15>  AMS 2026.103  RunTime: May23-2026 13:28:15  ShM Nodes: 1  Procs: 1
<May23-2026> <13:28:15>  ADF 2026.103  RunTime: May23-2026 13:28:15  ShM Nodes: 1  Procs: 1
<May23-2026> <13:28:16>  *** (NO TITLE) ***
<May23-2026> <13:28:16>  DIRAC 2026.103  RunTime: May23-2026 13:28:16  ShM Nodes: 1  Procs: 1
<May23-2026> <13:28:16>  Carbon (TZ2P)
<May23-2026> <13:28:16>  Net Charge: 0 (Nuclei minus Electrons)
<May23-2026> <13:28:16>  Symmetry  : ATOM
<May23-2026> <13:28:16>  Coordinates
<May23-2026> <13:28:16>     Atom         X           Y           Z   (Angstrom)
<May23-2026> <13:28:16>     1.C         0.000000    0.000000    0.000000
<May23-2026> <13:28:16>  >>>> CORORT
<May23-2026> <13:28:16>  >>>> CLSMAT
<May23-2026> <13:28:16>  >>>> ORTHON
<May23-2026> <13:28:16>  >>>> GENPT
<May23-2026> <13:28:16>  Block Length=  72
<May23-2026> <13:28:16>  >>>> PTBAS
<May23-2026> <13:28:16>  >>>> CYCLE
<May23-2026> <13:28:16>              |Error|         MaxErr       Wt(A-DIIS)
<May23-2026> <13:28:16>      1      0.00000000      0.00000000
<May23-2026> <13:28:16>      2      4.48450606      3.33074448    100.0
<May23-2026> <13:28:16>      3      1.63845963      1.31677840    100.0
<May23-2026> <13:28:16>      4      0.72237885      0.58090812    100.0
<May23-2026> <13:28:16>      5      0.41341516      0.32921223    100.0
<May23-2026> <13:28:16>      6      0.12634980      0.09661242     96.6
<May23-2026> <13:28:16>      7      0.11511849      0.08978748     89.7
<May23-2026> <13:28:16>      8      0.00670007      0.00519977      4.2
<May23-2026> <13:28:16>      9      0.00022181      0.00016825      0.0
<May23-2026> <13:28:16>     10      0.00000199      0.00000135      0.0
<May23-2026> <13:28:16>     11      0.00000002      0.00000001      0.0
<May23-2026> <13:28:16>     12      0.00000000      0.00000000      0.0
<May23-2026> <13:28:16>  SCF converged
<May23-2026> <13:28:16>     13      0.00000000      0.00000000      0.0
<May23-2026> <13:28:16>  >>>> POPAN
<May23-2026> <13:28:16>  >>>> DEBYE
<May23-2026> <13:28:16>  DIRAC 2026.103  RunTime: May23-2026 13:28:16  ShM Nodes: 1  Procs: 1
<May23-2026> <13:28:16>  Oxygen (TZ2P)
<May23-2026> <13:28:17>  Net Charge: 0 (Nuclei minus Electrons)
<May23-2026> <13:28:17>  Symmetry  : ATOM
<May23-2026> <13:28:17>  Coordinates
<May23-2026> <13:28:17>     Atom         X           Y           Z   (Angstrom)
<May23-2026> <13:28:17>     1.O         0.000000    0.000000    0.000000
<May23-2026> <13:28:17>  >>>> CORORT
<May23-2026> <13:28:17>  >>>> CLSMAT
<May23-2026> <13:28:17>  >>>> ORTHON
<May23-2026> <13:28:17>  >>>> GENPT
<May23-2026> <13:28:17>  Block Length=  68
<May23-2026> <13:28:17>  >>>> PTBAS
<May23-2026> <13:28:17>  >>>> CYCLE
<May23-2026> <13:28:17>              |Error|         MaxErr       Wt(A-DIIS)
<May23-2026> <13:28:17>      1      0.00000000      0.00000000
<May23-2026> <13:28:17>      2      8.77379167      5.52456194    100.0
<May23-2026> <13:28:17>      3      3.58874259      2.50390796    100.0
<May23-2026> <13:28:17>      4      1.14813168      0.58304454    100.0
<May23-2026> <13:28:17>      5      1.52147762      0.84216884    100.0
<May23-2026> <13:28:17>      6      0.17958647      0.10470670    100.0
<May23-2026> <13:28:17>      7      0.20120374      0.11429590    100.0
<May23-2026> <13:28:17>      8      0.01711846      0.01004426      9.1
<May23-2026> <13:28:17>      9      0.00178953      0.00100777      0.0
<May23-2026> <13:28:17>     10      0.00000129      0.00000068      0.0
<May23-2026> <13:28:17>     11      0.00000005      0.00000002      0.0
<May23-2026> <13:28:17>     12      0.00000000      0.00000000      0.0
<May23-2026> <13:28:17>  SCF converged
<May23-2026> <13:28:17>     13      0.00000000      0.00000000      0.0
<May23-2026> <13:28:17>  >>>> POPAN
<May23-2026> <13:28:17>  >>>> DEBYE
<May23-2026> <13:28:17>  DIRAC 2026.103  RunTime: May23-2026 13:28:17  ShM Nodes: 1  Procs: 1
<May23-2026> <13:28:17>  Hydrogen (TZ2P)
<May23-2026> <13:28:17>  Net Charge: 0 (Nuclei minus Electrons)
<May23-2026> <13:28:17>  Symmetry  : ATOM
<May23-2026> <13:28:17>  Coordinates
<May23-2026> <13:28:17>     Atom         X           Y           Z   (Angstrom)
<May23-2026> <13:28:17>     1.H         0.000000    0.000000    0.000000
<May23-2026> <13:28:17>  >>>> CORORT
<May23-2026> <13:28:17>  >>>> CLSMAT
<May23-2026> <13:28:17>  >>>> ORTHON
<May23-2026> <13:28:17>  >>>> GENPT
<May23-2026> <13:28:17>  Block Length=  64
<May23-2026> <13:28:17>  >>>> PTBAS
<May23-2026> <13:28:17>  >>>> CYCLE
<May23-2026> <13:28:17>              |Error|         MaxErr       Wt(A-DIIS)
<May23-2026> <13:28:17>      1      0.00000000      0.00000000
<May23-2026> <13:28:17>      2      0.03100426      0.02644614
<May23-2026> <13:28:17>      3      0.00958086      0.00932931    100.0
<May23-2026> <13:28:17>      4      0.00232128      0.00228673      1.3
<May23-2026> <13:28:17>      5      0.00003156      0.00002984      0.0
<May23-2026> <13:28:17>      6      0.00000096      0.00000091      0.0
<May23-2026> <13:28:17>      7      0.00000000      0.00000000      0.0
<May23-2026> <13:28:17>  SCF converged
<May23-2026> <13:28:17>      8      0.00000000      0.00000000      0.0
<May23-2026> <13:28:17>  >>>> POPAN
<May23-2026> <13:28:17>  >>>> DEBYE
<May23-2026> <13:28:17>  *** adf ***
<May23-2026> <13:28:18>  Net Charge: 0 (Nuclei minus Electrons)
<May23-2026> <13:28:18>  Spin polar: 1 (Spin_A minus Spin_B electrons)
<May23-2026> <13:28:18>  Symmetry  : NOSYM
<May23-2026> <13:28:18>  >>>> FRAGM
<May23-2026> <13:28:18>  Coordinates
<May23-2026> <13:28:18>     Atom         X           Y           Z   (Angstrom)
<May23-2026> <13:28:18>     1.C         0.234740   -1.590227   -0.681156
<May23-2026> <13:28:18>     2.C        -0.667324   -0.722959   -0.118698
<May23-2026> <13:28:18>     3.C        -1.413092    0.231360   -1.027659
<May23-2026> <13:28:18>     4.C        -2.171484    1.334136   -0.359811
<May23-2026> <13:28:18>     5.O        -1.386989    0.090637   -2.226157
<May23-2026> <13:28:18>     6.O        -0.743161   -0.516814    1.138042
<May23-2026> <13:28:18>     7.H         0.259897   -1.694286   -1.756144
<May23-2026> <13:28:18>     8.H         0.613896   -2.401267   -0.080785
<May23-2026> <13:28:18>     9.H        -1.491111    1.952347    0.223926
<May23-2026> <13:28:18>    10.H        -2.675893    1.932803   -1.111188
<May23-2026> <13:28:18>    11.H        -2.887331    0.916887    0.345599
<May23-2026> <13:28:18>  >>>> CORORT
<May23-2026> <13:28:18>  >>>> CLSMAT
<May23-2026> <13:28:18>  >>>> ORTHON
<May23-2026> <13:28:18>  >>>> GENPT
<May23-2026> <13:28:18>  Block Length= 128
<May23-2026> <13:28:18>  >>>> PTBAS
<May23-2026> <13:28:21>  >>>> CYCLE
<May23-2026> <13:28:28>              |Error|         MaxErr       Wt(A-DIIS)
<May23-2026> <13:28:28>      1      5.75909586      0.75740655
<May23-2026> <13:28:35>      2      1.07641925      0.08238720    100.0
<May23-2026> <13:28:41>      3      0.92919774      0.07151153    100.0
<May23-2026> <13:28:48>      4      1.95791433      0.25082588    100.0
<May23-2026> <13:28:55>      5      0.56925450      0.07580437     75.6
<May23-2026> <13:29:01>      6      1.24593247      0.18064630    100.0
<May23-2026> <13:29:08>      7      0.34726751      0.03218091     31.5
<May23-2026> <13:29:14>      8      0.24535503      0.03415719     31.5
<May23-2026> <13:29:20>      9      0.10025572      0.01101497     10.1
<May23-2026> <13:29:27>     10      0.01947719      0.00212955      1.1
<May23-2026> <13:29:33>     11      0.00604846      0.00066534      0.0
<May23-2026> <13:29:39>     12      0.00168268      0.00021914      0.0
<May23-2026> <13:29:45>     13      0.00086996      0.00011256      0.0
<May23-2026> <13:29:52>     14      0.00054500      0.00008341      0.0
<May23-2026> <13:29:58>     15      0.00022125      0.00004179      0.0
<May23-2026> <13:30:04>     16      0.00015151      0.00002441      0.0
<May23-2026> <13:30:10>     17      0.00004480      0.00000783      0.0
<May23-2026> <13:30:17>     18      0.00002180      0.00000323      0.0
<May23-2026> <13:30:23>     19      0.00000935      0.00000154      0.0
<May23-2026> <13:30:29>     20      0.00000457      0.00000081      0.0
<May23-2026> <13:30:31>  SCF converged
<May23-2026> <13:30:36>     21      0.00000253      0.00000023      0.0
<May23-2026> <13:30:41>  >>>> TOTEN
<May23-2026> <13:30:56>  >>>> POPAN
<May23-2026> <13:30:56>  >>>> DEBYE
<May23-2026> <13:30:56>  >>>> AMETS
<May23-2026> <13:30:56>   Bond Energy          -2.31941009 a.u.
<May23-2026> <13:30:56>   Bond Energy         -63.11435996 eV
<May23-2026> <13:30:56>   Bond Energy       -1455.45       kcal/mol
<May23-2026> <13:30:56>  >>>> POPUL
<May23-2026> <13:30:57>  NORMAL TERMINATION
