<May23-2026> <13:17:27>  AMS 2026.103  RunTime: May23-2026 13:17:27  ShM Nodes: 1  Procs: 1
<May23-2026> <13:17:27>  ADF 2026.103  RunTime: May23-2026 13:17:27  ShM Nodes: 1  Procs: 1
<May23-2026> <13:17:27>  *** (NO TITLE) ***
<May23-2026> <13:17:28>  DIRAC 2026.103  RunTime: May23-2026 13:17:28  ShM Nodes: 1  Procs: 1
<May23-2026> <13:17:28>  Carbon (TZ2P)
<May23-2026> <13:17:28>  Net Charge: 0 (Nuclei minus Electrons)
<May23-2026> <13:17:28>  Symmetry  : ATOM
<May23-2026> <13:17:28>  Coordinates
<May23-2026> <13:17:28>     Atom         X           Y           Z   (Angstrom)
<May23-2026> <13:17:28>     1.C         0.000000    0.000000    0.000000
<May23-2026> <13:17:28>  >>>> CORORT
<May23-2026> <13:17:28>  >>>> CLSMAT
<May23-2026> <13:17:28>  >>>> ORTHON
<May23-2026> <13:17:28>  >>>> GENPT
<May23-2026> <13:17:28>  Block Length=  72
<May23-2026> <13:17:28>  >>>> PTBAS
<May23-2026> <13:17:28>  >>>> CYCLE
<May23-2026> <13:17:28>              |Error|         MaxErr       Wt(A-DIIS)
<May23-2026> <13:17:28>      1      0.00000000      0.00000000
<May23-2026> <13:17:28>      2      4.48450606      3.33074448    100.0
<May23-2026> <13:17:28>      3      1.63845963      1.31677840    100.0
<May23-2026> <13:17:28>      4      0.72237885      0.58090812    100.0
<May23-2026> <13:17:28>      5      0.41341516      0.32921223    100.0
<May23-2026> <13:17:28>      6      0.12634980      0.09661242     96.6
<May23-2026> <13:17:28>      7      0.11511849      0.08978748     89.7
<May23-2026> <13:17:28>      8      0.00670007      0.00519977      4.2
<May23-2026> <13:17:28>      9      0.00022181      0.00016825      0.0
<May23-2026> <13:17:28>     10      0.00000199      0.00000135      0.0
<May23-2026> <13:17:28>     11      0.00000002      0.00000001      0.0
<May23-2026> <13:17:28>     12      0.00000000      0.00000000      0.0
<May23-2026> <13:17:28>  SCF converged
<May23-2026> <13:17:28>     13      0.00000000      0.00000000      0.0
<May23-2026> <13:17:28>  >>>> POPAN
<May23-2026> <13:17:28>  >>>> DEBYE
<May23-2026> <13:17:28>  DIRAC 2026.103  RunTime: May23-2026 13:17:28  ShM Nodes: 1  Procs: 1
<May23-2026> <13:17:28>  Hydrogen (TZ2P)
<May23-2026> <13:17:28>  Net Charge: 0 (Nuclei minus Electrons)
<May23-2026> <13:17:28>  Symmetry  : ATOM
<May23-2026> <13:17:28>  Coordinates
<May23-2026> <13:17:28>     Atom         X           Y           Z   (Angstrom)
<May23-2026> <13:17:28>     1.H         0.000000    0.000000    0.000000
<May23-2026> <13:17:28>  >>>> CORORT
<May23-2026> <13:17:28>  >>>> CLSMAT
<May23-2026> <13:17:28>  >>>> ORTHON
<May23-2026> <13:17:29>  >>>> GENPT
<May23-2026> <13:17:29>  Block Length=  64
<May23-2026> <13:17:29>  >>>> PTBAS
<May23-2026> <13:17:29>  >>>> CYCLE
<May23-2026> <13:17:29>              |Error|         MaxErr       Wt(A-DIIS)
<May23-2026> <13:17:29>      1      0.00000000      0.00000000
<May23-2026> <13:17:29>      2      0.03100426      0.02644614
<May23-2026> <13:17:29>      3      0.00958086      0.00932931    100.0
<May23-2026> <13:17:29>      4      0.00232128      0.00228673      1.3
<May23-2026> <13:17:29>      5      0.00003156      0.00002984      0.0
<May23-2026> <13:17:29>      6      0.00000096      0.00000091      0.0
<May23-2026> <13:17:29>      7      0.00000000      0.00000000      0.0
<May23-2026> <13:17:29>  SCF converged
<May23-2026> <13:17:29>      8      0.00000000      0.00000000      0.0
<May23-2026> <13:17:29>  >>>> POPAN
<May23-2026> <13:17:29>  >>>> DEBYE
<May23-2026> <13:17:29>  *** adf ***
<May23-2026> <13:17:29>  Net Charge: 0 (Nuclei minus Electrons)
<May23-2026> <13:17:29>  Spin polar: -1 (Spin_A minus Spin_B electrons)
<May23-2026> <13:17:29>  Symmetry  : NOSYM
<May23-2026> <13:17:29>  >>>> FRAGM
<May23-2026> <13:17:29>  Coordinates
<May23-2026> <13:17:29>     Atom         X           Y           Z   (Angstrom)
<May23-2026> <13:17:29>     1.C         2.217880    0.116257    1.358961
<May23-2026> <13:17:29>     2.C         2.852379    0.045732    0.126473
<May23-2026> <13:17:29>     3.C         2.378487    0.606671   -1.051693
<May23-2026> <13:17:29>     4.H         2.645934   -0.346163    2.243307
<May23-2026> <13:17:29>     5.H         1.270166    0.639303    1.472984
<May23-2026> <13:17:29>     6.H         3.802603   -0.491822    0.080376
<May23-2026> <13:17:29>     7.H         1.439472    1.156727   -1.072761
<May23-2026> <13:17:29>     8.H         2.927589    0.514012   -1.983921
<May23-2026> <13:17:29>  >>>> CORORT
<May23-2026> <13:17:29>  >>>> CLSMAT
<May23-2026> <13:17:29>  >>>> ORTHON
<May23-2026> <13:17:29>  >>>> GENPT
<May23-2026> <13:17:29>  Block Length= 128
<May23-2026> <13:17:29>  >>>> PTBAS
<May23-2026> <13:17:30>  >>>> CYCLE
<May23-2026> <13:17:34>              |Error|         MaxErr       Wt(A-DIIS)
<May23-2026> <13:17:34>      1      4.01425794      0.49764597
<May23-2026> <13:17:36>      2      0.78255603      0.08479345    100.0
<May23-2026> <13:17:39>      3      0.69893546      0.07505089    100.0
<May23-2026> <13:17:42>      4      1.04150823      0.13028632    100.0
<May23-2026> <13:17:45>      5      0.15833130      0.01813397     17.3
<May23-2026> <13:17:48>      6      0.07344967      0.00859354      7.7
<May23-2026> <13:17:51>      7      0.01416748      0.00192936      0.9
<May23-2026> <13:17:54>      8      0.00256170      0.00033956      0.0
<May23-2026> <13:17:56>      9      0.00105416      0.00017299      0.0
<May23-2026> <13:17:59>     10      0.00071036      0.00007983      0.0
<May23-2026> <13:18:02>     11      0.00029529      0.00003435      0.0
<May23-2026> <13:18:05>     12      0.00002222      0.00000607      0.0
<May23-2026> <13:18:08>     13      0.00000442      0.00000059      0.0
<May23-2026> <13:18:09>  SCF converged
<May23-2026> <13:18:11>     14      0.00000114      0.00000012      0.0
<May23-2026> <13:18:14>  >>>> TOTEN
<May23-2026> <13:18:20>  >>>> POPAN
<May23-2026> <13:18:20>  >>>> DEBYE
<May23-2026> <13:18:20>  >>>> AMETS
<May23-2026> <13:18:20>   Bond Energy          -1.54395253 a.u.
<May23-2026> <13:18:20>   Bond Energy         -42.01308589 eV
<May23-2026> <13:18:20>   Bond Energy        -968.84       kcal/mol
<May23-2026> <13:18:20>  >>>> POPUL
<May23-2026> <13:18:20>  NORMAL TERMINATION
