srun: Job 663080 step creation temporarily disabled, retrying (Requested nodes are busy)
srun: Job 663080 step creation still disabled, retrying (Requested nodes are busy)
srun: Job 663080 step creation still disabled, retrying (Requested nodes are busy)
srun: Job 663080 step creation still disabled, retrying (Requested nodes are busy)
srun: Job 663080 step creation still disabled, retrying (Requested nodes are busy)
srun: Job 663080 step creation still disabled, retrying (Requested nodes are busy)
srun: Job 663080 step creation still disabled, retrying (Requested nodes are busy)
srun: Job 663080 step creation still disabled, retrying (Requested nodes are busy)
srun: Job 663080 step creation still disabled, retrying (Requested nodes are busy)
srun: Job 663080 step creation still disabled, retrying (Requested nodes are busy)
srun: Job 663080 step creation still disabled, retrying (Requested nodes are busy)
srun: Job 663080 step creation still disabled, retrying (Requested nodes are busy)
srun: Job 663080 step creation still disabled, retrying (Requested nodes are busy)
srun: Job 663080 step creation still disabled, retrying (Requested nodes are busy)
srun: Job 663080 step creation still disabled, retrying (Requested nodes are busy)
srun: Job 663080 step creation still disabled, retrying (Requested nodes are busy)
srun: Job 663080 step creation still disabled, retrying (Requested nodes are busy)
srun: Job 663080 step creation still disabled, retrying (Requested nodes are busy)
srun: Job 663080 step creation still disabled, retrying (Requested nodes are busy)
srun: Job 663080 step creation still disabled, retrying (Requested nodes are busy)
srun: Job 663080 step creation still disabled, retrying (Requested nodes are busy)
srun: Job 663080 step creation still disabled, retrying (Requested nodes are busy)
srun: Job 663080 step creation still disabled, retrying (Requested nodes are busy)
srun: Job 663080 step creation still disabled, retrying (Requested nodes are busy)
srun: Job 663080 step creation still disabled, retrying (Requested nodes are busy)
srun: Job 663080 step creation still disabled, retrying (Requested nodes are busy)
srun: Job 663080 step creation still disabled, retrying (Requested nodes are busy)
srun: Job 663080 step creation still disabled, retrying (Requested nodes are busy)
srun: Job 663080 step creation still disabled, retrying (Requested nodes are busy)
srun: Job 663080 step creation still disabled, retrying (Requested nodes are busy)
srun: Job 663080 step creation still disabled, retrying (Requested nodes are busy)
srun: Job 663080 step creation still disabled, retrying (Requested nodes are busy)
srun: Job 663080 step creation still disabled, retrying (Requested nodes are busy)
srun: Job 663080 step creation still disabled, retrying (Requested nodes are busy)
srun: Job 663080 step creation still disabled, retrying (Requested nodes are busy)
srun: Job 663080 step creation still disabled, retrying (Requested nodes are busy)
srun: Job 663080 step creation still disabled, retrying (Requested nodes are busy)
srun: Job 663080 step creation still disabled, retrying (Requested nodes are busy)
srun: Job 663080 step creation still disabled, retrying (Requested nodes are busy)
srun: Job 663080 step creation still disabled, retrying (Requested nodes are busy)
srun: Job 663080 step creation still disabled, retrying (Requested nodes are busy)
srun: Job 663080 step creation still disabled, retrying (Requested nodes are busy)
srun: Job 663080 step creation still disabled, retrying (Requested nodes are busy)
srun: Step created for StepId=663080.5

 *******************************************************************************
 *                                                                             *
 *  --------------------------------                                           *
 *   Amsterdam Modeling Suite (AMS)              2026.103                      *
 *  --------------------------------                                           *
 *                                               r260501 2026-05-01 873454b5   *
 *                                                                             *
 *                                                                             *
 *                              =================                              *
 *                              |               |                              *
 *                              |     A M S     |                              *
 *                              |               |                              *
 *                              =================                              *
 *                                                                             *
 *                                                                             *
 *   Online information and documentation:  https://www.scm.com/support/       *
 *   E-mail:  support@scm.com   info@scm.com                                   *
 *                                                                             *
 *   Scientific publications using AMS results must be properly referenced     *
 *   See the User Manuals (or the web site) for recommended citations          *
 *   The terms and conditions of the End User License Agreement apply to       *
 *   the use of AMS, https://www.scm.com/license-terms/                        *
 *                                                                             *
 **********************  x86_64_linux_intel / intelmpi  ************************
 
 Licensed to: Jong-June Jeon / University of Seoul 2026-06-02 13:44:15
 SCM User ID: u30731
  
 AMS 2026.103  RunTime: Jun03-2026 22:25:18  ShM Nodes: 1  Procs: 1

 AMS jobname: c1_fragA_ts
 AMS jobid  : 1827849714

 Start   directory: /gpfs/home1/yeseo1ee/projects/eda-asm-prediction/ADF_800/adf_outputs/batch_004/qmrxn20_e2_D_C_E_B_B_C/
 Results directory: /gpfs/home1/yeseo1ee/projects/eda-asm-prediction/ADF_800/adf_outputs/batch_004/qmrxn20_e2_D_C_E_B_B_C/c1_fragA_ts.results/
 Scratch directory: /tmp/amstmp_c1_fragA_ts_kid0.1827849714/

 RNG seed: 2011361859 -1083437409 -1711275877 -734123567 -1778894367 -973316852 -459322973 -476836567



                      ************************************************************************
                      *  ADF 2026.103  RunTime: Jun03-2026 22:25:18  ShM Nodes: 1  Procs: 1  *
                      ************************************************************************
  

       ****************************
       * SINGLE POINT CALCULATION *
       ****************************

--------
Geometry
--------
Formula: Cl
Atoms
  Index Symbol   x (angstrom)   y (angstrom)   z (angstrom)
      1     Cl     1.76512546     0.11026567    -1.29427416

Total System Charge             -1.00000


----------------
ADF Engine Input
----------------
 
   Basis
     Type TZ2P
     Core None
   End
   XC
     GGA BLYP
     Dispersion GRIMME3 BJDAMP
   End
   Symmetry NOSYM
   NumericalQuality Normal
   Unrestricted No
   SCF
     Iterations 200
     Converge 1.0e-6
   End
   Save TAPE21
 

 Title: *** (NO TITLE) ***

 *** adf ***



 ===========================
 A T T A C H E D   F I L E S
 ===========================
  



 ===============================
 M O D E L   P A R A M E T E R S
 ===============================
  
 DENSITY FUNCTIONAL POTENTIAL (scf)
    LDA:                               Exchange only                           == Not Default ==
    Gradient Corrections:              Becke88 LYP                             == Not Default ==

 SPIN  (restricted / unrestr.)
    Molecule:                          Restricted                               
    Fragments:                         Restricted                               

 OTHER ASPECTS
    Relativistic Corrections:          scalar (ZORA,MAPA)                       

    Nuclear Charge Density Model:      Point Charge Nuclei                      
    Core Treatment:                    Frozen Orbital(s)                        

    Hyperfine or Zeeman Interaction:   ---                                      

 Settings for Grimme D3 dispersion correction

      damping                        BJ
      s6                          1.000
      s8                          2.700
      a1                          0.430
      a2                          4.236

 Other (technical) parameters

      alpha                      14.000
      version                         4
 


 Fragment File(s)
 ----------------
 Cl:
         file : /gpfs/home1/yeseo1ee/projects/eda-asm-prediction/ADF_800/adf_outputs/batch_004/qmrxn20_e2_D_C_E_B_B_C/c1_fragA_ts.results/t21.3FD35465.Cl
         jobid: 0
         title: Chlorine (TZ2P)



 ===============
 G E O M E T R Y  ***  Single Atom  ***
 ===============
  

 ATOMS
 =====                            X Y Z                    CHARGE
                                (Angstrom)             Nucl     +Core       At.Mass
                       --------------------------    ----------------       -------
    1  Cl              1.7651    0.1103   -1.2943     17.00     17.00       34.9689


 FRAGMENTS
 =========                                     Atoms in this Fragment     Cart. coord.s (Angstrom)
                                               -------------------------------------------------------
    1  Cl                                                1  Cl           1.7651    0.1103   -1.2943



 =====================================
 S Y M M E T R Y ,   E L E C T R O N S
 =====================================
  
 Symmetry: NOSYM

 Irreducible Representations, including subspecies
 -------------------------------------------------
 A


 Configuration of Valence Electrons
 ==================================
 ( determined in the SCF procedure )

 Total:   18

 Net Charge: -1 (Nuclei minus Electrons)

 Aufbau principle for MO occupations will be applied through SCF cycle no.     100
 Thereafter, the program will assign electrons to MOs that are spatially
 similar to the occupied MOs in a "reference" cycle ("KeepOrbitals").
 The reference cycle is always the PREVIOUS cycle: it will evolve with
 the SCF procedure.
 ***************************************************************************************************



                                      ****************************************
                                      *  B U I L D : (Fragments, Functions)  *
                                      ****************************************
  



 =======
 S F O s  ***  (Symmetrized Fragment Orbitals)  ***
 =======
  
 SFOs are linear combinations of (valence) Fragment Orbitals (FOs), such that the SFOs transform as the
 irreducible representations of the (molecular) symmetry group. Each SFO is therefore characterized by
 an irrep of the molecule and by a few (or only one) generating FOs.
 The SFOs constitute a symmetry-adapted basis for the Fock matrix. The MO eigenvector coefficients in
 this basis provide a direct interpretation of the MOs in terms of Frontier Orbital Theory.

 The SFOs are combined with auxiliary Core Functions (CFs) to ensure orthogonalization on the (frozen)
 Core Orbitals (COs). The Core-orthogonalized SFOs (CSFOs) constitute the true Fock basis.

 The FOs, and hence also the (C)SFOs are combinations of the elementary basis functions (BAS). The basis
 functions that participate in the description of the SFOs depend on the irrep. The indices of the
 involved functions are printed below for each irrep.
 (The complete list of primitive basis functions is printed in another section)

 Total nr. of (C)SFOs (summation over all irreps) :    34

 NOTE: a (C)SFO that is defined as a combination of more than one FO is usually NOT normalized.



                                       === A ===
 Nr. of SFOs :   34
 Cartesian basis functions that participate in this irrep (total number =    38) :
      1     2     3     4    11    12    13     5     8    14
     17    20     6     9    15    18    21     7    10    16
     19    22    23    24    25    26    27    28    29    30
     31    32    33    34    35    36    37    38

    SFO  (index         Fragment          Generating    Expansion in Fragment Orbitals
  indx  incl.CFs)   Occup   Orb.Energy   FragmentType  Coeff.   Orbital     on Fragment
 --------------------------------------------------------------------------------------
     1       1      2.000    -101.116 au  Cl            1.00      1 S               1
                        (   -2751.516 eV)
     2       2      2.000      -9.276 au  Cl            1.00      2 S               1
                        (    -252.419 eV)
     3       3      2.000      -0.754 au  Cl            1.00      3 S               1
                        (     -20.523 eV)
     4       4       --         0.194 au  Cl            1.00      4 S               1
                        (       5.292 eV)
     5       5       --         1.998 au  Cl            1.00      5 S               1
                        (      54.377 eV)
     6       6       --        12.618 au  Cl            1.00      6 S               1
                        (     343.355 eV)
     7       7       --       205.328 au  Cl            1.00      7 S               1
                        (    5587.258 eV)
     8       8      2.000      -7.038 au  Cl            1.00      1 P:x             1
                        (    -191.503 eV)
     9       9      1.667      -0.310 au  Cl            1.00      2 P:x             1
                        (      -8.439 eV)
    10      10       --         0.226 au  Cl            1.00      3 P:x             1
                        (       6.147 eV)
    11      11       --         2.102 au  Cl            1.00      4 P:x             1
                        (      57.194 eV)
    12      12       --        18.665 au  Cl            1.00      5 P:x             1
                        (     507.904 eV)
    13      13      2.000      -7.038 au  Cl            1.00      1 P:y             1
                        (    -191.503 eV)
    14      14      1.667      -0.310 au  Cl            1.00      2 P:y             1
                        (      -8.439 eV)
    15      15       --         0.226 au  Cl            1.00      3 P:y             1
                        (       6.147 eV)
    16      16       --         2.102 au  Cl            1.00      4 P:y             1
                        (      57.194 eV)
    17      17       --        18.665 au  Cl            1.00      5 P:y             1
                        (     507.904 eV)
    18      18      2.000      -7.038 au  Cl            1.00      1 P:z             1
                        (    -191.503 eV)
    19      19      1.667      -0.310 au  Cl            1.00      2 P:z             1
                        (      -8.439 eV)
    20      20       --         0.226 au  Cl            1.00      3 P:z             1
                        (       6.147 eV)
    21      21       --         2.102 au  Cl            1.00      4 P:z             1
                        (      57.194 eV)
    22      22       --        18.665 au  Cl            1.00      5 P:z             1
                        (     507.904 eV)
    23      23       --         0.388 au  Cl            1.00      1 D:z2            1
                        (      10.568 eV)
    24      24       --         0.388 au  Cl            1.00      1 D:x2-y2         1
                        (      10.568 eV)
    25      25       --         0.388 au  Cl            1.00      1 D:xy            1
                        (      10.568 eV)
    26      26       --         0.388 au  Cl            1.00      1 D:xz            1
                        (      10.568 eV)
    27      27       --         0.388 au  Cl            1.00      1 D:yz            1
                        (      10.568 eV)
    28      28       --         1.191 au  Cl            1.00      1 F:z3            1
                        (      32.399 eV)
    29      29       --         1.191 au  Cl            1.00      1 F:z             1
                        (      32.399 eV)
    30      30       --         1.191 au  Cl            1.00      1 F:xyz           1
                        (      32.399 eV)
    31      31       --         1.191 au  Cl            1.00      1 F:z2x           1
                        (      32.399 eV)
    32      32       --         1.191 au  Cl            1.00      1 F:z2y           1
                        (      32.399 eV)
    33      33       --         1.191 au  Cl            1.00      1 F:x             1
                        (      32.399 eV)
    34      34       --         1.191 au  Cl            1.00      1 F:y             1
                        (      32.399 eV)



 ================================
 (Slater-type)  F U N C T I O N S  ***  (Basis and Fit)  ***
 ================================
  

 Atom Type    1  (Cl)
 ==============

 Valence Basis Sets:  14
 -----------------------
   1 S   20.300000
   1 S   15.250000
   2 S    6.250000
   2 S    4.450000
   2 P    8.850000
   2 P    5.050000
   3 S    3.450000
   3 S    2.300000
   3 S    1.600000
   3 P    3.350000
   3 P    2.050000
   3 P    1.200000
   3 D    2.000000
   4 F    2.000000


 BAS: List of all Elementary Cartesian Basis Functions
 =====================================================

 The numbering in the list below (to the right of the function characteristics) is referred
 to in print-outs of MO eigenvectors and Mulliken populations in the BAS representation
 (as contrasted to the SFO representation).

 Notes:
 1. The functions are characterized by a polynomial prefactor (powers of x,y,z and r) and
    an exponential decay factor alpha.
 2. Since the basis sets are specific for an atom TYPE, the individual functions occur on
    all atoms of that type.
 3. The word 'Core' in the left margin signals that it is a Core Function (CF) : not a
    degree of freedom in the valence set, but only used to ensure orthogonalization of
    the other valence basis functions on the frozen Core Orbitals.


 (power of) X  Y  Z  R     Alpha  on Atom
            ==========     =====     ==========

 Cl                                   1
                                  ---------------------------------------------------------------------------
            0  0  0  0    20.300      1
            0  0  0  0    15.250      2
            0  0  0  1     6.250      3
            0  0  0  1     4.450      4
            1  0  0  0     8.850      5
            0  1  0  0     8.850      6
            0  0  1  0     8.850      7
            1  0  0  0     5.050      8
            0  1  0  0     5.050      9
            0  0  1  0     5.050     10
            0  0  0  2     3.450     11
            0  0  0  2     2.300     12
            0  0  0  2     1.600     13
            1  0  0  1     3.350     14
            0  1  0  1     3.350     15
            0  0  1  1     3.350     16
            1  0  0  1     2.050     17
            0  1  0  1     2.050     18
            0  0  1  1     2.050     19
            1  0  0  1     1.200     20
            0  1  0  1     1.200     21
            0  0  1  1     1.200     22
            2  0  0  0     2.000     23
            1  1  0  0     2.000     24
            1  0  1  0     2.000     25
            0  2  0  0     2.000     26
            0  1  1  0     2.000     27
            0  0  2  0     2.000     28
            3  0  0  0     2.000     29
            2  1  0  0     2.000     30
            2  0  1  0     2.000     31
            1  2  0  0     2.000     32
            1  1  1  0     2.000     33
            1  0  2  0     2.000     34
            0  3  0  0     2.000     35
            0  2  1  0     2.000     36
            0  1  2  0     2.000     37
            0  0  3  0     2.000     38

 Total number of charge fitting functions (nprimf)       106
 Total number of Cartesian basis functions (naos)         38
 Total number of Cartesian core functions  (ncos)          0

 ***************************************************************************************************



                                              ***********************
                                              *  T E C H N I C A L  *
                                              ***********************
  



 =============================================================
 P A R A L L E L I Z A T I O N  and  V E C T O R I Z A T I O N
 =============================================================
  
 Nr of parallel processes:                                1
 Maximum vector length in NumInt loops:                 128



 =====================
 S C F   U P D A T E S
 =====================
  
 Max. nr. of cycles:                               200
 Convergence criterion:                              0.0000010000
   secondary criterion:                              0.0010000000

 Mix parameter (when DIIS does not apply):           0.2000000000
 Mixed ADIIS+SDIIS will be used                  
    Max number of expansion vectors:                10
    Pure ADIIS when Max([F,P]) is above              0.1000000000
    Pure SDIIS when Max([F,P]) is below              0.0010000000
 Automatic ElectronSmearing (in case of problematic SCF convergence) disabled



 =================
 P R E C I S I O N  ***  (General: NumInt, NeglectFunctionTails, ...)  ***
 =================
  

 NumInt:           Target precision:                 4.0000000000
 -------           Initial precision:                4.0000000000
                   Min. precision (optimization):    4.0000000000

 Neglect Functions:          Basis functions:        0.1000000000E-05
 ------------------          Fit functions:          0.1000000000E-05



 ===========================
 L I N E A R   S C A L I N G
 ===========================
  

 Cut-off radii density fit:                        0.1000000000E-07
 Overlap cut-off criterion AO matrix elements:     0.1000000000E-05
 Cut-offs for Coulomb potential and fitted density:0.1000000000E-07
 Cut-off criterion for Coulomb multipole terms:    0.1000000000E-07
 Progressive Convergence parameter:                 0.000000000    
 ***************************************************************************************************



                                            ***************************
                                            *  C O M P U T A T I O N  *
                                            ***************************
  

 Number of elements of the density matrix on this node (used, total):       741       741



 ===========================================
 Numerical Integration : Fuzzy Cells (Becke)
 ===========================================
  
 Becke grid quality: NORMAL         
  
 Lebedev angular grid order:             min:  11 max:  23
 Nr. of radial points:                   min:  67 max:  67

 Total nr. of points:       6566
 Nr. of blocks:               67
 Block length:                98
 Nr. of dummy points:          0


 Test of Precision of the Numerical Integration Grid
 ===================================================

 Integral of the Total Core Density:                   0.00000000000000



 ========================
 Density Fitting (zlmFit)
 ========================
  
 ZlmFit Fit Quality: NORMAL         
  
 Max L-expansion:                        min:   7 max:   7
 Nr. of radial interpolation points:     min:  60 max:  60



 =====
 S C F  ***  ScaSCF  ***
 =====
  
 Initial density matrix is calculated as sum of fragments

 CYCLE    1
 SCF Error: norm([F,P])=      0.008068804079, max([F,P])=      0.005455860078
 orbitals (Q,E):
 ---------------
 A :1...19           ( 2.00  -101.1289)  ( 2.00    -9.2800)  ( 2.00    -7.0407)  ( 2.00    -7.0407)
                     ( 2.00    -7.0407)  ( 2.00    -0.7553)  ( 2.00    -0.3112)  ( 2.00    -0.3112)
                     ( 2.00    -0.3112)  ( 0.00     0.1939)  ( 0.00     0.2254)  ( 0.00     0.2254)
                     ( 0.00     0.2254)  ( 0.00     0.3872)  ( 0.00     0.3872)  ( 0.00     0.3872)
                     ( 0.00     0.3872)  ( 0.00     0.3872)  ( 0.00     1.1895)

 CYCLE    2
  SDIIS (wt  0.000):  1.0010 -0.0010
 A-DIIS (wt  1.000):  0.3445  0.6555
  DIIS coefficients:  0.3445  0.6555
 SCF Error: norm([F,P])=      0.422563185845, max([F,P])=      0.185196461668
 orbitals (Q,E):
 ---------------
 A :1...10           ( 2.00  -100.6465)  ( 2.00    -8.8383)  ( 2.00    -6.5947)  ( 2.00    -6.5947)
                     ( 2.00    -6.5947)  ( 2.00    -0.4204)  ( 2.00    -0.0088)  ( 2.00    -0.0088)
                     ( 2.00    -0.0088)  ( 0.00     0.4146)

 CYCLE    3
  SDIIS (wt  0.000):  0.9678  0.0126  0.0196
 A-DIIS (wt  1.000):  0.0721  0.2486  0.6793
  DIIS coefficients:  0.0721  0.2486  0.6793
 SCF Error: norm([F,P])=      0.313643867910, max([F,P])=      0.099313204566
 orbitals (Q,E):
 ---------------
 A :1...10           ( 2.00  -100.8312)  ( 2.00    -8.9607)  ( 2.00    -6.7233)  ( 2.00    -6.7233)
                     ( 2.00    -6.7233)  ( 2.00    -0.4324)  ( 2.00    -0.0026)  ( 2.00    -0.0026)
                     ( 2.00    -0.0026)  ( 0.00     0.4474)

 CYCLE    4
  SDIIS (wt  0.509):  0.0087  0.3233  0.6679
 A-DIIS (wt  0.491):  0.0000  0.2089  0.7911
  DIIS coefficients:  0.0044  0.2672  0.7284
 SCF Error: norm([F,P])=      0.147020945233, max([F,P])=      0.049575039792
 orbitals (Q,E):
 ---------------
 A :1...10           ( 2.00  -100.7145)  ( 2.00    -8.8724)  ( 2.00    -6.6322)  ( 2.00    -6.6322)
                     ( 2.00    -6.6322)  ( 2.00    -0.3821)  ( 2.00     0.0405)  ( 2.00     0.0405)
                     ( 2.00     0.0405)  ( 0.00     0.4760)

 CYCLE    5
  SDIIS (wt  0.861):  0.0219 -0.0294  0.1219  0.8856
 A-DIIS (wt  0.139):  0.0000  0.0000  0.0373  0.9627
  DIIS coefficients:  0.0188 -0.0253  0.1102  0.8963
 SCF Error: norm([F,P])=      0.040506700986, max([F,P])=      0.014711920486
 orbitals (Q,E):
 ---------------
 A :1...10           ( 2.00  -100.7382)  ( 2.00    -8.8903)  ( 2.00    -6.6506)  ( 2.00    -6.6506)
                     ( 2.00    -6.6506)  ( 2.00    -0.3914)  ( 2.00     0.0332)  ( 2.00     0.0332)
                     ( 2.00     0.0332)  ( 0.00     0.4722)

 CYCLE    6
  SDIIS (wt  0.987): -0.0025  0.0070 -0.0163  0.0216  0.9903
 A-DIIS (wt  0.013):  0.0000  0.0000  0.0000  0.0000  1.0000
  DIIS coefficients: -0.0025  0.0069 -0.0161  0.0213  0.9905
 SCF Error: norm([F,P])=      0.006527309494, max([F,P])=      0.002317199031
 orbitals (Q,E):
 ---------------
 A :1...10           ( 2.00  -100.7348)  ( 2.00    -8.8877)  ( 2.00    -6.6479)  ( 2.00    -6.6479)
                     ( 2.00    -6.6479)  ( 2.00    -0.3902)  ( 2.00     0.0341)  ( 2.00     0.0341)
                     ( 2.00     0.0341)  ( 0.00     0.4727)

 CYCLE    7
  SDIIS (wt  1.000): -0.0000  0.0000  0.0003  0.0008  0.0140  0.9848
  DIIS coefficients: -0.0000  0.0000  0.0003  0.0008  0.0140  0.9848
 SCF Error: norm([F,P])=      0.000093571552, max([F,P])=      0.000032098951
 orbitals (Q,E):
 ---------------
 A :1...10           ( 2.00  -100.7349)  ( 2.00    -8.8878)  ( 2.00    -6.6480)  ( 2.00    -6.6480)
                     ( 2.00    -6.6480)  ( 2.00    -0.3902)  ( 2.00     0.0341)  ( 2.00     0.0341)
                     ( 2.00     0.0341)  ( 0.00     0.4727)

 CYCLE    8
  SDIIS (wt  1.000): -0.0000 -0.0000 -0.0000  0.0000  0.0003  0.0159  0.9838
  DIIS coefficients: -0.0000 -0.0000 -0.0000  0.0000  0.0003  0.0159  0.9838
 SCF Error: norm([F,P])=      0.000000127905, max([F,P])=      0.000000048830
 orbitals (Q,E):
 ---------------
 A :1...10           ( 2.00  -100.7349)  ( 2.00    -8.8878)  ( 2.00    -6.6480)  ( 2.00    -6.6480)
                     ( 2.00    -6.6480)  ( 2.00    -0.3902)  ( 2.00     0.0341)  ( 2.00     0.0341)
                     ( 2.00     0.0341)  ( 0.00     0.4727)

 SCF CONVERGED

 CYCLE    9
 ***************************************************************************************************



                                                *******************
                                                *  R E S U L T S  *
                                                *******************
  
 *** Using FIT density in Focky
  SDIIS (wt  1.000):  0.0000  0.0000  0.0033  0.9966
  DIIS coefficients:  0.0000  0.0000  0.0033  0.9966
 SCF Error: norm([F,P])=      0.000000001963, max([F,P])=      0.000000000622

 Scaled ZORA Orbital Energies, per Irrep and Spin:
 =================================================
                        Occup              E (au)              E (eV)       Diff (eV) with prev. cycle
                        -----      --------------------        ------       --------------------------
 A
               1        2.000     -0.10073487239626E+03     -2741.135               2.68E-08
               2        2.000     -0.88877628127141E+01      -241.848               2.25E-08
               3        2.000     -0.66479737250098E+01      -180.901               2.30E-08
               4        2.000     -0.66479737250098E+01      -180.901               2.30E-08
               5        2.000     -0.66479737250098E+01      -180.901               2.30E-08
               6        2.000     -0.39023407715820E+00       -10.619               1.40E-08
               7        2.000      0.34110675358037E-01         0.928               1.19E-08
               8        2.000      0.34110675358048E-01         0.928               1.19E-08
               9        2.000      0.34110675358048E-01         0.928               1.19E-08
              10        0.000      0.47268414159478E+00        12.862
              11        0.000      0.48888744979743E+00        13.303
              12        0.000      0.48888744979743E+00        13.303
              13        0.000      0.48888744979744E+00        13.303
              14        0.000      0.74307157334527E+00        20.220
              15        0.000      0.74307157334528E+00        20.220
              16        0.000      0.74307157334528E+00        20.220
              17        0.000      0.74307157334528E+00        20.220
              18        0.000      0.74307157334528E+00        20.220
              19        0.000      0.15183544860428E+01        41.317
  
 HOMO :        9 A                 0.34110675358048E-01
 LUMO :       10 A                 0.47268414159478E+00
  


 All Electron Calculation, thus no Orbital Energies of the Core Orbitals are calculated


 Fit test: (difference of exact and fit density, squared integrated, result summed over spins)
         Sum-of-Fragments:                             0.00000000057105
         Orthogonalized Fragments:                     0.00003872875886
         SCF:                                          0.00003869258577



 ==========================
 Electron Density at Nuclei
 ==========================
  
 The electron density is calculated at points on a small sphere around the center of a nucleus.
 The printed electron density is the average electron density on these points.
 The radius of the sphere is the printed approximate finite nuclear radius.
 Note: ZORA-4 density is used, which includes small component density

         Atom        Nuclear Radius (Angstrom)             Electron Density (a.u.)
         ----        -------------------------             -----------------------
     1)   Cl                0.0000426624                             3311.62351



 =======================================
 M U L L I K E N   P O P U L A T I O N S
 =======================================
  
 The survey below gives for each atom:
 a) the total charge (Z minus electrons)
 b) the net spin polarization (nr of electrons spin-A minus spin-B)
 c) for each spin the atomic electron valence density (integrated) per L-value.

 Atom              Charge    Spin density          S         P         D         F
 ----              ------    ------------       ------    ------    ------    ------
 1 Cl             -1.0000                       6.0000   12.0000    0.0000    0.0000

 Populations of individual BAS functions
 ----------------------------------------
 1 Cl           0.5872  1.3685  1.7547  0.2023  0.7386  0.7386  0.7386  1.2533  1.2533  1.2533
                0.6702  0.8994  0.5178  0.3363  0.3363  0.3363  0.8785  0.8785  0.8785  0.7934
                0.7934  0.7934 -0.0000  0.0000  0.0000  0.0000  0.0000 -0.0000 -0.0000 -0.0000
               -0.0000  0.0000  0.0000  0.0000 -0.0000 -0.0000  0.0000  0.0000

 Gross Charges per Atom (Z minus electrons)
 ==========================================
            -1.0000
 Net Total: -1.00000000


 Atom-Atom Population Matrix (off-diagonal elements not doubled)
 ===============================================================

     1 :    18.0000



 =================================================
 H I R S H F E L D   C H A R G E   A N A L Y S I S
 =================================================
  
 For each fragment: the (numerical) integral of rho(scf) * rho(fragment)/rho(sum-of-fragments)
 (nuclear charges are included, electrons are counted negative)

 The fragments and their ordering are defined in the early G E O M E T R Y output section.
 If you use single-atom fragments, this usually implies that all atoms of the same
 chemical type are grouped together. This may not be the order in which you listed them
 in the input file!

  Fragment                       Charge
 ------------------------------------------
    1  Cl                       -1.0000

 Sum of these charges =         -1.00000000
 (accuracy NumInt/Tails)



 =============================
 V O R O N O I   C H A R G E S
 =============================
  
 For each atom: the (numerical) integral of the total electronic charge density in its Voronoi cell,
 i.e. the region of space that is closer to that atom than to any other atom.
 (cf. Wigner-Seitz cells in crystals)

 Within the Voronoi cell the subintegrals over the atomic sphere and the remaining part are evaluated
 separately to give the numbers of electrons (negative charge) in these regions.
 The net total charge in the cell (including the nuclear charge) is also given.

 Values are provided for
    a) the Initial (sum-of-fragments) density
    b) the Orthogonalized-Fragments density
    c) the SCF density
    d) the Voronoi Deformation Density (VDD): the difference SCF-Initial for the complete atomic cell

  Atom                Initial                    OrthFrag                   SCF
             Sphere RestCell NetTotal   Sphere RestCell NetTotal   Sphere RestCell NetTotal      VDD
 -------     ------------------------   ------------------------   ------------------------    -----
    1 Cl    -17.000   -0.000   -0.000  -17.000   -0.000   -0.000  -18.000   -0.000   -1.000   -1.000
 ---------------------------------------------------------------------------------------------------
 Total NetCharge:              -0.000                     -0.000                     -1.000   -1.000
 (accuracy NumInt/Tails)

 Remark: the 'NetTotal' Voronoi charges often do not match the Mulliken and/or Hirshfeld charges very
 well. This is caused by the fact that chemically different atoms are not treated in accordance with
 their relative sizes. (Voronoi cells are defined by boundary planes halfway between the atoms.)
 However, the CHANGES in charge, comparing 'Initial' to 'SCF' for instance, do give a fair indication
 of the flow of charge caused by the relaxation from sum-of-fragments to self-consistency.

 Warning: the absolute accuracy of the VDD charges obtained using the Fuzzy Cells (Becke) integration
 scheme is much poorer than the one obtained with an 'equivalent' Voronoi integration grid. 



 =================================================================
 M U L T I P O L E   D E R I V E D   C H A R G E   A N A L Y S I S
 =================================================================

 This charge analysis uses the atomic multipoles (obtained from the fitted density) up to some level X,
 and reconstructs these multipoles exactly (up to level X) by distributing charges over all atoms.
 This is achieved by using Lagrange multipliers and a weight function to keep the multipoles local.

 Dummy atoms can be included (by setting INCDUM in MDC-block to 1) to obtain a fractional charge.
 This is generally useful and necessary only for small symmetrical molecules, when there are not
 enough degrees of freedom to reconstruct the multipoles.

 Since the atomic multipoles are reconstructed up to level X,
 the molecular multipoles are represented also up to level X.
 The recommended level is to reconstruct up to quadrupole : -> MDC-q charges.

 See: M. Swart, P.Th. van Duijnen, J.G. Snijders, J.Comput.Chem., (2001), p. 79-88.

 ------------------------------------------------------------- 
 Atomic electronic multipole moments from SCF equations (a.u.)
 ------------------------------------------------------------- 

   atom        charge        dip-x     dip-y     dip-z      quad-xx   quad-xy   quad-xz   quad-yy   quad-yz   quad-zz
 --------------------------------------------------------------------------------------------------------------------
    1 Cl    -1.000000    -0.000000  0.000000 -0.000000    -0.000000 -0.000000 -0.000000  0.000000 -0.000000 -0.000000

 --------------------------------------- 
 Multipole derived atomic charges (a.u.)
 --------------------------------------- 

 The MDC-m charges are just the Monopole terms in the multipole expansion, while for the MDC-d charges
 also the Dipoles are reconstructed. The usually preferred charges are the MDC-q charges.
 These reconstruct the Monopoles, Dipoles and Quadrupoles (both atomic AND molecular).

        Atom    Level:     MDC-m        MDC-d        MDC-q
 ---------------------------------------------------------
     1     Cl          -1.000000    -1.000000    -1.000000

 ------------------------------------------------ 
 Average absolute deviations in atomic multipoles
 ------------------------------------------------ 

 Stated here are the average differences between the atomic multipoles
 and the reconstructed atomic multipoles (from the distributed charges).
 If these values are not zero, this means there are not enough degrees of freedom,
 to be able to reconstruct the atomic multipoles. (This usually happens only
 for small and/or highly symmetric molecules). If this is the case, one could add
 dummy atoms as extra point charges (and setting INCDUM in MDC-block to 1).

 Level:                                 MDC-d        MDC-q
 ---------------------------------------------------------
 Charge   (a.u.)                       0.0000       0.0000
 Dipole   (Debye)                      0.0000       0.0000
 Quad.    (a.u.)                       0.0000       0.0000

 --------------------------------------- 
 Represented molecular multipole moments
 --------------------------------------- 

 Given here are the Molecular multipole moments from the atomic charges, and from the Fit Density.
 Note that the atomic charges represent the latter, NOT the ones from the Exact density.

            Q (a.u.)             Dipole moment (Debye)                                          Quadrupole moment (a.u.)
                                 x         y         z              xx        xy        xz        yy        yz        zz
------------------------------------------------------------------------------------------------------------------------
MDC-m        -1.0000       -8.4783   -0.5296    6.2167         -8.1135   -1.0426   12.2374    8.5107    0.7645   -0.3972
MDC-d        -1.0000       -8.4783   -0.5296    6.2167         -8.1135   -1.0426   12.2374    8.5107    0.7645   -0.3972
MDC-q        -1.0000       -8.4783   -0.5296    6.2167         -8.1135   -1.0426   12.2374    8.5107    0.7645   -0.3972
 
Fit.Dens.    -1.0000       -8.4783   -0.5296    6.2167         -8.1135   -1.0426   12.2374    8.5107    0.7645   -0.3972



 =============
 Dipole Moment  ***  (Debye)  ***
 =============
  
 Vector   :        -8.47825835     -0.52962855      6.21666332
 Magnitude:        10.52655090

 This molecular dipole moment is calculated with analytic integration
 ************************************************************************************
 Since the molecule is NOT NEUTRAL, the dipole moment depends on the choice of origin
 ************************************************************************************



 =========================================
 Quadrupole Moment (Buckingham convention)  ***  (a.u.)  ***
 =========================================
  
      quad-xx        quad-xy        quad-xz        quad-yy        quad-yz        quad-zz
     -8.11351581    -1.04256921    12.23744782     8.51073392     0.76446146    -0.39721810

 This molecular quadrupole moment is calculated with analytic integration



 ===========================
 B O N D I N G   E N E R G Y  ***  (decomposition)  ***
 ===========================
  
*** IMPORTANT NOTE ***

The bond energy is computed as an energy difference between molecule and
fragments. In particular when the fragments are single atoms, they are usually
computed as SPHERICALLY SYMMETRIC and SPIN-RESTRICTED. Obviously, this usually
does NOT represent the true atomic groundstate.

To obtain the 'real' bond energy, (atomic) correction terms must be applied
for the true (multiplet) fragment ground state. See ref: E.J.Baerends,
V.Branchadell, M.Sodupe, Chem.Phys.Lett.265 (1997) 481

General theoretical background on the bond energy decomposition scheme used
here (Morokuma-Ziegler) can be found in the review paper:
F.M. Bickelhaupt and E.J. Baerends,
"Kohn-Sham Density Functional Theory: Predicting and Understanding Chemistry"
In: Rev. Comput. Chem.; Lipkowitz, K. B. and Boyd, D. B., Eds.;
Wiley-VCH: New York, 2000, Vol. 15, 1-86.

Symbols used in the Bickelhaupt-Baerends (BB) paper are given below to make
the direct connection to that paper, where detailed explanations can be found
on the meaning of the various terms.


                                                   hartree              eV         kcal/mol           kJ/mol
                                      --------------------     -----------       ----------      -----------

Pauli Repulsion
  Kinetic (Delta T^0):                   0.000000000000000          0.0000             0.00             0.00
  Delta V^Pauli Coulomb:                -0.000008026193544         -0.0002            -0.01            -0.02
  Delta V^Pauli LDA-XC:                 -0.000000000000001         -0.0000            -0.00            -0.00
  Delta V^Pauli GGA-Exchange:            0.000000000000000          0.0000             0.00             0.00
  Delta V^Pauli GGA-Correlation:        -0.000000000000000         -0.0000            -0.00            -0.00
                                      --------------------     -----------       ----------      -----------
  Total Pauli Repulsion:                -0.000008026193545         -0.0002            -0.01            -0.02
 (Total Pauli Repulsion =
  Delta E^Pauli in BB paper)

Steric Interaction
  Pauli Repulsion (Delta E^Pauli):      -0.000008026193545         -0.0002            -0.01            -0.02
  Electrostatic Interaction:             0.000000000000000          0.0000             0.00             0.00
 (Electrostatic Interaction =
  Delta V_elstat in the BB paper)
                                      --------------------     -----------       ----------      -----------
  Total Steric Interaction:             -0.000008026193545         -0.0002            -0.01            -0.02
 (Total Steric Interaction =
  Delta E^0 in the BB paper)

Orbital Interactions
  A:                                    -0.133512092447041         -3.6330           -83.78          -350.54
                                      --------------------     -----------       ----------      -----------
  Total Orbital Interactions:           -0.133512092447041         -3.6330           -83.78          -350.54

Alternative Decomposition Orb.Int.
  Kinetic:                               0.175478465977718          4.7750           110.11           460.72
  Coulomb:                              -0.013918636350456         -0.3787            -8.73           -36.54
  XC:                                   -0.295071922074303         -8.0293          -185.16          -774.71
                                      --------------------     -----------       ----------      -----------
  Total Orbital Interactions:           -0.133512092447041         -3.6330           -83.78          -350.54

  Residu (E=Steric+OrbInt+Res):         -0.000034650761152         -0.0009            -0.02            -0.09
  Dispersion Energy:                     0.000000000000000          0.0000             0.00             0.00

Total Bonding Energy:                   -0.133554769401738         -3.6342           -83.81          -350.65


Summary of Bonding Energy (energy terms are taken from the energy decomposition above)
======================================================================================

  Electrostatic Energy:                  0.000000000000000          0.0000             0.00             0.00
  Kinetic Energy:                        0.175478465977718          4.7750           110.11           460.72
  Coulomb (Steric+OrbInt) Energy:       -0.013961313305152         -0.3799            -8.76           -36.66
  XC Energy:                            -0.295071922074304         -8.0293          -185.16          -774.71
  Dispersion Energy:                     0.000000000000000          0.0000             0.00             0.00
                                      --------------------     -----------       ----------      -----------
  Total Bonding Energy:                 -0.133554769401738         -3.6342           -83.81          -350.65


Correction terms (incorporated in energies above; only for test purposes):

1. Indication of fit-quality: 1st-order fit-correction used in the energy (hartree):   0.0005563795
2. Electrostatic (Fit correction):   0.0000000000

Scaled ZORA energy correction, not included in bonding energy (hartree):            0.0000119677
 NOTE: This scaled ZORA energy correction should only be used to compare two calculations
 in which the only difference in the calculation is the electron configuration.
 Then the difference in energy of this term should be added to the difference in energy of
 the two electron configurations.
 This term should not be used otherwise.
 In practice it is useful only for core excitation energy calculations.



 =========================================
 F R A G M E N T   E N E R G Y   T E R M S  ***  (summed over all fragments)  ***
 =========================================
  

The energy terms below are (parts of) the Total Energy of the fragments from which the molecule
 is built.

Exchange and Correlation
  Exchange LDA:                        -25.459126096827877       -692.7781        -15975.84        -66842.93
  Exchange GGA:                         -2.146387121888487        -58.4062         -1346.88         -5635.34
  Correlation LDA:                       0.000000000000000          0.0000             0.00             0.00
  Correlation GGA:                      -0.697809323085183        -18.9884          -437.88         -1832.10
                                      --------------------     -----------       ----------      -----------
  Total XC:                            -28.303322541801549       -770.1726        -17760.60        -74310.36



 =======================================================
 S F O   P O P U L A T I O N S ,   M O   A N A L Y S I S
 =======================================================
  
 A Mulliken population analysis is performed on (input-)selected MOs. All populations refer to SFOs.
 BAS populations may have been printed directly after the SCF part.


                                       === A ===


 SFO contributions (%) per orbital
 (multiplication by the orbital occupation yields the SFO Gross Populations)

 Orb.:        1      2      3      4      5      6      7      8      9     10     11     12     13
 occup:     2.00   2.00   2.00   2.00   2.00   2.00   2.00   2.00   2.00   0.00   0.00   0.00   0.00
 CF+SFO     ----   ----   ----   ----   ----   ----   ----   ----   ----   ----   ----   ----   ----
 ------
      1:  100.00   0.00   0.00   0.00   0.00   0.00   0.00   0.00   0.00   0.00   0.00   0.00   0.00
      2:    0.00 100.00   0.00   0.00   0.00   0.00   0.00   0.00   0.00   0.00   0.00   0.00   0.00
      3:    0.00   0.00   0.00   0.00   0.00  99.89   0.00   0.00   0.00   0.11   0.00   0.00   0.00
      4:    0.00   0.00   0.00   0.00   0.00   0.11   0.00   0.00   0.00  99.85   0.00   0.00   0.00
      8:    0.00   0.00   4.98  94.71   0.31   0.00   0.00   0.00   0.00   0.00   0.00   0.00   0.00
      9:    0.00   0.00   0.00   0.00   0.00   0.00  30.92  13.03  55.15   0.00   0.88   0.00   0.02
     10:    0.00   0.00   0.00   0.00   0.00   0.00   0.28   0.12   0.50   0.00  96.60   0.26   2.20
     13:    0.00   0.00  85.58   5.26   9.16   0.00   0.00   0.00   0.00   0.00   0.00   0.00   0.00
     14:    0.00   0.00   0.00   0.00   0.00   0.00  68.08   7.64  23.37   0.00   0.02   0.00   0.88
     15:    0.00   0.00   0.00   0.00   0.00   0.00   0.62   0.07   0.21   0.00   2.19   0.01  96.86
     18:    0.00   0.00   9.44   0.03  90.53   0.00   0.00   0.00   0.00   0.00   0.00   0.00   0.00
     19:    0.00   0.00   0.00   0.00   0.00   0.00   0.10  78.42  20.58   0.00   0.00   0.90   0.00
     20:    0.00   0.00   0.00   0.00   0.00   0.00   0.00   0.71   0.19   0.00   0.27  98.79   0.00


 Summation over all MOs, multiplied by occupation: Total SFO Gross Populations in this Irrep
 ===========================================================================================

     2.00    2.00    2.00    0.00    0.00    0.00    0.00    2.00    1.98    0.02    0.00    0.00
     2.00    1.98    0.02    0.00    0.00    2.00    1.98    0.02    0.00    0.00    0.00    0.00
     0.00    0.00    0.00    0.00    0.00    0.00    0.00    0.00    0.00    0.00



 List of selected MOs, ordered by energy, with the most significant SFO gross populations
 ========================================================================================

 Each percentage contribution in the table below corres ponds to the indicated SFO.
 In general, a SFO may be a linear combination of several Fragment Orbitals on the same,
 or on symmetry-related Fragments. Only the first 'member' of such a combination is
 specified here. A full definition of all SFOs is given in an earlier part of the output.
 The numbering of the SFOs in this table does NOT include the Core Orbitals, and starts
 from one for each symmetry representation, as in the SFO definition list earlier.

       E(eV)  Occ       MO           %     SFO (first member)   E(eV)  Occ   Fragment
 -------------------------------------------------------------------------------------

     -10.619  2.00     6 A         99.89%     3 S             -20.523  2.00     1 Cl
                                    0.11%     4 S               5.292  0.00     1 Cl
       0.928  2.00     7 A         68.08%     2 P:y            -8.439  1.67     1 Cl
                                   30.92%     2 P:x            -8.439  1.67     1 Cl
       0.928  2.00     8 A         78.42%     2 P:z            -8.439  1.67     1 Cl
                                   13.03%     2 P:x            -8.439  1.67     1 Cl
                                    7.64%     2 P:y            -8.439  1.67     1 Cl
       0.928  2.00     9 A         55.15%     2 P:x            -8.439  1.67     1 Cl
                                   23.37%     2 P:y            -8.439  1.67     1 Cl
                                   20.58%     2 P:z            -8.439  1.67     1 Cl
      12.862  0.00    10 A         99.85%     4 S               5.292  0.00     1 Cl
                                    0.11%     3 S             -20.523  2.00     1 Cl
      13.303  0.00    11 A         96.60%     3 P:x             6.147  0.00     1 Cl
                                    2.19%     3 P:y             6.147  0.00     1 Cl
      13.303  0.00    12 A         98.79%     3 P:z             6.147  0.00     1 Cl
                                    0.90%     2 P:z            -8.439  1.67     1 Cl
      13.303  0.00    13 A         96.86%     3 P:y             6.147  0.00     1 Cl
                                    2.20%     3 P:x             6.147  0.00     1 Cl



 =======================================================================
 Electrostatic potential at the Nuclei due to electrons and other nuclei
 =======================================================================
  
         Atom                  Potential
         ----                  ---------
     1)   Cl                 65.20868291
 Mulliken charges used for AMS results%charges...


    =====================
     CALCULATION RESULTS
    =====================

Energy (hartree)            -0.13355477


--------------
Atomic charges
--------------
  Index   Atom    Charge
      1     Cl   -1.0000


Dipole moment vector    (Debye):    -8.47825835   -0.52962855    6.21666332
              magnitude (Debye):    10.52655090


-----------------------
Molecular orbitals info
-----------------------
n orbitals:               34
n spin:                    1

Note: only printing virtual orbitals with
      energy smaller than HOMO + 100. eV

HOMO (eV):               0.9282
LUMO (eV):              12.8624
HOMO-LUMO gap (eV):     11.9342

   Index   Energy (eV)    Occupation
      29       66.6243         0.000       
      28       66.6243         0.000       
      27       66.6243         0.000       
      26       63.6510         0.000       
      25       41.3165         0.000       
      24       41.3165         0.000       
      23       41.3165         0.000       
      22       41.3165         0.000       
      21       41.3165         0.000       
      20       41.3165         0.000       
      19       41.3165         0.000       
      18       20.2200         0.000       
      17       20.2200         0.000       
      16       20.2200         0.000       
      15       20.2200         0.000       
      14       20.2200         0.000       
      13       13.3033         0.000       
      12       13.3033         0.000       
      11       13.3033         0.000       
      10       12.8624         0.000 < LUMO
       9        0.9282         2.000 < HOMO
       8        0.9282         2.000       
       7        0.9282         2.000       
       6      -10.6188         2.000       
       5     -180.9006         2.000       
       4     -180.9006         2.000       
       3     -180.9006         2.000       
       2     -241.8483         2.000       
       1    -2741.1353         2.000       

AMS application finished. Exiting.
NORMAL TERMINATION
     Total cpu time:       1.58
  Total system time:       0.10
 Total elapsed time:       1.70
NORMAL TERMINATION
