<May23-2026> <11:58:08>  AMS 2026.103  RunTime: May23-2026 11:58:08  ShM Nodes: 1  Procs: 1
<May23-2026> <11:58:08>  ADF 2026.103  RunTime: May23-2026 11:58:08  ShM Nodes: 1  Procs: 1
<May23-2026> <11:58:08>  *** (NO TITLE) ***
<May23-2026> <11:58:08>  DIRAC 2026.103  RunTime: May23-2026 11:58:08  ShM Nodes: 1  Procs: 1
<May23-2026> <11:58:08>  Carbon (TZ2P)
<May23-2026> <11:58:08>  Net Charge: 0 (Nuclei minus Electrons)
<May23-2026> <11:58:08>  Symmetry  : ATOM
<May23-2026> <11:58:08>  Coordinates
<May23-2026> <11:58:08>     Atom         X           Y           Z   (Angstrom)
<May23-2026> <11:58:08>     1.C         0.000000    0.000000    0.000000
<May23-2026> <11:58:08>  >>>> CORORT
<May23-2026> <11:58:08>  >>>> CLSMAT
<May23-2026> <11:58:08>  >>>> ORTHON
<May23-2026> <11:58:08>  >>>> GENPT
<May23-2026> <11:58:08>  Block Length=  72
<May23-2026> <11:58:08>  >>>> PTBAS
<May23-2026> <11:58:08>  >>>> CYCLE
<May23-2026> <11:58:08>              |Error|         MaxErr       Wt(A-DIIS)
<May23-2026> <11:58:08>      1      0.00000000      0.00000000
<May23-2026> <11:58:08>      2      4.48450606      3.33074448    100.0
<May23-2026> <11:58:08>      3      1.63845963      1.31677840    100.0
<May23-2026> <11:58:08>      4      0.72237885      0.58090812    100.0
<May23-2026> <11:58:08>      5      0.41341516      0.32921223    100.0
<May23-2026> <11:58:08>      6      0.12634980      0.09661242     96.6
<May23-2026> <11:58:09>      7      0.11511849      0.08978748     89.7
<May23-2026> <11:58:09>      8      0.00670007      0.00519977      4.2
<May23-2026> <11:58:09>      9      0.00022181      0.00016825      0.0
<May23-2026> <11:58:09>     10      0.00000199      0.00000135      0.0
<May23-2026> <11:58:09>     11      0.00000002      0.00000001      0.0
<May23-2026> <11:58:09>     12      0.00000000      0.00000000      0.0
<May23-2026> <11:58:09>  SCF converged
<May23-2026> <11:58:09>     13      0.00000000      0.00000000      0.0
<May23-2026> <11:58:09>  >>>> POPAN
<May23-2026> <11:58:09>  >>>> DEBYE
<May23-2026> <11:58:09>  DIRAC 2026.103  RunTime: May23-2026 11:58:09  ShM Nodes: 1  Procs: 1
<May23-2026> <11:58:09>  Oxygen (TZ2P)
<May23-2026> <11:58:09>  Net Charge: 0 (Nuclei minus Electrons)
<May23-2026> <11:58:09>  Symmetry  : ATOM
<May23-2026> <11:58:09>  Coordinates
<May23-2026> <11:58:09>     Atom         X           Y           Z   (Angstrom)
<May23-2026> <11:58:09>     1.O         0.000000    0.000000    0.000000
<May23-2026> <11:58:09>  >>>> CORORT
<May23-2026> <11:58:09>  >>>> CLSMAT
<May23-2026> <11:58:09>  >>>> ORTHON
<May23-2026> <11:58:09>  >>>> GENPT
<May23-2026> <11:58:09>  Block Length=  68
<May23-2026> <11:58:09>  >>>> PTBAS
<May23-2026> <11:58:09>  >>>> CYCLE
<May23-2026> <11:58:09>              |Error|         MaxErr       Wt(A-DIIS)
<May23-2026> <11:58:09>      1      0.00000000      0.00000000
<May23-2026> <11:58:09>      2      8.77379167      5.52456194    100.0
<May23-2026> <11:58:09>      3      3.58874259      2.50390796    100.0
<May23-2026> <11:58:09>      4      1.14813168      0.58304454    100.0
<May23-2026> <11:58:09>      5      1.52147762      0.84216884    100.0
<May23-2026> <11:58:09>      6      0.17958647      0.10470670    100.0
<May23-2026> <11:58:09>      7      0.20120374      0.11429590    100.0
<May23-2026> <11:58:09>      8      0.01711846      0.01004426      9.1
<May23-2026> <11:58:09>      9      0.00178953      0.00100777      0.0
<May23-2026> <11:58:09>     10      0.00000129      0.00000068      0.0
<May23-2026> <11:58:09>     11      0.00000005      0.00000002      0.0
<May23-2026> <11:58:09>     12      0.00000000      0.00000000      0.0
<May23-2026> <11:58:09>  SCF converged
<May23-2026> <11:58:09>     13      0.00000000      0.00000000      0.0
<May23-2026> <11:58:09>  >>>> POPAN
<May23-2026> <11:58:09>  >>>> DEBYE
<May23-2026> <11:58:09>  DIRAC 2026.103  RunTime: May23-2026 11:58:09  ShM Nodes: 1  Procs: 1
<May23-2026> <11:58:09>  Hydrogen (TZ2P)
<May23-2026> <11:58:09>  Net Charge: 0 (Nuclei minus Electrons)
<May23-2026> <11:58:09>  Symmetry  : ATOM
<May23-2026> <11:58:09>  Coordinates
<May23-2026> <11:58:09>     Atom         X           Y           Z   (Angstrom)
<May23-2026> <11:58:09>     1.H         0.000000    0.000000    0.000000
<May23-2026> <11:58:09>  >>>> CORORT
<May23-2026> <11:58:09>  >>>> CLSMAT
<May23-2026> <11:58:09>  >>>> ORTHON
<May23-2026> <11:58:09>  >>>> GENPT
<May23-2026> <11:58:10>  Block Length=  64
<May23-2026> <11:58:10>  >>>> PTBAS
<May23-2026> <11:58:10>  >>>> CYCLE
<May23-2026> <11:58:10>              |Error|         MaxErr       Wt(A-DIIS)
<May23-2026> <11:58:10>      1      0.00000000      0.00000000
<May23-2026> <11:58:10>      2      0.03100426      0.02644614
<May23-2026> <11:58:10>      3      0.00958086      0.00932931    100.0
<May23-2026> <11:58:10>      4      0.00232128      0.00228673      1.3
<May23-2026> <11:58:10>      5      0.00003156      0.00002984      0.0
<May23-2026> <11:58:10>      6      0.00000096      0.00000091      0.0
<May23-2026> <11:58:10>      7      0.00000000      0.00000000      0.0
<May23-2026> <11:58:10>  SCF converged
<May23-2026> <11:58:10>      8      0.00000000      0.00000000      0.0
<May23-2026> <11:58:10>  >>>> POPAN
<May23-2026> <11:58:10>  >>>> DEBYE
<May23-2026> <11:58:10>  *** adf ***
<May23-2026> <11:58:10>  Net Charge: 0 (Nuclei minus Electrons)
<May23-2026> <11:58:10>  Spin polar: 1 (Spin_A minus Spin_B electrons)
<May23-2026> <11:58:10>  Symmetry  : NOSYM
<May23-2026> <11:58:10>  >>>> FRAGM
<May23-2026> <11:58:10>  Coordinates
<May23-2026> <11:58:10>     Atom         X           Y           Z   (Angstrom)
<May23-2026> <11:58:10>     1.C        -0.407171    0.199245   -1.329336
<May23-2026> <11:58:10>     2.C        -0.549032   -0.815390   -0.409483
<May23-2026> <11:58:10>     3.O        -1.402662   -0.731107    0.631471
<May23-2026> <11:58:10>     4.C        -2.372074    0.289113    0.640231
<May23-2026> <11:58:10>     5.O         0.287877   -1.757220   -0.310086
<May23-2026> <11:58:10>     6.H        -1.138834    0.984806   -1.437043
<May23-2026> <11:58:10>     7.H         0.189565   -0.031139   -2.196833
<May23-2026> <11:58:10>     8.H        -2.987632    0.119926    1.518182
<May23-2026> <11:58:10>     9.H        -2.997591    0.245275   -0.251495
<May23-2026> <11:58:10>    10.H        -1.908156    1.273505    0.711168
<May23-2026> <11:58:10>  >>>> CORORT
<May23-2026> <11:58:10>  >>>> CLSMAT
<May23-2026> <11:58:10>  >>>> ORTHON
<May23-2026> <11:58:10>  >>>> GENPT
<May23-2026> <11:58:10>  Block Length= 128
<May23-2026> <11:58:10>  >>>> PTBAS
<May23-2026> <11:58:12>  >>>> CYCLE
<May23-2026> <11:58:19>              |Error|         MaxErr       Wt(A-DIIS)
<May23-2026> <11:58:19>      1      5.37537194      0.67675323
<May23-2026> <11:58:24>      2      0.97686634      0.10319239    100.0
<May23-2026> <11:58:29>      3      0.84119775      0.08634375    100.0
<May23-2026> <11:58:34>      4      2.02443660      0.29168089    100.0
<May23-2026> <11:58:40>      5      0.60060063      0.05853531     58.1
<May23-2026> <11:58:45>      6      0.83005426      0.11292334    100.0
<May23-2026> <11:58:50>      7      0.26369605      0.03617741     35.5
<May23-2026> <11:58:56>      8      0.15551387      0.01951340     18.7
<May23-2026> <11:59:01>      9      0.03309666      0.00425977      3.3
<May23-2026> <11:59:06>     10      0.00853608      0.00085475      0.0
<May23-2026> <11:59:11>     11      0.00349195      0.00036062      0.0
<May23-2026> <11:59:17>     12      0.00114257      0.00016965      0.0
<May23-2026> <11:59:22>     13      0.00027060      0.00003437      0.0
<May23-2026> <11:59:27>     14      0.00007232      0.00000727      0.0
<May23-2026> <11:59:33>     15      0.00003115      0.00000377      0.0
<May23-2026> <11:59:38>     16      0.00001955      0.00000247      0.0
<May23-2026> <11:59:43>     17      0.00000319      0.00000034      0.0
<May23-2026> <11:59:44>  SCF converged
<May23-2026> <11:59:49>     18      0.00000065      0.00000008      0.0
<May23-2026> <11:59:53>  >>>> TOTEN
<May23-2026> <12:00:05>  >>>> POPAN
<May23-2026> <12:00:05>  >>>> DEBYE
<May23-2026> <12:00:05>  >>>> AMETS
<May23-2026> <12:00:05>   Bond Energy          -2.00512970 a.u.
<May23-2026> <12:00:05>   Bond Energy         -54.56235538 eV
<May23-2026> <12:00:05>   Bond Energy       -1258.24       kcal/mol
<May23-2026> <12:00:05>  >>>> POPUL
<May23-2026> <12:00:05>  NORMAL TERMINATION
