<May23-2026> <11:05:02>  AMS 2026.103  RunTime: May23-2026 11:05:02  ShM Nodes: 1  Procs: 1
<May23-2026> <11:05:02>  ADF 2026.103  RunTime: May23-2026 11:05:02  ShM Nodes: 1  Procs: 1
<May23-2026> <11:05:02>  *** (NO TITLE) ***
<May23-2026> <11:05:02>  Iteration 1
<May23-2026> <11:05:02>  DIRAC 2026.103  RunTime: May23-2026 11:05:02  ShM Nodes: 1  Procs: 1
<May23-2026> <11:05:02>  Carbon (TZ2P)
<May23-2026> <11:05:02>  Net Charge: 0 (Nuclei minus Electrons)
<May23-2026> <11:05:02>  Symmetry  : ATOM
<May23-2026> <11:05:02>  Coordinates
<May23-2026> <11:05:02>     Atom         X           Y           Z   (Angstrom)
<May23-2026> <11:05:02>     1.C         0.000000    0.000000    0.000000
<May23-2026> <11:05:03>  >>>> CORORT
<May23-2026> <11:05:03>  >>>> CLSMAT
<May23-2026> <11:05:03>  >>>> ORTHON
<May23-2026> <11:05:03>  >>>> GENPT
<May23-2026> <11:05:03>  Block Length=  72
<May23-2026> <11:05:03>  >>>> PTBAS
<May23-2026> <11:05:03>  >>>> CYCLE
<May23-2026> <11:05:03>              |Error|         MaxErr       Wt(A-DIIS)
<May23-2026> <11:05:03>      1      0.00000000      0.00000000
<May23-2026> <11:05:03>      2      4.48450606      3.33074448    100.0
<May23-2026> <11:05:03>      3      1.63845963      1.31677840    100.0
<May23-2026> <11:05:03>      4      0.72237885      0.58090812    100.0
<May23-2026> <11:05:03>      5      0.41341516      0.32921223    100.0
<May23-2026> <11:05:03>      6      0.12634980      0.09661242     96.6
<May23-2026> <11:05:03>      7      0.11511849      0.08978748     89.7
<May23-2026> <11:05:03>      8      0.00670007      0.00519977      4.2
<May23-2026> <11:05:03>      9      0.00022181      0.00016825      0.0
<May23-2026> <11:05:03>     10      0.00000199      0.00000135      0.0
<May23-2026> <11:05:03>     11      0.00000002      0.00000001      0.0
<May23-2026> <11:05:03>     12      0.00000000      0.00000000      0.0
<May23-2026> <11:05:03>  SCF converged
<May23-2026> <11:05:03>     13      0.00000000      0.00000000      0.0
<May23-2026> <11:05:03>  >>>> POPAN
<May23-2026> <11:05:03>  >>>> DEBYE
<May23-2026> <11:05:03>  DIRAC 2026.103  RunTime: May23-2026 11:05:03  ShM Nodes: 1  Procs: 1
<May23-2026> <11:05:03>  Oxygen (TZ2P)
<May23-2026> <11:05:03>  Net Charge: 0 (Nuclei minus Electrons)
<May23-2026> <11:05:03>  Symmetry  : ATOM
<May23-2026> <11:05:03>  Coordinates
<May23-2026> <11:05:03>     Atom         X           Y           Z   (Angstrom)
<May23-2026> <11:05:03>     1.O         0.000000    0.000000    0.000000
<May23-2026> <11:05:03>  >>>> CORORT
<May23-2026> <11:05:03>  >>>> CLSMAT
<May23-2026> <11:05:03>  >>>> ORTHON
<May23-2026> <11:05:03>  >>>> GENPT
<May23-2026> <11:05:03>  Block Length=  68
<May23-2026> <11:05:03>  >>>> PTBAS
<May23-2026> <11:05:03>  >>>> CYCLE
<May23-2026> <11:05:03>              |Error|         MaxErr       Wt(A-DIIS)
<May23-2026> <11:05:03>      1      0.00000000      0.00000000
<May23-2026> <11:05:03>      2      8.77379167      5.52456194    100.0
<May23-2026> <11:05:03>      3      3.58874259      2.50390796    100.0
<May23-2026> <11:05:03>      4      1.14813168      0.58304454    100.0
<May23-2026> <11:05:03>      5      1.52147762      0.84216884    100.0
<May23-2026> <11:05:03>      6      0.17958647      0.10470670    100.0
<May23-2026> <11:05:03>      7      0.20120374      0.11429590    100.0
<May23-2026> <11:05:03>      8      0.01711846      0.01004426      9.1
<May23-2026> <11:05:03>      9      0.00178953      0.00100777      0.0
<May23-2026> <11:05:03>     10      0.00000129      0.00000068      0.0
<May23-2026> <11:05:03>     11      0.00000005      0.00000002      0.0
<May23-2026> <11:05:03>     12      0.00000000      0.00000000      0.0
<May23-2026> <11:05:03>  SCF converged
<May23-2026> <11:05:03>     13      0.00000000      0.00000000      0.0
<May23-2026> <11:05:04>  >>>> POPAN
<May23-2026> <11:05:04>  >>>> DEBYE
<May23-2026> <11:05:04>  DIRAC 2026.103  RunTime: May23-2026 11:05:04  ShM Nodes: 1  Procs: 1
<May23-2026> <11:05:04>  Hydrogen (TZ2P)
<May23-2026> <11:05:04>  Net Charge: 0 (Nuclei minus Electrons)
<May23-2026> <11:05:04>  Symmetry  : ATOM
<May23-2026> <11:05:04>  Coordinates
<May23-2026> <11:05:04>     Atom         X           Y           Z   (Angstrom)
<May23-2026> <11:05:04>     1.H         0.000000    0.000000    0.000000
<May23-2026> <11:05:04>  >>>> CORORT
<May23-2026> <11:05:04>  >>>> CLSMAT
<May23-2026> <11:05:04>  >>>> ORTHON
<May23-2026> <11:05:04>  >>>> GENPT
<May23-2026> <11:05:04>  Block Length=  64
<May23-2026> <11:05:04>  >>>> PTBAS
<May23-2026> <11:05:04>  >>>> CYCLE
<May23-2026> <11:05:04>              |Error|         MaxErr       Wt(A-DIIS)
<May23-2026> <11:05:04>      1      0.00000000      0.00000000
<May23-2026> <11:05:04>      2      0.03100426      0.02644614
<May23-2026> <11:05:04>      3      0.00958086      0.00932931    100.0
<May23-2026> <11:05:04>      4      0.00232128      0.00228673      1.3
<May23-2026> <11:05:04>      5      0.00003156      0.00002984      0.0
<May23-2026> <11:05:04>      6      0.00000096      0.00000091      0.0
<May23-2026> <11:05:04>      7      0.00000000      0.00000000      0.0
<May23-2026> <11:05:04>  SCF converged
<May23-2026> <11:05:04>      8      0.00000000      0.00000000      0.0
<May23-2026> <11:05:04>  >>>> POPAN
<May23-2026> <11:05:04>  >>>> DEBYE
<May23-2026> <11:05:04>  *** GO1_GOStep1 ***
<May23-2026> <11:05:04>  >>>> FRAGM
<May23-2026> <11:05:04>  Coordinates
<May23-2026> <11:05:04>     Atom         X           Y           Z   (Angstrom)
<May23-2026> <11:05:04>     1.C        -1.180737   -1.100141    0.090815
<May23-2026> <11:05:04>     2.C        -1.463052    0.125361   -0.459094
<May23-2026> <11:05:04>     3.O        -1.195308    1.227649    0.114167
<May23-2026> <11:05:04>     4.H        -1.088814   -1.187155    1.162659
<May23-2026> <11:05:04>     5.H        -1.437775   -1.997656   -0.455842
<May23-2026> <11:05:04>     6.H        -1.758487    0.162286   -1.513596
<May23-2026> <11:05:04>  >>>> CORORT
<May23-2026> <11:05:04>  >>>> CLSMAT
<May23-2026> <11:05:04>  >>>> ORTHON
<May23-2026> <11:05:04>  >>>> GENPT
<May23-2026> <11:05:04>  Block Length= 128
<May23-2026> <11:05:04>  >>>> PTBAS
<May23-2026> <11:05:05>  >>>> CYCLE
<May23-2026> <11:05:07>              |Error|         MaxErr       Wt(A-DIIS)
<May23-2026> <11:05:07>      1      3.86577009      0.49443031
<May23-2026> <11:05:09>      2      0.69722357      0.09312378    100.0
<May23-2026> <11:05:11>      3      0.60470859      0.07852084    100.0
<May23-2026> <11:05:13>      4      1.54454008      0.25180338    100.0
<May23-2026> <11:05:15>      5      0.43455058      0.04692304     46.4
<May23-2026> <11:05:17>      6      0.34260681      0.04359014     43.0
<May23-2026> <11:05:19>      7      0.20276832      0.03031798     29.6
<May23-2026> <11:05:20>      8      0.04244894      0.00647994      5.5
<May23-2026> <11:05:22>      9      0.01333110      0.00210788      1.1
<May23-2026> <11:05:24>     10      0.00198335      0.00024052      0.0
<May23-2026> <11:05:26>     11      0.00078727      0.00011685      0.0
<May23-2026> <11:05:28>     12      0.00011780      0.00001320      0.0
<May23-2026> <11:05:30>     13      0.00005415      0.00000888      0.0
<May23-2026> <11:05:32>     14      0.00001964      0.00000272      0.0
<May23-2026> <11:05:34>     15      0.00000497      0.00000064      0.0
<May23-2026> <11:05:34>  SCF converged
<May23-2026> <11:05:35>     16      0.00000158      0.00000024      0.0
<May23-2026> <11:05:36>  >>>> TOTEN
<May23-2026> <11:05:38>  >>>> POPAN
<May23-2026> <11:05:38>  >>>> DEBYE
<May23-2026> <11:05:38>  >>>> ENGRAD
<May23-2026> <11:05:40>  current energy                               -1.18842962 Hartree
<May23-2026> <11:05:40>  energy change                      -1.18842962     0.00006000    F
<May23-2026> <11:05:40>  constrained gradient max            0.08435152     0.00100000    F
<May23-2026> <11:05:40>  constrained gradient rms            0.02970973     0.00066667    F
<May23-2026> <11:05:40>  gradient max                        0.08435152
<May23-2026> <11:05:40>  gradient rms                        0.02970973
<May23-2026> <11:05:40>  cart. step max                      0.02845947     0.01000000    F
<May23-2026> <11:05:40>  cart. step rms                      0.01621649     0.00666667    F
<May23-2026> <11:05:40>  Iteration 2
<May23-2026> <11:05:40>  *** GO1_GOStep2 ***
<May23-2026> <11:05:40>  >>>> FRAGM
<May23-2026> <11:05:40>  Coordinates
<May23-2026> <11:05:40>     Atom         X           Y           Z   (Angstrom)
<May23-2026> <11:05:40>     1.C        -1.209197   -1.112525    0.103087
<May23-2026> <11:05:40>     2.C        -1.437056    0.144047   -0.476987
<May23-2026> <11:05:40>     3.O        -1.209093    1.234783    0.116618
<May23-2026> <11:05:40>     4.H        -1.069654   -1.198716    1.175918
<May23-2026> <11:05:40>     5.H        -1.434439   -2.020792   -0.449428
<May23-2026> <11:05:40>     6.H        -1.764735    0.183548   -1.530099
<May23-2026> <11:05:40>  >>>> CORORT
<May23-2026> <11:05:41>  >>>> CLSMAT
<May23-2026> <11:05:41>  >>>> ORTHON
<May23-2026> <11:05:41>  >>>> GENPT
<May23-2026> <11:05:41>  Block Length= 128
<May23-2026> <11:05:41>  >>>> PTBAS
<May23-2026> <11:05:41>  >>>> CYCLE
<May23-2026> <11:05:42>  using orbital data from restart file
<May23-2026> <11:05:44>              |Error|         MaxErr       Wt(A-DIIS)
<May23-2026> <11:05:44>      1      0.14844348      0.01847777
<May23-2026> <11:05:46>      2      0.02085902      0.00238086    100.0
<May23-2026> <11:05:47>      3      0.05039903      0.00691759    100.0
<May23-2026> <11:05:49>      4      0.00985575      0.00101810      0.0
<May23-2026> <11:05:51>      5      0.00309577      0.00053301      0.0
<May23-2026> <11:05:53>      6      0.00098546      0.00009689      0.0
<May23-2026> <11:05:55>      7      0.00057755      0.00006636      0.0
<May23-2026> <11:05:57>      8      0.00025290      0.00002038      0.0
<May23-2026> <11:05:58>      9      0.00005092      0.00000766      0.0
<May23-2026> <11:06:00>     10      0.00001697      0.00000178      0.0
<May23-2026> <11:06:02>     11      0.00000571      0.00000075      0.0
<May23-2026> <11:06:02>  SCF converged
<May23-2026> <11:06:04>     12      0.00000195      0.00000023      0.0
<May23-2026> <11:06:04>  >>>> TOTEN
<May23-2026> <11:06:07>  >>>> POPAN
<May23-2026> <11:06:07>  >>>> DEBYE
<May23-2026> <11:06:07>  >>>> ENGRAD
<May23-2026> <11:06:09>  current energy                               -1.19291225 Hartree
<May23-2026> <11:06:09>  energy change                      -0.00448263     0.00006000    F
<May23-2026> <11:06:09>  constrained gradient max            0.04585464     0.00100000    F
<May23-2026> <11:06:09>  constrained gradient rms            0.01605042     0.00066667    F
<May23-2026> <11:06:09>  gradient max                        0.04585464
<May23-2026> <11:06:09>  gradient rms                        0.01605042
<May23-2026> <11:06:09>  cart. step max                      0.08500923     0.01000000    F
<May23-2026> <11:06:09>  cart. step rms                      0.03379935     0.00666667    F
<May23-2026> <11:06:09>  Iteration 3
<May23-2026> <11:06:09>  *** GO1_GOStep3 ***
<May23-2026> <11:06:09>  >>>> FRAGM
<May23-2026> <11:06:09>  Coordinates
<May23-2026> <11:06:09>     Atom         X           Y           Z   (Angstrom)
<May23-2026> <11:06:09>     1.C        -1.289002   -1.119110    0.124597
<May23-2026> <11:06:09>     2.C        -1.449973    0.162417   -0.477529
<May23-2026> <11:06:09>     3.O        -1.240234    1.230248    0.129341
<May23-2026> <11:06:09>     4.H        -0.984644   -1.197905    1.167198
<May23-2026> <11:06:09>     5.H        -1.453860   -2.032583   -0.446256
<May23-2026> <11:06:09>     6.H        -1.706460    0.187277   -1.558242
<May23-2026> <11:06:09>  >>>> CORORT
<May23-2026> <11:06:09>  >>>> CLSMAT
<May23-2026> <11:06:09>  >>>> ORTHON
<May23-2026> <11:06:09>  >>>> GENPT
<May23-2026> <11:06:09>  Block Length= 128
<May23-2026> <11:06:09>  >>>> PTBAS
<May23-2026> <11:06:10>  >>>> CYCLE
<May23-2026> <11:06:11>  using orbital data from restart file
<May23-2026> <11:06:12>              |Error|         MaxErr       Wt(A-DIIS)
<May23-2026> <11:06:12>      1      0.16096921      0.02057600
<May23-2026> <11:06:14>      2      0.04877686      0.00487675    100.0
<May23-2026> <11:06:16>      3      0.11784406      0.01637517    100.0
<May23-2026> <11:06:18>      4      0.02102708      0.00250726      1.5
<May23-2026> <11:06:20>      5      0.00611086      0.00053910      0.0
<May23-2026> <11:06:21>      6      0.00284545      0.00028106      0.0
<May23-2026> <11:06:23>      7      0.00095295      0.00008699      0.0
<May23-2026> <11:06:25>      8      0.00032039      0.00003486      0.0
<May23-2026> <11:06:27>      9      0.00012549      0.00001314      0.0
<May23-2026> <11:06:29>     10      0.00003460      0.00000532      0.0
<May23-2026> <11:06:31>     11      0.00001139      0.00000185      0.0
<May23-2026> <11:06:33>     12      0.00000164      0.00000020      0.0
<May23-2026> <11:06:33>  SCF converged
<May23-2026> <11:06:34>     13      0.00000059      0.00000010      0.0
<May23-2026> <11:06:35>  >>>> TOTEN
<May23-2026> <11:06:37>  >>>> POPAN
<May23-2026> <11:06:37>  >>>> DEBYE
<May23-2026> <11:06:37>  >>>> ENGRAD
<May23-2026> <11:06:39>  current energy                               -1.19491252 Hartree
<May23-2026> <11:06:39>  energy change                      -0.00200027     0.00006000    F
<May23-2026> <11:06:39>  constrained gradient max            0.01172979     0.00100000    F
<May23-2026> <11:06:39>  constrained gradient rms            0.00393431     0.00066667    F
<May23-2026> <11:06:39>  gradient max                        0.01172979
<May23-2026> <11:06:39>  gradient rms                        0.00393431
<May23-2026> <11:06:39>  cart. step max                      0.05698152     0.01000000    F
<May23-2026> <11:06:39>  cart. step rms                      0.01707274     0.00666667    F
<May23-2026> <11:06:39>  Iteration 4
<May23-2026> <11:06:39>  *** GO1_GOStep4 ***
<May23-2026> <11:06:39>  >>>> FRAGM
<May23-2026> <11:06:39>  Coordinates
<May23-2026> <11:06:39>     Atom         X           Y           Z   (Angstrom)
<May23-2026> <11:06:39>     1.C        -1.279039   -1.118223    0.119417
<May23-2026> <11:06:39>     2.C        -1.392991    0.160509   -0.489645
<May23-2026> <11:06:39>     3.O        -1.257709    1.228388    0.138751
<May23-2026> <11:06:39>     4.H        -0.999904   -1.189948    1.167413
<May23-2026> <11:06:39>     5.H        -1.461821   -2.027069   -0.449645
<May23-2026> <11:06:39>     6.H        -1.732710    0.176687   -1.547183
<May23-2026> <11:06:39>  >>>> CORORT
<May23-2026> <11:06:39>  >>>> CLSMAT
<May23-2026> <11:06:39>  >>>> ORTHON
<May23-2026> <11:06:39>  >>>> GENPT
<May23-2026> <11:06:40>  Block Length= 128
<May23-2026> <11:06:40>  >>>> PTBAS
<May23-2026> <11:06:40>  >>>> CYCLE
<May23-2026> <11:06:41>  using orbital data from restart file
<May23-2026> <11:06:43>              |Error|         MaxErr       Wt(A-DIIS)
<May23-2026> <11:06:43>      1      0.16178098      0.03805808
<May23-2026> <11:06:44>      2      0.02667210      0.00221835    100.0
<May23-2026> <11:06:46>      3      0.03503356      0.00344689    100.0
<May23-2026> <11:06:48>      4      0.01639121      0.00218633      1.2
<May23-2026> <11:06:50>      5      0.00695283      0.00112606      0.1
<May23-2026> <11:06:52>      6      0.00272625      0.00024165      0.0
<May23-2026> <11:06:54>      7      0.00063712      0.00005370      0.0
<May23-2026> <11:06:55>      8      0.00032373      0.00003179      0.0
<May23-2026> <11:06:57>      9      0.00007617      0.00000837      0.0
<May23-2026> <11:06:59>     10      0.00001237      0.00000194      0.0
<May23-2026> <11:07:01>     11      0.00000287      0.00000035      0.0
<May23-2026> <11:07:01>  SCF converged
<May23-2026> <11:07:03>     12      0.00000085      0.00000009      0.0
<May23-2026> <11:07:03>  >>>> TOTEN
<May23-2026> <11:07:06>  >>>> POPAN
<May23-2026> <11:07:06>  >>>> DEBYE
<May23-2026> <11:07:06>  >>>> ENGRAD
<May23-2026> <11:07:08>  current energy                               -1.19465243 Hartree
<May23-2026> <11:07:08>  energy change                       0.00026009     0.00006000    F
<May23-2026> <11:07:08>  constrained gradient max            0.02050873     0.00100000    F
<May23-2026> <11:07:08>  constrained gradient rms            0.00605656     0.00066667    F
<May23-2026> <11:07:08>  gradient max                        0.02050873
<May23-2026> <11:07:08>  gradient rms                        0.00605656
<May23-2026> <11:07:08>  cart. step max                      0.01393815     0.01000000    F
<May23-2026> <11:07:08>  cart. step rms                      0.00437707     0.00666667    T
<May23-2026> <11:07:08>  Iteration 5
<May23-2026> <11:07:08>  *** GO1_GOStep5 ***
<May23-2026> <11:07:08>  >>>> FRAGM
<May23-2026> <11:07:08>  Coordinates
<May23-2026> <11:07:08>     Atom         X           Y           Z   (Angstrom)
<May23-2026> <11:07:08>     1.C        -1.279883   -1.120706    0.120867
<May23-2026> <11:07:08>     2.C        -1.406929    0.162029   -0.486598
<May23-2026> <11:07:08>     3.O        -1.252682    1.232369    0.136249
<May23-2026> <11:07:08>     4.H        -0.997411   -1.193083    1.168685
<May23-2026> <11:07:08>     5.H        -1.459532   -2.030126   -0.449015
<May23-2026> <11:07:08>     6.H        -1.727736    0.179861   -1.551079
<May23-2026> <11:07:08>  >>>> CORORT
<May23-2026> <11:07:08>  >>>> CLSMAT
<May23-2026> <11:07:08>  >>>> ORTHON
<May23-2026> <11:07:08>  >>>> GENPT
<May23-2026> <11:07:08>  Block Length= 128
<May23-2026> <11:07:08>  >>>> PTBAS
<May23-2026> <11:07:09>  >>>> CYCLE
<May23-2026> <11:07:10>  using orbital data from restart file
<May23-2026> <11:07:11>              |Error|         MaxErr       Wt(A-DIIS)
<May23-2026> <11:07:11>      1      0.04323264      0.00912092
<May23-2026> <11:07:13>      2      0.00615154      0.00057762    100.0
<May23-2026> <11:07:15>      3      0.00684645      0.00068181    100.0
<May23-2026> <11:07:17>      4      0.00376427      0.00061403      0.0
<May23-2026> <11:07:19>      5      0.00158077      0.00023311      0.0
<May23-2026> <11:07:20>      6      0.00061754      0.00005066      0.0
<May23-2026> <11:07:22>      7      0.00023283      0.00002235      0.0
<May23-2026> <11:07:24>      8      0.00009127      0.00000962      0.0
<May23-2026> <11:07:26>      9      0.00001949      0.00000240      0.0
<May23-2026> <11:07:28>     10      0.00000354      0.00000040      0.0
<May23-2026> <11:07:28>  SCF converged
<May23-2026> <11:07:30>     11      0.00000095      0.00000009      0.0
<May23-2026> <11:07:30>  >>>> TOTEN
<May23-2026> <11:07:33>  >>>> POPAN
<May23-2026> <11:07:33>  >>>> DEBYE
<May23-2026> <11:07:33>  >>>> ENGRAD
<May23-2026> <11:07:35>  current energy                               -1.19496295 Hartree
<May23-2026> <11:07:35>  energy change                      -0.00031052     0.00006000    F
<May23-2026> <11:07:35>  constrained gradient max            0.01198036     0.00100000    F
<May23-2026> <11:07:35>  constrained gradient rms            0.00347383     0.00066667    F
<May23-2026> <11:07:35>  gradient max                        0.01198036
<May23-2026> <11:07:35>  gradient rms                        0.00347383
<May23-2026> <11:07:35>  cart. step max                      0.02073960     0.01000000    F
<May23-2026> <11:07:35>  cart. step rms                      0.00610610     0.00666667    T
<May23-2026> <11:07:35>  Iteration 6
<May23-2026> <11:07:35>  *** GO1_GOStep6 ***
<May23-2026> <11:07:35>  >>>> FRAGM
<May23-2026> <11:07:35>  Coordinates
<May23-2026> <11:07:35>     Atom         X           Y           Z   (Angstrom)
<May23-2026> <11:07:35>     1.C        -1.283222   -1.121397    0.122486
<May23-2026> <11:07:35>     2.C        -1.427669    0.162651   -0.481661
<May23-2026> <11:07:35>     3.O        -1.242780    1.231606    0.133157
<May23-2026> <11:07:35>     4.H        -0.995541   -1.193515    1.169141
<May23-2026> <11:07:35>     5.H        -1.453396   -2.030899   -0.450041
<May23-2026> <11:07:35>     6.H        -1.721566    0.181899   -1.553973
<May23-2026> <11:07:35>  >>>> CORORT
<May23-2026> <11:07:35>  >>>> CLSMAT
<May23-2026> <11:07:35>  >>>> ORTHON
<May23-2026> <11:07:35>  >>>> GENPT
<May23-2026> <11:07:35>  Block Length= 128
<May23-2026> <11:07:35>  >>>> PTBAS
<May23-2026> <11:07:36>  >>>> CYCLE
<May23-2026> <11:07:36>  using orbital data from restart file
<May23-2026> <11:07:38>              |Error|         MaxErr       Wt(A-DIIS)
<May23-2026> <11:07:38>      1      0.06481354      0.01594688
<May23-2026> <11:07:40>      2      0.00827964      0.00086055    100.0
<May23-2026> <11:07:42>      3      0.00734940      0.00075670    100.0
<May23-2026> <11:07:44>      4      0.00574131      0.00079802      0.0
<May23-2026> <11:07:45>      5      0.00194488      0.00027504      0.0
<May23-2026> <11:07:47>      6      0.00047621      0.00003410      0.0
<May23-2026> <11:07:49>      7      0.00016229      0.00001381      0.0
<May23-2026> <11:07:51>      8      0.00004037      0.00000547      0.0
<May23-2026> <11:07:53>      9      0.00002433      0.00000263      0.0
<May23-2026> <11:07:55>     10      0.00001040      0.00000114      0.0
<May23-2026> <11:07:57>     11      0.00000084      0.00000013      0.0
<May23-2026> <11:07:57>  SCF converged
<May23-2026> <11:07:58>     12      0.00000030      0.00000004      0.0
<May23-2026> <11:07:59>  >>>> TOTEN
<May23-2026> <11:08:01>  >>>> POPAN
<May23-2026> <11:08:01>  >>>> DEBYE
<May23-2026> <11:08:01>  >>>> ENGRAD
<May23-2026> <11:08:03>  current energy                               -1.19512041 Hartree
<May23-2026> <11:08:03>  energy change                      -0.00015745     0.00006000    F
<May23-2026> <11:08:03>  constrained gradient max            0.00083930     0.00100000    T
<May23-2026> <11:08:03>  constrained gradient rms            0.00036773     0.00066667    T
<May23-2026> <11:08:03>  gradient max                        0.00083930
<May23-2026> <11:08:03>  gradient rms                        0.00036773
<May23-2026> <11:08:03>  cart. step max                      0.00091609     0.01000000    T
<May23-2026> <11:08:03>  cart. step rms                      0.00044413     0.00666667    T
<May23-2026> <11:08:03>  Iteration 7
<May23-2026> <11:08:03>  *** GO1_GOStep7 ***
<May23-2026> <11:08:03>  >>>> FRAGM
<May23-2026> <11:08:03>  Coordinates
<May23-2026> <11:08:03>     Atom         X           Y           Z   (Angstrom)
<May23-2026> <11:08:03>     1.C        -1.282759   -1.121606    0.122161
<May23-2026> <11:08:03>     2.C        -1.427940    0.162690   -0.481230
<May23-2026> <11:08:03>     3.O        -1.242148    1.232212    0.133335
<May23-2026> <11:08:03>     4.H        -0.996263   -1.193098    1.169034
<May23-2026> <11:08:03>     5.H        -1.453156   -2.030837   -0.450570
<May23-2026> <11:08:03>     6.H        -1.721908    0.180983   -1.553621
<May23-2026> <11:08:03>  >>>> CORORT
<May23-2026> <11:08:03>  >>>> CLSMAT
<May23-2026> <11:08:03>  >>>> ORTHON
<May23-2026> <11:08:03>  >>>> GENPT
<May23-2026> <11:08:04>  Block Length= 128
<May23-2026> <11:08:04>  >>>> PTBAS
<May23-2026> <11:08:04>  >>>> CYCLE
<May23-2026> <11:08:05>  using orbital data from restart file
<May23-2026> <11:08:07>              |Error|         MaxErr       Wt(A-DIIS)
<May23-2026> <11:08:07>      1      0.00319292      0.00045976
<May23-2026> <11:08:09>      2      0.00071093      0.00006840    100.0
<May23-2026> <11:08:10>      3      0.00121579      0.00012822    100.0
<May23-2026> <11:08:12>      4      0.00020186      0.00001852      0.0
<May23-2026> <11:08:14>      5      0.00015558      0.00002116      0.0
<May23-2026> <11:08:16>      6      0.00003166      0.00000372      0.0
<May23-2026> <11:08:18>      7      0.00001444      0.00000144      0.0
<May23-2026> <11:08:20>      8      0.00000306      0.00000031      0.0
<May23-2026> <11:08:20>  SCF converged
<May23-2026> <11:08:21>      9      0.00000095      0.00000015      0.0
<May23-2026> <11:08:22>  >>>> TOTEN
<May23-2026> <11:08:24>  >>>> POPAN
<May23-2026> <11:08:24>  >>>> DEBYE
<May23-2026> <11:08:25>  >>>> ENGRAD
<May23-2026> <11:08:26>  current energy                               -1.19512124 Hartree
<May23-2026> <11:08:26>  energy change                      -0.00000083     0.00006000    T
<May23-2026> <11:08:26>  constrained gradient max            0.00028848     0.00100000    T
<May23-2026> <11:08:26>  constrained gradient rms            0.00014311     0.00066667    T
<May23-2026> <11:08:26>  gradient max                        0.00028848
<May23-2026> <11:08:26>  gradient rms                        0.00014311
<May23-2026> <11:08:26>  cart. step max                      0.00038211     0.01000000    T
<May23-2026> <11:08:26>  cart. step rms                      0.00017245     0.00666667    T
<May23-2026> <11:08:26>  Geometry optimization converged
<May23-2026> <11:08:26>  *** adf ***
<May23-2026> <11:08:26>  Net Charge: 0 (Nuclei minus Electrons)
<May23-2026> <11:08:26>  Spin polar: 1 (Spin_A minus Spin_B electrons)
<May23-2026> <11:08:26>  Symmetry  : NOSYM
<May23-2026> <11:08:26>  >>>> FRAGM
<May23-2026> <11:08:27>  Coordinates
<May23-2026> <11:08:27>     Atom         X           Y           Z   (Angstrom)
<May23-2026> <11:08:27>     1.C        -1.282759   -1.121606    0.122161
<May23-2026> <11:08:27>     2.C        -1.427940    0.162690   -0.481230
<May23-2026> <11:08:27>     3.O        -1.242148    1.232212    0.133335
<May23-2026> <11:08:27>     4.H        -0.996263   -1.193098    1.169034
<May23-2026> <11:08:27>     5.H        -1.453156   -2.030837   -0.450570
<May23-2026> <11:08:27>     6.H        -1.721908    0.180983   -1.553621
<May23-2026> <11:08:27>  >>>> CORORT
<May23-2026> <11:08:27>  >>>> CLSMAT
<May23-2026> <11:08:27>  >>>> ORTHON
<May23-2026> <11:08:27>  >>>> GENPT
<May23-2026> <11:08:27>  Block Length= 128
<May23-2026> <11:08:27>  >>>> PTBAS
<May23-2026> <11:08:27>  >>>> CYCLE
<May23-2026> <11:08:28>  using orbital data from restart file
<May23-2026> <11:08:30>              |Error|         MaxErr       Wt(A-DIIS)
<May23-2026> <11:08:30>      1      0.00000033      0.00000004
<May23-2026> <11:08:32>      2      0.00000031      0.00000005    100.0
<May23-2026> <11:08:32>  SCF converged
<May23-2026> <11:08:33>      3      0.00000026      0.00000004    100.0
<May23-2026> <11:08:35>  >>>> TOTEN
<May23-2026> <11:08:39>  >>>> POPAN
<May23-2026> <11:08:39>  >>>> DEBYE
<May23-2026> <11:08:39>  >>>> AMETS
<May23-2026> <11:08:39>   Bond Energy          -1.19512124 a.u.
<May23-2026> <11:08:39>   Bond Energy         -32.52090351 eV
<May23-2026> <11:08:39>   Bond Energy        -749.95       kcal/mol
<May23-2026> <11:08:39>  >>>> POPUL
<May23-2026> <11:08:39>  >>>> ENGRAD
<May23-2026> <11:08:41>  NORMAL TERMINATION
