<May23-2026> <12:34:29>  AMS 2026.103  RunTime: May23-2026 12:34:29  ShM Nodes: 1  Procs: 1
<May23-2026> <12:34:29>  ADF 2026.103  RunTime: May23-2026 12:34:29  ShM Nodes: 1  Procs: 1
<May23-2026> <12:34:29>  *** (NO TITLE) ***
<May23-2026> <12:34:29>  Iteration 1
<May23-2026> <12:34:29>  DIRAC 2026.103  RunTime: May23-2026 12:34:29  ShM Nodes: 1  Procs: 1
<May23-2026> <12:34:29>  Carbon (TZ2P)
<May23-2026> <12:34:29>  Net Charge: 0 (Nuclei minus Electrons)
<May23-2026> <12:34:29>  Symmetry  : ATOM
<May23-2026> <12:34:29>  Coordinates
<May23-2026> <12:34:29>     Atom         X           Y           Z   (Angstrom)
<May23-2026> <12:34:29>     1.C         0.000000    0.000000    0.000000
<May23-2026> <12:34:29>  >>>> CORORT
<May23-2026> <12:34:29>  >>>> CLSMAT
<May23-2026> <12:34:29>  >>>> ORTHON
<May23-2026> <12:34:29>  >>>> GENPT
<May23-2026> <12:34:29>  Block Length=  72
<May23-2026> <12:34:29>  >>>> PTBAS
<May23-2026> <12:34:29>  >>>> CYCLE
<May23-2026> <12:34:30>              |Error|         MaxErr       Wt(A-DIIS)
<May23-2026> <12:34:30>      1      0.00000000      0.00000000
<May23-2026> <12:34:30>      2      4.48450606      3.33074448    100.0
<May23-2026> <12:34:30>      3      1.63845963      1.31677840    100.0
<May23-2026> <12:34:30>      4      0.72237885      0.58090812    100.0
<May23-2026> <12:34:30>      5      0.41341516      0.32921223    100.0
<May23-2026> <12:34:30>      6      0.12634980      0.09661242     96.6
<May23-2026> <12:34:30>      7      0.11511849      0.08978748     89.7
<May23-2026> <12:34:30>      8      0.00670007      0.00519977      4.2
<May23-2026> <12:34:30>      9      0.00022181      0.00016825      0.0
<May23-2026> <12:34:30>     10      0.00000199      0.00000135      0.0
<May23-2026> <12:34:30>     11      0.00000002      0.00000001      0.0
<May23-2026> <12:34:30>     12      0.00000000      0.00000000      0.0
<May23-2026> <12:34:30>  SCF converged
<May23-2026> <12:34:30>     13      0.00000000      0.00000000      0.0
<May23-2026> <12:34:30>  >>>> POPAN
<May23-2026> <12:34:30>  >>>> DEBYE
<May23-2026> <12:34:30>  DIRAC 2026.103  RunTime: May23-2026 12:34:30  ShM Nodes: 1  Procs: 1
<May23-2026> <12:34:30>  Hydrogen (TZ2P)
<May23-2026> <12:34:30>  Net Charge: 0 (Nuclei minus Electrons)
<May23-2026> <12:34:30>  Symmetry  : ATOM
<May23-2026> <12:34:30>  Coordinates
<May23-2026> <12:34:30>     Atom         X           Y           Z   (Angstrom)
<May23-2026> <12:34:30>     1.H         0.000000    0.000000    0.000000
<May23-2026> <12:34:30>  >>>> CORORT
<May23-2026> <12:34:30>  >>>> CLSMAT
<May23-2026> <12:34:30>  >>>> ORTHON
<May23-2026> <12:34:30>  >>>> GENPT
<May23-2026> <12:34:30>  Block Length=  64
<May23-2026> <12:34:30>  >>>> PTBAS
<May23-2026> <12:34:30>  >>>> CYCLE
<May23-2026> <12:34:30>              |Error|         MaxErr       Wt(A-DIIS)
<May23-2026> <12:34:30>      1      0.00000000      0.00000000
<May23-2026> <12:34:30>      2      0.03100426      0.02644614
<May23-2026> <12:34:30>      3      0.00958086      0.00932931    100.0
<May23-2026> <12:34:30>      4      0.00232128      0.00228673      1.3
<May23-2026> <12:34:30>      5      0.00003156      0.00002984      0.0
<May23-2026> <12:34:30>      6      0.00000096      0.00000091      0.0
<May23-2026> <12:34:30>      7      0.00000000      0.00000000      0.0
<May23-2026> <12:34:30>  SCF converged
<May23-2026> <12:34:30>      8      0.00000000      0.00000000      0.0
<May23-2026> <12:34:30>  >>>> POPAN
<May23-2026> <12:34:30>  >>>> DEBYE
<May23-2026> <12:34:30>  *** GO1_GOStep1 ***
<May23-2026> <12:34:30>  >>>> FRAGM
<May23-2026> <12:34:30>  Coordinates
<May23-2026> <12:34:30>     Atom         X           Y           Z   (Angstrom)
<May23-2026> <12:34:30>     1.C        -0.643536   -1.511781   -0.233685
<May23-2026> <12:34:30>     2.C        -1.286886   -0.300308   -0.488257
<May23-2026> <12:34:30>     3.C        -1.061122    0.752830    0.355000
<May23-2026> <12:34:30>     4.H        -0.460721   -1.807008    0.790854
<May23-2026> <12:34:30>     5.H        -0.738352   -2.329710   -0.932390
<May23-2026> <12:34:30>     6.H        -1.665811   -0.112402   -1.484591
<May23-2026> <12:34:30>     7.H        -1.441392    1.739114    0.124703
<May23-2026> <12:34:30>     8.H        -0.794781    0.581516    1.389386
<May23-2026> <12:34:30>  >>>> CORORT
<May23-2026> <12:34:30>  >>>> CLSMAT
<May23-2026> <12:34:30>  >>>> ORTHON
<May23-2026> <12:34:30>  >>>> GENPT
<May23-2026> <12:34:31>  Block Length= 128
<May23-2026> <12:34:31>  >>>> PTBAS
<May23-2026> <12:34:32>  >>>> CYCLE
<May23-2026> <12:34:35>              |Error|         MaxErr       Wt(A-DIIS)
<May23-2026> <12:34:35>      1      4.10210225      0.43871986
<May23-2026> <12:34:38>      2      0.80003775      0.05590966    100.0
<May23-2026> <12:34:41>      3      0.71475073      0.04911360    100.0
<May23-2026> <12:34:44>      4      1.06627114      0.08964326    100.0
<May23-2026> <12:34:47>      5      0.16086428      0.01350799     12.6
<May23-2026> <12:34:49>      6      0.06763083      0.00547761      4.5
<May23-2026> <12:34:52>      7      0.01557964      0.00136551      0.4
<May23-2026> <12:34:55>      8      0.00466881      0.00047282      0.0
<May23-2026> <12:34:58>      9      0.00528396      0.00052931      0.0
<May23-2026> <12:35:01>     10      0.00095475      0.00010207      0.0
<May23-2026> <12:35:04>     11      0.00012850      0.00001298      0.0
<May23-2026> <12:35:07>     12      0.00002516      0.00000290      0.0
<May23-2026> <12:35:09>     13      0.00000744      0.00000050      0.0
<May23-2026> <12:35:10>  SCF converged
<May23-2026> <12:35:12>     14      0.00000284      0.00000022      0.0
<May23-2026> <12:35:13>  >>>> TOTEN
<May23-2026> <12:35:17>  >>>> POPAN
<May23-2026> <12:35:17>  >>>> DEBYE
<May23-2026> <12:35:17>  >>>> ENGRAD
<May23-2026> <12:35:20>  current energy                               -1.53265384 Hartree
<May23-2026> <12:35:20>  energy change                      -1.53265384     0.00008000    F
<May23-2026> <12:35:20>  constrained gradient max            0.06227624     0.00100000    F
<May23-2026> <12:35:20>  constrained gradient rms            0.02292537     0.00066667    F
<May23-2026> <12:35:20>  gradient max                        0.06227624
<May23-2026> <12:35:20>  gradient rms                        0.02292537
<May23-2026> <12:35:20>  cart. step max                      0.05421681     0.01000000    F
<May23-2026> <12:35:20>  cart. step rms                      0.02413892     0.00666667    F
<May23-2026> <12:35:20>  Iteration 2
<May23-2026> <12:35:20>  *** GO1_GOStep2 ***
<May23-2026> <12:35:20>  >>>> FRAGM
<May23-2026> <12:35:20>  Coordinates
<May23-2026> <12:35:20>     Atom         X           Y           Z   (Angstrom)
<May23-2026> <12:35:20>     1.C        -0.664431   -1.547765   -0.236743
<May23-2026> <12:35:20>     2.C        -1.257003   -0.300695   -0.477566
<May23-2026> <12:35:20>     3.C        -1.083735    0.780724    0.369543
<May23-2026> <12:35:20>     4.H        -0.433404   -1.854248    0.779678
<May23-2026> <12:35:20>     5.H        -0.754739   -2.354334   -0.957576
<May23-2026> <12:35:20>     6.H        -1.642533   -0.112638   -1.477074
<May23-2026> <12:35:20>     7.H        -1.464295    1.765472    0.115027
<May23-2026> <12:35:20>     8.H        -0.792462    0.635733    1.405730
<May23-2026> <12:35:20>  >>>> CORORT
<May23-2026> <12:35:20>  >>>> CLSMAT
<May23-2026> <12:35:20>  >>>> ORTHON
<May23-2026> <12:35:20>  >>>> GENPT
<May23-2026> <12:35:20>  Block Length= 128
<May23-2026> <12:35:21>  >>>> PTBAS
<May23-2026> <12:35:21>  >>>> CYCLE
<May23-2026> <12:35:23>  using orbital data from restart file
<May23-2026> <12:35:25>              |Error|         MaxErr       Wt(A-DIIS)
<May23-2026> <12:35:25>      1      0.11876917      0.01549100
<May23-2026> <12:35:28>      2      0.02816756      0.00262590    100.0
<May23-2026> <12:35:31>      3      0.05470194      0.00519058    100.0
<May23-2026> <12:35:34>      4      0.01085760      0.00087453      0.0
<May23-2026> <12:35:37>      5      0.00474416      0.00040909      0.0
<May23-2026> <12:35:40>      6      0.00125231      0.00013554      0.0
<May23-2026> <12:35:43>      7      0.00039606      0.00003871      0.0
<May23-2026> <12:35:46>      8      0.00015178      0.00001097      0.0
<May23-2026> <12:35:49>      9      0.00002368      0.00000172      0.0
<May23-2026> <12:35:52>     10      0.00000525      0.00000049      0.0
<May23-2026> <12:35:52>  SCF converged
<May23-2026> <12:35:54>     11      0.00000112      0.00000009      0.0
<May23-2026> <12:35:55>  >>>> TOTEN
<May23-2026> <12:35:59>  >>>> POPAN
<May23-2026> <12:35:59>  >>>> DEBYE
<May23-2026> <12:35:59>  >>>> ENGRAD
<May23-2026> <12:36:02>  current energy                               -1.53793922 Hartree
<May23-2026> <12:36:02>  energy change                      -0.00528539     0.00008000    F
<May23-2026> <12:36:02>  constrained gradient max            0.05090612     0.00100000    F
<May23-2026> <12:36:02>  constrained gradient rms            0.01661856     0.00066667    F
<May23-2026> <12:36:02>  gradient max                        0.05090612
<May23-2026> <12:36:02>  gradient rms                        0.01661856
<May23-2026> <12:36:02>  cart. step max                      0.05165513     0.01000000    F
<May23-2026> <12:36:02>  cart. step rms                      0.02254859     0.00666667    F
<May23-2026> <12:36:02>  Iteration 3
<May23-2026> <12:36:02>  *** GO1_GOStep3 ***
<May23-2026> <12:36:02>  >>>> FRAGM
<May23-2026> <12:36:02>  Coordinates
<May23-2026> <12:36:02>     Atom         X           Y           Z   (Angstrom)
<May23-2026> <12:36:02>     1.C        -0.716087   -1.565668   -0.223935
<May23-2026> <12:36:02>     2.C        -1.219510   -0.294470   -0.486327
<May23-2026> <12:36:02>     3.C        -1.123527    0.776292    0.385324
<May23-2026> <12:36:02>     4.H        -0.385432   -1.845992    0.774778
<May23-2026> <12:36:02>     5.H        -0.784161   -2.362033   -0.959905
<May23-2026> <12:36:02>     6.H        -1.605025   -0.102595   -1.489129
<May23-2026> <12:36:02>     7.H        -1.483258    1.764434    0.112354
<May23-2026> <12:36:02>     8.H        -0.775602    0.642283    1.407860
<May23-2026> <12:36:02>  >>>> CORORT
<May23-2026> <12:36:02>  >>>> CLSMAT
<May23-2026> <12:36:02>  >>>> ORTHON
<May23-2026> <12:36:02>  >>>> GENPT
<May23-2026> <12:36:02>  Block Length= 128
<May23-2026> <12:36:03>  >>>> PTBAS
<May23-2026> <12:36:03>  >>>> CYCLE
<May23-2026> <12:36:05>  using orbital data from restart file
<May23-2026> <12:36:07>              |Error|         MaxErr       Wt(A-DIIS)
<May23-2026> <12:36:07>      1      0.17545160      0.02921592
<May23-2026> <12:36:10>      2      0.02772056      0.00281839    100.0
<May23-2026> <12:36:13>      3      0.03337974      0.00285042    100.0
<May23-2026> <12:36:16>      4      0.01288408      0.00112082      0.1
<May23-2026> <12:36:19>      5      0.00335379      0.00028278      0.0
<May23-2026> <12:36:21>      6      0.00250034      0.00027389      0.0
<May23-2026> <12:36:24>      7      0.00035881      0.00002799      0.0
<May23-2026> <12:36:27>      8      0.00016342      0.00001305      0.0
<May23-2026> <12:36:30>      9      0.00002563      0.00000241      0.0
<May23-2026> <12:36:33>     10      0.00000536      0.00000045      0.0
<May23-2026> <12:36:33>  SCF converged
<May23-2026> <12:36:36>     11      0.00000188      0.00000015      0.0
<May23-2026> <12:36:36>  >>>> TOTEN
<May23-2026> <12:36:41>  >>>> POPAN
<May23-2026> <12:36:41>  >>>> DEBYE
<May23-2026> <12:36:41>  >>>> ENGRAD
<May23-2026> <12:36:44>  current energy                               -1.54279595 Hartree
<May23-2026> <12:36:44>  energy change                      -0.00485672     0.00008000    F
<May23-2026> <12:36:44>  constrained gradient max            0.02305178     0.00100000    F
<May23-2026> <12:36:44>  constrained gradient rms            0.00746407     0.00066667    F
<May23-2026> <12:36:44>  gradient max                        0.02305178
<May23-2026> <12:36:44>  gradient rms                        0.00746407
<May23-2026> <12:36:44>  cart. step max                      0.04093526     0.01000000    F
<May23-2026> <12:36:44>  cart. step rms                      0.01822263     0.00666667    F
<May23-2026> <12:36:44>  Iteration 4
<May23-2026> <12:36:44>  *** GO1_GOStep4 ***
<May23-2026> <12:36:44>  >>>> FRAGM
<May23-2026> <12:36:44>  Coordinates
<May23-2026> <12:36:44>     Atom         X           Y           Z   (Angstrom)
<May23-2026> <12:36:44>     1.C        -0.753158   -1.577256   -0.213834
<May23-2026> <12:36:44>     2.C        -1.178575   -0.288744   -0.494778
<May23-2026> <12:36:44>     3.C        -1.143639    0.774087    0.394189
<May23-2026> <12:36:44>     4.H        -0.346585   -1.834140    0.762687
<May23-2026> <12:36:44>     5.H        -0.816975   -2.367549   -0.955797
<May23-2026> <12:36:44>     6.H        -1.577465   -0.098029   -1.494151
<May23-2026> <12:36:44>     7.H        -1.501586    1.759889    0.112574
<May23-2026> <12:36:44>     8.H        -0.774620    0.643992    1.410130
<May23-2026> <12:36:44>  >>>> CORORT
<May23-2026> <12:36:44>  >>>> CLSMAT
<May23-2026> <12:36:44>  >>>> ORTHON
<May23-2026> <12:36:44>  >>>> GENPT
<May23-2026> <12:36:44>  Block Length= 128
<May23-2026> <12:36:44>  >>>> PTBAS
<May23-2026> <12:36:45>  >>>> CYCLE
<May23-2026> <12:36:46>  using orbital data from restart file
<May23-2026> <12:36:49>              |Error|         MaxErr       Wt(A-DIIS)
<May23-2026> <12:36:49>      1      0.14367735      0.02436829
<May23-2026> <12:36:52>      2      0.01718638      0.00180515    100.0
<May23-2026> <12:36:54>      3      0.01978103      0.00170073    100.0
<May23-2026> <12:36:57>      4      0.00662453      0.00062575      0.0
<May23-2026> <12:37:00>      5      0.00251881      0.00023582      0.0
<May23-2026> <12:37:03>      6      0.00188904      0.00017609      0.0
<May23-2026> <12:37:06>      7      0.00042332      0.00004111      0.0
<May23-2026> <12:37:09>      8      0.00011798      0.00001021      0.0
<May23-2026> <12:37:12>      9      0.00002071      0.00000184      0.0
<May23-2026> <12:37:15>     10      0.00000429      0.00000038      0.0
<May23-2026> <12:37:15>  SCF converged
<May23-2026> <12:37:18>     11      0.00000112      0.00000011      0.0
<May23-2026> <12:37:18>  >>>> TOTEN
<May23-2026> <12:37:22>  >>>> POPAN
<May23-2026> <12:37:22>  >>>> DEBYE
<May23-2026> <12:37:22>  >>>> ENGRAD
<May23-2026> <12:37:26>  current energy                               -1.54393213 Hartree
<May23-2026> <12:37:26>  energy change                      -0.00113618     0.00008000    F
<May23-2026> <12:37:26>  constrained gradient max            0.00373750     0.00100000    F
<May23-2026> <12:37:26>  constrained gradient rms            0.00126254     0.00066667    F
<May23-2026> <12:37:26>  gradient max                        0.00373750
<May23-2026> <12:37:26>  gradient rms                        0.00126254
<May23-2026> <12:37:26>  cart. step max                      0.01050822     0.01000000    F
<May23-2026> <12:37:26>  cart. step rms                      0.00473675     0.00666667    T
<May23-2026> <12:37:26>  Iteration 5
<May23-2026> <12:37:26>  *** GO1_GOStep5 ***
<May23-2026> <12:37:26>  >>>> FRAGM
<May23-2026> <12:37:26>  Coordinates
<May23-2026> <12:37:26>     Atom         X           Y           Z   (Angstrom)
<May23-2026> <12:37:26>     1.C        -0.756262   -1.580529   -0.213347
<May23-2026> <12:37:26>     2.C        -1.186347   -0.291088   -0.491344
<May23-2026> <12:37:26>     3.C        -1.152215    0.774334    0.397591
<May23-2026> <12:37:26>     4.H        -0.352165   -1.838697    0.763905
<May23-2026> <12:37:26>     5.H        -0.806489   -2.367258   -0.960238
<May23-2026> <12:37:26>     6.H        -1.575400   -0.096940   -1.493980
<May23-2026> <12:37:26>     7.H        -1.499612    1.762644    0.111382
<May23-2026> <12:37:26>     8.H        -0.764112    0.649785    1.407049
<May23-2026> <12:37:26>  >>>> CORORT
<May23-2026> <12:37:26>  >>>> CLSMAT
<May23-2026> <12:37:26>  >>>> ORTHON
<May23-2026> <12:37:26>  >>>> GENPT
<May23-2026> <12:37:26>  Block Length= 128
<May23-2026> <12:37:26>  >>>> PTBAS
<May23-2026> <12:37:27>  >>>> CYCLE
<May23-2026> <12:37:28>  using orbital data from restart file
<May23-2026> <12:37:30>              |Error|         MaxErr       Wt(A-DIIS)
<May23-2026> <12:37:30>      1      0.01782009      0.00207288
<May23-2026> <12:37:33>      2      0.00645323      0.00066211    100.0
<May23-2026> <12:37:36>      3      0.00693761      0.00059116    100.0
<May23-2026> <12:37:39>      4      0.00220675      0.00018837      0.0
<May23-2026> <12:37:42>      5      0.00044229      0.00004194      0.0
<May23-2026> <12:37:45>      6      0.00037141      0.00003505      0.0
<May23-2026> <12:37:48>      7      0.00012955      0.00001328      0.0
<May23-2026> <12:37:51>      8      0.00004195      0.00000432      0.0
<May23-2026> <12:37:53>      9      0.00000467      0.00000043      0.0
<May23-2026> <12:37:54>  SCF converged
<May23-2026> <12:37:56>     10      0.00000052      0.00000007      0.0
<May23-2026> <12:37:57>  >>>> TOTEN
<May23-2026> <12:38:01>  >>>> POPAN
<May23-2026> <12:38:01>  >>>> DEBYE
<May23-2026> <12:38:01>  >>>> ENGRAD
<May23-2026> <12:38:04>  current energy                               -1.54394511 Hartree
<May23-2026> <12:38:04>  energy change                      -0.00001299     0.00008000    T
<May23-2026> <12:38:04>  constrained gradient max            0.00117070     0.00100000    F
<May23-2026> <12:38:04>  constrained gradient rms            0.00044854     0.00066667    T
<May23-2026> <12:38:04>  gradient max                        0.00117070
<May23-2026> <12:38:04>  gradient rms                        0.00044854
<May23-2026> <12:38:04>  cart. step max                      0.00386063     0.01000000    T
<May23-2026> <12:38:04>  cart. step rms                      0.00161704     0.00666667    T
<May23-2026> <12:38:04>  Iteration 6
<May23-2026> <12:38:04>  *** GO1_GOStep6 ***
<May23-2026> <12:38:04>  >>>> FRAGM
<May23-2026> <12:38:04>  Coordinates
<May23-2026> <12:38:04>     Atom         X           Y           Z   (Angstrom)
<May23-2026> <12:38:04>     1.C        -0.754641   -1.580218   -0.213897
<May23-2026> <12:38:04>     2.C        -1.182487   -0.289829   -0.493335
<May23-2026> <12:38:04>     3.C        -1.149034    0.775083    0.396437
<May23-2026> <12:38:04>     4.H        -0.352214   -1.838302    0.764012
<May23-2026> <12:38:04>     5.H        -0.808399   -2.368441   -0.958884
<May23-2026> <12:38:04>     6.H        -1.577927   -0.097003   -1.493579
<May23-2026> <12:38:04>     7.H        -1.500781    1.762406    0.112354
<May23-2026> <12:38:04>     8.H        -0.767119    0.648555    1.407911
<May23-2026> <12:38:04>  >>>> CORORT
<May23-2026> <12:38:04>  >>>> CLSMAT
<May23-2026> <12:38:04>  >>>> ORTHON
<May23-2026> <12:38:04>  >>>> GENPT
<May23-2026> <12:38:04>  Block Length= 128
<May23-2026> <12:38:05>  >>>> PTBAS
<May23-2026> <12:38:05>  >>>> CYCLE
<May23-2026> <12:38:07>  using orbital data from restart file
<May23-2026> <12:38:09>              |Error|         MaxErr       Wt(A-DIIS)
<May23-2026> <12:38:09>      1      0.00685288      0.00106179
<May23-2026> <12:38:12>      2      0.00249194      0.00026134    100.0
<May23-2026> <12:38:15>      3      0.00225909      0.00024243    100.0
<May23-2026> <12:38:18>      4      0.00066310      0.00005621      0.0
<May23-2026> <12:38:21>      5      0.00025250      0.00002283      0.0
<May23-2026> <12:38:23>      6      0.00007015      0.00000516      0.0
<May23-2026> <12:38:26>      7      0.00003221      0.00000280      0.0
<May23-2026> <12:38:29>      8      0.00001004      0.00000081      0.0
<May23-2026> <12:38:32>      9      0.00000230      0.00000018      0.0
<May23-2026> <12:38:33>  SCF converged
<May23-2026> <12:38:35>     10      0.00000026      0.00000002      0.0
<May23-2026> <12:38:36>  >>>> TOTEN
<May23-2026> <12:38:40>  >>>> POPAN
<May23-2026> <12:38:40>  >>>> DEBYE
<May23-2026> <12:38:40>  >>>> ENGRAD
<May23-2026> <12:38:43>  current energy                               -1.54395099 Hartree
<May23-2026> <12:38:43>  energy change                      -0.00000588     0.00008000    T
<May23-2026> <12:38:43>  constrained gradient max            0.00021042     0.00100000    T
<May23-2026> <12:38:43>  constrained gradient rms            0.00008442     0.00066667    T
<May23-2026> <12:38:43>  gradient max                        0.00021042
<May23-2026> <12:38:43>  gradient rms                        0.00008442
<May23-2026> <12:38:43>  cart. step max                      0.00143990     0.01000000    T
<May23-2026> <12:38:43>  cart. step rms                      0.00054287     0.00666667    T
<May23-2026> <12:38:43>  Geometry optimization converged
<May23-2026> <12:38:43>  *** adf ***
<May23-2026> <12:38:43>  Net Charge: 0 (Nuclei minus Electrons)
<May23-2026> <12:38:43>  Spin polar: -1 (Spin_A minus Spin_B electrons)
<May23-2026> <12:38:43>  Symmetry  : NOSYM
<May23-2026> <12:38:43>  >>>> FRAGM
<May23-2026> <12:38:43>  Coordinates
<May23-2026> <12:38:43>     Atom         X           Y           Z   (Angstrom)
<May23-2026> <12:38:43>     1.C        -0.754641   -1.580218   -0.213897
<May23-2026> <12:38:43>     2.C        -1.182487   -0.289829   -0.493335
<May23-2026> <12:38:43>     3.C        -1.149034    0.775083    0.396437
<May23-2026> <12:38:43>     4.H        -0.352214   -1.838302    0.764012
<May23-2026> <12:38:43>     5.H        -0.808399   -2.368441   -0.958884
<May23-2026> <12:38:43>     6.H        -1.577927   -0.097003   -1.493579
<May23-2026> <12:38:43>     7.H        -1.500781    1.762406    0.112354
<May23-2026> <12:38:43>     8.H        -0.767119    0.648555    1.407911
<May23-2026> <12:38:43>  >>>> CORORT
<May23-2026> <12:38:43>  >>>> CLSMAT
<May23-2026> <12:38:43>  >>>> ORTHON
<May23-2026> <12:38:43>  >>>> GENPT
<May23-2026> <12:38:43>  Block Length= 128
<May23-2026> <12:38:44>  >>>> PTBAS
<May23-2026> <12:38:44>  >>>> CYCLE
<May23-2026> <12:38:46>  using orbital data from restart file
<May23-2026> <12:38:48>              |Error|         MaxErr       Wt(A-DIIS)
<May23-2026> <12:38:48>      1      0.00000009      0.00000001
<May23-2026> <12:38:51>      2      0.00000005      0.00000001    100.0
<May23-2026> <12:38:51>  SCF converged
<May23-2026> <12:38:54>      3      0.00000004      0.00000001    100.0
<May23-2026> <12:38:56>  >>>> TOTEN
<May23-2026> <12:39:03>  >>>> POPAN
<May23-2026> <12:39:03>  >>>> DEBYE
<May23-2026> <12:39:03>  >>>> AMETS
<May23-2026> <12:39:03>   Bond Energy          -1.54395099 a.u.
<May23-2026> <12:39:03>   Bond Energy         -42.01304418 eV
<May23-2026> <12:39:03>   Bond Energy        -968.84       kcal/mol
<May23-2026> <12:39:03>  >>>> POPUL
<May23-2026> <12:39:03>  >>>> ENGRAD
<May23-2026> <12:39:06>  NORMAL TERMINATION
