<May23-2026> <12:45:59>  AMS 2026.103  RunTime: May23-2026 12:45:59  ShM Nodes: 1  Procs: 1
<May23-2026> <12:45:59>  ADF 2026.103  RunTime: May23-2026 12:45:59  ShM Nodes: 1  Procs: 1
<May23-2026> <12:45:59>  *** (NO TITLE) ***
<May23-2026> <12:45:59>  DIRAC 2026.103  RunTime: May23-2026 12:45:59  ShM Nodes: 1  Procs: 1
<May23-2026> <12:45:59>  Carbon (TZ2P)
<May23-2026> <12:46:00>  Net Charge: 0 (Nuclei minus Electrons)
<May23-2026> <12:46:00>  Symmetry  : ATOM
<May23-2026> <12:46:00>  Coordinates
<May23-2026> <12:46:00>     Atom         X           Y           Z   (Angstrom)
<May23-2026> <12:46:00>     1.C         0.000000    0.000000    0.000000
<May23-2026> <12:46:00>  >>>> CORORT
<May23-2026> <12:46:00>  >>>> CLSMAT
<May23-2026> <12:46:00>  >>>> ORTHON
<May23-2026> <12:46:00>  >>>> GENPT
<May23-2026> <12:46:00>  Block Length=  72
<May23-2026> <12:46:00>  >>>> PTBAS
<May23-2026> <12:46:00>  >>>> CYCLE
<May23-2026> <12:46:00>              |Error|         MaxErr       Wt(A-DIIS)
<May23-2026> <12:46:00>      1      0.00000000      0.00000000
<May23-2026> <12:46:00>      2      4.48450606      3.33074448    100.0
<May23-2026> <12:46:00>      3      1.63845963      1.31677840    100.0
<May23-2026> <12:46:00>      4      0.72237885      0.58090812    100.0
<May23-2026> <12:46:00>      5      0.41341516      0.32921223    100.0
<May23-2026> <12:46:00>      6      0.12634980      0.09661242     96.6
<May23-2026> <12:46:00>      7      0.11511849      0.08978748     89.7
<May23-2026> <12:46:00>      8      0.00670007      0.00519977      4.2
<May23-2026> <12:46:00>      9      0.00022181      0.00016825      0.0
<May23-2026> <12:46:00>     10      0.00000199      0.00000135      0.0
<May23-2026> <12:46:00>     11      0.00000002      0.00000001      0.0
<May23-2026> <12:46:00>     12      0.00000000      0.00000000      0.0
<May23-2026> <12:46:00>  SCF converged
<May23-2026> <12:46:00>     13      0.00000000      0.00000000      0.0
<May23-2026> <12:46:00>  >>>> POPAN
<May23-2026> <12:46:00>  >>>> DEBYE
<May23-2026> <12:46:00>  DIRAC 2026.103  RunTime: May23-2026 12:46:00  ShM Nodes: 1  Procs: 1
<May23-2026> <12:46:00>  Bromine (TZ2P)
<May23-2026> <12:46:00>  Net Charge: 0 (Nuclei minus Electrons)
<May23-2026> <12:46:00>  Symmetry  : ATOM
<May23-2026> <12:46:00>  Coordinates
<May23-2026> <12:46:00>     Atom         X           Y           Z   (Angstrom)
<May23-2026> <12:46:00>     1.Br        0.000000    0.000000    0.000000
<May23-2026> <12:46:00>  >>>> CORORT
<May23-2026> <12:46:00>  >>>> CLSMAT
<May23-2026> <12:46:00>  >>>> ORTHON
<May23-2026> <12:46:00>  >>>> GENPT
<May23-2026> <12:46:00>  Block Length= 106
<May23-2026> <12:46:00>  >>>> PTBAS
<May23-2026> <12:46:00>  >>>> CYCLE
<May23-2026> <12:46:01>              |Error|         MaxErr       Wt(A-DIIS)
<May23-2026> <12:46:01>      1      0.00000000      0.00000000
<May23-2026> <12:46:01>      2    136.00750123     34.20506777    100.0
<May23-2026> <12:46:01>      3     50.12030786     17.67187000    100.0
<May23-2026> <12:46:01>      4      9.26976625      2.15012577    100.0
<May23-2026> <12:46:01>      5     12.80268751      4.48288904    100.0
<May23-2026> <12:46:01>      6      1.53211092      0.37239804    100.0
<May23-2026> <12:46:01>      7      1.17318992      0.30655445    100.0
<May23-2026> <12:46:01>      8      0.20958313      0.05231843     51.8
<May23-2026> <12:46:01>      9      0.14725044      0.03631059     35.7
<May23-2026> <12:46:01>     10      0.00969080      0.00232616      1.3
<May23-2026> <12:46:01>     11      0.00014964      0.00003831      0.0
<May23-2026> <12:46:01>     12      0.00000063      0.00000015      0.0
<May23-2026> <12:46:01>     13      0.00000000      0.00000000      0.0
<May23-2026> <12:46:01>  SCF converged
<May23-2026> <12:46:01>     14      0.00000000      0.00000000      0.0
<May23-2026> <12:46:01>  >>>> POPAN
<May23-2026> <12:46:01>  >>>> DEBYE
<May23-2026> <12:46:01>  DIRAC 2026.103  RunTime: May23-2026 12:46:01  ShM Nodes: 1  Procs: 1
<May23-2026> <12:46:01>  Oxygen (TZ2P)
<May23-2026> <12:46:01>  Net Charge: 0 (Nuclei minus Electrons)
<May23-2026> <12:46:01>  Symmetry  : ATOM
<May23-2026> <12:46:01>  Coordinates
<May23-2026> <12:46:01>     Atom         X           Y           Z   (Angstrom)
<May23-2026> <12:46:01>     1.O         0.000000    0.000000    0.000000
<May23-2026> <12:46:01>  >>>> CORORT
<May23-2026> <12:46:01>  >>>> CLSMAT
<May23-2026> <12:46:01>  >>>> ORTHON
<May23-2026> <12:46:01>  >>>> GENPT
<May23-2026> <12:46:01>  Block Length=  68
<May23-2026> <12:46:01>  >>>> PTBAS
<May23-2026> <12:46:01>  >>>> CYCLE
<May23-2026> <12:46:01>              |Error|         MaxErr       Wt(A-DIIS)
<May23-2026> <12:46:01>      1      0.00000000      0.00000000
<May23-2026> <12:46:01>      2      8.77379167      5.52456194    100.0
<May23-2026> <12:46:01>      3      3.58874259      2.50390796    100.0
<May23-2026> <12:46:01>      4      1.14813168      0.58304454    100.0
<May23-2026> <12:46:01>      5      1.52147762      0.84216884    100.0
<May23-2026> <12:46:01>      6      0.17958647      0.10470670    100.0
<May23-2026> <12:46:01>      7      0.20120374      0.11429590    100.0
<May23-2026> <12:46:01>      8      0.01711846      0.01004426      9.1
<May23-2026> <12:46:01>      9      0.00178953      0.00100777      0.0
<May23-2026> <12:46:01>     10      0.00000129      0.00000068      0.0
<May23-2026> <12:46:01>     11      0.00000005      0.00000002      0.0
<May23-2026> <12:46:01>     12      0.00000000      0.00000000      0.0
<May23-2026> <12:46:01>  SCF converged
<May23-2026> <12:46:01>     13      0.00000000      0.00000000      0.0
<May23-2026> <12:46:01>  >>>> POPAN
<May23-2026> <12:46:02>  >>>> DEBYE
<May23-2026> <12:46:02>  DIRAC 2026.103  RunTime: May23-2026 12:46:02  ShM Nodes: 1  Procs: 1
<May23-2026> <12:46:02>  Hydrogen (TZ2P)
<May23-2026> <12:46:02>  Net Charge: 0 (Nuclei minus Electrons)
<May23-2026> <12:46:02>  Symmetry  : ATOM
<May23-2026> <12:46:02>  Coordinates
<May23-2026> <12:46:02>     Atom         X           Y           Z   (Angstrom)
<May23-2026> <12:46:02>     1.H         0.000000    0.000000    0.000000
<May23-2026> <12:46:02>  >>>> CORORT
<May23-2026> <12:46:02>  >>>> CLSMAT
<May23-2026> <12:46:02>  >>>> ORTHON
<May23-2026> <12:46:02>  >>>> GENPT
<May23-2026> <12:46:02>  Block Length=  64
<May23-2026> <12:46:02>  >>>> PTBAS
<May23-2026> <12:46:02>  >>>> CYCLE
<May23-2026> <12:46:02>              |Error|         MaxErr       Wt(A-DIIS)
<May23-2026> <12:46:02>      1      0.00000000      0.00000000
<May23-2026> <12:46:02>      2      0.03100426      0.02644614
<May23-2026> <12:46:02>      3      0.00958086      0.00932931    100.0
<May23-2026> <12:46:02>      4      0.00232128      0.00228673      1.3
<May23-2026> <12:46:02>      5      0.00003156      0.00002984      0.0
<May23-2026> <12:46:02>      6      0.00000096      0.00000091      0.0
<May23-2026> <12:46:02>      7      0.00000000      0.00000000      0.0
<May23-2026> <12:46:02>  SCF converged
<May23-2026> <12:46:02>      8      0.00000000      0.00000000      0.0
<May23-2026> <12:46:02>  >>>> POPAN
<May23-2026> <12:46:02>  >>>> DEBYE
<May23-2026> <12:46:02>  *** adf ***
<May23-2026> <12:46:02>  Net Charge: 0 (Nuclei minus Electrons)
<May23-2026> <12:46:02>  Spin polar: 1 (Spin_A minus Spin_B electrons)
<May23-2026> <12:46:02>  Symmetry  : NOSYM
<May23-2026> <12:46:02>  >>>> FRAGM
<May23-2026> <12:46:02>  Coordinates
<May23-2026> <12:46:02>     Atom         X           Y           Z   (Angstrom)
<May23-2026> <12:46:02>     1.C         1.193052    1.222088   -0.228543
<May23-2026> <12:46:02>     2.C         1.379367   -0.164618    0.062858
<May23-2026> <12:46:02>     3.Br        2.125367   -0.417444    1.958127
<May23-2026> <12:46:02>     4.O         1.159270   -1.120351   -0.636826
<May23-2026> <12:46:02>     5.H         0.790769    1.484368   -1.204652
<May23-2026> <12:46:02>     6.H         1.444776    1.983706    0.498147
<May23-2026> <12:46:02>  >>>> CORORT
<May23-2026> <12:46:02>  >>>> CLSMAT
<May23-2026> <12:46:02>  >>>> ORTHON
<May23-2026> <12:46:02>  >>>> GENPT
<May23-2026> <12:46:02>  Block Length= 128
<May23-2026> <12:46:02>  >>>> PTBAS
<May23-2026> <12:46:03>  >>>> CYCLE
<May23-2026> <12:46:06>              |Error|         MaxErr       Wt(A-DIIS)
<May23-2026> <12:46:06>      1      4.20168536      0.76063429
<May23-2026> <12:46:08>      2      1.17825822      0.14136479    100.0
<May23-2026> <12:46:10>      3      0.86981707      0.12508450    100.0
<May23-2026> <12:46:13>      4      2.67467015      0.44886248    100.0
<May23-2026> <12:46:15>      5      0.77514748      0.08281885     82.6
<May23-2026> <12:46:17>      6      0.61522608      0.11976434    100.0
<May23-2026> <12:46:19>      7      0.53759014      0.10387113    100.0
<May23-2026> <12:46:22>      8      0.13648281      0.01752376     16.7
<May23-2026> <12:46:24>      9      0.09296779      0.01006610      9.2
<May23-2026> <12:46:26>     10      0.01694778      0.00243371      1.4
<May23-2026> <12:46:28>     11      0.00897572      0.00111779      0.1
<May23-2026> <12:46:31>     12      0.00127935      0.00017635      0.0
<May23-2026> <12:46:33>     13      0.00028602      0.00005272      0.0
<May23-2026> <12:46:35>     14      0.00015578      0.00002032      0.0
<May23-2026> <12:46:37>     15      0.00005183      0.00000772      0.0
<May23-2026> <12:46:40>     16      0.00001550      0.00000162      0.0
<May23-2026> <12:46:42>     17      0.00000427      0.00000060      0.0
<May23-2026> <12:46:42>  SCF converged
<May23-2026> <12:46:44>     18      0.00000126      0.00000013      0.0
<May23-2026> <12:46:46>  >>>> TOTEN
<May23-2026> <12:46:51>  >>>> POPAN
<May23-2026> <12:46:51>  >>>> DEBYE
<May23-2026> <12:46:51>  >>>> AMETS
<May23-2026> <12:46:51>   Bond Energy          -1.13345945 a.u.
<May23-2026> <12:46:51>   Bond Energy         -30.84300107 eV
<May23-2026> <12:46:51>   Bond Energy        -711.26       kcal/mol
<May23-2026> <12:46:51>  >>>> POPUL
<May23-2026> <12:46:51>  NORMAL TERMINATION
