<May23-2026> <12:09:00>  AMS 2026.103  RunTime: May23-2026 12:09:00  ShM Nodes: 1  Procs: 1
<May23-2026> <12:09:01>  ADF 2026.103  RunTime: May23-2026 12:09:01  ShM Nodes: 1  Procs: 1
<May23-2026> <12:09:01>  *** (NO TITLE) ***
<May23-2026> <12:09:01>  DIRAC 2026.103  RunTime: May23-2026 12:09:01  ShM Nodes: 1  Procs: 1
<May23-2026> <12:09:01>  Carbon (TZ2P)
<May23-2026> <12:09:01>  Net Charge: 0 (Nuclei minus Electrons)
<May23-2026> <12:09:01>  Symmetry  : ATOM
<May23-2026> <12:09:01>  Coordinates
<May23-2026> <12:09:01>     Atom         X           Y           Z   (Angstrom)
<May23-2026> <12:09:01>     1.C         0.000000    0.000000    0.000000
<May23-2026> <12:09:01>  >>>> CORORT
<May23-2026> <12:09:01>  >>>> CLSMAT
<May23-2026> <12:09:01>  >>>> ORTHON
<May23-2026> <12:09:01>  >>>> GENPT
<May23-2026> <12:09:01>  Block Length=  72
<May23-2026> <12:09:01>  >>>> PTBAS
<May23-2026> <12:09:01>  >>>> CYCLE
<May23-2026> <12:09:01>              |Error|         MaxErr       Wt(A-DIIS)
<May23-2026> <12:09:01>      1      0.00000000      0.00000000
<May23-2026> <12:09:01>      2      4.48450606      3.33074448    100.0
<May23-2026> <12:09:01>      3      1.63845963      1.31677840    100.0
<May23-2026> <12:09:01>      4      0.72237885      0.58090812    100.0
<May23-2026> <12:09:01>      5      0.41341516      0.32921223    100.0
<May23-2026> <12:09:01>      6      0.12634980      0.09661242     96.6
<May23-2026> <12:09:01>      7      0.11511849      0.08978748     89.7
<May23-2026> <12:09:01>      8      0.00670007      0.00519977      4.2
<May23-2026> <12:09:01>      9      0.00022181      0.00016825      0.0
<May23-2026> <12:09:01>     10      0.00000199      0.00000135      0.0
<May23-2026> <12:09:01>     11      0.00000002      0.00000001      0.0
<May23-2026> <12:09:01>     12      0.00000000      0.00000000      0.0
<May23-2026> <12:09:01>  SCF converged
<May23-2026> <12:09:01>     13      0.00000000      0.00000000      0.0
<May23-2026> <12:09:01>  >>>> POPAN
<May23-2026> <12:09:01>  >>>> DEBYE
<May23-2026> <12:09:01>  DIRAC 2026.103  RunTime: May23-2026 12:09:01  ShM Nodes: 1  Procs: 1
<May23-2026> <12:09:02>  Oxygen (TZ2P)
<May23-2026> <12:09:02>  Net Charge: 0 (Nuclei minus Electrons)
<May23-2026> <12:09:02>  Symmetry  : ATOM
<May23-2026> <12:09:02>  Coordinates
<May23-2026> <12:09:02>     Atom         X           Y           Z   (Angstrom)
<May23-2026> <12:09:02>     1.O         0.000000    0.000000    0.000000
<May23-2026> <12:09:02>  >>>> CORORT
<May23-2026> <12:09:02>  >>>> CLSMAT
<May23-2026> <12:09:02>  >>>> ORTHON
<May23-2026> <12:09:02>  >>>> GENPT
<May23-2026> <12:09:02>  Block Length=  68
<May23-2026> <12:09:02>  >>>> PTBAS
<May23-2026> <12:09:02>  >>>> CYCLE
<May23-2026> <12:09:02>              |Error|         MaxErr       Wt(A-DIIS)
<May23-2026> <12:09:02>      1      0.00000000      0.00000000
<May23-2026> <12:09:02>      2      8.77379167      5.52456194    100.0
<May23-2026> <12:09:02>      3      3.58874259      2.50390796    100.0
<May23-2026> <12:09:02>      4      1.14813168      0.58304454    100.0
<May23-2026> <12:09:02>      5      1.52147762      0.84216884    100.0
<May23-2026> <12:09:02>      6      0.17958647      0.10470670    100.0
<May23-2026> <12:09:02>      7      0.20120374      0.11429590    100.0
<May23-2026> <12:09:02>      8      0.01711846      0.01004426      9.1
<May23-2026> <12:09:02>      9      0.00178953      0.00100777      0.0
<May23-2026> <12:09:02>     10      0.00000129      0.00000068      0.0
<May23-2026> <12:09:02>     11      0.00000005      0.00000002      0.0
<May23-2026> <12:09:02>     12      0.00000000      0.00000000      0.0
<May23-2026> <12:09:02>  SCF converged
<May23-2026> <12:09:02>     13      0.00000000      0.00000000      0.0
<May23-2026> <12:09:02>  >>>> POPAN
<May23-2026> <12:09:02>  >>>> DEBYE
<May23-2026> <12:09:02>  DIRAC 2026.103  RunTime: May23-2026 12:09:02  ShM Nodes: 1  Procs: 1
<May23-2026> <12:09:02>  Hydrogen (TZ2P)
<May23-2026> <12:09:02>  Net Charge: 0 (Nuclei minus Electrons)
<May23-2026> <12:09:02>  Symmetry  : ATOM
<May23-2026> <12:09:02>  Coordinates
<May23-2026> <12:09:02>     Atom         X           Y           Z   (Angstrom)
<May23-2026> <12:09:02>     1.H         0.000000    0.000000    0.000000
<May23-2026> <12:09:02>  >>>> CORORT
<May23-2026> <12:09:02>  >>>> CLSMAT
<May23-2026> <12:09:02>  >>>> ORTHON
<May23-2026> <12:09:02>  >>>> GENPT
<May23-2026> <12:09:02>  Block Length=  64
<May23-2026> <12:09:02>  >>>> PTBAS
<May23-2026> <12:09:02>  >>>> CYCLE
<May23-2026> <12:09:02>              |Error|         MaxErr       Wt(A-DIIS)
<May23-2026> <12:09:02>      1      0.00000000      0.00000000
<May23-2026> <12:09:02>      2      0.03100426      0.02644614
<May23-2026> <12:09:02>      3      0.00958086      0.00932931    100.0
<May23-2026> <12:09:02>      4      0.00232128      0.00228673      1.3
<May23-2026> <12:09:02>      5      0.00003156      0.00002984      0.0
<May23-2026> <12:09:02>      6      0.00000096      0.00000091      0.0
<May23-2026> <12:09:02>      7      0.00000000      0.00000000      0.0
<May23-2026> <12:09:02>  SCF converged
<May23-2026> <12:09:02>      8      0.00000000      0.00000000      0.0
<May23-2026> <12:09:02>  >>>> POPAN
<May23-2026> <12:09:02>  >>>> DEBYE
<May23-2026> <12:09:03>  *** adf ***
<May23-2026> <12:09:03>  Net Charge: 0 (Nuclei minus Electrons)
<May23-2026> <12:09:03>  Spin polar: 1 (Spin_A minus Spin_B electrons)
<May23-2026> <12:09:03>  Symmetry  : NOSYM
<May23-2026> <12:09:03>  >>>> FRAGM
<May23-2026> <12:09:03>  Coordinates
<May23-2026> <12:09:03>     Atom         X           Y           Z   (Angstrom)
<May23-2026> <12:09:03>     1.C        -0.474889    0.144805   -1.418979
<May23-2026> <12:09:03>     2.C        -0.486010   -0.845991   -0.363589
<May23-2026> <12:09:03>     3.O        -1.413440   -0.755792    0.655674
<May23-2026> <12:09:03>     4.C        -2.395087    0.308676    0.655595
<May23-2026> <12:09:03>     5.O         0.314851   -1.780241   -0.331921
<May23-2026> <12:09:03>     6.H        -1.144400    0.996826   -1.462841
<May23-2026> <12:09:03>     7.H         0.265621    0.014198   -2.200155
<May23-2026> <12:09:03>     8.H        -3.016249    0.130007    1.535572
<May23-2026> <12:09:03>     9.H        -3.020888    0.272837   -0.244838
<May23-2026> <12:09:03>    10.H        -1.915220    1.291689    0.742260
<May23-2026> <12:09:03>  >>>> CORORT
<May23-2026> <12:09:03>  >>>> CLSMAT
<May23-2026> <12:09:03>  >>>> ORTHON
<May23-2026> <12:09:03>  >>>> GENPT
<May23-2026> <12:09:03>  Block Length= 128
<May23-2026> <12:09:03>  >>>> PTBAS
<May23-2026> <12:09:05>  >>>> CYCLE
<May23-2026> <12:09:11>              |Error|         MaxErr       Wt(A-DIIS)
<May23-2026> <12:09:11>      1      5.14738794      0.72026191
<May23-2026> <12:09:16>      2      0.97671176      0.10091197    100.0
<May23-2026> <12:09:21>      3      0.84128010      0.08551417    100.0
<May23-2026> <12:09:26>      4      2.08239503      0.30910191    100.0
<May23-2026> <12:09:31>      5      0.61388500      0.05202647     51.5
<May23-2026> <12:09:36>      6      0.45510401      0.05133984     50.8
<May23-2026> <12:09:41>      7      0.34837866      0.04721839     46.7
<May23-2026> <12:09:46>      8      0.11074908      0.01364551     12.8
<May23-2026> <12:09:51>      9      0.03347503      0.00521356      4.3
<May23-2026> <12:09:56>     10      0.00485356      0.00054996      0.0
<May23-2026> <12:10:01>     11      0.00143420      0.00015661      0.0
<May23-2026> <12:10:06>     12      0.00075827      0.00006531      0.0
<May23-2026> <12:10:11>     13      0.00016181      0.00001491      0.0
<May23-2026> <12:10:16>     14      0.00006446      0.00001022      0.0
<May23-2026> <12:10:21>     15      0.00001961      0.00000249      0.0
<May23-2026> <12:10:26>     16      0.00000587      0.00000052      0.0
<May23-2026> <12:10:27>  SCF converged
<May23-2026> <12:10:31>     17      0.00000142      0.00000020      0.0
<May23-2026> <12:10:35>  >>>> TOTEN
<May23-2026> <12:10:47>  >>>> POPAN
<May23-2026> <12:10:47>  >>>> DEBYE
<May23-2026> <12:10:47>  >>>> AMETS
<May23-2026> <12:10:47>   Bond Energy          -2.01611163 a.u.
<May23-2026> <12:10:47>   Bond Energy         -54.86118879 eV
<May23-2026> <12:10:47>   Bond Energy       -1265.13       kcal/mol
<May23-2026> <12:10:47>  >>>> POPUL
<May23-2026> <12:10:47>  NORMAL TERMINATION
