<May23-2026> <12:44:01>  AMS 2026.103  RunTime: May23-2026 12:44:01  ShM Nodes: 1  Procs: 1
<May23-2026> <12:44:01>  ADF 2026.103  RunTime: May23-2026 12:44:01  ShM Nodes: 1  Procs: 1
<May23-2026> <12:44:01>  *** (NO TITLE) ***
<May23-2026> <12:44:01>  Iteration 1
<May23-2026> <12:44:02>  DIRAC 2026.103  RunTime: May23-2026 12:44:02  ShM Nodes: 1  Procs: 1
<May23-2026> <12:44:02>  Carbon (TZ2P)
<May23-2026> <12:44:02>  Net Charge: 0 (Nuclei minus Electrons)
<May23-2026> <12:44:02>  Symmetry  : ATOM
<May23-2026> <12:44:02>  Coordinates
<May23-2026> <12:44:02>     Atom         X           Y           Z   (Angstrom)
<May23-2026> <12:44:02>     1.C         0.000000    0.000000    0.000000
<May23-2026> <12:44:02>  >>>> CORORT
<May23-2026> <12:44:02>  >>>> CLSMAT
<May23-2026> <12:44:02>  >>>> ORTHON
<May23-2026> <12:44:02>  >>>> GENPT
<May23-2026> <12:44:02>  Block Length=  72
<May23-2026> <12:44:02>  >>>> PTBAS
<May23-2026> <12:44:02>  >>>> CYCLE
<May23-2026> <12:44:02>              |Error|         MaxErr       Wt(A-DIIS)
<May23-2026> <12:44:02>      1      0.00000000      0.00000000
<May23-2026> <12:44:02>      2      4.48450606      3.33074448    100.0
<May23-2026> <12:44:02>      3      1.63845963      1.31677840    100.0
<May23-2026> <12:44:02>      4      0.72237885      0.58090812    100.0
<May23-2026> <12:44:02>      5      0.41341516      0.32921223    100.0
<May23-2026> <12:44:02>      6      0.12634980      0.09661242     96.6
<May23-2026> <12:44:02>      7      0.11511849      0.08978748     89.7
<May23-2026> <12:44:02>      8      0.00670007      0.00519977      4.2
<May23-2026> <12:44:02>      9      0.00022181      0.00016825      0.0
<May23-2026> <12:44:02>     10      0.00000199      0.00000135      0.0
<May23-2026> <12:44:02>     11      0.00000002      0.00000001      0.0
<May23-2026> <12:44:02>     12      0.00000000      0.00000000      0.0
<May23-2026> <12:44:02>  SCF converged
<May23-2026> <12:44:02>     13      0.00000000      0.00000000      0.0
<May23-2026> <12:44:02>  >>>> POPAN
<May23-2026> <12:44:02>  >>>> DEBYE
<May23-2026> <12:44:02>  DIRAC 2026.103  RunTime: May23-2026 12:44:02  ShM Nodes: 1  Procs: 1
<May23-2026> <12:44:02>  Hydrogen (TZ2P)
<May23-2026> <12:44:02>  Net Charge: 0 (Nuclei minus Electrons)
<May23-2026> <12:44:02>  Symmetry  : ATOM
<May23-2026> <12:44:02>  Coordinates
<May23-2026> <12:44:02>     Atom         X           Y           Z   (Angstrom)
<May23-2026> <12:44:02>     1.H         0.000000    0.000000    0.000000
<May23-2026> <12:44:02>  >>>> CORORT
<May23-2026> <12:44:02>  >>>> CLSMAT
<May23-2026> <12:44:02>  >>>> ORTHON
<May23-2026> <12:44:02>  >>>> GENPT
<May23-2026> <12:44:02>  Block Length=  64
<May23-2026> <12:44:02>  >>>> PTBAS
<May23-2026> <12:44:02>  >>>> CYCLE
<May23-2026> <12:44:02>              |Error|         MaxErr       Wt(A-DIIS)
<May23-2026> <12:44:02>      1      0.00000000      0.00000000
<May23-2026> <12:44:02>      2      0.03100426      0.02644614
<May23-2026> <12:44:02>      3      0.00958086      0.00932931    100.0
<May23-2026> <12:44:02>      4      0.00232128      0.00228673      1.3
<May23-2026> <12:44:03>      5      0.00003156      0.00002984      0.0
<May23-2026> <12:44:03>      6      0.00000096      0.00000091      0.0
<May23-2026> <12:44:03>      7      0.00000000      0.00000000      0.0
<May23-2026> <12:44:03>  SCF converged
<May23-2026> <12:44:03>      8      0.00000000      0.00000000      0.0
<May23-2026> <12:44:03>  >>>> POPAN
<May23-2026> <12:44:03>  >>>> DEBYE
<May23-2026> <12:44:03>  *** GO1_GOStep1 ***
<May23-2026> <12:44:03>  >>>> FRAGM
<May23-2026> <12:44:03>  Coordinates
<May23-2026> <12:44:03>     Atom         X           Y           Z   (Angstrom)
<May23-2026> <12:44:03>     1.C         2.142951    0.011357    1.290669
<May23-2026> <12:44:03>     2.C         2.929596    0.131072    0.143408
<May23-2026> <12:44:03>     3.C         2.320028    0.501372   -1.032627
<May23-2026> <12:44:03>     4.H         2.583460   -0.377566    2.197363
<May23-2026> <12:44:03>     5.H         1.345820    0.726100    1.453086
<May23-2026> <12:44:03>     6.H         3.862169   -0.417248    0.099993
<May23-2026> <12:44:03>     7.H         1.476674    1.179809   -1.015600
<May23-2026> <12:44:03>     8.H         2.873813    0.485822   -1.962564
<May23-2026> <12:44:03>  >>>> CORORT
<May23-2026> <12:44:03>  >>>> CLSMAT
<May23-2026> <12:44:03>  >>>> ORTHON
<May23-2026> <12:44:03>  >>>> GENPT
<May23-2026> <12:44:03>  Block Length= 128
<May23-2026> <12:44:03>  >>>> PTBAS
<May23-2026> <12:44:04>  >>>> CYCLE
<May23-2026> <12:44:07>              |Error|         MaxErr       Wt(A-DIIS)
<May23-2026> <12:44:07>      1      4.08221769      0.43466587
<May23-2026> <12:44:10>      2      0.79425200      0.05489751    100.0
<May23-2026> <12:44:13>      3      0.70963278      0.04831945    100.0
<May23-2026> <12:44:16>      4      1.05650378      0.08472631    100.0
<May23-2026> <12:44:19>      5      0.15824123      0.01339979     12.5
<May23-2026> <12:44:22>      6      0.06746615      0.00555441      4.6
<May23-2026> <12:44:25>      7      0.01642062      0.00139277      0.4
<May23-2026> <12:44:27>      8      0.00367893      0.00038041      0.0
<May23-2026> <12:44:30>      9      0.00440161      0.00035086      0.0
<May23-2026> <12:44:33>     10      0.00125196      0.00010945      0.0
<May23-2026> <12:44:36>     11      0.00013169      0.00001151      0.0
<May23-2026> <12:44:39>     12      0.00002552      0.00000278      0.0
<May23-2026> <12:44:42>     13      0.00000734      0.00000062      0.0
<May23-2026> <12:44:42>  SCF converged
<May23-2026> <12:44:45>     14      0.00000283      0.00000023      0.0
<May23-2026> <12:44:45>  >>>> TOTEN
<May23-2026> <12:44:49>  >>>> POPAN
<May23-2026> <12:44:49>  >>>> DEBYE
<May23-2026> <12:44:49>  >>>> ENGRAD
<May23-2026> <12:44:53>  current energy                               -1.52942073 Hartree
<May23-2026> <12:44:53>  energy change                      -1.52942073     0.00008000    F
<May23-2026> <12:44:53>  constrained gradient max            0.05483544     0.00100000    F
<May23-2026> <12:44:53>  constrained gradient rms            0.02569866     0.00066667    F
<May23-2026> <12:44:53>  gradient max                        0.05483544
<May23-2026> <12:44:53>  gradient rms                        0.02569866
<May23-2026> <12:44:53>  cart. step max                      0.05144576     0.01000000    F
<May23-2026> <12:44:53>  cart. step rms                      0.02283229     0.00666667    F
<May23-2026> <12:44:53>  Iteration 2
<May23-2026> <12:44:53>  *** GO1_GOStep2 ***
<May23-2026> <12:44:53>  >>>> FRAGM
<May23-2026> <12:44:53>  Coordinates
<May23-2026> <12:44:53>     Atom         X           Y           Z   (Angstrom)
<May23-2026> <12:44:53>     1.C         2.157206    0.026129    1.325020
<May23-2026> <12:44:53>     2.C         2.901488    0.119739    0.140680
<May23-2026> <12:44:53>     3.C         2.333090    0.525299   -1.058959
<May23-2026> <12:44:53>     4.H         2.607064   -0.383508    2.224476
<May23-2026> <12:44:53>     5.H         1.327065    0.706485    1.497980
<May23-2026> <12:44:53>     6.H         3.841016   -0.426988    0.097388
<May23-2026> <12:44:53>     7.H         1.468574    1.183664   -1.067046
<May23-2026> <12:44:53>     8.H         2.899008    0.489898   -1.985812
<May23-2026> <12:44:53>  >>>> CORORT
<May23-2026> <12:44:53>  >>>> CLSMAT
<May23-2026> <12:44:53>  >>>> ORTHON
<May23-2026> <12:44:53>  >>>> GENPT
<May23-2026> <12:44:53>  Block Length= 128
<May23-2026> <12:44:53>  >>>> PTBAS
<May23-2026> <12:44:54>  >>>> CYCLE
<May23-2026> <12:44:55>  using orbital data from restart file
<May23-2026> <12:44:57>              |Error|         MaxErr       Wt(A-DIIS)
<May23-2026> <12:44:57>      1      0.11321525      0.01469804
<May23-2026> <12:45:00>      2      0.02537540      0.00207324    100.0
<May23-2026> <12:45:03>      3      0.04855973      0.00443825    100.0
<May23-2026> <12:45:06>      4      0.00907630      0.00060417      0.0
<May23-2026> <12:45:09>      5      0.00411767      0.00031985      0.0
<May23-2026> <12:45:12>      6      0.00128472      0.00012343      0.0
<May23-2026> <12:45:14>      7      0.00030093      0.00002716      0.0
<May23-2026> <12:45:17>      8      0.00013575      0.00000997      0.0
<May23-2026> <12:45:20>      9      0.00002127      0.00000154      0.0
<May23-2026> <12:45:23>     10      0.00000423      0.00000030      0.0
<May23-2026> <12:45:24>  SCF converged
<May23-2026> <12:45:26>     11      0.00000123      0.00000009      0.0
<May23-2026> <12:45:27>  >>>> TOTEN
<May23-2026> <12:45:31>  >>>> POPAN
<May23-2026> <12:45:31>  >>>> DEBYE
<May23-2026> <12:45:31>  >>>> ENGRAD
<May23-2026> <12:45:34>  current energy                               -1.53530840 Hartree
<May23-2026> <12:45:34>  energy change                      -0.00588767     0.00008000    F
<May23-2026> <12:45:34>  constrained gradient max            0.04457551     0.00100000    F
<May23-2026> <12:45:34>  constrained gradient rms            0.01991064     0.00066667    F
<May23-2026> <12:45:34>  gradient max                        0.04457551
<May23-2026> <12:45:34>  gradient rms                        0.01991064
<May23-2026> <12:45:34>  cart. step max                      0.04275978     0.01000000    F
<May23-2026> <12:45:34>  cart. step rms                      0.02222881     0.00666667    F
<May23-2026> <12:45:34>  Iteration 3
<May23-2026> <12:45:34>  *** GO1_GOStep3 ***
<May23-2026> <12:45:34>  >>>> FRAGM
<May23-2026> <12:45:34>  Coordinates
<May23-2026> <12:45:34>     Atom         X           Y           Z   (Angstrom)
<May23-2026> <12:45:34>     1.C         2.186860    0.068889    1.343204
<May23-2026> <12:45:34>     2.C         2.878742    0.089258    0.134552
<May23-2026> <12:45:34>     3.C         2.355996    0.566014   -1.057305
<May23-2026> <12:45:34>     4.H         2.629128   -0.370139    2.234042
<May23-2026> <12:45:34>     5.H         1.294918    0.676154    1.493008
<May23-2026> <12:45:34>     6.H         3.821436   -0.459620    0.088645
<May23-2026> <12:45:34>     7.H         1.451188    1.171826   -1.076021
<May23-2026> <12:45:34>     8.H         2.916243    0.498337   -1.986397
<May23-2026> <12:45:34>  >>>> CORORT
<May23-2026> <12:45:34>  >>>> CLSMAT
<May23-2026> <12:45:34>  >>>> ORTHON
<May23-2026> <12:45:34>  >>>> GENPT
<May23-2026> <12:45:34>  Block Length= 128
<May23-2026> <12:45:34>  >>>> PTBAS
<May23-2026> <12:45:35>  >>>> CYCLE
<May23-2026> <12:45:36>  using orbital data from restart file
<May23-2026> <12:45:39>              |Error|         MaxErr       Wt(A-DIIS)
<May23-2026> <12:45:39>      1      0.17566432      0.02343188
<May23-2026> <12:45:42>      2      0.02766759      0.00225181    100.0
<May23-2026> <12:45:45>      3      0.03350246      0.00253844    100.0
<May23-2026> <12:45:48>      4      0.01257702      0.00112270      0.1
<May23-2026> <12:45:51>      5      0.00333250      0.00024062      0.0
<May23-2026> <12:45:54>      6      0.00263283      0.00024530      0.0
<May23-2026> <12:45:57>      7      0.00023173      0.00002031      0.0
<May23-2026> <12:46:01>      8      0.00009928      0.00000839      0.0
<May23-2026> <12:46:04>      9      0.00003266      0.00000276      0.0
<May23-2026> <12:46:07>     10      0.00000541      0.00000040      0.0
<May23-2026> <12:46:07>  SCF converged
<May23-2026> <12:46:10>     11      0.00000208      0.00000015      0.0
<May23-2026> <12:46:10>  >>>> TOTEN
<May23-2026> <12:46:15>  >>>> POPAN
<May23-2026> <12:46:15>  >>>> DEBYE
<May23-2026> <12:46:15>  >>>> ENGRAD
<May23-2026> <12:46:18>  current energy                               -1.54155722 Hartree
<May23-2026> <12:46:18>  energy change                      -0.00624882     0.00008000    F
<May23-2026> <12:46:18>  constrained gradient max            0.02569302     0.00100000    F
<May23-2026> <12:46:18>  constrained gradient rms            0.01045936     0.00066667    F
<May23-2026> <12:46:18>  gradient max                        0.02569302
<May23-2026> <12:46:18>  gradient rms                        0.01045936
<May23-2026> <12:46:18>  cart. step max                      0.04525884     0.01000000    F
<May23-2026> <12:46:18>  cart. step rms                      0.02459986     0.00666667    F
<May23-2026> <12:46:18>  Iteration 4
<May23-2026> <12:46:18>  *** GO1_GOStep4 ***
<May23-2026> <12:46:18>  >>>> FRAGM
<May23-2026> <12:46:18>  Coordinates
<May23-2026> <12:46:18>     Atom         X           Y           Z   (Angstrom)
<May23-2026> <12:46:18>     1.C         2.214858    0.112211    1.353724
<May23-2026> <12:46:18>     2.C         2.850803    0.043999    0.125987
<May23-2026> <12:46:18>     3.C         2.375351    0.601487   -1.049063
<May23-2026> <12:46:18>     4.H         2.652819   -0.336322    2.240152
<May23-2026> <12:46:18>     5.H         1.267755    0.635850    1.469159
<May23-2026> <12:46:18>     6.H         3.800886   -0.494316    0.080768
<May23-2026> <12:46:18>     7.H         1.442309    1.161886   -1.068433
<May23-2026> <12:46:18>     8.H         2.929730    0.515924   -1.978567
<May23-2026> <12:46:18>  >>>> CORORT
<May23-2026> <12:46:18>  >>>> CLSMAT
<May23-2026> <12:46:18>  >>>> ORTHON
<May23-2026> <12:46:18>  >>>> GENPT
<May23-2026> <12:46:19>  Block Length= 128
<May23-2026> <12:46:19>  >>>> PTBAS
<May23-2026> <12:46:20>  >>>> CYCLE
<May23-2026> <12:46:21>  using orbital data from restart file
<May23-2026> <12:46:23>              |Error|         MaxErr       Wt(A-DIIS)
<May23-2026> <12:46:23>      1      0.19646266      0.02838145
<May23-2026> <12:46:26>      2      0.02580604      0.00205524    100.0
<May23-2026> <12:46:30>      3      0.02927830      0.00190440    100.0
<May23-2026> <12:46:33>      4      0.00781563      0.00062326      0.0
<May23-2026> <12:46:36>      5      0.00280639      0.00026678      0.0
<May23-2026> <12:46:39>      6      0.00206294      0.00020812      0.0
<May23-2026> <12:46:42>      7      0.00067251      0.00005901      0.0
<May23-2026> <12:46:45>      8      0.00017354      0.00001572      0.0
<May23-2026> <12:46:48>      9      0.00002140      0.00000228      0.0
<May23-2026> <12:46:51>     10      0.00000411      0.00000033      0.0
<May23-2026> <12:46:52>  SCF converged
<May23-2026> <12:46:54>     11      0.00000126      0.00000015      0.0
<May23-2026> <12:46:55>  >>>> TOTEN
<May23-2026> <12:46:59>  >>>> POPAN
<May23-2026> <12:46:59>  >>>> DEBYE
<May23-2026> <12:46:59>  >>>> ENGRAD
<May23-2026> <12:47:02>  current energy                               -1.54391275 Hartree
<May23-2026> <12:47:02>  energy change                      -0.00235553     0.00008000    F
<May23-2026> <12:47:02>  constrained gradient max            0.00613192     0.00100000    F
<May23-2026> <12:47:02>  constrained gradient rms            0.00197392     0.00066667    F
<May23-2026> <12:47:02>  gradient max                        0.00613192
<May23-2026> <12:47:02>  gradient rms                        0.00197392
<May23-2026> <12:47:02>  cart. step max                      0.01298980     0.01000000    F
<May23-2026> <12:47:02>  cart. step rms                      0.00501218     0.00666667    T
<May23-2026> <12:47:02>  Iteration 5
<May23-2026> <12:47:02>  *** GO1_GOStep5 ***
<May23-2026> <12:47:02>  >>>> FRAGM
<May23-2026> <12:47:02>  Coordinates
<May23-2026> <12:47:02>     Atom         X           Y           Z   (Angstrom)
<May23-2026> <12:47:02>     1.C         2.218599    0.117675    1.358968
<May23-2026> <12:47:02>     2.C         2.853481    0.050285    0.127612
<May23-2026> <12:47:02>     3.C         2.379340    0.608382   -1.051226
<May23-2026> <12:47:02>     4.H         2.645807   -0.349312    2.241393
<May23-2026> <12:47:02>     5.H         1.270391    0.639634    1.474155
<May23-2026> <12:47:02>     6.H         3.800843   -0.492725    0.080567
<May23-2026> <12:47:02>     7.H         1.438058    1.154701   -1.074388
<May23-2026> <12:47:02>     8.H         2.927993    0.512079   -1.983355
<May23-2026> <12:47:02>  >>>> CORORT
<May23-2026> <12:47:02>  >>>> CLSMAT
<May23-2026> <12:47:02>  >>>> ORTHON
<May23-2026> <12:47:02>  >>>> GENPT
<May23-2026> <12:47:02>  Block Length= 128
<May23-2026> <12:47:03>  >>>> PTBAS
<May23-2026> <12:47:04>  >>>> CYCLE
<May23-2026> <12:47:05>  using orbital data from restart file
<May23-2026> <12:47:07>              |Error|         MaxErr       Wt(A-DIIS)
<May23-2026> <12:47:07>      1      0.01956369      0.00197878
<May23-2026> <12:47:10>      2      0.00729803      0.00049085    100.0
<May23-2026> <12:47:13>      3      0.00875655      0.00057304    100.0
<May23-2026> <12:47:16>      4      0.00225280      0.00018493      0.0
<May23-2026> <12:47:19>      5      0.00043863      0.00003814      0.0
<May23-2026> <12:47:22>      6      0.00027607      0.00002812      0.0
<May23-2026> <12:47:25>      7      0.00016281      0.00001220      0.0
<May23-2026> <12:47:28>      8      0.00005809      0.00000579      0.0
<May23-2026> <12:47:31>      9      0.00000373      0.00000038      0.0
<May23-2026> <12:47:32>  SCF converged
<May23-2026> <12:47:34>     10      0.00000037      0.00000003      0.0
<May23-2026> <12:47:35>  >>>> TOTEN
<May23-2026> <12:47:39>  >>>> POPAN
<May23-2026> <12:47:39>  >>>> DEBYE
<May23-2026> <12:47:39>  >>>> ENGRAD
<May23-2026> <12:47:43>  current energy                               -1.54394931 Hartree
<May23-2026> <12:47:43>  energy change                      -0.00003656     0.00008000    T
<May23-2026> <12:47:43>  constrained gradient max            0.00152107     0.00100000    F
<May23-2026> <12:47:43>  constrained gradient rms            0.00054320     0.00066667    T
<May23-2026> <12:47:43>  gradient max                        0.00152107
<May23-2026> <12:47:43>  gradient rms                        0.00054320
<May23-2026> <12:47:43>  cart. step max                      0.00455262     0.01000000    T
<May23-2026> <12:47:43>  cart. step rms                      0.00160329     0.00666667    T
<May23-2026> <12:47:43>  Iteration 6
<May23-2026> <12:47:43>  *** GO1_GOStep6 ***
<May23-2026> <12:47:43>  >>>> FRAGM
<May23-2026> <12:47:43>  Coordinates
<May23-2026> <12:47:43>     Atom         X           Y           Z   (Angstrom)
<May23-2026> <12:47:43>     1.C         2.217880    0.116257    1.358961
<May23-2026> <12:47:43>     2.C         2.852379    0.045732    0.126473
<May23-2026> <12:47:43>     3.C         2.378487    0.606671   -1.051693
<May23-2026> <12:47:43>     4.H         2.645934   -0.346163    2.243307
<May23-2026> <12:47:43>     5.H         1.270166    0.639303    1.472984
<May23-2026> <12:47:43>     6.H         3.802603   -0.491822    0.080376
<May23-2026> <12:47:43>     7.H         1.439472    1.156727   -1.072761
<May23-2026> <12:47:43>     8.H         2.927589    0.514012   -1.983921
<May23-2026> <12:47:43>  >>>> CORORT
<May23-2026> <12:47:43>  >>>> CLSMAT
<May23-2026> <12:47:43>  >>>> ORTHON
<May23-2026> <12:47:43>  >>>> GENPT
<May23-2026> <12:47:43>  Block Length= 128
<May23-2026> <12:47:43>  >>>> PTBAS
<May23-2026> <12:47:44>  >>>> CYCLE
<May23-2026> <12:47:45>  using orbital data from restart file
<May23-2026> <12:47:48>              |Error|         MaxErr       Wt(A-DIIS)
<May23-2026> <12:47:48>      1      0.00789869      0.00122175
<May23-2026> <12:47:51>      2      0.00209224      0.00019077    100.0
<May23-2026> <12:47:54>      3      0.00211991      0.00017728    100.0
<May23-2026> <12:47:57>      4      0.00079478      0.00005786      0.0
<May23-2026> <12:48:00>      5      0.00023509      0.00002095      0.0
<May23-2026> <12:48:03>      6      0.00012399      0.00001060      0.0
<May23-2026> <12:48:06>      7      0.00003227      0.00000295      0.0
<May23-2026> <12:48:09>      8      0.00001561      0.00000121      0.0
<May23-2026> <12:48:12>      9      0.00000123      0.00000012      0.0
<May23-2026> <12:48:13>  SCF converged
<May23-2026> <12:48:15>     10      0.00000028      0.00000002      0.0
<May23-2026> <12:48:16>  >>>> TOTEN
<May23-2026> <12:48:20>  >>>> POPAN
<May23-2026> <12:48:20>  >>>> DEBYE
<May23-2026> <12:48:20>  >>>> ENGRAD
<May23-2026> <12:48:24>  current energy                               -1.54395253 Hartree
<May23-2026> <12:48:24>  energy change                      -0.00000322     0.00008000    T
<May23-2026> <12:48:24>  constrained gradient max            0.00035743     0.00100000    T
<May23-2026> <12:48:24>  constrained gradient rms            0.00015040     0.00066667    T
<May23-2026> <12:48:24>  gradient max                        0.00035743
<May23-2026> <12:48:24>  gradient rms                        0.00015040
<May23-2026> <12:48:24>  cart. step max                      0.00145164     0.01000000    T
<May23-2026> <12:48:24>  cart. step rms                      0.00056182     0.00666667    T
<May23-2026> <12:48:24>  Geometry optimization converged
<May23-2026> <12:48:24>  *** adf ***
<May23-2026> <12:48:24>  Net Charge: 0 (Nuclei minus Electrons)
<May23-2026> <12:48:24>  Spin polar: -1 (Spin_A minus Spin_B electrons)
<May23-2026> <12:48:24>  Symmetry  : NOSYM
<May23-2026> <12:48:24>  >>>> FRAGM
<May23-2026> <12:48:24>  Coordinates
<May23-2026> <12:48:24>     Atom         X           Y           Z   (Angstrom)
<May23-2026> <12:48:24>     1.C         2.217880    0.116257    1.358961
<May23-2026> <12:48:24>     2.C         2.852379    0.045732    0.126473
<May23-2026> <12:48:24>     3.C         2.378487    0.606671   -1.051693
<May23-2026> <12:48:24>     4.H         2.645934   -0.346163    2.243307
<May23-2026> <12:48:24>     5.H         1.270166    0.639303    1.472984
<May23-2026> <12:48:24>     6.H         3.802603   -0.491822    0.080376
<May23-2026> <12:48:24>     7.H         1.439472    1.156727   -1.072761
<May23-2026> <12:48:24>     8.H         2.927589    0.514012   -1.983921
<May23-2026> <12:48:24>  >>>> CORORT
<May23-2026> <12:48:24>  >>>> CLSMAT
<May23-2026> <12:48:24>  >>>> ORTHON
<May23-2026> <12:48:24>  >>>> GENPT
<May23-2026> <12:48:24>  Block Length= 128
<May23-2026> <12:48:24>  >>>> PTBAS
<May23-2026> <12:48:25>  >>>> CYCLE
<May23-2026> <12:48:26>  using orbital data from restart file
<May23-2026> <12:48:29>              |Error|         MaxErr       Wt(A-DIIS)
<May23-2026> <12:48:29>      1      0.00000009      0.00000001
<May23-2026> <12:48:32>      2      0.00000005      0.00000000    100.0
<May23-2026> <12:48:33>  SCF converged
<May23-2026> <12:48:35>      3      0.00000004      0.00000000    100.0
<May23-2026> <12:48:38>  >>>> TOTEN
<May23-2026> <12:48:45>  >>>> POPAN
<May23-2026> <12:48:45>  >>>> DEBYE
<May23-2026> <12:48:45>  >>>> AMETS
<May23-2026> <12:48:45>   Bond Energy          -1.54395253 a.u.
<May23-2026> <12:48:45>   Bond Energy         -42.01308589 eV
<May23-2026> <12:48:45>   Bond Energy        -968.84       kcal/mol
<May23-2026> <12:48:45>  >>>> POPUL
<May23-2026> <12:48:45>  >>>> ENGRAD
<May23-2026> <12:48:48>  NORMAL TERMINATION
