<May23-2026> <12:28:45>  AMS 2026.103  RunTime: May23-2026 12:28:45  ShM Nodes: 1  Procs: 1
<May23-2026> <12:28:45>  ADF 2026.103  RunTime: May23-2026 12:28:45  ShM Nodes: 1  Procs: 1
<May23-2026> <12:28:45>  *** (NO TITLE) ***
<May23-2026> <12:28:45>  Iteration 1
<May23-2026> <12:28:45>  DIRAC 2026.103  RunTime: May23-2026 12:28:45  ShM Nodes: 1  Procs: 1
<May23-2026> <12:28:45>  Carbon (TZ2P)
<May23-2026> <12:28:45>  Net Charge: 0 (Nuclei minus Electrons)
<May23-2026> <12:28:45>  Symmetry  : ATOM
<May23-2026> <12:28:45>  Coordinates
<May23-2026> <12:28:45>     Atom         X           Y           Z   (Angstrom)
<May23-2026> <12:28:45>     1.C         0.000000    0.000000    0.000000
<May23-2026> <12:28:45>  >>>> CORORT
<May23-2026> <12:28:45>  >>>> CLSMAT
<May23-2026> <12:28:45>  >>>> ORTHON
<May23-2026> <12:28:45>  >>>> GENPT
<May23-2026> <12:28:45>  Block Length=  72
<May23-2026> <12:28:45>  >>>> PTBAS
<May23-2026> <12:28:45>  >>>> CYCLE
<May23-2026> <12:28:45>              |Error|         MaxErr       Wt(A-DIIS)
<May23-2026> <12:28:45>      1      0.00000000      0.00000000
<May23-2026> <12:28:45>      2      4.48450606      3.33074448    100.0
<May23-2026> <12:28:46>      3      1.63845963      1.31677840    100.0
<May23-2026> <12:28:46>      4      0.72237885      0.58090812    100.0
<May23-2026> <12:28:46>      5      0.41341516      0.32921223    100.0
<May23-2026> <12:28:46>      6      0.12634980      0.09661242     96.6
<May23-2026> <12:28:46>      7      0.11511849      0.08978748     89.7
<May23-2026> <12:28:46>      8      0.00670007      0.00519977      4.2
<May23-2026> <12:28:46>      9      0.00022181      0.00016825      0.0
<May23-2026> <12:28:46>     10      0.00000199      0.00000135      0.0
<May23-2026> <12:28:46>     11      0.00000002      0.00000001      0.0
<May23-2026> <12:28:46>     12      0.00000000      0.00000000      0.0
<May23-2026> <12:28:46>  SCF converged
<May23-2026> <12:28:46>     13      0.00000000      0.00000000      0.0
<May23-2026> <12:28:46>  >>>> POPAN
<May23-2026> <12:28:46>  >>>> DEBYE
<May23-2026> <12:28:46>  DIRAC 2026.103  RunTime: May23-2026 12:28:46  ShM Nodes: 1  Procs: 1
<May23-2026> <12:28:46>  Bromine (TZ2P)
<May23-2026> <12:28:46>  Net Charge: 0 (Nuclei minus Electrons)
<May23-2026> <12:28:46>  Symmetry  : ATOM
<May23-2026> <12:28:46>  Coordinates
<May23-2026> <12:28:46>     Atom         X           Y           Z   (Angstrom)
<May23-2026> <12:28:46>     1.Br        0.000000    0.000000    0.000000
<May23-2026> <12:28:46>  >>>> CORORT
<May23-2026> <12:28:46>  >>>> CLSMAT
<May23-2026> <12:28:46>  >>>> ORTHON
<May23-2026> <12:28:46>  >>>> GENPT
<May23-2026> <12:28:46>  Block Length= 106
<May23-2026> <12:28:46>  >>>> PTBAS
<May23-2026> <12:28:46>  >>>> CYCLE
<May23-2026> <12:28:46>              |Error|         MaxErr       Wt(A-DIIS)
<May23-2026> <12:28:46>      1      0.00000000      0.00000000
<May23-2026> <12:28:46>      2    136.00750123     34.20506777    100.0
<May23-2026> <12:28:46>      3     50.12030786     17.67187000    100.0
<May23-2026> <12:28:46>      4      9.26976625      2.15012577    100.0
<May23-2026> <12:28:46>      5     12.80268751      4.48288904    100.0
<May23-2026> <12:28:46>      6      1.53211092      0.37239804    100.0
<May23-2026> <12:28:46>      7      1.17318992      0.30655445    100.0
<May23-2026> <12:28:46>      8      0.20958313      0.05231843     51.8
<May23-2026> <12:28:46>      9      0.14725044      0.03631059     35.7
<May23-2026> <12:28:46>     10      0.00969080      0.00232616      1.3
<May23-2026> <12:28:47>     11      0.00014964      0.00003831      0.0
<May23-2026> <12:28:47>     12      0.00000063      0.00000015      0.0
<May23-2026> <12:28:47>     13      0.00000000      0.00000000      0.0
<May23-2026> <12:28:47>  SCF converged
<May23-2026> <12:28:47>     14      0.00000000      0.00000000      0.0
<May23-2026> <12:28:47>  >>>> POPAN
<May23-2026> <12:28:47>  >>>> DEBYE
<May23-2026> <12:28:47>  DIRAC 2026.103  RunTime: May23-2026 12:28:47  ShM Nodes: 1  Procs: 1
<May23-2026> <12:28:47>  Oxygen (TZ2P)
<May23-2026> <12:28:47>  Net Charge: 0 (Nuclei minus Electrons)
<May23-2026> <12:28:47>  Symmetry  : ATOM
<May23-2026> <12:28:47>  Coordinates
<May23-2026> <12:28:47>     Atom         X           Y           Z   (Angstrom)
<May23-2026> <12:28:47>     1.O         0.000000    0.000000    0.000000
<May23-2026> <12:28:47>  >>>> CORORT
<May23-2026> <12:28:47>  >>>> CLSMAT
<May23-2026> <12:28:47>  >>>> ORTHON
<May23-2026> <12:28:47>  >>>> GENPT
<May23-2026> <12:28:47>  Block Length=  68
<May23-2026> <12:28:47>  >>>> PTBAS
<May23-2026> <12:28:47>  >>>> CYCLE
<May23-2026> <12:28:47>              |Error|         MaxErr       Wt(A-DIIS)
<May23-2026> <12:28:47>      1      0.00000000      0.00000000
<May23-2026> <12:28:47>      2      8.77379167      5.52456194    100.0
<May23-2026> <12:28:47>      3      3.58874259      2.50390796    100.0
<May23-2026> <12:28:47>      4      1.14813168      0.58304454    100.0
<May23-2026> <12:28:47>      5      1.52147762      0.84216884    100.0
<May23-2026> <12:28:47>      6      0.17958647      0.10470670    100.0
<May23-2026> <12:28:47>      7      0.20120374      0.11429590    100.0
<May23-2026> <12:28:47>      8      0.01711846      0.01004426      9.1
<May23-2026> <12:28:47>      9      0.00178953      0.00100777      0.0
<May23-2026> <12:28:47>     10      0.00000129      0.00000068      0.0
<May23-2026> <12:28:47>     11      0.00000005      0.00000002      0.0
<May23-2026> <12:28:47>     12      0.00000000      0.00000000      0.0
<May23-2026> <12:28:47>  SCF converged
<May23-2026> <12:28:47>     13      0.00000000      0.00000000      0.0
<May23-2026> <12:28:47>  >>>> POPAN
<May23-2026> <12:28:47>  >>>> DEBYE
<May23-2026> <12:28:47>  DIRAC 2026.103  RunTime: May23-2026 12:28:47  ShM Nodes: 1  Procs: 1
<May23-2026> <12:28:47>  Hydrogen (TZ2P)
<May23-2026> <12:28:47>  Net Charge: 0 (Nuclei minus Electrons)
<May23-2026> <12:28:47>  Symmetry  : ATOM
<May23-2026> <12:28:47>  Coordinates
<May23-2026> <12:28:47>     Atom         X           Y           Z   (Angstrom)
<May23-2026> <12:28:47>     1.H         0.000000    0.000000    0.000000
<May23-2026> <12:28:47>  >>>> CORORT
<May23-2026> <12:28:47>  >>>> CLSMAT
<May23-2026> <12:28:47>  >>>> ORTHON
<May23-2026> <12:28:47>  >>>> GENPT
<May23-2026> <12:28:48>  Block Length=  64
<May23-2026> <12:28:48>  >>>> PTBAS
<May23-2026> <12:28:48>  >>>> CYCLE
<May23-2026> <12:28:48>              |Error|         MaxErr       Wt(A-DIIS)
<May23-2026> <12:28:48>      1      0.00000000      0.00000000
<May23-2026> <12:28:48>      2      0.03100426      0.02644614
<May23-2026> <12:28:48>      3      0.00958086      0.00932931    100.0
<May23-2026> <12:28:48>      4      0.00232128      0.00228673      1.3
<May23-2026> <12:28:48>      5      0.00003156      0.00002984      0.0
<May23-2026> <12:28:48>      6      0.00000096      0.00000091      0.0
<May23-2026> <12:28:48>      7      0.00000000      0.00000000      0.0
<May23-2026> <12:28:48>  SCF converged
<May23-2026> <12:28:48>      8      0.00000000      0.00000000      0.0
<May23-2026> <12:28:48>  >>>> POPAN
<May23-2026> <12:28:48>  >>>> DEBYE
<May23-2026> <12:28:48>  *** GO1_GOStep1 ***
<May23-2026> <12:28:48>  >>>> FRAGM
<May23-2026> <12:28:48>  Coordinates
<May23-2026> <12:28:48>     Atom         X           Y           Z   (Angstrom)
<May23-2026> <12:28:48>     1.C         1.113647    1.197125   -0.185778
<May23-2026> <12:28:48>     2.C         1.450963   -0.096129    0.079921
<May23-2026> <12:28:48>     3.Br        2.115828   -0.454587    1.888521
<May23-2026> <12:28:48>     4.O         1.126662   -1.094193   -0.598758
<May23-2026> <12:28:48>     5.H         0.861250    1.441495   -1.206715
<May23-2026> <12:28:48>     6.H         1.424251    1.994038    0.471919
<May23-2026> <12:28:48>  >>>> CORORT
<May23-2026> <12:28:48>  >>>> CLSMAT
<May23-2026> <12:28:48>  >>>> ORTHON
<May23-2026> <12:28:48>  >>>> GENPT
<May23-2026> <12:28:48>  Block Length= 128
<May23-2026> <12:28:48>  >>>> PTBAS
<May23-2026> <12:28:49>  >>>> CYCLE
<May23-2026> <12:28:52>              |Error|         MaxErr       Wt(A-DIIS)
<May23-2026> <12:28:52>      1      4.37659911      0.51497985
<May23-2026> <12:28:54>      2      1.26303762      0.13137201    100.0
<May23-2026> <12:28:56>      3      0.96611149      0.11202137    100.0
<May23-2026> <12:28:59>      4      3.23250054      0.42933651    100.0
<May23-2026> <12:29:01>      5      1.12095314      0.12641414    100.0
<May23-2026> <12:29:03>      6      0.26065591      0.03761262     37.0
<May23-2026> <12:29:05>      7      0.28181744      0.03491092     34.3
<May23-2026> <12:29:08>      8      0.07226154      0.00546238      4.5
<May23-2026> <12:29:10>      9      0.01956336      0.00171993      0.7
<May23-2026> <12:29:12>     10      0.01857101      0.00166570      0.7
<May23-2026> <12:29:14>     11      0.00272042      0.00035260      0.0
<May23-2026> <12:29:17>     12      0.00110450      0.00011075      0.0
<May23-2026> <12:29:19>     13      0.00025439      0.00002831      0.0
<May23-2026> <12:29:21>     14      0.00012120      0.00001231      0.0
<May23-2026> <12:29:23>     15      0.00003611      0.00000427      0.0
<May23-2026> <12:29:25>     16      0.00001600      0.00000229      0.0
<May23-2026> <12:29:28>     17      0.00000291      0.00000036      0.0
<May23-2026> <12:29:28>  SCF converged
<May23-2026> <12:29:30>     18      0.00000145      0.00000020      0.0
<May23-2026> <12:29:30>  >>>> TOTEN
<May23-2026> <12:29:34>  >>>> POPAN
<May23-2026> <12:29:34>  >>>> DEBYE
<May23-2026> <12:29:34>  >>>> ENGRAD
<May23-2026> <12:29:36>  current energy                               -1.12275692 Hartree
<May23-2026> <12:29:36>  energy change                      -1.12275692     0.00006000    F
<May23-2026> <12:29:36>  constrained gradient max            0.14282072     0.00100000    F
<May23-2026> <12:29:36>  constrained gradient rms            0.04469583     0.00066667    F
<May23-2026> <12:29:36>  gradient max                        0.14282072
<May23-2026> <12:29:36>  gradient rms                        0.04469583
<May23-2026> <12:29:36>  cart. step max                      0.03786872     0.01000000    F
<May23-2026> <12:29:36>  cart. step rms                      0.01681837     0.00666667    F
<May23-2026> <12:29:36>  Iteration 2
<May23-2026> <12:29:36>  *** GO1_GOStep2 ***
<May23-2026> <12:29:36>  >>>> FRAGM
<May23-2026> <12:29:37>  Coordinates
<May23-2026> <12:29:37>     Atom         X           Y           Z   (Angstrom)
<May23-2026> <12:29:37>     1.C         1.129089    1.209756   -0.197696
<May23-2026> <12:29:37>     2.C         1.413094   -0.130765    0.094226
<May23-2026> <12:29:37>     3.Br        2.137227   -0.458485    1.902902
<May23-2026> <12:29:37>     4.O         1.136406   -1.101574   -0.606705
<May23-2026> <12:29:37>     5.H         0.861967    1.460486   -1.219103
<May23-2026> <12:29:37>     6.H         1.414819    2.008330    0.475487
<May23-2026> <12:29:37>  >>>> CORORT
<May23-2026> <12:29:37>  >>>> CLSMAT
<May23-2026> <12:29:37>  >>>> ORTHON
<May23-2026> <12:29:37>  >>>> GENPT
<May23-2026> <12:29:37>  Block Length= 128
<May23-2026> <12:29:37>  >>>> PTBAS
<May23-2026> <12:29:38>  >>>> CYCLE
<May23-2026> <12:29:39>  using orbital data from restart file
<May23-2026> <12:29:41>              |Error|         MaxErr       Wt(A-DIIS)
<May23-2026> <12:29:41>      1      0.27620198      0.03231331
<May23-2026> <12:29:43>      2      0.05793123      0.00801909    100.0
<May23-2026> <12:29:45>      3      0.21281689      0.02861875    100.0
<May23-2026> <12:29:47>      4      0.06721046      0.00839178    100.0
<May23-2026> <12:29:49>      5      0.00705216      0.00086399      0.0
<May23-2026> <12:29:52>      6      0.00337785      0.00029785      0.0
<May23-2026> <12:29:54>      7      0.00134454      0.00014562      0.0
<May23-2026> <12:29:56>      8      0.00068941      0.00005604      0.0
<May23-2026> <12:29:58>      9      0.00021980      0.00002549      0.0
<May23-2026> <12:30:00>     10      0.00005311      0.00000598      0.0
<May23-2026> <12:30:03>     11      0.00001981      0.00000230      0.0
<May23-2026> <12:30:05>     12      0.00000374      0.00000042      0.0
<May23-2026> <12:30:05>  SCF converged
<May23-2026> <12:30:07>     13      0.00000142      0.00000013      0.0
<May23-2026> <12:30:08>  >>>> TOTEN
<May23-2026> <12:30:11>  >>>> POPAN
<May23-2026> <12:30:11>  >>>> DEBYE
<May23-2026> <12:30:11>  >>>> ENGRAD
<May23-2026> <12:30:14>  current energy                               -1.12968484 Hartree
<May23-2026> <12:30:14>  energy change                      -0.00692792     0.00006000    F
<May23-2026> <12:30:14>  constrained gradient max            0.06555359     0.00100000    F
<May23-2026> <12:30:14>  constrained gradient rms            0.02328114     0.00066667    F
<May23-2026> <12:30:14>  gradient max                        0.06555359
<May23-2026> <12:30:14>  gradient rms                        0.02328114
<May23-2026> <12:30:14>  cart. step max                      0.06868518     0.01000000    F
<May23-2026> <12:30:14>  cart. step rms                      0.02575541     0.00666667    F
<May23-2026> <12:30:14>  Iteration 3
<May23-2026> <12:30:14>  *** GO1_GOStep3 ***
<May23-2026> <12:30:14>  >>>> FRAGM
<May23-2026> <12:30:14>  Coordinates
<May23-2026> <12:30:14>     Atom         X           Y           Z   (Angstrom)
<May23-2026> <12:30:14>     1.C         1.197774    1.217643   -0.223350
<May23-2026> <12:30:14>     2.C         1.397482   -0.165796    0.082882
<May23-2026> <12:30:14>     3.Br        2.128085   -0.429936    1.926594
<May23-2026> <12:30:14>     4.O         1.141101   -1.107918   -0.623709
<May23-2026> <12:30:14>     5.H         0.813525    1.473439   -1.209106
<May23-2026> <12:30:14>     6.H         1.414635    2.000317    0.495801
<May23-2026> <12:30:14>  >>>> CORORT
<May23-2026> <12:30:14>  >>>> CLSMAT
<May23-2026> <12:30:14>  >>>> ORTHON
<May23-2026> <12:30:14>  >>>> GENPT
<May23-2026> <12:30:14>  Block Length= 128
<May23-2026> <12:30:14>  >>>> PTBAS
<May23-2026> <12:30:15>  >>>> CYCLE
<May23-2026> <12:30:16>  using orbital data from restart file
<May23-2026> <12:30:18>              |Error|         MaxErr       Wt(A-DIIS)
<May23-2026> <12:30:18>      1      0.35490687      0.06604020
<May23-2026> <12:30:20>      2      0.09031875      0.01186903    100.0
<May23-2026> <12:30:22>      3      0.31832320      0.04314131    100.0
<May23-2026> <12:30:24>      4      0.10002470      0.01257919     11.7
<May23-2026> <12:30:27>      5      0.01409907      0.00113254      0.1
<May23-2026> <12:30:29>      6      0.00371877      0.00036863      0.0
<May23-2026> <12:30:31>      7      0.00180714      0.00015253      0.0
<May23-2026> <12:30:33>      8      0.00072676      0.00005761      0.0
<May23-2026> <12:30:35>      9      0.00020367      0.00001910      0.0
<May23-2026> <12:30:38>     10      0.00005494      0.00000607      0.0
<May23-2026> <12:30:40>     11      0.00002467      0.00000323      0.0
<May23-2026> <12:30:42>     12      0.00000550      0.00000076      0.0
<May23-2026> <12:30:43>  SCF converged
<May23-2026> <12:30:44>     13      0.00000196      0.00000025      0.0
<May23-2026> <12:30:45>  >>>> TOTEN
<May23-2026> <12:30:48>  >>>> POPAN
<May23-2026> <12:30:48>  >>>> DEBYE
<May23-2026> <12:30:48>  >>>> ENGRAD
<May23-2026> <12:30:51>  current energy                               -1.13292711 Hartree
<May23-2026> <12:30:51>  energy change                      -0.00324227     0.00006000    F
<May23-2026> <12:30:51>  constrained gradient max            0.01480737     0.00100000    F
<May23-2026> <12:30:51>  constrained gradient rms            0.00669175     0.00066667    F
<May23-2026> <12:30:51>  gradient max                        0.01480737
<May23-2026> <12:30:51>  gradient rms                        0.00669175
<May23-2026> <12:30:51>  cart. step max                      0.03924005     0.01000000    F
<May23-2026> <12:30:51>  cart. step rms                      0.01176222     0.00666667    F
<May23-2026> <12:30:51>  Iteration 4
<May23-2026> <12:30:51>  *** GO1_GOStep4 ***
<May23-2026> <12:30:51>  >>>> FRAGM
<May23-2026> <12:30:51>  Coordinates
<May23-2026> <12:30:51>     Atom         X           Y           Z   (Angstrom)
<May23-2026> <12:30:51>     1.C         1.192508    1.219918   -0.221963
<May23-2026> <12:30:51>     2.C         1.358242   -0.166056    0.091157
<May23-2026> <12:30:51>     3.Br        2.142612   -0.421724    1.926443
<May23-2026> <12:30:51>     4.O         1.154416   -1.114762   -0.633498
<May23-2026> <12:30:51>     5.H         0.825916    1.475673   -1.213457
<May23-2026> <12:30:51>     6.H         1.418907    1.994700    0.500430
<May23-2026> <12:30:51>  >>>> CORORT
<May23-2026> <12:30:51>  >>>> CLSMAT
<May23-2026> <12:30:51>  >>>> ORTHON
<May23-2026> <12:30:51>  >>>> GENPT
<May23-2026> <12:30:51>  Block Length= 128
<May23-2026> <12:30:51>  >>>> PTBAS
<May23-2026> <12:30:52>  >>>> CYCLE
<May23-2026> <12:30:53>  using orbital data from restart file
<May23-2026> <12:30:55>              |Error|         MaxErr       Wt(A-DIIS)
<May23-2026> <12:30:55>      1      0.20229879      0.03106535
<May23-2026> <12:30:57>      2      0.02266405      0.00180698    100.0
<May23-2026> <12:30:59>      3      0.04692717      0.00414734    100.0
<May23-2026> <12:31:02>      4      0.01254033      0.00114928      0.2
<May23-2026> <12:31:04>      5      0.00579095      0.00080582      0.0
<May23-2026> <12:31:06>      6      0.00241882      0.00023452      0.0
<May23-2026> <12:31:09>      7      0.00076192      0.00005881      0.0
<May23-2026> <12:31:11>      8      0.00028781      0.00002622      0.0
<May23-2026> <12:31:13>      9      0.00009919      0.00000736      0.0
<May23-2026> <12:31:15>     10      0.00001950      0.00000204      0.0
<May23-2026> <12:31:18>     11      0.00000505      0.00000065      0.0
<May23-2026> <12:31:18>  SCF converged
<May23-2026> <12:31:20>     12      0.00000175      0.00000019      0.0
<May23-2026> <12:31:21>  >>>> TOTEN
<May23-2026> <12:31:24>  >>>> POPAN
<May23-2026> <12:31:24>  >>>> DEBYE
<May23-2026> <12:31:24>  >>>> ENGRAD
<May23-2026> <12:31:27>  current energy                               -1.13300655 Hartree
<May23-2026> <12:31:27>  energy change                      -0.00007944     0.00006000    F
<May23-2026> <12:31:27>  constrained gradient max            0.02014923     0.00100000    F
<May23-2026> <12:31:27>  constrained gradient rms            0.00612368     0.00066667    F
<May23-2026> <12:31:27>  gradient max                        0.02014923
<May23-2026> <12:31:27>  gradient rms                        0.00612368
<May23-2026> <12:31:27>  cart. step max                      0.02317889     0.01000000    F
<May23-2026> <12:31:27>  cart. step rms                      0.01036150     0.00666667    F
<May23-2026> <12:31:27>  Iteration 5
<May23-2026> <12:31:27>  *** GO1_GOStep5 ***
<May23-2026> <12:31:27>  >>>> FRAGM
<May23-2026> <12:31:27>  Coordinates
<May23-2026> <12:31:27>     Atom         X           Y           Z   (Angstrom)
<May23-2026> <12:31:27>     1.C         1.199560    1.224485   -0.227445
<May23-2026> <12:31:27>     2.C         1.380643   -0.169346    0.076751
<May23-2026> <12:31:27>     3.Br        2.129255   -0.421865    1.940799
<May23-2026> <12:31:27>     4.O         1.152167   -1.120703   -0.632710
<May23-2026> <12:31:27>     5.H         0.802738    1.481075   -1.207842
<May23-2026> <12:31:27>     6.H         1.428238    1.994102    0.499560
<May23-2026> <12:31:27>  >>>> CORORT
<May23-2026> <12:31:27>  >>>> CLSMAT
<May23-2026> <12:31:27>  >>>> ORTHON
<May23-2026> <12:31:27>  >>>> GENPT
<May23-2026> <12:31:27>  Block Length= 128
<May23-2026> <12:31:27>  >>>> PTBAS
<May23-2026> <12:31:28>  >>>> CYCLE
<May23-2026> <12:31:29>  using orbital data from restart file
<May23-2026> <12:31:31>              |Error|         MaxErr       Wt(A-DIIS)
<May23-2026> <12:31:31>      1      0.14591242      0.02650645
<May23-2026> <12:31:33>      2      0.02081270      0.00294806    100.0
<May23-2026> <12:31:35>      3      0.07425651      0.01008544    100.0
<May23-2026> <12:31:38>      4      0.02318451      0.00324967      2.3
<May23-2026> <12:31:40>      5      0.00375262      0.00035260      0.0
<May23-2026> <12:31:42>      6      0.00137035      0.00012569      0.0
<May23-2026> <12:31:44>      7      0.00054330      0.00004542      0.0
<May23-2026> <12:31:47>      8      0.00015109      0.00001203      0.0
<May23-2026> <12:31:49>      9      0.00008284      0.00000767      0.0
<May23-2026> <12:31:51>     10      0.00001377      0.00000158      0.0
<May23-2026> <12:31:54>     11      0.00000506      0.00000067      0.0
<May23-2026> <12:31:54>  SCF converged
<May23-2026> <12:31:56>     12      0.00000149      0.00000020      0.0
<May23-2026> <12:31:56>  >>>> TOTEN
<May23-2026> <12:32:00>  >>>> POPAN
<May23-2026> <12:32:00>  >>>> DEBYE
<May23-2026> <12:32:00>  >>>> ENGRAD
<May23-2026> <12:32:02>  current energy                               -1.13329072 Hartree
<May23-2026> <12:32:02>  energy change                      -0.00028417     0.00006000    F
<May23-2026> <12:32:02>  constrained gradient max            0.01289593     0.00100000    F
<May23-2026> <12:32:02>  constrained gradient rms            0.00446112     0.00066667    F
<May23-2026> <12:32:02>  gradient max                        0.01289593
<May23-2026> <12:32:02>  gradient rms                        0.00446112
<May23-2026> <12:32:02>  cart. step max                      0.00718713     0.01000000    T
<May23-2026> <12:32:02>  cart. step rms                      0.00356321     0.00666667    T
<May23-2026> <12:32:02>  Iteration 6
<May23-2026> <12:32:02>  *** GO1_GOStep6 ***
<May23-2026> <12:32:02>  >>>> FRAGM
<May23-2026> <12:32:02>  Coordinates
<May23-2026> <12:32:02>     Atom         X           Y           Z   (Angstrom)
<May23-2026> <12:32:02>     1.C         1.195857    1.224302   -0.228293
<May23-2026> <12:32:02>     2.C         1.383335   -0.167278    0.071620
<May23-2026> <12:32:02>     3.Br        2.126454   -0.423149    1.947674
<May23-2026> <12:32:02>     4.O         1.154975   -1.118031   -0.632470
<May23-2026> <12:32:02>     5.H         0.796555    1.481213   -1.207364
<May23-2026> <12:32:02>     6.H         1.435425    1.990690    0.497945
<May23-2026> <12:32:02>  >>>> CORORT
<May23-2026> <12:32:02>  >>>> CLSMAT
<May23-2026> <12:32:03>  >>>> ORTHON
<May23-2026> <12:32:03>  >>>> GENPT
<May23-2026> <12:32:03>  Block Length= 128
<May23-2026> <12:32:03>  >>>> PTBAS
<May23-2026> <12:32:03>  >>>> CYCLE
<May23-2026> <12:32:05>  using orbital data from restart file
<May23-2026> <12:32:06>              |Error|         MaxErr       Wt(A-DIIS)
<May23-2026> <12:32:06>      1      0.05753209      0.00858222
<May23-2026> <12:32:09>      2      0.01495880      0.00168326    100.0
<May23-2026> <12:32:11>      3      0.01140225      0.00122300    100.0
<May23-2026> <12:32:13>      4      0.04570247      0.00566600    100.0
<May23-2026> <12:32:15>      5      0.01473364      0.00166096    100.0
<May23-2026> <12:32:17>      6      0.00119660      0.00009733      0.0
<May23-2026> <12:32:20>      7      0.00036131      0.00002912      0.0
<May23-2026> <12:32:22>      8      0.00017622      0.00001761      0.0
<May23-2026> <12:32:24>      9      0.00006846      0.00000672      0.0
<May23-2026> <12:32:26>     10      0.00000834      0.00000067      0.0
<May23-2026> <12:32:27>  SCF converged
<May23-2026> <12:32:29>     11      0.00000341      0.00000041      0.0
<May23-2026> <12:32:29>  >>>> TOTEN
<May23-2026> <12:32:32>  >>>> POPAN
<May23-2026> <12:32:32>  >>>> DEBYE
<May23-2026> <12:32:32>  >>>> ENGRAD
<May23-2026> <12:32:35>  current energy                               -1.13338870 Hartree
<May23-2026> <12:32:35>  energy change                      -0.00009798     0.00006000    F
<May23-2026> <12:32:35>  constrained gradient max            0.00824554     0.00100000    F
<May23-2026> <12:32:35>  constrained gradient rms            0.00301935     0.00066667    F
<May23-2026> <12:32:35>  gradient max                        0.00824554
<May23-2026> <12:32:35>  gradient rms                        0.00301935
<May23-2026> <12:32:35>  cart. step max                      0.00908668     0.01000000    T
<May23-2026> <12:32:35>  cart. step rms                      0.00460017     0.00666667    T
<May23-2026> <12:32:35>  Iteration 7
<May23-2026> <12:32:35>  *** GO1_GOStep7 ***
<May23-2026> <12:32:35>  >>>> FRAGM
<May23-2026> <12:32:35>  Coordinates
<May23-2026> <12:32:35>     Atom         X           Y           Z   (Angstrom)
<May23-2026> <12:32:35>     1.C         1.194294    1.223621   -0.229521
<May23-2026> <12:32:35>     2.C         1.383070   -0.163964    0.064240
<May23-2026> <12:32:35>     3.Br        2.123420   -0.420166    1.956761
<May23-2026> <12:32:35>     4.O         1.158701   -1.118841   -0.635272
<May23-2026> <12:32:35>     5.H         0.788616    1.482344   -1.204913
<May23-2026> <12:32:35>     6.H         1.444501    1.984755    0.497817
<May23-2026> <12:32:35>  >>>> CORORT
<May23-2026> <12:32:35>  >>>> CLSMAT
<May23-2026> <12:32:35>  >>>> ORTHON
<May23-2026> <12:32:35>  >>>> GENPT
<May23-2026> <12:32:35>  Block Length= 128
<May23-2026> <12:32:36>  >>>> PTBAS
<May23-2026> <12:32:36>  >>>> CYCLE
<May23-2026> <12:32:38>  using orbital data from restart file
<May23-2026> <12:32:39>              |Error|         MaxErr       Wt(A-DIIS)
<May23-2026> <12:32:39>      1      0.07300118      0.00999806
<May23-2026> <12:32:41>      2      0.01582579      0.00163441    100.0
<May23-2026> <12:32:44>      3      0.06054065      0.00736789    100.0
<May23-2026> <12:32:46>      4      0.01928401      0.00204252    100.0
<May23-2026> <12:32:48>      5      0.00137202      0.00011768      0.0
<May23-2026> <12:32:50>      6      0.00057314      0.00005378      0.0
<May23-2026> <12:32:52>      7      0.00032462      0.00003307      0.0
<May23-2026> <12:32:55>      8      0.00004724      0.00000401      0.0
<May23-2026> <12:32:57>      9      0.00001046      0.00000099      0.0
<May23-2026> <12:32:59>     10      0.00000467      0.00000044      0.0
<May23-2026> <12:33:00>  SCF converged
<May23-2026> <12:33:02>     11      0.00000092      0.00000007      0.0
<May23-2026> <12:33:02>  >>>> TOTEN
<May23-2026> <12:33:05>  >>>> POPAN
<May23-2026> <12:33:05>  >>>> DEBYE
<May23-2026> <12:33:05>  >>>> ENGRAD
<May23-2026> <12:33:08>  current energy                               -1.13345175 Hartree
<May23-2026> <12:33:08>  energy change                      -0.00006305     0.00006000    F
<May23-2026> <12:33:08>  constrained gradient max            0.00240227     0.00100000    F
<May23-2026> <12:33:08>  constrained gradient rms            0.00093209     0.00066667    F
<May23-2026> <12:33:08>  gradient max                        0.00240227
<May23-2026> <12:33:08>  gradient rms                        0.00093209
<May23-2026> <12:33:08>  cart. step max                      0.00298315     0.01000000    T
<May23-2026> <12:33:08>  cart. step rms                      0.00138150     0.00666667    T
<May23-2026> <12:33:08>  Iteration 8
<May23-2026> <12:33:08>  *** GO1_GOStep8 ***
<May23-2026> <12:33:08>  >>>> FRAGM
<May23-2026> <12:33:08>  Coordinates
<May23-2026> <12:33:08>     Atom         X           Y           Z   (Angstrom)
<May23-2026> <12:33:08>     1.C         1.192579    1.222634   -0.228663
<May23-2026> <12:33:08>     2.C         1.380087   -0.164397    0.063009
<May23-2026> <12:33:08>     3.Br        2.124532   -0.417887    1.958144
<May23-2026> <12:33:08>     4.O         1.159753   -1.119808   -0.636716
<May23-2026> <12:33:08>     5.H         0.789719    1.483676   -1.204731
<May23-2026> <12:33:08>     6.H         1.445932    1.983531    0.498068
<May23-2026> <12:33:08>  >>>> CORORT
<May23-2026> <12:33:08>  >>>> CLSMAT
<May23-2026> <12:33:08>  >>>> ORTHON
<May23-2026> <12:33:08>  >>>> GENPT
<May23-2026> <12:33:08>  Block Length= 128
<May23-2026> <12:33:09>  >>>> PTBAS
<May23-2026> <12:33:09>  >>>> CYCLE
<May23-2026> <12:33:11>  using orbital data from restart file
<May23-2026> <12:33:12>              |Error|         MaxErr       Wt(A-DIIS)
<May23-2026> <12:33:12>      1      0.02282922      0.00353434
<May23-2026> <12:33:14>      2      0.00471334      0.00052703    100.0
<May23-2026> <12:33:17>      3      0.01863748      0.00238040    100.0
<May23-2026> <12:33:19>      4      0.00619660      0.00074192      0.0
<May23-2026> <12:33:21>      5      0.00063064      0.00006374      0.0
<May23-2026> <12:33:24>      6      0.00017291      0.00001641      0.0
<May23-2026> <12:33:26>      7      0.00010699      0.00001027      0.0
<May23-2026> <12:33:28>      8      0.00001961      0.00000214      0.0
<May23-2026> <12:33:30>      9      0.00000814      0.00000113      0.0
<May23-2026> <12:33:33>     10      0.00000158      0.00000011      0.0
<May23-2026> <12:33:33>  SCF converged
<May23-2026> <12:33:35>     11      0.00000059      0.00000007      0.0
<May23-2026> <12:33:35>  >>>> TOTEN
<May23-2026> <12:33:38>  >>>> POPAN
<May23-2026> <12:33:38>  >>>> DEBYE
<May23-2026> <12:33:38>  >>>> ENGRAD
<May23-2026> <12:33:41>  current energy                               -1.13345827 Hartree
<May23-2026> <12:33:41>  energy change                      -0.00000652     0.00006000    T
<May23-2026> <12:33:41>  constrained gradient max            0.00112429     0.00100000    F
<May23-2026> <12:33:41>  constrained gradient rms            0.00040002     0.00066667    T
<May23-2026> <12:33:41>  gradient max                        0.00112429
<May23-2026> <12:33:41>  gradient rms                        0.00040002
<May23-2026> <12:33:41>  cart. step max                      0.00115580     0.01000000    T
<May23-2026> <12:33:41>  cart. step rms                      0.00055386     0.00666667    T
<May23-2026> <12:33:41>  Iteration 9
<May23-2026> <12:33:41>  *** GO1_GOStep9 ***
<May23-2026> <12:33:41>  >>>> FRAGM
<May23-2026> <12:33:41>  Coordinates
<May23-2026> <12:33:41>     Atom         X           Y           Z   (Angstrom)
<May23-2026> <12:33:41>     1.C         1.193052    1.222088   -0.228543
<May23-2026> <12:33:41>     2.C         1.379367   -0.164618    0.062858
<May23-2026> <12:33:41>     3.Br        2.125367   -0.417444    1.958127
<May23-2026> <12:33:41>     4.O         1.159270   -1.120351   -0.636826
<May23-2026> <12:33:41>     5.H         0.790769    1.484368   -1.204652
<May23-2026> <12:33:41>     6.H         1.444776    1.983706    0.498147
<May23-2026> <12:33:41>  >>>> CORORT
<May23-2026> <12:33:41>  >>>> CLSMAT
<May23-2026> <12:33:41>  >>>> ORTHON
<May23-2026> <12:33:41>  >>>> GENPT
<May23-2026> <12:33:42>  Block Length= 128
<May23-2026> <12:33:42>  >>>> PTBAS
<May23-2026> <12:33:42>  >>>> CYCLE
<May23-2026> <12:33:44>  using orbital data from restart file
<May23-2026> <12:33:45>              |Error|         MaxErr       Wt(A-DIIS)
<May23-2026> <12:33:45>      1      0.00714021      0.00141408
<May23-2026> <12:33:48>      2      0.00062015      0.00005347    100.0
<May23-2026> <12:33:50>      3      0.00184647      0.00020925    100.0
<May23-2026> <12:33:52>      4      0.00044483      0.00003209      0.0
<May23-2026> <12:33:54>      5      0.00013251      0.00001094      0.0
<May23-2026> <12:33:56>      6      0.00005289      0.00000507      0.0
<May23-2026> <12:33:59>      7      0.00003266      0.00000339      0.0
<May23-2026> <12:34:01>      8      0.00000726      0.00000069      0.0
<May23-2026> <12:34:01>  SCF converged
<May23-2026> <12:34:03>      9      0.00000150      0.00000013      0.0
<May23-2026> <12:34:04>  >>>> TOTEN
<May23-2026> <12:34:07>  >>>> POPAN
<May23-2026> <12:34:07>  >>>> DEBYE
<May23-2026> <12:34:07>  >>>> ENGRAD
<May23-2026> <12:34:10>  current energy                               -1.13345945 Hartree
<May23-2026> <12:34:10>  energy change                      -0.00000118     0.00006000    T
<May23-2026> <12:34:10>  constrained gradient max            0.00029384     0.00100000    T
<May23-2026> <12:34:10>  constrained gradient rms            0.00012870     0.00066667    T
<May23-2026> <12:34:10>  gradient max                        0.00029384
<May23-2026> <12:34:10>  gradient rms                        0.00012870
<May23-2026> <12:34:10>  cart. step max                      0.00126524     0.01000000    T
<May23-2026> <12:34:10>  cart. step rms                      0.00050849     0.00666667    T
<May23-2026> <12:34:10>  Geometry optimization converged
<May23-2026> <12:34:10>  *** adf ***
<May23-2026> <12:34:10>  Net Charge: 0 (Nuclei minus Electrons)
<May23-2026> <12:34:10>  Spin polar: 1 (Spin_A minus Spin_B electrons)
<May23-2026> <12:34:10>  Symmetry  : NOSYM
<May23-2026> <12:34:10>  >>>> FRAGM
<May23-2026> <12:34:10>  Coordinates
<May23-2026> <12:34:10>     Atom         X           Y           Z   (Angstrom)
<May23-2026> <12:34:10>     1.C         1.193052    1.222088   -0.228543
<May23-2026> <12:34:10>     2.C         1.379367   -0.164618    0.062858
<May23-2026> <12:34:10>     3.Br        2.125367   -0.417444    1.958127
<May23-2026> <12:34:10>     4.O         1.159270   -1.120351   -0.636826
<May23-2026> <12:34:10>     5.H         0.790769    1.484368   -1.204652
<May23-2026> <12:34:10>     6.H         1.444776    1.983706    0.498147
<May23-2026> <12:34:10>  >>>> CORORT
<May23-2026> <12:34:10>  >>>> CLSMAT
<May23-2026> <12:34:10>  >>>> ORTHON
<May23-2026> <12:34:10>  >>>> GENPT
<May23-2026> <12:34:10>  Block Length= 128
<May23-2026> <12:34:10>  >>>> PTBAS
<May23-2026> <12:34:11>  >>>> CYCLE
<May23-2026> <12:34:12>  using orbital data from restart file
<May23-2026> <12:34:14>              |Error|         MaxErr       Wt(A-DIIS)
<May23-2026> <12:34:14>      1      0.00000062      0.00000007
<May23-2026> <12:34:16>      2      0.00000179      0.00000022    100.0
<May23-2026> <12:34:16>  SCF converged
<May23-2026> <12:34:18>      3      0.00000705      0.00000095    100.0
<May23-2026> <12:34:20>  >>>> TOTEN
<May23-2026> <12:34:25>  >>>> POPAN
<May23-2026> <12:34:26>  >>>> DEBYE
<May23-2026> <12:34:26>  >>>> AMETS
<May23-2026> <12:34:26>   Bond Energy          -1.13345946 a.u.
<May23-2026> <12:34:26>   Bond Energy         -30.84300108 eV
<May23-2026> <12:34:26>   Bond Energy        -711.26       kcal/mol
<May23-2026> <12:34:26>  >>>> POPUL
<May23-2026> <12:34:26>  >>>> ENGRAD
<May23-2026> <12:34:28>  NORMAL TERMINATION
