<May23-2026> <13:35:52>  AMS 2026.103  RunTime: May23-2026 13:35:52  ShM Nodes: 1  Procs: 1
<May23-2026> <13:35:52>  ADF 2026.103  RunTime: May23-2026 13:35:52  ShM Nodes: 1  Procs: 1
<May23-2026> <13:35:52>  *** (NO TITLE) ***
<May23-2026> <13:35:52>  DIRAC 2026.103  RunTime: May23-2026 13:35:52  ShM Nodes: 1  Procs: 1
<May23-2026> <13:35:52>  Carbon (TZ2P)
<May23-2026> <13:35:52>  Net Charge: 0 (Nuclei minus Electrons)
<May23-2026> <13:35:52>  Symmetry  : ATOM
<May23-2026> <13:35:52>  Coordinates
<May23-2026> <13:35:52>     Atom         X           Y           Z   (Angstrom)
<May23-2026> <13:35:52>     1.C         0.000000    0.000000    0.000000
<May23-2026> <13:35:52>  >>>> CORORT
<May23-2026> <13:35:52>  >>>> CLSMAT
<May23-2026> <13:35:52>  >>>> ORTHON
<May23-2026> <13:35:52>  >>>> GENPT
<May23-2026> <13:35:52>  Block Length=  72
<May23-2026> <13:35:52>  >>>> PTBAS
<May23-2026> <13:35:52>  >>>> CYCLE
<May23-2026> <13:35:53>              |Error|         MaxErr       Wt(A-DIIS)
<May23-2026> <13:35:53>      1      0.00000000      0.00000000
<May23-2026> <13:35:53>      2      4.48450606      3.33074448    100.0
<May23-2026> <13:35:53>      3      1.63845963      1.31677840    100.0
<May23-2026> <13:35:53>      4      0.72237885      0.58090812    100.0
<May23-2026> <13:35:53>      5      0.41341516      0.32921223    100.0
<May23-2026> <13:35:53>      6      0.12634980      0.09661242     96.6
<May23-2026> <13:35:53>      7      0.11511849      0.08978748     89.7
<May23-2026> <13:35:53>      8      0.00670007      0.00519977      4.2
<May23-2026> <13:35:53>      9      0.00022181      0.00016825      0.0
<May23-2026> <13:35:53>     10      0.00000199      0.00000135      0.0
<May23-2026> <13:35:53>     11      0.00000002      0.00000001      0.0
<May23-2026> <13:35:53>     12      0.00000000      0.00000000      0.0
<May23-2026> <13:35:53>  SCF converged
<May23-2026> <13:35:53>     13      0.00000000      0.00000000      0.0
<May23-2026> <13:35:53>  >>>> POPAN
<May23-2026> <13:35:53>  >>>> DEBYE
<May23-2026> <13:35:53>  DIRAC 2026.103  RunTime: May23-2026 13:35:53  ShM Nodes: 1  Procs: 1
<May23-2026> <13:35:53>  Hydrogen (TZ2P)
<May23-2026> <13:35:53>  Net Charge: 0 (Nuclei minus Electrons)
<May23-2026> <13:35:53>  Symmetry  : ATOM
<May23-2026> <13:35:53>  Coordinates
<May23-2026> <13:35:53>     Atom         X           Y           Z   (Angstrom)
<May23-2026> <13:35:53>     1.H         0.000000    0.000000    0.000000
<May23-2026> <13:35:53>  >>>> CORORT
<May23-2026> <13:35:53>  >>>> CLSMAT
<May23-2026> <13:35:53>  >>>> ORTHON
<May23-2026> <13:35:53>  >>>> GENPT
<May23-2026> <13:35:53>  Block Length=  64
<May23-2026> <13:35:53>  >>>> PTBAS
<May23-2026> <13:35:53>  >>>> CYCLE
<May23-2026> <13:35:53>              |Error|         MaxErr       Wt(A-DIIS)
<May23-2026> <13:35:53>      1      0.00000000      0.00000000
<May23-2026> <13:35:53>      2      0.03100426      0.02644614
<May23-2026> <13:35:53>      3      0.00958086      0.00932931    100.0
<May23-2026> <13:35:53>      4      0.00232128      0.00228673      1.3
<May23-2026> <13:35:53>      5      0.00003156      0.00002984      0.0
<May23-2026> <13:35:53>      6      0.00000096      0.00000091      0.0
<May23-2026> <13:35:53>      7      0.00000000      0.00000000      0.0
<May23-2026> <13:35:53>  SCF converged
<May23-2026> <13:35:53>      8      0.00000000      0.00000000      0.0
<May23-2026> <13:35:53>  >>>> POPAN
<May23-2026> <13:35:53>  >>>> DEBYE
<May23-2026> <13:35:53>  *** adf ***
<May23-2026> <13:35:53>  Net Charge: 0 (Nuclei minus Electrons)
<May23-2026> <13:35:53>  Spin polar: -1 (Spin_A minus Spin_B electrons)
<May23-2026> <13:35:53>  Symmetry  : NOSYM
<May23-2026> <13:35:53>  >>>> FRAGM
<May23-2026> <13:35:53>  Coordinates
<May23-2026> <13:35:53>     Atom         X           Y           Z   (Angstrom)
<May23-2026> <13:35:53>     1.C         1.373233   -0.968753    0.636027
<May23-2026> <13:35:53>     2.C         1.471011   -0.512987   -0.674911
<May23-2026> <13:35:53>     3.C         0.905780    0.692672   -1.004633
<May23-2026> <13:35:53>     4.H         1.366037   -0.263015    1.454625
<May23-2026> <13:35:53>     5.H         1.722852   -1.958771    0.888322
<May23-2026> <13:35:53>     6.H         1.686776   -1.226732   -1.459691
<May23-2026> <13:35:53>     7.H         0.811478    1.472952   -0.260848
<May23-2026> <13:35:53>     8.H         0.878512    1.029696   -2.032274
<May23-2026> <13:35:53>  >>>> CORORT
<May23-2026> <13:35:53>  >>>> CLSMAT
<May23-2026> <13:35:53>  >>>> ORTHON
<May23-2026> <13:35:53>  >>>> GENPT
<May23-2026> <13:35:54>  Block Length= 128
<May23-2026> <13:35:54>  >>>> PTBAS
<May23-2026> <13:35:55>  >>>> CYCLE
<May23-2026> <13:35:58>              |Error|         MaxErr       Wt(A-DIIS)
<May23-2026> <13:35:58>      1      4.09980551      0.50505904
<May23-2026> <13:36:01>      2      0.79927764      0.09610227    100.0
<May23-2026> <13:36:04>      3      0.71410476      0.08509725    100.0
<May23-2026> <13:36:07>      4      1.06466483      0.13585910    100.0
<May23-2026> <13:36:10>      5      0.16042811      0.01950007     18.7
<May23-2026> <13:36:13>      6      0.07412311      0.01061546      9.7
<May23-2026> <13:36:15>      7      0.01918511      0.00350454      2.5
<May23-2026> <13:36:18>      8      0.00486544      0.00094012      0.0
<May23-2026> <13:36:21>      9      0.00528092      0.00072643      0.0
<May23-2026> <13:36:24>     10      0.00096085      0.00016664      0.0
<May23-2026> <13:36:27>     11      0.00012327      0.00002060      0.0
<May23-2026> <13:36:30>     12      0.00002467      0.00000465      0.0
<May23-2026> <13:36:33>     13      0.00000713      0.00000084      0.0
<May23-2026> <13:36:33>  SCF converged
<May23-2026> <13:36:36>     14      0.00000274      0.00000033      0.0
<May23-2026> <13:36:38>  >>>> TOTEN
<May23-2026> <13:36:45>  >>>> POPAN
<May23-2026> <13:36:45>  >>>> DEBYE
<May23-2026> <13:36:45>  >>>> AMETS
<May23-2026> <13:36:45>   Bond Energy          -1.53307744 a.u.
<May23-2026> <13:36:45>   Bond Energy         -41.71715964 eV
<May23-2026> <13:36:45>   Bond Energy        -962.02       kcal/mol
<May23-2026> <13:36:45>  >>>> POPUL
<May23-2026> <13:36:45>  NORMAL TERMINATION
