<May23-2026> <13:34:23>  AMS 2026.103  RunTime: May23-2026 13:34:23  ShM Nodes: 1  Procs: 1
<May23-2026> <13:34:23>  ADF 2026.103  RunTime: May23-2026 13:34:23  ShM Nodes: 1  Procs: 1
<May23-2026> <13:34:23>  *** (NO TITLE) ***
<May23-2026> <13:34:23>  DIRAC 2026.103  RunTime: May23-2026 13:34:23  ShM Nodes: 1  Procs: 1
<May23-2026> <13:34:23>  Carbon (TZ2P)
<May23-2026> <13:34:23>  Net Charge: 0 (Nuclei minus Electrons)
<May23-2026> <13:34:23>  Symmetry  : ATOM
<May23-2026> <13:34:23>  Coordinates
<May23-2026> <13:34:23>     Atom         X           Y           Z   (Angstrom)
<May23-2026> <13:34:23>     1.C         0.000000    0.000000    0.000000
<May23-2026> <13:34:23>  >>>> CORORT
<May23-2026> <13:34:23>  >>>> CLSMAT
<May23-2026> <13:34:23>  >>>> ORTHON
<May23-2026> <13:34:23>  >>>> GENPT
<May23-2026> <13:34:23>  Block Length=  72
<May23-2026> <13:34:23>  >>>> PTBAS
<May23-2026> <13:34:23>  >>>> CYCLE
<May23-2026> <13:34:23>              |Error|         MaxErr       Wt(A-DIIS)
<May23-2026> <13:34:23>      1      0.00000000      0.00000000
<May23-2026> <13:34:23>      2      4.48450606      3.33074448    100.0
<May23-2026> <13:34:23>      3      1.63845963      1.31677840    100.0
<May23-2026> <13:34:23>      4      0.72237885      0.58090812    100.0
<May23-2026> <13:34:23>      5      0.41341516      0.32921223    100.0
<May23-2026> <13:34:23>      6      0.12634980      0.09661242     96.6
<May23-2026> <13:34:23>      7      0.11511849      0.08978748     89.7
<May23-2026> <13:34:24>      8      0.00670007      0.00519977      4.2
<May23-2026> <13:34:24>      9      0.00022181      0.00016825      0.0
<May23-2026> <13:34:24>     10      0.00000199      0.00000135      0.0
<May23-2026> <13:34:24>     11      0.00000002      0.00000001      0.0
<May23-2026> <13:34:24>     12      0.00000000      0.00000000      0.0
<May23-2026> <13:34:24>  SCF converged
<May23-2026> <13:34:24>     13      0.00000000      0.00000000      0.0
<May23-2026> <13:34:24>  >>>> POPAN
<May23-2026> <13:34:24>  >>>> DEBYE
<May23-2026> <13:34:24>  DIRAC 2026.103  RunTime: May23-2026 13:34:24  ShM Nodes: 1  Procs: 1
<May23-2026> <13:34:24>  Nitrogen (TZ2P)
<May23-2026> <13:34:24>  Net Charge: 0 (Nuclei minus Electrons)
<May23-2026> <13:34:24>  Symmetry  : ATOM
<May23-2026> <13:34:24>  Coordinates
<May23-2026> <13:34:24>     Atom         X           Y           Z   (Angstrom)
<May23-2026> <13:34:24>     1.N         0.000000    0.000000    0.000000
<May23-2026> <13:34:24>  >>>> CORORT
<May23-2026> <13:34:24>  >>>> CLSMAT
<May23-2026> <13:34:24>  >>>> ORTHON
<May23-2026> <13:34:24>  >>>> GENPT
<May23-2026> <13:34:24>  Block Length=  72
<May23-2026> <13:34:24>  >>>> PTBAS
<May23-2026> <13:34:24>  >>>> CYCLE
<May23-2026> <13:34:24>              |Error|         MaxErr       Wt(A-DIIS)
<May23-2026> <13:34:24>      1      0.00000000      0.00000000
<May23-2026> <13:34:24>      2      6.45729257      4.23539177    100.0
<May23-2026> <13:34:24>      3      2.50571754      1.95700843    100.0
<May23-2026> <13:34:24>      4      0.96362605      0.63264012    100.0
<May23-2026> <13:34:24>      5      0.84396078      0.57428330    100.0
<May23-2026> <13:34:24>      6      0.04722786      0.02274008     22.0
<May23-2026> <13:34:24>      7      0.01974997      0.01284703     12.0
<May23-2026> <13:34:24>      8      0.00262477      0.00176500      0.8
<May23-2026> <13:34:24>      9      0.00000692      0.00000491      0.0
<May23-2026> <13:34:24>     10      0.00000078      0.00000045      0.0
<May23-2026> <13:34:24>     11      0.00000001      0.00000000      0.0
<May23-2026> <13:34:24>  SCF converged
<May23-2026> <13:34:24>     12      0.00000000      0.00000000      0.0
<May23-2026> <13:34:24>  >>>> POPAN
<May23-2026> <13:34:24>  >>>> DEBYE
<May23-2026> <13:34:24>  DIRAC 2026.103  RunTime: May23-2026 13:34:24  ShM Nodes: 1  Procs: 1
<May23-2026> <13:34:24>  Oxygen (TZ2P)
<May23-2026> <13:34:24>  Net Charge: 0 (Nuclei minus Electrons)
<May23-2026> <13:34:24>  Symmetry  : ATOM
<May23-2026> <13:34:24>  Coordinates
<May23-2026> <13:34:24>     Atom         X           Y           Z   (Angstrom)
<May23-2026> <13:34:24>     1.O         0.000000    0.000000    0.000000
<May23-2026> <13:34:24>  >>>> CORORT
<May23-2026> <13:34:24>  >>>> CLSMAT
<May23-2026> <13:34:24>  >>>> ORTHON
<May23-2026> <13:34:24>  >>>> GENPT
<May23-2026> <13:34:24>  Block Length=  68
<May23-2026> <13:34:25>  >>>> PTBAS
<May23-2026> <13:34:25>  >>>> CYCLE
<May23-2026> <13:34:25>              |Error|         MaxErr       Wt(A-DIIS)
<May23-2026> <13:34:25>      1      0.00000000      0.00000000
<May23-2026> <13:34:25>      2      8.77379167      5.52456194    100.0
<May23-2026> <13:34:25>      3      3.58874259      2.50390796    100.0
<May23-2026> <13:34:25>      4      1.14813168      0.58304454    100.0
<May23-2026> <13:34:25>      5      1.52147762      0.84216884    100.0
<May23-2026> <13:34:25>      6      0.17958647      0.10470670    100.0
<May23-2026> <13:34:25>      7      0.20120374      0.11429590    100.0
<May23-2026> <13:34:25>      8      0.01711846      0.01004426      9.1
<May23-2026> <13:34:25>      9      0.00178953      0.00100777      0.0
<May23-2026> <13:34:25>     10      0.00000129      0.00000068      0.0
<May23-2026> <13:34:25>     11      0.00000005      0.00000002      0.0
<May23-2026> <13:34:25>     12      0.00000000      0.00000000      0.0
<May23-2026> <13:34:25>  SCF converged
<May23-2026> <13:34:25>     13      0.00000000      0.00000000      0.0
<May23-2026> <13:34:25>  >>>> POPAN
<May23-2026> <13:34:25>  >>>> DEBYE
<May23-2026> <13:34:25>  DIRAC 2026.103  RunTime: May23-2026 13:34:25  ShM Nodes: 1  Procs: 1
<May23-2026> <13:34:25>  Hydrogen (TZ2P)
<May23-2026> <13:34:25>  Net Charge: 0 (Nuclei minus Electrons)
<May23-2026> <13:34:25>  Symmetry  : ATOM
<May23-2026> <13:34:25>  Coordinates
<May23-2026> <13:34:25>     Atom         X           Y           Z   (Angstrom)
<May23-2026> <13:34:25>     1.H         0.000000    0.000000    0.000000
<May23-2026> <13:34:25>  >>>> CORORT
<May23-2026> <13:34:25>  >>>> CLSMAT
<May23-2026> <13:34:25>  >>>> ORTHON
<May23-2026> <13:34:25>  >>>> GENPT
<May23-2026> <13:34:25>  Block Length=  64
<May23-2026> <13:34:25>  >>>> PTBAS
<May23-2026> <13:34:25>  >>>> CYCLE
<May23-2026> <13:34:25>              |Error|         MaxErr       Wt(A-DIIS)
<May23-2026> <13:34:25>      1      0.00000000      0.00000000
<May23-2026> <13:34:25>      2      0.03100426      0.02644614
<May23-2026> <13:34:25>      3      0.00958086      0.00932931    100.0
<May23-2026> <13:34:25>      4      0.00232128      0.00228673      1.3
<May23-2026> <13:34:25>      5      0.00003156      0.00002984      0.0
<May23-2026> <13:34:25>      6      0.00000096      0.00000091      0.0
<May23-2026> <13:34:25>      7      0.00000000      0.00000000      0.0
<May23-2026> <13:34:25>  SCF converged
<May23-2026> <13:34:25>      8      0.00000000      0.00000000      0.0
<May23-2026> <13:34:25>  >>>> POPAN
<May23-2026> <13:34:25>  >>>> DEBYE
<May23-2026> <13:34:25>  *** adf ***
<May23-2026> <13:34:25>  Net Charge: 0 (Nuclei minus Electrons)
<May23-2026> <13:34:25>  Spin polar: 1 (Spin_A minus Spin_B electrons)
<May23-2026> <13:34:25>  Symmetry  : NOSYM
<May23-2026> <13:34:25>  >>>> FRAGM
<May23-2026> <13:34:25>  Coordinates
<May23-2026> <13:34:25>     Atom         X           Y           Z   (Angstrom)
<May23-2026> <13:34:25>     1.C        -1.245196    0.109399   -0.918684
<May23-2026> <13:34:25>     2.C        -1.104940   -0.326216    0.366854
<May23-2026> <13:34:25>     3.N        -1.417418    0.706801    1.433487
<May23-2026> <13:34:25>     4.O        -2.272249    1.532445    1.189755
<May23-2026> <13:34:25>     5.O        -0.773889    0.645367    2.457251
<May23-2026> <13:34:25>     6.O        -0.467153   -1.325764    0.756726
<May23-2026> <13:34:25>     7.H        -1.796195    1.013178   -1.127599
<May23-2026> <13:34:25>     8.H        -1.138638   -0.620273   -1.704407
<May23-2026> <13:34:25>  >>>> CORORT
<May23-2026> <13:34:25>  >>>> CLSMAT
<May23-2026> <13:34:26>  >>>> ORTHON
<May23-2026> <13:34:26>  >>>> GENPT
<May23-2026> <13:34:26>  Block Length= 128
<May23-2026> <13:34:26>  >>>> PTBAS
<May23-2026> <13:34:27>  >>>> CYCLE
<May23-2026> <13:34:32>              |Error|         MaxErr       Wt(A-DIIS)
<May23-2026> <13:34:32>      1      5.69037831      0.69715352
<May23-2026> <13:34:36>      2      1.08345092      0.09579328    100.0
<May23-2026> <13:34:39>      3      0.90254419      0.07811980    100.0
<May23-2026> <13:34:43>      4      2.27352584      0.22840194    100.0
<May23-2026> <13:34:47>      5      0.65941687      0.08671480     86.6
<May23-2026> <13:34:50>      6      0.85335811      0.08386601    100.0
<May23-2026> <13:34:54>      7      0.29376850      0.03660143     36.0
<May23-2026> <13:34:58>      8      0.20490600      0.02946699     28.8
<May23-2026> <13:35:02>      9      0.05441665      0.00512019      4.2
<May23-2026> <13:35:05>     10      0.00900434      0.00095240      0.0
<May23-2026> <13:35:09>     11      0.00340212      0.00042181      0.0
<May23-2026> <13:35:13>     12      0.00097855      0.00013797      0.0
<May23-2026> <13:35:17>     13      0.00048682      0.00004618      0.0
<May23-2026> <13:35:20>     14      0.00019101      0.00001515      0.0
<May23-2026> <13:35:24>     15      0.00005509      0.00000562      0.0
<May23-2026> <13:35:28>     16      0.00002146      0.00000202      0.0
<May23-2026> <13:35:32>     17      0.00002100      0.00000219      0.0
<May23-2026> <13:35:35>     18      0.00000378      0.00000041      0.0
<May23-2026> <13:35:36>  SCF converged
<May23-2026> <13:35:39>     19      0.00000265      0.00000028      0.0
<May23-2026> <13:35:43>  >>>> TOTEN
<May23-2026> <13:35:51>  >>>> POPAN
<May23-2026> <13:35:51>  >>>> DEBYE
<May23-2026> <13:35:51>  >>>> AMETS
<May23-2026> <13:35:51>   Bond Energy          -1.71762629 a.u.
<May23-2026> <13:35:51>   Bond Energy         -46.73898941 eV
<May23-2026> <13:35:51>   Bond Energy       -1077.83       kcal/mol
<May23-2026> <13:35:51>  >>>> POPUL
<May23-2026> <13:35:51>  NORMAL TERMINATION
