<May23-2026> <12:21:32>  AMS 2026.103  RunTime: May23-2026 12:21:32  ShM Nodes: 1  Procs: 1
<May23-2026> <12:21:32>  ADF 2026.103  RunTime: May23-2026 12:21:32  ShM Nodes: 1  Procs: 1
<May23-2026> <12:21:32>  *** (NO TITLE) ***
<May23-2026> <12:21:32>  DIRAC 2026.103  RunTime: May23-2026 12:21:32  ShM Nodes: 1  Procs: 1
<May23-2026> <12:21:32>  Carbon (TZ2P)
<May23-2026> <12:21:32>  Net Charge: 0 (Nuclei minus Electrons)
<May23-2026> <12:21:32>  Symmetry  : ATOM
<May23-2026> <12:21:32>  Coordinates
<May23-2026> <12:21:32>     Atom         X           Y           Z   (Angstrom)
<May23-2026> <12:21:32>     1.C         0.000000    0.000000    0.000000
<May23-2026> <12:21:32>  >>>> CORORT
<May23-2026> <12:21:32>  >>>> CLSMAT
<May23-2026> <12:21:32>  >>>> ORTHON
<May23-2026> <12:21:32>  >>>> GENPT
<May23-2026> <12:21:32>  Block Length=  72
<May23-2026> <12:21:32>  >>>> PTBAS
<May23-2026> <12:21:32>  >>>> CYCLE
<May23-2026> <12:21:32>              |Error|         MaxErr       Wt(A-DIIS)
<May23-2026> <12:21:32>      1      0.00000000      0.00000000
<May23-2026> <12:21:32>      2      4.48450606      3.33074448    100.0
<May23-2026> <12:21:32>      3      1.63845963      1.31677840    100.0
<May23-2026> <12:21:32>      4      0.72237885      0.58090812    100.0
<May23-2026> <12:21:32>      5      0.41341516      0.32921223    100.0
<May23-2026> <12:21:32>      6      0.12634980      0.09661242     96.6
<May23-2026> <12:21:32>      7      0.11511849      0.08978748     89.7
<May23-2026> <12:21:32>      8      0.00670007      0.00519977      4.2
<May23-2026> <12:21:32>      9      0.00022181      0.00016825      0.0
<May23-2026> <12:21:32>     10      0.00000199      0.00000135      0.0
<May23-2026> <12:21:32>     11      0.00000002      0.00000001      0.0
<May23-2026> <12:21:32>     12      0.00000000      0.00000000      0.0
<May23-2026> <12:21:32>  SCF converged
<May23-2026> <12:21:32>     13      0.00000000      0.00000000      0.0
<May23-2026> <12:21:33>  >>>> POPAN
<May23-2026> <12:21:33>  >>>> DEBYE
<May23-2026> <12:21:33>  DIRAC 2026.103  RunTime: May23-2026 12:21:33  ShM Nodes: 1  Procs: 1
<May23-2026> <12:21:33>  Hydrogen (TZ2P)
<May23-2026> <12:21:33>  Net Charge: 0 (Nuclei minus Electrons)
<May23-2026> <12:21:33>  Symmetry  : ATOM
<May23-2026> <12:21:33>  Coordinates
<May23-2026> <12:21:33>     Atom         X           Y           Z   (Angstrom)
<May23-2026> <12:21:33>     1.H         0.000000    0.000000    0.000000
<May23-2026> <12:21:33>  >>>> CORORT
<May23-2026> <12:21:33>  >>>> CLSMAT
<May23-2026> <12:21:33>  >>>> ORTHON
<May23-2026> <12:21:33>  >>>> GENPT
<May23-2026> <12:21:33>  Block Length=  64
<May23-2026> <12:21:33>  >>>> PTBAS
<May23-2026> <12:21:33>  >>>> CYCLE
<May23-2026> <12:21:33>              |Error|         MaxErr       Wt(A-DIIS)
<May23-2026> <12:21:33>      1      0.00000000      0.00000000
<May23-2026> <12:21:33>      2      0.03100426      0.02644614
<May23-2026> <12:21:33>      3      0.00958086      0.00932931    100.0
<May23-2026> <12:21:33>      4      0.00232128      0.00228673      1.3
<May23-2026> <12:21:33>      5      0.00003156      0.00002984      0.0
<May23-2026> <12:21:33>      6      0.00000096      0.00000091      0.0
<May23-2026> <12:21:33>      7      0.00000000      0.00000000      0.0
<May23-2026> <12:21:33>  SCF converged
<May23-2026> <12:21:33>      8      0.00000000      0.00000000      0.0
<May23-2026> <12:21:33>  >>>> POPAN
<May23-2026> <12:21:33>  >>>> DEBYE
<May23-2026> <12:21:33>  *** adf ***
<May23-2026> <12:21:33>  Net Charge: 0 (Nuclei minus Electrons)
<May23-2026> <12:21:33>  Spin polar: -1 (Spin_A minus Spin_B electrons)
<May23-2026> <12:21:33>  Symmetry  : NOSYM
<May23-2026> <12:21:33>  >>>> FRAGM
<May23-2026> <12:21:33>  Coordinates
<May23-2026> <12:21:33>     Atom         X           Y           Z   (Angstrom)
<May23-2026> <12:21:33>     1.C        -0.639291   -1.522299   -0.063032
<May23-2026> <12:21:33>     2.C        -1.335119   -0.339753    0.199219
<May23-2026> <12:21:33>     3.C        -0.978971    0.789994   -0.483133
<May23-2026> <12:21:33>     4.H        -0.843137   -2.407447    0.520964
<May23-2026> <12:21:33>     5.H        -0.292761   -1.714969   -1.069320
<May23-2026> <12:21:33>     6.H        -1.875231   -0.250120    1.132851
<May23-2026> <12:21:33>     7.H        -1.397434    1.753175   -0.224519
<May23-2026> <12:21:33>     8.H        -0.539842    0.719291   -1.469540
<May23-2026> <12:21:33>  >>>> CORORT
<May23-2026> <12:21:33>  >>>> CLSMAT
<May23-2026> <12:21:33>  >>>> ORTHON
<May23-2026> <12:21:33>  >>>> GENPT
<May23-2026> <12:21:33>  Block Length= 128
<May23-2026> <12:21:33>  >>>> PTBAS
<May23-2026> <12:21:34>  >>>> CYCLE
<May23-2026> <12:21:38>              |Error|         MaxErr       Wt(A-DIIS)
<May23-2026> <12:21:38>      1      4.10146568      0.50633884
<May23-2026> <12:21:41>      2      0.79975792      0.08586319    100.0
<May23-2026> <12:21:43>      3      0.71449845      0.07642848    100.0
<May23-2026> <12:21:46>      4      1.06581998      0.12981585    100.0
<May23-2026> <12:21:49>      5      0.16069724      0.01966787     18.9
<May23-2026> <12:21:52>      6      0.07441973      0.00794913      7.0
<May23-2026> <12:21:55>      7      0.01725427      0.00206908      1.1
<May23-2026> <12:21:58>      8      0.00501672      0.00068673      0.0
<May23-2026> <12:22:01>      9      0.00533715      0.00069179      0.0
<May23-2026> <12:22:03>     10      0.00093603      0.00015464      0.0
<May23-2026> <12:22:06>     11      0.00012544      0.00002524      0.0
<May23-2026> <12:22:09>     12      0.00002545      0.00000560      0.0
<May23-2026> <12:22:12>     13      0.00000747      0.00000088      0.0
<May23-2026> <12:22:13>  SCF converged
<May23-2026> <12:22:15>     14      0.00000282      0.00000035      0.0
<May23-2026> <12:22:18>  >>>> TOTEN
<May23-2026> <12:22:24>  >>>> POPAN
<May23-2026> <12:22:24>  >>>> DEBYE
<May23-2026> <12:22:24>  >>>> AMETS
<May23-2026> <12:22:24>   Bond Energy          -1.53210537 a.u.
<May23-2026> <12:22:24>   Bond Energy         -41.69070836 eV
<May23-2026> <12:22:24>   Bond Energy        -961.41       kcal/mol
<May23-2026> <12:22:24>  >>>> POPUL
<May23-2026> <12:22:24>  NORMAL TERMINATION
