<May23-2026> <11:47:26>  AMS 2026.103  RunTime: May23-2026 11:47:26  ShM Nodes: 1  Procs: 1
<May23-2026> <11:47:26>  ADF 2026.103  RunTime: May23-2026 11:47:26  ShM Nodes: 1  Procs: 1
<May23-2026> <11:47:26>  *** (NO TITLE) ***
<May23-2026> <11:47:26>  Iteration 1
<May23-2026> <11:47:26>  DIRAC 2026.103  RunTime: May23-2026 11:47:26  ShM Nodes: 1  Procs: 1
<May23-2026> <11:47:26>  Carbon (TZ2P)
<May23-2026> <11:47:26>  Net Charge: 0 (Nuclei minus Electrons)
<May23-2026> <11:47:26>  Symmetry  : ATOM
<May23-2026> <11:47:26>  Coordinates
<May23-2026> <11:47:26>     Atom         X           Y           Z   (Angstrom)
<May23-2026> <11:47:26>     1.C         0.000000    0.000000    0.000000
<May23-2026> <11:47:26>  >>>> CORORT
<May23-2026> <11:47:26>  >>>> CLSMAT
<May23-2026> <11:47:26>  >>>> ORTHON
<May23-2026> <11:47:26>  >>>> GENPT
<May23-2026> <11:47:26>  Block Length=  72
<May23-2026> <11:47:26>  >>>> PTBAS
<May23-2026> <11:47:26>  >>>> CYCLE
<May23-2026> <11:47:26>              |Error|         MaxErr       Wt(A-DIIS)
<May23-2026> <11:47:26>      1      0.00000000      0.00000000
<May23-2026> <11:47:26>      2      4.48450606      3.33074448    100.0
<May23-2026> <11:47:26>      3      1.63845963      1.31677840    100.0
<May23-2026> <11:47:26>      4      0.72237885      0.58090812    100.0
<May23-2026> <11:47:26>      5      0.41341516      0.32921223    100.0
<May23-2026> <11:47:26>      6      0.12634980      0.09661242     96.6
<May23-2026> <11:47:26>      7      0.11511849      0.08978748     89.7
<May23-2026> <11:47:26>      8      0.00670007      0.00519977      4.2
<May23-2026> <11:47:26>      9      0.00022181      0.00016825      0.0
<May23-2026> <11:47:26>     10      0.00000199      0.00000135      0.0
<May23-2026> <11:47:27>     11      0.00000002      0.00000001      0.0
<May23-2026> <11:47:27>     12      0.00000000      0.00000000      0.0
<May23-2026> <11:47:27>  SCF converged
<May23-2026> <11:47:27>     13      0.00000000      0.00000000      0.0
<May23-2026> <11:47:27>  >>>> POPAN
<May23-2026> <11:47:27>  >>>> DEBYE
<May23-2026> <11:47:27>  DIRAC 2026.103  RunTime: May23-2026 11:47:27  ShM Nodes: 1  Procs: 1
<May23-2026> <11:47:27>  Oxygen (TZ2P)
<May23-2026> <11:47:27>  Net Charge: 0 (Nuclei minus Electrons)
<May23-2026> <11:47:27>  Symmetry  : ATOM
<May23-2026> <11:47:27>  Coordinates
<May23-2026> <11:47:27>     Atom         X           Y           Z   (Angstrom)
<May23-2026> <11:47:27>     1.O         0.000000    0.000000    0.000000
<May23-2026> <11:47:27>  >>>> CORORT
<May23-2026> <11:47:27>  >>>> CLSMAT
<May23-2026> <11:47:27>  >>>> ORTHON
<May23-2026> <11:47:27>  >>>> GENPT
<May23-2026> <11:47:27>  Block Length=  68
<May23-2026> <11:47:27>  >>>> PTBAS
<May23-2026> <11:47:27>  >>>> CYCLE
<May23-2026> <11:47:27>              |Error|         MaxErr       Wt(A-DIIS)
<May23-2026> <11:47:27>      1      0.00000000      0.00000000
<May23-2026> <11:47:27>      2      8.77379167      5.52456194    100.0
<May23-2026> <11:47:27>      3      3.58874259      2.50390796    100.0
<May23-2026> <11:47:27>      4      1.14813168      0.58304454    100.0
<May23-2026> <11:47:27>      5      1.52147762      0.84216884    100.0
<May23-2026> <11:47:27>      6      0.17958647      0.10470670    100.0
<May23-2026> <11:47:27>      7      0.20120374      0.11429590    100.0
<May23-2026> <11:47:27>      8      0.01711846      0.01004426      9.1
<May23-2026> <11:47:27>      9      0.00178953      0.00100777      0.0
<May23-2026> <11:47:27>     10      0.00000129      0.00000068      0.0
<May23-2026> <11:47:27>     11      0.00000005      0.00000002      0.0
<May23-2026> <11:47:27>     12      0.00000000      0.00000000      0.0
<May23-2026> <11:47:27>  SCF converged
<May23-2026> <11:47:27>     13      0.00000000      0.00000000      0.0
<May23-2026> <11:47:27>  >>>> POPAN
<May23-2026> <11:47:27>  >>>> DEBYE
<May23-2026> <11:47:27>  DIRAC 2026.103  RunTime: May23-2026 11:47:27  ShM Nodes: 1  Procs: 1
<May23-2026> <11:47:27>  Hydrogen (TZ2P)
<May23-2026> <11:47:27>  Net Charge: 0 (Nuclei minus Electrons)
<May23-2026> <11:47:27>  Symmetry  : ATOM
<May23-2026> <11:47:27>  Coordinates
<May23-2026> <11:47:27>     Atom         X           Y           Z   (Angstrom)
<May23-2026> <11:47:27>     1.H         0.000000    0.000000    0.000000
<May23-2026> <11:47:27>  >>>> CORORT
<May23-2026> <11:47:27>  >>>> CLSMAT
<May23-2026> <11:47:27>  >>>> ORTHON
<May23-2026> <11:47:27>  >>>> GENPT
<May23-2026> <11:47:27>  Block Length=  64
<May23-2026> <11:47:27>  >>>> PTBAS
<May23-2026> <11:47:27>  >>>> CYCLE
<May23-2026> <11:47:28>              |Error|         MaxErr       Wt(A-DIIS)
<May23-2026> <11:47:28>      1      0.00000000      0.00000000
<May23-2026> <11:47:28>      2      0.03100426      0.02644614
<May23-2026> <11:47:28>      3      0.00958086      0.00932931    100.0
<May23-2026> <11:47:28>      4      0.00232128      0.00228673      1.3
<May23-2026> <11:47:28>      5      0.00003156      0.00002984      0.0
<May23-2026> <11:47:28>      6      0.00000096      0.00000091      0.0
<May23-2026> <11:47:28>      7      0.00000000      0.00000000      0.0
<May23-2026> <11:47:28>  SCF converged
<May23-2026> <11:47:28>      8      0.00000000      0.00000000      0.0
<May23-2026> <11:47:28>  >>>> POPAN
<May23-2026> <11:47:28>  >>>> DEBYE
<May23-2026> <11:47:28>  *** GO1_GOStep1 ***
<May23-2026> <11:47:28>  >>>> FRAGM
<May23-2026> <11:47:28>  Coordinates
<May23-2026> <11:47:28>     Atom         X           Y           Z   (Angstrom)
<May23-2026> <11:47:28>     1.C        -0.551600    1.289912    0.813459
<May23-2026> <11:47:28>     2.C        -1.061359    0.049458    0.506805
<May23-2026> <11:47:28>     3.C        -1.792233   -0.200348   -0.776784
<May23-2026> <11:47:28>     4.O        -0.709481   -0.976303    1.196112
<May23-2026> <11:47:28>     5.H        -0.866201    2.158424    0.249108
<May23-2026> <11:47:28>     6.H        -0.173053    1.466035    1.808374
<May23-2026> <11:47:28>     7.H        -1.173210   -0.803992   -1.444518
<May23-2026> <11:47:28>     8.H        -2.696252   -0.773075   -0.578374
<May23-2026> <11:47:28>     9.H        -2.060887    0.721601   -1.286380
<May23-2026> <11:47:28>  >>>> CORORT
<May23-2026> <11:47:28>  >>>> CLSMAT
<May23-2026> <11:47:28>  >>>> ORTHON
<May23-2026> <11:47:28>  >>>> GENPT
<May23-2026> <11:47:28>  Block Length= 128
<May23-2026> <11:47:28>  >>>> PTBAS
<May23-2026> <11:47:29>  >>>> CYCLE
<May23-2026> <11:47:34>              |Error|         MaxErr       Wt(A-DIIS)
<May23-2026> <11:47:34>      1      4.68675452      0.48199519
<May23-2026> <11:47:38>      2      0.92145409      0.09448905    100.0
<May23-2026> <11:47:42>      3      0.80280823      0.07964317    100.0
<May23-2026> <11:47:46>      4      1.71012573      0.23913980    100.0
<May23-2026> <11:47:50>      5      0.59524891      0.04377008     43.2
<May23-2026> <11:47:54>      6      0.83970117      0.11180498    100.0
<May23-2026> <11:47:58>      7      0.24482650      0.02707566     26.3
<May23-2026> <11:48:01>      8      0.10208711      0.00733588      6.4
<May23-2026> <11:48:05>      9      0.02238138      0.00211280      1.1
<May23-2026> <11:48:09>     10      0.01053485      0.00120763      0.2
<May23-2026> <11:48:13>     11      0.00275854      0.00029145      0.0
<May23-2026> <11:48:17>     12      0.00083849      0.00012719      0.0
<May23-2026> <11:48:21>     13      0.00036226      0.00004031      0.0
<May23-2026> <11:48:25>     14      0.00015514      0.00002203      0.0
<May23-2026> <11:48:29>     15      0.00005420      0.00000824      0.0
<May23-2026> <11:48:33>     16      0.00002475      0.00000300      0.0
<May23-2026> <11:48:37>     17      0.00000300      0.00000037      0.0
<May23-2026> <11:48:38>  SCF converged
<May23-2026> <11:48:41>     18      0.00000239      0.00000030      0.0
<May23-2026> <11:48:41>  >>>> TOTEN
<May23-2026> <11:48:47>  >>>> POPAN
<May23-2026> <11:48:47>  >>>> DEBYE
<May23-2026> <11:48:47>  >>>> ENGRAD
<May23-2026> <11:48:52>  current energy                               -1.77930989 Hartree
<May23-2026> <11:48:52>  energy change                      -1.77930989     0.00009000    F
<May23-2026> <11:48:52>  constrained gradient max            0.10133633     0.00100000    F
<May23-2026> <11:48:52>  constrained gradient rms            0.02701708     0.00066667    F
<May23-2026> <11:48:52>  gradient max                        0.10133633
<May23-2026> <11:48:52>  gradient rms                        0.02701708
<May23-2026> <11:48:52>  cart. step max                      0.03119735     0.01000000    F
<May23-2026> <11:48:52>  cart. step rms                      0.01612122     0.00666667    F
<May23-2026> <11:48:52>  Iteration 2
<May23-2026> <11:48:52>  *** GO1_GOStep2 ***
<May23-2026> <11:48:52>  >>>> FRAGM
<May23-2026> <11:48:52>  Coordinates
<May23-2026> <11:48:52>     Atom         X           Y           Z   (Angstrom)
<May23-2026> <11:48:52>     1.C        -0.571473    1.309858    0.840294
<May23-2026> <11:48:52>     2.C        -1.053959    0.032468    0.500983
<May23-2026> <11:48:52>     3.C        -1.800010   -0.211195   -0.790121
<May23-2026> <11:48:52>     4.O        -0.719367   -0.971703    1.208396
<May23-2026> <11:48:52>     5.H        -0.839737    2.187182    0.257536
<May23-2026> <11:48:52>     6.H        -0.141856    1.475628    1.822058
<May23-2026> <11:48:52>     7.H        -1.174223   -0.808279   -1.461263
<May23-2026> <11:48:52>     8.H        -2.702081   -0.795282   -0.590192
<May23-2026> <11:48:52>     9.H        -2.081569    0.713036   -1.299892
<May23-2026> <11:48:52>  >>>> CORORT
<May23-2026> <11:48:52>  >>>> CLSMAT
<May23-2026> <11:48:52>  >>>> ORTHON
<May23-2026> <11:48:52>  >>>> GENPT
<May23-2026> <11:48:52>  Block Length= 128
<May23-2026> <11:48:52>  >>>> PTBAS
<May23-2026> <11:48:53>  >>>> CYCLE
<May23-2026> <11:48:55>  using orbital data from restart file
<May23-2026> <11:48:58>              |Error|         MaxErr       Wt(A-DIIS)
<May23-2026> <11:48:58>      1      0.13822991      0.02274840
<May23-2026> <11:49:02>      2      0.02754373      0.00298299    100.0
<May23-2026> <11:49:06>      3      0.07846791      0.00968651    100.0
<May23-2026> <11:49:10>      4      0.01546693      0.00130007      0.3
<May23-2026> <11:49:13>      5      0.00371453      0.00063859      0.0
<May23-2026> <11:49:17>      6      0.00139824      0.00012208      0.0
<May23-2026> <11:49:21>      7      0.00080701      0.00006147      0.0
<May23-2026> <11:49:25>      8      0.00025619      0.00002169      0.0
<May23-2026> <11:49:29>      9      0.00007421      0.00000745      0.0
<May23-2026> <11:49:33>     10      0.00003698      0.00000370      0.0
<May23-2026> <11:49:37>     11      0.00001598      0.00000123      0.0
<May23-2026> <11:49:40>     12      0.00000423      0.00000049      0.0
<May23-2026> <11:49:41>  SCF converged
<May23-2026> <11:49:44>     13      0.00000135      0.00000011      0.0
<May23-2026> <11:49:45>  >>>> TOTEN
<May23-2026> <11:49:51>  >>>> POPAN
<May23-2026> <11:49:51>  >>>> DEBYE
<May23-2026> <11:49:51>  >>>> ENGRAD
<May23-2026> <11:49:55>  current energy                               -1.78421272 Hartree
<May23-2026> <11:49:55>  energy change                      -0.00490283     0.00009000    F
<May23-2026> <11:49:55>  constrained gradient max            0.05527759     0.00100000    F
<May23-2026> <11:49:55>  constrained gradient rms            0.01605071     0.00066667    F
<May23-2026> <11:49:55>  gradient max                        0.05527759
<May23-2026> <11:49:55>  gradient rms                        0.01605071
<May23-2026> <11:49:55>  cart. step max                      0.04801921     0.01000000    F
<May23-2026> <11:49:55>  cart. step rms                      0.01965819     0.00666667    F
<May23-2026> <11:49:55>  Iteration 3
<May23-2026> <11:49:55>  *** GO1_GOStep3 ***
<May23-2026> <11:49:55>  >>>> FRAGM
<May23-2026> <11:49:55>  Coordinates
<May23-2026> <11:49:55>     Atom         X           Y           Z   (Angstrom)
<May23-2026> <11:49:55>     1.C        -0.619493    1.323128    0.863576
<May23-2026> <11:49:55>     2.C        -1.012399    0.005429    0.487724
<May23-2026> <11:49:55>     3.C        -1.792430   -0.213029   -0.798996
<May23-2026> <11:49:55>     4.O        -0.752905   -0.965788    1.236007
<May23-2026> <11:49:55>     5.H        -0.852085    2.192767    0.251678
<May23-2026> <11:49:55>     6.H        -0.104635    1.471347    1.808662
<May23-2026> <11:49:55>     7.H        -1.178880   -0.808389   -1.486040
<May23-2026> <11:49:55>     8.H        -2.694504   -0.795382   -0.580542
<May23-2026> <11:49:55>     9.H        -2.076946    0.721629   -1.294269
<May23-2026> <11:49:55>  >>>> CORORT
<May23-2026> <11:49:55>  >>>> CLSMAT
<May23-2026> <11:49:55>  >>>> ORTHON
<May23-2026> <11:49:55>  >>>> GENPT
<May23-2026> <11:49:55>  Block Length= 128
<May23-2026> <11:49:56>  >>>> PTBAS
<May23-2026> <11:49:57>  >>>> CYCLE
<May23-2026> <11:49:58>  using orbital data from restart file
<May23-2026> <11:50:01>              |Error|         MaxErr       Wt(A-DIIS)
<May23-2026> <11:50:01>      1      0.23202116      0.03364259
<May23-2026> <11:50:05>      2      0.03372937      0.00348529    100.0
<May23-2026> <11:50:09>      3      0.08757908      0.01057441    100.0
<May23-2026> <11:50:13>      4      0.01623485      0.00138051      0.4
<May23-2026> <11:50:17>      5      0.00448217      0.00073609      0.0
<May23-2026> <11:50:20>      6      0.00167663      0.00011899      0.0
<May23-2026> <11:50:24>      7      0.00086767      0.00006403      0.0
<May23-2026> <11:50:28>      8      0.00035540      0.00002865      0.0
<May23-2026> <11:50:32>      9      0.00009476      0.00001400      0.0
<May23-2026> <11:50:36>     10      0.00002709      0.00000244      0.0
<May23-2026> <11:50:40>     11      0.00001398      0.00000110      0.0
<May23-2026> <11:50:43>     12      0.00000402      0.00000037      0.0
<May23-2026> <11:50:44>  SCF converged
<May23-2026> <11:50:47>     13      0.00000122      0.00000010      0.0
<May23-2026> <11:50:48>  >>>> TOTEN
<May23-2026> <11:50:54>  >>>> POPAN
<May23-2026> <11:50:54>  >>>> DEBYE
<May23-2026> <11:50:54>  >>>> ENGRAD
<May23-2026> <11:50:58>  current energy                               -1.78687724 Hartree
<May23-2026> <11:50:58>  energy change                      -0.00266451     0.00009000    F
<May23-2026> <11:50:58>  constrained gradient max            0.01313632     0.00100000    F
<May23-2026> <11:50:58>  constrained gradient rms            0.00384762     0.00066667    F
<May23-2026> <11:50:58>  gradient max                        0.01313632
<May23-2026> <11:50:58>  gradient rms                        0.00384762
<May23-2026> <11:50:58>  cart. step max                      0.05175553     0.01000000    F
<May23-2026> <11:50:58>  cart. step rms                      0.01648824     0.00666667    F
<May23-2026> <11:50:58>  Iteration 4
<May23-2026> <11:50:58>  *** GO1_GOStep4 ***
<May23-2026> <11:50:58>  >>>> FRAGM
<May23-2026> <11:50:58>  Coordinates
<May23-2026> <11:50:58>     Atom         X           Y           Z   (Angstrom)
<May23-2026> <11:50:58>     1.C        -0.637798    1.332568    0.877294
<May23-2026> <11:50:58>     2.C        -1.049047    0.003536    0.512292
<May23-2026> <11:50:58>     3.C        -1.796244   -0.214946   -0.801394
<May23-2026> <11:50:58>     4.O        -0.755323   -0.967676    1.240862
<May23-2026> <11:50:58>     5.H        -0.858640    2.199582    0.256847
<May23-2026> <11:50:58>     6.H        -0.052880    1.467973    1.784332
<May23-2026> <11:50:58>     7.H        -1.160033   -0.800229   -1.478254
<May23-2026> <11:50:58>     8.H        -2.696666   -0.809579   -0.605249
<May23-2026> <11:50:58>     9.H        -2.077644    0.720483   -1.298929
<May23-2026> <11:50:58>  >>>> CORORT
<May23-2026> <11:50:58>  >>>> CLSMAT
<May23-2026> <11:50:58>  >>>> ORTHON
<May23-2026> <11:50:58>  >>>> GENPT
<May23-2026> <11:50:58>  Block Length= 128
<May23-2026> <11:50:59>  >>>> PTBAS
<May23-2026> <11:51:00>  >>>> CYCLE
<May23-2026> <11:51:01>  using orbital data from restart file
<May23-2026> <11:51:05>              |Error|         MaxErr       Wt(A-DIIS)
<May23-2026> <11:51:05>      1      0.10047544      0.01791800
<May23-2026> <11:51:08>      2      0.02429307      0.00217123    100.0
<May23-2026> <11:51:12>      3      0.05422081      0.00664828    100.0
<May23-2026> <11:51:16>      4      0.01093111      0.00099038      0.0
<May23-2026> <11:51:20>      5      0.00248786      0.00033129      0.0
<May23-2026> <11:51:24>      6      0.00137071      0.00008911      0.0
<May23-2026> <11:51:28>      7      0.00046529      0.00002959      0.0
<May23-2026> <11:51:32>      8      0.00022036      0.00001998      0.0
<May23-2026> <11:51:35>      9      0.00008520      0.00000691      0.0
<May23-2026> <11:51:39>     10      0.00002397      0.00000199      0.0
<May23-2026> <11:51:43>     11      0.00001288      0.00000108      0.0
<May23-2026> <11:51:47>     12      0.00000261      0.00000038      0.0
<May23-2026> <11:51:48>  SCF converged
<May23-2026> <11:51:51>     13      0.00000040      0.00000004      0.0
<May23-2026> <11:51:52>  >>>> TOTEN
<May23-2026> <11:51:57>  >>>> POPAN
<May23-2026> <11:51:57>  >>>> DEBYE
<May23-2026> <11:51:57>  >>>> ENGRAD
<May23-2026> <11:52:02>  current energy                               -1.78699203 Hartree
<May23-2026> <11:52:02>  energy change                      -0.00011479     0.00009000    F
<May23-2026> <11:52:02>  constrained gradient max            0.00559345     0.00100000    F
<May23-2026> <11:52:02>  constrained gradient rms            0.00198028     0.00066667    F
<May23-2026> <11:52:02>  gradient max                        0.00559345
<May23-2026> <11:52:02>  gradient rms                        0.00198028
<May23-2026> <11:52:02>  cart. step max                      0.02307914     0.01000000    F
<May23-2026> <11:52:02>  cart. step rms                      0.00751801     0.00666667    F
<May23-2026> <11:52:02>  Iteration 5
<May23-2026> <11:52:02>  *** GO1_GOStep5 ***
<May23-2026> <11:52:02>  >>>> FRAGM
<May23-2026> <11:52:02>  Coordinates
<May23-2026> <11:52:02>     Atom         X           Y           Z   (Angstrom)
<May23-2026> <11:52:02>     1.C        -0.628163    1.331191    0.871393
<May23-2026> <11:52:02>     2.C        -1.032287    0.003104    0.502265
<May23-2026> <11:52:02>     3.C        -1.795657   -0.215091   -0.801513
<May23-2026> <11:52:02>     4.O        -0.753826   -0.968628    1.239824
<May23-2026> <11:52:02>     5.H        -0.854918    2.198198    0.254493
<May23-2026> <11:52:02>     6.H        -0.075959    1.471174    1.797324
<May23-2026> <11:52:02>     7.H        -1.170062   -0.804366   -1.484048
<May23-2026> <11:52:02>     8.H        -2.696590   -0.804605   -0.595549
<May23-2026> <11:52:02>     9.H        -2.076815    0.720734   -1.296389
<May23-2026> <11:52:02>  >>>> CORORT
<May23-2026> <11:52:02>  >>>> CLSMAT
<May23-2026> <11:52:02>  >>>> ORTHON
<May23-2026> <11:52:02>  >>>> GENPT
<May23-2026> <11:52:02>  Block Length= 128
<May23-2026> <11:52:02>  >>>> PTBAS
<May23-2026> <11:52:03>  >>>> CYCLE
<May23-2026> <11:52:05>  using orbital data from restart file
<May23-2026> <11:52:08>              |Error|         MaxErr       Wt(A-DIIS)
<May23-2026> <11:52:08>      1      0.04228651      0.00824231
<May23-2026> <11:52:12>      2      0.00914778      0.00093696    100.0
<May23-2026> <11:52:16>      3      0.01429764      0.00174188    100.0
<May23-2026> <11:52:20>      4      0.00716161      0.00092712      0.0
<May23-2026> <11:52:23>      5      0.00131324      0.00013807      0.0
<May23-2026> <11:52:27>      6      0.00085254      0.00006533      0.0
<May23-2026> <11:52:31>      7      0.00019079      0.00001384      0.0
<May23-2026> <11:52:35>      8      0.00005762      0.00000420      0.0
<May23-2026> <11:52:39>      9      0.00004167      0.00000302      0.0
<May23-2026> <11:52:43>     10      0.00001029      0.00000075      0.0
<May23-2026> <11:52:46>     11      0.00000166      0.00000022      0.0
<May23-2026> <11:52:47>  SCF converged
<May23-2026> <11:52:50>     12      0.00000085      0.00000007      0.0
<May23-2026> <11:52:51>  >>>> TOTEN
<May23-2026> <11:52:56>  >>>> POPAN
<May23-2026> <11:52:56>  >>>> DEBYE
<May23-2026> <11:52:56>  >>>> ENGRAD
<May23-2026> <11:53:01>  current energy                               -1.78707875 Hartree
<May23-2026> <11:53:01>  energy change                      -0.00008673     0.00009000    T
<May23-2026> <11:53:01>  constrained gradient max            0.00118039     0.00100000    F
<May23-2026> <11:53:01>  constrained gradient rms            0.00050106     0.00066667    T
<May23-2026> <11:53:01>  gradient max                        0.00118039
<May23-2026> <11:53:01>  gradient rms                        0.00050106
<May23-2026> <11:53:01>  cart. step max                      0.00138479     0.01000000    T
<May23-2026> <11:53:01>  cart. step rms                      0.00057812     0.00666667    T
<May23-2026> <11:53:01>  Iteration 6
<May23-2026> <11:53:01>  *** GO1_GOStep6 ***
<May23-2026> <11:53:01>  >>>> FRAGM
<May23-2026> <11:53:01>  Coordinates
<May23-2026> <11:53:01>     Atom         X           Y           Z   (Angstrom)
<May23-2026> <11:53:01>     1.C        -0.627910    1.331415    0.871218
<May23-2026> <11:53:01>     2.C        -1.031833    0.003314    0.502161
<May23-2026> <11:53:01>     3.C        -1.795857   -0.215125   -0.801617
<May23-2026> <11:53:01>     4.O        -0.753754   -0.968036    1.239984
<May23-2026> <11:53:01>     5.H        -0.854074    2.197346    0.253305
<May23-2026> <11:53:01>     6.H        -0.077344    1.470674    1.797975
<May23-2026> <11:53:01>     7.H        -1.170486   -0.803783   -1.484720
<May23-2026> <11:53:01>     8.H        -2.696140   -0.805025   -0.595233
<May23-2026> <11:53:01>     9.H        -2.076876    0.720934   -1.295272
<May23-2026> <11:53:01>  >>>> CORORT
<May23-2026> <11:53:01>  >>>> CLSMAT
<May23-2026> <11:53:01>  >>>> ORTHON
<May23-2026> <11:53:01>  >>>> GENPT
<May23-2026> <11:53:01>  Block Length= 128
<May23-2026> <11:53:01>  >>>> PTBAS
<May23-2026> <11:53:03>  >>>> CYCLE
<May23-2026> <11:53:04>  using orbital data from restart file
<May23-2026> <11:53:07>              |Error|         MaxErr       Wt(A-DIIS)
<May23-2026> <11:53:07>      1      0.00286652      0.00039835
<May23-2026> <11:53:11>      2      0.00044027      0.00003654    100.0
<May23-2026> <11:53:15>      3      0.00039171      0.00003185    100.0
<May23-2026> <11:53:19>      4      0.00060475      0.00004962      0.0
<May23-2026> <11:53:23>      5      0.00031862      0.00004492      0.0
<May23-2026> <11:53:26>      6      0.00008728      0.00001043      0.0
<May23-2026> <11:53:30>      7      0.00002782      0.00000189      0.0
<May23-2026> <11:53:34>      8      0.00001334      0.00000095      0.0
<May23-2026> <11:53:38>      9      0.00000329      0.00000030      0.0
<May23-2026> <11:53:39>  SCF converged
<May23-2026> <11:53:42>     10      0.00000072      0.00000006      0.0
<May23-2026> <11:53:42>  >>>> TOTEN
<May23-2026> <11:53:48>  >>>> POPAN
<May23-2026> <11:53:48>  >>>> DEBYE
<May23-2026> <11:53:48>  >>>> ENGRAD
<May23-2026> <11:53:52>  current energy                               -1.78708108 Hartree
<May23-2026> <11:53:52>  energy change                      -0.00000233     0.00009000    T
<May23-2026> <11:53:52>  constrained gradient max            0.00062233     0.00100000    T
<May23-2026> <11:53:52>  constrained gradient rms            0.00024082     0.00066667    T
<May23-2026> <11:53:52>  gradient max                        0.00062233
<May23-2026> <11:53:52>  gradient rms                        0.00024082
<May23-2026> <11:53:52>  cart. step max                      0.00157446     0.01000000    T
<May23-2026> <11:53:52>  cart. step rms                      0.00063546     0.00666667    T
<May23-2026> <11:53:52>  Geometry optimization converged
<May23-2026> <11:53:52>  *** adf ***
<May23-2026> <11:53:52>  Net Charge: 0 (Nuclei minus Electrons)
<May23-2026> <11:53:52>  Spin polar: 1 (Spin_A minus Spin_B electrons)
<May23-2026> <11:53:52>  Symmetry  : NOSYM
<May23-2026> <11:53:52>  >>>> FRAGM
<May23-2026> <11:53:53>  Coordinates
<May23-2026> <11:53:53>     Atom         X           Y           Z   (Angstrom)
<May23-2026> <11:53:53>     1.C        -0.627910    1.331415    0.871218
<May23-2026> <11:53:53>     2.C        -1.031833    0.003314    0.502161
<May23-2026> <11:53:53>     3.C        -1.795857   -0.215125   -0.801617
<May23-2026> <11:53:53>     4.O        -0.753754   -0.968036    1.239984
<May23-2026> <11:53:53>     5.H        -0.854074    2.197346    0.253305
<May23-2026> <11:53:53>     6.H        -0.077344    1.470674    1.797975
<May23-2026> <11:53:53>     7.H        -1.170486   -0.803783   -1.484720
<May23-2026> <11:53:53>     8.H        -2.696140   -0.805025   -0.595233
<May23-2026> <11:53:53>     9.H        -2.076876    0.720934   -1.295272
<May23-2026> <11:53:53>  >>>> CORORT
<May23-2026> <11:53:53>  >>>> CLSMAT
<May23-2026> <11:53:53>  >>>> ORTHON
<May23-2026> <11:53:53>  >>>> GENPT
<May23-2026> <11:53:53>  Block Length= 128
<May23-2026> <11:53:53>  >>>> PTBAS
<May23-2026> <11:53:54>  >>>> CYCLE
<May23-2026> <11:53:56>  using orbital data from restart file
<May23-2026> <11:53:59>              |Error|         MaxErr       Wt(A-DIIS)
<May23-2026> <11:53:59>      1      0.00000034      0.00000003
<May23-2026> <11:54:03>      2      0.00000044      0.00000005    100.0
<May23-2026> <11:54:03>  SCF converged
<May23-2026> <11:54:06>      3      0.00000038      0.00000004    100.0
<May23-2026> <11:54:10>  >>>> TOTEN
<May23-2026> <11:54:19>  >>>> POPAN
<May23-2026> <11:54:19>  >>>> DEBYE
<May23-2026> <11:54:19>  >>>> AMETS
<May23-2026> <11:54:19>   Bond Energy          -1.78708108 a.u.
<May23-2026> <11:54:19>   Bond Energy         -48.62895045 eV
<May23-2026> <11:54:19>   Bond Energy       -1121.41       kcal/mol
<May23-2026> <11:54:19>  >>>> POPUL
<May23-2026> <11:54:19>  >>>> ENGRAD
<May23-2026> <11:54:23>  NORMAL TERMINATION
