<May23-2026> <12:41:00>  AMS 2026.103  RunTime: May23-2026 12:41:00  ShM Nodes: 1  Procs: 1
<May23-2026> <12:41:00>  ADF 2026.103  RunTime: May23-2026 12:41:00  ShM Nodes: 1  Procs: 1
<May23-2026> <12:41:00>  *** (NO TITLE) ***
<May23-2026> <12:41:00>  DIRAC 2026.103  RunTime: May23-2026 12:41:00  ShM Nodes: 1  Procs: 1
<May23-2026> <12:41:00>  Carbon (TZ2P)
<May23-2026> <12:41:00>  Net Charge: 0 (Nuclei minus Electrons)
<May23-2026> <12:41:00>  Symmetry  : ATOM
<May23-2026> <12:41:00>  Coordinates
<May23-2026> <12:41:00>     Atom         X           Y           Z   (Angstrom)
<May23-2026> <12:41:00>     1.C         0.000000    0.000000    0.000000
<May23-2026> <12:41:00>  >>>> CORORT
<May23-2026> <12:41:00>  >>>> CLSMAT
<May23-2026> <12:41:00>  >>>> ORTHON
<May23-2026> <12:41:00>  >>>> GENPT
<May23-2026> <12:41:00>  Block Length=  72
<May23-2026> <12:41:00>  >>>> PTBAS
<May23-2026> <12:41:00>  >>>> CYCLE
<May23-2026> <12:41:00>              |Error|         MaxErr       Wt(A-DIIS)
<May23-2026> <12:41:00>      1      0.00000000      0.00000000
<May23-2026> <12:41:00>      2      4.48450606      3.33074448    100.0
<May23-2026> <12:41:00>      3      1.63845963      1.31677840    100.0
<May23-2026> <12:41:00>      4      0.72237885      0.58090812    100.0
<May23-2026> <12:41:00>      5      0.41341516      0.32921223    100.0
<May23-2026> <12:41:00>      6      0.12634980      0.09661242     96.6
<May23-2026> <12:41:00>      7      0.11511849      0.08978748     89.7
<May23-2026> <12:41:00>      8      0.00670007      0.00519977      4.2
<May23-2026> <12:41:00>      9      0.00022181      0.00016825      0.0
<May23-2026> <12:41:00>     10      0.00000199      0.00000135      0.0
<May23-2026> <12:41:00>     11      0.00000002      0.00000001      0.0
<May23-2026> <12:41:01>     12      0.00000000      0.00000000      0.0
<May23-2026> <12:41:01>  SCF converged
<May23-2026> <12:41:01>     13      0.00000000      0.00000000      0.0
<May23-2026> <12:41:01>  >>>> POPAN
<May23-2026> <12:41:01>  >>>> DEBYE
<May23-2026> <12:41:01>  DIRAC 2026.103  RunTime: May23-2026 12:41:01  ShM Nodes: 1  Procs: 1
<May23-2026> <12:41:01>  Iodine (TZ2P, all electron)
<May23-2026> <12:41:01>  Net Charge: 0 (Nuclei minus Electrons)
<May23-2026> <12:41:01>  Symmetry  : ATOM
<May23-2026> <12:41:01>  Coordinates
<May23-2026> <12:41:01>     Atom         X           Y           Z   (Angstrom)
<May23-2026> <12:41:01>     1.I         0.000000    0.000000    0.000000
<May23-2026> <12:41:01>  >>>> CORORT
<May23-2026> <12:41:01>  >>>> CLSMAT
<May23-2026> <12:41:01>  >>>> ORTHON
<May23-2026> <12:41:01>  >>>> GENPT
<May23-2026> <12:41:01>  Block Length=  88
<May23-2026> <12:41:01>  >>>> PTBAS
<May23-2026> <12:41:01>  >>>> CYCLE
<May23-2026> <12:41:01>              |Error|         MaxErr       Wt(A-DIIS)
<May23-2026> <12:41:01>      1      0.00000000      0.00000000
<May23-2026> <12:41:01>      2    302.41115465     41.03984405    100.0
<May23-2026> <12:41:01>      3    115.64616559     32.45585083    100.0
<May23-2026> <12:41:01>      4     16.61167509      2.64139510    100.0
<May23-2026> <12:41:02>      5     19.29516062      6.03041311    100.0
<May23-2026> <12:41:02>      6      2.83159520      0.57584477    100.0
<May23-2026> <12:41:02>      7      3.00309160      0.62358724    100.0
<May23-2026> <12:41:02>      8      0.23372030      0.04208838     41.5
<May23-2026> <12:41:02>      9      0.06454882      0.01223704     11.4
<May23-2026> <12:41:02>     10      0.01026150      0.00204905      1.1
<May23-2026> <12:41:02>     11      0.00024347      0.00004565      0.0
<May23-2026> <12:41:02>     12      0.00000510      0.00000095      0.0
<May23-2026> <12:41:02>     13      0.00000008      0.00000001      0.0
<May23-2026> <12:41:02>     14      0.00000001      0.00000000      0.0
<May23-2026> <12:41:02>  SCF converged
<May23-2026> <12:41:02>     15      0.00000000      0.00000000      0.0
<May23-2026> <12:41:02>  >>>> POPAN
<May23-2026> <12:41:02>  >>>> DEBYE
<May23-2026> <12:41:02>  DIRAC 2026.103  RunTime: May23-2026 12:41:02  ShM Nodes: 1  Procs: 1
<May23-2026> <12:41:02>  Oxygen (TZ2P)
<May23-2026> <12:41:02>  Net Charge: 0 (Nuclei minus Electrons)
<May23-2026> <12:41:02>  Symmetry  : ATOM
<May23-2026> <12:41:02>  Coordinates
<May23-2026> <12:41:02>     Atom         X           Y           Z   (Angstrom)
<May23-2026> <12:41:02>     1.O         0.000000    0.000000    0.000000
<May23-2026> <12:41:02>  >>>> CORORT
<May23-2026> <12:41:02>  >>>> CLSMAT
<May23-2026> <12:41:02>  >>>> ORTHON
<May23-2026> <12:41:02>  >>>> GENPT
<May23-2026> <12:41:02>  Block Length=  68
<May23-2026> <12:41:02>  >>>> PTBAS
<May23-2026> <12:41:02>  >>>> CYCLE
<May23-2026> <12:41:02>              |Error|         MaxErr       Wt(A-DIIS)
<May23-2026> <12:41:02>      1      0.00000000      0.00000000
<May23-2026> <12:41:02>      2      8.77379167      5.52456194    100.0
<May23-2026> <12:41:03>      3      3.58874259      2.50390796    100.0
<May23-2026> <12:41:03>      4      1.14813168      0.58304454    100.0
<May23-2026> <12:41:03>      5      1.52147762      0.84216884    100.0
<May23-2026> <12:41:03>      6      0.17958647      0.10470670    100.0
<May23-2026> <12:41:03>      7      0.20120374      0.11429590    100.0
<May23-2026> <12:41:03>      8      0.01711846      0.01004426      9.1
<May23-2026> <12:41:03>      9      0.00178953      0.00100777      0.0
<May23-2026> <12:41:03>     10      0.00000129      0.00000068      0.0
<May23-2026> <12:41:03>     11      0.00000005      0.00000002      0.0
<May23-2026> <12:41:03>     12      0.00000000      0.00000000      0.0
<May23-2026> <12:41:03>  SCF converged
<May23-2026> <12:41:03>     13      0.00000000      0.00000000      0.0
<May23-2026> <12:41:03>  >>>> POPAN
<May23-2026> <12:41:03>  >>>> DEBYE
<May23-2026> <12:41:03>  DIRAC 2026.103  RunTime: May23-2026 12:41:03  ShM Nodes: 1  Procs: 1
<May23-2026> <12:41:03>  Hydrogen (TZ2P)
<May23-2026> <12:41:03>  Net Charge: 0 (Nuclei minus Electrons)
<May23-2026> <12:41:03>  Symmetry  : ATOM
<May23-2026> <12:41:03>  Coordinates
<May23-2026> <12:41:03>     Atom         X           Y           Z   (Angstrom)
<May23-2026> <12:41:03>     1.H         0.000000    0.000000    0.000000
<May23-2026> <12:41:03>  >>>> CORORT
<May23-2026> <12:41:03>  >>>> CLSMAT
<May23-2026> <12:41:03>  >>>> ORTHON
<May23-2026> <12:41:03>  >>>> GENPT
<May23-2026> <12:41:03>  Block Length=  64
<May23-2026> <12:41:03>  >>>> PTBAS
<May23-2026> <12:41:03>  >>>> CYCLE
<May23-2026> <12:41:03>              |Error|         MaxErr       Wt(A-DIIS)
<May23-2026> <12:41:03>      1      0.00000000      0.00000000
<May23-2026> <12:41:03>      2      0.03100426      0.02644614
<May23-2026> <12:41:03>      3      0.00958086      0.00932931    100.0
<May23-2026> <12:41:03>      4      0.00232128      0.00228673      1.3
<May23-2026> <12:41:03>      5      0.00003156      0.00002984      0.0
<May23-2026> <12:41:03>      6      0.00000096      0.00000091      0.0
<May23-2026> <12:41:03>      7      0.00000000      0.00000000      0.0
<May23-2026> <12:41:03>  SCF converged
<May23-2026> <12:41:03>      8      0.00000000      0.00000000      0.0
<May23-2026> <12:41:03>  >>>> POPAN
<May23-2026> <12:41:03>  >>>> DEBYE
<May23-2026> <12:41:03>  *** adf ***
<May23-2026> <12:41:03>  Net Charge: 0 (Nuclei minus Electrons)
<May23-2026> <12:41:03>  Spin polar: 1 (Spin_A minus Spin_B electrons)
<May23-2026> <12:41:03>  Symmetry  : NOSYM
<May23-2026> <12:41:03>  >>>> FRAGM
<May23-2026> <12:41:03>  Coordinates
<May23-2026> <12:41:03>     Atom         X           Y           Z   (Angstrom)
<May23-2026> <12:41:03>     1.C         1.174231    1.248447   -0.126857
<May23-2026> <12:41:03>     2.C         1.374228   -0.143024    0.104555
<May23-2026> <12:41:03>     3.I         2.125098   -0.488178    2.237750
<May23-2026> <12:41:03>     4.O         1.202094   -1.075531   -0.638540
<May23-2026> <12:41:03>     5.H         0.811214    1.552320   -1.107213
<May23-2026> <12:41:03>     6.H         1.380040    1.977167    0.646147
<May23-2026> <12:41:03>  >>>> CORORT
<May23-2026> <12:41:03>  >>>> CLSMAT
<May23-2026> <12:41:03>  >>>> ORTHON
<May23-2026> <12:41:03>  >>>> GENPT
<May23-2026> <12:41:03>  Block Length= 128
<May23-2026> <12:41:04>  >>>> PTBAS
<May23-2026> <12:41:05>  >>>> CYCLE
<May23-2026> <12:41:08>              |Error|         MaxErr       Wt(A-DIIS)
<May23-2026> <12:41:08>      1      4.11854093      0.76147592
<May23-2026> <12:41:11>      2      1.23636378      0.11903521    100.0
<May23-2026> <12:41:14>      3      1.00255084      0.10924530    100.0
<May23-2026> <12:41:17>      4      3.14136210      0.45224238    100.0
<May23-2026> <12:41:19>      5      1.01974036      0.10584649    100.0
<May23-2026> <12:41:22>      6      0.68944194      0.12931494    100.0
<May23-2026> <12:41:25>      7      0.86620420      0.15780456    100.0
<May23-2026> <12:41:28>      8      0.30506807      0.04345671     42.9
<May23-2026> <12:41:30>      9      0.21831837      0.03257186     31.9
<May23-2026> <12:41:33>     10      0.11272798      0.02274421     22.0
<May23-2026> <12:41:36>     11      0.04989663      0.00995170      9.0
<May23-2026> <12:41:39>     12      0.00672483      0.00109592      0.1
<May23-2026> <12:41:42>     13      0.00085009      0.00013918      0.0
<May23-2026> <12:41:44>     14      0.00026464      0.00003250      0.0
<May23-2026> <12:41:47>     15      0.00012515      0.00001438      0.0
<May23-2026> <12:41:50>     16      0.00003154      0.00000490      0.0
<May23-2026> <12:41:53>     17      0.00001645      0.00000253      0.0
<May23-2026> <12:41:55>     18      0.00000480      0.00000053      0.0
<May23-2026> <12:41:56>  SCF converged
<May23-2026> <12:41:58>     19      0.00000126      0.00000010      0.0
<May23-2026> <12:42:01>  >>>> TOTEN
<May23-2026> <12:42:08>  >>>> POPAN
<May23-2026> <12:42:08>  >>>> DEBYE
<May23-2026> <12:42:08>  >>>> AMETS
<May23-2026> <12:42:08>   Bond Energy          -1.11333302 a.u.
<May23-2026> <12:42:08>   Bond Energy         -30.29533279 eV
<May23-2026> <12:42:08>   Bond Energy        -698.63       kcal/mol
<May23-2026> <12:42:08>  >>>> POPUL
<May23-2026> <12:42:08>  NORMAL TERMINATION
