PLAMS working folder: /gpfs/tmp_cpu2/yeseo1ee_plams/cf3_batch/plams_cf3
[cf3] running optA (fragment A relax in isolation, doublet)
[23.05|12:47:46] JOB optA STARTED
[23.05|12:47:46] JOB optA RUNNING
[23.05|12:58:23] JOB optA FINISHED
[23.05|12:58:23] JOB optA SUCCESSFUL
[cf3] running optB (fragment B relax in isolation, doublet ↓)
[23.05|12:58:23] JOB optB STARTED
[23.05|12:58:23] JOB optB RUNNING
[23.05|13:02:21] JOB optB FINISHED
[23.05|13:02:21] JOB optB SUCCESSFUL
[cf3] running ADFFragmentJob (5 children)
[23.05|13:02:21] JOB cf3_eda STARTED
[23.05|13:02:21] JOB cf3_eda RUNNING
[23.05|13:02:21] JOB cf3_eda/frag1 STARTED
[23.05|13:02:21] JOB cf3_eda/frag1 RUNNING
[23.05|13:04:25] JOB cf3_eda/frag1 FINISHED
[23.05|13:04:25] JOB cf3_eda/frag1 SUCCESSFUL
[23.05|13:04:25] JOB cf3_eda/frag2 STARTED
[23.05|13:04:25] JOB cf3_eda/frag2 RUNNING
[23.05|13:05:19] JOB cf3_eda/frag2 FINISHED
[23.05|13:05:19] JOB cf3_eda/frag2 SUCCESSFUL
[23.05|13:05:19] JOB cf3_eda/full STARTED
[23.05|13:05:19] JOB cf3_eda/full RUNNING
[23.05|13:13:29] JOB cf3_eda/full FINISHED
[23.05|13:13:29] JOB cf3_eda/full SUCCESSFUL
[23.05|13:13:29] JOB cf3_eda/frag1_opt STARTED
[23.05|13:13:29] JOB cf3_eda/frag1_opt RUNNING
[23.05|13:15:22] JOB cf3_eda/frag1_opt FINISHED
[23.05|13:15:22] JOB cf3_eda/frag1_opt SUCCESSFUL
[23.05|13:15:22] JOB cf3_eda/frag2_opt STARTED
[23.05|13:15:22] JOB cf3_eda/frag2_opt RUNNING
[23.05|13:16:16] JOB cf3_eda/frag2_opt FINISHED
[23.05|13:16:16] JOB cf3_eda/frag2_opt SUCCESSFUL
[23.05|13:16:16] JOB cf3_eda FINISHED
[23.05|13:16:16] JOB cf3_eda SUCCESSFUL
PLAMS run finished. Goodbye
[cf3] ASR vector (kcal/mol):
  E_strain             =     13.330
  E_Pauli              =    123.120
  E_elstat             =    -56.820
  E_oi                 =    -95.710
  E_disp               =     -8.330
  E_int                =    -37.740
  dE_frag_barrier_eda  =    -24.410
