PLAMS working folder: /gpfs/tmp_cpu2/yeseo1ee_plams/cl_batch/plams_cl
[cl] running optA (fragment A relax in isolation, doublet)
[23.05|12:43:02] JOB optA STARTED
[23.05|12:43:02] JOB optA RUNNING
[23.05|12:48:11] JOB optA FINISHED
[23.05|12:48:11] JOB optA SUCCESSFUL
[cl] running optB (fragment B relax in isolation, doublet ↓)
[23.05|12:48:11] JOB optB STARTED
[23.05|12:48:11] JOB optB RUNNING
[23.05|12:52:47] JOB optB FINISHED
[23.05|12:52:47] JOB optB SUCCESSFUL
[cl] running ADFFragmentJob (5 children)
[23.05|12:52:47] JOB cl_eda STARTED
[23.05|12:52:47] JOB cl_eda RUNNING
[23.05|12:52:47] JOB cl_eda/frag1 STARTED
[23.05|12:52:47] JOB cl_eda/frag1 RUNNING
[23.05|12:53:32] JOB cl_eda/frag1 FINISHED
[23.05|12:53:32] JOB cl_eda/frag1 SUCCESSFUL
[23.05|12:53:32] JOB cl_eda/frag2 STARTED
[23.05|12:53:32] JOB cl_eda/frag2 RUNNING
[23.05|12:54:26] JOB cl_eda/frag2 FINISHED
[23.05|12:54:26] JOB cl_eda/frag2 SUCCESSFUL
[23.05|12:54:26] JOB cl_eda/full STARTED
[23.05|12:54:26] JOB cl_eda/full RUNNING
[23.05|12:59:28] JOB cl_eda/full FINISHED
[23.05|12:59:28] JOB cl_eda/full SUCCESSFUL
[23.05|12:59:28] JOB cl_eda/frag1_opt STARTED
[23.05|12:59:28] JOB cl_eda/frag1_opt RUNNING
[23.05|13:00:13] JOB cl_eda/frag1_opt FINISHED
[23.05|13:00:13] JOB cl_eda/frag1_opt SUCCESSFUL
[23.05|13:00:13] JOB cl_eda/frag2_opt STARTED
[23.05|13:00:13] JOB cl_eda/frag2_opt RUNNING
[23.05|13:01:06] JOB cl_eda/frag2_opt FINISHED
[23.05|13:01:06] JOB cl_eda/frag2_opt SUCCESSFUL
[23.05|13:01:06] JOB cl_eda FINISHED
[23.05|13:01:06] JOB cl_eda SUCCESSFUL
PLAMS run finished. Goodbye
[cl] ASR vector (kcal/mol):
  E_strain             =     13.939
  E_Pauli              =    150.890
  E_elstat             =    -69.380
  E_oi                 =   -110.400
  E_disp               =     -8.290
  E_int                =    -37.180
  dE_frag_barrier_eda  =    -23.241
