PLAMS working folder: /gpfs/tmp_cpu2/yeseo1ee_plams/i_batch/plams_i
[i] running optA (fragment A relax in isolation, doublet)
[23.05|12:22:12] JOB optA STARTED
[23.05|12:22:12] JOB optA RUNNING
[23.05|12:28:47] JOB optA FINISHED
[23.05|12:28:47] JOB optA SUCCESSFUL
[i] running optB (fragment B relax in isolation, doublet ↓)
[23.05|12:28:47] JOB optB STARTED
[23.05|12:28:47] JOB optB RUNNING
[23.05|12:33:21] JOB optB FINISHED
[23.05|12:33:21] JOB optB SUCCESSFUL
[i] running ADFFragmentJob (5 children)
[23.05|12:33:21] JOB i_eda STARTED
[23.05|12:33:21] JOB i_eda RUNNING
[23.05|12:33:21] JOB i_eda/frag1 STARTED
[23.05|12:33:21] JOB i_eda/frag1 RUNNING
[23.05|12:34:28] JOB i_eda/frag1 FINISHED
[23.05|12:34:28] JOB i_eda/frag1 SUCCESSFUL
[23.05|12:34:28] JOB i_eda/frag2 STARTED
[23.05|12:34:28] JOB i_eda/frag2 RUNNING
[23.05|12:35:21] JOB i_eda/frag2 FINISHED
[23.05|12:35:21] JOB i_eda/frag2 SUCCESSFUL
[23.05|12:35:21] JOB i_eda/full STARTED
[23.05|12:35:21] JOB i_eda/full RUNNING
[23.05|12:40:59] JOB i_eda/full FINISHED
[23.05|12:40:59] JOB i_eda/full SUCCESSFUL
[23.05|12:40:59] JOB i_eda/frag1_opt STARTED
[23.05|12:40:59] JOB i_eda/frag1_opt RUNNING
[23.05|12:42:08] JOB i_eda/frag1_opt FINISHED
[23.05|12:42:08] JOB i_eda/frag1_opt SUCCESSFUL
[23.05|12:42:08] JOB i_eda/frag2_opt STARTED
[23.05|12:42:08] JOB i_eda/frag2_opt RUNNING
[23.05|12:43:01] JOB i_eda/frag2_opt FINISHED
[23.05|12:43:01] JOB i_eda/frag2_opt SUCCESSFUL
[23.05|12:43:01] JOB i_eda FINISHED
[23.05|12:43:01] JOB i_eda SUCCESSFUL
PLAMS run finished. Goodbye
[i] ASR vector (kcal/mol):
  E_strain             =     13.208
  E_Pauli              =    148.770
  E_elstat             =    -67.780
  E_oi                 =   -108.220
  E_disp               =     -9.050
  E_int                =    -36.280
  dE_frag_barrier_eda  =    -23.072
