PLAMS working folder: /gpfs/tmp_cpu2/yeseo1ee_plams/me_batch/plams_me
[me] running optA (fragment A relax in isolation, doublet)
[23.05|11:47:25] JOB optA STARTED
[23.05|11:47:25] JOB optA RUNNING
[23.05|11:54:23] JOB optA FINISHED
[23.05|11:54:23] JOB optA SUCCESSFUL
[me] running optB (fragment B relax in isolation, doublet ↓)
[23.05|11:54:23] JOB optB STARTED
[23.05|11:54:23] JOB optB RUNNING
[23.05|11:58:59] JOB optB FINISHED
[23.05|11:58:59] JOB optB SUCCESSFUL
[me] running ADFFragmentJob (5 children)
[23.05|11:58:59] JOB me_eda STARTED
[23.05|11:58:59] JOB me_eda RUNNING
[23.05|11:58:59] JOB me_eda/frag1 STARTED
[23.05|11:58:59] JOB me_eda/frag1 RUNNING
[23.05|12:00:25] JOB me_eda/frag1 FINISHED
[23.05|12:00:25] JOB me_eda/frag1 SUCCESSFUL
[23.05|12:00:25] JOB me_eda/frag2 STARTED
[23.05|12:00:25] JOB me_eda/frag2 RUNNING
[23.05|12:01:19] JOB me_eda/frag2 FINISHED
[23.05|12:01:19] JOB me_eda/frag2 SUCCESSFUL
[23.05|12:01:19] JOB me_eda/full STARTED
[23.05|12:01:19] JOB me_eda/full RUNNING
[23.05|12:07:58] JOB me_eda/full FINISHED
[23.05|12:07:58] JOB me_eda/full SUCCESSFUL
[23.05|12:07:58] JOB me_eda/frag1_opt STARTED
[23.05|12:07:58] JOB me_eda/frag1_opt RUNNING
[23.05|12:09:18] JOB me_eda/frag1_opt FINISHED
[23.05|12:09:18] JOB me_eda/frag1_opt SUCCESSFUL
[23.05|12:09:18] JOB me_eda/frag2_opt STARTED
[23.05|12:09:18] JOB me_eda/frag2_opt RUNNING
[23.05|12:10:14] JOB me_eda/frag2_opt FINISHED
[23.05|12:10:14] JOB me_eda/frag2_opt SUCCESSFUL
[23.05|12:10:14] JOB me_eda FINISHED
[23.05|12:10:14] JOB me_eda SUCCESSFUL
PLAMS run finished. Goodbye
[me] ASR vector (kcal/mol):
  E_strain             =     14.078
  E_Pauli              =    167.670
  E_elstat             =    -77.760
  E_oi                 =   -118.860
  E_disp               =     -8.160
  E_int                =    -37.110
  dE_frag_barrier_eda  =    -23.032
