PLAMS working folder: /gpfs/tmp_cpu2/yeseo1ee_plams/nme2_batch/plams_nme2
[nme2] running optA (fragment A relax in isolation, doublet)
[23.05|11:23:46] JOB optA STARTED
[23.05|11:23:46] JOB optA RUNNING
[23.05|11:56:50] JOB optA FINISHED
[23.05|11:56:50] JOB optA SUCCESSFUL
[nme2] running optB (fragment B relax in isolation, doublet ↓)
[23.05|11:56:50] JOB optB STARTED
[23.05|11:56:50] JOB optB RUNNING
[23.05|12:01:26] JOB optB FINISHED
[23.05|12:01:26] JOB optB SUCCESSFUL
[nme2] running ADFFragmentJob (5 children)
[23.05|12:01:26] JOB nme2_eda STARTED
[23.05|12:01:26] JOB nme2_eda RUNNING
[23.05|12:01:26] JOB nme2_eda/frag1 STARTED
[23.05|12:01:26] JOB nme2_eda/frag1 RUNNING
[23.05|12:05:04] JOB nme2_eda/frag1 FINISHED
[23.05|12:05:05] JOB nme2_eda/frag1 SUCCESSFUL
[23.05|12:05:05] JOB nme2_eda/frag2 STARTED
[23.05|12:05:05] JOB nme2_eda/frag2 RUNNING
[23.05|12:06:05] JOB nme2_eda/frag2 FINISHED
[23.05|12:06:05] JOB nme2_eda/frag2 SUCCESSFUL
[23.05|12:06:05] JOB nme2_eda/full STARTED
[23.05|12:06:05] JOB nme2_eda/full RUNNING
[23.05|12:17:43] JOB nme2_eda/full FINISHED
[23.05|12:17:43] JOB nme2_eda/full SUCCESSFUL
[23.05|12:17:43] JOB nme2_eda/frag1_opt STARTED
[23.05|12:17:43] JOB nme2_eda/frag1_opt RUNNING
[23.05|12:21:18] JOB nme2_eda/frag1_opt FINISHED
[23.05|12:21:18] JOB nme2_eda/frag1_opt SUCCESSFUL
[23.05|12:21:18] JOB nme2_eda/frag2_opt STARTED
[23.05|12:21:18] JOB nme2_eda/frag2_opt RUNNING
[23.05|12:22:11] JOB nme2_eda/frag2_opt FINISHED
[23.05|12:22:11] JOB nme2_eda/frag2_opt SUCCESSFUL
[23.05|12:22:11] JOB nme2_eda FINISHED
[23.05|12:22:11] JOB nme2_eda SUCCESSFUL
PLAMS run finished. Goodbye
[nme2] ASR vector (kcal/mol):
  E_strain             =     18.146
  E_Pauli              =    168.400
  E_elstat             =    -78.670
  E_oi                 =   -114.640
  E_disp               =     -9.190
  E_int                =    -34.100
  dE_frag_barrier_eda  =    -15.954
