PLAMS working folder: /gpfs/tmp_cpu2/yeseo1ee_plams/ome_batch/plams_ome
[ome] running optA (fragment A relax in isolation, doublet)
[23.05|11:42:49] JOB optA STARTED
[23.05|11:42:49] JOB optA RUNNING
[23.05|11:53:31] JOB optA FINISHED
[23.05|11:53:31] JOB optA SUCCESSFUL
[ome] running optB (fragment B relax in isolation, doublet ↓)
[23.05|11:53:31] JOB optB STARTED
[23.05|11:53:31] JOB optB RUNNING
[23.05|11:58:07] JOB optB FINISHED
[23.05|11:58:07] JOB optB SUCCESSFUL
[ome] running ADFFragmentJob (5 children)
[23.05|11:58:07] JOB ome_eda STARTED
[23.05|11:58:07] JOB ome_eda RUNNING
[23.05|11:58:07] JOB ome_eda/frag1 STARTED
[23.05|11:58:07] JOB ome_eda/frag1 RUNNING
[23.05|12:00:05] JOB ome_eda/frag1 FINISHED
[23.05|12:00:06] JOB ome_eda/frag1 SUCCESSFUL
[23.05|12:00:06] JOB ome_eda/frag2 STARTED
[23.05|12:00:06] JOB ome_eda/frag2 RUNNING
[23.05|12:01:02] JOB ome_eda/frag2 FINISHED
[23.05|12:01:02] JOB ome_eda/frag2 SUCCESSFUL
[23.05|12:01:02] JOB ome_eda/full STARTED
[23.05|12:01:02] JOB ome_eda/full RUNNING
[23.05|12:09:00] JOB ome_eda/full FINISHED
[23.05|12:09:00] JOB ome_eda/full SUCCESSFUL
[23.05|12:09:00] JOB ome_eda/frag1_opt STARTED
[23.05|12:09:00] JOB ome_eda/frag1_opt RUNNING
[23.05|12:10:47] JOB ome_eda/frag1_opt FINISHED
[23.05|12:10:47] JOB ome_eda/frag1_opt SUCCESSFUL
[23.05|12:10:47] JOB ome_eda/frag2_opt STARTED
[23.05|12:10:47] JOB ome_eda/frag2_opt RUNNING
[23.05|12:11:41] JOB ome_eda/frag2_opt FINISHED
[23.05|12:11:41] JOB ome_eda/frag2_opt SUCCESSFUL
[23.05|12:11:41] JOB ome_eda FINISHED
[23.05|12:11:41] JOB ome_eda SUCCESSFUL
PLAMS run finished. Goodbye
[ome] ASR vector (kcal/mol):
  E_strain             =     15.556
  E_Pauli              =    145.710
  E_elstat             =    -67.750
  E_oi                 =   -104.820
  E_disp               =     -8.100
  E_int                =    -34.960
  dE_frag_barrier_eda  =    -19.404
