PLAMS working folder: /gpfs/tmp_cpu2/yeseo1ee_plams/ph_batch/plams_ph
[ph] running optA (fragment A relax in isolation, doublet)
[23.05|12:10:14] JOB optA STARTED
[23.05|12:10:14] JOB optA RUNNING
[23.05|12:44:01] JOB optA FINISHED
[23.05|12:44:01] JOB optA SUCCESSFUL
[ph] running optB (fragment B relax in isolation, doublet ↓)
[23.05|12:44:01] JOB optB STARTED
[23.05|12:44:01] JOB optB RUNNING
[23.05|12:48:48] JOB optB FINISHED
[23.05|12:48:48] JOB optB SUCCESSFUL
[ph] running ADFFragmentJob (5 children)
[23.05|12:48:48] JOB ph_eda STARTED
[23.05|12:48:48] JOB ph_eda RUNNING
[23.05|12:48:48] JOB ph_eda/frag1 STARTED
[23.05|12:48:48] JOB ph_eda/frag1 RUNNING
[23.05|12:55:01] JOB ph_eda/frag1 FINISHED
[23.05|12:55:01] JOB ph_eda/frag1 SUCCESSFUL
[23.05|12:55:01] JOB ph_eda/frag2 STARTED
[23.05|12:55:01] JOB ph_eda/frag2 RUNNING
[23.05|12:55:58] JOB ph_eda/frag2 FINISHED
[23.05|12:55:58] JOB ph_eda/frag2 SUCCESSFUL
[23.05|12:55:58] JOB ph_eda/full STARTED
[23.05|12:55:58] JOB ph_eda/full RUNNING
[23.05|13:11:38] JOB ph_eda/full FINISHED
[23.05|13:11:38] JOB ph_eda/full SUCCESSFUL
[23.05|13:11:38] JOB ph_eda/frag1_opt STARTED
[23.05|13:11:38] JOB ph_eda/frag1_opt RUNNING
[23.05|13:17:27] JOB ph_eda/frag1_opt FINISHED
[23.05|13:17:27] JOB ph_eda/frag1_opt SUCCESSFUL
[23.05|13:17:27] JOB ph_eda/frag2_opt STARTED
[23.05|13:17:27] JOB ph_eda/frag2_opt RUNNING
[23.05|13:18:20] JOB ph_eda/frag2_opt FINISHED
[23.05|13:18:20] JOB ph_eda/frag2_opt SUCCESSFUL
[23.05|13:18:20] JOB ph_eda FINISHED
[23.05|13:18:20] JOB ph_eda SUCCESSFUL
PLAMS run finished. Goodbye
[ph] ASR vector (kcal/mol):
  E_strain             =     15.309
  E_Pauli              =    176.030
  E_elstat             =    -82.000
  E_oi                 =   -123.440
  E_disp               =     -9.490
  E_int                =    -38.900
  dE_frag_barrier_eda  =    -23.591
