<May23-2026> <12:55:58>  AMS 2026.103  RunTime: May23-2026 12:55:58  ShM Nodes: 1  Procs: 1
<May23-2026> <12:55:58>  ADF 2026.103  RunTime: May23-2026 12:55:58  ShM Nodes: 1  Procs: 1
<May23-2026> <12:55:58>  *** (NO TITLE) ***
<May23-2026> <12:55:58>  *** adf ***
<May23-2026> <12:55:58>  Net Charge: 0 (Nuclei minus Electrons)
<May23-2026> <12:55:58>  Spin polar: 0 (Spin_A minus Spin_B electrons)
<May23-2026> <12:55:58>  Symmetry  : NOSYM
<May23-2026> <12:55:58>  >>>> FRAGM
<May23-2026> <12:55:58>  Coordinates
<May23-2026> <12:55:58>     Atom         X           Y           Z   (Angstrom)
<May23-2026> <12:55:58>     1.C         1.102948   -1.259083   -1.398320
<May23-2026> <12:55:58>     2.C         0.439359   -1.123347   -0.199889
<May23-2026> <12:55:58>     3.C        -0.849201   -0.393851   -0.072599
<May23-2026> <12:55:58>     4.C        -1.420094   -0.268186    1.188668
<May23-2026> <12:55:58>     5.C        -2.606549    0.419661    1.364435
<May23-2026> <12:55:58>     6.C        -3.244120    0.994942    0.279748
<May23-2026> <12:55:58>     7.C        -2.686672    0.874168   -0.982253
<May23-2026> <12:55:58>     8.C        -1.501868    0.184980   -1.156817
<May23-2026> <12:55:58>     9.O         1.070147   -1.400314    0.887944
<May23-2026> <12:55:58>    10.H         0.607281   -1.077841   -2.341017
<May23-2026> <12:55:58>    11.H         1.952106   -1.923086   -1.426980
<May23-2026> <12:55:58>    12.H        -0.921672   -0.728679    2.028996
<May23-2026> <12:55:58>    13.H        -3.037276    0.503034    2.352820
<May23-2026> <12:55:58>    14.H        -4.172578    1.532358    0.414698
<May23-2026> <12:55:58>    15.H        -3.178008    1.319875   -1.836185
<May23-2026> <12:55:58>    16.H        -1.088310    0.104650   -2.151284
<May23-2026> <12:55:58>    17.C         2.142951    0.011357    1.290669
<May23-2026> <12:55:58>    18.C         2.929596    0.131072    0.143408
<May23-2026> <12:55:58>    19.C         2.320028    0.501372   -1.032627
<May23-2026> <12:55:58>    20.H         2.583460   -0.377566    2.197363
<May23-2026> <12:55:58>    21.H         1.345820    0.726100    1.453086
<May23-2026> <12:55:58>    22.H         3.862169   -0.417248    0.099993
<May23-2026> <12:55:58>    23.H         1.476674    1.179809   -1.015600
<May23-2026> <12:55:58>    24.H         2.873813    0.485822   -1.962564
<May23-2026> <12:55:58>  >>>> CORORT
<May23-2026> <12:55:58>  >>>> CLSMAT
<May23-2026> <12:55:59>  >>>> ORTHON
<May23-2026> <12:56:01>  >>>> GENPT
<May23-2026> <12:56:01>  Block Length= 128
<May23-2026> <12:56:03>  >>>> PTBAS
<May23-2026> <12:56:19>  >>>> CYCLE
<May23-2026> <12:56:54>              |Error|         MaxErr       Wt(A-DIIS)
<May23-2026> <12:56:54>      1      1.21970603      0.39485591
<May23-2026> <12:57:25>      2      0.32385753      0.03226842    100.0
<May23-2026> <12:57:57>      3      0.27434676      0.02931161    100.0
<May23-2026> <12:58:29>      4      0.73530700      0.07179747    100.0
<May23-2026> <12:59:00>      5      0.17997130      0.02426240     23.5
<May23-2026> <12:59:32>      6      0.05796091      0.00900124      8.1
<May23-2026> <13:00:03>      7      0.04089484      0.00740874      6.5
<May23-2026> <13:00:34>      8      0.01830997      0.00262267      1.6
<May23-2026> <13:01:06>      9      0.00661449      0.00092945      0.0
<May23-2026> <13:01:37>     10      0.00450603      0.00063856      0.0
<May23-2026> <13:02:08>     11      0.00110426      0.00010730      0.0
<May23-2026> <13:02:40>     12      0.00073250      0.00005639      0.0
<May23-2026> <13:03:12>     13      0.00025721      0.00002702      0.0
<May23-2026> <13:03:43>     14      0.00016421      0.00001439      0.0
<May23-2026> <13:04:15>     15      0.00008047      0.00000937      0.0
<May23-2026> <13:04:46>     16      0.00004257      0.00000407      0.0
<May23-2026> <13:05:18>     17      0.00001858      0.00000184      0.0
<May23-2026> <13:05:50>     18      0.00001520      0.00000196      0.0
<May23-2026> <13:06:22>     19      0.00001016      0.00000137      0.0
<May23-2026> <13:06:53>     20      0.00000599      0.00000068      0.0
<May23-2026> <13:07:03>  SCF converged
<May23-2026> <13:07:25>     21      0.00000345      0.00000050      0.0
<May23-2026> <13:07:51>  >>>> TOTEN
<May23-2026> <13:09:30>  >>>> POPAN
<May23-2026> <13:09:30>  >>>> DEBYE
<May23-2026> <13:09:30>  >>>> AMETS
<May23-2026> <13:11:38>   Bond Energy          -0.06199043 a.u.
<May23-2026> <13:11:38>   Bond Energy          -1.68684540 eV
<May23-2026> <13:11:38>   Bond Energy         -38.90       kcal/mol
<May23-2026> <13:11:38>  >>>> POPUL
<May23-2026> <13:11:38>  NORMAL TERMINATION
