<May23-2026> <13:31:50>  AMS 2026.103  RunTime: May23-2026 13:31:50  ShM Nodes: 1  Procs: 1
<May23-2026> <13:31:50>  ADF 2026.103  RunTime: May23-2026 13:31:50  ShM Nodes: 1  Procs: 1
<May23-2026> <13:31:50>  *** (NO TITLE) ***
<May23-2026> <13:31:51>  *** adf ***
<May23-2026> <13:31:51>  Net Charge: 0 (Nuclei minus Electrons)
<May23-2026> <13:31:51>  Spin polar: 0 (Spin_A minus Spin_B electrons)
<May23-2026> <13:31:51>  Symmetry  : NOSYM
<May23-2026> <13:31:51>  >>>> FRAGM
<May23-2026> <13:31:51>  Coordinates
<May23-2026> <13:31:51>     Atom         X           Y           Z   (Angstrom)
<May23-2026> <13:31:51>     1.C         0.234740   -1.590227   -0.681156
<May23-2026> <13:31:51>     2.C        -0.667324   -0.722959   -0.118698
<May23-2026> <13:31:51>     3.C        -1.413092    0.231360   -1.027659
<May23-2026> <13:31:51>     4.C        -2.171484    1.334136   -0.359811
<May23-2026> <13:31:51>     5.O        -1.386989    0.090637   -2.226157
<May23-2026> <13:31:51>     6.O        -0.743161   -0.516814    1.138042
<May23-2026> <13:31:51>     7.H         0.259897   -1.694286   -1.756144
<May23-2026> <13:31:51>     8.H         0.613896   -2.401267   -0.080785
<May23-2026> <13:31:51>     9.H        -1.491111    1.952347    0.223926
<May23-2026> <13:31:51>    10.H        -2.675893    1.932803   -1.111188
<May23-2026> <13:31:51>    11.H        -2.887331    0.916887    0.345599
<May23-2026> <13:31:51>    12.C         0.888291    0.133276    1.884986
<May23-2026> <13:31:51>    13.C         1.573738    0.558247    0.759179
<May23-2026> <13:31:51>    14.C         2.051357   -0.390015   -0.115415
<May23-2026> <13:31:51>    15.H         0.434082    0.849086    2.553605
<May23-2026> <13:31:51>    16.H         1.140588   -0.818610    2.329020
<May23-2026> <13:31:51>    17.H         1.385911    1.560081    0.391580
<May23-2026> <13:31:51>    18.H         2.419501   -0.102380   -1.090986
<May23-2026> <13:31:51>    19.H         2.434382   -1.322303    0.271674
<May23-2026> <13:31:51>  >>>> CORORT
<May23-2026> <13:31:51>  >>>> CLSMAT
<May23-2026> <13:31:51>  >>>> ORTHON
<May23-2026> <13:31:52>  >>>> GENPT
<May23-2026> <13:31:52>  Block Length= 128
<May23-2026> <13:31:53>  >>>> PTBAS
<May23-2026> <13:32:02>  >>>> CYCLE
<May23-2026> <13:32:23>              |Error|         MaxErr       Wt(A-DIIS)
<May23-2026> <13:32:23>      1      1.04288841      0.33199030
<May23-2026> <13:32:43>      2      0.31213063      0.04249354    100.0
<May23-2026> <13:33:02>      3      0.26492289      0.03827671    100.0
<May23-2026> <13:33:21>      4      0.73994307      0.10643257    100.0
<May23-2026> <13:33:40>      5      0.19418204      0.03481212     34.2
<May23-2026> <13:34:00>      6      0.07907131      0.01351975     12.6
<May23-2026> <13:34:19>      7      0.05058516      0.00903854      8.1
<May23-2026> <13:34:38>      8      0.01938291      0.00296710      2.0
<May23-2026> <13:34:58>      9      0.00597234      0.00056304      0.0
<May23-2026> <13:35:17>     10      0.00397622      0.00045363      0.0
<May23-2026> <13:35:36>     11      0.00126840      0.00011045      0.0
<May23-2026> <13:35:56>     12      0.00060832      0.00005391      0.0
<May23-2026> <13:36:15>     13      0.00039333      0.00003744      0.0
<May23-2026> <13:36:34>     14      0.00018703      0.00002159      0.0
<May23-2026> <13:36:53>     15      0.00008443      0.00001252      0.0
<May23-2026> <13:37:12>     16      0.00005027      0.00000588      0.0
<May23-2026> <13:37:32>     17      0.00001416      0.00000161      0.0
<May23-2026> <13:37:51>     18      0.00001667      0.00000209      0.0
<May23-2026> <13:38:10>     19      0.00000827      0.00000120      0.0
<May23-2026> <13:38:30>     20      0.00000351      0.00000052      0.0
<May23-2026> <13:38:35>  SCF converged
<May23-2026> <13:38:49>     21      0.00000216      0.00000024      0.0
<May23-2026> <13:39:05>  >>>> TOTEN
<May23-2026> <13:40:04>  >>>> POPAN
<May23-2026> <13:40:04>  >>>> DEBYE
<May23-2026> <13:40:05>  >>>> AMETS
<May23-2026> <13:41:26>   Bond Energy          -0.05777608 a.u.
<May23-2026> <13:41:26>   Bond Energy          -1.57216721 eV
<May23-2026> <13:41:26>   Bond Energy         -36.26       kcal/mol
<May23-2026> <13:41:26>  >>>> POPUL
<May23-2026> <13:41:26>  NORMAL TERMINATION
