<May23-2026> <11:56:51>  AMS 2026.103  RunTime: May23-2026 11:56:51  ShM Nodes: 1  Procs: 1
<May23-2026> <11:56:51>  ADF 2026.103  RunTime: May23-2026 11:56:51  ShM Nodes: 1  Procs: 1
<May23-2026> <11:56:51>  *** (NO TITLE) ***
<May23-2026> <11:56:51>  Iteration 1
<May23-2026> <11:56:51>  DIRAC 2026.103  RunTime: May23-2026 11:56:51  ShM Nodes: 1  Procs: 1
<May23-2026> <11:56:51>  Carbon (TZ2P)
<May23-2026> <11:56:51>  Net Charge: 0 (Nuclei minus Electrons)
<May23-2026> <11:56:51>  Symmetry  : ATOM
<May23-2026> <11:56:51>  Coordinates
<May23-2026> <11:56:51>     Atom         X           Y           Z   (Angstrom)
<May23-2026> <11:56:51>     1.C         0.000000    0.000000    0.000000
<May23-2026> <11:56:51>  >>>> CORORT
<May23-2026> <11:56:51>  >>>> CLSMAT
<May23-2026> <11:56:51>  >>>> ORTHON
<May23-2026> <11:56:51>  >>>> GENPT
<May23-2026> <11:56:51>  Block Length=  72
<May23-2026> <11:56:51>  >>>> PTBAS
<May23-2026> <11:56:51>  >>>> CYCLE
<May23-2026> <11:56:51>              |Error|         MaxErr       Wt(A-DIIS)
<May23-2026> <11:56:51>      1      0.00000000      0.00000000
<May23-2026> <11:56:51>      2      4.48450606      3.33074448    100.0
<May23-2026> <11:56:51>      3      1.63845963      1.31677840    100.0
<May23-2026> <11:56:51>      4      0.72237885      0.58090812    100.0
<May23-2026> <11:56:51>      5      0.41341516      0.32921223    100.0
<May23-2026> <11:56:51>      6      0.12634980      0.09661242     96.6
<May23-2026> <11:56:51>      7      0.11511849      0.08978748     89.7
<May23-2026> <11:56:51>      8      0.00670007      0.00519977      4.2
<May23-2026> <11:56:51>      9      0.00022181      0.00016825      0.0
<May23-2026> <11:56:51>     10      0.00000199      0.00000135      0.0
<May23-2026> <11:56:51>     11      0.00000002      0.00000001      0.0
<May23-2026> <11:56:51>     12      0.00000000      0.00000000      0.0
<May23-2026> <11:56:51>  SCF converged
<May23-2026> <11:56:51>     13      0.00000000      0.00000000      0.0
<May23-2026> <11:56:52>  >>>> POPAN
<May23-2026> <11:56:52>  >>>> DEBYE
<May23-2026> <11:56:52>  DIRAC 2026.103  RunTime: May23-2026 11:56:52  ShM Nodes: 1  Procs: 1
<May23-2026> <11:56:52>  Hydrogen (TZ2P)
<May23-2026> <11:56:52>  Net Charge: 0 (Nuclei minus Electrons)
<May23-2026> <11:56:52>  Symmetry  : ATOM
<May23-2026> <11:56:52>  Coordinates
<May23-2026> <11:56:52>     Atom         X           Y           Z   (Angstrom)
<May23-2026> <11:56:52>     1.H         0.000000    0.000000    0.000000
<May23-2026> <11:56:52>  >>>> CORORT
<May23-2026> <11:56:52>  >>>> CLSMAT
<May23-2026> <11:56:52>  >>>> ORTHON
<May23-2026> <11:56:52>  >>>> GENPT
<May23-2026> <11:56:52>  Block Length=  64
<May23-2026> <11:56:52>  >>>> PTBAS
<May23-2026> <11:56:52>  >>>> CYCLE
<May23-2026> <11:56:52>              |Error|         MaxErr       Wt(A-DIIS)
<May23-2026> <11:56:52>      1      0.00000000      0.00000000
<May23-2026> <11:56:52>      2      0.03100426      0.02644614
<May23-2026> <11:56:52>      3      0.00958086      0.00932931    100.0
<May23-2026> <11:56:52>      4      0.00232128      0.00228673      1.3
<May23-2026> <11:56:52>      5      0.00003156      0.00002984      0.0
<May23-2026> <11:56:52>      6      0.00000096      0.00000091      0.0
<May23-2026> <11:56:52>      7      0.00000000      0.00000000      0.0
<May23-2026> <11:56:52>  SCF converged
<May23-2026> <11:56:52>      8      0.00000000      0.00000000      0.0
<May23-2026> <11:56:52>  >>>> POPAN
<May23-2026> <11:56:52>  >>>> DEBYE
<May23-2026> <11:56:52>  *** GO1_GOStep1 ***
<May23-2026> <11:56:52>  >>>> FRAGM
<May23-2026> <11:56:52>  Coordinates
<May23-2026> <11:56:52>     Atom         X           Y           Z   (Angstrom)
<May23-2026> <11:56:52>     1.C         1.603060   -1.467893   -0.773705
<May23-2026> <11:56:52>     2.C         1.903745   -0.611950    0.294279
<May23-2026> <11:56:52>     3.C         2.147987    0.705582   -0.009040
<May23-2026> <11:56:52>     4.H         1.328710   -2.493277   -0.568356
<May23-2026> <11:56:52>     5.H         2.135311   -1.327634   -1.704112
<May23-2026> <11:56:52>     6.H         1.556878   -0.873695    1.285533
<May23-2026> <11:56:52>     7.H         2.228669    1.449177    0.772652
<May23-2026> <11:56:52>     8.H         2.641434    0.954095   -0.937153
<May23-2026> <11:56:52>  >>>> CORORT
<May23-2026> <11:56:52>  >>>> CLSMAT
<May23-2026> <11:56:52>  >>>> ORTHON
<May23-2026> <11:56:52>  >>>> GENPT
<May23-2026> <11:56:52>  Block Length= 128
<May23-2026> <11:56:52>  >>>> PTBAS
<May23-2026> <11:56:53>  >>>> CYCLE
<May23-2026> <11:56:57>              |Error|         MaxErr       Wt(A-DIIS)
<May23-2026> <11:56:57>      1      4.08247866      0.43317654
<May23-2026> <11:57:00>      2      0.79412071      0.05564426    100.0
<May23-2026> <11:57:02>      3      0.70955674      0.04889930    100.0
<May23-2026> <11:57:05>      4      1.05617954      0.08914867    100.0
<May23-2026> <11:57:08>      5      0.15774696      0.01383613     13.0
<May23-2026> <11:57:11>      6      0.06787289      0.00654856      5.6
<May23-2026> <11:57:14>      7      0.01784343      0.00179556      0.8
<May23-2026> <11:57:17>      8      0.00475188      0.00054437      0.0
<May23-2026> <11:57:20>      9      0.00548285      0.00057137      0.0
<May23-2026> <11:57:22>     10      0.00102469      0.00011266      0.0
<May23-2026> <11:57:25>     11      0.00013116      0.00001236      0.0
<May23-2026> <11:57:28>     12      0.00002621      0.00000299      0.0
<May23-2026> <11:57:31>     13      0.00000761      0.00000068      0.0
<May23-2026> <11:57:31>  SCF converged
<May23-2026> <11:57:34>     14      0.00000288      0.00000023      0.0
<May23-2026> <11:57:34>  >>>> TOTEN
<May23-2026> <11:57:38>  >>>> POPAN
<May23-2026> <11:57:38>  >>>> DEBYE
<May23-2026> <11:57:39>  >>>> ENGRAD
<May23-2026> <11:57:42>  current energy                               -1.52813223 Hartree
<May23-2026> <11:57:42>  energy change                      -1.52813223     0.00008000    F
<May23-2026> <11:57:42>  constrained gradient max            0.06666503     0.00100000    F
<May23-2026> <11:57:42>  constrained gradient rms            0.02701407     0.00066667    F
<May23-2026> <11:57:42>  gradient max                        0.06666503
<May23-2026> <11:57:42>  gradient rms                        0.02701407
<May23-2026> <11:57:42>  cart. step max                      0.06312005     0.01000000    F
<May23-2026> <11:57:42>  cart. step rms                      0.02637525     0.00666667    F
<May23-2026> <11:57:42>  Iteration 2
<May23-2026> <11:57:42>  *** GO1_GOStep2 ***
<May23-2026> <11:57:42>  >>>> FRAGM
<May23-2026> <11:57:42>  Coordinates
<May23-2026> <11:57:42>     Atom         X           Y           Z   (Angstrom)
<May23-2026> <11:57:42>     1.C         1.619706   -1.507459   -0.773976
<May23-2026> <11:57:42>     2.C         1.885581   -0.600151    0.265778
<May23-2026> <11:57:42>     3.C         2.173010    0.732578    0.006750
<May23-2026> <11:57:42>     4.H         1.327272   -2.529064   -0.548264
<May23-2026> <11:57:42>     5.H         2.111435   -1.375731   -1.733597
<May23-2026> <11:57:42>     6.H         1.541963   -0.864531    1.263096
<May23-2026> <11:57:42>     7.H         2.242258    1.461547    0.808887
<May23-2026> <11:57:42>     8.H         2.644569    1.017215   -0.928575
<May23-2026> <11:57:42>  >>>> CORORT
<May23-2026> <11:57:42>  >>>> CLSMAT
<May23-2026> <11:57:42>  >>>> ORTHON
<May23-2026> <11:57:42>  >>>> GENPT
<May23-2026> <11:57:42>  Block Length= 128
<May23-2026> <11:57:42>  >>>> PTBAS
<May23-2026> <11:57:43>  >>>> CYCLE
<May23-2026> <11:57:44>  using orbital data from restart file
<May23-2026> <11:57:46>              |Error|         MaxErr       Wt(A-DIIS)
<May23-2026> <11:57:46>      1      0.12196857      0.01668216
<May23-2026> <11:57:49>      2      0.02720867      0.00286505    100.0
<May23-2026> <11:57:52>      3      0.05455519      0.00611595    100.0
<May23-2026> <11:57:55>      4      0.01123422      0.00091293      0.0
<May23-2026> <11:57:58>      5      0.00492916      0.00046303      0.0
<May23-2026> <11:58:01>      6      0.00115288      0.00013021      0.0
<May23-2026> <11:58:04>      7      0.00033160      0.00002992      0.0
<May23-2026> <11:58:06>      8      0.00014393      0.00001113      0.0
<May23-2026> <11:58:09>      9      0.00002435      0.00000188      0.0
<May23-2026> <11:58:12>     10      0.00000491      0.00000040      0.0
<May23-2026> <11:58:13>  SCF converged
<May23-2026> <11:58:15>     11      0.00000117      0.00000009      0.0
<May23-2026> <11:58:16>  >>>> TOTEN
<May23-2026> <11:58:20>  >>>> POPAN
<May23-2026> <11:58:20>  >>>> DEBYE
<May23-2026> <11:58:20>  >>>> ENGRAD
<May23-2026> <11:58:23>  current energy                               -1.53462417 Hartree
<May23-2026> <11:58:23>  energy change                      -0.00649194     0.00008000    F
<May23-2026> <11:58:23>  constrained gradient max            0.05477349     0.00100000    F
<May23-2026> <11:58:23>  constrained gradient rms            0.02092934     0.00066667    F
<May23-2026> <11:58:23>  gradient max                        0.05477349
<May23-2026> <11:58:23>  gradient rms                        0.02092934
<May23-2026> <11:58:23>  cart. step max                      0.05019380     0.01000000    F
<May23-2026> <11:58:23>  cart. step rms                      0.02315950     0.00666667    F
<May23-2026> <11:58:23>  Iteration 3
<May23-2026> <11:58:23>  *** GO1_GOStep3 ***
<May23-2026> <11:58:23>  >>>> FRAGM
<May23-2026> <11:58:23>  Coordinates
<May23-2026> <11:58:23>     Atom         X           Y           Z   (Angstrom)
<May23-2026> <11:58:23>     1.C         1.669900   -1.533137   -0.760565
<May23-2026> <11:58:23>     2.C         1.849922   -0.587926    0.248160
<May23-2026> <11:58:23>     3.C         2.215174    0.729506    0.019836
<May23-2026> <11:58:23>     4.H         1.340264   -2.543303   -0.529452
<May23-2026> <11:58:23>     5.H         2.079461   -1.373514   -1.757362
<May23-2026> <11:58:23>     6.H         1.505903   -0.851819    1.250066
<May23-2026> <11:58:23>     7.H         2.260284    1.453576    0.829105
<May23-2026> <11:58:23>     8.H         2.624886    1.041022   -0.939689
<May23-2026> <11:58:23>  >>>> CORORT
<May23-2026> <11:58:23>  >>>> CLSMAT
<May23-2026> <11:58:23>  >>>> ORTHON
<May23-2026> <11:58:23>  >>>> GENPT
<May23-2026> <11:58:23>  Block Length= 128
<May23-2026> <11:58:23>  >>>> PTBAS
<May23-2026> <11:58:24>  >>>> CYCLE
<May23-2026> <11:58:25>  using orbital data from restart file
<May23-2026> <11:58:28>              |Error|         MaxErr       Wt(A-DIIS)
<May23-2026> <11:58:28>      1      0.18154954      0.02750002
<May23-2026> <11:58:30>      2      0.02839463      0.00274864    100.0
<May23-2026> <11:58:33>      3      0.03854550      0.00381598    100.0
<May23-2026> <11:58:36>      4      0.01269469      0.00104843      0.0
<May23-2026> <11:58:39>      5      0.00352219      0.00032552      0.0
<May23-2026> <11:58:42>      6      0.00249490      0.00027910      0.0
<May23-2026> <11:58:45>      7      0.00023368      0.00001926      0.0
<May23-2026> <11:58:48>      8      0.00009850      0.00000893      0.0
<May23-2026> <11:58:51>      9      0.00003452      0.00000314      0.0
<May23-2026> <11:58:54>     10      0.00000583      0.00000044      0.0
<May23-2026> <11:58:54>  SCF converged
<May23-2026> <11:58:56>     11      0.00000208      0.00000015      0.0
<May23-2026> <11:58:57>  >>>> TOTEN
<May23-2026> <11:59:01>  >>>> POPAN
<May23-2026> <11:59:01>  >>>> DEBYE
<May23-2026> <11:59:01>  >>>> ENGRAD
<May23-2026> <11:59:04>  current energy                               -1.54128875 Hartree
<May23-2026> <11:59:04>  energy change                      -0.00666458     0.00008000    F
<May23-2026> <11:59:04>  constrained gradient max            0.03115317     0.00100000    F
<May23-2026> <11:59:04>  constrained gradient rms            0.01110938     0.00066667    F
<May23-2026> <11:59:04>  gradient max                        0.03115317
<May23-2026> <11:59:04>  gradient rms                        0.01110938
<May23-2026> <11:59:04>  cart. step max                      0.05345760     0.01000000    F
<May23-2026> <11:59:04>  cart. step rms                      0.02487010     0.00666667    F
<May23-2026> <11:59:04>  Iteration 4
<May23-2026> <11:59:04>  *** GO1_GOStep4 ***
<May23-2026> <11:59:04>  >>>> FRAGM
<May23-2026> <11:59:05>  Coordinates
<May23-2026> <11:59:05>     Atom         X           Y           Z   (Angstrom)
<May23-2026> <11:59:05>     1.C         1.723358   -1.550933   -0.745484
<May23-2026> <11:59:05>     2.C         1.797143   -0.572693    0.230602
<May23-2026> <11:59:05>     3.C         2.250429    0.719669    0.027555
<May23-2026> <11:59:05>     4.H         1.372494   -2.551869   -0.513828
<May23-2026> <11:59:05>     5.H         2.039886   -1.352087   -1.767876
<May23-2026> <11:59:05>     6.H         1.467902   -0.839910    1.237881
<May23-2026> <11:59:05>     7.H         2.287593    1.438757    0.839962
<May23-2026> <11:59:05>     8.H         2.606990    1.043470   -0.948715
<May23-2026> <11:59:05>  >>>> CORORT
<May23-2026> <11:59:05>  >>>> CLSMAT
<May23-2026> <11:59:05>  >>>> ORTHON
<May23-2026> <11:59:05>  >>>> GENPT
<May23-2026> <11:59:05>  Block Length= 128
<May23-2026> <11:59:05>  >>>> PTBAS
<May23-2026> <11:59:06>  >>>> CYCLE
<May23-2026> <11:59:07>  using orbital data from restart file
<May23-2026> <11:59:09>              |Error|         MaxErr       Wt(A-DIIS)
<May23-2026> <11:59:09>      1      0.20613558      0.03321728
<May23-2026> <11:59:12>      2      0.02670134      0.00270481    100.0
<May23-2026> <11:59:15>      3      0.03090840      0.00244041    100.0
<May23-2026> <11:59:18>      4      0.00818359      0.00076042      0.0
<May23-2026> <11:59:21>      5      0.00310757      0.00033344      0.0
<May23-2026> <11:59:24>      6      0.00241282      0.00023799      0.0
<May23-2026> <11:59:26>      7      0.00069843      0.00006910      0.0
<May23-2026> <11:59:29>      8      0.00016672      0.00001515      0.0
<May23-2026> <11:59:32>      9      0.00002395      0.00000254      0.0
<May23-2026> <11:59:35>     10      0.00000470      0.00000044      0.0
<May23-2026> <11:59:36>  SCF converged
<May23-2026> <11:59:38>     11      0.00000138      0.00000018      0.0
<May23-2026> <11:59:38>  >>>> TOTEN
<May23-2026> <11:59:43>  >>>> POPAN
<May23-2026> <11:59:43>  >>>> DEBYE
<May23-2026> <11:59:43>  >>>> ENGRAD
<May23-2026> <11:59:46>  current energy                               -1.54390602 Hartree
<May23-2026> <11:59:46>  energy change                      -0.00261727     0.00008000    F
<May23-2026> <11:59:46>  constrained gradient max            0.00642787     0.00100000    F
<May23-2026> <11:59:46>  constrained gradient rms            0.00218696     0.00066667    F
<May23-2026> <11:59:46>  gradient max                        0.00642787
<May23-2026> <11:59:46>  gradient rms                        0.00218696
<May23-2026> <11:59:46>  cart. step max                      0.01664934     0.01000000    F
<May23-2026> <11:59:46>  cart. step rms                      0.00587659     0.00666667    T
<May23-2026> <11:59:46>  Iteration 5
<May23-2026> <11:59:46>  *** GO1_GOStep5 ***
<May23-2026> <11:59:46>  >>>> FRAGM
<May23-2026> <11:59:46>  Coordinates
<May23-2026> <11:59:46>     Atom         X           Y           Z   (Angstrom)
<May23-2026> <11:59:46>     1.C         1.731045   -1.557880   -0.744402
<May23-2026> <11:59:46>     2.C         1.804934   -0.574757    0.230734
<May23-2026> <11:59:46>     3.C         2.258781    0.721345    0.030786
<May23-2026> <11:59:46>     4.H         1.355845   -2.551430   -0.517960
<May23-2026> <11:59:46>     5.H         2.044587   -1.359044   -1.767708
<May23-2026> <11:59:46>     6.H         1.469541   -0.839427    1.236713
<May23-2026> <11:59:46>     7.H         2.283276    1.443456    0.841358
<May23-2026> <11:59:46>     8.H         2.597787    1.052141   -0.949423
<May23-2026> <11:59:46>  >>>> CORORT
<May23-2026> <11:59:46>  >>>> CLSMAT
<May23-2026> <11:59:46>  >>>> ORTHON
<May23-2026> <11:59:46>  >>>> GENPT
<May23-2026> <11:59:46>  Block Length= 128
<May23-2026> <11:59:46>  >>>> PTBAS
<May23-2026> <11:59:47>  >>>> CYCLE
<May23-2026> <11:59:48>  using orbital data from restart file
<May23-2026> <11:59:51>              |Error|         MaxErr       Wt(A-DIIS)
<May23-2026> <11:59:51>      1      0.02223061      0.00262330
<May23-2026> <11:59:53>      2      0.00836823      0.00067942    100.0
<May23-2026> <11:59:56>      3      0.00995555      0.00067962    100.0
<May23-2026> <11:59:59>      4      0.00263825      0.00022035      0.0
<May23-2026> <12:00:02>      5      0.00049875      0.00004987      0.0
<May23-2026> <12:00:05>      6      0.00034640      0.00003620      0.0
<May23-2026> <12:00:08>      7      0.00018818      0.00001678      0.0
<May23-2026> <12:00:11>      8      0.00006269      0.00000654      0.0
<May23-2026> <12:00:14>      9      0.00000416      0.00000050      0.0
<May23-2026> <12:00:14>  SCF converged
<May23-2026> <12:00:16>     10      0.00000038      0.00000003      0.0
<May23-2026> <12:00:17>  >>>> TOTEN
<May23-2026> <12:00:21>  >>>> POPAN
<May23-2026> <12:00:21>  >>>> DEBYE
<May23-2026> <12:00:21>  >>>> ENGRAD
<May23-2026> <12:00:24>  current energy                               -1.54395134 Hartree
<May23-2026> <12:00:24>  energy change                      -0.00004532     0.00008000    T
<May23-2026> <12:00:24>  constrained gradient max            0.00156883     0.00100000    F
<May23-2026> <12:00:24>  constrained gradient rms            0.00063537     0.00066667    T
<May23-2026> <12:00:24>  gradient max                        0.00156883
<May23-2026> <12:00:24>  gradient rms                        0.00063537
<May23-2026> <12:00:24>  cart. step max                      0.00517085     0.01000000    T
<May23-2026> <12:00:24>  cart. step rms                      0.00180717     0.00666667    T
<May23-2026> <12:00:24>  Iteration 6
<May23-2026> <12:00:24>  *** GO1_GOStep6 ***
<May23-2026> <12:00:24>  >>>> FRAGM
<May23-2026> <12:00:24>  Coordinates
<May23-2026> <12:00:24>     Atom         X           Y           Z   (Angstrom)
<May23-2026> <12:00:24>     1.C         1.729426   -1.557896   -0.744907
<May23-2026> <12:00:24>     2.C         1.799763   -0.573352    0.230713
<May23-2026> <12:00:24>     3.C         2.256648    0.722204    0.030424
<May23-2026> <12:00:24>     4.H         1.359525   -2.553497   -0.518804
<May23-2026> <12:00:24>     5.H         2.043666   -1.357911   -1.767652
<May23-2026> <12:00:24>     6.H         1.470848   -0.839674    1.238135
<May23-2026> <12:00:24>     7.H         2.285202    1.444231    0.840940
<May23-2026> <12:00:24>     8.H         2.600717    1.050299   -0.948750
<May23-2026> <12:00:24>  >>>> CORORT
<May23-2026> <12:00:24>  >>>> CLSMAT
<May23-2026> <12:00:24>  >>>> ORTHON
<May23-2026> <12:00:24>  >>>> GENPT
<May23-2026> <12:00:25>  Block Length= 128
<May23-2026> <12:00:25>  >>>> PTBAS
<May23-2026> <12:00:26>  >>>> CYCLE
<May23-2026> <12:00:27>  using orbital data from restart file
<May23-2026> <12:00:29>              |Error|         MaxErr       Wt(A-DIIS)
<May23-2026> <12:00:29>      1      0.00894926      0.00130272
<May23-2026> <12:00:32>      2      0.00238220      0.00025146    100.0
<May23-2026> <12:00:35>      3      0.00250196      0.00022310    100.0
<May23-2026> <12:00:38>      4      0.00096411      0.00009087      0.0
<May23-2026> <12:00:41>      5      0.00026627      0.00002521      0.0
<May23-2026> <12:00:44>      6      0.00015558      0.00001658      0.0
<May23-2026> <12:00:46>      7      0.00003710      0.00000388      0.0
<May23-2026> <12:00:49>      8      0.00001733      0.00000142      0.0
<May23-2026> <12:00:52>      9      0.00000150      0.00000014      0.0
<May23-2026> <12:00:53>  SCF converged
<May23-2026> <12:00:55>     10      0.00000035      0.00000003      0.0
<May23-2026> <12:00:56>  >>>> TOTEN
<May23-2026> <12:01:00>  >>>> POPAN
<May23-2026> <12:01:00>  >>>> DEBYE
<May23-2026> <12:01:00>  >>>> ENGRAD
<May23-2026> <12:01:03>  current energy                               -1.54395822 Hartree
<May23-2026> <12:01:03>  energy change                      -0.00000688     0.00008000    T
<May23-2026> <12:01:03>  constrained gradient max            0.00042274     0.00100000    T
<May23-2026> <12:01:03>  constrained gradient rms            0.00015372     0.00066667    T
<May23-2026> <12:01:03>  gradient max                        0.00042274
<May23-2026> <12:01:03>  gradient rms                        0.00015372
<May23-2026> <12:01:03>  cart. step max                      0.00155691     0.01000000    T
<May23-2026> <12:01:03>  cart. step rms                      0.00056514     0.00666667    T
<May23-2026> <12:01:03>  Geometry optimization converged
<May23-2026> <12:01:03>  *** adf ***
<May23-2026> <12:01:03>  Net Charge: 0 (Nuclei minus Electrons)
<May23-2026> <12:01:03>  Spin polar: -1 (Spin_A minus Spin_B electrons)
<May23-2026> <12:01:03>  Symmetry  : NOSYM
<May23-2026> <12:01:03>  >>>> FRAGM
<May23-2026> <12:01:03>  Coordinates
<May23-2026> <12:01:03>     Atom         X           Y           Z   (Angstrom)
<May23-2026> <12:01:03>     1.C         1.729426   -1.557896   -0.744907
<May23-2026> <12:01:03>     2.C         1.799763   -0.573352    0.230713
<May23-2026> <12:01:03>     3.C         2.256648    0.722204    0.030424
<May23-2026> <12:01:03>     4.H         1.359525   -2.553497   -0.518804
<May23-2026> <12:01:03>     5.H         2.043666   -1.357911   -1.767652
<May23-2026> <12:01:03>     6.H         1.470848   -0.839674    1.238135
<May23-2026> <12:01:03>     7.H         2.285202    1.444231    0.840940
<May23-2026> <12:01:03>     8.H         2.600717    1.050299   -0.948750
<May23-2026> <12:01:03>  >>>> CORORT
<May23-2026> <12:01:03>  >>>> CLSMAT
<May23-2026> <12:01:03>  >>>> ORTHON
<May23-2026> <12:01:03>  >>>> GENPT
<May23-2026> <12:01:03>  Block Length= 128
<May23-2026> <12:01:03>  >>>> PTBAS
<May23-2026> <12:01:04>  >>>> CYCLE
<May23-2026> <12:01:05>  using orbital data from restart file
<May23-2026> <12:01:08>              |Error|         MaxErr       Wt(A-DIIS)
<May23-2026> <12:01:08>      1      0.00000011      0.00000001
<May23-2026> <12:01:11>      2      0.00000006      0.00000001    100.0
<May23-2026> <12:01:11>  SCF converged
<May23-2026> <12:01:13>      3      0.00000006      0.00000001    100.0
<May23-2026> <12:01:16>  >>>> TOTEN
<May23-2026> <12:01:23>  >>>> POPAN
<May23-2026> <12:01:23>  >>>> DEBYE
<May23-2026> <12:01:23>  >>>> AMETS
<May23-2026> <12:01:23>   Bond Energy          -1.54395822 a.u.
<May23-2026> <12:01:23>   Bond Energy         -42.01324080 eV
<May23-2026> <12:01:23>   Bond Energy        -968.85       kcal/mol
<May23-2026> <12:01:23>  >>>> POPUL
<May23-2026> <12:01:23>  >>>> ENGRAD
<May23-2026> <12:01:26>  NORMAL TERMINATION
