<May23-2026> <11:41:03>  AMS 2026.103  RunTime: May23-2026 11:41:03  ShM Nodes: 1  Procs: 1
<May23-2026> <11:41:04>  ADF 2026.103  RunTime: May23-2026 11:41:04  ShM Nodes: 1  Procs: 1
<May23-2026> <11:41:04>  *** (NO TITLE) ***
<May23-2026> <11:41:04>  DIRAC 2026.103  RunTime: May23-2026 11:41:04  ShM Nodes: 1  Procs: 1
<May23-2026> <11:41:04>  Carbon (TZ2P)
<May23-2026> <11:41:04>  Net Charge: 0 (Nuclei minus Electrons)
<May23-2026> <11:41:04>  Symmetry  : ATOM
<May23-2026> <11:41:04>  Coordinates
<May23-2026> <11:41:04>     Atom         X           Y           Z   (Angstrom)
<May23-2026> <11:41:04>     1.C         0.000000    0.000000    0.000000
<May23-2026> <11:41:04>  >>>> CORORT
<May23-2026> <11:41:04>  >>>> CLSMAT
<May23-2026> <11:41:04>  >>>> ORTHON
<May23-2026> <11:41:04>  >>>> GENPT
<May23-2026> <11:41:04>  Block Length=  72
<May23-2026> <11:41:04>  >>>> PTBAS
<May23-2026> <11:41:04>  >>>> CYCLE
<May23-2026> <11:41:04>              |Error|         MaxErr       Wt(A-DIIS)
<May23-2026> <11:41:04>      1      0.00000000      0.00000000
<May23-2026> <11:41:04>      2      4.48450606      3.33074448    100.0
<May23-2026> <11:41:04>      3      1.63845963      1.31677840    100.0
<May23-2026> <11:41:04>      4      0.72237885      0.58090812    100.0
<May23-2026> <11:41:04>      5      0.41341516      0.32921223    100.0
<May23-2026> <11:41:04>      6      0.12634980      0.09661242     96.6
<May23-2026> <11:41:04>      7      0.11511849      0.08978748     89.7
<May23-2026> <11:41:04>      8      0.00670007      0.00519977      4.2
<May23-2026> <11:41:04>      9      0.00022181      0.00016825      0.0
<May23-2026> <11:41:04>     10      0.00000199      0.00000135      0.0
<May23-2026> <11:41:04>     11      0.00000002      0.00000001      0.0
<May23-2026> <11:41:04>     12      0.00000000      0.00000000      0.0
<May23-2026> <11:41:04>  SCF converged
<May23-2026> <11:41:04>     13      0.00000000      0.00000000      0.0
<May23-2026> <11:41:04>  >>>> POPAN
<May23-2026> <11:41:04>  >>>> DEBYE
<May23-2026> <11:41:04>  DIRAC 2026.103  RunTime: May23-2026 11:41:04  ShM Nodes: 1  Procs: 1
<May23-2026> <11:41:04>  Oxygen (TZ2P)
<May23-2026> <11:41:05>  Net Charge: 0 (Nuclei minus Electrons)
<May23-2026> <11:41:05>  Symmetry  : ATOM
<May23-2026> <11:41:05>  Coordinates
<May23-2026> <11:41:05>     Atom         X           Y           Z   (Angstrom)
<May23-2026> <11:41:05>     1.O         0.000000    0.000000    0.000000
<May23-2026> <11:41:05>  >>>> CORORT
<May23-2026> <11:41:05>  >>>> CLSMAT
<May23-2026> <11:41:05>  >>>> ORTHON
<May23-2026> <11:41:05>  >>>> GENPT
<May23-2026> <11:41:05>  Block Length=  68
<May23-2026> <11:41:05>  >>>> PTBAS
<May23-2026> <11:41:05>  >>>> CYCLE
<May23-2026> <11:41:05>              |Error|         MaxErr       Wt(A-DIIS)
<May23-2026> <11:41:05>      1      0.00000000      0.00000000
<May23-2026> <11:41:05>      2      8.77379167      5.52456194    100.0
<May23-2026> <11:41:05>      3      3.58874259      2.50390796    100.0
<May23-2026> <11:41:05>      4      1.14813168      0.58304454    100.0
<May23-2026> <11:41:05>      5      1.52147762      0.84216884    100.0
<May23-2026> <11:41:05>      6      0.17958647      0.10470670    100.0
<May23-2026> <11:41:05>      7      0.20120374      0.11429590    100.0
<May23-2026> <11:41:05>      8      0.01711846      0.01004426      9.1
<May23-2026> <11:41:05>      9      0.00178953      0.00100777      0.0
<May23-2026> <11:41:05>     10      0.00000129      0.00000068      0.0
<May23-2026> <11:41:05>     11      0.00000005      0.00000002      0.0
<May23-2026> <11:41:05>     12      0.00000000      0.00000000      0.0
<May23-2026> <11:41:05>  SCF converged
<May23-2026> <11:41:05>     13      0.00000000      0.00000000      0.0
<May23-2026> <11:41:05>  >>>> POPAN
<May23-2026> <11:41:05>  >>>> DEBYE
<May23-2026> <11:41:05>  DIRAC 2026.103  RunTime: May23-2026 11:41:05  ShM Nodes: 1  Procs: 1
<May23-2026> <11:41:05>  Hydrogen (TZ2P)
<May23-2026> <11:41:05>  Net Charge: 0 (Nuclei minus Electrons)
<May23-2026> <11:41:05>  Symmetry  : ATOM
<May23-2026> <11:41:05>  Coordinates
<May23-2026> <11:41:05>     Atom         X           Y           Z   (Angstrom)
<May23-2026> <11:41:05>     1.H         0.000000    0.000000    0.000000
<May23-2026> <11:41:05>  >>>> CORORT
<May23-2026> <11:41:05>  >>>> CLSMAT
<May23-2026> <11:41:05>  >>>> ORTHON
<May23-2026> <11:41:05>  >>>> GENPT
<May23-2026> <11:41:05>  Block Length=  64
<May23-2026> <11:41:05>  >>>> PTBAS
<May23-2026> <11:41:05>  >>>> CYCLE
<May23-2026> <11:41:05>              |Error|         MaxErr       Wt(A-DIIS)
<May23-2026> <11:41:05>      1      0.00000000      0.00000000
<May23-2026> <11:41:05>      2      0.03100426      0.02644614
<May23-2026> <11:41:05>      3      0.00958086      0.00932931    100.0
<May23-2026> <11:41:05>      4      0.00232128      0.00228673      1.3
<May23-2026> <11:41:05>      5      0.00003156      0.00002984      0.0
<May23-2026> <11:41:05>      6      0.00000096      0.00000091      0.0
<May23-2026> <11:41:05>      7      0.00000000      0.00000000      0.0
<May23-2026> <11:41:05>  SCF converged
<May23-2026> <11:41:05>      8      0.00000000      0.00000000      0.0
<May23-2026> <11:41:05>  >>>> POPAN
<May23-2026> <11:41:05>  >>>> DEBYE
<May23-2026> <11:41:05>  *** adf ***
<May23-2026> <11:41:06>  Net Charge: 0 (Nuclei minus Electrons)
<May23-2026> <11:41:06>  Spin polar: 1 (Spin_A minus Spin_B electrons)
<May23-2026> <11:41:06>  Symmetry  : NOSYM
<May23-2026> <11:41:06>  >>>> FRAGM
<May23-2026> <11:41:06>  Coordinates
<May23-2026> <11:41:06>     Atom         X           Y           Z   (Angstrom)
<May23-2026> <11:41:06>     1.C         1.183672   -1.081281    0.800101
<May23-2026> <11:41:06>     2.C         1.235933   -0.116616   -0.273786
<May23-2026> <11:41:06>     3.O         1.350956   -0.713215   -1.518717
<May23-2026> <11:41:06>     4.O         1.185300    1.104048   -0.132550
<May23-2026> <11:41:06>     5.H         1.098187   -0.710340    1.814901
<May23-2026> <11:41:06>     6.H         1.225913   -2.146975    0.600860
<May23-2026> <11:41:06>     7.H         1.375613    0.020933   -2.166532
<May23-2026> <11:41:06>  >>>> CORORT
<May23-2026> <11:41:06>  >>>> CLSMAT
<May23-2026> <11:41:06>  >>>> ORTHON
<May23-2026> <11:41:06>  >>>> GENPT
<May23-2026> <11:41:06>  Block Length= 128
<May23-2026> <11:41:06>  >>>> PTBAS
<May23-2026> <11:41:07>  >>>> CYCLE
<May23-2026> <11:41:10>              |Error|         MaxErr       Wt(A-DIIS)
<May23-2026> <11:41:10>      1      4.50879680      0.72292910
<May23-2026> <11:41:12>      2      0.94916750      0.11858226    100.0
<May23-2026> <11:41:15>      3      0.81469150      0.09839132    100.0
<May23-2026> <11:41:17>      4      2.00541791      0.35166613    100.0
<May23-2026> <11:41:20>      5      0.68117942      0.07821428     78.0
<May23-2026> <11:41:22>      6      0.51878416      0.08329190     78.0
<May23-2026> <11:41:25>      7      0.40628935      0.07224234     72.0
<May23-2026> <11:41:27>      8      0.13333644      0.02347205     22.7
<May23-2026> <11:41:30>      9      0.04998104      0.01006831      9.2
<May23-2026> <11:41:32>     10      0.00644677      0.00095924      0.0
<May23-2026> <11:41:34>     11      0.00096112      0.00016849      0.0
<May23-2026> <11:41:37>     12      0.00016487      0.00002345      0.0
<May23-2026> <11:41:39>     13      0.00004744      0.00000922      0.0
<May23-2026> <11:41:42>     14      0.00002270      0.00000476      0.0
<May23-2026> <11:41:44>     15      0.00000358      0.00000065      0.0
<May23-2026> <11:41:45>  SCF converged
<May23-2026> <11:41:47>     16      0.00000193      0.00000025      0.0
<May23-2026> <11:41:49>  >>>> TOTEN
<May23-2026> <11:41:55>  >>>> POPAN
<May23-2026> <11:41:55>  >>>> DEBYE
<May23-2026> <11:41:55>  >>>> AMETS
<May23-2026> <11:41:55>   Bond Energy          -1.45624883 a.u.
<May23-2026> <11:41:55>   Bond Energy         -39.62654695 eV
<May23-2026> <11:41:55>   Bond Energy        -913.81       kcal/mol
<May23-2026> <11:41:55>  >>>> POPUL
<May23-2026> <11:41:55>  NORMAL TERMINATION
