<May23-2026> <11:08:42>  AMS 2026.103  RunTime: May23-2026 11:08:42  ShM Nodes: 1  Procs: 1
<May23-2026> <11:08:42>  ADF 2026.103  RunTime: May23-2026 11:08:42  ShM Nodes: 1  Procs: 1
<May23-2026> <11:08:42>  *** (NO TITLE) ***
<May23-2026> <11:08:42>  Iteration 1
<May23-2026> <11:08:42>  DIRAC 2026.103  RunTime: May23-2026 11:08:42  ShM Nodes: 1  Procs: 1
<May23-2026> <11:08:42>  Carbon (TZ2P)
<May23-2026> <11:08:42>  Net Charge: 0 (Nuclei minus Electrons)
<May23-2026> <11:08:42>  Symmetry  : ATOM
<May23-2026> <11:08:42>  Coordinates
<May23-2026> <11:08:42>     Atom         X           Y           Z   (Angstrom)
<May23-2026> <11:08:42>     1.C         0.000000    0.000000    0.000000
<May23-2026> <11:08:42>  >>>> CORORT
<May23-2026> <11:08:42>  >>>> CLSMAT
<May23-2026> <11:08:42>  >>>> ORTHON
<May23-2026> <11:08:42>  >>>> GENPT
<May23-2026> <11:08:42>  Block Length=  72
<May23-2026> <11:08:42>  >>>> PTBAS
<May23-2026> <11:08:42>  >>>> CYCLE
<May23-2026> <11:08:42>              |Error|         MaxErr       Wt(A-DIIS)
<May23-2026> <11:08:42>      1      0.00000000      0.00000000
<May23-2026> <11:08:42>      2      4.48450606      3.33074448    100.0
<May23-2026> <11:08:42>      3      1.63845963      1.31677840    100.0
<May23-2026> <11:08:42>      4      0.72237885      0.58090812    100.0
<May23-2026> <11:08:42>      5      0.41341516      0.32921223    100.0
<May23-2026> <11:08:42>      6      0.12634980      0.09661242     96.6
<May23-2026> <11:08:42>      7      0.11511849      0.08978748     89.7
<May23-2026> <11:08:42>      8      0.00670007      0.00519977      4.2
<May23-2026> <11:08:42>      9      0.00022181      0.00016825      0.0
<May23-2026> <11:08:42>     10      0.00000199      0.00000135      0.0
<May23-2026> <11:08:42>     11      0.00000002      0.00000001      0.0
<May23-2026> <11:08:42>     12      0.00000000      0.00000000      0.0
<May23-2026> <11:08:42>  SCF converged
<May23-2026> <11:08:43>     13      0.00000000      0.00000000      0.0
<May23-2026> <11:08:43>  >>>> POPAN
<May23-2026> <11:08:43>  >>>> DEBYE
<May23-2026> <11:08:43>  DIRAC 2026.103  RunTime: May23-2026 11:08:43  ShM Nodes: 1  Procs: 1
<May23-2026> <11:08:43>  Hydrogen (TZ2P)
<May23-2026> <11:08:43>  Net Charge: 0 (Nuclei minus Electrons)
<May23-2026> <11:08:43>  Symmetry  : ATOM
<May23-2026> <11:08:43>  Coordinates
<May23-2026> <11:08:43>     Atom         X           Y           Z   (Angstrom)
<May23-2026> <11:08:43>     1.H         0.000000    0.000000    0.000000
<May23-2026> <11:08:43>  >>>> CORORT
<May23-2026> <11:08:43>  >>>> CLSMAT
<May23-2026> <11:08:43>  >>>> ORTHON
<May23-2026> <11:08:43>  >>>> GENPT
<May23-2026> <11:08:43>  Block Length=  64
<May23-2026> <11:08:43>  >>>> PTBAS
<May23-2026> <11:08:43>  >>>> CYCLE
<May23-2026> <11:08:43>              |Error|         MaxErr       Wt(A-DIIS)
<May23-2026> <11:08:43>      1      0.00000000      0.00000000
<May23-2026> <11:08:43>      2      0.03100426      0.02644614
<May23-2026> <11:08:43>      3      0.00958086      0.00932931    100.0
<May23-2026> <11:08:43>      4      0.00232128      0.00228673      1.3
<May23-2026> <11:08:43>      5      0.00003156      0.00002984      0.0
<May23-2026> <11:08:43>      6      0.00000096      0.00000091      0.0
<May23-2026> <11:08:43>      7      0.00000000      0.00000000      0.0
<May23-2026> <11:08:43>  SCF converged
<May23-2026> <11:08:43>      8      0.00000000      0.00000000      0.0
<May23-2026> <11:08:43>  >>>> POPAN
<May23-2026> <11:08:43>  >>>> DEBYE
<May23-2026> <11:08:43>  *** GO1_GOStep1 ***
<May23-2026> <11:08:43>  >>>> FRAGM
<May23-2026> <11:08:43>  Coordinates
<May23-2026> <11:08:43>     Atom         X           Y           Z   (Angstrom)
<May23-2026> <11:08:43>     1.C         0.669804    1.436388    0.508417
<May23-2026> <11:08:43>     2.C         1.251800    0.482790   -0.308059
<May23-2026> <11:08:43>     3.C         1.077342   -0.844457    0.007860
<May23-2026> <11:08:43>     4.H         0.536847    1.223939    1.559075
<May23-2026> <11:08:43>     5.H         0.715562    2.483155    0.248963
<May23-2026> <11:08:43>     6.H         1.465230    0.752501   -1.335161
<May23-2026> <11:08:43>     7.H         1.354295   -1.619199   -0.694354
<May23-2026> <11:08:43>     8.H         1.053295   -1.145461    1.044284
<May23-2026> <11:08:43>  >>>> CORORT
<May23-2026> <11:08:43>  >>>> CLSMAT
<May23-2026> <11:08:43>  >>>> ORTHON
<May23-2026> <11:08:43>  >>>> GENPT
<May23-2026> <11:08:43>  Block Length= 128
<May23-2026> <11:08:43>  >>>> PTBAS
<May23-2026> <11:08:44>  >>>> CYCLE
<May23-2026> <11:08:48>              |Error|         MaxErr       Wt(A-DIIS)
<May23-2026> <11:08:48>      1      4.11718432      0.43963544
<May23-2026> <11:08:51>      2      0.80269304      0.05644116    100.0
<May23-2026> <11:08:54>      3      0.71719199      0.04974673    100.0
<May23-2026> <11:08:57>      4      1.07020762      0.09262661    100.0
<May23-2026> <11:09:00>      5      0.16144800      0.01384399     13.0
<May23-2026> <11:09:03>      6      0.06819232      0.00598067      5.0
<May23-2026> <11:09:06>      7      0.01631977      0.00165044      0.7
<May23-2026> <11:09:09>      8      0.00511764      0.00058587      0.0
<May23-2026> <11:09:13>      9      0.00545464      0.00057496      0.0
<May23-2026> <11:09:16>     10      0.00092618      0.00010172      0.0
<May23-2026> <11:09:19>     11      0.00012767      0.00001333      0.0
<May23-2026> <11:09:22>     12      0.00002354      0.00000305      0.0
<May23-2026> <11:09:25>     13      0.00000578      0.00000047      0.0
<May23-2026> <11:09:25>  SCF converged
<May23-2026> <11:09:28>     14      0.00000221      0.00000019      0.0
<May23-2026> <11:09:28>  >>>> TOTEN
<May23-2026> <11:09:33>  >>>> POPAN
<May23-2026> <11:09:33>  >>>> DEBYE
<May23-2026> <11:09:33>  >>>> ENGRAD
<May23-2026> <11:09:36>  current energy                               -1.53096393 Hartree
<May23-2026> <11:09:36>  energy change                      -1.53096393     0.00008000    F
<May23-2026> <11:09:36>  constrained gradient max            0.06810644     0.00100000    F
<May23-2026> <11:09:36>  constrained gradient rms            0.02428577     0.00066667    F
<May23-2026> <11:09:36>  gradient max                        0.06810644
<May23-2026> <11:09:36>  gradient rms                        0.02428577
<May23-2026> <11:09:36>  cart. step max                      0.05991713     0.01000000    F
<May23-2026> <11:09:36>  cart. step rms                      0.02536834     0.00666667    F
<May23-2026> <11:09:36>  Iteration 2
<May23-2026> <11:09:36>  *** GO1_GOStep2 ***
<May23-2026> <11:09:36>  >>>> FRAGM
<May23-2026> <11:09:36>  Coordinates
<May23-2026> <11:09:36>     Atom         X           Y           Z   (Angstrom)
<May23-2026> <11:09:36>     1.C         0.684879    1.471177    0.520994
<May23-2026> <11:09:36>     2.C         1.219583    0.476937   -0.297104
<May23-2026> <11:09:36>     3.C         1.102837   -0.876723    0.003592
<May23-2026> <11:09:36>     4.H         0.519740    1.276632    1.576308
<May23-2026> <11:09:36>     5.H         0.726532    2.516920    0.234990
<May23-2026> <11:09:36>     6.H         1.443945    0.748688   -1.326823
<May23-2026> <11:09:36>     7.H         1.384516   -1.638598   -0.717159
<May23-2026> <11:09:36>     8.H         1.042143   -1.205378    1.036227
<May23-2026> <11:09:36>  >>>> CORORT
<May23-2026> <11:09:36>  >>>> CLSMAT
<May23-2026> <11:09:36>  >>>> ORTHON
<May23-2026> <11:09:36>  >>>> GENPT
<May23-2026> <11:09:36>  Block Length= 128
<May23-2026> <11:09:37>  >>>> PTBAS
<May23-2026> <11:09:37>  >>>> CYCLE
<May23-2026> <11:09:39>  using orbital data from restart file
<May23-2026> <11:09:41>              |Error|         MaxErr       Wt(A-DIIS)
<May23-2026> <11:09:41>      1      0.12197832      0.01592666
<May23-2026> <11:09:44>      2      0.02730752      0.00232196    100.0
<May23-2026> <11:09:47>      3      0.05101940      0.00459285    100.0
<May23-2026> <11:09:50>      4      0.00924824      0.00074300      0.0
<May23-2026> <11:09:54>      5      0.00330454      0.00032996      0.0
<May23-2026> <11:09:57>      6      0.00172398      0.00017517      0.0
<May23-2026> <11:10:00>      7      0.00046799      0.00005176      0.0
<May23-2026> <11:10:03>      8      0.00013700      0.00001030      0.0
<May23-2026> <11:10:06>      9      0.00001894      0.00000133      0.0
<May23-2026> <11:10:09>     10      0.00000250      0.00000020      0.0
<May23-2026> <11:10:10>  SCF converged
<May23-2026> <11:10:12>     11      0.00000054      0.00000005      0.0
<May23-2026> <11:10:13>  >>>> TOTEN
<May23-2026> <11:10:17>  >>>> POPAN
<May23-2026> <11:10:17>  >>>> DEBYE
<May23-2026> <11:10:17>  >>>> ENGRAD
<May23-2026> <11:10:20>  current energy                               -1.53672564 Hartree
<May23-2026> <11:10:20>  energy change                      -0.00576171     0.00008000    F
<May23-2026> <11:10:20>  constrained gradient max            0.05758953     0.00100000    F
<May23-2026> <11:10:20>  constrained gradient rms            0.01815878     0.00066667    F
<May23-2026> <11:10:20>  gradient max                        0.05758953
<May23-2026> <11:10:20>  gradient rms                        0.01815878
<May23-2026> <11:10:20>  cart. step max                      0.05022308     0.01000000    F
<May23-2026> <11:10:20>  cart. step rms                      0.02239439     0.00666667    F
<May23-2026> <11:10:20>  Iteration 3
<May23-2026> <11:10:20>  *** GO1_GOStep3 ***
<May23-2026> <11:10:20>  >>>> FRAGM
<May23-2026> <11:10:20>  Coordinates
<May23-2026> <11:10:20>     Atom         X           Y           Z   (Angstrom)
<May23-2026> <11:10:20>     1.C         0.731090    1.480204    0.537294
<May23-2026> <11:10:20>     2.C         1.175605    0.472414   -0.307290
<May23-2026> <11:10:20>     3.C         1.145770   -0.878393    0.010068
<May23-2026> <11:10:20>     4.H         0.509066    1.277601    1.583336
<May23-2026> <11:10:20>     5.H         0.736501    2.521476    0.228810
<May23-2026> <11:10:20>     6.H         1.411137    0.745610   -1.337415
<May23-2026> <11:10:20>     7.H         1.423085   -1.635915   -0.717580
<May23-2026> <11:10:20>     8.H         0.991920   -1.213342    1.033801
<May23-2026> <11:10:20>  >>>> CORORT
<May23-2026> <11:10:20>  >>>> CLSMAT
<May23-2026> <11:10:20>  >>>> ORTHON
<May23-2026> <11:10:20>  >>>> GENPT
<May23-2026> <11:10:21>  Block Length= 128
<May23-2026> <11:10:21>  >>>> PTBAS
<May23-2026> <11:10:22>  >>>> CYCLE
<May23-2026> <11:10:23>  using orbital data from restart file
<May23-2026> <11:10:25>              |Error|         MaxErr       Wt(A-DIIS)
<May23-2026> <11:10:25>      1      0.17835952      0.03059933
<May23-2026> <11:10:28>      2      0.02397076      0.00229433    100.0
<May23-2026> <11:10:31>      3      0.02582344      0.00233409    100.0
<May23-2026> <11:10:35>      4      0.00958329      0.00099761      0.0
<May23-2026> <11:10:38>      5      0.00268699      0.00025443      0.0
<May23-2026> <11:10:41>      6      0.00245177      0.00024599      0.0
<May23-2026> <11:10:44>      7      0.00038762      0.00004382      0.0
<May23-2026> <11:10:47>      8      0.00015772      0.00001541      0.0
<May23-2026> <11:10:50>      9      0.00001782      0.00000244      0.0
<May23-2026> <11:10:53>     10      0.00000314      0.00000031      0.0
<May23-2026> <11:10:53>  SCF converged
<May23-2026> <11:10:56>     11      0.00000124      0.00000012      0.0
<May23-2026> <11:10:57>  >>>> TOTEN
<May23-2026> <11:11:01>  >>>> POPAN
<May23-2026> <11:11:01>  >>>> DEBYE
<May23-2026> <11:11:01>  >>>> ENGRAD
<May23-2026> <11:11:04>  current energy                               -1.54222872 Hartree
<May23-2026> <11:11:04>  energy change                      -0.00550308     0.00008000    F
<May23-2026> <11:11:04>  constrained gradient max            0.02818804     0.00100000    F
<May23-2026> <11:11:04>  constrained gradient rms            0.00885999     0.00066667    F
<May23-2026> <11:11:04>  gradient max                        0.02818804
<May23-2026> <11:11:04>  gradient rms                        0.00885999
<May23-2026> <11:11:04>  cart. step max                      0.05409904     0.01000000    F
<May23-2026> <11:11:04>  cart. step rms                      0.02261242     0.00666667    F
<May23-2026> <11:11:04>  Iteration 4
<May23-2026> <11:11:04>  *** GO1_GOStep4 ***
<May23-2026> <11:11:04>  >>>> FRAGM
<May23-2026> <11:11:04>  Coordinates
<May23-2026> <11:11:04>     Atom         X           Y           Z   (Angstrom)
<May23-2026> <11:11:04>     1.C         0.767999    1.485676    0.549601
<May23-2026> <11:11:04>     2.C         1.125063    0.466106   -0.317294
<May23-2026> <11:11:04>     3.C         1.177860   -0.877365    0.016343
<May23-2026> <11:11:04>     4.H         0.513474    1.276860    1.587097
<May23-2026> <11:11:04>     5.H         0.748830    2.521911    0.226180
<May23-2026> <11:11:04>     6.H         1.379638    0.740748   -1.343643
<May23-2026> <11:11:04>     7.H         1.473489   -1.628483   -0.709805
<May23-2026> <11:11:04>     8.H         0.937821   -1.215797    1.022545
<May23-2026> <11:11:04>  >>>> CORORT
<May23-2026> <11:11:04>  >>>> CLSMAT
<May23-2026> <11:11:04>  >>>> ORTHON
<May23-2026> <11:11:04>  >>>> GENPT
<May23-2026> <11:11:04>  Block Length= 128
<May23-2026> <11:11:05>  >>>> PTBAS
<May23-2026> <11:11:05>  >>>> CYCLE
<May23-2026> <11:11:07>  using orbital data from restart file
<May23-2026> <11:11:09>              |Error|         MaxErr       Wt(A-DIIS)
<May23-2026> <11:11:09>      1      0.16936113      0.02933674
<May23-2026> <11:11:12>      2      0.01979937      0.00162398    100.0
<May23-2026> <11:11:15>      3      0.02403974      0.00181879    100.0
<May23-2026> <11:11:18>      4      0.00631061      0.00062047      0.0
<May23-2026> <11:11:22>      5      0.00318773      0.00031675      0.0
<May23-2026> <11:11:25>      6      0.00211265      0.00019263      0.0
<May23-2026> <11:11:28>      7      0.00052835      0.00006180      0.0
<May23-2026> <11:11:31>      8      0.00013379      0.00001277      0.0
<May23-2026> <11:11:34>      9      0.00001336      0.00000207      0.0
<May23-2026> <11:11:37>     10      0.00000228      0.00000030      0.0
<May23-2026> <11:11:37>  SCF converged
<May23-2026> <11:11:40>     11      0.00000039      0.00000003      0.0
<May23-2026> <11:11:40>  >>>> TOTEN
<May23-2026> <11:11:45>  >>>> POPAN
<May23-2026> <11:11:45>  >>>> DEBYE
<May23-2026> <11:11:45>  >>>> ENGRAD
<May23-2026> <11:11:48>  current energy                               -1.54392589 Hartree
<May23-2026> <11:11:48>  energy change                      -0.00169717     0.00008000    F
<May23-2026> <11:11:48>  constrained gradient max            0.00457065     0.00100000    F
<May23-2026> <11:11:48>  constrained gradient rms            0.00161758     0.00066667    F
<May23-2026> <11:11:48>  gradient max                        0.00457065
<May23-2026> <11:11:48>  gradient rms                        0.00161758
<May23-2026> <11:11:48>  cart. step max                      0.00900711     0.01000000    T
<May23-2026> <11:11:48>  cart. step rms                      0.00408325     0.00666667    T
<May23-2026> <11:11:48>  Iteration 5
<May23-2026> <11:11:48>  *** GO1_GOStep5 ***
<May23-2026> <11:11:48>  >>>> FRAGM
<May23-2026> <11:11:48>  Coordinates
<May23-2026> <11:11:48>     Atom         X           Y           Z   (Angstrom)
<May23-2026> <11:11:48>     1.C         0.772759    1.490019    0.551822
<May23-2026> <11:11:48>     2.C         1.127977    0.465964   -0.314503
<May23-2026> <11:11:48>     3.C         1.184225   -0.880589    0.016983
<May23-2026> <11:11:48>     4.H         0.504467    1.281701    1.586119
<May23-2026> <11:11:48>     5.H         0.747226    2.525282    0.224683
<May23-2026> <11:11:48>     6.H         1.379056    0.740707   -1.341958
<May23-2026> <11:11:48>     7.H         1.465316   -1.632311   -0.714608
<May23-2026> <11:11:48>     8.H         0.943148   -1.221117    1.022486
<May23-2026> <11:11:48>  >>>> CORORT
<May23-2026> <11:11:48>  >>>> CLSMAT
<May23-2026> <11:11:48>  >>>> ORTHON
<May23-2026> <11:11:48>  >>>> GENPT
<May23-2026> <11:11:48>  Block Length= 128
<May23-2026> <11:11:49>  >>>> PTBAS
<May23-2026> <11:11:49>  >>>> CYCLE
<May23-2026> <11:11:51>  using orbital data from restart file
<May23-2026> <11:11:53>              |Error|         MaxErr       Wt(A-DIIS)
<May23-2026> <11:11:53>      1      0.01664018      0.00164939
<May23-2026> <11:11:56>      2      0.00581027      0.00053073    100.0
<May23-2026> <11:11:59>      3      0.00789206      0.00065768    100.0
<May23-2026> <11:12:02>      4      0.00150761      0.00011735      0.0
<May23-2026> <11:12:05>      5      0.00031692      0.00002558      0.0
<May23-2026> <11:12:08>      6      0.00015357      0.00001512      0.0
<May23-2026> <11:12:11>      7      0.00007326      0.00000732      0.0
<May23-2026> <11:12:14>      8      0.00005133      0.00000521      0.0
<May23-2026> <11:12:18>      9      0.00000359      0.00000034      0.0
<May23-2026> <11:12:18>  SCF converged
<May23-2026> <11:12:21>     10      0.00000028      0.00000002      0.0
<May23-2026> <11:12:21>  >>>> TOTEN
<May23-2026> <11:12:25>  >>>> POPAN
<May23-2026> <11:12:25>  >>>> DEBYE
<May23-2026> <11:12:26>  >>>> ENGRAD
<May23-2026> <11:12:29>  current energy                               -1.54394957 Hartree
<May23-2026> <11:12:29>  energy change                      -0.00002368     0.00008000    T
<May23-2026> <11:12:29>  constrained gradient max            0.00125702     0.00100000    F
<May23-2026> <11:12:29>  constrained gradient rms            0.00036582     0.00066667    T
<May23-2026> <11:12:29>  gradient max                        0.00125702
<May23-2026> <11:12:29>  gradient rms                        0.00036582
<May23-2026> <11:12:29>  cart. step max                      0.00331913     0.01000000    T
<May23-2026> <11:12:29>  cart. step rms                      0.00136010     0.00666667    T
<May23-2026> <11:12:29>  Iteration 6
<May23-2026> <11:12:29>  *** GO1_GOStep6 ***
<May23-2026> <11:12:29>  >>>> FRAGM
<May23-2026> <11:12:29>  Coordinates
<May23-2026> <11:12:29>     Atom         X           Y           Z   (Angstrom)
<May23-2026> <11:12:29>     1.C         0.771049    1.489914    0.551343
<May23-2026> <11:12:29>     2.C         1.124658    0.465631   -0.316141
<May23-2026> <11:12:29>     3.C         1.182686   -0.880863    0.016504
<May23-2026> <11:12:29>     4.H         0.507497    1.281652    1.586728
<May23-2026> <11:12:29>     5.H         0.747621    2.525578    0.225606
<May23-2026> <11:12:29>     6.H         1.380449    0.741243   -1.342049
<May23-2026> <11:12:29>     7.H         1.468168   -1.632736   -0.713154
<May23-2026> <11:12:29>     8.H         0.942046   -1.220763    1.022188
<May23-2026> <11:12:29>  >>>> CORORT
<May23-2026> <11:12:29>  >>>> CLSMAT
<May23-2026> <11:12:29>  >>>> ORTHON
<May23-2026> <11:12:29>  >>>> GENPT
<May23-2026> <11:12:29>  Block Length= 128
<May23-2026> <11:12:29>  >>>> PTBAS
<May23-2026> <11:12:30>  >>>> CYCLE
<May23-2026> <11:12:31>  using orbital data from restart file
<May23-2026> <11:12:34>              |Error|         MaxErr       Wt(A-DIIS)
<May23-2026> <11:12:34>      1      0.00572231      0.00063059
<May23-2026> <11:12:37>      2      0.00178322      0.00017759    100.0
<May23-2026> <11:12:40>      3      0.00164152      0.00015604    100.0
<May23-2026> <11:12:43>      4      0.00048709      0.00005231      0.0
<May23-2026> <11:12:46>      5      0.00019654      0.00002006      0.0
<May23-2026> <11:12:49>      6      0.00009395      0.00000956      0.0
<May23-2026> <11:12:52>      7      0.00002543      0.00000271      0.0
<May23-2026> <11:12:55>      8      0.00001015      0.00000088      0.0
<May23-2026> <11:12:58>      9      0.00000107      0.00000009      0.0
<May23-2026> <11:12:59>  SCF converged
<May23-2026> <11:13:02>     10      0.00000014      0.00000001      0.0
<May23-2026> <11:13:02>  >>>> TOTEN
<May23-2026> <11:13:06>  >>>> POPAN
<May23-2026> <11:13:06>  >>>> DEBYE
<May23-2026> <11:13:07>  >>>> ENGRAD
<May23-2026> <11:13:10>  current energy                               -1.54395141 Hartree
<May23-2026> <11:13:10>  energy change                      -0.00000184     0.00008000    T
<May23-2026> <11:13:10>  constrained gradient max            0.00040617     0.00100000    T
<May23-2026> <11:13:10>  constrained gradient rms            0.00011865     0.00066667    T
<May23-2026> <11:13:10>  gradient max                        0.00040617
<May23-2026> <11:13:10>  gradient rms                        0.00011865
<May23-2026> <11:13:10>  cart. step max                      0.00096593     0.01000000    T
<May23-2026> <11:13:10>  cart. step rms                      0.00039184     0.00666667    T
<May23-2026> <11:13:10>  Geometry optimization converged
<May23-2026> <11:13:10>  *** adf ***
<May23-2026> <11:13:10>  Net Charge: 0 (Nuclei minus Electrons)
<May23-2026> <11:13:10>  Spin polar: -1 (Spin_A minus Spin_B electrons)
<May23-2026> <11:13:10>  Symmetry  : NOSYM
<May23-2026> <11:13:10>  >>>> FRAGM
<May23-2026> <11:13:10>  Coordinates
<May23-2026> <11:13:10>     Atom         X           Y           Z   (Angstrom)
<May23-2026> <11:13:10>     1.C         0.771049    1.489914    0.551343
<May23-2026> <11:13:10>     2.C         1.124658    0.465631   -0.316141
<May23-2026> <11:13:10>     3.C         1.182686   -0.880863    0.016504
<May23-2026> <11:13:10>     4.H         0.507497    1.281652    1.586728
<May23-2026> <11:13:10>     5.H         0.747621    2.525578    0.225606
<May23-2026> <11:13:10>     6.H         1.380449    0.741243   -1.342049
<May23-2026> <11:13:10>     7.H         1.468168   -1.632736   -0.713154
<May23-2026> <11:13:10>     8.H         0.942046   -1.220763    1.022188
<May23-2026> <11:13:10>  >>>> CORORT
<May23-2026> <11:13:10>  >>>> CLSMAT
<May23-2026> <11:13:10>  >>>> ORTHON
<May23-2026> <11:13:10>  >>>> GENPT
<May23-2026> <11:13:10>  Block Length= 128
<May23-2026> <11:13:10>  >>>> PTBAS
<May23-2026> <11:13:11>  >>>> CYCLE
<May23-2026> <11:13:12>  using orbital data from restart file
<May23-2026> <11:13:15>              |Error|         MaxErr       Wt(A-DIIS)
<May23-2026> <11:13:15>      1      0.00000005      0.00000001
<May23-2026> <11:13:18>      2      0.00000003      0.00000000    100.0
<May23-2026> <11:13:18>  SCF converged
<May23-2026> <11:13:21>      3      0.00000005      0.00000001    100.0
<May23-2026> <11:13:24>  >>>> TOTEN
<May23-2026> <11:13:31>  >>>> POPAN
<May23-2026> <11:13:31>  >>>> DEBYE
<May23-2026> <11:13:31>  >>>> AMETS
<May23-2026> <11:13:31>   Bond Energy          -1.54395141 a.u.
<May23-2026> <11:13:31>   Bond Energy         -42.01305556 eV
<May23-2026> <11:13:31>   Bond Energy        -968.84       kcal/mol
<May23-2026> <11:13:31>  >>>> POPUL
<May23-2026> <11:13:31>  >>>> ENGRAD
<May23-2026> <11:13:34>  NORMAL TERMINATION
