<May23-2026> <12:59:28>  AMS 2026.103  RunTime: May23-2026 12:59:28  ShM Nodes: 1  Procs: 1
<May23-2026> <12:59:29>  ADF 2026.103  RunTime: May23-2026 12:59:29  ShM Nodes: 1  Procs: 1
<May23-2026> <12:59:29>  *** (NO TITLE) ***
<May23-2026> <12:59:29>  DIRAC 2026.103  RunTime: May23-2026 12:59:29  ShM Nodes: 1  Procs: 1
<May23-2026> <12:59:29>  Carbon (TZ2P)
<May23-2026> <12:59:29>  Net Charge: 0 (Nuclei minus Electrons)
<May23-2026> <12:59:29>  Symmetry  : ATOM
<May23-2026> <12:59:29>  Coordinates
<May23-2026> <12:59:29>     Atom         X           Y           Z   (Angstrom)
<May23-2026> <12:59:29>     1.C         0.000000    0.000000    0.000000
<May23-2026> <12:59:29>  >>>> CORORT
<May23-2026> <12:59:29>  >>>> CLSMAT
<May23-2026> <12:59:29>  >>>> ORTHON
<May23-2026> <12:59:29>  >>>> GENPT
<May23-2026> <12:59:29>  Block Length=  72
<May23-2026> <12:59:29>  >>>> PTBAS
<May23-2026> <12:59:29>  >>>> CYCLE
<May23-2026> <12:59:29>              |Error|         MaxErr       Wt(A-DIIS)
<May23-2026> <12:59:29>      1      0.00000000      0.00000000
<May23-2026> <12:59:29>      2      4.48450606      3.33074448    100.0
<May23-2026> <12:59:29>      3      1.63845963      1.31677840    100.0
<May23-2026> <12:59:29>      4      0.72237885      0.58090812    100.0
<May23-2026> <12:59:29>      5      0.41341516      0.32921223    100.0
<May23-2026> <12:59:29>      6      0.12634980      0.09661242     96.6
<May23-2026> <12:59:29>      7      0.11511849      0.08978748     89.7
<May23-2026> <12:59:29>      8      0.00670007      0.00519977      4.2
<May23-2026> <12:59:29>      9      0.00022181      0.00016825      0.0
<May23-2026> <12:59:29>     10      0.00000199      0.00000135      0.0
<May23-2026> <12:59:29>     11      0.00000002      0.00000001      0.0
<May23-2026> <12:59:29>     12      0.00000000      0.00000000      0.0
<May23-2026> <12:59:29>  SCF converged
<May23-2026> <12:59:29>     13      0.00000000      0.00000000      0.0
<May23-2026> <12:59:29>  >>>> POPAN
<May23-2026> <12:59:29>  >>>> DEBYE
<May23-2026> <12:59:29>  DIRAC 2026.103  RunTime: May23-2026 12:59:29  ShM Nodes: 1  Procs: 1
<May23-2026> <12:59:30>  Chlorine (TZ2P)
<May23-2026> <12:59:30>  Net Charge: 0 (Nuclei minus Electrons)
<May23-2026> <12:59:30>  Symmetry  : ATOM
<May23-2026> <12:59:30>  Coordinates
<May23-2026> <12:59:30>     Atom         X           Y           Z   (Angstrom)
<May23-2026> <12:59:30>     1.Cl        0.000000    0.000000    0.000000
<May23-2026> <12:59:30>  >>>> CORORT
<May23-2026> <12:59:30>  >>>> CLSMAT
<May23-2026> <12:59:30>  >>>> ORTHON
<May23-2026> <12:59:30>  >>>> GENPT
<May23-2026> <12:59:30>  Block Length=  93
<May23-2026> <12:59:30>  >>>> PTBAS
<May23-2026> <12:59:30>  >>>> CYCLE
<May23-2026> <12:59:30>              |Error|         MaxErr       Wt(A-DIIS)
<May23-2026> <12:59:30>      1      0.00000000      0.00000000
<May23-2026> <12:59:30>      2     37.96693573     10.81491223    100.0
<May23-2026> <12:59:30>      3     20.93979060      6.96543160    100.0
<May23-2026> <12:59:30>      4      5.99483304      2.05317766    100.0
<May23-2026> <12:59:30>      5      4.12212218      1.75484674    100.0
<May23-2026> <12:59:30>      6      0.29657973      0.11166284    100.0
<May23-2026> <12:59:30>      7      0.26302108      0.10973815    100.0
<May23-2026> <12:59:30>      8      0.07228010      0.02650179     25.8
<May23-2026> <12:59:30>      9      0.01347814      0.00538675      4.4
<May23-2026> <12:59:30>     10      0.00052247      0.00021801      0.0
<May23-2026> <12:59:30>     11      0.00000249      0.00000089      0.0
<May23-2026> <12:59:30>     12      0.00000003      0.00000001      0.0
<May23-2026> <12:59:30>     13      0.00000000      0.00000000      0.0
<May23-2026> <12:59:30>  SCF converged
<May23-2026> <12:59:30>     14      0.00000000      0.00000000      0.0
<May23-2026> <12:59:30>  >>>> POPAN
<May23-2026> <12:59:30>  >>>> DEBYE
<May23-2026> <12:59:30>  DIRAC 2026.103  RunTime: May23-2026 12:59:30  ShM Nodes: 1  Procs: 1
<May23-2026> <12:59:30>  Oxygen (TZ2P)
<May23-2026> <12:59:30>  Net Charge: 0 (Nuclei minus Electrons)
<May23-2026> <12:59:30>  Symmetry  : ATOM
<May23-2026> <12:59:30>  Coordinates
<May23-2026> <12:59:30>     Atom         X           Y           Z   (Angstrom)
<May23-2026> <12:59:30>     1.O         0.000000    0.000000    0.000000
<May23-2026> <12:59:30>  >>>> CORORT
<May23-2026> <12:59:30>  >>>> CLSMAT
<May23-2026> <12:59:30>  >>>> ORTHON
<May23-2026> <12:59:30>  >>>> GENPT
<May23-2026> <12:59:30>  Block Length=  68
<May23-2026> <12:59:30>  >>>> PTBAS
<May23-2026> <12:59:30>  >>>> CYCLE
<May23-2026> <12:59:31>              |Error|         MaxErr       Wt(A-DIIS)
<May23-2026> <12:59:31>      1      0.00000000      0.00000000
<May23-2026> <12:59:31>      2      8.77379167      5.52456194    100.0
<May23-2026> <12:59:31>      3      3.58874259      2.50390796    100.0
<May23-2026> <12:59:31>      4      1.14813168      0.58304454    100.0
<May23-2026> <12:59:31>      5      1.52147762      0.84216884    100.0
<May23-2026> <12:59:31>      6      0.17958647      0.10470670    100.0
<May23-2026> <12:59:31>      7      0.20120374      0.11429590    100.0
<May23-2026> <12:59:31>      8      0.01711846      0.01004426      9.1
<May23-2026> <12:59:31>      9      0.00178953      0.00100777      0.0
<May23-2026> <12:59:31>     10      0.00000129      0.00000068      0.0
<May23-2026> <12:59:31>     11      0.00000005      0.00000002      0.0
<May23-2026> <12:59:31>     12      0.00000000      0.00000000      0.0
<May23-2026> <12:59:31>  SCF converged
<May23-2026> <12:59:31>     13      0.00000000      0.00000000      0.0
<May23-2026> <12:59:31>  >>>> POPAN
<May23-2026> <12:59:31>  >>>> DEBYE
<May23-2026> <12:59:31>  DIRAC 2026.103  RunTime: May23-2026 12:59:31  ShM Nodes: 1  Procs: 1
<May23-2026> <12:59:31>  Hydrogen (TZ2P)
<May23-2026> <12:59:31>  Net Charge: 0 (Nuclei minus Electrons)
<May23-2026> <12:59:31>  Symmetry  : ATOM
<May23-2026> <12:59:31>  Coordinates
<May23-2026> <12:59:31>     Atom         X           Y           Z   (Angstrom)
<May23-2026> <12:59:31>     1.H         0.000000    0.000000    0.000000
<May23-2026> <12:59:31>  >>>> CORORT
<May23-2026> <12:59:31>  >>>> CLSMAT
<May23-2026> <12:59:31>  >>>> ORTHON
<May23-2026> <12:59:31>  >>>> GENPT
<May23-2026> <12:59:31>  Block Length=  64
<May23-2026> <12:59:31>  >>>> PTBAS
<May23-2026> <12:59:31>  >>>> CYCLE
<May23-2026> <12:59:31>              |Error|         MaxErr       Wt(A-DIIS)
<May23-2026> <12:59:31>      1      0.00000000      0.00000000
<May23-2026> <12:59:31>      2      0.03100426      0.02644614
<May23-2026> <12:59:31>      3      0.00958086      0.00932931    100.0
<May23-2026> <12:59:31>      4      0.00232128      0.00228673      1.3
<May23-2026> <12:59:31>      5      0.00003156      0.00002984      0.0
<May23-2026> <12:59:31>      6      0.00000096      0.00000091      0.0
<May23-2026> <12:59:31>      7      0.00000000      0.00000000      0.0
<May23-2026> <12:59:31>  SCF converged
<May23-2026> <12:59:31>      8      0.00000000      0.00000000      0.0
<May23-2026> <12:59:31>  >>>> POPAN
<May23-2026> <12:59:31>  >>>> DEBYE
<May23-2026> <12:59:31>  *** adf ***
<May23-2026> <12:59:31>  Net Charge: 0 (Nuclei minus Electrons)
<May23-2026> <12:59:31>  Spin polar: 1 (Spin_A minus Spin_B electrons)
<May23-2026> <12:59:31>  Symmetry  : NOSYM
<May23-2026> <12:59:31>  >>>> FRAGM
<May23-2026> <12:59:31>  Coordinates
<May23-2026> <12:59:31>     Atom         X           Y           Z   (Angstrom)
<May23-2026> <12:59:31>     1.C         1.170377    1.246174   -0.211752
<May23-2026> <12:59:31>     2.C         1.384676   -0.123891    0.149790
<May23-2026> <12:59:31>     3.Cl        1.992756   -0.292587    1.897626
<May23-2026> <12:59:31>     4.O         1.214394   -1.104339   -0.535524
<May23-2026> <12:59:31>     5.H         0.810962    1.452967   -1.216403
<May23-2026> <12:59:31>     6.H         1.360553    2.048253    0.490897
<May23-2026> <12:59:31>  >>>> CORORT
<May23-2026> <12:59:31>  >>>> CLSMAT
<May23-2026> <12:59:31>  >>>> ORTHON
<May23-2026> <12:59:31>  >>>> GENPT
<May23-2026> <12:59:32>  Block Length= 128
<May23-2026> <12:59:32>  >>>> PTBAS
<May23-2026> <12:59:32>  >>>> CYCLE
<May23-2026> <12:59:35>              |Error|         MaxErr       Wt(A-DIIS)
<May23-2026> <12:59:35>      1      4.01770467      0.75492495
<May23-2026> <12:59:37>      2      1.02077972      0.14369864    100.0
<May23-2026> <12:59:39>      3      0.72660695      0.09276636    100.0
<May23-2026> <12:59:41>      4      2.34649559      0.44743139    100.0
<May23-2026> <12:59:43>      5      0.67215134      0.08029301     80.1
<May23-2026> <12:59:45>      6      0.13448334      0.01785969     17.0
<May23-2026> <12:59:47>      7      0.06326695      0.00922119      8.3
<May23-2026> <12:59:49>      8      0.03020363      0.00444008      3.5
<May23-2026> <12:59:51>      9      0.00407146      0.00057055      0.0
<May23-2026> <12:59:53>     10      0.00195974      0.00026531      0.0
<May23-2026> <12:59:55>     11      0.00045264      0.00005960      0.0
<May23-2026> <12:59:57>     12      0.00013729      0.00001527      0.0
<May23-2026> <12:59:59>     13      0.00006623      0.00001151      0.0
<May23-2026> <13:00:02>     14      0.00001485      0.00000317      0.0
<May23-2026> <13:00:04>     15      0.00000302      0.00000059      0.0
<May23-2026> <13:00:04>  SCF converged
<May23-2026> <13:00:06>     16      0.00000249      0.00000045      0.0
<May23-2026> <13:00:08>  >>>> TOTEN
<May23-2026> <13:00:12>  >>>> POPAN
<May23-2026> <13:00:12>  >>>> DEBYE
<May23-2026> <13:00:12>  >>>> AMETS
<May23-2026> <13:00:12>   Bond Energy          -1.15251232 a.u.
<May23-2026> <13:00:12>   Bond Energy         -31.36145590 eV
<May23-2026> <13:00:12>   Bond Energy        -723.21       kcal/mol
<May23-2026> <13:00:13>  >>>> POPUL
<May23-2026> <13:00:13>  NORMAL TERMINATION
