<May23-2026> <12:55:01>  AMS 2026.103  RunTime: May23-2026 12:55:01  ShM Nodes: 1  Procs: 1
<May23-2026> <12:55:01>  ADF 2026.103  RunTime: May23-2026 12:55:01  ShM Nodes: 1  Procs: 1
<May23-2026> <12:55:01>  *** (NO TITLE) ***
<May23-2026> <12:55:01>  DIRAC 2026.103  RunTime: May23-2026 12:55:01  ShM Nodes: 1  Procs: 1
<May23-2026> <12:55:01>  Carbon (TZ2P)
<May23-2026> <12:55:01>  Net Charge: 0 (Nuclei minus Electrons)
<May23-2026> <12:55:01>  Symmetry  : ATOM
<May23-2026> <12:55:02>  Coordinates
<May23-2026> <12:55:02>     Atom         X           Y           Z   (Angstrom)
<May23-2026> <12:55:02>     1.C         0.000000    0.000000    0.000000
<May23-2026> <12:55:02>  >>>> CORORT
<May23-2026> <12:55:02>  >>>> CLSMAT
<May23-2026> <12:55:02>  >>>> ORTHON
<May23-2026> <12:55:02>  >>>> GENPT
<May23-2026> <12:55:02>  Block Length=  72
<May23-2026> <12:55:02>  >>>> PTBAS
<May23-2026> <12:55:02>  >>>> CYCLE
<May23-2026> <12:55:02>              |Error|         MaxErr       Wt(A-DIIS)
<May23-2026> <12:55:02>      1      0.00000000      0.00000000
<May23-2026> <12:55:02>      2      4.48450606      3.33074448    100.0
<May23-2026> <12:55:02>      3      1.63845963      1.31677840    100.0
<May23-2026> <12:55:02>      4      0.72237885      0.58090812    100.0
<May23-2026> <12:55:02>      5      0.41341516      0.32921223    100.0
<May23-2026> <12:55:02>      6      0.12634980      0.09661242     96.6
<May23-2026> <12:55:02>      7      0.11511849      0.08978748     89.7
<May23-2026> <12:55:02>      8      0.00670007      0.00519977      4.2
<May23-2026> <12:55:02>      9      0.00022181      0.00016825      0.0
<May23-2026> <12:55:02>     10      0.00000199      0.00000135      0.0
<May23-2026> <12:55:02>     11      0.00000002      0.00000001      0.0
<May23-2026> <12:55:02>     12      0.00000000      0.00000000      0.0
<May23-2026> <12:55:02>  SCF converged
<May23-2026> <12:55:02>     13      0.00000000      0.00000000      0.0
<May23-2026> <12:55:02>  >>>> POPAN
<May23-2026> <12:55:02>  >>>> DEBYE
<May23-2026> <12:55:02>  DIRAC 2026.103  RunTime: May23-2026 12:55:02  ShM Nodes: 1  Procs: 1
<May23-2026> <12:55:02>  Hydrogen (TZ2P)
<May23-2026> <12:55:02>  Net Charge: 0 (Nuclei minus Electrons)
<May23-2026> <12:55:02>  Symmetry  : ATOM
<May23-2026> <12:55:02>  Coordinates
<May23-2026> <12:55:02>     Atom         X           Y           Z   (Angstrom)
<May23-2026> <12:55:02>     1.H         0.000000    0.000000    0.000000
<May23-2026> <12:55:02>  >>>> CORORT
<May23-2026> <12:55:02>  >>>> CLSMAT
<May23-2026> <12:55:02>  >>>> ORTHON
<May23-2026> <12:55:02>  >>>> GENPT
<May23-2026> <12:55:02>  Block Length=  64
<May23-2026> <12:55:02>  >>>> PTBAS
<May23-2026> <12:55:02>  >>>> CYCLE
<May23-2026> <12:55:02>              |Error|         MaxErr       Wt(A-DIIS)
<May23-2026> <12:55:02>      1      0.00000000      0.00000000
<May23-2026> <12:55:02>      2      0.03100426      0.02644614
<May23-2026> <12:55:02>      3      0.00958086      0.00932931    100.0
<May23-2026> <12:55:02>      4      0.00232128      0.00228673      1.3
<May23-2026> <12:55:02>      5      0.00003156      0.00002984      0.0
<May23-2026> <12:55:02>      6      0.00000096      0.00000091      0.0
<May23-2026> <12:55:02>      7      0.00000000      0.00000000      0.0
<May23-2026> <12:55:02>  SCF converged
<May23-2026> <12:55:02>      8      0.00000000      0.00000000      0.0
<May23-2026> <12:55:02>  >>>> POPAN
<May23-2026> <12:55:02>  >>>> DEBYE
<May23-2026> <12:55:02>  *** adf ***
<May23-2026> <12:55:02>  Net Charge: 0 (Nuclei minus Electrons)
<May23-2026> <12:55:02>  Spin polar: -1 (Spin_A minus Spin_B electrons)
<May23-2026> <12:55:02>  Symmetry  : NOSYM
<May23-2026> <12:55:02>  >>>> FRAGM
<May23-2026> <12:55:02>  Coordinates
<May23-2026> <12:55:02>     Atom         X           Y           Z   (Angstrom)
<May23-2026> <12:55:02>     1.C         2.142951    0.011357    1.290669
<May23-2026> <12:55:02>     2.C         2.929596    0.131072    0.143408
<May23-2026> <12:55:02>     3.C         2.320028    0.501372   -1.032627
<May23-2026> <12:55:02>     4.H         2.583460   -0.377566    2.197363
<May23-2026> <12:55:02>     5.H         1.345820    0.726100    1.453086
<May23-2026> <12:55:02>     6.H         3.862169   -0.417248    0.099993
<May23-2026> <12:55:02>     7.H         1.476674    1.179809   -1.015600
<May23-2026> <12:55:02>     8.H         2.873813    0.485822   -1.962564
<May23-2026> <12:55:03>  >>>> CORORT
<May23-2026> <12:55:03>  >>>> CLSMAT
<May23-2026> <12:55:03>  >>>> ORTHON
<May23-2026> <12:55:03>  >>>> GENPT
<May23-2026> <12:55:03>  Block Length= 128
<May23-2026> <12:55:03>  >>>> PTBAS
<May23-2026> <12:55:04>  >>>> CYCLE
<May23-2026> <12:55:07>              |Error|         MaxErr       Wt(A-DIIS)
<May23-2026> <12:55:07>      1      4.08221769      0.50383508
<May23-2026> <12:55:10>      2      0.79425200      0.08192808    100.0
<May23-2026> <12:55:13>      3      0.70963278      0.07265839    100.0
<May23-2026> <12:55:17>      4      1.05650378      0.12625423    100.0
<May23-2026> <12:55:20>      5      0.15824123      0.01722984     16.4
<May23-2026> <12:55:23>      6      0.07130671      0.00911115      8.2
<May23-2026> <12:55:26>      7      0.01912837      0.00273880      1.8
<May23-2026> <12:55:29>      8      0.00393600      0.00067155      0.0
<May23-2026> <12:55:32>      9      0.00457605      0.00053219      0.0
<May23-2026> <12:55:35>     10      0.00121232      0.00018061      0.0
<May23-2026> <12:55:38>     11      0.00012829      0.00002281      0.0
<May23-2026> <12:55:41>     12      0.00002545      0.00000552      0.0
<May23-2026> <12:55:45>     13      0.00000716      0.00000100      0.0
<May23-2026> <12:55:45>  SCF converged
<May23-2026> <12:55:48>     14      0.00000276      0.00000043      0.0
<May23-2026> <12:55:50>  >>>> TOTEN
<May23-2026> <12:55:57>  >>>> POPAN
<May23-2026> <12:55:57>  >>>> DEBYE
<May23-2026> <12:55:57>  >>>> AMETS
<May23-2026> <12:55:57>   Bond Energy          -1.52942073 a.u.
<May23-2026> <12:55:57>   Bond Energy         -41.61765554 eV
<May23-2026> <12:55:57>   Bond Energy        -959.73       kcal/mol
<May23-2026> <12:55:57>  >>>> POPUL
<May23-2026> <12:55:58>  NORMAL TERMINATION
