PLAMS working folder: /gpfs/tmp_cpu2/yeseo1ee_plams/h_gate1c/plams_h
[h] running optA (fragment A relax in isolation, doublet)
[23.05|11:05:02] JOB optA STARTED
[23.05|11:05:02] JOB optA RUNNING
[23.05|11:08:41] JOB optA FINISHED
[23.05|11:08:41] JOB optA SUCCESSFUL
[h] running optB (fragment B relax in isolation, doublet ↓)
[23.05|11:08:41] JOB optB STARTED
[23.05|11:08:41] JOB optB RUNNING
[23.05|11:13:34] JOB optB FINISHED
[23.05|11:13:34] JOB optB SUCCESSFUL
[h] running ADFFragmentJob (5 children)
[23.05|11:13:34] JOB h_eda STARTED
[23.05|11:13:34] JOB h_eda RUNNING
[23.05|11:13:34] JOB h_eda/frag1 STARTED
[23.05|11:13:34] JOB h_eda/frag1 RUNNING
[23.05|11:14:14] JOB h_eda/frag1 FINISHED
[23.05|11:14:14] JOB h_eda/frag1 SUCCESSFUL
[23.05|11:14:14] JOB h_eda/frag2 STARTED
[23.05|11:14:14] JOB h_eda/frag2 RUNNING
[23.05|11:15:10] JOB h_eda/frag2 FINISHED
[23.05|11:15:10] JOB h_eda/frag2 SUCCESSFUL
[23.05|11:15:10] JOB h_eda/full STARTED
[23.05|11:15:10] JOB h_eda/full RUNNING
[23.05|11:19:50] JOB h_eda/full FINISHED
[23.05|11:19:50] JOB h_eda/full SUCCESSFUL
[23.05|11:19:50] JOB h_eda/frag1_opt STARTED
[23.05|11:19:50] JOB h_eda/frag1_opt RUNNING
[23.05|11:20:30] JOB h_eda/frag1_opt FINISHED
[23.05|11:20:30] JOB h_eda/frag1_opt SUCCESSFUL
[23.05|11:20:30] JOB h_eda/frag2_opt STARTED
[23.05|11:20:30] JOB h_eda/frag2_opt RUNNING
[23.05|11:21:26] JOB h_eda/frag2_opt FINISHED
[23.05|11:21:26] JOB h_eda/frag2_opt SUCCESSFUL
[23.05|11:21:26] JOB h_eda FINISHED
[23.05|11:21:26] JOB h_eda SUCCESSFUL
PLAMS run finished. Goodbye
[h] ASR vector (kcal/mol):
  E_strain             =     12.349
  E_Pauli              =    132.740
  E_elstat             =    -60.600
  E_oi                 =    -97.980
  E_disp               =     -7.050
  E_int                =    -32.890
  dE_frag_barrier_eda  =    -20.541
