PLAMS working folder: /gpfs/tmp_cpu2/yeseo1ee_plams/h_gate1/plams_h
[h] running optA (fragment A relax in isolation)
[23.05|10:33:18] JOB optA STARTED
[23.05|10:33:18] JOB optA RUNNING
[23.05|10:36:55] JOB optA FINISHED
[23.05|10:36:56] JOB optA SUCCESSFUL
[h] running optB (fragment B relax in isolation)
[23.05|10:36:56] JOB optB STARTED
[23.05|10:36:56] JOB optB RUNNING
[23.05|10:41:47] JOB optB FINISHED
[23.05|10:41:47] JOB optB SUCCESSFUL
[h] running ADFFragmentJob (5 children)
[23.05|10:41:47] JOB h_eda STARTED
[23.05|10:41:47] JOB h_eda RUNNING
[23.05|10:41:47] JOB h_eda/frag1 STARTED
[23.05|10:41:47] JOB h_eda/frag1 RUNNING
[23.05|10:42:23] JOB h_eda/frag1 FINISHED
[23.05|10:42:23] JOB h_eda/frag1 SUCCESSFUL
[23.05|10:42:23] JOB h_eda/frag2 STARTED
[23.05|10:42:23] JOB h_eda/frag2 RUNNING
[23.05|10:43:20] JOB h_eda/frag2 FINISHED
[23.05|10:43:20] JOB h_eda/frag2 SUCCESSFUL
[23.05|10:43:20] JOB h_eda/full STARTED
[23.05|10:43:20] JOB h_eda/full RUNNING
[23.05|10:43:20] JOB h_eda/full FINISHED
[23.05|10:43:20] JOB h_eda/full FAILED
[23.05|10:43:20] Error message for job full was:
	UNRESTRICTED FRAGMENT
[23.05|10:43:20] JOB h_eda/frag1_opt STARTED
[23.05|10:43:20] JOB h_eda/frag1_opt RUNNING
[23.05|10:43:56] JOB h_eda/frag1_opt FINISHED
[23.05|10:43:56] JOB h_eda/frag1_opt SUCCESSFUL
[23.05|10:43:56] JOB h_eda/frag2_opt STARTED
[23.05|10:43:56] JOB h_eda/frag2_opt RUNNING
[23.05|10:44:52] JOB h_eda/frag2_opt FINISHED
[23.05|10:44:52] JOB h_eda/frag2_opt SUCCESSFUL
[23.05|10:44:52] JOB h_eda FINISHED
[23.05|10:44:52] JOB h_eda FAILED
[23.05|10:44:52] Error message for job h_eda was:
	Could not determine error message. Please check the output manually.
[23.05|10:44:52] WARNING: Trying to obtain results of crashed or failed job h_eda
[23.05|10:44:52] WARNING: Trying to obtain results of crashed or failed job full
[23.05|10:44:52] WARNING: Trying to obtain results of crashed or failed job full
[23.05|10:44:52] WARNING: Section 'Energy' not present in /gpfs/tmp_cpu2/yeseo1ee_plams/h_gate1/plams_h/h_eda/full/adf.rkf or present, but empty. Returning empty dictionary
[23.05|10:44:52] Obtaining results of full successful. However, no guarantee that they make sense
[23.05|10:44:52] Obtaining results of full successful. However, no guarantee that they make sense
[23.05|10:44:52] Obtaining results of h_eda failed. Returned value is None
Traceback (most recent call last):
  File "scripts/run_eda.py", line 193, in <module>
    sys.exit(main())
  File "scripts/run_eda.py", line 188, in main
    run_one(args.id, wd)
  File "scripts/run_eda.py", line 125, in run_one
    E_Pauli = decomp.get("E_Pauli", float("nan"))
AttributeError: 'NoneType' object has no attribute 'get'
