PLAMS working folder: /gpfs/tmp_cpu2/yeseo1ee_plams/h_gate1b/plams_h
[h] running optA (fragment A relax in isolation, doublet)
[23.05|10:46:38] JOB optA STARTED
[23.05|10:46:38] JOB optA RUNNING
[23.05|10:50:18] JOB optA FINISHED
[23.05|10:50:18] JOB optA SUCCESSFUL
[h] running optB (fragment B relax in isolation, doublet ↓)
[23.05|10:50:18] JOB optB STARTED
[23.05|10:50:18] JOB optB RUNNING
[23.05|10:55:09] JOB optB FINISHED
[23.05|10:55:09] JOB optB SUCCESSFUL
[h] running ADFFragmentJob (5 children)
[23.05|10:55:09] JOB h_eda STARTED
[23.05|10:55:09] JOB h_eda RUNNING
[23.05|10:55:09] JOB h_eda/frag1 STARTED
[23.05|10:55:09] JOB h_eda/frag1 RUNNING
[23.05|10:55:49] JOB h_eda/frag1 FINISHED
[23.05|10:55:49] JOB h_eda/frag1 SUCCESSFUL
[23.05|10:55:49] JOB h_eda/frag2 STARTED
[23.05|10:55:49] JOB h_eda/frag2 RUNNING
[23.05|10:56:45] JOB h_eda/frag2 FINISHED
[23.05|10:56:45] JOB h_eda/frag2 SUCCESSFUL
[23.05|10:56:45] JOB h_eda/full STARTED
[23.05|10:56:45] JOB h_eda/full RUNNING
[23.05|11:01:24] JOB h_eda/full FINISHED
[23.05|11:01:24] JOB h_eda/full SUCCESSFUL
[23.05|11:01:24] JOB h_eda/frag1_opt STARTED
[23.05|11:01:24] JOB h_eda/frag1_opt RUNNING
[23.05|11:02:04] JOB h_eda/frag1_opt FINISHED
[23.05|11:02:04] JOB h_eda/frag1_opt SUCCESSFUL
[23.05|11:02:04] JOB h_eda/frag2_opt STARTED
[23.05|11:02:04] JOB h_eda/frag2_opt RUNNING
[23.05|11:03:00] JOB h_eda/frag2_opt FINISHED
[23.05|11:03:00] JOB h_eda/frag2_opt SUCCESSFUL
[23.05|11:03:00] JOB h_eda FINISHED
[23.05|11:03:00] JOB h_eda SUCCESSFUL
PLAMS run finished. Goodbye
[h] ASR vector (kcal/mol):
  E_strain             =     12.349
  E_Pauli              =    132.736
  E_elstat             = -38027.074
  E_oi                 =  -2666.037
  E_disp               =  -4423.942
  E_int                = -44984.316
  dE_frag_barrier_eda  = -44971.968
