[install_orca] extracting /home1/yeseo1ee/orca_6_1_1_linux_x86-64_shared_openmpi418_avx2.tar.xz -> /home1/yeseo1ee/orca6/
tar: orca_6_1_1_linux_x86-64_shared_openmpi418_avx2/autoci_rhf_mp3_2rdm: Cannot write: Disk quota exceeded
tar: orca_6_1_1_linux_x86-64_shared_openmpi418_avx2/autoci_rhf_mp3_2rdm_mpi: Cannot write: Disk quota exceeded
tar: orca_6_1_1_linux_x86-64_shared_openmpi418_avx2/autoci_rhf_mp3_energy: Cannot write: Disk quota exceeded
tar: orca_6_1_1_linux_x86-64_shared_openmpi418_avx2/autoci_rhf_mp3_energy_mpi: Cannot write: Disk quota exceeded
tar: orca_6_1_1_linux_x86-64_shared_openmpi418_avx2/autoci_rhf_mp3_lambda_px: Cannot write: Disk quota exceeded
tar: orca_6_1_1_linux_x86-64_shared_openmpi418_avx2/autoci_rhf_mp3_lambda_px_mpi: Cannot write: Disk quota exceeded
tar: orca_6_1_1_linux_x86-64_shared_openmpi418_avx2/autoci_rhf_mp3full_lambda_px: Cannot write: Disk quota exceeded
tar: orca_6_1_1_linux_x86-64_shared_openmpi418_avx2/autoci_rhf_mp3full_lambda_px_mpi: Cannot write: Disk quota exceeded
tar: orca_6_1_1_linux_x86-64_shared_openmpi418_avx2/autoci_rhf_mp3full_sigma: Cannot write: Disk quota exceeded
tar: orca_6_1_1_linux_x86-64_shared_openmpi418_avx2/autoci_rhf_mp3full_sigma_mpi: Cannot write: Disk quota exceeded
tar: orca_6_1_1_linux_x86-64_shared_openmpi418_avx2/autoci_rhf_mp4_1rdm: Cannot write: Disk quota exceeded
tar: orca_6_1_1_linux_x86-64_shared_openmpi418_avx2/autoci_rhf_mp4_1rdm_mpi: Cannot write: Disk quota exceeded
tar: orca_6_1_1_linux_x86-64_shared_openmpi418_avx2/autoci_rhf_mp4_2rdm: Cannot write: Disk quota exceeded
tar: orca_6_1_1_linux_x86-64_shared_openmpi418_avx2/autoci_rhf_mp4_2rdm_mpi: Cannot write: Disk quota exceeded
tar: orca_6_1_1_linux_x86-64_shared_openmpi418_avx2/autoci_rhf_mp4_energy: Cannot write: Disk quota exceeded
tar: orca_6_1_1_linux_x86-64_shared_openmpi418_avx2/autoci_rhf_mp4_energy_mpi: Cannot write: Disk quota exceeded
tar: orca_6_1_1_linux_x86-64_shared_openmpi418_avx2/autoci_rhf_mp4_sigma: Cannot write: Disk quota exceeded
tar: orca_6_1_1_linux_x86-64_shared_openmpi418_avx2/autoci_rhf_mp4_sigma_mpi: Cannot write: Disk quota exceeded
tar: orca_6_1_1_linux_x86-64_shared_openmpi418_avx2/autoci_rhf_mp4full_1_lambda_px: Cannot write: Disk quota exceeded
tar: orca_6_1_1_linux_x86-64_shared_openmpi418_avx2/autoci_rhf_mp4full_1_lambda_px_mpi: Cannot write: Disk quota exceeded
tar: orca_6_1_1_linux_x86-64_shared_openmpi418_avx2/autoci_rhf_mp4full_2_lambda_px: Cannot write: Disk quota exceeded
tar: orca_6_1_1_linux_x86-64_shared_openmpi418_avx2/autoci_rhf_mp4full_2_lambda_px_mpi: Cannot write: Disk quota exceeded
tar: orca_6_1_1_linux_x86-64_shared_openmpi418_avx2/autoci_rhf_mp4full_sigma: Cannot write: Disk quota exceeded
tar: orca_6_1_1_linux_x86-64_shared_openmpi418_avx2/autoci_rhf_mp4full_sigma_mpi: Cannot write: Disk quota exceeded
tar: orca_6_1_1_linux_x86-64_shared_openmpi418_avx2/autoci_rhf_mp4sdq_1rdm: Cannot write: Disk quota exceeded
tar: orca_6_1_1_linux_x86-64_shared_openmpi418_avx2/autoci_rhf_mp4sdq_1rdm_mpi: Cannot write: Disk quota exceeded
tar: orca_6_1_1_linux_x86-64_shared_openmpi418_avx2/autoci_rhf_mp4sdq_2rdm: Cannot write: Disk quota exceeded
tar: orca_6_1_1_linux_x86-64_shared_openmpi418_avx2/autoci_rhf_mp4sdq_2rdm_mpi: Cannot write: Disk quota exceeded
tar: orca_6_1_1_linux_x86-64_shared_openmpi418_avx2/autoci_rhf_mp4sdq_energy: Cannot write: Disk quota exceeded
tar: orca_6_1_1_linux_x86-64_shared_openmpi418_avx2/autoci_rhf_mp4sdq_energy_mpi: Cannot write: Disk quota exceeded
tar: orca_6_1_1_linux_x86-64_shared_openmpi418_avx2/autoci_rhf_mp4sdq_sigma: Cannot write: Disk quota exceeded
tar: orca_6_1_1_linux_x86-64_shared_openmpi418_avx2/autoci_rhf_mp4sdq_sigma_mpi: Cannot write: Disk quota exceeded
tar: orca_6_1_1_linux_x86-64_shared_openmpi418_avx2/autoci_rhf_mp4sdqfull_1_lambda_px: Cannot write: Disk quota exceeded
