[2026-05-23T10:29:34+09:00] === ADF EDA Phase 3, ID=h ===
[2026-05-23T10:29:34+09:00] host=n048.hpc  NSCM=8  WORKDIR=/gpfs/tmp_cpu2/yeseo1ee_plams/h_653063
[2026-05-23T10:29:34+09:00] ams=/home1/yeseo1ee/ams2026.103/bin/ams
PLAMS working folder: /gpfs/tmp_cpu2/yeseo1ee_plams/h_653063/plams_h
[h] running optA (fragment A relax in isolation)
[23.05|10:29:34] JOB optA STARTED
[23.05|10:29:34] JOB optA RUNNING
[23.05|10:29:35] WARNING: Job optA finished with nonzero return code
[23.05|10:29:35] WARNING: Main KF file ams.rkf not present in /gpfs/tmp_cpu2/yeseo1ee_plams/h_653063/plams_h/optA
[23.05|10:29:35] JOB optA CRASHED
[23.05|10:29:35] File ams.rkf not present in /gpfs/tmp_cpu2/yeseo1ee_plams/h_653063/plams_h/optA
[23.05|10:29:35] Error message for job optA was:
	Termination status: None. Message: srun: error: n048: tasks 0-7: Exited with exit code 15 . Check the files in /gpfs/tmp_cpu2/yeseo1ee_plams/h_653063/plams_h/optA for more details.
[23.05|10:29:35] File ams.rkf not present in /gpfs/tmp_cpu2/yeseo1ee_plams/h_653063/plams_h/optA
[23.05|10:29:35] File ams.rkf not present in /gpfs/tmp_cpu2/yeseo1ee_plams/h_653063/plams_h/optA
[23.05|10:29:35] WARNING: Trying to obtain results of crashed or failed job optA
[23.05|10:29:35] WARNING: Trying to obtain results of crashed or failed job optA
[23.05|10:29:35] WARNING: Trying to obtain results of crashed or failed job optA
[23.05|10:29:35] WARNING: Trying to obtain results of crashed or failed job optA
[23.05|10:29:35] Obtaining results of optA failed. Returned value is None
[23.05|10:29:35] Obtaining results of optA successful. However, no guarantee that they make sense
[23.05|10:29:35] Obtaining results of optA failed. Returned value is None
[23.05|10:29:35] Obtaining results of optA successful. However, no guarantee that they make sense
[h] running optB (fragment B relax in isolation)
[23.05|10:29:35] JOB optB STARTED
[23.05|10:29:35] JOB optB RUNNING
[23.05|10:29:35] WARNING: Job optB finished with nonzero return code
[23.05|10:29:35] WARNING: Main KF file ams.rkf not present in /gpfs/tmp_cpu2/yeseo1ee_plams/h_653063/plams_h/optB
[23.05|10:29:35] JOB optB CRASHED
[23.05|10:29:35] File ams.rkf not present in /gpfs/tmp_cpu2/yeseo1ee_plams/h_653063/plams_h/optB
[23.05|10:29:35] Error message for job optB was:
	Termination status: None. Message: srun: error: n048: tasks 0-7: Exited with exit code 15 . Check the files in /gpfs/tmp_cpu2/yeseo1ee_plams/h_653063/plams_h/optB for more details.
[23.05|10:29:35] File ams.rkf not present in /gpfs/tmp_cpu2/yeseo1ee_plams/h_653063/plams_h/optB
[23.05|10:29:35] File ams.rkf not present in /gpfs/tmp_cpu2/yeseo1ee_plams/h_653063/plams_h/optB
[23.05|10:29:35] WARNING: Trying to obtain results of crashed or failed job optB
[23.05|10:29:35] WARNING: Trying to obtain results of crashed or failed job optB
[23.05|10:29:35] WARNING: Trying to obtain results of crashed or failed job optB
[23.05|10:29:35] WARNING: Trying to obtain results of crashed or failed job optB
[23.05|10:29:35] Obtaining results of optB failed. Returned value is None
[23.05|10:29:35] Obtaining results of optB successful. However, no guarantee that they make sense
[23.05|10:29:35] Obtaining results of optB failed. Returned value is None
[23.05|10:29:35] Obtaining results of optB successful. However, no guarantee that they make sense
[h] running ADFFragmentJob (5 children)
[23.05|10:29:35] JOB h_eda STARTED
[23.05|10:29:35] JOB h_eda RUNNING
[23.05|10:29:35] JOB h_eda/frag1 STARTED
[23.05|10:29:35] JOB h_eda/frag1 RUNNING
[23.05|10:29:35] WARNING: Job frag1 finished with nonzero return code
[23.05|10:29:35] WARNING: Main KF file ams.rkf not present in /gpfs/tmp_cpu2/yeseo1ee_plams/h_653063/plams_h/h_eda/frag1
[23.05|10:29:35] JOB h_eda/frag1 CRASHED
[23.05|10:29:35] File ams.rkf not present in /gpfs/tmp_cpu2/yeseo1ee_plams/h_653063/plams_h/h_eda/frag1
[23.05|10:29:35] Error message for job frag1 was:
	Termination status: None. Message: srun: error: n048: tasks 0-7: Exited with exit code 15 . Check the files in /gpfs/tmp_cpu2/yeseo1ee_plams/h_653063/plams_h/h_eda/frag1 for more details.
[23.05|10:29:35] File ams.rkf not present in /gpfs/tmp_cpu2/yeseo1ee_plams/h_653063/plams_h/h_eda/frag1
[23.05|10:29:35] File ams.rkf not present in /gpfs/tmp_cpu2/yeseo1ee_plams/h_653063/plams_h/h_eda/frag1
[23.05|10:29:35] JOB h_eda/frag2 STARTED
[23.05|10:29:35] JOB h_eda/frag2 RUNNING
[23.05|10:29:36] WARNING: Job frag2 finished with nonzero return code
[23.05|10:29:36] WARNING: Main KF file ams.rkf not present in /gpfs/tmp_cpu2/yeseo1ee_plams/h_653063/plams_h/h_eda/frag2
[23.05|10:29:36] JOB h_eda/frag2 CRASHED
[23.05|10:29:36] File ams.rkf not present in /gpfs/tmp_cpu2/yeseo1ee_plams/h_653063/plams_h/h_eda/frag2
[23.05|10:29:36] Error message for job frag2 was:
	Termination status: None. Message: srun: error: n048: tasks 0-7: Exited with exit code 15 . Check the files in /gpfs/tmp_cpu2/yeseo1ee_plams/h_653063/plams_h/h_eda/frag2 for more details.
[23.05|10:29:36] File ams.rkf not present in /gpfs/tmp_cpu2/yeseo1ee_plams/h_653063/plams_h/h_eda/frag2
[23.05|10:29:36] File ams.rkf not present in /gpfs/tmp_cpu2/yeseo1ee_plams/h_653063/plams_h/h_eda/frag2
[23.05|10:29:36] JOB h_eda/full STARTED
[23.05|10:29:36] WARNING: Trying to obtain results of crashed or failed job frag1
[23.05|10:29:36] WARNING: Trying to obtain results of crashed or failed job frag1
[23.05|10:29:36] Obtaining results of frag1 failed. Returned value is None
[23.05|10:29:36] Obtaining results of frag1 successful. However, no guarantee that they make sense
[23.05|10:29:36] WARNING: Trying to obtain results of crashed or failed job frag2
[23.05|10:29:36] WARNING: Trying to obtain results of crashed or failed job frag2
[23.05|10:29:36] Obtaining results of frag2 failed. Returned value is None
[23.05|10:29:36] Obtaining results of frag2 successful. However, no guarantee that they make sense
[23.05|10:29:36] WARNING: Trying to obtain results of crashed or failed job frag1
[23.05|10:29:36] WARNING: Trying to obtain results of crashed or failed job frag1
[23.05|10:29:36] Obtaining results of frag1 failed. Returned value is None
[23.05|10:29:36] Obtaining results of frag1 successful. However, no guarantee that they make sense
[23.05|10:29:36] WARNING: Trying to obtain results of crashed or failed job frag2
[23.05|10:29:36] WARNING: Trying to obtain results of crashed or failed job frag2
[23.05|10:29:36] Obtaining results of frag2 failed. Returned value is None
[23.05|10:29:36] Obtaining results of frag2 successful. However, no guarantee that they make sense
[23.05|10:29:36] JOB h_eda/full RUNNING
[23.05|10:29:36] WARNING: Job full finished with nonzero return code
[23.05|10:29:36] WARNING: Main KF file ams.rkf not present in /gpfs/tmp_cpu2/yeseo1ee_plams/h_653063/plams_h/h_eda/full
[23.05|10:29:36] JOB h_eda/full CRASHED
[23.05|10:29:36] File ams.rkf not present in /gpfs/tmp_cpu2/yeseo1ee_plams/h_653063/plams_h/h_eda/full
[23.05|10:29:36] Error message for job full was:
	Termination status: None. Message: srun: error: n048: tasks 0-7: Exited with exit code 15 . Check the files in /gpfs/tmp_cpu2/yeseo1ee_plams/h_653063/plams_h/h_eda/full for more details.
[23.05|10:29:36] File ams.rkf not present in /gpfs/tmp_cpu2/yeseo1ee_plams/h_653063/plams_h/h_eda/full
[23.05|10:29:36] File ams.rkf not present in /gpfs/tmp_cpu2/yeseo1ee_plams/h_653063/plams_h/h_eda/full
[23.05|10:29:36] JOB h_eda FINISHED
[23.05|10:29:36] JOB h_eda FAILED
[23.05|10:29:36] Error message for job h_eda was:
	Could not determine error message. Please check the output manually.
[23.05|10:29:36] WARNING: Trying to obtain results of crashed or failed job h_eda
[23.05|10:29:36] WARNING: Trying to obtain results of crashed or failed job full
[23.05|10:29:36] WARNING: Trying to obtain results of crashed or failed job full
[23.05|10:29:36] Obtaining results of full failed. Returned value is None
[23.05|10:29:36] Obtaining results of full successful. However, no guarantee that they make sense
[23.05|10:29:36] Obtaining results of h_eda failed. Returned value is None
[2026-05-23T10:29:36+09:00] amspython exit=1
[2026-05-23T10:29:36+09:00] rkf files archived to runs/h/eda/plams_workdir
[2026-05-23T10:29:36+09:00] === Phase 3 DONE for h, rc=1 ===
