--------------------------------------------------------------------------
By default, for Open MPI 4.0 and later, infiniband ports on a device
are not used by default.  The intent is to use UCX for these devices.
You can override this policy by setting the btl_openib_allow_ib MCA parameter
to true.

  Local host:              n040
  Local adapter:           mlx5_2
  Local port:              1

--------------------------------------------------------------------------
--------------------------------------------------------------------------
WARNING: There was an error initializing an OpenFabrics device.

  Local host:   n040
  Local device: mlx5_2
--------------------------------------------------------------------------
[n040.hpc:1167390] 7 more processes have sent help message help-mpi-btl-openib.txt / ib port not selected
[n040.hpc:1167390] Set MCA parameter "orte_base_help_aggregate" to 0 to see all help / error messages
[n040.hpc:1167390] 7 more processes have sent help message help-mpi-btl-openib.txt / error in device init
--------------------------------------------------------------------------
By default, for Open MPI 4.0 and later, infiniband ports on a device
are not used by default.  The intent is to use UCX for these devices.
You can override this policy by setting the btl_openib_allow_ib MCA parameter
to true.

  Local host:              n040
  Local adapter:           mlx5_2
  Local port:              1

--------------------------------------------------------------------------
--------------------------------------------------------------------------
WARNING: There was an error initializing an OpenFabrics device.

  Local host:   n040
  Local device: mlx5_2
--------------------------------------------------------------------------
[n040.hpc:1167418] 7 more processes have sent help message help-mpi-btl-openib.txt / ib port not selected
[n040.hpc:1167418] Set MCA parameter "orte_base_help_aggregate" to 0 to see all help / error messages
[n040.hpc:1167418] 7 more processes have sent help message help-mpi-btl-openib.txt / error in device init
--------------------------------------------------------------------------
By default, for Open MPI 4.0 and later, infiniband ports on a device
are not used by default.  The intent is to use UCX for these devices.
You can override this policy by setting the btl_openib_allow_ib MCA parameter
to true.

  Local host:              n040
  Local adapter:           mlx5_2
  Local port:              1

--------------------------------------------------------------------------
--------------------------------------------------------------------------
WARNING: There was an error initializing an OpenFabrics device.

  Local host:   n040
  Local device: mlx5_2
--------------------------------------------------------------------------
[n040.hpc:1167460] 7 more processes have sent help message help-mpi-btl-openib.txt / ib port not selected
[n040.hpc:1167460] Set MCA parameter "orte_base_help_aggregate" to 0 to see all help / error messages
[n040.hpc:1167460] 7 more processes have sent help message help-mpi-btl-openib.txt / error in device init
--------------------------------------------------------------------------
By default, for Open MPI 4.0 and later, infiniband ports on a device
are not used by default.  The intent is to use UCX for these devices.
You can override this policy by setting the btl_openib_allow_ib MCA parameter
to true.

  Local host:              n040
  Local adapter:           mlx5_2
  Local port:              1

--------------------------------------------------------------------------
--------------------------------------------------------------------------
WARNING: There was an error initializing an OpenFabrics device.

  Local host:   n040
  Local device: mlx5_2
--------------------------------------------------------------------------
[n040.hpc:1167492] 7 more processes have sent help message help-mpi-btl-openib.txt / ib port not selected
[n040.hpc:1167492] Set MCA parameter "orte_base_help_aggregate" to 0 to see all help / error messages
[n040.hpc:1167492] 7 more processes have sent help message help-mpi-btl-openib.txt / error in device init
--------------------------------------------------------------------------
By default, for Open MPI 4.0 and later, infiniband ports on a device
are not used by default.  The intent is to use UCX for these devices.
You can override this policy by setting the btl_openib_allow_ib MCA parameter
to true.

  Local host:              n040
  Local adapter:           mlx5_2
  Local port:              1

--------------------------------------------------------------------------
--------------------------------------------------------------------------
WARNING: There was an error initializing an OpenFabrics device.

  Local host:   n040
  Local device: mlx5_2
--------------------------------------------------------------------------
[n040.hpc:1167520] 7 more processes have sent help message help-mpi-btl-openib.txt / ib port not selected
[n040.hpc:1167520] Set MCA parameter "orte_base_help_aggregate" to 0 to see all help / error messages
[n040.hpc:1167520] 7 more processes have sent help message help-mpi-btl-openib.txt / error in device init
--------------------------------------------------------------------------
By default, for Open MPI 4.0 and later, infiniband ports on a device
are not used by default.  The intent is to use UCX for these devices.
You can override this policy by setting the btl_openib_allow_ib MCA parameter
to true.

  Local host:              n040
  Local adapter:           mlx5_2
  Local port:              1

--------------------------------------------------------------------------
--------------------------------------------------------------------------
WARNING: There was an error initializing an OpenFabrics device.

  Local host:   n040
  Local device: mlx5_2
--------------------------------------------------------------------------
[n040.hpc:1167558] 7 more processes have sent help message help-mpi-btl-openib.txt / ib port not selected
[n040.hpc:1167558] Set MCA parameter "orte_base_help_aggregate" to 0 to see all help / error messages
[n040.hpc:1167558] 7 more processes have sent help message help-mpi-btl-openib.txt / error in device init
--------------------------------------------------------------------------
By default, for Open MPI 4.0 and later, infiniband ports on a device
are not used by default.  The intent is to use UCX for these devices.
You can override this policy by setting the btl_openib_allow_ib MCA parameter
to true.

  Local host:              n040
  Local adapter:           mlx5_2
  Local port:              1

--------------------------------------------------------------------------
--------------------------------------------------------------------------
WARNING: There was an error initializing an OpenFabrics device.

  Local host:   n040
  Local device: mlx5_2
--------------------------------------------------------------------------
[n040.hpc:1167586] 7 more processes have sent help message help-mpi-btl-openib.txt / ib port not selected
[n040.hpc:1167586] Set MCA parameter "orte_base_help_aggregate" to 0 to see all help / error messages
[n040.hpc:1167586] 7 more processes have sent help message help-mpi-btl-openib.txt / error in device init
--------------------------------------------------------------------------
By default, for Open MPI 4.0 and later, infiniband ports on a device
are not used by default.  The intent is to use UCX for these devices.
You can override this policy by setting the btl_openib_allow_ib MCA parameter
to true.

  Local host:              n040
  Local adapter:           mlx5_2
  Local port:              1

--------------------------------------------------------------------------
--------------------------------------------------------------------------
WARNING: There was an error initializing an OpenFabrics device.

  Local host:   n040
  Local device: mlx5_2
--------------------------------------------------------------------------
[n040.hpc:1167614] 7 more processes have sent help message help-mpi-btl-openib.txt / ib port not selected
[n040.hpc:1167614] Set MCA parameter "orte_base_help_aggregate" to 0 to see all help / error messages
[n040.hpc:1167614] 7 more processes have sent help message help-mpi-btl-openib.txt / error in device init
--------------------------------------------------------------------------
By default, for Open MPI 4.0 and later, infiniband ports on a device
are not used by default.  The intent is to use UCX for these devices.
You can override this policy by setting the btl_openib_allow_ib MCA parameter
to true.

  Local host:              n040
  Local adapter:           mlx5_2
  Local port:              1

--------------------------------------------------------------------------
--------------------------------------------------------------------------
WARNING: There was an error initializing an OpenFabrics device.

  Local host:   n040
  Local device: mlx5_2
--------------------------------------------------------------------------
[n040.hpc:1167642] 7 more processes have sent help message help-mpi-btl-openib.txt / ib port not selected
[n040.hpc:1167642] Set MCA parameter "orte_base_help_aggregate" to 0 to see all help / error messages
[n040.hpc:1167642] 7 more processes have sent help message help-mpi-btl-openib.txt / error in device init
--------------------------------------------------------------------------
By default, for Open MPI 4.0 and later, infiniband ports on a device
are not used by default.  The intent is to use UCX for these devices.
You can override this policy by setting the btl_openib_allow_ib MCA parameter
to true.

  Local host:              n040
  Local adapter:           mlx5_2
  Local port:              1

--------------------------------------------------------------------------
--------------------------------------------------------------------------
WARNING: There was an error initializing an OpenFabrics device.

  Local host:   n040
  Local device: mlx5_2
--------------------------------------------------------------------------
[n040.hpc:1167739] 7 more processes have sent help message help-mpi-btl-openib.txt / ib port not selected
[n040.hpc:1167739] Set MCA parameter "orte_base_help_aggregate" to 0 to see all help / error messages
[n040.hpc:1167739] 7 more processes have sent help message help-mpi-btl-openib.txt / error in device init
--------------------------------------------------------------------------
By default, for Open MPI 4.0 and later, infiniband ports on a device
are not used by default.  The intent is to use UCX for these devices.
You can override this policy by setting the btl_openib_allow_ib MCA parameter
to true.

  Local host:              n040
  Local adapter:           mlx5_2
  Local port:              1

--------------------------------------------------------------------------
--------------------------------------------------------------------------
WARNING: There was an error initializing an OpenFabrics device.

  Local host:   n040
  Local device: mlx5_2
--------------------------------------------------------------------------
[n040.hpc:1167767] 7 more processes have sent help message help-mpi-btl-openib.txt / ib port not selected
[n040.hpc:1167767] Set MCA parameter "orte_base_help_aggregate" to 0 to see all help / error messages
[n040.hpc:1167767] 7 more processes have sent help message help-mpi-btl-openib.txt / error in device init
--------------------------------------------------------------------------
By default, for Open MPI 4.0 and later, infiniband ports on a device
are not used by default.  The intent is to use UCX for these devices.
You can override this policy by setting the btl_openib_allow_ib MCA parameter
to true.

  Local host:              n040
  Local adapter:           mlx5_2
  Local port:              1

--------------------------------------------------------------------------
--------------------------------------------------------------------------
WARNING: There was an error initializing an OpenFabrics device.

  Local host:   n040
  Local device: mlx5_2
--------------------------------------------------------------------------
[n040.hpc:1167827] 7 more processes have sent help message help-mpi-btl-openib.txt / ib port not selected
[n040.hpc:1167827] Set MCA parameter "orte_base_help_aggregate" to 0 to see all help / error messages
[n040.hpc:1167827] 7 more processes have sent help message help-mpi-btl-openib.txt / error in device init
--------------------------------------------------------------------------
By default, for Open MPI 4.0 and later, infiniband ports on a device
are not used by default.  The intent is to use UCX for these devices.
You can override this policy by setting the btl_openib_allow_ib MCA parameter
to true.

  Local host:              n040
  Local adapter:           mlx5_2
  Local port:              1

--------------------------------------------------------------------------
--------------------------------------------------------------------------
WARNING: There was an error initializing an OpenFabrics device.

  Local host:   n040
  Local device: mlx5_2
--------------------------------------------------------------------------
[n040.hpc:1167855] 7 more processes have sent help message help-mpi-btl-openib.txt / ib port not selected
[n040.hpc:1167855] Set MCA parameter "orte_base_help_aggregate" to 0 to see all help / error messages
[n040.hpc:1167855] 7 more processes have sent help message help-mpi-btl-openib.txt / error in device init
--------------------------------------------------------------------------
By default, for Open MPI 4.0 and later, infiniband ports on a device
are not used by default.  The intent is to use UCX for these devices.
You can override this policy by setting the btl_openib_allow_ib MCA parameter
to true.

  Local host:              n040
  Local adapter:           mlx5_2
  Local port:              1

--------------------------------------------------------------------------
--------------------------------------------------------------------------
WARNING: There was an error initializing an OpenFabrics device.

  Local host:   n040
  Local device: mlx5_2
--------------------------------------------------------------------------
[n040.hpc:1167883] 7 more processes have sent help message help-mpi-btl-openib.txt / ib port not selected
[n040.hpc:1167883] Set MCA parameter "orte_base_help_aggregate" to 0 to see all help / error messages
[n040.hpc:1167883] 7 more processes have sent help message help-mpi-btl-openib.txt / error in device init
--------------------------------------------------------------------------
By default, for Open MPI 4.0 and later, infiniband ports on a device
are not used by default.  The intent is to use UCX for these devices.
You can override this policy by setting the btl_openib_allow_ib MCA parameter
to true.

  Local host:              n040
  Local adapter:           mlx5_2
  Local port:              1

--------------------------------------------------------------------------
--------------------------------------------------------------------------
WARNING: There was an error initializing an OpenFabrics device.

  Local host:   n040
  Local device: mlx5_2
--------------------------------------------------------------------------
[n040.hpc:1167911] 7 more processes have sent help message help-mpi-btl-openib.txt / ib port not selected
[n040.hpc:1167911] Set MCA parameter "orte_base_help_aggregate" to 0 to see all help / error messages
[n040.hpc:1167911] 7 more processes have sent help message help-mpi-btl-openib.txt / error in device init
--------------------------------------------------------------------------
By default, for Open MPI 4.0 and later, infiniband ports on a device
are not used by default.  The intent is to use UCX for these devices.
You can override this policy by setting the btl_openib_allow_ib MCA parameter
to true.

  Local host:              n040
  Local adapter:           mlx5_2
  Local port:              1

--------------------------------------------------------------------------
--------------------------------------------------------------------------
WARNING: There was an error initializing an OpenFabrics device.

  Local host:   n040
  Local device: mlx5_2
--------------------------------------------------------------------------
[n040.hpc:1167958] 7 more processes have sent help message help-mpi-btl-openib.txt / ib port not selected
[n040.hpc:1167958] Set MCA parameter "orte_base_help_aggregate" to 0 to see all help / error messages
[n040.hpc:1167958] 7 more processes have sent help message help-mpi-btl-openib.txt / error in device init
--------------------------------------------------------------------------
By default, for Open MPI 4.0 and later, infiniband ports on a device
are not used by default.  The intent is to use UCX for these devices.
You can override this policy by setting the btl_openib_allow_ib MCA parameter
to true.

  Local host:              n040
  Local adapter:           mlx5_2
  Local port:              1

--------------------------------------------------------------------------
--------------------------------------------------------------------------
WARNING: There was an error initializing an OpenFabrics device.

  Local host:   n040
  Local device: mlx5_2
--------------------------------------------------------------------------
[n040.hpc:1167986] 7 more processes have sent help message help-mpi-btl-openib.txt / ib port not selected
[n040.hpc:1167986] Set MCA parameter "orte_base_help_aggregate" to 0 to see all help / error messages
[n040.hpc:1167986] 7 more processes have sent help message help-mpi-btl-openib.txt / error in device init
--------------------------------------------------------------------------
By default, for Open MPI 4.0 and later, infiniband ports on a device
are not used by default.  The intent is to use UCX for these devices.
You can override this policy by setting the btl_openib_allow_ib MCA parameter
to true.

  Local host:              n040
  Local adapter:           mlx5_2
  Local port:              1

--------------------------------------------------------------------------
--------------------------------------------------------------------------
WARNING: There was an error initializing an OpenFabrics device.

  Local host:   n040
  Local device: mlx5_2
--------------------------------------------------------------------------
[n040.hpc:1168016] 7 more processes have sent help message help-mpi-btl-openib.txt / ib port not selected
[n040.hpc:1168016] Set MCA parameter "orte_base_help_aggregate" to 0 to see all help / error messages
[n040.hpc:1168016] 7 more processes have sent help message help-mpi-btl-openib.txt / error in device init
--------------------------------------------------------------------------
By default, for Open MPI 4.0 and later, infiniband ports on a device
are not used by default.  The intent is to use UCX for these devices.
You can override this policy by setting the btl_openib_allow_ib MCA parameter
to true.

  Local host:              n040
  Local adapter:           mlx5_2
  Local port:              1

--------------------------------------------------------------------------
--------------------------------------------------------------------------
WARNING: There was an error initializing an OpenFabrics device.

  Local host:   n040
  Local device: mlx5_2
--------------------------------------------------------------------------
[n040.hpc:1168044] 7 more processes have sent help message help-mpi-btl-openib.txt / ib port not selected
[n040.hpc:1168044] Set MCA parameter "orte_base_help_aggregate" to 0 to see all help / error messages
[n040.hpc:1168044] 7 more processes have sent help message help-mpi-btl-openib.txt / error in device init
--------------------------------------------------------------------------
By default, for Open MPI 4.0 and later, infiniband ports on a device
are not used by default.  The intent is to use UCX for these devices.
You can override this policy by setting the btl_openib_allow_ib MCA parameter
to true.

  Local host:              n040
  Local adapter:           mlx5_2
  Local port:              1

--------------------------------------------------------------------------
--------------------------------------------------------------------------
WARNING: There was an error initializing an OpenFabrics device.

  Local host:   n040
  Local device: mlx5_2
--------------------------------------------------------------------------
[n040.hpc:1168072] 7 more processes have sent help message help-mpi-btl-openib.txt / ib port not selected
[n040.hpc:1168072] Set MCA parameter "orte_base_help_aggregate" to 0 to see all help / error messages
[n040.hpc:1168072] 7 more processes have sent help message help-mpi-btl-openib.txt / error in device init
--------------------------------------------------------------------------
By default, for Open MPI 4.0 and later, infiniband ports on a device
are not used by default.  The intent is to use UCX for these devices.
You can override this policy by setting the btl_openib_allow_ib MCA parameter
to true.

  Local host:              n040
  Local adapter:           mlx5_2
  Local port:              1

--------------------------------------------------------------------------
--------------------------------------------------------------------------
WARNING: There was an error initializing an OpenFabrics device.

  Local host:   n040
  Local device: mlx5_2
--------------------------------------------------------------------------
[n040.hpc:1168100] 7 more processes have sent help message help-mpi-btl-openib.txt / ib port not selected
[n040.hpc:1168100] Set MCA parameter "orte_base_help_aggregate" to 0 to see all help / error messages
[n040.hpc:1168100] 7 more processes have sent help message help-mpi-btl-openib.txt / error in device init
--------------------------------------------------------------------------
By default, for Open MPI 4.0 and later, infiniband ports on a device
are not used by default.  The intent is to use UCX for these devices.
You can override this policy by setting the btl_openib_allow_ib MCA parameter
to true.

  Local host:              n040
  Local adapter:           mlx5_2
  Local port:              1

--------------------------------------------------------------------------
--------------------------------------------------------------------------
WARNING: There was an error initializing an OpenFabrics device.

  Local host:   n040
  Local device: mlx5_2
--------------------------------------------------------------------------
[n040.hpc:1168138] 7 more processes have sent help message help-mpi-btl-openib.txt / ib port not selected
[n040.hpc:1168138] Set MCA parameter "orte_base_help_aggregate" to 0 to see all help / error messages
[n040.hpc:1168138] 7 more processes have sent help message help-mpi-btl-openib.txt / error in device init
--------------------------------------------------------------------------
By default, for Open MPI 4.0 and later, infiniband ports on a device
are not used by default.  The intent is to use UCX for these devices.
You can override this policy by setting the btl_openib_allow_ib MCA parameter
to true.

  Local host:              n040
  Local adapter:           mlx5_2
  Local port:              1

--------------------------------------------------------------------------
--------------------------------------------------------------------------
WARNING: There was an error initializing an OpenFabrics device.

  Local host:   n040
  Local device: mlx5_2
--------------------------------------------------------------------------
[n040.hpc:1168168] 7 more processes have sent help message help-mpi-btl-openib.txt / ib port not selected
[n040.hpc:1168168] Set MCA parameter "orte_base_help_aggregate" to 0 to see all help / error messages
[n040.hpc:1168168] 7 more processes have sent help message help-mpi-btl-openib.txt / error in device init
--------------------------------------------------------------------------
By default, for Open MPI 4.0 and later, infiniband ports on a device
are not used by default.  The intent is to use UCX for these devices.
You can override this policy by setting the btl_openib_allow_ib MCA parameter
to true.

  Local host:              n040
  Local adapter:           mlx5_2
  Local port:              1

--------------------------------------------------------------------------
--------------------------------------------------------------------------
WARNING: There was an error initializing an OpenFabrics device.

  Local host:   n040
  Local device: mlx5_2
--------------------------------------------------------------------------
[n040.hpc:1168196] 7 more processes have sent help message help-mpi-btl-openib.txt / ib port not selected
[n040.hpc:1168196] Set MCA parameter "orte_base_help_aggregate" to 0 to see all help / error messages
[n040.hpc:1168196] 7 more processes have sent help message help-mpi-btl-openib.txt / error in device init
--------------------------------------------------------------------------
By default, for Open MPI 4.0 and later, infiniband ports on a device
are not used by default.  The intent is to use UCX for these devices.
You can override this policy by setting the btl_openib_allow_ib MCA parameter
to true.

  Local host:              n040
  Local adapter:           mlx5_2
  Local port:              1

--------------------------------------------------------------------------
--------------------------------------------------------------------------
WARNING: There was an error initializing an OpenFabrics device.

  Local host:   n040
  Local device: mlx5_2
--------------------------------------------------------------------------
[n040.hpc:1168224] 7 more processes have sent help message help-mpi-btl-openib.txt / ib port not selected
[n040.hpc:1168224] Set MCA parameter "orte_base_help_aggregate" to 0 to see all help / error messages
[n040.hpc:1168224] 7 more processes have sent help message help-mpi-btl-openib.txt / error in device init
--------------------------------------------------------------------------
By default, for Open MPI 4.0 and later, infiniband ports on a device
are not used by default.  The intent is to use UCX for these devices.
You can override this policy by setting the btl_openib_allow_ib MCA parameter
to true.

  Local host:              n040
  Local adapter:           mlx5_2
  Local port:              1

--------------------------------------------------------------------------
--------------------------------------------------------------------------
WARNING: There was an error initializing an OpenFabrics device.

  Local host:   n040
  Local device: mlx5_2
--------------------------------------------------------------------------
[n040.hpc:1168252] 7 more processes have sent help message help-mpi-btl-openib.txt / ib port not selected
[n040.hpc:1168252] Set MCA parameter "orte_base_help_aggregate" to 0 to see all help / error messages
[n040.hpc:1168252] 7 more processes have sent help message help-mpi-btl-openib.txt / error in device init
--------------------------------------------------------------------------
By default, for Open MPI 4.0 and later, infiniband ports on a device
are not used by default.  The intent is to use UCX for these devices.
You can override this policy by setting the btl_openib_allow_ib MCA parameter
to true.

  Local host:              n040
  Local adapter:           mlx5_2
  Local port:              1

--------------------------------------------------------------------------
--------------------------------------------------------------------------
WARNING: There was an error initializing an OpenFabrics device.

  Local host:   n040
  Local device: mlx5_2
--------------------------------------------------------------------------
[n040.hpc:1168280] 7 more processes have sent help message help-mpi-btl-openib.txt / ib port not selected
[n040.hpc:1168280] Set MCA parameter "orte_base_help_aggregate" to 0 to see all help / error messages
[n040.hpc:1168280] 7 more processes have sent help message help-mpi-btl-openib.txt / error in device init
--------------------------------------------------------------------------
By default, for Open MPI 4.0 and later, infiniband ports on a device
are not used by default.  The intent is to use UCX for these devices.
You can override this policy by setting the btl_openib_allow_ib MCA parameter
to true.

  Local host:              n040
  Local adapter:           mlx5_2
  Local port:              1

--------------------------------------------------------------------------
--------------------------------------------------------------------------
WARNING: There was an error initializing an OpenFabrics device.

  Local host:   n040
  Local device: mlx5_2
--------------------------------------------------------------------------
[n040.hpc:1168310] 7 more processes have sent help message help-mpi-btl-openib.txt / ib port not selected
[n040.hpc:1168310] Set MCA parameter "orte_base_help_aggregate" to 0 to see all help / error messages
[n040.hpc:1168310] 7 more processes have sent help message help-mpi-btl-openib.txt / error in device init
--------------------------------------------------------------------------
By default, for Open MPI 4.0 and later, infiniband ports on a device
are not used by default.  The intent is to use UCX for these devices.
You can override this policy by setting the btl_openib_allow_ib MCA parameter
to true.

  Local host:              n040
  Local adapter:           mlx5_2
  Local port:              1

--------------------------------------------------------------------------
--------------------------------------------------------------------------
WARNING: There was an error initializing an OpenFabrics device.

  Local host:   n040
  Local device: mlx5_2
--------------------------------------------------------------------------
[n040.hpc:1168338] 7 more processes have sent help message help-mpi-btl-openib.txt / ib port not selected
[n040.hpc:1168338] Set MCA parameter "orte_base_help_aggregate" to 0 to see all help / error messages
[n040.hpc:1168338] 7 more processes have sent help message help-mpi-btl-openib.txt / error in device init
--------------------------------------------------------------------------
By default, for Open MPI 4.0 and later, infiniband ports on a device
are not used by default.  The intent is to use UCX for these devices.
You can override this policy by setting the btl_openib_allow_ib MCA parameter
to true.

  Local host:              n040
  Local adapter:           mlx5_2
  Local port:              1

--------------------------------------------------------------------------
--------------------------------------------------------------------------
WARNING: There was an error initializing an OpenFabrics device.

  Local host:   n040
  Local device: mlx5_2
--------------------------------------------------------------------------
[n040.hpc:1168398] 7 more processes have sent help message help-mpi-btl-openib.txt / ib port not selected
[n040.hpc:1168398] Set MCA parameter "orte_base_help_aggregate" to 0 to see all help / error messages
[n040.hpc:1168398] 7 more processes have sent help message help-mpi-btl-openib.txt / error in device init
--------------------------------------------------------------------------
By default, for Open MPI 4.0 and later, infiniband ports on a device
are not used by default.  The intent is to use UCX for these devices.
You can override this policy by setting the btl_openib_allow_ib MCA parameter
to true.

  Local host:              n040
  Local adapter:           mlx5_2
  Local port:              1

--------------------------------------------------------------------------
--------------------------------------------------------------------------
WARNING: There was an error initializing an OpenFabrics device.

  Local host:   n040
  Local device: mlx5_2
--------------------------------------------------------------------------
[n040.hpc:1168426] 7 more processes have sent help message help-mpi-btl-openib.txt / ib port not selected
[n040.hpc:1168426] Set MCA parameter "orte_base_help_aggregate" to 0 to see all help / error messages
[n040.hpc:1168426] 7 more processes have sent help message help-mpi-btl-openib.txt / error in device init
--------------------------------------------------------------------------
By default, for Open MPI 4.0 and later, infiniband ports on a device
are not used by default.  The intent is to use UCX for these devices.
You can override this policy by setting the btl_openib_allow_ib MCA parameter
to true.

  Local host:              n040
  Local adapter:           mlx5_2
  Local port:              1

--------------------------------------------------------------------------
--------------------------------------------------------------------------
WARNING: There was an error initializing an OpenFabrics device.

  Local host:   n040
  Local device: mlx5_2
--------------------------------------------------------------------------
[n040.hpc:1168497] 7 more processes have sent help message help-mpi-btl-openib.txt / ib port not selected
[n040.hpc:1168497] Set MCA parameter "orte_base_help_aggregate" to 0 to see all help / error messages
[n040.hpc:1168497] 7 more processes have sent help message help-mpi-btl-openib.txt / error in device init
--------------------------------------------------------------------------
By default, for Open MPI 4.0 and later, infiniband ports on a device
are not used by default.  The intent is to use UCX for these devices.
You can override this policy by setting the btl_openib_allow_ib MCA parameter
to true.

  Local host:              n040
  Local adapter:           mlx5_2
  Local port:              1

--------------------------------------------------------------------------
--------------------------------------------------------------------------
WARNING: There was an error initializing an OpenFabrics device.

  Local host:   n040
  Local device: mlx5_2
--------------------------------------------------------------------------
[n040.hpc:1168552] 7 more processes have sent help message help-mpi-btl-openib.txt / ib port not selected
[n040.hpc:1168552] Set MCA parameter "orte_base_help_aggregate" to 0 to see all help / error messages
[n040.hpc:1168552] 7 more processes have sent help message help-mpi-btl-openib.txt / error in device init
--------------------------------------------------------------------------
By default, for Open MPI 4.0 and later, infiniband ports on a device
are not used by default.  The intent is to use UCX for these devices.
You can override this policy by setting the btl_openib_allow_ib MCA parameter
to true.

  Local host:              n040
  Local adapter:           mlx5_2
  Local port:              1

--------------------------------------------------------------------------
--------------------------------------------------------------------------
WARNING: There was an error initializing an OpenFabrics device.

  Local host:   n040
  Local device: mlx5_2
--------------------------------------------------------------------------
[n040.hpc:1168582] 7 more processes have sent help message help-mpi-btl-openib.txt / ib port not selected
[n040.hpc:1168582] Set MCA parameter "orte_base_help_aggregate" to 0 to see all help / error messages
[n040.hpc:1168582] 7 more processes have sent help message help-mpi-btl-openib.txt / error in device init
--------------------------------------------------------------------------
By default, for Open MPI 4.0 and later, infiniband ports on a device
are not used by default.  The intent is to use UCX for these devices.
You can override this policy by setting the btl_openib_allow_ib MCA parameter
to true.

  Local host:              n040
  Local adapter:           mlx5_2
  Local port:              1

--------------------------------------------------------------------------
--------------------------------------------------------------------------
WARNING: There was an error initializing an OpenFabrics device.

  Local host:   n040
  Local device: mlx5_2
--------------------------------------------------------------------------
[n040.hpc:1168610] 7 more processes have sent help message help-mpi-btl-openib.txt / ib port not selected
[n040.hpc:1168610] Set MCA parameter "orte_base_help_aggregate" to 0 to see all help / error messages
[n040.hpc:1168610] 7 more processes have sent help message help-mpi-btl-openib.txt / error in device init
--------------------------------------------------------------------------
By default, for Open MPI 4.0 and later, infiniband ports on a device
are not used by default.  The intent is to use UCX for these devices.
You can override this policy by setting the btl_openib_allow_ib MCA parameter
to true.

  Local host:              n040
  Local adapter:           mlx5_2
  Local port:              1

--------------------------------------------------------------------------
--------------------------------------------------------------------------
WARNING: There was an error initializing an OpenFabrics device.

  Local host:   n040
  Local device: mlx5_2
--------------------------------------------------------------------------
[n040.hpc:1168640] 7 more processes have sent help message help-mpi-btl-openib.txt / ib port not selected
[n040.hpc:1168640] Set MCA parameter "orte_base_help_aggregate" to 0 to see all help / error messages
[n040.hpc:1168640] 7 more processes have sent help message help-mpi-btl-openib.txt / error in device init
--------------------------------------------------------------------------
By default, for Open MPI 4.0 and later, infiniband ports on a device
are not used by default.  The intent is to use UCX for these devices.
You can override this policy by setting the btl_openib_allow_ib MCA parameter
to true.

  Local host:              n040
  Local adapter:           mlx5_2
  Local port:              1

--------------------------------------------------------------------------
--------------------------------------------------------------------------
WARNING: There was an error initializing an OpenFabrics device.

  Local host:   n040
  Local device: mlx5_2
--------------------------------------------------------------------------
[n040.hpc:1168668] 7 more processes have sent help message help-mpi-btl-openib.txt / ib port not selected
[n040.hpc:1168668] Set MCA parameter "orte_base_help_aggregate" to 0 to see all help / error messages
[n040.hpc:1168668] 7 more processes have sent help message help-mpi-btl-openib.txt / error in device init
--------------------------------------------------------------------------
By default, for Open MPI 4.0 and later, infiniband ports on a device
are not used by default.  The intent is to use UCX for these devices.
You can override this policy by setting the btl_openib_allow_ib MCA parameter
to true.

  Local host:              n040
  Local adapter:           mlx5_2
  Local port:              1

--------------------------------------------------------------------------
--------------------------------------------------------------------------
WARNING: There was an error initializing an OpenFabrics device.

  Local host:   n040
  Local device: mlx5_2
--------------------------------------------------------------------------
[n040.hpc:1168696] 7 more processes have sent help message help-mpi-btl-openib.txt / ib port not selected
[n040.hpc:1168696] Set MCA parameter "orte_base_help_aggregate" to 0 to see all help / error messages
[n040.hpc:1168696] 7 more processes have sent help message help-mpi-btl-openib.txt / error in device init
--------------------------------------------------------------------------
By default, for Open MPI 4.0 and later, infiniband ports on a device
are not used by default.  The intent is to use UCX for these devices.
You can override this policy by setting the btl_openib_allow_ib MCA parameter
to true.

  Local host:              n040
  Local adapter:           mlx5_2
  Local port:              1

--------------------------------------------------------------------------
--------------------------------------------------------------------------
WARNING: There was an error initializing an OpenFabrics device.

  Local host:   n040
  Local device: mlx5_2
--------------------------------------------------------------------------
[n040.hpc:1168724] 7 more processes have sent help message help-mpi-btl-openib.txt / ib port not selected
[n040.hpc:1168724] Set MCA parameter "orte_base_help_aggregate" to 0 to see all help / error messages
[n040.hpc:1168724] 7 more processes have sent help message help-mpi-btl-openib.txt / error in device init
--------------------------------------------------------------------------
By default, for Open MPI 4.0 and later, infiniband ports on a device
are not used by default.  The intent is to use UCX for these devices.
You can override this policy by setting the btl_openib_allow_ib MCA parameter
to true.

  Local host:              n040
  Local adapter:           mlx5_2
  Local port:              1

--------------------------------------------------------------------------
--------------------------------------------------------------------------
WARNING: There was an error initializing an OpenFabrics device.

  Local host:   n040
  Local device: mlx5_2
--------------------------------------------------------------------------
[n040.hpc:1168754] 7 more processes have sent help message help-mpi-btl-openib.txt / ib port not selected
[n040.hpc:1168754] Set MCA parameter "orte_base_help_aggregate" to 0 to see all help / error messages
[n040.hpc:1168754] 7 more processes have sent help message help-mpi-btl-openib.txt / error in device init
--------------------------------------------------------------------------
By default, for Open MPI 4.0 and later, infiniband ports on a device
are not used by default.  The intent is to use UCX for these devices.
You can override this policy by setting the btl_openib_allow_ib MCA parameter
to true.

  Local host:              n040
  Local adapter:           mlx5_2
  Local port:              1

--------------------------------------------------------------------------
--------------------------------------------------------------------------
WARNING: There was an error initializing an OpenFabrics device.

  Local host:   n040
  Local device: mlx5_2
--------------------------------------------------------------------------
[n040.hpc:1168790] 7 more processes have sent help message help-mpi-btl-openib.txt / ib port not selected
[n040.hpc:1168790] Set MCA parameter "orte_base_help_aggregate" to 0 to see all help / error messages
[n040.hpc:1168790] 7 more processes have sent help message help-mpi-btl-openib.txt / error in device init
--------------------------------------------------------------------------
By default, for Open MPI 4.0 and later, infiniband ports on a device
are not used by default.  The intent is to use UCX for these devices.
You can override this policy by setting the btl_openib_allow_ib MCA parameter
to true.

  Local host:              n040
  Local adapter:           mlx5_2
  Local port:              1

--------------------------------------------------------------------------
--------------------------------------------------------------------------
WARNING: There was an error initializing an OpenFabrics device.

  Local host:   n040
  Local device: mlx5_2
--------------------------------------------------------------------------
[n040.hpc:1168820] 7 more processes have sent help message help-mpi-btl-openib.txt / ib port not selected
[n040.hpc:1168820] Set MCA parameter "orte_base_help_aggregate" to 0 to see all help / error messages
[n040.hpc:1168820] 7 more processes have sent help message help-mpi-btl-openib.txt / error in device init
--------------------------------------------------------------------------
By default, for Open MPI 4.0 and later, infiniband ports on a device
are not used by default.  The intent is to use UCX for these devices.
You can override this policy by setting the btl_openib_allow_ib MCA parameter
to true.

  Local host:              n040
  Local adapter:           mlx5_2
  Local port:              1

--------------------------------------------------------------------------
--------------------------------------------------------------------------
WARNING: There was an error initializing an OpenFabrics device.

  Local host:   n040
  Local device: mlx5_2
--------------------------------------------------------------------------
[n040.hpc:1168848] 7 more processes have sent help message help-mpi-btl-openib.txt / ib port not selected
[n040.hpc:1168848] Set MCA parameter "orte_base_help_aggregate" to 0 to see all help / error messages
[n040.hpc:1168848] 7 more processes have sent help message help-mpi-btl-openib.txt / error in device init
--------------------------------------------------------------------------
By default, for Open MPI 4.0 and later, infiniband ports on a device
are not used by default.  The intent is to use UCX for these devices.
You can override this policy by setting the btl_openib_allow_ib MCA parameter
to true.

  Local host:              n040
  Local adapter:           mlx5_2
  Local port:              1

--------------------------------------------------------------------------
--------------------------------------------------------------------------
WARNING: There was an error initializing an OpenFabrics device.

  Local host:   n040
  Local device: mlx5_2
--------------------------------------------------------------------------
[n040.hpc:1168876] 7 more processes have sent help message help-mpi-btl-openib.txt / ib port not selected
[n040.hpc:1168876] Set MCA parameter "orte_base_help_aggregate" to 0 to see all help / error messages
[n040.hpc:1168876] 7 more processes have sent help message help-mpi-btl-openib.txt / error in device init
--------------------------------------------------------------------------
By default, for Open MPI 4.0 and later, infiniband ports on a device
are not used by default.  The intent is to use UCX for these devices.
You can override this policy by setting the btl_openib_allow_ib MCA parameter
to true.

  Local host:              n040
  Local adapter:           mlx5_2
  Local port:              1

--------------------------------------------------------------------------
--------------------------------------------------------------------------
WARNING: There was an error initializing an OpenFabrics device.

  Local host:   n040
  Local device: mlx5_2
--------------------------------------------------------------------------
[n040.hpc:1168904] 7 more processes have sent help message help-mpi-btl-openib.txt / ib port not selected
[n040.hpc:1168904] Set MCA parameter "orte_base_help_aggregate" to 0 to see all help / error messages
[n040.hpc:1168904] 7 more processes have sent help message help-mpi-btl-openib.txt / error in device init
--------------------------------------------------------------------------
By default, for Open MPI 4.0 and later, infiniband ports on a device
are not used by default.  The intent is to use UCX for these devices.
You can override this policy by setting the btl_openib_allow_ib MCA parameter
to true.

  Local host:              n040
  Local adapter:           mlx5_2
  Local port:              1

--------------------------------------------------------------------------
--------------------------------------------------------------------------
WARNING: There was an error initializing an OpenFabrics device.

  Local host:   n040
  Local device: mlx5_2
--------------------------------------------------------------------------
[n040.hpc:1168934] 7 more processes have sent help message help-mpi-btl-openib.txt / ib port not selected
[n040.hpc:1168934] Set MCA parameter "orte_base_help_aggregate" to 0 to see all help / error messages
[n040.hpc:1168934] 7 more processes have sent help message help-mpi-btl-openib.txt / error in device init
--------------------------------------------------------------------------
By default, for Open MPI 4.0 and later, infiniband ports on a device
are not used by default.  The intent is to use UCX for these devices.
You can override this policy by setting the btl_openib_allow_ib MCA parameter
to true.

  Local host:              n040
  Local adapter:           mlx5_2
  Local port:              1

--------------------------------------------------------------------------
--------------------------------------------------------------------------
WARNING: There was an error initializing an OpenFabrics device.

  Local host:   n040
  Local device: mlx5_2
--------------------------------------------------------------------------
[n040.hpc:1168962] 7 more processes have sent help message help-mpi-btl-openib.txt / ib port not selected
[n040.hpc:1168962] Set MCA parameter "orte_base_help_aggregate" to 0 to see all help / error messages
[n040.hpc:1168962] 7 more processes have sent help message help-mpi-btl-openib.txt / error in device init
--------------------------------------------------------------------------
By default, for Open MPI 4.0 and later, infiniband ports on a device
are not used by default.  The intent is to use UCX for these devices.
You can override this policy by setting the btl_openib_allow_ib MCA parameter
to true.

  Local host:              n040
  Local adapter:           mlx5_2
  Local port:              1

--------------------------------------------------------------------------
--------------------------------------------------------------------------
WARNING: There was an error initializing an OpenFabrics device.

  Local host:   n040
  Local device: mlx5_2
--------------------------------------------------------------------------
[n040.hpc:1169021] 7 more processes have sent help message help-mpi-btl-openib.txt / ib port not selected
[n040.hpc:1169021] Set MCA parameter "orte_base_help_aggregate" to 0 to see all help / error messages
[n040.hpc:1169021] 7 more processes have sent help message help-mpi-btl-openib.txt / error in device init
--------------------------------------------------------------------------
By default, for Open MPI 4.0 and later, infiniband ports on a device
are not used by default.  The intent is to use UCX for these devices.
You can override this policy by setting the btl_openib_allow_ib MCA parameter
to true.

  Local host:              n040
  Local adapter:           mlx5_2
  Local port:              1

--------------------------------------------------------------------------
--------------------------------------------------------------------------
WARNING: There was an error initializing an OpenFabrics device.

  Local host:   n040
  Local device: mlx5_2
--------------------------------------------------------------------------
[n040.hpc:1169049] 7 more processes have sent help message help-mpi-btl-openib.txt / ib port not selected
[n040.hpc:1169049] Set MCA parameter "orte_base_help_aggregate" to 0 to see all help / error messages
[n040.hpc:1169049] 7 more processes have sent help message help-mpi-btl-openib.txt / error in device init
--------------------------------------------------------------------------
By default, for Open MPI 4.0 and later, infiniband ports on a device
are not used by default.  The intent is to use UCX for these devices.
You can override this policy by setting the btl_openib_allow_ib MCA parameter
to true.

  Local host:              n040
  Local adapter:           mlx5_2
  Local port:              1

--------------------------------------------------------------------------
--------------------------------------------------------------------------
WARNING: There was an error initializing an OpenFabrics device.

  Local host:   n040
  Local device: mlx5_2
--------------------------------------------------------------------------
[n040.hpc:1169077] 7 more processes have sent help message help-mpi-btl-openib.txt / ib port not selected
[n040.hpc:1169077] Set MCA parameter "orte_base_help_aggregate" to 0 to see all help / error messages
[n040.hpc:1169077] 7 more processes have sent help message help-mpi-btl-openib.txt / error in device init
--------------------------------------------------------------------------
By default, for Open MPI 4.0 and later, infiniband ports on a device
are not used by default.  The intent is to use UCX for these devices.
You can override this policy by setting the btl_openib_allow_ib MCA parameter
to true.

  Local host:              n040
  Local adapter:           mlx5_2
  Local port:              1

--------------------------------------------------------------------------
--------------------------------------------------------------------------
WARNING: There was an error initializing an OpenFabrics device.

  Local host:   n040
  Local device: mlx5_2
--------------------------------------------------------------------------
[n040.hpc:1169105] 7 more processes have sent help message help-mpi-btl-openib.txt / ib port not selected
[n040.hpc:1169105] Set MCA parameter "orte_base_help_aggregate" to 0 to see all help / error messages
[n040.hpc:1169105] 7 more processes have sent help message help-mpi-btl-openib.txt / error in device init
--------------------------------------------------------------------------
By default, for Open MPI 4.0 and later, infiniband ports on a device
are not used by default.  The intent is to use UCX for these devices.
You can override this policy by setting the btl_openib_allow_ib MCA parameter
to true.

  Local host:              n040
  Local adapter:           mlx5_2
  Local port:              1

--------------------------------------------------------------------------
--------------------------------------------------------------------------
WARNING: There was an error initializing an OpenFabrics device.

  Local host:   n040
  Local device: mlx5_2
--------------------------------------------------------------------------
[n040.hpc:1169151] 7 more processes have sent help message help-mpi-btl-openib.txt / ib port not selected
[n040.hpc:1169151] Set MCA parameter "orte_base_help_aggregate" to 0 to see all help / error messages
[n040.hpc:1169151] 7 more processes have sent help message help-mpi-btl-openib.txt / error in device init
--------------------------------------------------------------------------
By default, for Open MPI 4.0 and later, infiniband ports on a device
are not used by default.  The intent is to use UCX for these devices.
You can override this policy by setting the btl_openib_allow_ib MCA parameter
to true.

  Local host:              n040
  Local adapter:           mlx5_2
  Local port:              1

--------------------------------------------------------------------------
--------------------------------------------------------------------------
WARNING: There was an error initializing an OpenFabrics device.

  Local host:   n040
  Local device: mlx5_2
--------------------------------------------------------------------------
[n040.hpc:1169182] 7 more processes have sent help message help-mpi-btl-openib.txt / ib port not selected
[n040.hpc:1169182] Set MCA parameter "orte_base_help_aggregate" to 0 to see all help / error messages
[n040.hpc:1169182] 7 more processes have sent help message help-mpi-btl-openib.txt / error in device init
--------------------------------------------------------------------------
By default, for Open MPI 4.0 and later, infiniband ports on a device
are not used by default.  The intent is to use UCX for these devices.
You can override this policy by setting the btl_openib_allow_ib MCA parameter
to true.

  Local host:              n040
  Local adapter:           mlx5_2
  Local port:              1

--------------------------------------------------------------------------
--------------------------------------------------------------------------
WARNING: There was an error initializing an OpenFabrics device.

  Local host:   n040
  Local device: mlx5_2
--------------------------------------------------------------------------
[n040.hpc:1169221] 7 more processes have sent help message help-mpi-btl-openib.txt / ib port not selected
[n040.hpc:1169221] Set MCA parameter "orte_base_help_aggregate" to 0 to see all help / error messages
[n040.hpc:1169221] 7 more processes have sent help message help-mpi-btl-openib.txt / error in device init
--------------------------------------------------------------------------
By default, for Open MPI 4.0 and later, infiniband ports on a device
are not used by default.  The intent is to use UCX for these devices.
You can override this policy by setting the btl_openib_allow_ib MCA parameter
to true.

  Local host:              n040
  Local adapter:           mlx5_2
  Local port:              1

--------------------------------------------------------------------------
--------------------------------------------------------------------------
WARNING: There was an error initializing an OpenFabrics device.

  Local host:   n040
  Local device: mlx5_2
--------------------------------------------------------------------------
[n040.hpc:1169324] 7 more processes have sent help message help-mpi-btl-openib.txt / ib port not selected
[n040.hpc:1169324] Set MCA parameter "orte_base_help_aggregate" to 0 to see all help / error messages
[n040.hpc:1169324] 7 more processes have sent help message help-mpi-btl-openib.txt / error in device init
