
 *******************************************************************************
 *                                                                             *
 *  --------------------------------                                           *
 *   Amsterdam Modeling Suite (AMS)              2026.103                      *
 *  --------------------------------                                           *
 *                                               r260501 2026-05-01 873454b5   *
 *                                                                             *
 *                                                                             *
 *                              =================                              *
 *                              |               |                              *
 *                              |     A M S     |                              *
 *                              |               |                              *
 *                              =================                              *
 *                                                                             *
 *                                                                             *
 *   Online information and documentation:  https://www.scm.com/support/       *
 *   E-mail:  support@scm.com   info@scm.com                                   *
 *                                                                             *
 *   Scientific publications using AMS results must be properly referenced     *
 *   See the User Manuals (or the web site) for recommended citations          *
 *   The terms and conditions of the End User License Agreement apply to       *
 *   the use of AMS, https://www.scm.com/license-terms/                        *
 *                                                                             *
 **********************  x86_64_linux_intel / intelmpi  ************************
 
 Licensed to: Jong-June Jeon / University of Seoul 2026-06-02 13:44:15
 SCM User ID: u30731
  
 AMS 2026.103  RunTime: Jun04-2026 00:57:06  ShM Nodes: 1  Procs: 1

 AMS jobname: c1_fragA_ts
 AMS jobid  : 2117135123

 Start   directory: /gpfs/home1/yeseo1ee/projects/eda-asm-prediction/ADF_800/adf_outputs/batch_006/qmrxn20_sn2_A_E_A_A_A_B/
 Results directory: /gpfs/home1/yeseo1ee/projects/eda-asm-prediction/ADF_800/adf_outputs/batch_006/qmrxn20_sn2_A_E_A_A_A_B/c1_fragA_ts.results/
 Scratch directory: /tmp/amstmp_c1_fragA_ts_kid0.2117135123/

 RNG seed: -547726046 -2078376068 -153038803 1707693589 934939255 -41778247 -45449198 798441630



                      ************************************************************************
                      *  ADF 2026.103  RunTime: Jun04-2026 00:57:07  ShM Nodes: 1  Procs: 1  *
                      ************************************************************************
  

       ****************************
       * SINGLE POINT CALCULATION *
       ****************************

--------
Geometry
--------
Formula: F
Atoms
  Index Symbol   x (angstrom)   y (angstrom)   z (angstrom)
      1      F    -1.16077275    -0.13823990     0.11968943

Total System Charge             -1.00000


----------------
ADF Engine Input
----------------
 
   Basis
     Type TZ2P
     Core None
   End
   XC
     GGA BLYP
     Dispersion GRIMME3 BJDAMP
   End
   Symmetry NOSYM
   NumericalQuality Normal
   Unrestricted No
   SCF
     Iterations 200
     Converge 1.0e-6
   End
   Save TAPE21
 

 Title: *** (NO TITLE) ***

 *** adf ***



 ===========================
 A T T A C H E D   F I L E S
 ===========================
  



 ===============================
 M O D E L   P A R A M E T E R S
 ===============================
  
 DENSITY FUNCTIONAL POTENTIAL (scf)
    LDA:                               Exchange only                           == Not Default ==
    Gradient Corrections:              Becke88 LYP                             == Not Default ==

 SPIN  (restricted / unrestr.)
    Molecule:                          Restricted                               
    Fragments:                         Restricted                               

 OTHER ASPECTS
    Relativistic Corrections:          scalar (ZORA,MAPA)                       

    Nuclear Charge Density Model:      Point Charge Nuclei                      
    Core Treatment:                    Frozen Orbital(s)                        

    Hyperfine or Zeeman Interaction:   ---                                      

 Settings for Grimme D3 dispersion correction

      damping                        BJ
      s6                          1.000
      s8                          2.700
      a1                          0.430
      a2                          4.236

 Other (technical) parameters

      alpha                      14.000
      version                         4
 


 Fragment File(s)
 ----------------
 F:
         file : /gpfs/home1/yeseo1ee/projects/eda-asm-prediction/ADF_800/adf_outputs/batch_006/qmrxn20_sn2_A_E_A_A_A_B/c1_fragA_ts.results/t21.CCE1280.F
         jobid: 0
         title: Fluorine (TZ2P)



 ===============
 G E O M E T R Y  ***  Single Atom  ***
 ===============
  

 ATOMS
 =====                            X Y Z                    CHARGE
                                (Angstrom)             Nucl     +Core       At.Mass
                       --------------------------    ----------------       -------
    1  F              -1.1608   -0.1382    0.1197      9.00      9.00       18.9984


 FRAGMENTS
 =========                                     Atoms in this Fragment     Cart. coord.s (Angstrom)
                                               -------------------------------------------------------
    1  F                                                 1  F           -1.1608   -0.1382    0.1197



 =====================================
 S Y M M E T R Y ,   E L E C T R O N S
 =====================================
  
 Symmetry: NOSYM

 Irreducible Representations, including subspecies
 -------------------------------------------------
 A


 Configuration of Valence Electrons
 ==================================
 ( determined in the SCF procedure )

 Total:   10

 Net Charge: -1 (Nuclei minus Electrons)

 Aufbau principle for MO occupations will be applied through SCF cycle no.     100
 Thereafter, the program will assign electrons to MOs that are spatially
 similar to the occupied MOs in a "reference" cycle ("KeepOrbitals").
 The reference cycle is always the PREVIOUS cycle: it will evolve with
 the SCF procedure.
 ***************************************************************************************************



                                      ****************************************
                                      *  B U I L D : (Fragments, Functions)  *
                                      ****************************************
  



 =======
 S F O s  ***  (Symmetrized Fragment Orbitals)  ***
 =======
  
 SFOs are linear combinations of (valence) Fragment Orbitals (FOs), such that the SFOs transform as the
 irreducible representations of the (molecular) symmetry group. Each SFO is therefore characterized by
 an irrep of the molecule and by a few (or only one) generating FOs.
 The SFOs constitute a symmetry-adapted basis for the Fock matrix. The MO eigenvector coefficients in
 this basis provide a direct interpretation of the MOs in terms of Frontier Orbital Theory.

 The SFOs are combined with auxiliary Core Functions (CFs) to ensure orthogonalization on the (frozen)
 Core Orbitals (COs). The Core-orthogonalized SFOs (CSFOs) constitute the true Fock basis.

 The FOs, and hence also the (C)SFOs are combinations of the elementary basis functions (BAS). The basis
 functions that participate in the description of the SFOs depend on the irrep. The indices of the
 involved functions are printed below for each irrep.
 (The complete list of primitive basis functions is printed in another section)

 Total nr. of (C)SFOs (summation over all irreps) :    26

 NOTE: a (C)SFO that is defined as a combination of more than one FO is usually NOT normalized.



                                       === A ===
 Nr. of SFOs :   26
 Cartesian basis functions that participate in this irrep (total number =    30) :
      1     2     3     4     5     6     9    12     7    10
     13     8    11    14    15    16    17    18    19    20
     21    22    23    24    25    26    27    28    29    30

    SFO  (index         Fragment          Generating    Expansion in Fragment Orbitals
  indx  incl.CFs)   Occup   Orb.Energy   FragmentType  Coeff.   Orbital     on Fragment
 --------------------------------------------------------------------------------------
     1       1      2.000     -24.402 au  F             1.00      1 S               1
                        (    -664.014 eV)
     2       2      2.000      -1.095 au  F             1.00      2 S               1
                        (     -29.785 eV)
     3       3       --         0.023 au  F             1.00      3 S               1
                        (       0.624 eV)
     4       4       --         1.576 au  F             1.00      4 S               1
                        (      42.880 eV)
     5       5       --        47.803 au  F             1.00      5 S               1
                        (    1300.785 eV)
     6       6      1.667      -0.409 au  F             1.00      1 P:x             1
                        (     -11.127 eV)
     7       7       --         0.428 au  F             1.00      2 P:x             1
                        (      11.654 eV)
     8       8       --         4.556 au  F             1.00      3 P:x             1
                        (     123.977 eV)
     9       9      1.667      -0.409 au  F             1.00      1 P:y             1
                        (     -11.127 eV)
    10      10       --         0.428 au  F             1.00      2 P:y             1
                        (      11.654 eV)
    11      11       --         4.556 au  F             1.00      3 P:y             1
                        (     123.977 eV)
    12      12      1.667      -0.409 au  F             1.00      1 P:z             1
                        (     -11.127 eV)
    13      13       --         0.428 au  F             1.00      2 P:z             1
                        (      11.654 eV)
    14      14       --         4.556 au  F             1.00      3 P:z             1
                        (     123.977 eV)
    15      15       --         1.117 au  F             1.00      1 D:z2            1
                        (      30.390 eV)
    16      16       --         1.117 au  F             1.00      1 D:x2-y2         1
                        (      30.390 eV)
    17      17       --         1.117 au  F             1.00      1 D:xy            1
                        (      30.390 eV)
    18      18       --         1.117 au  F             1.00      1 D:xz            1
                        (      30.390 eV)
    19      19       --         1.117 au  F             1.00      1 D:yz            1
                        (      30.390 eV)
    20      20       --         3.416 au  F             1.00      1 F:z3            1
                        (      92.949 eV)
    21      21       --         3.416 au  F             1.00      1 F:z             1
                        (      92.949 eV)
    22      22       --         3.416 au  F             1.00      1 F:xyz           1
                        (      92.949 eV)
    23      23       --         3.416 au  F             1.00      1 F:z2x           1
                        (      92.949 eV)
    24      24       --         3.416 au  F             1.00      1 F:z2y           1
                        (      92.949 eV)
    25      25       --         3.416 au  F             1.00      1 F:x             1
                        (      92.949 eV)
    26      26       --         3.416 au  F             1.00      1 F:y             1
                        (      92.949 eV)



 ================================
 (Slater-type)  F U N C T I O N S  ***  (Basis and Fit)  ***
 ================================
  

 Atom Type    1  (F)
 ==============

 Valence Basis Sets:  10
 -----------------------
   1 S   10.880000
   1 S    7.700000
   2 S    3.240000
   2 S    1.940000
   2 S    0.740000
   2 P    4.540000
   2 P    2.300000
   2 P    1.240000
   3 D    2.000000
   4 F    3.000000


 BAS: List of all Elementary Cartesian Basis Functions
 =====================================================

 The numbering in the list below (to the right of the function characteristics) is referred
 to in print-outs of MO eigenvectors and Mulliken populations in the BAS representation
 (as contrasted to the SFO representation).

 Notes:
 1. The functions are characterized by a polynomial prefactor (powers of x,y,z and r) and
    an exponential decay factor alpha.
 2. Since the basis sets are specific for an atom TYPE, the individual functions occur on
    all atoms of that type.
 3. The word 'Core' in the left margin signals that it is a Core Function (CF) : not a
    degree of freedom in the valence set, but only used to ensure orthogonalization of
    the other valence basis functions on the frozen Core Orbitals.


 (power of) X  Y  Z  R     Alpha  on Atom
            ==========     =====     ==========

 F                                    1
                                  ---------------------------------------------------------------------------
            0  0  0  0    10.880      1
            0  0  0  0     7.700      2
            0  0  0  1     3.240      3
            0  0  0  1     1.940      4
            0  0  0  1     0.740      5
            1  0  0  0     4.540      6
            0  1  0  0     4.540      7
            0  0  1  0     4.540      8
            1  0  0  0     2.300      9
            0  1  0  0     2.300     10
            0  0  1  0     2.300     11
            1  0  0  0     1.240     12
            0  1  0  0     1.240     13
            0  0  1  0     1.240     14
            2  0  0  0     2.000     15
            1  1  0  0     2.000     16
            1  0  1  0     2.000     17
            0  2  0  0     2.000     18
            0  1  1  0     2.000     19
            0  0  2  0     2.000     20
            3  0  0  0     3.000     21
            2  1  0  0     3.000     22
            2  0  1  0     3.000     23
            1  2  0  0     3.000     24
            1  1  1  0     3.000     25
            1  0  2  0     3.000     26
            0  3  0  0     3.000     27
            0  2  1  0     3.000     28
            0  1  2  0     3.000     29
            0  0  3  0     3.000     30

 Total number of charge fitting functions (nprimf)        85
 Total number of Cartesian basis functions (naos)         30
 Total number of Cartesian core functions  (ncos)          0

 ***************************************************************************************************



                                              ***********************
                                              *  T E C H N I C A L  *
                                              ***********************
  



 =============================================================
 P A R A L L E L I Z A T I O N  and  V E C T O R I Z A T I O N
 =============================================================
  
 Nr of parallel processes:                                1
 Maximum vector length in NumInt loops:                 128



 =====================
 S C F   U P D A T E S
 =====================
  
 Max. nr. of cycles:                               200
 Convergence criterion:                              0.0000010000
   secondary criterion:                              0.0010000000

 Mix parameter (when DIIS does not apply):           0.2000000000
 Mixed ADIIS+SDIIS will be used                  
    Max number of expansion vectors:                10
    Pure ADIIS when Max([F,P]) is above              0.1000000000
    Pure SDIIS when Max([F,P]) is below              0.0010000000
 Automatic ElectronSmearing (in case of problematic SCF convergence) disabled



 =================
 P R E C I S I O N  ***  (General: NumInt, NeglectFunctionTails, ...)  ***
 =================
  

 NumInt:           Target precision:                 4.0000000000
 -------           Initial precision:                4.0000000000
                   Min. precision (optimization):    4.0000000000

 Neglect Functions:          Basis functions:        0.1000000000E-05
 ------------------          Fit functions:          0.1000000000E-05



 ===========================
 L I N E A R   S C A L I N G
 ===========================
  

 Cut-off radii density fit:                        0.1000000000E-07
 Overlap cut-off criterion AO matrix elements:     0.1000000000E-05
 Cut-offs for Coulomb potential and fitted density:0.1000000000E-07
 Cut-off criterion for Coulomb multipole terms:    0.1000000000E-07
 Progressive Convergence parameter:                 0.000000000    
 ***************************************************************************************************



                                            ***************************
                                            *  C O M P U T A T I O N  *
                                            ***************************
  

 Number of elements of the density matrix on this node (used, total):       465       465



 ===========================================
 Numerical Integration : Fuzzy Cells (Becke)
 ===========================================
  
 Becke grid quality: NORMAL         
  
 Lebedev angular grid order:             min:  11 max:  23
 Nr. of radial points:                   min:  55 max:  55

 Total nr. of points:       5390
 Nr. of blocks:               55
 Block length:                98
 Nr. of dummy points:          0


 Test of Precision of the Numerical Integration Grid
 ===================================================

 Integral of the Total Core Density:                   0.00000000000000



 ========================
 Density Fitting (zlmFit)
 ========================
  
 ZlmFit Fit Quality: NORMAL         
  
 Max L-expansion:                        min:   7 max:   7
 Nr. of radial interpolation points:     min:  51 max:  51



 =====
 S C F  ***  ScaSCF  ***
 =====
  
 Initial density matrix is calculated as sum of fragments

 CYCLE    1
 SCF Error: norm([F,P])=      0.002770852087, max([F,P])=      0.002532033251
 orbitals (Q,E):
 ---------------
 A :1...15           ( 2.00   -24.4073)  ( 2.00    -1.0960)  ( 2.00    -0.4104)  ( 2.00    -0.4104)
                     ( 2.00    -0.4104)  ( 0.00     0.0226)  ( 0.00     0.4271)  ( 0.00     0.4271)
                     ( 0.00     0.4271)  ( 0.00     1.1152)  ( 0.00     1.1152)  ( 0.00     1.1152)
                     ( 0.00     1.1152)  ( 0.00     1.1152)  ( 0.00     1.5748)

 CYCLE    2
  SDIIS (wt  0.000):  1.0004 -0.0004
 A-DIIS (wt  1.000):  0.4989  0.5011
  DIIS coefficients:  0.4989  0.5011
 SCF Error: norm([F,P])=      0.905293440149, max([F,P])=      0.400541656796
 orbitals (Q,E):
 ---------------
 A :1...6            ( 2.00   -23.7848)  ( 2.00    -0.6782)  ( 2.00    -0.0150)  ( 2.00    -0.0150)
                     ( 2.00    -0.0150)  ( 0.00     0.1715)

 CYCLE    3
  SDIIS (wt  0.000):  0.9934  0.0022  0.0044
 A-DIIS (wt  1.000):  0.2151  0.2414  0.5436
  DIIS coefficients:  0.2151  0.2414  0.5436
 SCF Error: norm([F,P])=      0.535103651612, max([F,P])=      0.211386044780
 orbitals (Q,E):
 ---------------
 A :1...6            ( 2.00   -23.9671)  ( 2.00    -0.6754)  ( 2.00    -0.0041)  ( 2.00    -0.0041)
                     ( 2.00    -0.0041)  ( 0.00     0.2302)

 CYCLE    4
  SDIIS (wt  0.000): -0.3283  0.0792  1.2491
 A-DIIS (wt  1.000):  0.0000  0.3152  0.6848
  DIIS coefficients:  0.0000  0.3152  0.6848
 SCF Error: norm([F,P])=      0.271819193937, max([F,P])=      0.121798827286
 orbitals (Q,E):
 ---------------
 A :1...6            ( 2.00   -23.7901)  ( 2.00    -0.5413)  ( 2.00     0.1228)  ( 2.00     0.1228)
                     ( 2.00     0.1228)  ( 0.00     0.2880)

 CYCLE    5
  SDIIS (wt  0.557):  0.0367 -0.0100  0.1626  0.8107
 A-DIIS (wt  0.443):  0.0000  0.0000  0.1540  0.8460
  DIIS coefficients:  0.0204 -0.0056  0.1588  0.8264
 SCF Error: norm([F,P])=      0.101879917379, max([F,P])=      0.044826706291
 orbitals (Q,E):
 ---------------
 A :1...6            ( 2.00   -23.8284)  ( 2.00    -0.5630)  ( 2.00     0.1033)  ( 2.00     0.1033)
                     ( 2.00     0.1033)  ( 0.00     0.2852)

 CYCLE    6
  SDIIS (wt  0.841): -0.0024  0.0290 -0.0618  0.0505  0.9847
 A-DIIS (wt  0.159):  0.0000  0.0000  0.0000  0.1706  0.8294
  DIIS coefficients: -0.0020  0.0244 -0.0520  0.0696  0.9601
 SCF Error: norm([F,P])=      0.040019834830, max([F,P])=      0.016705645092
 orbitals (Q,E):
 ---------------
 A :1...6            ( 2.00   -23.8142)  ( 2.00    -0.5570)  ( 2.00     0.1088)  ( 2.00     0.1088)
                     ( 2.00     0.1088)  ( 0.00     0.2858)

 CYCLE    7
  SDIIS (wt  0.989): -0.0002 -0.0008  0.0026  0.0006  0.0927  0.9050
 A-DIIS (wt  0.011):  0.0000  0.0000  0.0000  0.0000  0.0000  1.0000
  DIIS coefficients: -0.0002 -0.0008  0.0026  0.0006  0.0916  0.9061
 SCF Error: norm([F,P])=      0.005059183426, max([F,P])=      0.002108340399
 orbitals (Q,E):
 ---------------
 A :1...6            ( 2.00   -23.8158)  ( 2.00    -0.5577)  ( 2.00     0.1081)  ( 2.00     0.1081)
                     ( 2.00     0.1081)  ( 0.00     0.2857)

 CYCLE    8
  SDIIS (wt  1.000):  0.0000 -0.0001  0.0000 -0.0021  1.0021
  DIIS coefficients:  0.0000 -0.0001  0.0000 -0.0021  1.0021
 SCF Error: norm([F,P])=      0.000120917510, max([F,P])=      0.000050556963
 orbitals (Q,E):
 ---------------
 A :1...6            ( 2.00   -23.8158)  ( 2.00    -0.5577)  ( 2.00     0.1081)  ( 2.00     0.1081)
                     ( 2.00     0.1081)  ( 0.00     0.2857)

 CYCLE    9
  SDIIS (wt  1.000): -0.0000  0.0000 -0.0001  0.0041  0.2271  0.7689
  DIIS coefficients: -0.0000  0.0000 -0.0001  0.0041  0.2271  0.7689
 SCF Error: norm([F,P])=      0.000000416381, max([F,P])=      0.000000177608
 orbitals (Q,E):
 ---------------
 A :1...6            ( 2.00   -23.8158)  ( 2.00    -0.5577)  ( 2.00     0.1081)  ( 2.00     0.1081)
                     ( 2.00     0.1081)  ( 0.00     0.2857)

 SCF CONVERGED

 CYCLE   10
 ***************************************************************************************************



                                                *******************
                                                *  R E S U L T S  *
                                                *******************
  
 *** Using FIT density in Focky
  SDIIS (wt  1.000): -0.0000 -0.0001 -0.0043  0.0910  0.9134
  DIIS coefficients: -0.0000 -0.0001 -0.0043  0.0910  0.9134
 SCF Error: norm([F,P])=      0.000000001890, max([F,P])=      0.000000001173

 Scaled ZORA Orbital Energies, per Irrep and Spin:
 =================================================
                        Occup              E (au)              E (eV)       Diff (eV) with prev. cycle
                        -----      --------------------        ------       --------------------------
 A
               1        2.000     -0.23815808736158E+02      -648.061              -1.89E-08
               2        2.000     -0.55767435530811E+00       -15.175              -1.46E-08
               3        2.000      0.10814977363303E+00         2.943              -1.41E-08
               4        2.000      0.10814977363303E+00         2.943              -1.41E-08
               5        2.000      0.10814977363303E+00         2.943              -1.41E-08
               6        0.000      0.28571628658442E+00         7.775
               7        0.000      0.81194071275237E+00        22.094
               8        0.000      0.81194071275238E+00        22.094
               9        0.000      0.81194071275238E+00        22.094
              10        0.000      0.15653158768665E+01        42.594
              11        0.000      0.15653158768665E+01        42.594
              12        0.000      0.15653158768665E+01        42.594
              13        0.000      0.15653158768665E+01        42.594
              14        0.000      0.15653158768665E+01        42.594
              15        0.000      0.20355496664153E+01        55.390
  
 HOMO :        5 A                 0.10814977363303E+00
 LUMO :        6 A                 0.28571628658442E+00
  


 All Electron Calculation, thus no Orbital Energies of the Core Orbitals are calculated


 Fit test: (difference of exact and fit density, squared integrated, result summed over spins)
         Sum-of-Fragments:                             0.00000000076310
         Orthogonalized Fragments:                     0.00000382140607
         SCF:                                          0.00000379419779



 ==========================
 Electron Density at Nuclei
 ==========================
  
 The electron density is calculated at points on a small sphere around the center of a nucleus.
 The printed electron density is the average electron density on these points.
 The radius of the sphere is the printed approximate finite nuclear radius.
 Note: ZORA-4 density is used, which includes small component density

         Atom        Nuclear Radius (Angstrom)             Electron Density (a.u.)
         ----        -------------------------             -----------------------
     1)   F                 0.0000361580                              450.31292



 =======================================
 M U L L I K E N   P O P U L A T I O N S
 =======================================
  
 The survey below gives for each atom:
 a) the total charge (Z minus electrons)
 b) the net spin polarization (nr of electrons spin-A minus spin-B)
 c) for each spin the atomic electron valence density (integrated) per L-value.

 Atom              Charge    Spin density          S         P         D         F
 ----              ------    ------------       ------    ------    ------    ------
 1 F              -1.0000                       4.0000    6.0000    0.0000    0.0000

 Populations of individual BAS functions
 ----------------------------------------
 1 F            0.5909  1.3864  1.0688  0.9253  0.0286  0.4091  0.4091  0.4091  0.8035  0.8035
                0.8035  0.7875  0.7875  0.7875  0.0000  0.0000  0.0000 -0.0000  0.0000  0.0000
                0.0000 -0.0000 -0.0000 -0.0000  0.0000 -0.0000 -0.0000  0.0000  0.0000  0.0000

 Gross Charges per Atom (Z minus electrons)
 ==========================================
            -1.0000
 Net Total: -1.00000000


 Atom-Atom Population Matrix (off-diagonal elements not doubled)
 ===============================================================

     1 :    10.0000



 =================================================
 H I R S H F E L D   C H A R G E   A N A L Y S I S
 =================================================
  
 For each fragment: the (numerical) integral of rho(scf) * rho(fragment)/rho(sum-of-fragments)
 (nuclear charges are included, electrons are counted negative)

 The fragments and their ordering are defined in the early G E O M E T R Y output section.
 If you use single-atom fragments, this usually implies that all atoms of the same
 chemical type are grouped together. This may not be the order in which you listed them
 in the input file!

  Fragment                       Charge
 ------------------------------------------
    1  F                        -1.0000

 Sum of these charges =         -1.00000000
 (accuracy NumInt/Tails)



 =============================
 V O R O N O I   C H A R G E S
 =============================
  
 For each atom: the (numerical) integral of the total electronic charge density in its Voronoi cell,
 i.e. the region of space that is closer to that atom than to any other atom.
 (cf. Wigner-Seitz cells in crystals)

 Within the Voronoi cell the subintegrals over the atomic sphere and the remaining part are evaluated
 separately to give the numbers of electrons (negative charge) in these regions.
 The net total charge in the cell (including the nuclear charge) is also given.

 Values are provided for
    a) the Initial (sum-of-fragments) density
    b) the Orthogonalized-Fragments density
    c) the SCF density
    d) the Voronoi Deformation Density (VDD): the difference SCF-Initial for the complete atomic cell

  Atom                Initial                    OrthFrag                   SCF
             Sphere RestCell NetTotal   Sphere RestCell NetTotal   Sphere RestCell NetTotal      VDD
 -------     ------------------------   ------------------------   ------------------------    -----
    1 F      -9.000   -0.000    0.000   -9.000   -0.000    0.000  -10.000   -0.000   -1.000   -1.000
 ---------------------------------------------------------------------------------------------------
 Total NetCharge:               0.000                      0.000                     -1.000   -1.000
 (accuracy NumInt/Tails)

 Remark: the 'NetTotal' Voronoi charges often do not match the Mulliken and/or Hirshfeld charges very
 well. This is caused by the fact that chemically different atoms are not treated in accordance with
 their relative sizes. (Voronoi cells are defined by boundary planes halfway between the atoms.)
 However, the CHANGES in charge, comparing 'Initial' to 'SCF' for instance, do give a fair indication
 of the flow of charge caused by the relaxation from sum-of-fragments to self-consistency.

 Warning: the absolute accuracy of the VDD charges obtained using the Fuzzy Cells (Becke) integration
 scheme is much poorer than the one obtained with an 'equivalent' Voronoi integration grid. 



 =================================================================
 M U L T I P O L E   D E R I V E D   C H A R G E   A N A L Y S I S
 =================================================================

 This charge analysis uses the atomic multipoles (obtained from the fitted density) up to some level X,
 and reconstructs these multipoles exactly (up to level X) by distributing charges over all atoms.
 This is achieved by using Lagrange multipliers and a weight function to keep the multipoles local.

 Dummy atoms can be included (by setting INCDUM in MDC-block to 1) to obtain a fractional charge.
 This is generally useful and necessary only for small symmetrical molecules, when there are not
 enough degrees of freedom to reconstruct the multipoles.

 Since the atomic multipoles are reconstructed up to level X,
 the molecular multipoles are represented also up to level X.
 The recommended level is to reconstruct up to quadrupole : -> MDC-q charges.

 See: M. Swart, P.Th. van Duijnen, J.G. Snijders, J.Comput.Chem., (2001), p. 79-88.

 ------------------------------------------------------------- 
 Atomic electronic multipole moments from SCF equations (a.u.)
 ------------------------------------------------------------- 

   atom        charge        dip-x     dip-y     dip-z      quad-xx   quad-xy   quad-xz   quad-yy   quad-yz   quad-zz
 --------------------------------------------------------------------------------------------------------------------
    1 F     -1.000000    -0.000000 -0.000000 -0.000000     0.000000 -0.000000 -0.000000 -0.000000 -0.000000 -0.000000

 --------------------------------------- 
 Multipole derived atomic charges (a.u.)
 --------------------------------------- 

 The MDC-m charges are just the Monopole terms in the multipole expansion, while for the MDC-d charges
 also the Dipoles are reconstructed. The usually preferred charges are the MDC-q charges.
 These reconstruct the Monopoles, Dipoles and Quadrupoles (both atomic AND molecular).

        Atom    Level:     MDC-m        MDC-d        MDC-q
 ---------------------------------------------------------
     1     F           -1.000000    -1.000000    -1.000000

 ------------------------------------------------ 
 Average absolute deviations in atomic multipoles
 ------------------------------------------------ 

 Stated here are the average differences between the atomic multipoles
 and the reconstructed atomic multipoles (from the distributed charges).
 If these values are not zero, this means there are not enough degrees of freedom,
 to be able to reconstruct the atomic multipoles. (This usually happens only
 for small and/or highly symmetric molecules). If this is the case, one could add
 dummy atoms as extra point charges (and setting INCDUM in MDC-block to 1).

 Level:                                 MDC-d        MDC-q
 ---------------------------------------------------------
 Charge   (a.u.)                       0.0000       0.0000
 Dipole   (Debye)                      0.0000       0.0000
 Quad.    (a.u.)                       0.0000       0.0000

 --------------------------------------- 
 Represented molecular multipole moments
 --------------------------------------- 

 Given here are the Molecular multipole moments from the atomic charges, and from the Fit Density.
 Note that the atomic charges represent the latter, NOT the ones from the Exact density.

            Q (a.u.)             Dipole moment (Debye)                                          Quadrupole moment (a.u.)
                                 x         y         z              xx        xy        xz        yy        yz        zz
------------------------------------------------------------------------------------------------------------------------
MDC-m        -1.0000        5.5754    0.6640   -0.5749         -4.7519   -0.8595    0.7442    2.3631    0.0886    2.3888
MDC-d        -1.0000        5.5754    0.6640   -0.5749         -4.7519   -0.8595    0.7442    2.3631    0.0886    2.3888
MDC-q        -1.0000        5.5754    0.6640   -0.5749         -4.7519   -0.8595    0.7442    2.3631    0.0886    2.3888
 
Fit.Dens.    -1.0000        5.5754    0.6640   -0.5749         -4.7519   -0.8595    0.7442    2.3631    0.0886    2.3888



 =============
 Dipole Moment  ***  (Debye)  ***
 =============
  
 Vector   :         5.57542876      0.66399449     -0.57489280
 Magnitude:         5.64418252

 This molecular dipole moment is calculated with analytic integration
 ************************************************************************************
 Since the molecule is NOT NEUTRAL, the dipole moment depends on the choice of origin
 ************************************************************************************



 =========================================
 Quadrupole Moment (Buckingham convention)  ***  (a.u.)  ***
 =========================================
  
      quad-xx        quad-xy        quad-xz        quad-yy        quad-yz        quad-zz
     -4.75192834    -0.85954696     0.74420399     2.36314929     0.08862948     2.38877905

 This molecular quadrupole moment is calculated with analytic integration



 ===========================
 B O N D I N G   E N E R G Y  ***  (decomposition)  ***
 ===========================
  
*** IMPORTANT NOTE ***

The bond energy is computed as an energy difference between molecule and
fragments. In particular when the fragments are single atoms, they are usually
computed as SPHERICALLY SYMMETRIC and SPIN-RESTRICTED. Obviously, this usually
does NOT represent the true atomic groundstate.

To obtain the 'real' bond energy, (atomic) correction terms must be applied
for the true (multiplet) fragment ground state. See ref: E.J.Baerends,
V.Branchadell, M.Sodupe, Chem.Phys.Lett.265 (1997) 481

General theoretical background on the bond energy decomposition scheme used
here (Morokuma-Ziegler) can be found in the review paper:
F.M. Bickelhaupt and E.J. Baerends,
"Kohn-Sham Density Functional Theory: Predicting and Understanding Chemistry"
In: Rev. Comput. Chem.; Lipkowitz, K. B. and Boyd, D. B., Eds.;
Wiley-VCH: New York, 2000, Vol. 15, 1-86.

Symbols used in the Bickelhaupt-Baerends (BB) paper are given below to make
the direct connection to that paper, where detailed explanations can be found
on the meaning of the various terms.


                                                   hartree              eV         kcal/mol           kJ/mol
                                      --------------------     -----------       ----------      -----------

Pauli Repulsion
  Kinetic (Delta T^0):                   0.000000000000000          0.0000             0.00             0.00
  Delta V^Pauli Coulomb:                -0.000002342201830         -0.0001            -0.00            -0.01
  Delta V^Pauli LDA-XC:                 -0.000000000000000         -0.0000            -0.00            -0.00
  Delta V^Pauli GGA-Exchange:           -0.000000000000000         -0.0000            -0.00            -0.00
  Delta V^Pauli GGA-Correlation:         0.000000000000000          0.0000             0.00             0.00
                                      --------------------     -----------       ----------      -----------
  Total Pauli Repulsion:                -0.000002342201830         -0.0001            -0.00            -0.01
 (Total Pauli Repulsion =
  Delta E^Pauli in BB paper)

Steric Interaction
  Pauli Repulsion (Delta E^Pauli):      -0.000002342201830         -0.0001            -0.00            -0.01
  Electrostatic Interaction:             0.000000000000000          0.0000             0.00             0.00
 (Electrostatic Interaction =
  Delta V_elstat in the BB paper)
                                      --------------------     -----------       ----------      -----------
  Total Steric Interaction:             -0.000002342201830         -0.0001            -0.00            -0.01
 (Total Steric Interaction =
  Delta E^0 in the BB paper)

Orbital Interactions
  A:                                    -0.142099719826694         -3.8667           -89.17          -373.08
                                      --------------------     -----------       ----------      -----------
  Total Orbital Interactions:           -0.142099719826694         -3.8667           -89.17          -373.08

Alternative Decomposition Orb.Int.
  Kinetic:                               0.246554666926410          6.7091           154.72           647.33
  Coulomb:                               0.012271058690585          0.3339             7.70            32.22
  XC:                                   -0.400925445443689        -10.9097          -251.58         -1052.63
                                      --------------------     -----------       ----------      -----------
  Total Orbital Interactions:           -0.142099719826694         -3.8667           -89.17          -373.08

  Residu (E=Steric+OrbInt+Res):          0.000113637555277          0.0031             0.07             0.30
  Dispersion Energy:                     0.000000000000000          0.0000             0.00             0.00

Total Bonding Energy:                   -0.141988424473248         -3.8637           -89.10          -372.79


Summary of Bonding Energy (energy terms are taken from the energy decomposition above)
======================================================================================

  Electrostatic Energy:                  0.000000000000000          0.0000             0.00             0.00
  Kinetic Energy:                        0.246554666926410          6.7091           154.72           647.33
  Coulomb (Steric+OrbInt) Energy:        0.012382354044031          0.3369             7.77            32.51
  XC Energy:                            -0.400925445443689        -10.9097          -251.58         -1052.63
  Dispersion Energy:                     0.000000000000000          0.0000             0.00             0.00
                                      --------------------     -----------       ----------      -----------
  Total Bonding Energy:                 -0.141988424473248         -3.8637           -89.10          -372.79


Correction terms (incorporated in energies above; only for test purposes):

1. Indication of fit-quality: 1st-order fit-correction used in the energy (hartree):   0.0004487423
2. Electrostatic (Fit correction):   0.0000000000

Scaled ZORA energy correction, not included in bonding energy (hartree):           -0.0000128742
 NOTE: This scaled ZORA energy correction should only be used to compare two calculations
 in which the only difference in the calculation is the electron configuration.
 Then the difference in energy of this term should be added to the difference in energy of
 the two electron configurations.
 This term should not be used otherwise.
 In practice it is useful only for core excitation energy calculations.



 =========================================
 F R A G M E N T   E N E R G Y   T E R M S  ***  (summed over all fragments)  ***
 =========================================
  

The energy terms below are (parts of) the Total Energy of the fragments from which the molecule
 is built.

Exchange and Correlation
  Exchange LDA:                         -9.020080168699618       -245.4489         -5660.19        -23682.22
  Exchange GGA:                         -0.963549326183914        -26.2195          -604.64         -2529.80
  Correlation LDA:                       0.000000000000000          0.0000             0.00             0.00
  Correlation GGA:                      -0.327710356896563         -8.9175          -205.64          -860.40
                                      --------------------     -----------       ----------      -----------
  Total XC:                            -10.311339851780096       -280.5858         -6470.46        -27072.42



 =======================================================
 S F O   P O P U L A T I O N S ,   M O   A N A L Y S I S
 =======================================================
  
 A Mulliken population analysis is performed on (input-)selected MOs. All populations refer to SFOs.
 BAS populations may have been printed directly after the SCF part.


                                       === A ===


 SFO contributions (%) per orbital
 (multiplication by the orbital occupation yields the SFO Gross Populations)

 Orb.:        1      2      3      4      5      6      7      8      9
 occup:     2.00   2.00   2.00   2.00   2.00   0.00   0.00   0.00   0.00
 CF+SFO     ----   ----   ----   ----   ----   ----   ----   ----   ----
 ------
      1:  100.00   0.00   0.00   0.00   0.00   0.00   0.00   0.00   0.00
      2:    0.00  99.85   0.00   0.00   0.00   0.12   0.00   0.00   0.00
      3:    0.00   0.13   0.00   0.00   0.00  99.70   0.00   0.00   0.00
      6:    0.00   0.00   8.96  87.07   2.90   0.00   0.19   0.00   0.88
      7:    0.00   0.00   0.10   0.94   0.03   0.00  17.39   0.00  81.51
      9:    0.00   0.00  69.66  11.83  17.44   0.00   0.88   0.00   0.19
     10:    0.00   0.00   0.76   0.13   0.19   0.00  81.50   0.01  17.39
     12:    0.00   0.00  20.31   0.03  78.59   0.00   0.00   1.07   0.00
     13:    0.00   0.00   0.22   0.00   0.85   0.00   0.01  98.89   0.01


 Summation over all MOs, multiplied by occupation: Total SFO Gross Populations in this Irrep
 ===========================================================================================

     2.00    2.00    0.00    0.00    0.00    1.98    0.02    0.00    1.98    0.02    0.00    1.98
     0.02    0.00    0.00    0.00    0.00    0.00    0.00    0.00    0.00    0.00    0.00    0.00
     0.00    0.00



 List of selected MOs, ordered by energy, with the most significant SFO gross populations
 ========================================================================================

 Each percentage contribution in the table below corres ponds to the indicated SFO.
 In general, a SFO may be a linear combination of several Fragment Orbitals on the same,
 or on symmetry-related Fragments. Only the first 'member' of such a combination is
 specified here. A full definition of all SFOs is given in an earlier part of the output.
 The numbering of the SFOs in this table does NOT include the Core Orbitals, and starts
 from one for each symmetry representation, as in the SFO definition list earlier.

       E(eV)  Occ       MO           %     SFO (first member)   E(eV)  Occ   Fragment
 -------------------------------------------------------------------------------------

     -15.175  2.00     2 A         99.85%     2 S             -29.785  2.00     1 F
                                    0.13%     3 S               0.624  0.00     1 F
       2.943  2.00     3 A         69.66%     1 P:y           -11.127  1.67     1 F
                                   20.31%     1 P:z           -11.127  1.67     1 F
                                    8.96%     1 P:x           -11.127  1.67     1 F
       2.943  2.00     4 A         87.07%     1 P:x           -11.127  1.67     1 F
                                   11.83%     1 P:y           -11.127  1.67     1 F
       2.943  2.00     5 A         78.59%     1 P:z           -11.127  1.67     1 F
                                   17.44%     1 P:y           -11.127  1.67     1 F
                                    2.90%     1 P:x           -11.127  1.67     1 F
       7.775  0.00     6 A         99.70%     3 S               0.624  0.00     1 F
                                    0.18%     4 S              42.880  0.00     1 F



 =======================================================================
 Electrostatic potential at the Nuclei due to electrons and other nuclei
 =======================================================================
  
         Atom                  Potential
         ----                  ---------
     1)   F                  27.13835663
 Mulliken charges used for AMS results%charges...


    =====================
     CALCULATION RESULTS
    =====================

Energy (hartree)            -0.14198842


--------------
Atomic charges
--------------
  Index   Atom    Charge
      1      F   -1.0000


Dipole moment vector    (Debye):     5.57542876    0.66399449   -0.57489280
              magnitude (Debye):     5.64418252


-----------------------
Molecular orbitals info
-----------------------
n orbitals:               26
n spin:                    1

Note: only printing virtual orbitals with
      energy smaller than HOMO + 100. eV

HOMO (eV):               2.9429
LUMO (eV):               7.7747
HOMO-LUMO gap (eV):      4.8318

   Index   Energy (eV)    Occupation
      15       55.3901         0.000       
      14       42.5944         0.000       
      13       42.5944         0.000       
      12       42.5944         0.000       
      11       42.5944         0.000       
      10       42.5944         0.000       
       9       22.0940         0.000       
       8       22.0940         0.000       
       7       22.0940         0.000       
       6        7.7747         0.000 < LUMO
       5        2.9429         2.000 < HOMO
       4        2.9429         2.000       
       3        2.9429         2.000       
       2      -15.1751         2.000       
       1     -648.0611         2.000       

AMS application finished. Exiting.
NORMAL TERMINATION
     Total cpu time:       1.46
  Total system time:       0.09
 Total elapsed time:       1.57
NORMAL TERMINATION
