<May23-2026> <12:48:11>  AMS 2026.103  RunTime: May23-2026 12:48:11  ShM Nodes: 1  Procs: 1
<May23-2026> <12:48:11>  ADF 2026.103  RunTime: May23-2026 12:48:11  ShM Nodes: 1  Procs: 1
<May23-2026> <12:48:11>  *** (NO TITLE) ***
<May23-2026> <12:48:11>  Iteration 1
<May23-2026> <12:48:12>  DIRAC 2026.103  RunTime: May23-2026 12:48:12  ShM Nodes: 1  Procs: 1
<May23-2026> <12:48:12>  Carbon (TZ2P)
<May23-2026> <12:48:12>  Net Charge: 0 (Nuclei minus Electrons)
<May23-2026> <12:48:12>  Symmetry  : ATOM
<May23-2026> <12:48:12>  Coordinates
<May23-2026> <12:48:12>     Atom         X           Y           Z   (Angstrom)
<May23-2026> <12:48:12>     1.C         0.000000    0.000000    0.000000
<May23-2026> <12:48:12>  >>>> CORORT
<May23-2026> <12:48:12>  >>>> CLSMAT
<May23-2026> <12:48:12>  >>>> ORTHON
<May23-2026> <12:48:12>  >>>> GENPT
<May23-2026> <12:48:12>  Block Length=  72
<May23-2026> <12:48:12>  >>>> PTBAS
<May23-2026> <12:48:12>  >>>> CYCLE
<May23-2026> <12:48:12>              |Error|         MaxErr       Wt(A-DIIS)
<May23-2026> <12:48:12>      1      0.00000000      0.00000000
<May23-2026> <12:48:12>      2      4.48450606      3.33074448    100.0
<May23-2026> <12:48:12>      3      1.63845963      1.31677840    100.0
<May23-2026> <12:48:12>      4      0.72237885      0.58090812    100.0
<May23-2026> <12:48:12>      5      0.41341516      0.32921223    100.0
<May23-2026> <12:48:12>      6      0.12634980      0.09661242     96.6
<May23-2026> <12:48:12>      7      0.11511849      0.08978748     89.7
<May23-2026> <12:48:12>      8      0.00670007      0.00519977      4.2
<May23-2026> <12:48:12>      9      0.00022181      0.00016825      0.0
<May23-2026> <12:48:12>     10      0.00000199      0.00000135      0.0
<May23-2026> <12:48:12>     11      0.00000002      0.00000001      0.0
<May23-2026> <12:48:12>     12      0.00000000      0.00000000      0.0
<May23-2026> <12:48:12>  SCF converged
<May23-2026> <12:48:12>     13      0.00000000      0.00000000      0.0
<May23-2026> <12:48:12>  >>>> POPAN
<May23-2026> <12:48:12>  >>>> DEBYE
<May23-2026> <12:48:12>  DIRAC 2026.103  RunTime: May23-2026 12:48:12  ShM Nodes: 1  Procs: 1
<May23-2026> <12:48:12>  Hydrogen (TZ2P)
<May23-2026> <12:48:12>  Net Charge: 0 (Nuclei minus Electrons)
<May23-2026> <12:48:12>  Symmetry  : ATOM
<May23-2026> <12:48:12>  Coordinates
<May23-2026> <12:48:12>     Atom         X           Y           Z   (Angstrom)
<May23-2026> <12:48:12>     1.H         0.000000    0.000000    0.000000
<May23-2026> <12:48:12>  >>>> CORORT
<May23-2026> <12:48:12>  >>>> CLSMAT
<May23-2026> <12:48:12>  >>>> ORTHON
<May23-2026> <12:48:12>  >>>> GENPT
<May23-2026> <12:48:12>  Block Length=  64
<May23-2026> <12:48:12>  >>>> PTBAS
<May23-2026> <12:48:12>  >>>> CYCLE
<May23-2026> <12:48:13>              |Error|         MaxErr       Wt(A-DIIS)
<May23-2026> <12:48:13>      1      0.00000000      0.00000000
<May23-2026> <12:48:13>      2      0.03100426      0.02644614
<May23-2026> <12:48:13>      3      0.00958086      0.00932931    100.0
<May23-2026> <12:48:13>      4      0.00232128      0.00228673      1.3
<May23-2026> <12:48:13>      5      0.00003156      0.00002984      0.0
<May23-2026> <12:48:13>      6      0.00000096      0.00000091      0.0
<May23-2026> <12:48:13>      7      0.00000000      0.00000000      0.0
<May23-2026> <12:48:13>  SCF converged
<May23-2026> <12:48:13>      8      0.00000000      0.00000000      0.0
<May23-2026> <12:48:13>  >>>> POPAN
<May23-2026> <12:48:13>  >>>> DEBYE
<May23-2026> <12:48:13>  *** GO1_GOStep1 ***
<May23-2026> <12:48:13>  >>>> FRAGM
<May23-2026> <12:48:13>  Coordinates
<May23-2026> <12:48:13>     Atom         X           Y           Z   (Angstrom)
<May23-2026> <12:48:13>     1.C        -0.585757   -1.536042   -0.195131
<May23-2026> <12:48:13>     2.C        -1.253599   -0.353287   -0.515285
<May23-2026> <12:48:13>     3.C        -1.083580    0.735871    0.295684
<May23-2026> <12:48:13>     4.H        -0.437731   -1.792236    0.845404
<May23-2026> <12:48:13>     5.H        -0.634386   -2.380136   -0.866978
<May23-2026> <12:48:13>     6.H        -1.599621   -0.210679   -1.530945
<May23-2026> <12:48:13>     7.H        -1.482814    1.701965    0.017026
<May23-2026> <12:48:13>     8.H        -0.856233    0.607967    1.345722
<May23-2026> <12:48:13>  >>>> CORORT
<May23-2026> <12:48:13>  >>>> CLSMAT
<May23-2026> <12:48:13>  >>>> ORTHON
<May23-2026> <12:48:13>  >>>> GENPT
<May23-2026> <12:48:13>  Block Length= 128
<May23-2026> <12:48:13>  >>>> PTBAS
<May23-2026> <12:48:14>  >>>> CYCLE
<May23-2026> <12:48:18>              |Error|         MaxErr       Wt(A-DIIS)
<May23-2026> <12:48:18>      1      4.09995788      0.43826861
<May23-2026> <12:48:20>      2      0.79937735      0.05604134    100.0
<May23-2026> <12:48:23>      3      0.71416750      0.04923193    100.0
<May23-2026> <12:48:26>      4      1.06515521      0.09004060    100.0
<May23-2026> <12:48:29>      5      0.16055884      0.01342155     12.5
<May23-2026> <12:48:32>      6      0.06754569      0.00543942      4.5
<May23-2026> <12:48:35>      7      0.01563808      0.00135425      0.4
<May23-2026> <12:48:38>      8      0.00452633      0.00046627      0.0
<May23-2026> <12:48:40>      9      0.00524944      0.00053027      0.0
<May23-2026> <12:48:43>     10      0.00097806      0.00010632      0.0
<May23-2026> <12:48:46>     11      0.00012887      0.00001321      0.0
<May23-2026> <12:48:49>     12      0.00002527      0.00000297      0.0
<May23-2026> <12:48:52>     13      0.00000748      0.00000050      0.0
<May23-2026> <12:48:52>  SCF converged
<May23-2026> <12:48:55>     14      0.00000285      0.00000022      0.0
<May23-2026> <12:48:55>  >>>> TOTEN
<May23-2026> <12:48:59>  >>>> POPAN
<May23-2026> <12:48:59>  >>>> DEBYE
<May23-2026> <12:48:59>  >>>> ENGRAD
<May23-2026> <12:49:03>  current energy                               -1.53228249 Hartree
<May23-2026> <12:49:03>  energy change                      -1.53228249     0.00008000    F
<May23-2026> <12:49:03>  constrained gradient max            0.06399409     0.00100000    F
<May23-2026> <12:49:03>  constrained gradient rms            0.02324951     0.00066667    F
<May23-2026> <12:49:03>  gradient max                        0.06399409
<May23-2026> <12:49:03>  gradient rms                        0.02324951
<May23-2026> <12:49:03>  cart. step max                      0.05443668     0.01000000    F
<May23-2026> <12:49:03>  cart. step rms                      0.02402988     0.00666667    F
<May23-2026> <12:49:03>  Iteration 2
<May23-2026> <12:49:03>  *** GO1_GOStep2 ***
<May23-2026> <12:49:03>  >>>> FRAGM
<May23-2026> <12:49:03>  Coordinates
<May23-2026> <12:49:03>     Atom         X           Y           Z   (Angstrom)
<May23-2026> <12:49:03>     1.C        -0.605665   -1.572497   -0.197669
<May23-2026> <12:49:03>     2.C        -1.224233   -0.352363   -0.503637
<May23-2026> <12:49:03>     3.C        -1.107615    0.763306    0.308412
<May23-2026> <12:49:03>     4.H        -0.408845   -1.838728    0.837147
<May23-2026> <12:49:03>     5.H        -0.649130   -2.406014   -0.891705
<May23-2026> <12:49:03>     6.H        -1.576596   -0.209846   -1.522742
<May23-2026> <12:49:03>     7.H        -1.505961    1.727161    0.005533
<May23-2026> <12:49:03>     8.H        -0.855675    0.662404    1.360158
<May23-2026> <12:49:03>  >>>> CORORT
<May23-2026> <12:49:03>  >>>> CLSMAT
<May23-2026> <12:49:03>  >>>> ORTHON
<May23-2026> <12:49:03>  >>>> GENPT
<May23-2026> <12:49:03>  Block Length= 128
<May23-2026> <12:49:03>  >>>> PTBAS
<May23-2026> <12:49:04>  >>>> CYCLE
<May23-2026> <12:49:05>  using orbital data from restart file
<May23-2026> <12:49:07>              |Error|         MaxErr       Wt(A-DIIS)
<May23-2026> <12:49:07>      1      0.11818736      0.01519140
<May23-2026> <12:49:10>      2      0.02792812      0.00261955    100.0
<May23-2026> <12:49:13>      3      0.05426390      0.00515627    100.0
<May23-2026> <12:49:16>      4      0.01075533      0.00086019      0.0
<May23-2026> <12:49:19>      5      0.00471486      0.00041487      0.0
<May23-2026> <12:49:22>      6      0.00124520      0.00013767      0.0
<May23-2026> <12:49:25>      7      0.00038833      0.00003794      0.0
<May23-2026> <12:49:28>      8      0.00015117      0.00001088      0.0
<May23-2026> <12:49:30>      9      0.00002347      0.00000166      0.0
<May23-2026> <12:49:33>     10      0.00000519      0.00000049      0.0
<May23-2026> <12:49:34>  SCF converged
<May23-2026> <12:49:36>     11      0.00000114      0.00000010      0.0
<May23-2026> <12:49:37>  >>>> TOTEN
<May23-2026> <12:49:41>  >>>> POPAN
<May23-2026> <12:49:41>  >>>> DEBYE
<May23-2026> <12:49:41>  >>>> ENGRAD
<May23-2026> <12:49:44>  current energy                               -1.53764124 Hartree
<May23-2026> <12:49:44>  energy change                      -0.00535875     0.00008000    F
<May23-2026> <12:49:44>  constrained gradient max            0.05225206     0.00100000    F
<May23-2026> <12:49:44>  constrained gradient rms            0.01702539     0.00066667    F
<May23-2026> <12:49:44>  gradient max                        0.05225206
<May23-2026> <12:49:44>  gradient rms                        0.01702539
<May23-2026> <12:49:44>  cart. step max                      0.05140085     0.01000000    F
<May23-2026> <12:49:44>  cart. step rms                      0.02253267     0.00666667    F
<May23-2026> <12:49:44>  Iteration 3
<May23-2026> <12:49:44>  *** GO1_GOStep3 ***
<May23-2026> <12:49:44>  >>>> FRAGM
<May23-2026> <12:49:44>  Coordinates
<May23-2026> <12:49:44>     Atom         X           Y           Z   (Angstrom)
<May23-2026> <12:49:44>     1.C        -0.657065   -1.591572   -0.186254
<May23-2026> <12:49:44>     2.C        -1.186682   -0.345459   -0.510979
<May23-2026> <12:49:44>     3.C        -1.148467    0.758511    0.323088
<May23-2026> <12:49:44>     4.H        -0.361459   -1.830170    0.834102
<May23-2026> <12:49:44>     5.H        -0.677849   -2.414573   -0.895450
<May23-2026> <12:49:44>     6.H        -1.538912   -0.199208   -1.533552
<May23-2026> <12:49:44>     7.H        -1.524890    1.725708    0.001810
<May23-2026> <12:49:44>     8.H        -0.838395    0.670187    1.362733
<May23-2026> <12:49:44>  >>>> CORORT
<May23-2026> <12:49:44>  >>>> CLSMAT
<May23-2026> <12:49:44>  >>>> ORTHON
<May23-2026> <12:49:44>  >>>> GENPT
<May23-2026> <12:49:44>  Block Length= 128
<May23-2026> <12:49:45>  >>>> PTBAS
<May23-2026> <12:49:45>  >>>> CYCLE
<May23-2026> <12:49:47>  using orbital data from restart file
<May23-2026> <12:49:49>              |Error|         MaxErr       Wt(A-DIIS)
<May23-2026> <12:49:49>      1      0.17549198      0.02938811
<May23-2026> <12:49:52>      2      0.02779550      0.00288212    100.0
<May23-2026> <12:49:55>      3      0.03370235      0.00289764    100.0
<May23-2026> <12:49:58>      4      0.01292063      0.00111096      0.1
<May23-2026> <12:50:00>      5      0.00335395      0.00028974      0.0
<May23-2026> <12:50:03>      6      0.00251394      0.00028113      0.0
<May23-2026> <12:50:06>      7      0.00034063      0.00002649      0.0
<May23-2026> <12:50:09>      8      0.00016046      0.00001288      0.0
<May23-2026> <12:50:12>      9      0.00002597      0.00000247      0.0
<May23-2026> <12:50:15>     10      0.00000537      0.00000045      0.0
<May23-2026> <12:50:15>  SCF converged
<May23-2026> <12:50:18>     11      0.00000192      0.00000016      0.0
<May23-2026> <12:50:18>  >>>> TOTEN
<May23-2026> <12:50:22>  >>>> POPAN
<May23-2026> <12:50:22>  >>>> DEBYE
<May23-2026> <12:50:22>  >>>> ENGRAD
<May23-2026> <12:50:25>  current energy                               -1.54266367 Hartree
<May23-2026> <12:50:25>  energy change                      -0.00502243     0.00008000    F
<May23-2026> <12:50:25>  constrained gradient max            0.02429767     0.00100000    F
<May23-2026> <12:50:25>  constrained gradient rms            0.00781920     0.00066667    F
<May23-2026> <12:50:25>  gradient max                        0.02429767
<May23-2026> <12:50:25>  gradient rms                        0.00781920
<May23-2026> <12:50:25>  cart. step max                      0.04257459     0.01000000    F
<May23-2026> <12:50:25>  cart. step rms                      0.01923293     0.00666667    F
<May23-2026> <12:50:25>  Iteration 4
<May23-2026> <12:50:25>  *** GO1_GOStep4 ***
<May23-2026> <12:50:25>  >>>> FRAGM
<May23-2026> <12:50:25>  Coordinates
<May23-2026> <12:50:25>     Atom         X           Y           Z   (Angstrom)
<May23-2026> <12:50:25>     1.C        -0.695949   -1.603940   -0.176604
<May23-2026> <12:50:25>     2.C        -1.144108   -0.338367   -0.518973
<May23-2026> <12:50:25>     3.C        -1.170593    0.755174    0.331828
<May23-2026> <12:50:25>     4.H        -0.320099   -1.815821    0.822720
<May23-2026> <12:50:25>     5.H        -0.712701   -2.421206   -0.891459
<May23-2026> <12:50:25>     6.H        -1.509612   -0.193451   -1.538600
<May23-2026> <12:50:25>     7.H        -1.543373    1.720182    0.001784
<May23-2026> <12:50:25>     8.H        -0.837287    0.670851    1.364801
<May23-2026> <12:50:25>  >>>> CORORT
<May23-2026> <12:50:25>  >>>> CLSMAT
<May23-2026> <12:50:25>  >>>> ORTHON
<May23-2026> <12:50:25>  >>>> GENPT
<May23-2026> <12:50:26>  Block Length= 128
<May23-2026> <12:50:26>  >>>> PTBAS
<May23-2026> <12:50:27>  >>>> CYCLE
<May23-2026> <12:50:28>  using orbital data from restart file
<May23-2026> <12:50:30>              |Error|         MaxErr       Wt(A-DIIS)
<May23-2026> <12:50:30>      1      0.15068657      0.02571229
<May23-2026> <12:50:33>      2      0.01817831      0.00196065    100.0
<May23-2026> <12:50:36>      3      0.02067447      0.00181474    100.0
<May23-2026> <12:50:39>      4      0.00673606      0.00061878      0.0
<May23-2026> <12:50:42>      5      0.00250870      0.00022646      0.0
<May23-2026> <12:50:44>      6      0.00193203      0.00017126      0.0
<May23-2026> <12:50:47>      7      0.00046181      0.00004717      0.0
<May23-2026> <12:50:50>      8      0.00012539      0.00001121      0.0
<May23-2026> <12:50:53>      9      0.00002115      0.00000190      0.0
<May23-2026> <12:50:56>     10      0.00000436      0.00000039      0.0
<May23-2026> <12:50:56>  SCF converged
<May23-2026> <12:50:59>     11      0.00000116      0.00000012      0.0
<May23-2026> <12:50:59>  >>>> TOTEN
<May23-2026> <12:51:03>  >>>> POPAN
<May23-2026> <12:51:03>  >>>> DEBYE
<May23-2026> <12:51:03>  >>>> ENGRAD
<May23-2026> <12:51:07>  current energy                               -1.54392313 Hartree
<May23-2026> <12:51:07>  energy change                      -0.00125946     0.00008000    F
<May23-2026> <12:51:07>  constrained gradient max            0.00410608     0.00100000    F
<May23-2026> <12:51:07>  constrained gradient rms            0.00136398     0.00066667    F
<May23-2026> <12:51:07>  gradient max                        0.00410608
<May23-2026> <12:51:07>  gradient rms                        0.00136398
<May23-2026> <12:51:07>  cart. step max                      0.01181341     0.01000000    F
<May23-2026> <12:51:07>  cart. step rms                      0.00496532     0.00666667    T
<May23-2026> <12:51:07>  Iteration 5
<May23-2026> <12:51:07>  *** GO1_GOStep5 ***
<May23-2026> <12:51:07>  >>>> FRAGM
<May23-2026> <12:51:07>  Coordinates
<May23-2026> <12:51:07>     Atom         X           Y           Z   (Angstrom)
<May23-2026> <12:51:07>     1.C        -0.699744   -1.607623   -0.175974
<May23-2026> <12:51:07>     2.C        -1.151956   -0.340800   -0.515802
<May23-2026> <12:51:07>     3.C        -1.179051    0.755500    0.334887
<May23-2026> <12:51:07>     4.H        -0.326214   -1.820592    0.824030
<May23-2026> <12:51:07>     5.H        -0.700887   -2.420743   -0.895842
<May23-2026> <12:51:07>     6.H        -1.507965   -0.192450   -1.538349
<May23-2026> <12:51:07>     7.H        -1.541579    1.723093    0.000727
<May23-2026> <12:51:07>     8.H        -0.826324    0.677038    1.361820
<May23-2026> <12:51:07>  >>>> CORORT
<May23-2026> <12:51:07>  >>>> CLSMAT
<May23-2026> <12:51:07>  >>>> ORTHON
<May23-2026> <12:51:07>  >>>> GENPT
<May23-2026> <12:51:07>  Block Length= 128
<May23-2026> <12:51:07>  >>>> PTBAS
<May23-2026> <12:51:08>  >>>> CYCLE
<May23-2026> <12:51:09>  using orbital data from restart file
<May23-2026> <12:51:11>              |Error|         MaxErr       Wt(A-DIIS)
<May23-2026> <12:51:11>      1      0.01805893      0.00210133
<May23-2026> <12:51:14>      2      0.00664330      0.00065879    100.0
<May23-2026> <12:51:17>      3      0.00721329      0.00058143    100.0
<May23-2026> <12:51:20>      4      0.00225299      0.00018968      0.0
<May23-2026> <12:51:23>      5      0.00045855      0.00004307      0.0
<May23-2026> <12:51:26>      6      0.00038048      0.00003619      0.0
<May23-2026> <12:51:29>      7      0.00013635      0.00001405      0.0
<May23-2026> <12:51:32>      8      0.00004470      0.00000463      0.0
<May23-2026> <12:51:35>      9      0.00000446      0.00000045      0.0
<May23-2026> <12:51:35>  SCF converged
<May23-2026> <12:51:38>     10      0.00000052      0.00000006      0.0
<May23-2026> <12:51:38>  >>>> TOTEN
<May23-2026> <12:51:42>  >>>> POPAN
<May23-2026> <12:51:42>  >>>> DEBYE
<May23-2026> <12:51:42>  >>>> ENGRAD
<May23-2026> <12:51:45>  current energy                               -1.54393932 Hartree
<May23-2026> <12:51:45>  energy change                      -0.00001618     0.00008000    T
<May23-2026> <12:51:45>  constrained gradient max            0.00130813     0.00100000    F
<May23-2026> <12:51:45>  constrained gradient rms            0.00047420     0.00066667    T
<May23-2026> <12:51:45>  gradient max                        0.00130813
<May23-2026> <12:51:45>  gradient rms                        0.00047420
<May23-2026> <12:51:45>  cart. step max                      0.00392176     0.01000000    T
<May23-2026> <12:51:45>  cart. step rms                      0.00164554     0.00666667    T
<May23-2026> <12:51:45>  Iteration 6
<May23-2026> <12:51:45>  *** GO1_GOStep6 ***
<May23-2026> <12:51:45>  >>>> FRAGM
<May23-2026> <12:51:45>  Coordinates
<May23-2026> <12:51:45>     Atom         X           Y           Z   (Angstrom)
<May23-2026> <12:51:45>     1.C        -0.698064   -1.607311   -0.176528
<May23-2026> <12:51:45>     2.C        -1.148034   -0.339469   -0.517820
<May23-2026> <12:51:45>     3.C        -1.176032    0.756266    0.333905
<May23-2026> <12:51:45>     4.H        -0.326081   -1.820015    0.824050
<May23-2026> <12:51:45>     5.H        -0.702931   -2.422128   -0.894360
<May23-2026> <12:51:45>     6.H        -1.510524   -0.192543   -1.538139
<May23-2026> <12:51:45>     7.H        -1.542573    1.722986    0.001729
<May23-2026> <12:51:45>     8.H        -0.829481    0.675638    1.362661
<May23-2026> <12:51:45>  >>>> CORORT
<May23-2026> <12:51:45>  >>>> CLSMAT
<May23-2026> <12:51:45>  >>>> ORTHON
<May23-2026> <12:51:45>  >>>> GENPT
<May23-2026> <12:51:46>  Block Length= 128
<May23-2026> <12:51:46>  >>>> PTBAS
<May23-2026> <12:51:47>  >>>> CYCLE
<May23-2026> <12:51:48>  using orbital data from restart file
<May23-2026> <12:51:50>              |Error|         MaxErr       Wt(A-DIIS)
<May23-2026> <12:51:50>      1      0.00698624      0.00106034
<May23-2026> <12:51:53>      2      0.00246090      0.00025706    100.0
<May23-2026> <12:51:56>      3      0.00224644      0.00023725    100.0
<May23-2026> <12:51:59>      4      0.00066153      0.00006085      0.0
<May23-2026> <12:52:01>      5      0.00025334      0.00002307      0.0
<May23-2026> <12:52:04>      6      0.00008893      0.00000712      0.0
<May23-2026> <12:52:07>      7      0.00003194      0.00000283      0.0
<May23-2026> <12:52:10>      8      0.00001178      0.00000089      0.0
<May23-2026> <12:52:13>      9      0.00000198      0.00000015      0.0
<May23-2026> <12:52:13>  SCF converged
<May23-2026> <12:52:16>     10      0.00000026      0.00000002      0.0
<May23-2026> <12:52:16>  >>>> TOTEN
<May23-2026> <12:52:20>  >>>> POPAN
<May23-2026> <12:52:20>  >>>> DEBYE
<May23-2026> <12:52:20>  >>>> ENGRAD
<May23-2026> <12:52:23>  current energy                               -1.54394454 Hartree
<May23-2026> <12:52:23>  energy change                      -0.00000522     0.00008000    T
<May23-2026> <12:52:23>  constrained gradient max            0.00026473     0.00100000    T
<May23-2026> <12:52:23>  constrained gradient rms            0.00009564     0.00066667    T
<May23-2026> <12:52:23>  gradient max                        0.00026473
<May23-2026> <12:52:23>  gradient rms                        0.00009564
<May23-2026> <12:52:23>  cart. step max                      0.00152408     0.01000000    T
<May23-2026> <12:52:23>  cart. step rms                      0.00059629     0.00666667    T
<May23-2026> <12:52:23>  Geometry optimization converged
<May23-2026> <12:52:24>  *** adf ***
<May23-2026> <12:52:24>  Net Charge: 0 (Nuclei minus Electrons)
<May23-2026> <12:52:24>  Spin polar: -1 (Spin_A minus Spin_B electrons)
<May23-2026> <12:52:24>  Symmetry  : NOSYM
<May23-2026> <12:52:24>  >>>> FRAGM
<May23-2026> <12:52:24>  Coordinates
<May23-2026> <12:52:24>     Atom         X           Y           Z   (Angstrom)
<May23-2026> <12:52:24>     1.C        -0.698064   -1.607311   -0.176528
<May23-2026> <12:52:24>     2.C        -1.148034   -0.339469   -0.517820
<May23-2026> <12:52:24>     3.C        -1.176032    0.756266    0.333905
<May23-2026> <12:52:24>     4.H        -0.326081   -1.820015    0.824050
<May23-2026> <12:52:24>     5.H        -0.702931   -2.422128   -0.894360
<May23-2026> <12:52:24>     6.H        -1.510524   -0.192543   -1.538139
<May23-2026> <12:52:24>     7.H        -1.542573    1.722986    0.001729
<May23-2026> <12:52:24>     8.H        -0.829481    0.675638    1.362661
<May23-2026> <12:52:24>  >>>> CORORT
<May23-2026> <12:52:24>  >>>> CLSMAT
<May23-2026> <12:52:24>  >>>> ORTHON
<May23-2026> <12:52:24>  >>>> GENPT
<May23-2026> <12:52:24>  Block Length= 128
<May23-2026> <12:52:24>  >>>> PTBAS
<May23-2026> <12:52:25>  >>>> CYCLE
<May23-2026> <12:52:26>  using orbital data from restart file
<May23-2026> <12:52:28>              |Error|         MaxErr       Wt(A-DIIS)
<May23-2026> <12:52:28>      1      0.00000009      0.00000001
<May23-2026> <12:52:31>      2      0.00000005      0.00000001    100.0
<May23-2026> <12:52:32>  SCF converged
<May23-2026> <12:52:34>      3      0.00000004      0.00000001    100.0
<May23-2026> <12:52:37>  >>>> TOTEN
<May23-2026> <12:52:44>  >>>> POPAN
<May23-2026> <12:52:44>  >>>> DEBYE
<May23-2026> <12:52:44>  >>>> AMETS
<May23-2026> <12:52:44>   Bond Energy          -1.54394454 a.u.
<May23-2026> <12:52:44>   Bond Energy         -42.01286863 eV
<May23-2026> <12:52:44>   Bond Energy        -968.84       kcal/mol
<May23-2026> <12:52:44>  >>>> POPUL
<May23-2026> <12:52:44>  >>>> ENGRAD
<May23-2026> <12:52:47>  NORMAL TERMINATION
