<May23-2026> <12:01:26>  AMS 2026.103  RunTime: May23-2026 12:01:26  ShM Nodes: 1  Procs: 1
<May23-2026> <12:01:26>  ADF 2026.103  RunTime: May23-2026 12:01:26  ShM Nodes: 1  Procs: 1
<May23-2026> <12:01:26>  *** (NO TITLE) ***
<May23-2026> <12:01:26>  DIRAC 2026.103  RunTime: May23-2026 12:01:26  ShM Nodes: 1  Procs: 1
<May23-2026> <12:01:26>  Carbon (TZ2P)
<May23-2026> <12:01:26>  Net Charge: 0 (Nuclei minus Electrons)
<May23-2026> <12:01:26>  Symmetry  : ATOM
<May23-2026> <12:01:27>  Coordinates
<May23-2026> <12:01:27>     Atom         X           Y           Z   (Angstrom)
<May23-2026> <12:01:27>     1.C         0.000000    0.000000    0.000000
<May23-2026> <12:01:27>  >>>> CORORT
<May23-2026> <12:01:27>  >>>> CLSMAT
<May23-2026> <12:01:27>  >>>> ORTHON
<May23-2026> <12:01:27>  >>>> GENPT
<May23-2026> <12:01:27>  Block Length=  72
<May23-2026> <12:01:27>  >>>> PTBAS
<May23-2026> <12:01:27>  >>>> CYCLE
<May23-2026> <12:01:27>              |Error|         MaxErr       Wt(A-DIIS)
<May23-2026> <12:01:27>      1      0.00000000      0.00000000
<May23-2026> <12:01:27>      2      4.48450606      3.33074448    100.0
<May23-2026> <12:01:27>      3      1.63845963      1.31677840    100.0
<May23-2026> <12:01:27>      4      0.72237885      0.58090812    100.0
<May23-2026> <12:01:27>      5      0.41341516      0.32921223    100.0
<May23-2026> <12:01:27>      6      0.12634980      0.09661242     96.6
<May23-2026> <12:01:27>      7      0.11511849      0.08978748     89.7
<May23-2026> <12:01:27>      8      0.00670007      0.00519977      4.2
<May23-2026> <12:01:27>      9      0.00022181      0.00016825      0.0
<May23-2026> <12:01:27>     10      0.00000199      0.00000135      0.0
<May23-2026> <12:01:27>     11      0.00000002      0.00000001      0.0
<May23-2026> <12:01:27>     12      0.00000000      0.00000000      0.0
<May23-2026> <12:01:27>  SCF converged
<May23-2026> <12:01:27>     13      0.00000000      0.00000000      0.0
<May23-2026> <12:01:27>  >>>> POPAN
<May23-2026> <12:01:27>  >>>> DEBYE
<May23-2026> <12:01:27>  DIRAC 2026.103  RunTime: May23-2026 12:01:27  ShM Nodes: 1  Procs: 1
<May23-2026> <12:01:27>  Nitrogen (TZ2P)
<May23-2026> <12:01:27>  Net Charge: 0 (Nuclei minus Electrons)
<May23-2026> <12:01:27>  Symmetry  : ATOM
<May23-2026> <12:01:27>  Coordinates
<May23-2026> <12:01:27>     Atom         X           Y           Z   (Angstrom)
<May23-2026> <12:01:27>     1.N         0.000000    0.000000    0.000000
<May23-2026> <12:01:27>  >>>> CORORT
<May23-2026> <12:01:27>  >>>> CLSMAT
<May23-2026> <12:01:27>  >>>> ORTHON
<May23-2026> <12:01:27>  >>>> GENPT
<May23-2026> <12:01:27>  Block Length=  72
<May23-2026> <12:01:27>  >>>> PTBAS
<May23-2026> <12:01:27>  >>>> CYCLE
<May23-2026> <12:01:27>              |Error|         MaxErr       Wt(A-DIIS)
<May23-2026> <12:01:27>      1      0.00000000      0.00000000
<May23-2026> <12:01:27>      2      6.45729257      4.23539177    100.0
<May23-2026> <12:01:27>      3      2.50571754      1.95700843    100.0
<May23-2026> <12:01:27>      4      0.96362605      0.63264012    100.0
<May23-2026> <12:01:27>      5      0.84396078      0.57428330    100.0
<May23-2026> <12:01:27>      6      0.04722786      0.02274008     22.0
<May23-2026> <12:01:27>      7      0.01974997      0.01284703     12.0
<May23-2026> <12:01:27>      8      0.00262477      0.00176500      0.8
<May23-2026> <12:01:27>      9      0.00000692      0.00000491      0.0
<May23-2026> <12:01:27>     10      0.00000078      0.00000045      0.0
<May23-2026> <12:01:27>     11      0.00000001      0.00000000      0.0
<May23-2026> <12:01:27>  SCF converged
<May23-2026> <12:01:27>     12      0.00000000      0.00000000      0.0
<May23-2026> <12:01:27>  >>>> POPAN
<May23-2026> <12:01:27>  >>>> DEBYE
<May23-2026> <12:01:28>  DIRAC 2026.103  RunTime: May23-2026 12:01:28  ShM Nodes: 1  Procs: 1
<May23-2026> <12:01:28>  Oxygen (TZ2P)
<May23-2026> <12:01:28>  Net Charge: 0 (Nuclei minus Electrons)
<May23-2026> <12:01:28>  Symmetry  : ATOM
<May23-2026> <12:01:28>  Coordinates
<May23-2026> <12:01:28>     Atom         X           Y           Z   (Angstrom)
<May23-2026> <12:01:28>     1.O         0.000000    0.000000    0.000000
<May23-2026> <12:01:28>  >>>> CORORT
<May23-2026> <12:01:28>  >>>> CLSMAT
<May23-2026> <12:01:28>  >>>> ORTHON
<May23-2026> <12:01:28>  >>>> GENPT
<May23-2026> <12:01:28>  Block Length=  68
<May23-2026> <12:01:28>  >>>> PTBAS
<May23-2026> <12:01:28>  >>>> CYCLE
<May23-2026> <12:01:28>              |Error|         MaxErr       Wt(A-DIIS)
<May23-2026> <12:01:28>      1      0.00000000      0.00000000
<May23-2026> <12:01:28>      2      8.77379167      5.52456194    100.0
<May23-2026> <12:01:28>      3      3.58874259      2.50390796    100.0
<May23-2026> <12:01:28>      4      1.14813168      0.58304454    100.0
<May23-2026> <12:01:28>      5      1.52147762      0.84216884    100.0
<May23-2026> <12:01:28>      6      0.17958647      0.10470670    100.0
<May23-2026> <12:01:28>      7      0.20120374      0.11429590    100.0
<May23-2026> <12:01:28>      8      0.01711846      0.01004426      9.1
<May23-2026> <12:01:28>      9      0.00178953      0.00100777      0.0
<May23-2026> <12:01:28>     10      0.00000129      0.00000068      0.0
<May23-2026> <12:01:28>     11      0.00000005      0.00000002      0.0
<May23-2026> <12:01:28>     12      0.00000000      0.00000000      0.0
<May23-2026> <12:01:28>  SCF converged
<May23-2026> <12:01:28>     13      0.00000000      0.00000000      0.0
<May23-2026> <12:01:28>  >>>> POPAN
<May23-2026> <12:01:28>  >>>> DEBYE
<May23-2026> <12:01:28>  DIRAC 2026.103  RunTime: May23-2026 12:01:28  ShM Nodes: 1  Procs: 1
<May23-2026> <12:01:28>  Hydrogen (TZ2P)
<May23-2026> <12:01:28>  Net Charge: 0 (Nuclei minus Electrons)
<May23-2026> <12:01:28>  Symmetry  : ATOM
<May23-2026> <12:01:28>  Coordinates
<May23-2026> <12:01:28>     Atom         X           Y           Z   (Angstrom)
<May23-2026> <12:01:28>     1.H         0.000000    0.000000    0.000000
<May23-2026> <12:01:28>  >>>> CORORT
<May23-2026> <12:01:28>  >>>> CLSMAT
<May23-2026> <12:01:28>  >>>> ORTHON
<May23-2026> <12:01:28>  >>>> GENPT
<May23-2026> <12:01:28>  Block Length=  64
<May23-2026> <12:01:28>  >>>> PTBAS
<May23-2026> <12:01:28>  >>>> CYCLE
<May23-2026> <12:01:28>              |Error|         MaxErr       Wt(A-DIIS)
<May23-2026> <12:01:28>      1      0.00000000      0.00000000
<May23-2026> <12:01:28>      2      0.03100426      0.02644614
<May23-2026> <12:01:28>      3      0.00958086      0.00932931    100.0
<May23-2026> <12:01:28>      4      0.00232128      0.00228673      1.3
<May23-2026> <12:01:29>      5      0.00003156      0.00002984      0.0
<May23-2026> <12:01:29>      6      0.00000096      0.00000091      0.0
<May23-2026> <12:01:29>      7      0.00000000      0.00000000      0.0
<May23-2026> <12:01:29>  SCF converged
<May23-2026> <12:01:29>      8      0.00000000      0.00000000      0.0
<May23-2026> <12:01:29>  >>>> POPAN
<May23-2026> <12:01:29>  >>>> DEBYE
<May23-2026> <12:01:29>  *** adf ***
<May23-2026> <12:01:29>  Net Charge: 0 (Nuclei minus Electrons)
<May23-2026> <12:01:29>  Spin polar: 1 (Spin_A minus Spin_B electrons)
<May23-2026> <12:01:29>  Symmetry  : NOSYM
<May23-2026> <12:01:29>  >>>> FRAGM
<May23-2026> <12:01:29>  Coordinates
<May23-2026> <12:01:29>     Atom         X           Y           Z   (Angstrom)
<May23-2026> <12:01:29>     1.C         0.240865    1.384726   -1.066942
<May23-2026> <12:01:29>     2.C        -0.364518    0.167714   -0.818248
<May23-2026> <12:01:29>     3.N        -1.131760   -0.042200    0.297632
<May23-2026> <12:01:29>     4.C        -1.576150    1.079981    1.082335
<May23-2026> <12:01:29>     5.C        -1.919619   -1.247048    0.409529
<May23-2026> <12:01:29>     6.O         0.026749   -0.876345   -1.462379
<May23-2026> <12:01:29>     7.H        -0.111523    2.301812   -0.619961
<May23-2026> <12:01:29>     8.H         0.739561    1.471587   -2.018335
<May23-2026> <12:01:29>     9.H        -2.278210    1.719868    0.538571
<May23-2026> <12:01:29>    10.H        -0.729343    1.684714    1.400965
<May23-2026> <12:01:29>    11.H        -2.074080    0.709330    1.974749
<May23-2026> <12:01:29>    12.H        -2.960458   -1.071450    0.121675
<May23-2026> <12:01:29>    13.H        -1.902132   -1.609013    1.436935
<May23-2026> <12:01:29>    14.H        -1.505180   -2.008082   -0.240743
<May23-2026> <12:01:29>  >>>> CORORT
<May23-2026> <12:01:29>  >>>> CLSMAT
<May23-2026> <12:01:29>  >>>> ORTHON
<May23-2026> <12:01:29>  >>>> GENPT
<May23-2026> <12:01:29>  Block Length= 128
<May23-2026> <12:01:30>  >>>> PTBAS
<May23-2026> <12:01:33>  >>>> CYCLE
<May23-2026> <12:01:45>              |Error|         MaxErr       Wt(A-DIIS)
<May23-2026> <12:01:45>      1      6.18382355      0.65129490
<May23-2026> <12:01:55>      2      1.13705736      0.11138176    100.0
<May23-2026> <12:02:05>      3      0.98752017      0.09338880    100.0
<May23-2026> <12:02:15>      4      2.66414932      0.30668086    100.0
<May23-2026> <12:02:25>      5      0.78806365      0.07384401     73.6
<May23-2026> <12:02:35>      6      1.31482536      0.17023270    100.0
<May23-2026> <12:02:45>      7      0.23844894      0.01973369     18.9
<May23-2026> <12:02:55>      8      0.15146977      0.01847041     17.6
<May23-2026> <12:03:04>      9      0.06684881      0.00713153      6.2
<May23-2026> <12:03:14>     10      0.01748793      0.00166065      0.7
<May23-2026> <12:03:24>     11      0.00406810      0.00040497      0.0
<May23-2026> <12:03:34>     12      0.00172604      0.00019828      0.0
<May23-2026> <12:03:44>     13      0.00108511      0.00015025      0.0
<May23-2026> <12:03:54>     14      0.00036896      0.00003532      0.0
<May23-2026> <12:04:04>     15      0.00010416      0.00001357      0.0
<May23-2026> <12:04:13>     16      0.00003702      0.00000418      0.0
<May23-2026> <12:04:23>     17      0.00000479      0.00000058      0.0
<May23-2026> <12:04:25>  SCF converged
<May23-2026> <12:04:33>     18      0.00000260      0.00000025      0.0
<May23-2026> <12:04:41>  >>>> TOTEN
<May23-2026> <12:05:04>  >>>> POPAN
<May23-2026> <12:05:04>  >>>> DEBYE
<May23-2026> <12:05:04>  >>>> AMETS
<May23-2026> <12:05:04>   Bond Energy          -2.77915504 a.u.
<May23-2026> <12:05:04>   Bond Energy         -75.62465643 eV
<May23-2026> <12:05:04>   Bond Energy       -1743.95       kcal/mol
<May23-2026> <12:05:04>  >>>> POPUL
<May23-2026> <12:05:04>  NORMAL TERMINATION
