<May23-2026> <12:21:19>  AMS 2026.103  RunTime: May23-2026 12:21:19  ShM Nodes: 1  Procs: 1
<May23-2026> <12:21:19>  ADF 2026.103  RunTime: May23-2026 12:21:19  ShM Nodes: 1  Procs: 1
<May23-2026> <12:21:19>  *** (NO TITLE) ***
<May23-2026> <12:21:19>  DIRAC 2026.103  RunTime: May23-2026 12:21:19  ShM Nodes: 1  Procs: 1
<May23-2026> <12:21:19>  Carbon (TZ2P)
<May23-2026> <12:21:19>  Net Charge: 0 (Nuclei minus Electrons)
<May23-2026> <12:21:19>  Symmetry  : ATOM
<May23-2026> <12:21:19>  Coordinates
<May23-2026> <12:21:19>     Atom         X           Y           Z   (Angstrom)
<May23-2026> <12:21:19>     1.C         0.000000    0.000000    0.000000
<May23-2026> <12:21:19>  >>>> CORORT
<May23-2026> <12:21:19>  >>>> CLSMAT
<May23-2026> <12:21:19>  >>>> ORTHON
<May23-2026> <12:21:19>  >>>> GENPT
<May23-2026> <12:21:19>  Block Length=  72
<May23-2026> <12:21:19>  >>>> PTBAS
<May23-2026> <12:21:19>  >>>> CYCLE
<May23-2026> <12:21:19>              |Error|         MaxErr       Wt(A-DIIS)
<May23-2026> <12:21:19>      1      0.00000000      0.00000000
<May23-2026> <12:21:19>      2      4.48450606      3.33074448    100.0
<May23-2026> <12:21:19>      3      1.63845963      1.31677840    100.0
<May23-2026> <12:21:19>      4      0.72237885      0.58090812    100.0
<May23-2026> <12:21:19>      5      0.41341516      0.32921223    100.0
<May23-2026> <12:21:19>      6      0.12634980      0.09661242     96.6
<May23-2026> <12:21:19>      7      0.11511849      0.08978748     89.7
<May23-2026> <12:21:19>      8      0.00670007      0.00519977      4.2
<May23-2026> <12:21:19>      9      0.00022181      0.00016825      0.0
<May23-2026> <12:21:19>     10      0.00000199      0.00000135      0.0
<May23-2026> <12:21:20>     11      0.00000002      0.00000001      0.0
<May23-2026> <12:21:20>     12      0.00000000      0.00000000      0.0
<May23-2026> <12:21:20>  SCF converged
<May23-2026> <12:21:20>     13      0.00000000      0.00000000      0.0
<May23-2026> <12:21:20>  >>>> POPAN
<May23-2026> <12:21:20>  >>>> DEBYE
<May23-2026> <12:21:20>  DIRAC 2026.103  RunTime: May23-2026 12:21:20  ShM Nodes: 1  Procs: 1
<May23-2026> <12:21:20>  Hydrogen (TZ2P)
<May23-2026> <12:21:20>  Net Charge: 0 (Nuclei minus Electrons)
<May23-2026> <12:21:20>  Symmetry  : ATOM
<May23-2026> <12:21:20>  Coordinates
<May23-2026> <12:21:20>     Atom         X           Y           Z   (Angstrom)
<May23-2026> <12:21:20>     1.H         0.000000    0.000000    0.000000
<May23-2026> <12:21:20>  >>>> CORORT
<May23-2026> <12:21:20>  >>>> CLSMAT
<May23-2026> <12:21:20>  >>>> ORTHON
<May23-2026> <12:21:20>  >>>> GENPT
<May23-2026> <12:21:20>  Block Length=  64
<May23-2026> <12:21:20>  >>>> PTBAS
<May23-2026> <12:21:20>  >>>> CYCLE
<May23-2026> <12:21:20>              |Error|         MaxErr       Wt(A-DIIS)
<May23-2026> <12:21:20>      1      0.00000000      0.00000000
<May23-2026> <12:21:20>      2      0.03100426      0.02644614
<May23-2026> <12:21:20>      3      0.00958086      0.00932931    100.0
<May23-2026> <12:21:20>      4      0.00232128      0.00228673      1.3
<May23-2026> <12:21:20>      5      0.00003156      0.00002984      0.0
<May23-2026> <12:21:20>      6      0.00000096      0.00000091      0.0
<May23-2026> <12:21:20>      7      0.00000000      0.00000000      0.0
<May23-2026> <12:21:20>  SCF converged
<May23-2026> <12:21:20>      8      0.00000000      0.00000000      0.0
<May23-2026> <12:21:20>  >>>> POPAN
<May23-2026> <12:21:20>  >>>> DEBYE
<May23-2026> <12:21:20>  *** adf ***
<May23-2026> <12:21:20>  Net Charge: 0 (Nuclei minus Electrons)
<May23-2026> <12:21:20>  Spin polar: -1 (Spin_A minus Spin_B electrons)
<May23-2026> <12:21:20>  Symmetry  : NOSYM
<May23-2026> <12:21:20>  >>>> FRAGM
<May23-2026> <12:21:20>  Coordinates
<May23-2026> <12:21:20>     Atom         X           Y           Z   (Angstrom)
<May23-2026> <12:21:20>     1.C         1.729426   -1.557896   -0.744907
<May23-2026> <12:21:20>     2.C         1.799763   -0.573352    0.230713
<May23-2026> <12:21:20>     3.C         2.256648    0.722204    0.030424
<May23-2026> <12:21:20>     4.H         1.359525   -2.553497   -0.518804
<May23-2026> <12:21:20>     5.H         2.043666   -1.357911   -1.767652
<May23-2026> <12:21:20>     6.H         1.470848   -0.839674    1.238135
<May23-2026> <12:21:20>     7.H         2.285202    1.444231    0.840940
<May23-2026> <12:21:20>     8.H         2.600717    1.050299   -0.948750
<May23-2026> <12:21:20>  >>>> CORORT
<May23-2026> <12:21:20>  >>>> CLSMAT
<May23-2026> <12:21:20>  >>>> ORTHON
<May23-2026> <12:21:20>  >>>> GENPT
<May23-2026> <12:21:20>  Block Length= 128
<May23-2026> <12:21:21>  >>>> PTBAS
<May23-2026> <12:21:21>  >>>> CYCLE
<May23-2026> <12:21:25>              |Error|         MaxErr       Wt(A-DIIS)
<May23-2026> <12:21:25>      1      4.01463057      0.49768672
<May23-2026> <12:21:28>      2      0.78265709      0.08992019    100.0
<May23-2026> <12:21:30>      3      0.69902425      0.07958782    100.0
<May23-2026> <12:21:33>      4      1.04166681      0.13817977    100.0
<May23-2026> <12:21:36>      5      0.15836869      0.01956650     18.8
<May23-2026> <12:21:39>      6      0.07514837      0.00959328      8.7
<May23-2026> <12:21:42>      7      0.01477725      0.00223882      1.3
<May23-2026> <12:21:45>      8      0.00259650      0.00041213      0.0
<May23-2026> <12:21:48>      9      0.00112605      0.00020254      0.0
<May23-2026> <12:21:51>     10      0.00094421      0.00012739      0.0
<May23-2026> <12:21:53>     11      0.00023605      0.00003225      0.0
<May23-2026> <12:21:56>     12      0.00002194      0.00000643      0.0
<May23-2026> <12:21:59>     13      0.00000440      0.00000062      0.0
<May23-2026> <12:22:00>  SCF converged
<May23-2026> <12:22:02>     14      0.00000114      0.00000013      0.0
<May23-2026> <12:22:05>  >>>> TOTEN
<May23-2026> <12:22:11>  >>>> POPAN
<May23-2026> <12:22:11>  >>>> DEBYE
<May23-2026> <12:22:11>  >>>> AMETS
<May23-2026> <12:22:11>   Bond Energy          -1.54395822 a.u.
<May23-2026> <12:22:11>   Bond Energy         -42.01324080 eV
<May23-2026> <12:22:11>   Bond Energy        -968.85       kcal/mol
<May23-2026> <12:22:11>  >>>> POPUL
<May23-2026> <12:22:11>  NORMAL TERMINATION
