--------------------------------------------------------------------------
By default, for Open MPI 4.0 and later, infiniband ports on a device
are not used by default.  The intent is to use UCX for these devices.
You can override this policy by setting the btl_openib_allow_ib MCA parameter
to true.

  Local host:              n040
  Local adapter:           mlx5_2
  Local port:              1

--------------------------------------------------------------------------
--------------------------------------------------------------------------
WARNING: There was an error initializing an OpenFabrics device.

  Local host:   n040
  Local device: mlx5_2
--------------------------------------------------------------------------
[n040.hpc:1527500] 7 more processes have sent help message help-mpi-btl-openib.txt / ib port not selected
[n040.hpc:1527500] Set MCA parameter "orte_base_help_aggregate" to 0 to see all help / error messages
[n040.hpc:1527500] 7 more processes have sent help message help-mpi-btl-openib.txt / error in device init
--------------------------------------------------------------------------
By default, for Open MPI 4.0 and later, infiniband ports on a device
are not used by default.  The intent is to use UCX for these devices.
You can override this policy by setting the btl_openib_allow_ib MCA parameter
to true.

  Local host:              n040
  Local adapter:           mlx5_2
  Local port:              1

--------------------------------------------------------------------------
--------------------------------------------------------------------------
WARNING: There was an error initializing an OpenFabrics device.

  Local host:   n040
  Local device: mlx5_2
--------------------------------------------------------------------------
[n040.hpc:1527528] 7 more processes have sent help message help-mpi-btl-openib.txt / ib port not selected
[n040.hpc:1527528] Set MCA parameter "orte_base_help_aggregate" to 0 to see all help / error messages
[n040.hpc:1527528] 7 more processes have sent help message help-mpi-btl-openib.txt / error in device init
--------------------------------------------------------------------------
By default, for Open MPI 4.0 and later, infiniband ports on a device
are not used by default.  The intent is to use UCX for these devices.
You can override this policy by setting the btl_openib_allow_ib MCA parameter
to true.

  Local host:              n040
  Local adapter:           mlx5_2
  Local port:              1

--------------------------------------------------------------------------
--------------------------------------------------------------------------
WARNING: There was an error initializing an OpenFabrics device.

  Local host:   n040
  Local device: mlx5_2
--------------------------------------------------------------------------
[n040.hpc:1527578] 7 more processes have sent help message help-mpi-btl-openib.txt / ib port not selected
[n040.hpc:1527578] Set MCA parameter "orte_base_help_aggregate" to 0 to see all help / error messages
[n040.hpc:1527578] 7 more processes have sent help message help-mpi-btl-openib.txt / error in device init
--------------------------------------------------------------------------
By default, for Open MPI 4.0 and later, infiniband ports on a device
are not used by default.  The intent is to use UCX for these devices.
You can override this policy by setting the btl_openib_allow_ib MCA parameter
to true.

  Local host:              n040
  Local adapter:           mlx5_2
  Local port:              1

--------------------------------------------------------------------------
--------------------------------------------------------------------------
WARNING: There was an error initializing an OpenFabrics device.

  Local host:   n040
  Local device: mlx5_2
--------------------------------------------------------------------------
[n040.hpc:1527687] 7 more processes have sent help message help-mpi-btl-openib.txt / ib port not selected
[n040.hpc:1527687] Set MCA parameter "orte_base_help_aggregate" to 0 to see all help / error messages
[n040.hpc:1527687] 7 more processes have sent help message help-mpi-btl-openib.txt / error in device init
--------------------------------------------------------------------------
By default, for Open MPI 4.0 and later, infiniband ports on a device
are not used by default.  The intent is to use UCX for these devices.
You can override this policy by setting the btl_openib_allow_ib MCA parameter
to true.

  Local host:              n040
  Local adapter:           mlx5_2
  Local port:              1

--------------------------------------------------------------------------
--------------------------------------------------------------------------
WARNING: There was an error initializing an OpenFabrics device.

  Local host:   n040
  Local device: mlx5_2
--------------------------------------------------------------------------
[n040.hpc:1527715] 7 more processes have sent help message help-mpi-btl-openib.txt / ib port not selected
[n040.hpc:1527715] Set MCA parameter "orte_base_help_aggregate" to 0 to see all help / error messages
[n040.hpc:1527715] 7 more processes have sent help message help-mpi-btl-openib.txt / error in device init
--------------------------------------------------------------------------
By default, for Open MPI 4.0 and later, infiniband ports on a device
are not used by default.  The intent is to use UCX for these devices.
You can override this policy by setting the btl_openib_allow_ib MCA parameter
to true.

  Local host:              n040
  Local adapter:           mlx5_2
  Local port:              1

--------------------------------------------------------------------------
--------------------------------------------------------------------------
WARNING: There was an error initializing an OpenFabrics device.

  Local host:   n040
  Local device: mlx5_2
--------------------------------------------------------------------------
[n040.hpc:1527805] 7 more processes have sent help message help-mpi-btl-openib.txt / ib port not selected
[n040.hpc:1527805] Set MCA parameter "orte_base_help_aggregate" to 0 to see all help / error messages
[n040.hpc:1527805] 7 more processes have sent help message help-mpi-btl-openib.txt / error in device init
--------------------------------------------------------------------------
By default, for Open MPI 4.0 and later, infiniband ports on a device
are not used by default.  The intent is to use UCX for these devices.
You can override this policy by setting the btl_openib_allow_ib MCA parameter
to true.

  Local host:              n040
  Local adapter:           mlx5_2
  Local port:              1

--------------------------------------------------------------------------
--------------------------------------------------------------------------
WARNING: There was an error initializing an OpenFabrics device.

  Local host:   n040
  Local device: mlx5_2
--------------------------------------------------------------------------
[n040.hpc:1527965] 7 more processes have sent help message help-mpi-btl-openib.txt / ib port not selected
[n040.hpc:1527965] Set MCA parameter "orte_base_help_aggregate" to 0 to see all help / error messages
[n040.hpc:1527965] 7 more processes have sent help message help-mpi-btl-openib.txt / error in device init
--------------------------------------------------------------------------
By default, for Open MPI 4.0 and later, infiniband ports on a device
are not used by default.  The intent is to use UCX for these devices.
You can override this policy by setting the btl_openib_allow_ib MCA parameter
to true.

  Local host:              n040
  Local adapter:           mlx5_2
  Local port:              1

--------------------------------------------------------------------------
--------------------------------------------------------------------------
WARNING: There was an error initializing an OpenFabrics device.

  Local host:   n040
  Local device: mlx5_2
--------------------------------------------------------------------------
[n040.hpc:1528006] 7 more processes have sent help message help-mpi-btl-openib.txt / ib port not selected
[n040.hpc:1528006] Set MCA parameter "orte_base_help_aggregate" to 0 to see all help / error messages
[n040.hpc:1528006] 7 more processes have sent help message help-mpi-btl-openib.txt / error in device init
--------------------------------------------------------------------------
By default, for Open MPI 4.0 and later, infiniband ports on a device
are not used by default.  The intent is to use UCX for these devices.
You can override this policy by setting the btl_openib_allow_ib MCA parameter
to true.

  Local host:              n040
  Local adapter:           mlx5_2
  Local port:              1

--------------------------------------------------------------------------
--------------------------------------------------------------------------
WARNING: There was an error initializing an OpenFabrics device.

  Local host:   n040
  Local device: mlx5_2
--------------------------------------------------------------------------
[n040.hpc:1528638] 7 more processes have sent help message help-mpi-btl-openib.txt / ib port not selected
[n040.hpc:1528638] Set MCA parameter "orte_base_help_aggregate" to 0 to see all help / error messages
[n040.hpc:1528638] 7 more processes have sent help message help-mpi-btl-openib.txt / error in device init
--------------------------------------------------------------------------
By default, for Open MPI 4.0 and later, infiniband ports on a device
are not used by default.  The intent is to use UCX for these devices.
You can override this policy by setting the btl_openib_allow_ib MCA parameter
to true.

  Local host:              n040
  Local adapter:           mlx5_2
  Local port:              1

--------------------------------------------------------------------------
--------------------------------------------------------------------------
WARNING: There was an error initializing an OpenFabrics device.

  Local host:   n040
  Local device: mlx5_2
--------------------------------------------------------------------------
[n040.hpc:1528666] 7 more processes have sent help message help-mpi-btl-openib.txt / ib port not selected
[n040.hpc:1528666] Set MCA parameter "orte_base_help_aggregate" to 0 to see all help / error messages
[n040.hpc:1528666] 7 more processes have sent help message help-mpi-btl-openib.txt / error in device init
--------------------------------------------------------------------------
By default, for Open MPI 4.0 and later, infiniband ports on a device
are not used by default.  The intent is to use UCX for these devices.
You can override this policy by setting the btl_openib_allow_ib MCA parameter
to true.

  Local host:              n040
  Local adapter:           mlx5_2
  Local port:              1

--------------------------------------------------------------------------
--------------------------------------------------------------------------
WARNING: There was an error initializing an OpenFabrics device.

  Local host:   n040
  Local device: mlx5_2
--------------------------------------------------------------------------
[n040.hpc:1528694] 7 more processes have sent help message help-mpi-btl-openib.txt / ib port not selected
[n040.hpc:1528694] Set MCA parameter "orte_base_help_aggregate" to 0 to see all help / error messages
[n040.hpc:1528694] 7 more processes have sent help message help-mpi-btl-openib.txt / error in device init
--------------------------------------------------------------------------
By default, for Open MPI 4.0 and later, infiniband ports on a device
are not used by default.  The intent is to use UCX for these devices.
You can override this policy by setting the btl_openib_allow_ib MCA parameter
to true.

  Local host:              n040
  Local adapter:           mlx5_2
  Local port:              1

--------------------------------------------------------------------------
--------------------------------------------------------------------------
WARNING: There was an error initializing an OpenFabrics device.

  Local host:   n040
  Local device: mlx5_2
--------------------------------------------------------------------------
[n040.hpc:1528722] 7 more processes have sent help message help-mpi-btl-openib.txt / ib port not selected
[n040.hpc:1528722] Set MCA parameter "orte_base_help_aggregate" to 0 to see all help / error messages
[n040.hpc:1528722] 7 more processes have sent help message help-mpi-btl-openib.txt / error in device init
--------------------------------------------------------------------------
By default, for Open MPI 4.0 and later, infiniband ports on a device
are not used by default.  The intent is to use UCX for these devices.
You can override this policy by setting the btl_openib_allow_ib MCA parameter
to true.

  Local host:              n040
  Local adapter:           mlx5_2
  Local port:              1

--------------------------------------------------------------------------
--------------------------------------------------------------------------
WARNING: There was an error initializing an OpenFabrics device.

  Local host:   n040
  Local device: mlx5_2
--------------------------------------------------------------------------
[n040.hpc:1528750] 7 more processes have sent help message help-mpi-btl-openib.txt / ib port not selected
[n040.hpc:1528750] Set MCA parameter "orte_base_help_aggregate" to 0 to see all help / error messages
[n040.hpc:1528750] 7 more processes have sent help message help-mpi-btl-openib.txt / error in device init
--------------------------------------------------------------------------
By default, for Open MPI 4.0 and later, infiniband ports on a device
are not used by default.  The intent is to use UCX for these devices.
You can override this policy by setting the btl_openib_allow_ib MCA parameter
to true.

  Local host:              n040
  Local adapter:           mlx5_2
  Local port:              1

--------------------------------------------------------------------------
--------------------------------------------------------------------------
WARNING: There was an error initializing an OpenFabrics device.

  Local host:   n040
  Local device: mlx5_2
--------------------------------------------------------------------------
[n040.hpc:1528911] 7 more processes have sent help message help-mpi-btl-openib.txt / ib port not selected
[n040.hpc:1528911] Set MCA parameter "orte_base_help_aggregate" to 0 to see all help / error messages
[n040.hpc:1528911] 7 more processes have sent help message help-mpi-btl-openib.txt / error in device init
--------------------------------------------------------------------------
By default, for Open MPI 4.0 and later, infiniband ports on a device
are not used by default.  The intent is to use UCX for these devices.
You can override this policy by setting the btl_openib_allow_ib MCA parameter
to true.

  Local host:              n040
  Local adapter:           mlx5_2
  Local port:              1

--------------------------------------------------------------------------
--------------------------------------------------------------------------
WARNING: There was an error initializing an OpenFabrics device.

  Local host:   n040
  Local device: mlx5_2
--------------------------------------------------------------------------
[n040.hpc:1528939] 7 more processes have sent help message help-mpi-btl-openib.txt / ib port not selected
[n040.hpc:1528939] Set MCA parameter "orte_base_help_aggregate" to 0 to see all help / error messages
[n040.hpc:1528939] 7 more processes have sent help message help-mpi-btl-openib.txt / error in device init
--------------------------------------------------------------------------
By default, for Open MPI 4.0 and later, infiniband ports on a device
are not used by default.  The intent is to use UCX for these devices.
You can override this policy by setting the btl_openib_allow_ib MCA parameter
to true.

  Local host:              n040
  Local adapter:           mlx5_2
  Local port:              1

--------------------------------------------------------------------------
--------------------------------------------------------------------------
WARNING: There was an error initializing an OpenFabrics device.

  Local host:   n040
  Local device: mlx5_2
--------------------------------------------------------------------------
[n040.hpc:1529931] 7 more processes have sent help message help-mpi-btl-openib.txt / ib port not selected
[n040.hpc:1529931] Set MCA parameter "orte_base_help_aggregate" to 0 to see all help / error messages
[n040.hpc:1529931] 7 more processes have sent help message help-mpi-btl-openib.txt / error in device init
--------------------------------------------------------------------------
By default, for Open MPI 4.0 and later, infiniband ports on a device
are not used by default.  The intent is to use UCX for these devices.
You can override this policy by setting the btl_openib_allow_ib MCA parameter
to true.

  Local host:              n040
  Local adapter:           mlx5_2
  Local port:              1

--------------------------------------------------------------------------
--------------------------------------------------------------------------
WARNING: There was an error initializing an OpenFabrics device.

  Local host:   n040
  Local device: mlx5_2
--------------------------------------------------------------------------
[n040.hpc:1530426] 7 more processes have sent help message help-mpi-btl-openib.txt / ib port not selected
[n040.hpc:1530426] Set MCA parameter "orte_base_help_aggregate" to 0 to see all help / error messages
[n040.hpc:1530426] 7 more processes have sent help message help-mpi-btl-openib.txt / error in device init
--------------------------------------------------------------------------
By default, for Open MPI 4.0 and later, infiniband ports on a device
are not used by default.  The intent is to use UCX for these devices.
You can override this policy by setting the btl_openib_allow_ib MCA parameter
to true.

  Local host:              n040
  Local adapter:           mlx5_2
  Local port:              1

--------------------------------------------------------------------------
--------------------------------------------------------------------------
WARNING: There was an error initializing an OpenFabrics device.

  Local host:   n040
  Local device: mlx5_2
--------------------------------------------------------------------------
[n040.hpc:1532094] 7 more processes have sent help message help-mpi-btl-openib.txt / ib port not selected
[n040.hpc:1532094] Set MCA parameter "orte_base_help_aggregate" to 0 to see all help / error messages
[n040.hpc:1532094] 7 more processes have sent help message help-mpi-btl-openib.txt / error in device init
--------------------------------------------------------------------------
By default, for Open MPI 4.0 and later, infiniband ports on a device
are not used by default.  The intent is to use UCX for these devices.
You can override this policy by setting the btl_openib_allow_ib MCA parameter
to true.

  Local host:              n040
  Local adapter:           mlx5_2
  Local port:              1

--------------------------------------------------------------------------
--------------------------------------------------------------------------
WARNING: There was an error initializing an OpenFabrics device.

  Local host:   n040
  Local device: mlx5_2
--------------------------------------------------------------------------
[n040.hpc:1532712] 7 more processes have sent help message help-mpi-btl-openib.txt / ib port not selected
[n040.hpc:1532712] Set MCA parameter "orte_base_help_aggregate" to 0 to see all help / error messages
[n040.hpc:1532712] 7 more processes have sent help message help-mpi-btl-openib.txt / error in device init
--------------------------------------------------------------------------
By default, for Open MPI 4.0 and later, infiniband ports on a device
are not used by default.  The intent is to use UCX for these devices.
You can override this policy by setting the btl_openib_allow_ib MCA parameter
to true.

  Local host:              n040
  Local adapter:           mlx5_2
  Local port:              1

--------------------------------------------------------------------------
--------------------------------------------------------------------------
WARNING: There was an error initializing an OpenFabrics device.

  Local host:   n040
  Local device: mlx5_2
--------------------------------------------------------------------------
[n040.hpc:1533795] 7 more processes have sent help message help-mpi-btl-openib.txt / ib port not selected
[n040.hpc:1533795] Set MCA parameter "orte_base_help_aggregate" to 0 to see all help / error messages
[n040.hpc:1533795] 7 more processes have sent help message help-mpi-btl-openib.txt / error in device init
--------------------------------------------------------------------------
By default, for Open MPI 4.0 and later, infiniband ports on a device
are not used by default.  The intent is to use UCX for these devices.
You can override this policy by setting the btl_openib_allow_ib MCA parameter
to true.

  Local host:              n040
  Local adapter:           mlx5_2
  Local port:              1

--------------------------------------------------------------------------
--------------------------------------------------------------------------
WARNING: There was an error initializing an OpenFabrics device.

  Local host:   n040
  Local device: mlx5_2
--------------------------------------------------------------------------
[n040.hpc:1533824] 7 more processes have sent help message help-mpi-btl-openib.txt / ib port not selected
[n040.hpc:1533824] Set MCA parameter "orte_base_help_aggregate" to 0 to see all help / error messages
[n040.hpc:1533824] 7 more processes have sent help message help-mpi-btl-openib.txt / error in device init
--------------------------------------------------------------------------
By default, for Open MPI 4.0 and later, infiniband ports on a device
are not used by default.  The intent is to use UCX for these devices.
You can override this policy by setting the btl_openib_allow_ib MCA parameter
to true.

  Local host:              n040
  Local adapter:           mlx5_2
  Local port:              1

--------------------------------------------------------------------------
--------------------------------------------------------------------------
WARNING: There was an error initializing an OpenFabrics device.

  Local host:   n040
  Local device: mlx5_2
--------------------------------------------------------------------------
[n040.hpc:1533926] 7 more processes have sent help message help-mpi-btl-openib.txt / ib port not selected
[n040.hpc:1533926] Set MCA parameter "orte_base_help_aggregate" to 0 to see all help / error messages
[n040.hpc:1533926] 7 more processes have sent help message help-mpi-btl-openib.txt / error in device init
--------------------------------------------------------------------------
By default, for Open MPI 4.0 and later, infiniband ports on a device
are not used by default.  The intent is to use UCX for these devices.
You can override this policy by setting the btl_openib_allow_ib MCA parameter
to true.

  Local host:              n040
  Local adapter:           mlx5_2
  Local port:              1

--------------------------------------------------------------------------
--------------------------------------------------------------------------
WARNING: There was an error initializing an OpenFabrics device.

  Local host:   n040
  Local device: mlx5_2
--------------------------------------------------------------------------
[n040.hpc:1533954] 7 more processes have sent help message help-mpi-btl-openib.txt / ib port not selected
[n040.hpc:1533954] Set MCA parameter "orte_base_help_aggregate" to 0 to see all help / error messages
[n040.hpc:1533954] 7 more processes have sent help message help-mpi-btl-openib.txt / error in device init
--------------------------------------------------------------------------
By default, for Open MPI 4.0 and later, infiniband ports on a device
are not used by default.  The intent is to use UCX for these devices.
You can override this policy by setting the btl_openib_allow_ib MCA parameter
to true.

  Local host:              n040
  Local adapter:           mlx5_2
  Local port:              1

--------------------------------------------------------------------------
--------------------------------------------------------------------------
WARNING: There was an error initializing an OpenFabrics device.

  Local host:   n040
  Local device: mlx5_2
--------------------------------------------------------------------------
[n040.hpc:1533982] 7 more processes have sent help message help-mpi-btl-openib.txt / ib port not selected
[n040.hpc:1533982] Set MCA parameter "orte_base_help_aggregate" to 0 to see all help / error messages
[n040.hpc:1533982] 7 more processes have sent help message help-mpi-btl-openib.txt / error in device init
--------------------------------------------------------------------------
By default, for Open MPI 4.0 and later, infiniband ports on a device
are not used by default.  The intent is to use UCX for these devices.
You can override this policy by setting the btl_openib_allow_ib MCA parameter
to true.

  Local host:              n040
  Local adapter:           mlx5_2
  Local port:              1

--------------------------------------------------------------------------
--------------------------------------------------------------------------
WARNING: There was an error initializing an OpenFabrics device.

  Local host:   n040
  Local device: mlx5_2
--------------------------------------------------------------------------
[n040.hpc:1534010] 7 more processes have sent help message help-mpi-btl-openib.txt / ib port not selected
[n040.hpc:1534010] Set MCA parameter "orte_base_help_aggregate" to 0 to see all help / error messages
[n040.hpc:1534010] 7 more processes have sent help message help-mpi-btl-openib.txt / error in device init
--------------------------------------------------------------------------
By default, for Open MPI 4.0 and later, infiniband ports on a device
are not used by default.  The intent is to use UCX for these devices.
You can override this policy by setting the btl_openib_allow_ib MCA parameter
to true.

  Local host:              n040
  Local adapter:           mlx5_2
  Local port:              1

--------------------------------------------------------------------------
--------------------------------------------------------------------------
WARNING: There was an error initializing an OpenFabrics device.

  Local host:   n040
  Local device: mlx5_2
--------------------------------------------------------------------------
[n040.hpc:1534111] 7 more processes have sent help message help-mpi-btl-openib.txt / ib port not selected
[n040.hpc:1534111] Set MCA parameter "orte_base_help_aggregate" to 0 to see all help / error messages
[n040.hpc:1534111] 7 more processes have sent help message help-mpi-btl-openib.txt / error in device init
--------------------------------------------------------------------------
By default, for Open MPI 4.0 and later, infiniband ports on a device
are not used by default.  The intent is to use UCX for these devices.
You can override this policy by setting the btl_openib_allow_ib MCA parameter
to true.

  Local host:              n040
  Local adapter:           mlx5_2
  Local port:              1

--------------------------------------------------------------------------
--------------------------------------------------------------------------
WARNING: There was an error initializing an OpenFabrics device.

  Local host:   n040
  Local device: mlx5_2
--------------------------------------------------------------------------
[n040.hpc:1534139] 7 more processes have sent help message help-mpi-btl-openib.txt / ib port not selected
[n040.hpc:1534139] Set MCA parameter "orte_base_help_aggregate" to 0 to see all help / error messages
[n040.hpc:1534139] 7 more processes have sent help message help-mpi-btl-openib.txt / error in device init
--------------------------------------------------------------------------
By default, for Open MPI 4.0 and later, infiniband ports on a device
are not used by default.  The intent is to use UCX for these devices.
You can override this policy by setting the btl_openib_allow_ib MCA parameter
to true.

  Local host:              n040
  Local adapter:           mlx5_2
  Local port:              1

--------------------------------------------------------------------------
--------------------------------------------------------------------------
WARNING: There was an error initializing an OpenFabrics device.

  Local host:   n040
  Local device: mlx5_2
--------------------------------------------------------------------------
[n040.hpc:1534283] 7 more processes have sent help message help-mpi-btl-openib.txt / ib port not selected
[n040.hpc:1534283] Set MCA parameter "orte_base_help_aggregate" to 0 to see all help / error messages
[n040.hpc:1534283] 7 more processes have sent help message help-mpi-btl-openib.txt / error in device init
--------------------------------------------------------------------------
By default, for Open MPI 4.0 and later, infiniband ports on a device
are not used by default.  The intent is to use UCX for these devices.
You can override this policy by setting the btl_openib_allow_ib MCA parameter
to true.

  Local host:              n040
  Local adapter:           mlx5_2
  Local port:              1

--------------------------------------------------------------------------
--------------------------------------------------------------------------
WARNING: There was an error initializing an OpenFabrics device.

  Local host:   n040
  Local device: mlx5_2
--------------------------------------------------------------------------
[n040.hpc:1534330] 7 more processes have sent help message help-mpi-btl-openib.txt / ib port not selected
[n040.hpc:1534330] Set MCA parameter "orte_base_help_aggregate" to 0 to see all help / error messages
[n040.hpc:1534330] 7 more processes have sent help message help-mpi-btl-openib.txt / error in device init
--------------------------------------------------------------------------
By default, for Open MPI 4.0 and later, infiniband ports on a device
are not used by default.  The intent is to use UCX for these devices.
You can override this policy by setting the btl_openib_allow_ib MCA parameter
to true.

  Local host:              n040
  Local adapter:           mlx5_2
  Local port:              1

--------------------------------------------------------------------------
--------------------------------------------------------------------------
WARNING: There was an error initializing an OpenFabrics device.

  Local host:   n040
  Local device: mlx5_2
--------------------------------------------------------------------------
[n040.hpc:1534429] 7 more processes have sent help message help-mpi-btl-openib.txt / ib port not selected
[n040.hpc:1534429] Set MCA parameter "orte_base_help_aggregate" to 0 to see all help / error messages
[n040.hpc:1534429] 7 more processes have sent help message help-mpi-btl-openib.txt / error in device init
--------------------------------------------------------------------------
By default, for Open MPI 4.0 and later, infiniband ports on a device
are not used by default.  The intent is to use UCX for these devices.
You can override this policy by setting the btl_openib_allow_ib MCA parameter
to true.

  Local host:              n040
  Local adapter:           mlx5_2
  Local port:              1

--------------------------------------------------------------------------
--------------------------------------------------------------------------
WARNING: There was an error initializing an OpenFabrics device.

  Local host:   n040
  Local device: mlx5_2
--------------------------------------------------------------------------
[n040.hpc:1535014] 7 more processes have sent help message help-mpi-btl-openib.txt / ib port not selected
[n040.hpc:1535014] Set MCA parameter "orte_base_help_aggregate" to 0 to see all help / error messages
[n040.hpc:1535014] 7 more processes have sent help message help-mpi-btl-openib.txt / error in device init
--------------------------------------------------------------------------
By default, for Open MPI 4.0 and later, infiniband ports on a device
are not used by default.  The intent is to use UCX for these devices.
You can override this policy by setting the btl_openib_allow_ib MCA parameter
to true.

  Local host:              n040
  Local adapter:           mlx5_2
  Local port:              1

--------------------------------------------------------------------------
--------------------------------------------------------------------------
WARNING: There was an error initializing an OpenFabrics device.

  Local host:   n040
  Local device: mlx5_2
--------------------------------------------------------------------------
[n040.hpc:1535042] 7 more processes have sent help message help-mpi-btl-openib.txt / ib port not selected
[n040.hpc:1535042] Set MCA parameter "orte_base_help_aggregate" to 0 to see all help / error messages
[n040.hpc:1535042] 7 more processes have sent help message help-mpi-btl-openib.txt / error in device init
--------------------------------------------------------------------------
By default, for Open MPI 4.0 and later, infiniband ports on a device
are not used by default.  The intent is to use UCX for these devices.
You can override this policy by setting the btl_openib_allow_ib MCA parameter
to true.

  Local host:              n040
  Local adapter:           mlx5_2
  Local port:              1

--------------------------------------------------------------------------
--------------------------------------------------------------------------
WARNING: There was an error initializing an OpenFabrics device.

  Local host:   n040
  Local device: mlx5_2
--------------------------------------------------------------------------
[n040.hpc:1535070] 7 more processes have sent help message help-mpi-btl-openib.txt / ib port not selected
[n040.hpc:1535070] Set MCA parameter "orte_base_help_aggregate" to 0 to see all help / error messages
[n040.hpc:1535070] 7 more processes have sent help message help-mpi-btl-openib.txt / error in device init
--------------------------------------------------------------------------
By default, for Open MPI 4.0 and later, infiniband ports on a device
are not used by default.  The intent is to use UCX for these devices.
You can override this policy by setting the btl_openib_allow_ib MCA parameter
to true.

  Local host:              n040
  Local adapter:           mlx5_2
  Local port:              1

--------------------------------------------------------------------------
--------------------------------------------------------------------------
WARNING: There was an error initializing an OpenFabrics device.

  Local host:   n040
  Local device: mlx5_2
--------------------------------------------------------------------------
[n040.hpc:1535098] 7 more processes have sent help message help-mpi-btl-openib.txt / ib port not selected
[n040.hpc:1535098] Set MCA parameter "orte_base_help_aggregate" to 0 to see all help / error messages
[n040.hpc:1535098] 7 more processes have sent help message help-mpi-btl-openib.txt / error in device init
--------------------------------------------------------------------------
By default, for Open MPI 4.0 and later, infiniband ports on a device
are not used by default.  The intent is to use UCX for these devices.
You can override this policy by setting the btl_openib_allow_ib MCA parameter
to true.

  Local host:              n040
  Local adapter:           mlx5_2
  Local port:              1

--------------------------------------------------------------------------
--------------------------------------------------------------------------
WARNING: There was an error initializing an OpenFabrics device.

  Local host:   n040
  Local device: mlx5_2
--------------------------------------------------------------------------
[n040.hpc:1535126] 7 more processes have sent help message help-mpi-btl-openib.txt / ib port not selected
[n040.hpc:1535126] Set MCA parameter "orte_base_help_aggregate" to 0 to see all help / error messages
[n040.hpc:1535126] 7 more processes have sent help message help-mpi-btl-openib.txt / error in device init
--------------------------------------------------------------------------
By default, for Open MPI 4.0 and later, infiniband ports on a device
are not used by default.  The intent is to use UCX for these devices.
You can override this policy by setting the btl_openib_allow_ib MCA parameter
to true.

  Local host:              n040
  Local adapter:           mlx5_2
  Local port:              1

--------------------------------------------------------------------------
--------------------------------------------------------------------------
WARNING: There was an error initializing an OpenFabrics device.

  Local host:   n040
  Local device: mlx5_2
--------------------------------------------------------------------------
[n040.hpc:1535199] 7 more processes have sent help message help-mpi-btl-openib.txt / ib port not selected
[n040.hpc:1535199] Set MCA parameter "orte_base_help_aggregate" to 0 to see all help / error messages
[n040.hpc:1535199] 7 more processes have sent help message help-mpi-btl-openib.txt / error in device init
--------------------------------------------------------------------------
By default, for Open MPI 4.0 and later, infiniband ports on a device
are not used by default.  The intent is to use UCX for these devices.
You can override this policy by setting the btl_openib_allow_ib MCA parameter
to true.

  Local host:              n040
  Local adapter:           mlx5_2
  Local port:              1

--------------------------------------------------------------------------
--------------------------------------------------------------------------
WARNING: There was an error initializing an OpenFabrics device.

  Local host:   n040
  Local device: mlx5_2
--------------------------------------------------------------------------
[n040.hpc:1535227] 7 more processes have sent help message help-mpi-btl-openib.txt / ib port not selected
[n040.hpc:1535227] Set MCA parameter "orte_base_help_aggregate" to 0 to see all help / error messages
[n040.hpc:1535227] 7 more processes have sent help message help-mpi-btl-openib.txt / error in device init
--------------------------------------------------------------------------
By default, for Open MPI 4.0 and later, infiniband ports on a device
are not used by default.  The intent is to use UCX for these devices.
You can override this policy by setting the btl_openib_allow_ib MCA parameter
to true.

  Local host:              n040
  Local adapter:           mlx5_2
  Local port:              1

--------------------------------------------------------------------------
--------------------------------------------------------------------------
WARNING: There was an error initializing an OpenFabrics device.

  Local host:   n040
  Local device: mlx5_2
--------------------------------------------------------------------------
[n040.hpc:1535283] 7 more processes have sent help message help-mpi-btl-openib.txt / ib port not selected
[n040.hpc:1535283] Set MCA parameter "orte_base_help_aggregate" to 0 to see all help / error messages
[n040.hpc:1535283] 7 more processes have sent help message help-mpi-btl-openib.txt / error in device init
--------------------------------------------------------------------------
By default, for Open MPI 4.0 and later, infiniband ports on a device
are not used by default.  The intent is to use UCX for these devices.
You can override this policy by setting the btl_openib_allow_ib MCA parameter
to true.

  Local host:              n040
  Local adapter:           mlx5_2
  Local port:              1

--------------------------------------------------------------------------
--------------------------------------------------------------------------
WARNING: There was an error initializing an OpenFabrics device.

  Local host:   n040
  Local device: mlx5_2
--------------------------------------------------------------------------
[n040.hpc:1535311] 7 more processes have sent help message help-mpi-btl-openib.txt / ib port not selected
[n040.hpc:1535311] Set MCA parameter "orte_base_help_aggregate" to 0 to see all help / error messages
[n040.hpc:1535311] 7 more processes have sent help message help-mpi-btl-openib.txt / error in device init
--------------------------------------------------------------------------
By default, for Open MPI 4.0 and later, infiniband ports on a device
are not used by default.  The intent is to use UCX for these devices.
You can override this policy by setting the btl_openib_allow_ib MCA parameter
to true.

  Local host:              n040
  Local adapter:           mlx5_2
  Local port:              1

--------------------------------------------------------------------------
--------------------------------------------------------------------------
WARNING: There was an error initializing an OpenFabrics device.

  Local host:   n040
  Local device: mlx5_2
--------------------------------------------------------------------------
[n040.hpc:1535341] 7 more processes have sent help message help-mpi-btl-openib.txt / ib port not selected
[n040.hpc:1535341] Set MCA parameter "orte_base_help_aggregate" to 0 to see all help / error messages
[n040.hpc:1535341] 7 more processes have sent help message help-mpi-btl-openib.txt / error in device init
--------------------------------------------------------------------------
By default, for Open MPI 4.0 and later, infiniband ports on a device
are not used by default.  The intent is to use UCX for these devices.
You can override this policy by setting the btl_openib_allow_ib MCA parameter
to true.

  Local host:              n040
  Local adapter:           mlx5_2
  Local port:              1

--------------------------------------------------------------------------
--------------------------------------------------------------------------
WARNING: There was an error initializing an OpenFabrics device.

  Local host:   n040
  Local device: mlx5_2
--------------------------------------------------------------------------
[n040.hpc:1535369] 7 more processes have sent help message help-mpi-btl-openib.txt / ib port not selected
[n040.hpc:1535369] Set MCA parameter "orte_base_help_aggregate" to 0 to see all help / error messages
[n040.hpc:1535369] 7 more processes have sent help message help-mpi-btl-openib.txt / error in device init
--------------------------------------------------------------------------
By default, for Open MPI 4.0 and later, infiniband ports on a device
are not used by default.  The intent is to use UCX for these devices.
You can override this policy by setting the btl_openib_allow_ib MCA parameter
to true.

  Local host:              n040
  Local adapter:           mlx5_2
  Local port:              1

--------------------------------------------------------------------------
--------------------------------------------------------------------------
WARNING: There was an error initializing an OpenFabrics device.

  Local host:   n040
  Local device: mlx5_2
--------------------------------------------------------------------------
[n040.hpc:1535587] 7 more processes have sent help message help-mpi-btl-openib.txt / ib port not selected
[n040.hpc:1535587] Set MCA parameter "orte_base_help_aggregate" to 0 to see all help / error messages
[n040.hpc:1535587] 7 more processes have sent help message help-mpi-btl-openib.txt / error in device init
--------------------------------------------------------------------------
By default, for Open MPI 4.0 and later, infiniband ports on a device
are not used by default.  The intent is to use UCX for these devices.
You can override this policy by setting the btl_openib_allow_ib MCA parameter
to true.

  Local host:              n040
  Local adapter:           mlx5_2
  Local port:              1

--------------------------------------------------------------------------
--------------------------------------------------------------------------
WARNING: There was an error initializing an OpenFabrics device.

  Local host:   n040
  Local device: mlx5_2
--------------------------------------------------------------------------
[n040.hpc:1535615] 7 more processes have sent help message help-mpi-btl-openib.txt / ib port not selected
[n040.hpc:1535615] Set MCA parameter "orte_base_help_aggregate" to 0 to see all help / error messages
[n040.hpc:1535615] 7 more processes have sent help message help-mpi-btl-openib.txt / error in device init
--------------------------------------------------------------------------
By default, for Open MPI 4.0 and later, infiniband ports on a device
are not used by default.  The intent is to use UCX for these devices.
You can override this policy by setting the btl_openib_allow_ib MCA parameter
to true.

  Local host:              n040
  Local adapter:           mlx5_2
  Local port:              1

--------------------------------------------------------------------------
--------------------------------------------------------------------------
WARNING: There was an error initializing an OpenFabrics device.

  Local host:   n040
  Local device: mlx5_2
--------------------------------------------------------------------------
[n040.hpc:1535654] 7 more processes have sent help message help-mpi-btl-openib.txt / ib port not selected
[n040.hpc:1535654] Set MCA parameter "orte_base_help_aggregate" to 0 to see all help / error messages
[n040.hpc:1535654] 7 more processes have sent help message help-mpi-btl-openib.txt / error in device init
--------------------------------------------------------------------------
By default, for Open MPI 4.0 and later, infiniband ports on a device
are not used by default.  The intent is to use UCX for these devices.
You can override this policy by setting the btl_openib_allow_ib MCA parameter
to true.

  Local host:              n040
  Local adapter:           mlx5_2
  Local port:              1

--------------------------------------------------------------------------
--------------------------------------------------------------------------
WARNING: There was an error initializing an OpenFabrics device.

  Local host:   n040
  Local device: mlx5_2
--------------------------------------------------------------------------
[n040.hpc:1535682] 7 more processes have sent help message help-mpi-btl-openib.txt / ib port not selected
[n040.hpc:1535682] Set MCA parameter "orte_base_help_aggregate" to 0 to see all help / error messages
[n040.hpc:1535682] 7 more processes have sent help message help-mpi-btl-openib.txt / error in device init
--------------------------------------------------------------------------
By default, for Open MPI 4.0 and later, infiniband ports on a device
are not used by default.  The intent is to use UCX for these devices.
You can override this policy by setting the btl_openib_allow_ib MCA parameter
to true.

  Local host:              n040
  Local adapter:           mlx5_2
  Local port:              1

--------------------------------------------------------------------------
--------------------------------------------------------------------------
WARNING: There was an error initializing an OpenFabrics device.

  Local host:   n040
  Local device: mlx5_2
--------------------------------------------------------------------------
[n040.hpc:1535718] 7 more processes have sent help message help-mpi-btl-openib.txt / ib port not selected
[n040.hpc:1535718] Set MCA parameter "orte_base_help_aggregate" to 0 to see all help / error messages
[n040.hpc:1535718] 7 more processes have sent help message help-mpi-btl-openib.txt / error in device init
--------------------------------------------------------------------------
By default, for Open MPI 4.0 and later, infiniband ports on a device
are not used by default.  The intent is to use UCX for these devices.
You can override this policy by setting the btl_openib_allow_ib MCA parameter
to true.

  Local host:              n040
  Local adapter:           mlx5_2
  Local port:              1

--------------------------------------------------------------------------
--------------------------------------------------------------------------
WARNING: There was an error initializing an OpenFabrics device.

  Local host:   n040
  Local device: mlx5_2
--------------------------------------------------------------------------
[n040.hpc:1535746] 7 more processes have sent help message help-mpi-btl-openib.txt / ib port not selected
[n040.hpc:1535746] Set MCA parameter "orte_base_help_aggregate" to 0 to see all help / error messages
[n040.hpc:1535746] 7 more processes have sent help message help-mpi-btl-openib.txt / error in device init
--------------------------------------------------------------------------
By default, for Open MPI 4.0 and later, infiniband ports on a device
are not used by default.  The intent is to use UCX for these devices.
You can override this policy by setting the btl_openib_allow_ib MCA parameter
to true.

  Local host:              n040
  Local adapter:           mlx5_2
  Local port:              1

--------------------------------------------------------------------------
--------------------------------------------------------------------------
WARNING: There was an error initializing an OpenFabrics device.

  Local host:   n040
  Local device: mlx5_2
--------------------------------------------------------------------------
[n040.hpc:1535952] 7 more processes have sent help message help-mpi-btl-openib.txt / ib port not selected
[n040.hpc:1535952] Set MCA parameter "orte_base_help_aggregate" to 0 to see all help / error messages
[n040.hpc:1535952] 7 more processes have sent help message help-mpi-btl-openib.txt / error in device init
--------------------------------------------------------------------------
By default, for Open MPI 4.0 and later, infiniband ports on a device
are not used by default.  The intent is to use UCX for these devices.
You can override this policy by setting the btl_openib_allow_ib MCA parameter
to true.

  Local host:              n040
  Local adapter:           mlx5_2
  Local port:              1

--------------------------------------------------------------------------
--------------------------------------------------------------------------
WARNING: There was an error initializing an OpenFabrics device.

  Local host:   n040
  Local device: mlx5_2
--------------------------------------------------------------------------
[n040.hpc:1535980] 7 more processes have sent help message help-mpi-btl-openib.txt / ib port not selected
[n040.hpc:1535980] Set MCA parameter "orte_base_help_aggregate" to 0 to see all help / error messages
[n040.hpc:1535980] 7 more processes have sent help message help-mpi-btl-openib.txt / error in device init
--------------------------------------------------------------------------
By default, for Open MPI 4.0 and later, infiniband ports on a device
are not used by default.  The intent is to use UCX for these devices.
You can override this policy by setting the btl_openib_allow_ib MCA parameter
to true.

  Local host:              n040
  Local adapter:           mlx5_2
  Local port:              1

--------------------------------------------------------------------------
--------------------------------------------------------------------------
WARNING: There was an error initializing an OpenFabrics device.

  Local host:   n040
  Local device: mlx5_2
--------------------------------------------------------------------------
[n040.hpc:1536023] 7 more processes have sent help message help-mpi-btl-openib.txt / ib port not selected
[n040.hpc:1536023] Set MCA parameter "orte_base_help_aggregate" to 0 to see all help / error messages
[n040.hpc:1536023] 7 more processes have sent help message help-mpi-btl-openib.txt / error in device init
--------------------------------------------------------------------------
By default, for Open MPI 4.0 and later, infiniband ports on a device
are not used by default.  The intent is to use UCX for these devices.
You can override this policy by setting the btl_openib_allow_ib MCA parameter
to true.

  Local host:              n040
  Local adapter:           mlx5_2
  Local port:              1

--------------------------------------------------------------------------
--------------------------------------------------------------------------
WARNING: There was an error initializing an OpenFabrics device.

  Local host:   n040
  Local device: mlx5_2
--------------------------------------------------------------------------
[n040.hpc:1536123] 7 more processes have sent help message help-mpi-btl-openib.txt / ib port not selected
[n040.hpc:1536123] Set MCA parameter "orte_base_help_aggregate" to 0 to see all help / error messages
[n040.hpc:1536123] 7 more processes have sent help message help-mpi-btl-openib.txt / error in device init
--------------------------------------------------------------------------
By default, for Open MPI 4.0 and later, infiniband ports on a device
are not used by default.  The intent is to use UCX for these devices.
You can override this policy by setting the btl_openib_allow_ib MCA parameter
to true.

  Local host:              n040
  Local adapter:           mlx5_2
  Local port:              1

--------------------------------------------------------------------------
--------------------------------------------------------------------------
WARNING: There was an error initializing an OpenFabrics device.

  Local host:   n040
  Local device: mlx5_2
--------------------------------------------------------------------------
[n040.hpc:1536341] 7 more processes have sent help message help-mpi-btl-openib.txt / ib port not selected
[n040.hpc:1536341] Set MCA parameter "orte_base_help_aggregate" to 0 to see all help / error messages
[n040.hpc:1536341] 7 more processes have sent help message help-mpi-btl-openib.txt / error in device init
--------------------------------------------------------------------------
By default, for Open MPI 4.0 and later, infiniband ports on a device
are not used by default.  The intent is to use UCX for these devices.
You can override this policy by setting the btl_openib_allow_ib MCA parameter
to true.

  Local host:              n040
  Local adapter:           mlx5_2
  Local port:              1

--------------------------------------------------------------------------
--------------------------------------------------------------------------
WARNING: There was an error initializing an OpenFabrics device.

  Local host:   n040
  Local device: mlx5_2
--------------------------------------------------------------------------
[n040.hpc:1536846] 7 more processes have sent help message help-mpi-btl-openib.txt / ib port not selected
[n040.hpc:1536846] Set MCA parameter "orte_base_help_aggregate" to 0 to see all help / error messages
[n040.hpc:1536846] 7 more processes have sent help message help-mpi-btl-openib.txt / error in device init
--------------------------------------------------------------------------
By default, for Open MPI 4.0 and later, infiniband ports on a device
are not used by default.  The intent is to use UCX for these devices.
You can override this policy by setting the btl_openib_allow_ib MCA parameter
to true.

  Local host:              n040
  Local adapter:           mlx5_2
  Local port:              1

--------------------------------------------------------------------------
--------------------------------------------------------------------------
WARNING: There was an error initializing an OpenFabrics device.

  Local host:   n040
  Local device: mlx5_2
--------------------------------------------------------------------------
[n040.hpc:1536874] 7 more processes have sent help message help-mpi-btl-openib.txt / ib port not selected
[n040.hpc:1536874] Set MCA parameter "orte_base_help_aggregate" to 0 to see all help / error messages
[n040.hpc:1536874] 7 more processes have sent help message help-mpi-btl-openib.txt / error in device init
--------------------------------------------------------------------------
By default, for Open MPI 4.0 and later, infiniband ports on a device
are not used by default.  The intent is to use UCX for these devices.
You can override this policy by setting the btl_openib_allow_ib MCA parameter
to true.

  Local host:              n040
  Local adapter:           mlx5_2
  Local port:              1

--------------------------------------------------------------------------
--------------------------------------------------------------------------
WARNING: There was an error initializing an OpenFabrics device.

  Local host:   n040
  Local device: mlx5_2
--------------------------------------------------------------------------
[n040.hpc:1536902] 7 more processes have sent help message help-mpi-btl-openib.txt / ib port not selected
[n040.hpc:1536902] Set MCA parameter "orte_base_help_aggregate" to 0 to see all help / error messages
[n040.hpc:1536902] 7 more processes have sent help message help-mpi-btl-openib.txt / error in device init
--------------------------------------------------------------------------
By default, for Open MPI 4.0 and later, infiniband ports on a device
are not used by default.  The intent is to use UCX for these devices.
You can override this policy by setting the btl_openib_allow_ib MCA parameter
to true.

  Local host:              n040
  Local adapter:           mlx5_2
  Local port:              1

--------------------------------------------------------------------------
--------------------------------------------------------------------------
WARNING: There was an error initializing an OpenFabrics device.

  Local host:   n040
  Local device: mlx5_2
--------------------------------------------------------------------------
[n040.hpc:1536930] 7 more processes have sent help message help-mpi-btl-openib.txt / ib port not selected
[n040.hpc:1536930] Set MCA parameter "orte_base_help_aggregate" to 0 to see all help / error messages
[n040.hpc:1536930] 7 more processes have sent help message help-mpi-btl-openib.txt / error in device init
--------------------------------------------------------------------------
By default, for Open MPI 4.0 and later, infiniband ports on a device
are not used by default.  The intent is to use UCX for these devices.
You can override this policy by setting the btl_openib_allow_ib MCA parameter
to true.

  Local host:              n040
  Local adapter:           mlx5_2
  Local port:              1

--------------------------------------------------------------------------
--------------------------------------------------------------------------
WARNING: There was an error initializing an OpenFabrics device.

  Local host:   n040
  Local device: mlx5_2
--------------------------------------------------------------------------
[n040.hpc:1536958] 7 more processes have sent help message help-mpi-btl-openib.txt / ib port not selected
[n040.hpc:1536958] Set MCA parameter "orte_base_help_aggregate" to 0 to see all help / error messages
[n040.hpc:1536958] 7 more processes have sent help message help-mpi-btl-openib.txt / error in device init
--------------------------------------------------------------------------
By default, for Open MPI 4.0 and later, infiniband ports on a device
are not used by default.  The intent is to use UCX for these devices.
You can override this policy by setting the btl_openib_allow_ib MCA parameter
to true.

  Local host:              n040
  Local adapter:           mlx5_2
  Local port:              1

--------------------------------------------------------------------------
--------------------------------------------------------------------------
WARNING: There was an error initializing an OpenFabrics device.

  Local host:   n040
  Local device: mlx5_2
--------------------------------------------------------------------------
[n040.hpc:1537059] 7 more processes have sent help message help-mpi-btl-openib.txt / ib port not selected
[n040.hpc:1537059] Set MCA parameter "orte_base_help_aggregate" to 0 to see all help / error messages
[n040.hpc:1537059] 7 more processes have sent help message help-mpi-btl-openib.txt / error in device init
--------------------------------------------------------------------------
By default, for Open MPI 4.0 and later, infiniband ports on a device
are not used by default.  The intent is to use UCX for these devices.
You can override this policy by setting the btl_openib_allow_ib MCA parameter
to true.

  Local host:              n040
  Local adapter:           mlx5_2
  Local port:              1

--------------------------------------------------------------------------
--------------------------------------------------------------------------
WARNING: There was an error initializing an OpenFabrics device.

  Local host:   n040
  Local device: mlx5_2
--------------------------------------------------------------------------
[n040.hpc:1537275] 7 more processes have sent help message help-mpi-btl-openib.txt / ib port not selected
[n040.hpc:1537275] Set MCA parameter "orte_base_help_aggregate" to 0 to see all help / error messages
[n040.hpc:1537275] 7 more processes have sent help message help-mpi-btl-openib.txt / error in device init
--------------------------------------------------------------------------
By default, for Open MPI 4.0 and later, infiniband ports on a device
are not used by default.  The intent is to use UCX for these devices.
You can override this policy by setting the btl_openib_allow_ib MCA parameter
to true.

  Local host:              n040
  Local adapter:           mlx5_2
  Local port:              1

--------------------------------------------------------------------------
--------------------------------------------------------------------------
WARNING: There was an error initializing an OpenFabrics device.

  Local host:   n040
  Local device: mlx5_2
--------------------------------------------------------------------------
[n040.hpc:1537305] 7 more processes have sent help message help-mpi-btl-openib.txt / ib port not selected
[n040.hpc:1537305] Set MCA parameter "orte_base_help_aggregate" to 0 to see all help / error messages
[n040.hpc:1537305] 7 more processes have sent help message help-mpi-btl-openib.txt / error in device init
--------------------------------------------------------------------------
By default, for Open MPI 4.0 and later, infiniband ports on a device
are not used by default.  The intent is to use UCX for these devices.
You can override this policy by setting the btl_openib_allow_ib MCA parameter
to true.

  Local host:              n040
  Local adapter:           mlx5_2
  Local port:              1

--------------------------------------------------------------------------
--------------------------------------------------------------------------
WARNING: There was an error initializing an OpenFabrics device.

  Local host:   n040
  Local device: mlx5_2
--------------------------------------------------------------------------
[n040.hpc:1537828] 7 more processes have sent help message help-mpi-btl-openib.txt / ib port not selected
[n040.hpc:1537828] Set MCA parameter "orte_base_help_aggregate" to 0 to see all help / error messages
[n040.hpc:1537828] 7 more processes have sent help message help-mpi-btl-openib.txt / error in device init
