<May23-2026> <13:02:22>  AMS 2026.103  RunTime: May23-2026 13:02:22  ShM Nodes: 1  Procs: 1
<May23-2026> <13:02:22>  ADF 2026.103  RunTime: May23-2026 13:02:22  ShM Nodes: 1  Procs: 1
<May23-2026> <13:02:22>  *** (NO TITLE) ***
<May23-2026> <13:02:22>  DIRAC 2026.103  RunTime: May23-2026 13:02:22  ShM Nodes: 1  Procs: 1
<May23-2026> <13:02:22>  Carbon (TZ2P)
<May23-2026> <13:02:22>  Net Charge: 0 (Nuclei minus Electrons)
<May23-2026> <13:02:22>  Symmetry  : ATOM
<May23-2026> <13:02:22>  Coordinates
<May23-2026> <13:02:22>     Atom         X           Y           Z   (Angstrom)
<May23-2026> <13:02:22>     1.C         0.000000    0.000000    0.000000
<May23-2026> <13:02:22>  >>>> CORORT
<May23-2026> <13:02:22>  >>>> CLSMAT
<May23-2026> <13:02:22>  >>>> ORTHON
<May23-2026> <13:02:22>  >>>> GENPT
<May23-2026> <13:02:22>  Block Length=  72
<May23-2026> <13:02:22>  >>>> PTBAS
<May23-2026> <13:02:22>  >>>> CYCLE
<May23-2026> <13:02:22>              |Error|         MaxErr       Wt(A-DIIS)
<May23-2026> <13:02:22>      1      0.00000000      0.00000000
<May23-2026> <13:02:22>      2      4.48450606      3.33074448    100.0
<May23-2026> <13:02:22>      3      1.63845963      1.31677840    100.0
<May23-2026> <13:02:22>      4      0.72237885      0.58090812    100.0
<May23-2026> <13:02:22>      5      0.41341516      0.32921223    100.0
<May23-2026> <13:02:22>      6      0.12634980      0.09661242     96.6
<May23-2026> <13:02:22>      7      0.11511849      0.08978748     89.7
<May23-2026> <13:02:23>      8      0.00670007      0.00519977      4.2
<May23-2026> <13:02:23>      9      0.00022181      0.00016825      0.0
<May23-2026> <13:02:23>     10      0.00000199      0.00000135      0.0
<May23-2026> <13:02:23>     11      0.00000002      0.00000001      0.0
<May23-2026> <13:02:23>     12      0.00000000      0.00000000      0.0
<May23-2026> <13:02:23>  SCF converged
<May23-2026> <13:02:23>     13      0.00000000      0.00000000      0.0
<May23-2026> <13:02:23>  >>>> POPAN
<May23-2026> <13:02:23>  >>>> DEBYE
<May23-2026> <13:02:23>  DIRAC 2026.103  RunTime: May23-2026 13:02:23  ShM Nodes: 1  Procs: 1
<May23-2026> <13:02:23>  Fluorine (TZ2P)
<May23-2026> <13:02:23>  Net Charge: 0 (Nuclei minus Electrons)
<May23-2026> <13:02:23>  Symmetry  : ATOM
<May23-2026> <13:02:23>  Coordinates
<May23-2026> <13:02:23>     Atom         X           Y           Z   (Angstrom)
<May23-2026> <13:02:23>     1.F         0.000000    0.000000    0.000000
<May23-2026> <13:02:23>  >>>> CORORT
<May23-2026> <13:02:23>  >>>> CLSMAT
<May23-2026> <13:02:23>  >>>> ORTHON
<May23-2026> <13:02:23>  >>>> GENPT
<May23-2026> <13:02:23>  Block Length=  76
<May23-2026> <13:02:23>  >>>> PTBAS
<May23-2026> <13:02:23>  >>>> CYCLE
<May23-2026> <13:02:23>              |Error|         MaxErr       Wt(A-DIIS)
<May23-2026> <13:02:23>      1      0.00000000      0.00000000
<May23-2026> <13:02:23>      2     11.38427863      4.79495689    100.0
<May23-2026> <13:02:23>      3      5.07253782      3.11221724    100.0
<May23-2026> <13:02:23>      4      0.94671029      0.44601921    100.0
<May23-2026> <13:02:23>      5      1.62964425      0.80307868    100.0
<May23-2026> <13:02:23>      6      0.20258237      0.09898648     99.0
<May23-2026> <13:02:23>      7      0.27392716      0.12998946    100.0
<May23-2026> <13:02:23>      8      0.03339060      0.01613572     15.3
<May23-2026> <13:02:23>      9      0.00708392      0.00339510      2.4
<May23-2026> <13:02:23>     10      0.00024336      0.00011647      0.0
<May23-2026> <13:02:23>     11      0.00000036      0.00000017      0.0
<May23-2026> <13:02:23>     12      0.00000000      0.00000000      0.0
<May23-2026> <13:02:23>  SCF converged
<May23-2026> <13:02:23>     13      0.00000000      0.00000000      0.0
<May23-2026> <13:02:23>  >>>> POPAN
<May23-2026> <13:02:23>  >>>> DEBYE
<May23-2026> <13:02:23>  DIRAC 2026.103  RunTime: May23-2026 13:02:23  ShM Nodes: 1  Procs: 1
<May23-2026> <13:02:23>  Oxygen (TZ2P)
<May23-2026> <13:02:23>  Net Charge: 0 (Nuclei minus Electrons)
<May23-2026> <13:02:23>  Symmetry  : ATOM
<May23-2026> <13:02:23>  Coordinates
<May23-2026> <13:02:23>     Atom         X           Y           Z   (Angstrom)
<May23-2026> <13:02:23>     1.O         0.000000    0.000000    0.000000
<May23-2026> <13:02:23>  >>>> CORORT
<May23-2026> <13:02:24>  >>>> CLSMAT
<May23-2026> <13:02:24>  >>>> ORTHON
<May23-2026> <13:02:24>  >>>> GENPT
<May23-2026> <13:02:24>  Block Length=  68
<May23-2026> <13:02:24>  >>>> PTBAS
<May23-2026> <13:02:24>  >>>> CYCLE
<May23-2026> <13:02:24>              |Error|         MaxErr       Wt(A-DIIS)
<May23-2026> <13:02:24>      1      0.00000000      0.00000000
<May23-2026> <13:02:24>      2      8.77379167      5.52456194    100.0
<May23-2026> <13:02:24>      3      3.58874259      2.50390796    100.0
<May23-2026> <13:02:24>      4      1.14813168      0.58304454    100.0
<May23-2026> <13:02:24>      5      1.52147762      0.84216884    100.0
<May23-2026> <13:02:24>      6      0.17958647      0.10470670    100.0
<May23-2026> <13:02:24>      7      0.20120374      0.11429590    100.0
<May23-2026> <13:02:24>      8      0.01711846      0.01004426      9.1
<May23-2026> <13:02:24>      9      0.00178953      0.00100777      0.0
<May23-2026> <13:02:24>     10      0.00000129      0.00000068      0.0
<May23-2026> <13:02:24>     11      0.00000005      0.00000002      0.0
<May23-2026> <13:02:24>     12      0.00000000      0.00000000      0.0
<May23-2026> <13:02:24>  SCF converged
<May23-2026> <13:02:24>     13      0.00000000      0.00000000      0.0
<May23-2026> <13:02:24>  >>>> POPAN
<May23-2026> <13:02:24>  >>>> DEBYE
<May23-2026> <13:02:24>  DIRAC 2026.103  RunTime: May23-2026 13:02:24  ShM Nodes: 1  Procs: 1
<May23-2026> <13:02:24>  Hydrogen (TZ2P)
<May23-2026> <13:02:24>  Net Charge: 0 (Nuclei minus Electrons)
<May23-2026> <13:02:24>  Symmetry  : ATOM
<May23-2026> <13:02:24>  Coordinates
<May23-2026> <13:02:24>     Atom         X           Y           Z   (Angstrom)
<May23-2026> <13:02:24>     1.H         0.000000    0.000000    0.000000
<May23-2026> <13:02:24>  >>>> CORORT
<May23-2026> <13:02:24>  >>>> CLSMAT
<May23-2026> <13:02:24>  >>>> ORTHON
<May23-2026> <13:02:24>  >>>> GENPT
<May23-2026> <13:02:24>  Block Length=  64
<May23-2026> <13:02:24>  >>>> PTBAS
<May23-2026> <13:02:24>  >>>> CYCLE
<May23-2026> <13:02:24>              |Error|         MaxErr       Wt(A-DIIS)
<May23-2026> <13:02:24>      1      0.00000000      0.00000000
<May23-2026> <13:02:24>      2      0.03100426      0.02644614
<May23-2026> <13:02:24>      3      0.00958086      0.00932931    100.0
<May23-2026> <13:02:24>      4      0.00232128      0.00228673      1.3
<May23-2026> <13:02:24>      5      0.00003156      0.00002984      0.0
<May23-2026> <13:02:24>      6      0.00000096      0.00000091      0.0
<May23-2026> <13:02:24>      7      0.00000000      0.00000000      0.0
<May23-2026> <13:02:24>  SCF converged
<May23-2026> <13:02:24>      8      0.00000000      0.00000000      0.0
<May23-2026> <13:02:24>  >>>> POPAN
<May23-2026> <13:02:24>  >>>> DEBYE
<May23-2026> <13:02:24>  *** adf ***
<May23-2026> <13:02:24>  Net Charge: 0 (Nuclei minus Electrons)
<May23-2026> <13:02:24>  Spin polar: 1 (Spin_A minus Spin_B electrons)
<May23-2026> <13:02:24>  Symmetry  : NOSYM
<May23-2026> <13:02:24>  >>>> FRAGM
<May23-2026> <13:02:25>  Coordinates
<May23-2026> <13:02:25>     Atom         X           Y           Z   (Angstrom)
<May23-2026> <13:02:25>     1.C        -0.576858    1.084520   -0.904248
<May23-2026> <13:02:25>     2.C        -1.056866   -0.077100   -0.360112
<May23-2026> <13:02:25>     3.C        -1.903078   -0.022602    0.907035
<May23-2026> <13:02:25>     4.F        -2.964662   -0.819991    0.809644
<May23-2026> <13:02:25>     5.F        -2.347257    1.209451    1.181132
<May23-2026> <13:02:25>     6.F        -1.193038   -0.431127    1.970008
<May23-2026> <13:02:25>     7.O        -0.660255   -1.231553   -0.687053
<May23-2026> <13:02:25>     8.H        -0.944970    2.042337   -0.569615
<May23-2026> <13:02:25>     9.H        -0.154754    1.031425   -1.894445
<May23-2026> <13:02:25>  >>>> CORORT
<May23-2026> <13:02:25>  >>>> CLSMAT
<May23-2026> <13:02:25>  >>>> ORTHON
<May23-2026> <13:02:25>  >>>> GENPT
<May23-2026> <13:02:25>  Block Length= 128
<May23-2026> <13:02:25>  >>>> PTBAS
<May23-2026> <13:02:27>  >>>> CYCLE
<May23-2026> <13:02:33>              |Error|         MaxErr       Wt(A-DIIS)
<May23-2026> <13:02:33>      1      5.63868049      0.67739098
<May23-2026> <13:02:38>      2      0.97437455      0.08528235    100.0
<May23-2026> <13:02:43>      3      0.83624335      0.07143644    100.0
<May23-2026> <13:02:48>      4      1.88882574      0.21665404    100.0
<May23-2026> <13:02:53>      5      0.60616443      0.05714892     56.7
<May23-2026> <13:02:58>      6      0.92065862      0.14202541    100.0
<May23-2026> <13:03:03>      7      0.17869116      0.01475655     13.9
<May23-2026> <13:03:08>      8      0.07611058      0.00713176      6.2
<May23-2026> <13:03:13>      9      0.01241444      0.00159536      0.6
<May23-2026> <13:03:18>     10      0.00467999      0.00053672      0.0
<May23-2026> <13:03:23>     11      0.00271477      0.00029881      0.0
<May23-2026> <13:03:28>     12      0.00119637      0.00011175      0.0
<May23-2026> <13:03:33>     13      0.00042119      0.00004335      0.0
<May23-2026> <13:03:38>     14      0.00019243      0.00002480      0.0
<May23-2026> <13:03:43>     15      0.00009965      0.00001250      0.0
<May23-2026> <13:03:48>     16      0.00005012      0.00000439      0.0
<May23-2026> <13:03:54>     17      0.00002583      0.00000293      0.0
<May23-2026> <13:03:59>     18      0.00001723      0.00000200      0.0
<May23-2026> <13:04:04>     19      0.00000964      0.00000080      0.0
<May23-2026> <13:04:05>  SCF converged
<May23-2026> <13:04:09>     20      0.00000196      0.00000019      0.0
<May23-2026> <13:04:13>  >>>> TOTEN
<May23-2026> <13:04:25>  >>>> POPAN
<May23-2026> <13:04:25>  >>>> DEBYE
<May23-2026> <13:04:25>  >>>> AMETS
<May23-2026> <13:04:25>   Bond Energy          -1.80904933 a.u.
<May23-2026> <13:04:25>   Bond Energy         -49.22673687 eV
<May23-2026> <13:04:25>   Bond Energy       -1135.20       kcal/mol
<May23-2026> <13:04:25>  >>>> POPUL
<May23-2026> <13:04:25>  NORMAL TERMINATION
