--------------------------------------------------------------------------
By default, for Open MPI 4.0 and later, infiniband ports on a device
are not used by default.  The intent is to use UCX for these devices.
You can override this policy by setting the btl_openib_allow_ib MCA parameter
to true.

  Local host:              n048
  Local adapter:           mlx5_2
  Local port:              1

--------------------------------------------------------------------------
--------------------------------------------------------------------------
WARNING: There was an error initializing an OpenFabrics device.

  Local host:   n048
  Local device: mlx5_2
--------------------------------------------------------------------------
[n048.hpc:2152835] 7 more processes have sent help message help-mpi-btl-openib.txt / ib port not selected
[n048.hpc:2152835] Set MCA parameter "orte_base_help_aggregate" to 0 to see all help / error messages
[n048.hpc:2152835] 7 more processes have sent help message help-mpi-btl-openib.txt / error in device init
--------------------------------------------------------------------------
By default, for Open MPI 4.0 and later, infiniband ports on a device
are not used by default.  The intent is to use UCX for these devices.
You can override this policy by setting the btl_openib_allow_ib MCA parameter
to true.

  Local host:              n048
  Local adapter:           mlx5_2
  Local port:              1

--------------------------------------------------------------------------
--------------------------------------------------------------------------
WARNING: There was an error initializing an OpenFabrics device.

  Local host:   n048
  Local device: mlx5_2
--------------------------------------------------------------------------
[n048.hpc:2152981] 7 more processes have sent help message help-mpi-btl-openib.txt / ib port not selected
[n048.hpc:2152981] Set MCA parameter "orte_base_help_aggregate" to 0 to see all help / error messages
[n048.hpc:2152981] 7 more processes have sent help message help-mpi-btl-openib.txt / error in device init
--------------------------------------------------------------------------
By default, for Open MPI 4.0 and later, infiniband ports on a device
are not used by default.  The intent is to use UCX for these devices.
You can override this policy by setting the btl_openib_allow_ib MCA parameter
to true.

  Local host:              n048
  Local adapter:           mlx5_2
  Local port:              1

--------------------------------------------------------------------------
--------------------------------------------------------------------------
WARNING: There was an error initializing an OpenFabrics device.

  Local host:   n048
  Local device: mlx5_2
--------------------------------------------------------------------------
[n048.hpc:2153126] 7 more processes have sent help message help-mpi-btl-openib.txt / ib port not selected
[n048.hpc:2153126] Set MCA parameter "orte_base_help_aggregate" to 0 to see all help / error messages
[n048.hpc:2153126] 7 more processes have sent help message help-mpi-btl-openib.txt / error in device init
--------------------------------------------------------------------------
By default, for Open MPI 4.0 and later, infiniband ports on a device
are not used by default.  The intent is to use UCX for these devices.
You can override this policy by setting the btl_openib_allow_ib MCA parameter
to true.

  Local host:              n048
  Local adapter:           mlx5_2
  Local port:              1

--------------------------------------------------------------------------
--------------------------------------------------------------------------
WARNING: There was an error initializing an OpenFabrics device.

  Local host:   n048
  Local device: mlx5_2
--------------------------------------------------------------------------
[n048.hpc:2153376] [[28308,0],0] ORTE_ERROR_LOG: Data unpack would read past end of buffer in file util/show_help.c at line 501
[n048.hpc:2153376] 6 more processes have sent help message help-mpi-btl-openib.txt / ib port not selected
[n048.hpc:2153376] Set MCA parameter "orte_base_help_aggregate" to 0 to see all help / error messages
[n048.hpc:2153376] 7 more processes have sent help message help-mpi-btl-openib.txt / error in device init
--------------------------------------------------------------------------
By default, for Open MPI 4.0 and later, infiniband ports on a device
are not used by default.  The intent is to use UCX for these devices.
You can override this policy by setting the btl_openib_allow_ib MCA parameter
to true.

  Local host:              n048
  Local adapter:           mlx5_2
  Local port:              1

--------------------------------------------------------------------------
--------------------------------------------------------------------------
WARNING: There was an error initializing an OpenFabrics device.

  Local host:   n048
  Local device: mlx5_2
--------------------------------------------------------------------------
[n048.hpc:2153404] 7 more processes have sent help message help-mpi-btl-openib.txt / ib port not selected
[n048.hpc:2153404] Set MCA parameter "orte_base_help_aggregate" to 0 to see all help / error messages
[n048.hpc:2153404] 7 more processes have sent help message help-mpi-btl-openib.txt / error in device init
--------------------------------------------------------------------------
By default, for Open MPI 4.0 and later, infiniband ports on a device
are not used by default.  The intent is to use UCX for these devices.
You can override this policy by setting the btl_openib_allow_ib MCA parameter
to true.

  Local host:              n048
  Local adapter:           mlx5_2
  Local port:              1

--------------------------------------------------------------------------
--------------------------------------------------------------------------
WARNING: There was an error initializing an OpenFabrics device.

  Local host:   n048
  Local device: mlx5_2
--------------------------------------------------------------------------
[n048.hpc:2153602] 7 more processes have sent help message help-mpi-btl-openib.txt / ib port not selected
[n048.hpc:2153602] Set MCA parameter "orte_base_help_aggregate" to 0 to see all help / error messages
[n048.hpc:2153602] 7 more processes have sent help message help-mpi-btl-openib.txt / error in device init
--------------------------------------------------------------------------
By default, for Open MPI 4.0 and later, infiniband ports on a device
are not used by default.  The intent is to use UCX for these devices.
You can override this policy by setting the btl_openib_allow_ib MCA parameter
to true.

  Local host:              n048
  Local adapter:           mlx5_2
  Local port:              1

--------------------------------------------------------------------------
--------------------------------------------------------------------------
WARNING: There was an error initializing an OpenFabrics device.

  Local host:   n048
  Local device: mlx5_2
--------------------------------------------------------------------------
[n048.hpc:2153630] 7 more processes have sent help message help-mpi-btl-openib.txt / ib port not selected
[n048.hpc:2153630] Set MCA parameter "orte_base_help_aggregate" to 0 to see all help / error messages
[n048.hpc:2153630] 7 more processes have sent help message help-mpi-btl-openib.txt / error in device init
--------------------------------------------------------------------------
By default, for Open MPI 4.0 and later, infiniband ports on a device
are not used by default.  The intent is to use UCX for these devices.
You can override this policy by setting the btl_openib_allow_ib MCA parameter
to true.

  Local host:              n048
  Local adapter:           mlx5_2
  Local port:              1

--------------------------------------------------------------------------
--------------------------------------------------------------------------
WARNING: There was an error initializing an OpenFabrics device.

  Local host:   n048
  Local device: mlx5_2
--------------------------------------------------------------------------
[n048.hpc:2153666] 7 more processes have sent help message help-mpi-btl-openib.txt / ib port not selected
[n048.hpc:2153666] Set MCA parameter "orte_base_help_aggregate" to 0 to see all help / error messages
[n048.hpc:2153666] 7 more processes have sent help message help-mpi-btl-openib.txt / error in device init
--------------------------------------------------------------------------
By default, for Open MPI 4.0 and later, infiniband ports on a device
are not used by default.  The intent is to use UCX for these devices.
You can override this policy by setting the btl_openib_allow_ib MCA parameter
to true.

  Local host:              n048
  Local adapter:           mlx5_2
  Local port:              1

--------------------------------------------------------------------------
--------------------------------------------------------------------------
WARNING: There was an error initializing an OpenFabrics device.

  Local host:   n048
  Local device: mlx5_2
--------------------------------------------------------------------------
[n048.hpc:2153694] 7 more processes have sent help message help-mpi-btl-openib.txt / ib port not selected
[n048.hpc:2153694] Set MCA parameter "orte_base_help_aggregate" to 0 to see all help / error messages
[n048.hpc:2153694] 7 more processes have sent help message help-mpi-btl-openib.txt / error in device init
--------------------------------------------------------------------------
By default, for Open MPI 4.0 and later, infiniband ports on a device
are not used by default.  The intent is to use UCX for these devices.
You can override this policy by setting the btl_openib_allow_ib MCA parameter
to true.

  Local host:              n048
  Local adapter:           mlx5_2
  Local port:              1

--------------------------------------------------------------------------
--------------------------------------------------------------------------
WARNING: There was an error initializing an OpenFabrics device.

  Local host:   n048
  Local device: mlx5_2
--------------------------------------------------------------------------
--------------------------------------------------------------------------
No OpenFabrics connection schemes reported that they were able to be
used on a specific port.  As such, the openib BTL (OpenFabrics
support) will be disabled for this port.

  Local host:           n048
  Local device:         mlx5_0
  Local port:           1
  CPCs attempted:       rdmacm, udcm
--------------------------------------------------------------------------
[n048.hpc:2154047] 7 more processes have sent help message help-mpi-btl-openib.txt / ib port not selected
[n048.hpc:2154047] Set MCA parameter "orte_base_help_aggregate" to 0 to see all help / error messages
[n048.hpc:2154047] 6 more processes have sent help message help-mpi-btl-openib.txt / error in device init
--------------------------------------------------------------------------
By default, for Open MPI 4.0 and later, infiniband ports on a device
are not used by default.  The intent is to use UCX for these devices.
You can override this policy by setting the btl_openib_allow_ib MCA parameter
to true.

  Local host:              n048
  Local adapter:           mlx5_2
  Local port:              1

--------------------------------------------------------------------------
--------------------------------------------------------------------------
WARNING: There was an error initializing an OpenFabrics device.

  Local host:   n048
  Local device: mlx5_2
--------------------------------------------------------------------------
[n048.hpc:2154075] 7 more processes have sent help message help-mpi-btl-openib.txt / ib port not selected
[n048.hpc:2154075] Set MCA parameter "orte_base_help_aggregate" to 0 to see all help / error messages
[n048.hpc:2154075] 7 more processes have sent help message help-mpi-btl-openib.txt / error in device init
--------------------------------------------------------------------------
By default, for Open MPI 4.0 and later, infiniband ports on a device
are not used by default.  The intent is to use UCX for these devices.
You can override this policy by setting the btl_openib_allow_ib MCA parameter
to true.

  Local host:              n048
  Local adapter:           mlx5_2
  Local port:              1

--------------------------------------------------------------------------
--------------------------------------------------------------------------
WARNING: There was an error initializing an OpenFabrics device.

  Local host:   n048
  Local device: mlx5_2
--------------------------------------------------------------------------
[n048.hpc:2154187] 7 more processes have sent help message help-mpi-btl-openib.txt / ib port not selected
[n048.hpc:2154187] Set MCA parameter "orte_base_help_aggregate" to 0 to see all help / error messages
[n048.hpc:2154187] 7 more processes have sent help message help-mpi-btl-openib.txt / error in device init
--------------------------------------------------------------------------
By default, for Open MPI 4.0 and later, infiniband ports on a device
are not used by default.  The intent is to use UCX for these devices.
You can override this policy by setting the btl_openib_allow_ib MCA parameter
to true.

  Local host:              n048
  Local adapter:           mlx5_2
  Local port:              1

--------------------------------------------------------------------------
--------------------------------------------------------------------------
WARNING: There was an error initializing an OpenFabrics device.

  Local host:   n048
  Local device: mlx5_2
--------------------------------------------------------------------------
[n048.hpc:2154231] 7 more processes have sent help message help-mpi-btl-openib.txt / ib port not selected
[n048.hpc:2154231] Set MCA parameter "orte_base_help_aggregate" to 0 to see all help / error messages
[n048.hpc:2154231] 7 more processes have sent help message help-mpi-btl-openib.txt / error in device init
--------------------------------------------------------------------------
By default, for Open MPI 4.0 and later, infiniband ports on a device
are not used by default.  The intent is to use UCX for these devices.
You can override this policy by setting the btl_openib_allow_ib MCA parameter
to true.

  Local host:              n048
  Local adapter:           mlx5_2
  Local port:              1

--------------------------------------------------------------------------
--------------------------------------------------------------------------
WARNING: There was an error initializing an OpenFabrics device.

  Local host:   n048
  Local device: mlx5_2
--------------------------------------------------------------------------
[n048.hpc:2154317] 7 more processes have sent help message help-mpi-btl-openib.txt / ib port not selected
[n048.hpc:2154317] Set MCA parameter "orte_base_help_aggregate" to 0 to see all help / error messages
[n048.hpc:2154317] 7 more processes have sent help message help-mpi-btl-openib.txt / error in device init
--------------------------------------------------------------------------
By default, for Open MPI 4.0 and later, infiniband ports on a device
are not used by default.  The intent is to use UCX for these devices.
You can override this policy by setting the btl_openib_allow_ib MCA parameter
to true.

  Local host:              n048
  Local adapter:           mlx5_2
  Local port:              1

--------------------------------------------------------------------------
--------------------------------------------------------------------------
WARNING: There was an error initializing an OpenFabrics device.

  Local host:   n048
  Local device: mlx5_2
--------------------------------------------------------------------------
[n048.hpc:2154373] 7 more processes have sent help message help-mpi-btl-openib.txt / ib port not selected
[n048.hpc:2154373] Set MCA parameter "orte_base_help_aggregate" to 0 to see all help / error messages
[n048.hpc:2154373] 7 more processes have sent help message help-mpi-btl-openib.txt / error in device init
--------------------------------------------------------------------------
By default, for Open MPI 4.0 and later, infiniband ports on a device
are not used by default.  The intent is to use UCX for these devices.
You can override this policy by setting the btl_openib_allow_ib MCA parameter
to true.

  Local host:              n048
  Local adapter:           mlx5_2
  Local port:              1

--------------------------------------------------------------------------
--------------------------------------------------------------------------
WARNING: There was an error initializing an OpenFabrics device.

  Local host:   n048
  Local device: mlx5_2
--------------------------------------------------------------------------
[n048.hpc:2154723] 7 more processes have sent help message help-mpi-btl-openib.txt / ib port not selected
[n048.hpc:2154723] Set MCA parameter "orte_base_help_aggregate" to 0 to see all help / error messages
[n048.hpc:2154723] 7 more processes have sent help message help-mpi-btl-openib.txt / error in device init
--------------------------------------------------------------------------
By default, for Open MPI 4.0 and later, infiniband ports on a device
are not used by default.  The intent is to use UCX for these devices.
You can override this policy by setting the btl_openib_allow_ib MCA parameter
to true.

  Local host:              n048
  Local adapter:           mlx5_2
  Local port:              1

--------------------------------------------------------------------------
--------------------------------------------------------------------------
WARNING: There was an error initializing an OpenFabrics device.

  Local host:   n048
  Local device: mlx5_2
--------------------------------------------------------------------------
[n048.hpc:2154779] 7 more processes have sent help message help-mpi-btl-openib.txt / ib port not selected
[n048.hpc:2154779] Set MCA parameter "orte_base_help_aggregate" to 0 to see all help / error messages
[n048.hpc:2154779] 7 more processes have sent help message help-mpi-btl-openib.txt / error in device init
--------------------------------------------------------------------------
By default, for Open MPI 4.0 and later, infiniband ports on a device
are not used by default.  The intent is to use UCX for these devices.
You can override this policy by setting the btl_openib_allow_ib MCA parameter
to true.

  Local host:              n048
  Local adapter:           mlx5_2
  Local port:              1

--------------------------------------------------------------------------
--------------------------------------------------------------------------
WARNING: There was an error initializing an OpenFabrics device.

  Local host:   n048
  Local device: mlx5_2
--------------------------------------------------------------------------
[n048.hpc:2154950] 7 more processes have sent help message help-mpi-btl-openib.txt / ib port not selected
[n048.hpc:2154950] Set MCA parameter "orte_base_help_aggregate" to 0 to see all help / error messages
[n048.hpc:2154950] 7 more processes have sent help message help-mpi-btl-openib.txt / error in device init
--------------------------------------------------------------------------
By default, for Open MPI 4.0 and later, infiniband ports on a device
are not used by default.  The intent is to use UCX for these devices.
You can override this policy by setting the btl_openib_allow_ib MCA parameter
to true.

  Local host:              n048
  Local adapter:           mlx5_2
  Local port:              1

--------------------------------------------------------------------------
--------------------------------------------------------------------------
WARNING: There was an error initializing an OpenFabrics device.

  Local host:   n048
  Local device: mlx5_2
--------------------------------------------------------------------------
[n048.hpc:2154978] 7 more processes have sent help message help-mpi-btl-openib.txt / ib port not selected
[n048.hpc:2154978] Set MCA parameter "orte_base_help_aggregate" to 0 to see all help / error messages
[n048.hpc:2154978] 7 more processes have sent help message help-mpi-btl-openib.txt / error in device init
--------------------------------------------------------------------------
By default, for Open MPI 4.0 and later, infiniband ports on a device
are not used by default.  The intent is to use UCX for these devices.
You can override this policy by setting the btl_openib_allow_ib MCA parameter
to true.

  Local host:              n048
  Local adapter:           mlx5_2
  Local port:              1

--------------------------------------------------------------------------
--------------------------------------------------------------------------
WARNING: There was an error initializing an OpenFabrics device.

  Local host:   n048
  Local device: mlx5_2
--------------------------------------------------------------------------
[n048.hpc:2155062] 7 more processes have sent help message help-mpi-btl-openib.txt / ib port not selected
[n048.hpc:2155062] Set MCA parameter "orte_base_help_aggregate" to 0 to see all help / error messages
[n048.hpc:2155062] 7 more processes have sent help message help-mpi-btl-openib.txt / error in device init
--------------------------------------------------------------------------
By default, for Open MPI 4.0 and later, infiniband ports on a device
are not used by default.  The intent is to use UCX for these devices.
You can override this policy by setting the btl_openib_allow_ib MCA parameter
to true.

  Local host:              n048
  Local adapter:           mlx5_2
  Local port:              1

--------------------------------------------------------------------------
--------------------------------------------------------------------------
WARNING: There was an error initializing an OpenFabrics device.

  Local host:   n048
  Local device: mlx5_2
--------------------------------------------------------------------------
[n048.hpc:2155092] 7 more processes have sent help message help-mpi-btl-openib.txt / ib port not selected
[n048.hpc:2155092] Set MCA parameter "orte_base_help_aggregate" to 0 to see all help / error messages
[n048.hpc:2155092] 7 more processes have sent help message help-mpi-btl-openib.txt / error in device init
--------------------------------------------------------------------------
By default, for Open MPI 4.0 and later, infiniband ports on a device
are not used by default.  The intent is to use UCX for these devices.
You can override this policy by setting the btl_openib_allow_ib MCA parameter
to true.

  Local host:              n048
  Local adapter:           mlx5_2
  Local port:              1

--------------------------------------------------------------------------
--------------------------------------------------------------------------
WARNING: There was an error initializing an OpenFabrics device.

  Local host:   n048
  Local device: mlx5_2
--------------------------------------------------------------------------
[n048.hpc:2155447] 7 more processes have sent help message help-mpi-btl-openib.txt / ib port not selected
[n048.hpc:2155447] Set MCA parameter "orte_base_help_aggregate" to 0 to see all help / error messages
[n048.hpc:2155447] 7 more processes have sent help message help-mpi-btl-openib.txt / error in device init
--------------------------------------------------------------------------
By default, for Open MPI 4.0 and later, infiniband ports on a device
are not used by default.  The intent is to use UCX for these devices.
You can override this policy by setting the btl_openib_allow_ib MCA parameter
to true.

  Local host:              n048
  Local adapter:           mlx5_2
  Local port:              1

--------------------------------------------------------------------------
--------------------------------------------------------------------------
WARNING: There was an error initializing an OpenFabrics device.

  Local host:   n048
  Local device: mlx5_2
--------------------------------------------------------------------------
[n048.hpc:2155503] 7 more processes have sent help message help-mpi-btl-openib.txt / ib port not selected
[n048.hpc:2155503] Set MCA parameter "orte_base_help_aggregate" to 0 to see all help / error messages
[n048.hpc:2155503] 7 more processes have sent help message help-mpi-btl-openib.txt / error in device init
--------------------------------------------------------------------------
By default, for Open MPI 4.0 and later, infiniband ports on a device
are not used by default.  The intent is to use UCX for these devices.
You can override this policy by setting the btl_openib_allow_ib MCA parameter
to true.

  Local host:              n048
  Local adapter:           mlx5_2
  Local port:              1

--------------------------------------------------------------------------
--------------------------------------------------------------------------
WARNING: There was an error initializing an OpenFabrics device.

  Local host:   n048
  Local device: mlx5_2
--------------------------------------------------------------------------
[n048.hpc:2155533] 7 more processes have sent help message help-mpi-btl-openib.txt / ib port not selected
[n048.hpc:2155533] Set MCA parameter "orte_base_help_aggregate" to 0 to see all help / error messages
[n048.hpc:2155533] 7 more processes have sent help message help-mpi-btl-openib.txt / error in device init
--------------------------------------------------------------------------
By default, for Open MPI 4.0 and later, infiniband ports on a device
are not used by default.  The intent is to use UCX for these devices.
You can override this policy by setting the btl_openib_allow_ib MCA parameter
to true.

  Local host:              n048
  Local adapter:           mlx5_2
  Local port:              1

--------------------------------------------------------------------------
--------------------------------------------------------------------------
WARNING: There was an error initializing an OpenFabrics device.

  Local host:   n048
  Local device: mlx5_2
--------------------------------------------------------------------------
[n048.hpc:2155561] 7 more processes have sent help message help-mpi-btl-openib.txt / ib port not selected
[n048.hpc:2155561] Set MCA parameter "orte_base_help_aggregate" to 0 to see all help / error messages
[n048.hpc:2155561] 7 more processes have sent help message help-mpi-btl-openib.txt / error in device init
--------------------------------------------------------------------------
By default, for Open MPI 4.0 and later, infiniband ports on a device
are not used by default.  The intent is to use UCX for these devices.
You can override this policy by setting the btl_openib_allow_ib MCA parameter
to true.

  Local host:              n048
  Local adapter:           mlx5_2
  Local port:              1

--------------------------------------------------------------------------
--------------------------------------------------------------------------
WARNING: There was an error initializing an OpenFabrics device.

  Local host:   n048
  Local device: mlx5_2
--------------------------------------------------------------------------
[n048.hpc:2155589] 7 more processes have sent help message help-mpi-btl-openib.txt / ib port not selected
[n048.hpc:2155589] Set MCA parameter "orte_base_help_aggregate" to 0 to see all help / error messages
[n048.hpc:2155589] 7 more processes have sent help message help-mpi-btl-openib.txt / error in device init
--------------------------------------------------------------------------
By default, for Open MPI 4.0 and later, infiniband ports on a device
are not used by default.  The intent is to use UCX for these devices.
You can override this policy by setting the btl_openib_allow_ib MCA parameter
to true.

  Local host:              n048
  Local adapter:           mlx5_2
  Local port:              1

--------------------------------------------------------------------------
--------------------------------------------------------------------------
WARNING: There was an error initializing an OpenFabrics device.

  Local host:   n048
  Local device: mlx5_2
--------------------------------------------------------------------------
[n048.hpc:2155617] 7 more processes have sent help message help-mpi-btl-openib.txt / ib port not selected
[n048.hpc:2155617] Set MCA parameter "orte_base_help_aggregate" to 0 to see all help / error messages
[n048.hpc:2155617] 7 more processes have sent help message help-mpi-btl-openib.txt / error in device init
--------------------------------------------------------------------------
By default, for Open MPI 4.0 and later, infiniband ports on a device
are not used by default.  The intent is to use UCX for these devices.
You can override this policy by setting the btl_openib_allow_ib MCA parameter
to true.

  Local host:              n048
  Local adapter:           mlx5_2
  Local port:              1

--------------------------------------------------------------------------
--------------------------------------------------------------------------
WARNING: There was an error initializing an OpenFabrics device.

  Local host:   n048
  Local device: mlx5_2
--------------------------------------------------------------------------
[n048.hpc:2156082] 7 more processes have sent help message help-mpi-btl-openib.txt / ib port not selected
[n048.hpc:2156082] Set MCA parameter "orte_base_help_aggregate" to 0 to see all help / error messages
[n048.hpc:2156082] 7 more processes have sent help message help-mpi-btl-openib.txt / error in device init
--------------------------------------------------------------------------
By default, for Open MPI 4.0 and later, infiniband ports on a device
are not used by default.  The intent is to use UCX for these devices.
You can override this policy by setting the btl_openib_allow_ib MCA parameter
to true.

  Local host:              n048
  Local adapter:           mlx5_2
  Local port:              1

--------------------------------------------------------------------------
--------------------------------------------------------------------------
WARNING: There was an error initializing an OpenFabrics device.

  Local host:   n048
  Local device: mlx5_2
--------------------------------------------------------------------------
[n048.hpc:2156110] 7 more processes have sent help message help-mpi-btl-openib.txt / ib port not selected
[n048.hpc:2156110] Set MCA parameter "orte_base_help_aggregate" to 0 to see all help / error messages
[n048.hpc:2156110] 7 more processes have sent help message help-mpi-btl-openib.txt / error in device init
--------------------------------------------------------------------------
By default, for Open MPI 4.0 and later, infiniband ports on a device
are not used by default.  The intent is to use UCX for these devices.
You can override this policy by setting the btl_openib_allow_ib MCA parameter
to true.

  Local host:              n048
  Local adapter:           mlx5_2
  Local port:              1

--------------------------------------------------------------------------
--------------------------------------------------------------------------
WARNING: There was an error initializing an OpenFabrics device.

  Local host:   n048
  Local device: mlx5_2
--------------------------------------------------------------------------
[n048.hpc:2156265] 7 more processes have sent help message help-mpi-btl-openib.txt / ib port not selected
[n048.hpc:2156265] Set MCA parameter "orte_base_help_aggregate" to 0 to see all help / error messages
[n048.hpc:2156265] 7 more processes have sent help message help-mpi-btl-openib.txt / error in device init
--------------------------------------------------------------------------
By default, for Open MPI 4.0 and later, infiniband ports on a device
are not used by default.  The intent is to use UCX for these devices.
You can override this policy by setting the btl_openib_allow_ib MCA parameter
to true.

  Local host:              n048
  Local adapter:           mlx5_2
  Local port:              1

--------------------------------------------------------------------------
--------------------------------------------------------------------------
WARNING: There was an error initializing an OpenFabrics device.

  Local host:   n048
  Local device: mlx5_2
--------------------------------------------------------------------------
[n048.hpc:2156293] 7 more processes have sent help message help-mpi-btl-openib.txt / ib port not selected
[n048.hpc:2156293] Set MCA parameter "orte_base_help_aggregate" to 0 to see all help / error messages
[n048.hpc:2156293] 7 more processes have sent help message help-mpi-btl-openib.txt / error in device init
--------------------------------------------------------------------------
By default, for Open MPI 4.0 and later, infiniband ports on a device
are not used by default.  The intent is to use UCX for these devices.
You can override this policy by setting the btl_openib_allow_ib MCA parameter
to true.

  Local host:              n048
  Local adapter:           mlx5_2
  Local port:              1

--------------------------------------------------------------------------
--------------------------------------------------------------------------
WARNING: There was an error initializing an OpenFabrics device.

  Local host:   n048
  Local device: mlx5_2
--------------------------------------------------------------------------
[n048.hpc:2156378] 7 more processes have sent help message help-mpi-btl-openib.txt / ib port not selected
[n048.hpc:2156378] Set MCA parameter "orte_base_help_aggregate" to 0 to see all help / error messages
[n048.hpc:2156378] 7 more processes have sent help message help-mpi-btl-openib.txt / error in device init
--------------------------------------------------------------------------
By default, for Open MPI 4.0 and later, infiniband ports on a device
are not used by default.  The intent is to use UCX for these devices.
You can override this policy by setting the btl_openib_allow_ib MCA parameter
to true.

  Local host:              n048
  Local adapter:           mlx5_2
  Local port:              1

--------------------------------------------------------------------------
--------------------------------------------------------------------------
WARNING: There was an error initializing an OpenFabrics device.

  Local host:   n048
  Local device: mlx5_2
--------------------------------------------------------------------------
[n048.hpc:2156408] 7 more processes have sent help message help-mpi-btl-openib.txt / ib port not selected
[n048.hpc:2156408] Set MCA parameter "orte_base_help_aggregate" to 0 to see all help / error messages
[n048.hpc:2156408] 7 more processes have sent help message help-mpi-btl-openib.txt / error in device init
--------------------------------------------------------------------------
By default, for Open MPI 4.0 and later, infiniband ports on a device
are not used by default.  The intent is to use UCX for these devices.
You can override this policy by setting the btl_openib_allow_ib MCA parameter
to true.

  Local host:              n048
  Local adapter:           mlx5_2
  Local port:              1

--------------------------------------------------------------------------
--------------------------------------------------------------------------
WARNING: There was an error initializing an OpenFabrics device.

  Local host:   n048
  Local device: mlx5_2
--------------------------------------------------------------------------
[n048.hpc:2156664] 7 more processes have sent help message help-mpi-btl-openib.txt / ib port not selected
[n048.hpc:2156664] Set MCA parameter "orte_base_help_aggregate" to 0 to see all help / error messages
[n048.hpc:2156664] 7 more processes have sent help message help-mpi-btl-openib.txt / error in device init
--------------------------------------------------------------------------
By default, for Open MPI 4.0 and later, infiniband ports on a device
are not used by default.  The intent is to use UCX for these devices.
You can override this policy by setting the btl_openib_allow_ib MCA parameter
to true.

  Local host:              n048
  Local adapter:           mlx5_2
  Local port:              1

--------------------------------------------------------------------------
--------------------------------------------------------------------------
WARNING: There was an error initializing an OpenFabrics device.

  Local host:   n048
  Local device: mlx5_2
--------------------------------------------------------------------------
[n048.hpc:2156692] 7 more processes have sent help message help-mpi-btl-openib.txt / ib port not selected
[n048.hpc:2156692] Set MCA parameter "orte_base_help_aggregate" to 0 to see all help / error messages
[n048.hpc:2156692] 7 more processes have sent help message help-mpi-btl-openib.txt / error in device init
--------------------------------------------------------------------------
By default, for Open MPI 4.0 and later, infiniband ports on a device
are not used by default.  The intent is to use UCX for these devices.
You can override this policy by setting the btl_openib_allow_ib MCA parameter
to true.

  Local host:              n048
  Local adapter:           mlx5_2
  Local port:              1

--------------------------------------------------------------------------
--------------------------------------------------------------------------
WARNING: There was an error initializing an OpenFabrics device.

  Local host:   n048
  Local device: mlx5_2
--------------------------------------------------------------------------
[n048.hpc:2156955] 7 more processes have sent help message help-mpi-btl-openib.txt / ib port not selected
[n048.hpc:2156955] Set MCA parameter "orte_base_help_aggregate" to 0 to see all help / error messages
[n048.hpc:2156955] 7 more processes have sent help message help-mpi-btl-openib.txt / error in device init
--------------------------------------------------------------------------
By default, for Open MPI 4.0 and later, infiniband ports on a device
are not used by default.  The intent is to use UCX for these devices.
You can override this policy by setting the btl_openib_allow_ib MCA parameter
to true.

  Local host:              n048
  Local adapter:           mlx5_2
  Local port:              1

--------------------------------------------------------------------------
--------------------------------------------------------------------------
WARNING: There was an error initializing an OpenFabrics device.

  Local host:   n048
  Local device: mlx5_2
--------------------------------------------------------------------------
[n048.hpc:2156999] 7 more processes have sent help message help-mpi-btl-openib.txt / ib port not selected
[n048.hpc:2156999] Set MCA parameter "orte_base_help_aggregate" to 0 to see all help / error messages
[n048.hpc:2156999] 7 more processes have sent help message help-mpi-btl-openib.txt / error in device init
--------------------------------------------------------------------------
By default, for Open MPI 4.0 and later, infiniband ports on a device
are not used by default.  The intent is to use UCX for these devices.
You can override this policy by setting the btl_openib_allow_ib MCA parameter
to true.

  Local host:              n048
  Local adapter:           mlx5_2
  Local port:              1

--------------------------------------------------------------------------
--------------------------------------------------------------------------
WARNING: There was an error initializing an OpenFabrics device.

  Local host:   n048
  Local device: mlx5_2
--------------------------------------------------------------------------
[n048.hpc:2157041] 7 more processes have sent help message help-mpi-btl-openib.txt / ib port not selected
[n048.hpc:2157041] Set MCA parameter "orte_base_help_aggregate" to 0 to see all help / error messages
[n048.hpc:2157041] 7 more processes have sent help message help-mpi-btl-openib.txt / error in device init
--------------------------------------------------------------------------
By default, for Open MPI 4.0 and later, infiniband ports on a device
are not used by default.  The intent is to use UCX for these devices.
You can override this policy by setting the btl_openib_allow_ib MCA parameter
to true.

  Local host:              n048
  Local adapter:           mlx5_2
  Local port:              1

--------------------------------------------------------------------------
--------------------------------------------------------------------------
WARNING: There was an error initializing an OpenFabrics device.

  Local host:   n048
  Local device: mlx5_2
--------------------------------------------------------------------------
[n048.hpc:2157069] 7 more processes have sent help message help-mpi-btl-openib.txt / ib port not selected
[n048.hpc:2157069] Set MCA parameter "orte_base_help_aggregate" to 0 to see all help / error messages
[n048.hpc:2157069] 7 more processes have sent help message help-mpi-btl-openib.txt / error in device init
--------------------------------------------------------------------------
By default, for Open MPI 4.0 and later, infiniband ports on a device
are not used by default.  The intent is to use UCX for these devices.
You can override this policy by setting the btl_openib_allow_ib MCA parameter
to true.

  Local host:              n048
  Local adapter:           mlx5_2
  Local port:              1

--------------------------------------------------------------------------
--------------------------------------------------------------------------
WARNING: There was an error initializing an OpenFabrics device.

  Local host:   n048
  Local device: mlx5_2
--------------------------------------------------------------------------
[n048.hpc:2157352] 7 more processes have sent help message help-mpi-btl-openib.txt / ib port not selected
[n048.hpc:2157352] Set MCA parameter "orte_base_help_aggregate" to 0 to see all help / error messages
[n048.hpc:2157352] 7 more processes have sent help message help-mpi-btl-openib.txt / error in device init
--------------------------------------------------------------------------
By default, for Open MPI 4.0 and later, infiniband ports on a device
are not used by default.  The intent is to use UCX for these devices.
You can override this policy by setting the btl_openib_allow_ib MCA parameter
to true.

  Local host:              n048
  Local adapter:           mlx5_2
  Local port:              1

--------------------------------------------------------------------------
--------------------------------------------------------------------------
WARNING: There was an error initializing an OpenFabrics device.

  Local host:   n048
  Local device: mlx5_2
--------------------------------------------------------------------------
[n048.hpc:2157380] 7 more processes have sent help message help-mpi-btl-openib.txt / ib port not selected
[n048.hpc:2157380] Set MCA parameter "orte_base_help_aggregate" to 0 to see all help / error messages
[n048.hpc:2157380] 7 more processes have sent help message help-mpi-btl-openib.txt / error in device init
--------------------------------------------------------------------------
By default, for Open MPI 4.0 and later, infiniband ports on a device
are not used by default.  The intent is to use UCX for these devices.
You can override this policy by setting the btl_openib_allow_ib MCA parameter
to true.

  Local host:              n048
  Local adapter:           mlx5_2
  Local port:              1

--------------------------------------------------------------------------
--------------------------------------------------------------------------
WARNING: There was an error initializing an OpenFabrics device.

  Local host:   n048
  Local device: mlx5_2
--------------------------------------------------------------------------
[n048.hpc:2157524] 7 more processes have sent help message help-mpi-btl-openib.txt / ib port not selected
[n048.hpc:2157524] Set MCA parameter "orte_base_help_aggregate" to 0 to see all help / error messages
[n048.hpc:2157524] 7 more processes have sent help message help-mpi-btl-openib.txt / error in device init
--------------------------------------------------------------------------
By default, for Open MPI 4.0 and later, infiniband ports on a device
are not used by default.  The intent is to use UCX for these devices.
You can override this policy by setting the btl_openib_allow_ib MCA parameter
to true.

  Local host:              n048
  Local adapter:           mlx5_2
  Local port:              1

--------------------------------------------------------------------------
--------------------------------------------------------------------------
WARNING: There was an error initializing an OpenFabrics device.

  Local host:   n048
  Local device: mlx5_2
--------------------------------------------------------------------------
[n048.hpc:2157552] 7 more processes have sent help message help-mpi-btl-openib.txt / ib port not selected
[n048.hpc:2157552] Set MCA parameter "orte_base_help_aggregate" to 0 to see all help / error messages
[n048.hpc:2157552] 7 more processes have sent help message help-mpi-btl-openib.txt / error in device init
--------------------------------------------------------------------------
By default, for Open MPI 4.0 and later, infiniband ports on a device
are not used by default.  The intent is to use UCX for these devices.
You can override this policy by setting the btl_openib_allow_ib MCA parameter
to true.

  Local host:              n048
  Local adapter:           mlx5_2
  Local port:              1

--------------------------------------------------------------------------
--------------------------------------------------------------------------
WARNING: There was an error initializing an OpenFabrics device.

  Local host:   n048
  Local device: mlx5_2
--------------------------------------------------------------------------
[n048.hpc:2157580] 7 more processes have sent help message help-mpi-btl-openib.txt / ib port not selected
[n048.hpc:2157580] Set MCA parameter "orte_base_help_aggregate" to 0 to see all help / error messages
[n048.hpc:2157580] 7 more processes have sent help message help-mpi-btl-openib.txt / error in device init
--------------------------------------------------------------------------
By default, for Open MPI 4.0 and later, infiniband ports on a device
are not used by default.  The intent is to use UCX for these devices.
You can override this policy by setting the btl_openib_allow_ib MCA parameter
to true.

  Local host:              n048
  Local adapter:           mlx5_2
  Local port:              1

--------------------------------------------------------------------------
--------------------------------------------------------------------------
WARNING: There was an error initializing an OpenFabrics device.

  Local host:   n048
  Local device: mlx5_2
--------------------------------------------------------------------------
[n048.hpc:2157608] 7 more processes have sent help message help-mpi-btl-openib.txt / ib port not selected
[n048.hpc:2157608] Set MCA parameter "orte_base_help_aggregate" to 0 to see all help / error messages
[n048.hpc:2157608] 7 more processes have sent help message help-mpi-btl-openib.txt / error in device init
--------------------------------------------------------------------------
By default, for Open MPI 4.0 and later, infiniband ports on a device
are not used by default.  The intent is to use UCX for these devices.
You can override this policy by setting the btl_openib_allow_ib MCA parameter
to true.

  Local host:              n048
  Local adapter:           mlx5_2
  Local port:              1

--------------------------------------------------------------------------
--------------------------------------------------------------------------
WARNING: There was an error initializing an OpenFabrics device.

  Local host:   n048
  Local device: mlx5_2
--------------------------------------------------------------------------
[n048.hpc:2157930] 7 more processes have sent help message help-mpi-btl-openib.txt / ib port not selected
[n048.hpc:2157930] Set MCA parameter "orte_base_help_aggregate" to 0 to see all help / error messages
[n048.hpc:2157930] 7 more processes have sent help message help-mpi-btl-openib.txt / error in device init
--------------------------------------------------------------------------
By default, for Open MPI 4.0 and later, infiniband ports on a device
are not used by default.  The intent is to use UCX for these devices.
You can override this policy by setting the btl_openib_allow_ib MCA parameter
to true.

  Local host:              n048
  Local adapter:           mlx5_2
  Local port:              1

--------------------------------------------------------------------------
--------------------------------------------------------------------------
WARNING: There was an error initializing an OpenFabrics device.

  Local host:   n048
  Local device: mlx5_2
--------------------------------------------------------------------------
[n048.hpc:2157986] 7 more processes have sent help message help-mpi-btl-openib.txt / ib port not selected
[n048.hpc:2157986] Set MCA parameter "orte_base_help_aggregate" to 0 to see all help / error messages
[n048.hpc:2157986] 7 more processes have sent help message help-mpi-btl-openib.txt / error in device init
--------------------------------------------------------------------------
By default, for Open MPI 4.0 and later, infiniband ports on a device
are not used by default.  The intent is to use UCX for these devices.
You can override this policy by setting the btl_openib_allow_ib MCA parameter
to true.

  Local host:              n048
  Local adapter:           mlx5_2
  Local port:              1

--------------------------------------------------------------------------
--------------------------------------------------------------------------
WARNING: There was an error initializing an OpenFabrics device.

  Local host:   n048
  Local device: mlx5_2
--------------------------------------------------------------------------
[n048.hpc:2158218] 7 more processes have sent help message help-mpi-btl-openib.txt / ib port not selected
[n048.hpc:2158218] Set MCA parameter "orte_base_help_aggregate" to 0 to see all help / error messages
[n048.hpc:2158218] 7 more processes have sent help message help-mpi-btl-openib.txt / error in device init
--------------------------------------------------------------------------
By default, for Open MPI 4.0 and later, infiniband ports on a device
are not used by default.  The intent is to use UCX for these devices.
You can override this policy by setting the btl_openib_allow_ib MCA parameter
to true.

  Local host:              n048
  Local adapter:           mlx5_2
  Local port:              1

--------------------------------------------------------------------------
--------------------------------------------------------------------------
WARNING: There was an error initializing an OpenFabrics device.

  Local host:   n048
  Local device: mlx5_2
--------------------------------------------------------------------------
[n048.hpc:2158306] 7 more processes have sent help message help-mpi-btl-openib.txt / ib port not selected
[n048.hpc:2158306] Set MCA parameter "orte_base_help_aggregate" to 0 to see all help / error messages
[n048.hpc:2158306] 7 more processes have sent help message help-mpi-btl-openib.txt / error in device init
--------------------------------------------------------------------------
By default, for Open MPI 4.0 and later, infiniband ports on a device
are not used by default.  The intent is to use UCX for these devices.
You can override this policy by setting the btl_openib_allow_ib MCA parameter
to true.

  Local host:              n048
  Local adapter:           mlx5_2
  Local port:              1

--------------------------------------------------------------------------
--------------------------------------------------------------------------
WARNING: There was an error initializing an OpenFabrics device.

  Local host:   n048
  Local device: mlx5_2
--------------------------------------------------------------------------
[n048.hpc:2158418] 7 more processes have sent help message help-mpi-btl-openib.txt / ib port not selected
[n048.hpc:2158418] Set MCA parameter "orte_base_help_aggregate" to 0 to see all help / error messages
[n048.hpc:2158418] 7 more processes have sent help message help-mpi-btl-openib.txt / error in device init
--------------------------------------------------------------------------
By default, for Open MPI 4.0 and later, infiniband ports on a device
are not used by default.  The intent is to use UCX for these devices.
You can override this policy by setting the btl_openib_allow_ib MCA parameter
to true.

  Local host:              n048
  Local adapter:           mlx5_2
  Local port:              1

--------------------------------------------------------------------------
--------------------------------------------------------------------------
WARNING: There was an error initializing an OpenFabrics device.

  Local host:   n048
  Local device: mlx5_2
--------------------------------------------------------------------------
[n048.hpc:2158446] 7 more processes have sent help message help-mpi-btl-openib.txt / ib port not selected
[n048.hpc:2158446] Set MCA parameter "orte_base_help_aggregate" to 0 to see all help / error messages
[n048.hpc:2158446] 7 more processes have sent help message help-mpi-btl-openib.txt / error in device init
--------------------------------------------------------------------------
By default, for Open MPI 4.0 and later, infiniband ports on a device
are not used by default.  The intent is to use UCX for these devices.
You can override this policy by setting the btl_openib_allow_ib MCA parameter
to true.

  Local host:              n048
  Local adapter:           mlx5_2
  Local port:              1

--------------------------------------------------------------------------
--------------------------------------------------------------------------
WARNING: There was an error initializing an OpenFabrics device.

  Local host:   n048
  Local device: mlx5_2
--------------------------------------------------------------------------
[n048.hpc:2158714] 7 more processes have sent help message help-mpi-btl-openib.txt / ib port not selected
[n048.hpc:2158714] Set MCA parameter "orte_base_help_aggregate" to 0 to see all help / error messages
[n048.hpc:2158714] 7 more processes have sent help message help-mpi-btl-openib.txt / error in device init
--------------------------------------------------------------------------
By default, for Open MPI 4.0 and later, infiniband ports on a device
are not used by default.  The intent is to use UCX for these devices.
You can override this policy by setting the btl_openib_allow_ib MCA parameter
to true.

  Local host:              n048
  Local adapter:           mlx5_2
  Local port:              1

--------------------------------------------------------------------------
--------------------------------------------------------------------------
WARNING: There was an error initializing an OpenFabrics device.

  Local host:   n048
  Local device: mlx5_2
--------------------------------------------------------------------------
[n048.hpc:2158744] 7 more processes have sent help message help-mpi-btl-openib.txt / ib port not selected
[n048.hpc:2158744] Set MCA parameter "orte_base_help_aggregate" to 0 to see all help / error messages
[n048.hpc:2158744] 7 more processes have sent help message help-mpi-btl-openib.txt / error in device init
--------------------------------------------------------------------------
By default, for Open MPI 4.0 and later, infiniband ports on a device
are not used by default.  The intent is to use UCX for these devices.
You can override this policy by setting the btl_openib_allow_ib MCA parameter
to true.

  Local host:              n048
  Local adapter:           mlx5_2
  Local port:              1

--------------------------------------------------------------------------
--------------------------------------------------------------------------
WARNING: There was an error initializing an OpenFabrics device.

  Local host:   n048
  Local device: mlx5_2
--------------------------------------------------------------------------
[n048.hpc:2158886] 7 more processes have sent help message help-mpi-btl-openib.txt / ib port not selected
[n048.hpc:2158886] Set MCA parameter "orte_base_help_aggregate" to 0 to see all help / error messages
[n048.hpc:2158886] 7 more processes have sent help message help-mpi-btl-openib.txt / error in device init
--------------------------------------------------------------------------
By default, for Open MPI 4.0 and later, infiniband ports on a device
are not used by default.  The intent is to use UCX for these devices.
You can override this policy by setting the btl_openib_allow_ib MCA parameter
to true.

  Local host:              n048
  Local adapter:           mlx5_2
  Local port:              1

--------------------------------------------------------------------------
--------------------------------------------------------------------------
WARNING: There was an error initializing an OpenFabrics device.

  Local host:   n048
  Local device: mlx5_2
--------------------------------------------------------------------------
[n048.hpc:2158914] 7 more processes have sent help message help-mpi-btl-openib.txt / ib port not selected
[n048.hpc:2158914] Set MCA parameter "orte_base_help_aggregate" to 0 to see all help / error messages
[n048.hpc:2158914] 7 more processes have sent help message help-mpi-btl-openib.txt / error in device init
--------------------------------------------------------------------------
By default, for Open MPI 4.0 and later, infiniband ports on a device
are not used by default.  The intent is to use UCX for these devices.
You can override this policy by setting the btl_openib_allow_ib MCA parameter
to true.

  Local host:              n048
  Local adapter:           mlx5_2
  Local port:              1

--------------------------------------------------------------------------
--------------------------------------------------------------------------
WARNING: There was an error initializing an OpenFabrics device.

  Local host:   n048
  Local device: mlx5_2
--------------------------------------------------------------------------
[n048.hpc:2158942] 7 more processes have sent help message help-mpi-btl-openib.txt / ib port not selected
[n048.hpc:2158942] Set MCA parameter "orte_base_help_aggregate" to 0 to see all help / error messages
[n048.hpc:2158942] 7 more processes have sent help message help-mpi-btl-openib.txt / error in device init
--------------------------------------------------------------------------
By default, for Open MPI 4.0 and later, infiniband ports on a device
are not used by default.  The intent is to use UCX for these devices.
You can override this policy by setting the btl_openib_allow_ib MCA parameter
to true.

  Local host:              n048
  Local adapter:           mlx5_2
  Local port:              1

--------------------------------------------------------------------------
--------------------------------------------------------------------------
WARNING: There was an error initializing an OpenFabrics device.

  Local host:   n048
  Local device: mlx5_2
--------------------------------------------------------------------------
[n048.hpc:2158970] 7 more processes have sent help message help-mpi-btl-openib.txt / ib port not selected
[n048.hpc:2158970] Set MCA parameter "orte_base_help_aggregate" to 0 to see all help / error messages
[n048.hpc:2158970] 7 more processes have sent help message help-mpi-btl-openib.txt / error in device init
--------------------------------------------------------------------------
By default, for Open MPI 4.0 and later, infiniband ports on a device
are not used by default.  The intent is to use UCX for these devices.
You can override this policy by setting the btl_openib_allow_ib MCA parameter
to true.

  Local host:              n048
  Local adapter:           mlx5_2
  Local port:              1

--------------------------------------------------------------------------
--------------------------------------------------------------------------
WARNING: There was an error initializing an OpenFabrics device.

  Local host:   n048
  Local device: mlx5_2
--------------------------------------------------------------------------
[n048.hpc:2159263] 7 more processes have sent help message help-mpi-btl-openib.txt / ib port not selected
[n048.hpc:2159263] Set MCA parameter "orte_base_help_aggregate" to 0 to see all help / error messages
[n048.hpc:2159263] 7 more processes have sent help message help-mpi-btl-openib.txt / error in device init
--------------------------------------------------------------------------
By default, for Open MPI 4.0 and later, infiniband ports on a device
are not used by default.  The intent is to use UCX for these devices.
You can override this policy by setting the btl_openib_allow_ib MCA parameter
to true.

  Local host:              n048
  Local adapter:           mlx5_2
  Local port:              1

--------------------------------------------------------------------------
--------------------------------------------------------------------------
WARNING: There was an error initializing an OpenFabrics device.

  Local host:   n048
  Local device: mlx5_2
--------------------------------------------------------------------------
[n048.hpc:2159646] 7 more processes have sent help message help-mpi-btl-openib.txt / ib port not selected
[n048.hpc:2159646] Set MCA parameter "orte_base_help_aggregate" to 0 to see all help / error messages
[n048.hpc:2159646] 7 more processes have sent help message help-mpi-btl-openib.txt / error in device init
--------------------------------------------------------------------------
By default, for Open MPI 4.0 and later, infiniband ports on a device
are not used by default.  The intent is to use UCX for these devices.
You can override this policy by setting the btl_openib_allow_ib MCA parameter
to true.

  Local host:              n048
  Local adapter:           mlx5_2
  Local port:              1

--------------------------------------------------------------------------
--------------------------------------------------------------------------
WARNING: There was an error initializing an OpenFabrics device.

  Local host:   n048
  Local device: mlx5_2
--------------------------------------------------------------------------
[n048.hpc:2160033] 7 more processes have sent help message help-mpi-btl-openib.txt / ib port not selected
[n048.hpc:2160033] Set MCA parameter "orte_base_help_aggregate" to 0 to see all help / error messages
[n048.hpc:2160033] 7 more processes have sent help message help-mpi-btl-openib.txt / error in device init
--------------------------------------------------------------------------
By default, for Open MPI 4.0 and later, infiniband ports on a device
are not used by default.  The intent is to use UCX for these devices.
You can override this policy by setting the btl_openib_allow_ib MCA parameter
to true.

  Local host:              n048
  Local adapter:           mlx5_2
  Local port:              1

--------------------------------------------------------------------------
--------------------------------------------------------------------------
WARNING: There was an error initializing an OpenFabrics device.

  Local host:   n048
  Local device: mlx5_2
--------------------------------------------------------------------------
[n048.hpc:2161578] 7 more processes have sent help message help-mpi-btl-openib.txt / ib port not selected
[n048.hpc:2161578] Set MCA parameter "orte_base_help_aggregate" to 0 to see all help / error messages
[n048.hpc:2161578] 7 more processes have sent help message help-mpi-btl-openib.txt / error in device init
