<May23-2026> <12:17:43>  AMS 2026.103  RunTime: May23-2026 12:17:43  ShM Nodes: 1  Procs: 1
<May23-2026> <12:17:44>  ADF 2026.103  RunTime: May23-2026 12:17:44  ShM Nodes: 1  Procs: 1
<May23-2026> <12:17:44>  *** (NO TITLE) ***
<May23-2026> <12:17:44>  DIRAC 2026.103  RunTime: May23-2026 12:17:44  ShM Nodes: 1  Procs: 1
<May23-2026> <12:17:44>  Carbon (TZ2P)
<May23-2026> <12:17:44>  Net Charge: 0 (Nuclei minus Electrons)
<May23-2026> <12:17:44>  Symmetry  : ATOM
<May23-2026> <12:17:44>  Coordinates
<May23-2026> <12:17:44>     Atom         X           Y           Z   (Angstrom)
<May23-2026> <12:17:44>     1.C         0.000000    0.000000    0.000000
<May23-2026> <12:17:44>  >>>> CORORT
<May23-2026> <12:17:44>  >>>> CLSMAT
<May23-2026> <12:17:44>  >>>> ORTHON
<May23-2026> <12:17:44>  >>>> GENPT
<May23-2026> <12:17:44>  Block Length=  72
<May23-2026> <12:17:44>  >>>> PTBAS
<May23-2026> <12:17:44>  >>>> CYCLE
<May23-2026> <12:17:44>              |Error|         MaxErr       Wt(A-DIIS)
<May23-2026> <12:17:44>      1      0.00000000      0.00000000
<May23-2026> <12:17:44>      2      4.48450606      3.33074448    100.0
<May23-2026> <12:17:44>      3      1.63845963      1.31677840    100.0
<May23-2026> <12:17:44>      4      0.72237885      0.58090812    100.0
<May23-2026> <12:17:44>      5      0.41341516      0.32921223    100.0
<May23-2026> <12:17:44>      6      0.12634980      0.09661242     96.6
<May23-2026> <12:17:44>      7      0.11511849      0.08978748     89.7
<May23-2026> <12:17:44>      8      0.00670007      0.00519977      4.2
<May23-2026> <12:17:44>      9      0.00022181      0.00016825      0.0
<May23-2026> <12:17:44>     10      0.00000199      0.00000135      0.0
<May23-2026> <12:17:44>     11      0.00000002      0.00000001      0.0
<May23-2026> <12:17:44>     12      0.00000000      0.00000000      0.0
<May23-2026> <12:17:44>  SCF converged
<May23-2026> <12:17:44>     13      0.00000000      0.00000000      0.0
<May23-2026> <12:17:44>  >>>> POPAN
<May23-2026> <12:17:44>  >>>> DEBYE
<May23-2026> <12:17:44>  DIRAC 2026.103  RunTime: May23-2026 12:17:44  ShM Nodes: 1  Procs: 1
<May23-2026> <12:17:44>  Nitrogen (TZ2P)
<May23-2026> <12:17:45>  Net Charge: 0 (Nuclei minus Electrons)
<May23-2026> <12:17:45>  Symmetry  : ATOM
<May23-2026> <12:17:45>  Coordinates
<May23-2026> <12:17:45>     Atom         X           Y           Z   (Angstrom)
<May23-2026> <12:17:45>     1.N         0.000000    0.000000    0.000000
<May23-2026> <12:17:45>  >>>> CORORT
<May23-2026> <12:17:45>  >>>> CLSMAT
<May23-2026> <12:17:45>  >>>> ORTHON
<May23-2026> <12:17:45>  >>>> GENPT
<May23-2026> <12:17:45>  Block Length=  72
<May23-2026> <12:17:45>  >>>> PTBAS
<May23-2026> <12:17:45>  >>>> CYCLE
<May23-2026> <12:17:45>              |Error|         MaxErr       Wt(A-DIIS)
<May23-2026> <12:17:45>      1      0.00000000      0.00000000
<May23-2026> <12:17:45>      2      6.45729257      4.23539177    100.0
<May23-2026> <12:17:45>      3      2.50571754      1.95700843    100.0
<May23-2026> <12:17:45>      4      0.96362605      0.63264012    100.0
<May23-2026> <12:17:45>      5      0.84396078      0.57428330    100.0
<May23-2026> <12:17:45>      6      0.04722786      0.02274008     22.0
<May23-2026> <12:17:45>      7      0.01974997      0.01284703     12.0
<May23-2026> <12:17:45>      8      0.00262477      0.00176500      0.8
<May23-2026> <12:17:45>      9      0.00000692      0.00000491      0.0
<May23-2026> <12:17:45>     10      0.00000078      0.00000045      0.0
<May23-2026> <12:17:45>     11      0.00000001      0.00000000      0.0
<May23-2026> <12:17:45>  SCF converged
<May23-2026> <12:17:45>     12      0.00000000      0.00000000      0.0
<May23-2026> <12:17:45>  >>>> POPAN
<May23-2026> <12:17:45>  >>>> DEBYE
<May23-2026> <12:17:45>  DIRAC 2026.103  RunTime: May23-2026 12:17:45  ShM Nodes: 1  Procs: 1
<May23-2026> <12:17:45>  Oxygen (TZ2P)
<May23-2026> <12:17:45>  Net Charge: 0 (Nuclei minus Electrons)
<May23-2026> <12:17:45>  Symmetry  : ATOM
<May23-2026> <12:17:45>  Coordinates
<May23-2026> <12:17:45>     Atom         X           Y           Z   (Angstrom)
<May23-2026> <12:17:45>     1.O         0.000000    0.000000    0.000000
<May23-2026> <12:17:45>  >>>> CORORT
<May23-2026> <12:17:45>  >>>> CLSMAT
<May23-2026> <12:17:45>  >>>> ORTHON
<May23-2026> <12:17:45>  >>>> GENPT
<May23-2026> <12:17:45>  Block Length=  68
<May23-2026> <12:17:45>  >>>> PTBAS
<May23-2026> <12:17:45>  >>>> CYCLE
<May23-2026> <12:17:45>              |Error|         MaxErr       Wt(A-DIIS)
<May23-2026> <12:17:45>      1      0.00000000      0.00000000
<May23-2026> <12:17:45>      2      8.77379167      5.52456194    100.0
<May23-2026> <12:17:45>      3      3.58874259      2.50390796    100.0
<May23-2026> <12:17:45>      4      1.14813168      0.58304454    100.0
<May23-2026> <12:17:45>      5      1.52147762      0.84216884    100.0
<May23-2026> <12:17:45>      6      0.17958647      0.10470670    100.0
<May23-2026> <12:17:45>      7      0.20120374      0.11429590    100.0
<May23-2026> <12:17:45>      8      0.01711846      0.01004426      9.1
<May23-2026> <12:17:45>      9      0.00178953      0.00100777      0.0
<May23-2026> <12:17:45>     10      0.00000129      0.00000068      0.0
<May23-2026> <12:17:45>     11      0.00000005      0.00000002      0.0
<May23-2026> <12:17:45>     12      0.00000000      0.00000000      0.0
<May23-2026> <12:17:45>  SCF converged
<May23-2026> <12:17:46>     13      0.00000000      0.00000000      0.0
<May23-2026> <12:17:46>  >>>> POPAN
<May23-2026> <12:17:46>  >>>> DEBYE
<May23-2026> <12:17:46>  DIRAC 2026.103  RunTime: May23-2026 12:17:46  ShM Nodes: 1  Procs: 1
<May23-2026> <12:17:46>  Hydrogen (TZ2P)
<May23-2026> <12:17:46>  Net Charge: 0 (Nuclei minus Electrons)
<May23-2026> <12:17:46>  Symmetry  : ATOM
<May23-2026> <12:17:46>  Coordinates
<May23-2026> <12:17:46>     Atom         X           Y           Z   (Angstrom)
<May23-2026> <12:17:46>     1.H         0.000000    0.000000    0.000000
<May23-2026> <12:17:46>  >>>> CORORT
<May23-2026> <12:17:46>  >>>> CLSMAT
<May23-2026> <12:17:46>  >>>> ORTHON
<May23-2026> <12:17:46>  >>>> GENPT
<May23-2026> <12:17:46>  Block Length=  64
<May23-2026> <12:17:46>  >>>> PTBAS
<May23-2026> <12:17:46>  >>>> CYCLE
<May23-2026> <12:17:46>              |Error|         MaxErr       Wt(A-DIIS)
<May23-2026> <12:17:46>      1      0.00000000      0.00000000
<May23-2026> <12:17:46>      2      0.03100426      0.02644614
<May23-2026> <12:17:46>      3      0.00958086      0.00932931    100.0
<May23-2026> <12:17:46>      4      0.00232128      0.00228673      1.3
<May23-2026> <12:17:46>      5      0.00003156      0.00002984      0.0
<May23-2026> <12:17:46>      6      0.00000096      0.00000091      0.0
<May23-2026> <12:17:46>      7      0.00000000      0.00000000      0.0
<May23-2026> <12:17:46>  SCF converged
<May23-2026> <12:17:46>      8      0.00000000      0.00000000      0.0
<May23-2026> <12:17:46>  >>>> POPAN
<May23-2026> <12:17:46>  >>>> DEBYE
<May23-2026> <12:17:46>  *** adf ***
<May23-2026> <12:17:46>  Net Charge: 0 (Nuclei minus Electrons)
<May23-2026> <12:17:46>  Spin polar: 1 (Spin_A minus Spin_B electrons)
<May23-2026> <12:17:46>  Symmetry  : NOSYM
<May23-2026> <12:17:46>  >>>> FRAGM
<May23-2026> <12:17:46>  Coordinates
<May23-2026> <12:17:46>     Atom         X           Y           Z   (Angstrom)
<May23-2026> <12:17:46>     1.C         0.262649    1.410994   -1.103447
<May23-2026> <12:17:46>     2.C        -0.333603    0.112927   -0.834011
<May23-2026> <12:17:46>     3.N        -1.214875   -0.010664    0.236514
<May23-2026> <12:17:46>     4.C        -1.608705    1.095361    1.107436
<May23-2026> <12:17:46>     5.C        -1.954722   -1.261292    0.399647
<May23-2026> <12:17:46>     6.O        -0.069455   -0.855704   -1.579435
<May23-2026> <12:17:46>     7.H        -0.135416    2.352502   -0.739310
<May23-2026> <12:17:46>     8.H         1.071243    1.428529   -1.825714
<May23-2026> <12:17:46>     9.H        -2.512938    1.609177    0.743027
<May23-2026> <12:17:46>    10.H        -0.799006    1.821154    1.203658
<May23-2026> <12:17:46>    11.H        -1.823710    0.699895    2.107137
<May23-2026> <12:17:46>    12.H        -3.010100   -1.136206    0.110275
<May23-2026> <12:17:46>    13.H        -1.918237   -1.581765    1.448716
<May23-2026> <12:17:46>    14.H        -1.498919   -2.019311   -0.238710
<May23-2026> <12:17:46>  >>>> CORORT
<May23-2026> <12:17:46>  >>>> CLSMAT
<May23-2026> <12:17:46>  >>>> ORTHON
<May23-2026> <12:17:46>  >>>> GENPT
<May23-2026> <12:17:46>  Block Length= 128
<May23-2026> <12:17:47>  >>>> PTBAS
<May23-2026> <12:17:51>  >>>> CYCLE
<May23-2026> <12:18:02>              |Error|         MaxErr       Wt(A-DIIS)
<May23-2026> <12:18:02>      1      5.98476512      0.69767772
<May23-2026> <12:18:11>      2      1.11499252      0.10674248    100.0
<May23-2026> <12:18:21>      3      0.97054693      0.09105232    100.0
<May23-2026> <12:18:31>      4      2.35357583      0.31583375    100.0
<May23-2026> <12:18:41>      5      0.70595787      0.06571158     65.4
<May23-2026> <12:18:50>      6      1.16786754      0.16113895    100.0
<May23-2026> <12:19:00>      7      0.23577180      0.02355269     22.8
<May23-2026> <12:19:10>      8      0.14936009      0.01620006     15.4
<May23-2026> <12:19:19>      9      0.04291645      0.00527421      4.3
<May23-2026> <12:19:29>     10      0.01077598      0.00098057      0.0
<May23-2026> <12:19:39>     11      0.00288747      0.00027194      0.0
<May23-2026> <12:19:49>     12      0.00062765      0.00007216      0.0
<May23-2026> <12:19:58>     13      0.00039202      0.00005511      0.0
<May23-2026> <12:20:08>     14      0.00009034      0.00000952      0.0
<May23-2026> <12:20:18>     15      0.00002103      0.00000235      0.0
<May23-2026> <12:20:28>     16      0.00001121      0.00000115      0.0
<May23-2026> <12:20:37>     17      0.00000413      0.00000047      0.0
<May23-2026> <12:20:40>  SCF converged
<May23-2026> <12:20:47>     18      0.00000170      0.00000018      0.0
<May23-2026> <12:20:56>  >>>> TOTEN
<May23-2026> <12:21:18>  >>>> POPAN
<May23-2026> <12:21:18>  >>>> DEBYE
<May23-2026> <12:21:18>  >>>> AMETS
<May23-2026> <12:21:18>   Bond Energy          -2.79224596 a.u.
<May23-2026> <12:21:18>   Bond Energy         -75.98087851 eV
<May23-2026> <12:21:18>   Bond Energy       -1752.16       kcal/mol
<May23-2026> <12:21:18>  >>>> POPUL
<May23-2026> <12:21:18>  NORMAL TERMINATION
