--------------------------------------------------------------------------
By default, for Open MPI 4.0 and later, infiniband ports on a device
are not used by default.  The intent is to use UCX for these devices.
You can override this policy by setting the btl_openib_allow_ib MCA parameter
to true.

  Local host:              n047
  Local adapter:           mlx5_2
  Local port:              1

--------------------------------------------------------------------------
--------------------------------------------------------------------------
WARNING: There was an error initializing an OpenFabrics device.

  Local host:   n047
  Local device: mlx5_2
--------------------------------------------------------------------------
[n047.hpc:3090764] 7 more processes have sent help message help-mpi-btl-openib.txt / ib port not selected
[n047.hpc:3090764] Set MCA parameter "orte_base_help_aggregate" to 0 to see all help / error messages
[n047.hpc:3090764] 7 more processes have sent help message help-mpi-btl-openib.txt / error in device init
--------------------------------------------------------------------------
By default, for Open MPI 4.0 and later, infiniband ports on a device
are not used by default.  The intent is to use UCX for these devices.
You can override this policy by setting the btl_openib_allow_ib MCA parameter
to true.

  Local host:              n047
  Local adapter:           mlx5_2
  Local port:              1

--------------------------------------------------------------------------
--------------------------------------------------------------------------
WARNING: There was an error initializing an OpenFabrics device.

  Local host:   n047
  Local device: mlx5_2
--------------------------------------------------------------------------
[n047.hpc:3090905] 7 more processes have sent help message help-mpi-btl-openib.txt / ib port not selected
[n047.hpc:3090905] Set MCA parameter "orte_base_help_aggregate" to 0 to see all help / error messages
[n047.hpc:3090905] 7 more processes have sent help message help-mpi-btl-openib.txt / error in device init
--------------------------------------------------------------------------
By default, for Open MPI 4.0 and later, infiniband ports on a device
are not used by default.  The intent is to use UCX for these devices.
You can override this policy by setting the btl_openib_allow_ib MCA parameter
to true.

  Local host:              n047
  Local adapter:           mlx5_2
  Local port:              1

--------------------------------------------------------------------------
--------------------------------------------------------------------------
WARNING: There was an error initializing an OpenFabrics device.

  Local host:   n047
  Local device: mlx5_2
--------------------------------------------------------------------------
[n047.hpc:3091052] 7 more processes have sent help message help-mpi-btl-openib.txt / ib port not selected
[n047.hpc:3091052] Set MCA parameter "orte_base_help_aggregate" to 0 to see all help / error messages
[n047.hpc:3091052] 7 more processes have sent help message help-mpi-btl-openib.txt / error in device init
--------------------------------------------------------------------------
By default, for Open MPI 4.0 and later, infiniband ports on a device
are not used by default.  The intent is to use UCX for these devices.
You can override this policy by setting the btl_openib_allow_ib MCA parameter
to true.

  Local host:              n047
  Local adapter:           mlx5_2
  Local port:              1

--------------------------------------------------------------------------
--------------------------------------------------------------------------
WARNING: There was an error initializing an OpenFabrics device.

  Local host:   n047
  Local device: mlx5_2
--------------------------------------------------------------------------
[n047.hpc:3091287] 7 more processes have sent help message help-mpi-btl-openib.txt / ib port not selected
[n047.hpc:3091287] Set MCA parameter "orte_base_help_aggregate" to 0 to see all help / error messages
[n047.hpc:3091287] 7 more processes have sent help message help-mpi-btl-openib.txt / error in device init
--------------------------------------------------------------------------
By default, for Open MPI 4.0 and later, infiniband ports on a device
are not used by default.  The intent is to use UCX for these devices.
You can override this policy by setting the btl_openib_allow_ib MCA parameter
to true.

  Local host:              n047
  Local adapter:           mlx5_2
  Local port:              1

--------------------------------------------------------------------------
--------------------------------------------------------------------------
WARNING: There was an error initializing an OpenFabrics device.

  Local host:   n047
  Local device: mlx5_2
--------------------------------------------------------------------------
[n047.hpc:3091343] 7 more processes have sent help message help-mpi-btl-openib.txt / ib port not selected
[n047.hpc:3091343] Set MCA parameter "orte_base_help_aggregate" to 0 to see all help / error messages
[n047.hpc:3091343] 7 more processes have sent help message help-mpi-btl-openib.txt / error in device init
--------------------------------------------------------------------------
By default, for Open MPI 4.0 and later, infiniband ports on a device
are not used by default.  The intent is to use UCX for these devices.
You can override this policy by setting the btl_openib_allow_ib MCA parameter
to true.

  Local host:              n047
  Local adapter:           mlx5_2
  Local port:              1

--------------------------------------------------------------------------
--------------------------------------------------------------------------
WARNING: There was an error initializing an OpenFabrics device.

  Local host:   n047
  Local device: mlx5_2
--------------------------------------------------------------------------
[n047.hpc:3091511] 7 more processes have sent help message help-mpi-btl-openib.txt / ib port not selected
[n047.hpc:3091511] Set MCA parameter "orte_base_help_aggregate" to 0 to see all help / error messages
[n047.hpc:3091511] 7 more processes have sent help message help-mpi-btl-openib.txt / error in device init
--------------------------------------------------------------------------
By default, for Open MPI 4.0 and later, infiniband ports on a device
are not used by default.  The intent is to use UCX for these devices.
You can override this policy by setting the btl_openib_allow_ib MCA parameter
to true.

  Local host:              n047
  Local adapter:           mlx5_2
  Local port:              1

--------------------------------------------------------------------------
--------------------------------------------------------------------------
WARNING: There was an error initializing an OpenFabrics device.

  Local host:   n047
  Local device: mlx5_2
--------------------------------------------------------------------------
[n047.hpc:3091567] 7 more processes have sent help message help-mpi-btl-openib.txt / ib port not selected
[n047.hpc:3091567] Set MCA parameter "orte_base_help_aggregate" to 0 to see all help / error messages
[n047.hpc:3091567] 7 more processes have sent help message help-mpi-btl-openib.txt / error in device init
--------------------------------------------------------------------------
By default, for Open MPI 4.0 and later, infiniband ports on a device
are not used by default.  The intent is to use UCX for these devices.
You can override this policy by setting the btl_openib_allow_ib MCA parameter
to true.

  Local host:              n047
  Local adapter:           mlx5_2
  Local port:              1

--------------------------------------------------------------------------
--------------------------------------------------------------------------
WARNING: There was an error initializing an OpenFabrics device.

  Local host:   n047
  Local device: mlx5_2
--------------------------------------------------------------------------
[n047.hpc:3091652] 7 more processes have sent help message help-mpi-btl-openib.txt / ib port not selected
[n047.hpc:3091652] Set MCA parameter "orte_base_help_aggregate" to 0 to see all help / error messages
[n047.hpc:3091652] 7 more processes have sent help message help-mpi-btl-openib.txt / error in device init
--------------------------------------------------------------------------
By default, for Open MPI 4.0 and later, infiniband ports on a device
are not used by default.  The intent is to use UCX for these devices.
You can override this policy by setting the btl_openib_allow_ib MCA parameter
to true.

  Local host:              n047
  Local adapter:           mlx5_2
  Local port:              1

--------------------------------------------------------------------------
--------------------------------------------------------------------------
WARNING: There was an error initializing an OpenFabrics device.

  Local host:   n047
  Local device: mlx5_2
--------------------------------------------------------------------------
[n047.hpc:3091680] 7 more processes have sent help message help-mpi-btl-openib.txt / ib port not selected
[n047.hpc:3091680] Set MCA parameter "orte_base_help_aggregate" to 0 to see all help / error messages
[n047.hpc:3091680] 7 more processes have sent help message help-mpi-btl-openib.txt / error in device init
--------------------------------------------------------------------------
By default, for Open MPI 4.0 and later, infiniband ports on a device
are not used by default.  The intent is to use UCX for these devices.
You can override this policy by setting the btl_openib_allow_ib MCA parameter
to true.

  Local host:              n047
  Local adapter:           mlx5_2
  Local port:              1

--------------------------------------------------------------------------
--------------------------------------------------------------------------
WARNING: There was an error initializing an OpenFabrics device.

  Local host:   n047
  Local device: mlx5_2
--------------------------------------------------------------------------
[n047.hpc:3091870] 7 more processes have sent help message help-mpi-btl-openib.txt / ib port not selected
[n047.hpc:3091870] Set MCA parameter "orte_base_help_aggregate" to 0 to see all help / error messages
[n047.hpc:3091870] 7 more processes have sent help message help-mpi-btl-openib.txt / error in device init
--------------------------------------------------------------------------
By default, for Open MPI 4.0 and later, infiniband ports on a device
are not used by default.  The intent is to use UCX for these devices.
You can override this policy by setting the btl_openib_allow_ib MCA parameter
to true.

  Local host:              n047
  Local adapter:           mlx5_2
  Local port:              1

--------------------------------------------------------------------------
--------------------------------------------------------------------------
WARNING: There was an error initializing an OpenFabrics device.

  Local host:   n047
  Local device: mlx5_2
--------------------------------------------------------------------------
[n047.hpc:3091910] 7 more processes have sent help message help-mpi-btl-openib.txt / ib port not selected
[n047.hpc:3091910] Set MCA parameter "orte_base_help_aggregate" to 0 to see all help / error messages
[n047.hpc:3091910] 7 more processes have sent help message help-mpi-btl-openib.txt / error in device init
--------------------------------------------------------------------------
By default, for Open MPI 4.0 and later, infiniband ports on a device
are not used by default.  The intent is to use UCX for these devices.
You can override this policy by setting the btl_openib_allow_ib MCA parameter
to true.

  Local host:              n047
  Local adapter:           mlx5_2
  Local port:              1

--------------------------------------------------------------------------
--------------------------------------------------------------------------
WARNING: There was an error initializing an OpenFabrics device.

  Local host:   n047
  Local device: mlx5_2
--------------------------------------------------------------------------
[n047.hpc:3092096] 7 more processes have sent help message help-mpi-btl-openib.txt / ib port not selected
[n047.hpc:3092096] Set MCA parameter "orte_base_help_aggregate" to 0 to see all help / error messages
[n047.hpc:3092096] 7 more processes have sent help message help-mpi-btl-openib.txt / error in device init
--------------------------------------------------------------------------
By default, for Open MPI 4.0 and later, infiniband ports on a device
are not used by default.  The intent is to use UCX for these devices.
You can override this policy by setting the btl_openib_allow_ib MCA parameter
to true.

  Local host:              n047
  Local adapter:           mlx5_2
  Local port:              1

--------------------------------------------------------------------------
--------------------------------------------------------------------------
WARNING: There was an error initializing an OpenFabrics device.

  Local host:   n047
  Local device: mlx5_2
--------------------------------------------------------------------------
[n047.hpc:3092124] 7 more processes have sent help message help-mpi-btl-openib.txt / ib port not selected
[n047.hpc:3092124] Set MCA parameter "orte_base_help_aggregate" to 0 to see all help / error messages
[n047.hpc:3092124] 7 more processes have sent help message help-mpi-btl-openib.txt / error in device init
--------------------------------------------------------------------------
By default, for Open MPI 4.0 and later, infiniband ports on a device
are not used by default.  The intent is to use UCX for these devices.
You can override this policy by setting the btl_openib_allow_ib MCA parameter
to true.

  Local host:              n047
  Local adapter:           mlx5_2
  Local port:              1

--------------------------------------------------------------------------
--------------------------------------------------------------------------
WARNING: There was an error initializing an OpenFabrics device.

  Local host:   n047
  Local device: mlx5_2
--------------------------------------------------------------------------
[n047.hpc:3092208] 7 more processes have sent help message help-mpi-btl-openib.txt / ib port not selected
[n047.hpc:3092208] Set MCA parameter "orte_base_help_aggregate" to 0 to see all help / error messages
[n047.hpc:3092208] 7 more processes have sent help message help-mpi-btl-openib.txt / error in device init
--------------------------------------------------------------------------
By default, for Open MPI 4.0 and later, infiniband ports on a device
are not used by default.  The intent is to use UCX for these devices.
You can override this policy by setting the btl_openib_allow_ib MCA parameter
to true.

  Local host:              n047
  Local adapter:           mlx5_2
  Local port:              1

--------------------------------------------------------------------------
--------------------------------------------------------------------------
WARNING: There was an error initializing an OpenFabrics device.

  Local host:   n047
  Local device: mlx5_2
--------------------------------------------------------------------------
[n047.hpc:3092236] 7 more processes have sent help message help-mpi-btl-openib.txt / ib port not selected
[n047.hpc:3092236] Set MCA parameter "orte_base_help_aggregate" to 0 to see all help / error messages
[n047.hpc:3092236] 7 more processes have sent help message help-mpi-btl-openib.txt / error in device init
--------------------------------------------------------------------------
By default, for Open MPI 4.0 and later, infiniband ports on a device
are not used by default.  The intent is to use UCX for these devices.
You can override this policy by setting the btl_openib_allow_ib MCA parameter
to true.

  Local host:              n047
  Local adapter:           mlx5_2
  Local port:              1

--------------------------------------------------------------------------
--------------------------------------------------------------------------
WARNING: There was an error initializing an OpenFabrics device.

  Local host:   n047
  Local device: mlx5_2
--------------------------------------------------------------------------
[n047.hpc:3092500] 7 more processes have sent help message help-mpi-btl-openib.txt / ib port not selected
[n047.hpc:3092500] Set MCA parameter "orte_base_help_aggregate" to 0 to see all help / error messages
[n047.hpc:3092500] 7 more processes have sent help message help-mpi-btl-openib.txt / error in device init
--------------------------------------------------------------------------
By default, for Open MPI 4.0 and later, infiniband ports on a device
are not used by default.  The intent is to use UCX for these devices.
You can override this policy by setting the btl_openib_allow_ib MCA parameter
to true.

  Local host:              n047
  Local adapter:           mlx5_2
  Local port:              1

--------------------------------------------------------------------------
--------------------------------------------------------------------------
WARNING: There was an error initializing an OpenFabrics device.

  Local host:   n047
  Local device: mlx5_2
--------------------------------------------------------------------------
[n047.hpc:3092528] 7 more processes have sent help message help-mpi-btl-openib.txt / ib port not selected
[n047.hpc:3092528] Set MCA parameter "orte_base_help_aggregate" to 0 to see all help / error messages
[n047.hpc:3092528] 7 more processes have sent help message help-mpi-btl-openib.txt / error in device init
--------------------------------------------------------------------------
By default, for Open MPI 4.0 and later, infiniband ports on a device
are not used by default.  The intent is to use UCX for these devices.
You can override this policy by setting the btl_openib_allow_ib MCA parameter
to true.

  Local host:              n047
  Local adapter:           mlx5_2
  Local port:              1

--------------------------------------------------------------------------
--------------------------------------------------------------------------
WARNING: There was an error initializing an OpenFabrics device.

  Local host:   n047
  Local device: mlx5_2
--------------------------------------------------------------------------
[n047.hpc:3092612] 7 more processes have sent help message help-mpi-btl-openib.txt / ib port not selected
[n047.hpc:3092612] Set MCA parameter "orte_base_help_aggregate" to 0 to see all help / error messages
[n047.hpc:3092612] 7 more processes have sent help message help-mpi-btl-openib.txt / error in device init
--------------------------------------------------------------------------
By default, for Open MPI 4.0 and later, infiniband ports on a device
are not used by default.  The intent is to use UCX for these devices.
You can override this policy by setting the btl_openib_allow_ib MCA parameter
to true.

  Local host:              n047
  Local adapter:           mlx5_2
  Local port:              1

--------------------------------------------------------------------------
--------------------------------------------------------------------------
WARNING: There was an error initializing an OpenFabrics device.

  Local host:   n047
  Local device: mlx5_2
--------------------------------------------------------------------------
[n047.hpc:3092640] 7 more processes have sent help message help-mpi-btl-openib.txt / ib port not selected
[n047.hpc:3092640] Set MCA parameter "orte_base_help_aggregate" to 0 to see all help / error messages
[n047.hpc:3092640] 7 more processes have sent help message help-mpi-btl-openib.txt / error in device init
--------------------------------------------------------------------------
By default, for Open MPI 4.0 and later, infiniband ports on a device
are not used by default.  The intent is to use UCX for these devices.
You can override this policy by setting the btl_openib_allow_ib MCA parameter
to true.

  Local host:              n047
  Local adapter:           mlx5_2
  Local port:              1

--------------------------------------------------------------------------
--------------------------------------------------------------------------
WARNING: There was an error initializing an OpenFabrics device.

  Local host:   n047
  Local device: mlx5_2
--------------------------------------------------------------------------
[n047.hpc:3092724] 7 more processes have sent help message help-mpi-btl-openib.txt / ib port not selected
[n047.hpc:3092724] Set MCA parameter "orte_base_help_aggregate" to 0 to see all help / error messages
[n047.hpc:3092724] 7 more processes have sent help message help-mpi-btl-openib.txt / error in device init
--------------------------------------------------------------------------
By default, for Open MPI 4.0 and later, infiniband ports on a device
are not used by default.  The intent is to use UCX for these devices.
You can override this policy by setting the btl_openib_allow_ib MCA parameter
to true.

  Local host:              n047
  Local adapter:           mlx5_2
  Local port:              1

--------------------------------------------------------------------------
--------------------------------------------------------------------------
WARNING: There was an error initializing an OpenFabrics device.

  Local host:   n047
  Local device: mlx5_2
--------------------------------------------------------------------------
[n047.hpc:3092752] 7 more processes have sent help message help-mpi-btl-openib.txt / ib port not selected
[n047.hpc:3092752] Set MCA parameter "orte_base_help_aggregate" to 0 to see all help / error messages
[n047.hpc:3092752] 7 more processes have sent help message help-mpi-btl-openib.txt / error in device init
--------------------------------------------------------------------------
By default, for Open MPI 4.0 and later, infiniband ports on a device
are not used by default.  The intent is to use UCX for these devices.
You can override this policy by setting the btl_openib_allow_ib MCA parameter
to true.

  Local host:              n047
  Local adapter:           mlx5_2
  Local port:              1

--------------------------------------------------------------------------
--------------------------------------------------------------------------
WARNING: There was an error initializing an OpenFabrics device.

  Local host:   n047
  Local device: mlx5_2
--------------------------------------------------------------------------
[n047.hpc:3093121] 7 more processes have sent help message help-mpi-btl-openib.txt / ib port not selected
[n047.hpc:3093121] Set MCA parameter "orte_base_help_aggregate" to 0 to see all help / error messages
[n047.hpc:3093121] 7 more processes have sent help message help-mpi-btl-openib.txt / error in device init
--------------------------------------------------------------------------
By default, for Open MPI 4.0 and later, infiniband ports on a device
are not used by default.  The intent is to use UCX for these devices.
You can override this policy by setting the btl_openib_allow_ib MCA parameter
to true.

  Local host:              n047
  Local adapter:           mlx5_2
  Local port:              1

--------------------------------------------------------------------------
--------------------------------------------------------------------------
WARNING: There was an error initializing an OpenFabrics device.

  Local host:   n047
  Local device: mlx5_2
--------------------------------------------------------------------------
[n047.hpc:3093149] 7 more processes have sent help message help-mpi-btl-openib.txt / ib port not selected
[n047.hpc:3093149] Set MCA parameter "orte_base_help_aggregate" to 0 to see all help / error messages
[n047.hpc:3093149] 7 more processes have sent help message help-mpi-btl-openib.txt / error in device init
--------------------------------------------------------------------------
By default, for Open MPI 4.0 and later, infiniband ports on a device
are not used by default.  The intent is to use UCX for these devices.
You can override this policy by setting the btl_openib_allow_ib MCA parameter
to true.

  Local host:              n047
  Local adapter:           mlx5_2
  Local port:              1

--------------------------------------------------------------------------
--------------------------------------------------------------------------
WARNING: There was an error initializing an OpenFabrics device.

  Local host:   n047
  Local device: mlx5_2
--------------------------------------------------------------------------
[n047.hpc:3093237] 7 more processes have sent help message help-mpi-btl-openib.txt / ib port not selected
[n047.hpc:3093237] Set MCA parameter "orte_base_help_aggregate" to 0 to see all help / error messages
[n047.hpc:3093237] 7 more processes have sent help message help-mpi-btl-openib.txt / error in device init
--------------------------------------------------------------------------
By default, for Open MPI 4.0 and later, infiniband ports on a device
are not used by default.  The intent is to use UCX for these devices.
You can override this policy by setting the btl_openib_allow_ib MCA parameter
to true.

  Local host:              n047
  Local adapter:           mlx5_2
  Local port:              1

--------------------------------------------------------------------------
--------------------------------------------------------------------------
WARNING: There was an error initializing an OpenFabrics device.

  Local host:   n047
  Local device: mlx5_2
--------------------------------------------------------------------------
[n047.hpc:3093265] 7 more processes have sent help message help-mpi-btl-openib.txt / ib port not selected
[n047.hpc:3093265] Set MCA parameter "orte_base_help_aggregate" to 0 to see all help / error messages
[n047.hpc:3093265] 7 more processes have sent help message help-mpi-btl-openib.txt / error in device init
--------------------------------------------------------------------------
By default, for Open MPI 4.0 and later, infiniband ports on a device
are not used by default.  The intent is to use UCX for these devices.
You can override this policy by setting the btl_openib_allow_ib MCA parameter
to true.

  Local host:              n047
  Local adapter:           mlx5_2
  Local port:              1

--------------------------------------------------------------------------
--------------------------------------------------------------------------
WARNING: There was an error initializing an OpenFabrics device.

  Local host:   n047
  Local device: mlx5_2
--------------------------------------------------------------------------
[n047.hpc:3093349] 7 more processes have sent help message help-mpi-btl-openib.txt / ib port not selected
[n047.hpc:3093349] Set MCA parameter "orte_base_help_aggregate" to 0 to see all help / error messages
[n047.hpc:3093349] 7 more processes have sent help message help-mpi-btl-openib.txt / error in device init
--------------------------------------------------------------------------
By default, for Open MPI 4.0 and later, infiniband ports on a device
are not used by default.  The intent is to use UCX for these devices.
You can override this policy by setting the btl_openib_allow_ib MCA parameter
to true.

  Local host:              n047
  Local adapter:           mlx5_2
  Local port:              1

--------------------------------------------------------------------------
--------------------------------------------------------------------------
WARNING: There was an error initializing an OpenFabrics device.

  Local host:   n047
  Local device: mlx5_2
--------------------------------------------------------------------------
[n047.hpc:3093378] 7 more processes have sent help message help-mpi-btl-openib.txt / ib port not selected
[n047.hpc:3093378] Set MCA parameter "orte_base_help_aggregate" to 0 to see all help / error messages
[n047.hpc:3093378] 7 more processes have sent help message help-mpi-btl-openib.txt / error in device init
--------------------------------------------------------------------------
By default, for Open MPI 4.0 and later, infiniband ports on a device
are not used by default.  The intent is to use UCX for these devices.
You can override this policy by setting the btl_openib_allow_ib MCA parameter
to true.

  Local host:              n047
  Local adapter:           mlx5_2
  Local port:              1

--------------------------------------------------------------------------
--------------------------------------------------------------------------
WARNING: There was an error initializing an OpenFabrics device.

  Local host:   n047
  Local device: mlx5_2
--------------------------------------------------------------------------
[n047.hpc:3093640] 7 more processes have sent help message help-mpi-btl-openib.txt / ib port not selected
[n047.hpc:3093640] Set MCA parameter "orte_base_help_aggregate" to 0 to see all help / error messages
[n047.hpc:3093640] 7 more processes have sent help message help-mpi-btl-openib.txt / error in device init
--------------------------------------------------------------------------
By default, for Open MPI 4.0 and later, infiniband ports on a device
are not used by default.  The intent is to use UCX for these devices.
You can override this policy by setting the btl_openib_allow_ib MCA parameter
to true.

  Local host:              n047
  Local adapter:           mlx5_2
  Local port:              1

--------------------------------------------------------------------------
--------------------------------------------------------------------------
WARNING: There was an error initializing an OpenFabrics device.

  Local host:   n047
  Local device: mlx5_2
--------------------------------------------------------------------------
[n047.hpc:3093668] 7 more processes have sent help message help-mpi-btl-openib.txt / ib port not selected
[n047.hpc:3093668] Set MCA parameter "orte_base_help_aggregate" to 0 to see all help / error messages
[n047.hpc:3093668] 7 more processes have sent help message help-mpi-btl-openib.txt / error in device init
--------------------------------------------------------------------------
By default, for Open MPI 4.0 and later, infiniband ports on a device
are not used by default.  The intent is to use UCX for these devices.
You can override this policy by setting the btl_openib_allow_ib MCA parameter
to true.

  Local host:              n047
  Local adapter:           mlx5_2
  Local port:              1

--------------------------------------------------------------------------
--------------------------------------------------------------------------
WARNING: There was an error initializing an OpenFabrics device.

  Local host:   n047
  Local device: mlx5_2
--------------------------------------------------------------------------
[n047.hpc:3093754] 7 more processes have sent help message help-mpi-btl-openib.txt / ib port not selected
[n047.hpc:3093754] Set MCA parameter "orte_base_help_aggregate" to 0 to see all help / error messages
[n047.hpc:3093754] 7 more processes have sent help message help-mpi-btl-openib.txt / error in device init
--------------------------------------------------------------------------
By default, for Open MPI 4.0 and later, infiniband ports on a device
are not used by default.  The intent is to use UCX for these devices.
You can override this policy by setting the btl_openib_allow_ib MCA parameter
to true.

  Local host:              n047
  Local adapter:           mlx5_2
  Local port:              1

--------------------------------------------------------------------------
--------------------------------------------------------------------------
WARNING: There was an error initializing an OpenFabrics device.

  Local host:   n047
  Local device: mlx5_2
--------------------------------------------------------------------------
[n047.hpc:3093782] 7 more processes have sent help message help-mpi-btl-openib.txt / ib port not selected
[n047.hpc:3093782] Set MCA parameter "orte_base_help_aggregate" to 0 to see all help / error messages
[n047.hpc:3093782] 7 more processes have sent help message help-mpi-btl-openib.txt / error in device init
--------------------------------------------------------------------------
By default, for Open MPI 4.0 and later, infiniband ports on a device
are not used by default.  The intent is to use UCX for these devices.
You can override this policy by setting the btl_openib_allow_ib MCA parameter
to true.

  Local host:              n047
  Local adapter:           mlx5_2
  Local port:              1

--------------------------------------------------------------------------
--------------------------------------------------------------------------
WARNING: There was an error initializing an OpenFabrics device.

  Local host:   n047
  Local device: mlx5_2
--------------------------------------------------------------------------
[n047.hpc:3093866] 7 more processes have sent help message help-mpi-btl-openib.txt / ib port not selected
[n047.hpc:3093866] Set MCA parameter "orte_base_help_aggregate" to 0 to see all help / error messages
[n047.hpc:3093866] 7 more processes have sent help message help-mpi-btl-openib.txt / error in device init
--------------------------------------------------------------------------
By default, for Open MPI 4.0 and later, infiniband ports on a device
are not used by default.  The intent is to use UCX for these devices.
You can override this policy by setting the btl_openib_allow_ib MCA parameter
to true.

  Local host:              n047
  Local adapter:           mlx5_2
  Local port:              1

--------------------------------------------------------------------------
--------------------------------------------------------------------------
WARNING: There was an error initializing an OpenFabrics device.

  Local host:   n047
  Local device: mlx5_2
--------------------------------------------------------------------------
[n047.hpc:3093894] 7 more processes have sent help message help-mpi-btl-openib.txt / ib port not selected
[n047.hpc:3093894] Set MCA parameter "orte_base_help_aggregate" to 0 to see all help / error messages
[n047.hpc:3093894] 7 more processes have sent help message help-mpi-btl-openib.txt / error in device init
--------------------------------------------------------------------------
By default, for Open MPI 4.0 and later, infiniband ports on a device
are not used by default.  The intent is to use UCX for these devices.
You can override this policy by setting the btl_openib_allow_ib MCA parameter
to true.

  Local host:              n047
  Local adapter:           mlx5_2
  Local port:              1

--------------------------------------------------------------------------
--------------------------------------------------------------------------
WARNING: There was an error initializing an OpenFabrics device.

  Local host:   n047
  Local device: mlx5_2
--------------------------------------------------------------------------
[n047.hpc:3094195] 7 more processes have sent help message help-mpi-btl-openib.txt / ib port not selected
[n047.hpc:3094195] Set MCA parameter "orte_base_help_aggregate" to 0 to see all help / error messages
[n047.hpc:3094195] 7 more processes have sent help message help-mpi-btl-openib.txt / error in device init
--------------------------------------------------------------------------
By default, for Open MPI 4.0 and later, infiniband ports on a device
are not used by default.  The intent is to use UCX for these devices.
You can override this policy by setting the btl_openib_allow_ib MCA parameter
to true.

  Local host:              n047
  Local adapter:           mlx5_2
  Local port:              1

--------------------------------------------------------------------------
--------------------------------------------------------------------------
WARNING: There was an error initializing an OpenFabrics device.

  Local host:   n047
  Local device: mlx5_2
--------------------------------------------------------------------------
[n047.hpc:3094223] 7 more processes have sent help message help-mpi-btl-openib.txt / ib port not selected
[n047.hpc:3094223] Set MCA parameter "orte_base_help_aggregate" to 0 to see all help / error messages
[n047.hpc:3094223] 7 more processes have sent help message help-mpi-btl-openib.txt / error in device init
--------------------------------------------------------------------------
By default, for Open MPI 4.0 and later, infiniband ports on a device
are not used by default.  The intent is to use UCX for these devices.
You can override this policy by setting the btl_openib_allow_ib MCA parameter
to true.

  Local host:              n047
  Local adapter:           mlx5_2
  Local port:              1

--------------------------------------------------------------------------
--------------------------------------------------------------------------
WARNING: There was an error initializing an OpenFabrics device.

  Local host:   n047
  Local device: mlx5_2
--------------------------------------------------------------------------
[n047.hpc:3094308] 7 more processes have sent help message help-mpi-btl-openib.txt / ib port not selected
[n047.hpc:3094308] Set MCA parameter "orte_base_help_aggregate" to 0 to see all help / error messages
[n047.hpc:3094308] 7 more processes have sent help message help-mpi-btl-openib.txt / error in device init
--------------------------------------------------------------------------
By default, for Open MPI 4.0 and later, infiniband ports on a device
are not used by default.  The intent is to use UCX for these devices.
You can override this policy by setting the btl_openib_allow_ib MCA parameter
to true.

  Local host:              n047
  Local adapter:           mlx5_2
  Local port:              1

--------------------------------------------------------------------------
--------------------------------------------------------------------------
WARNING: There was an error initializing an OpenFabrics device.

  Local host:   n047
  Local device: mlx5_2
--------------------------------------------------------------------------
[n047.hpc:3094336] 7 more processes have sent help message help-mpi-btl-openib.txt / ib port not selected
[n047.hpc:3094336] Set MCA parameter "orte_base_help_aggregate" to 0 to see all help / error messages
[n047.hpc:3094336] 7 more processes have sent help message help-mpi-btl-openib.txt / error in device init
--------------------------------------------------------------------------
By default, for Open MPI 4.0 and later, infiniband ports on a device
are not used by default.  The intent is to use UCX for these devices.
You can override this policy by setting the btl_openib_allow_ib MCA parameter
to true.

  Local host:              n047
  Local adapter:           mlx5_2
  Local port:              1

--------------------------------------------------------------------------
--------------------------------------------------------------------------
WARNING: There was an error initializing an OpenFabrics device.

  Local host:   n047
  Local device: mlx5_2
--------------------------------------------------------------------------
[n047.hpc:3094422] 7 more processes have sent help message help-mpi-btl-openib.txt / ib port not selected
[n047.hpc:3094422] Set MCA parameter "orte_base_help_aggregate" to 0 to see all help / error messages
[n047.hpc:3094422] 7 more processes have sent help message help-mpi-btl-openib.txt / error in device init
--------------------------------------------------------------------------
By default, for Open MPI 4.0 and later, infiniband ports on a device
are not used by default.  The intent is to use UCX for these devices.
You can override this policy by setting the btl_openib_allow_ib MCA parameter
to true.

  Local host:              n047
  Local adapter:           mlx5_2
  Local port:              1

--------------------------------------------------------------------------
--------------------------------------------------------------------------
WARNING: There was an error initializing an OpenFabrics device.

  Local host:   n047
  Local device: mlx5_2
--------------------------------------------------------------------------
[n047.hpc:3094450] 7 more processes have sent help message help-mpi-btl-openib.txt / ib port not selected
[n047.hpc:3094450] Set MCA parameter "orte_base_help_aggregate" to 0 to see all help / error messages
[n047.hpc:3094450] 7 more processes have sent help message help-mpi-btl-openib.txt / error in device init
--------------------------------------------------------------------------
By default, for Open MPI 4.0 and later, infiniband ports on a device
are not used by default.  The intent is to use UCX for these devices.
You can override this policy by setting the btl_openib_allow_ib MCA parameter
to true.

  Local host:              n047
  Local adapter:           mlx5_2
  Local port:              1

--------------------------------------------------------------------------
--------------------------------------------------------------------------
WARNING: There was an error initializing an OpenFabrics device.

  Local host:   n047
  Local device: mlx5_2
--------------------------------------------------------------------------
[n047.hpc:3094650] 7 more processes have sent help message help-mpi-btl-openib.txt / ib port not selected
[n047.hpc:3094650] Set MCA parameter "orte_base_help_aggregate" to 0 to see all help / error messages
[n047.hpc:3094650] 7 more processes have sent help message help-mpi-btl-openib.txt / error in device init
--------------------------------------------------------------------------
By default, for Open MPI 4.0 and later, infiniband ports on a device
are not used by default.  The intent is to use UCX for these devices.
You can override this policy by setting the btl_openib_allow_ib MCA parameter
to true.

  Local host:              n047
  Local adapter:           mlx5_2
  Local port:              1

--------------------------------------------------------------------------
--------------------------------------------------------------------------
WARNING: There was an error initializing an OpenFabrics device.

  Local host:   n047
  Local device: mlx5_2
--------------------------------------------------------------------------
[n047.hpc:3094678] 7 more processes have sent help message help-mpi-btl-openib.txt / ib port not selected
[n047.hpc:3094678] Set MCA parameter "orte_base_help_aggregate" to 0 to see all help / error messages
[n047.hpc:3094678] 7 more processes have sent help message help-mpi-btl-openib.txt / error in device init
--------------------------------------------------------------------------
By default, for Open MPI 4.0 and later, infiniband ports on a device
are not used by default.  The intent is to use UCX for these devices.
You can override this policy by setting the btl_openib_allow_ib MCA parameter
to true.

  Local host:              n047
  Local adapter:           mlx5_2
  Local port:              1

--------------------------------------------------------------------------
--------------------------------------------------------------------------
WARNING: There was an error initializing an OpenFabrics device.

  Local host:   n047
  Local device: mlx5_2
--------------------------------------------------------------------------
[n047.hpc:3094779] 7 more processes have sent help message help-mpi-btl-openib.txt / ib port not selected
[n047.hpc:3094779] Set MCA parameter "orte_base_help_aggregate" to 0 to see all help / error messages
[n047.hpc:3094779] 7 more processes have sent help message help-mpi-btl-openib.txt / error in device init
--------------------------------------------------------------------------
By default, for Open MPI 4.0 and later, infiniband ports on a device
are not used by default.  The intent is to use UCX for these devices.
You can override this policy by setting the btl_openib_allow_ib MCA parameter
to true.

  Local host:              n047
  Local adapter:           mlx5_2
  Local port:              1

--------------------------------------------------------------------------
--------------------------------------------------------------------------
WARNING: There was an error initializing an OpenFabrics device.

  Local host:   n047
  Local device: mlx5_2
--------------------------------------------------------------------------
[n047.hpc:3094807] 7 more processes have sent help message help-mpi-btl-openib.txt / ib port not selected
[n047.hpc:3094807] Set MCA parameter "orte_base_help_aggregate" to 0 to see all help / error messages
[n047.hpc:3094807] 7 more processes have sent help message help-mpi-btl-openib.txt / error in device init
--------------------------------------------------------------------------
By default, for Open MPI 4.0 and later, infiniband ports on a device
are not used by default.  The intent is to use UCX for these devices.
You can override this policy by setting the btl_openib_allow_ib MCA parameter
to true.

  Local host:              n047
  Local adapter:           mlx5_2
  Local port:              1

--------------------------------------------------------------------------
--------------------------------------------------------------------------
WARNING: There was an error initializing an OpenFabrics device.

  Local host:   n047
  Local device: mlx5_2
--------------------------------------------------------------------------
[n047.hpc:3094891] 7 more processes have sent help message help-mpi-btl-openib.txt / ib port not selected
[n047.hpc:3094891] Set MCA parameter "orte_base_help_aggregate" to 0 to see all help / error messages
[n047.hpc:3094891] 7 more processes have sent help message help-mpi-btl-openib.txt / error in device init
--------------------------------------------------------------------------
By default, for Open MPI 4.0 and later, infiniband ports on a device
are not used by default.  The intent is to use UCX for these devices.
You can override this policy by setting the btl_openib_allow_ib MCA parameter
to true.

  Local host:              n047
  Local adapter:           mlx5_2
  Local port:              1

--------------------------------------------------------------------------
--------------------------------------------------------------------------
WARNING: There was an error initializing an OpenFabrics device.

  Local host:   n047
  Local device: mlx5_2
--------------------------------------------------------------------------
[n047.hpc:3094919] 7 more processes have sent help message help-mpi-btl-openib.txt / ib port not selected
[n047.hpc:3094919] Set MCA parameter "orte_base_help_aggregate" to 0 to see all help / error messages
[n047.hpc:3094919] 7 more processes have sent help message help-mpi-btl-openib.txt / error in device init
--------------------------------------------------------------------------
By default, for Open MPI 4.0 and later, infiniband ports on a device
are not used by default.  The intent is to use UCX for these devices.
You can override this policy by setting the btl_openib_allow_ib MCA parameter
to true.

  Local host:              n047
  Local adapter:           mlx5_2
  Local port:              1

--------------------------------------------------------------------------
--------------------------------------------------------------------------
WARNING: There was an error initializing an OpenFabrics device.

  Local host:   n047
  Local device: mlx5_2
--------------------------------------------------------------------------
[n047.hpc:3095173] 7 more processes have sent help message help-mpi-btl-openib.txt / ib port not selected
[n047.hpc:3095173] Set MCA parameter "orte_base_help_aggregate" to 0 to see all help / error messages
[n047.hpc:3095173] 7 more processes have sent help message help-mpi-btl-openib.txt / error in device init
--------------------------------------------------------------------------
By default, for Open MPI 4.0 and later, infiniband ports on a device
are not used by default.  The intent is to use UCX for these devices.
You can override this policy by setting the btl_openib_allow_ib MCA parameter
to true.

  Local host:              n047
  Local adapter:           mlx5_2
  Local port:              1

--------------------------------------------------------------------------
--------------------------------------------------------------------------
WARNING: There was an error initializing an OpenFabrics device.

  Local host:   n047
  Local device: mlx5_2
--------------------------------------------------------------------------
[n047.hpc:3095201] 7 more processes have sent help message help-mpi-btl-openib.txt / ib port not selected
[n047.hpc:3095201] Set MCA parameter "orte_base_help_aggregate" to 0 to see all help / error messages
[n047.hpc:3095201] 7 more processes have sent help message help-mpi-btl-openib.txt / error in device init
--------------------------------------------------------------------------
By default, for Open MPI 4.0 and later, infiniband ports on a device
are not used by default.  The intent is to use UCX for these devices.
You can override this policy by setting the btl_openib_allow_ib MCA parameter
to true.

  Local host:              n047
  Local adapter:           mlx5_2
  Local port:              1

--------------------------------------------------------------------------
--------------------------------------------------------------------------
WARNING: There was an error initializing an OpenFabrics device.

  Local host:   n047
  Local device: mlx5_2
--------------------------------------------------------------------------
[n047.hpc:3095287] 7 more processes have sent help message help-mpi-btl-openib.txt / ib port not selected
[n047.hpc:3095287] Set MCA parameter "orte_base_help_aggregate" to 0 to see all help / error messages
[n047.hpc:3095287] 7 more processes have sent help message help-mpi-btl-openib.txt / error in device init
--------------------------------------------------------------------------
By default, for Open MPI 4.0 and later, infiniband ports on a device
are not used by default.  The intent is to use UCX for these devices.
You can override this policy by setting the btl_openib_allow_ib MCA parameter
to true.

  Local host:              n047
  Local adapter:           mlx5_2
  Local port:              1

--------------------------------------------------------------------------
--------------------------------------------------------------------------
WARNING: There was an error initializing an OpenFabrics device.

  Local host:   n047
  Local device: mlx5_2
--------------------------------------------------------------------------
[n047.hpc:3095315] 7 more processes have sent help message help-mpi-btl-openib.txt / ib port not selected
[n047.hpc:3095315] Set MCA parameter "orte_base_help_aggregate" to 0 to see all help / error messages
[n047.hpc:3095315] 7 more processes have sent help message help-mpi-btl-openib.txt / error in device init
--------------------------------------------------------------------------
By default, for Open MPI 4.0 and later, infiniband ports on a device
are not used by default.  The intent is to use UCX for these devices.
You can override this policy by setting the btl_openib_allow_ib MCA parameter
to true.

  Local host:              n047
  Local adapter:           mlx5_2
  Local port:              1

--------------------------------------------------------------------------
--------------------------------------------------------------------------
WARNING: There was an error initializing an OpenFabrics device.

  Local host:   n047
  Local device: mlx5_2
--------------------------------------------------------------------------
[n047.hpc:3095343] 7 more processes have sent help message help-mpi-btl-openib.txt / ib port not selected
[n047.hpc:3095343] Set MCA parameter "orte_base_help_aggregate" to 0 to see all help / error messages
[n047.hpc:3095343] 7 more processes have sent help message help-mpi-btl-openib.txt / error in device init
--------------------------------------------------------------------------
By default, for Open MPI 4.0 and later, infiniband ports on a device
are not used by default.  The intent is to use UCX for these devices.
You can override this policy by setting the btl_openib_allow_ib MCA parameter
to true.

  Local host:              n047
  Local adapter:           mlx5_2
  Local port:              1

--------------------------------------------------------------------------
--------------------------------------------------------------------------
WARNING: There was an error initializing an OpenFabrics device.

  Local host:   n047
  Local device: mlx5_2
--------------------------------------------------------------------------
[n047.hpc:3095371] 7 more processes have sent help message help-mpi-btl-openib.txt / ib port not selected
[n047.hpc:3095371] Set MCA parameter "orte_base_help_aggregate" to 0 to see all help / error messages
[n047.hpc:3095371] 7 more processes have sent help message help-mpi-btl-openib.txt / error in device init
--------------------------------------------------------------------------
By default, for Open MPI 4.0 and later, infiniband ports on a device
are not used by default.  The intent is to use UCX for these devices.
You can override this policy by setting the btl_openib_allow_ib MCA parameter
to true.

  Local host:              n047
  Local adapter:           mlx5_2
  Local port:              1

--------------------------------------------------------------------------
--------------------------------------------------------------------------
WARNING: There was an error initializing an OpenFabrics device.

  Local host:   n047
  Local device: mlx5_2
--------------------------------------------------------------------------
[n047.hpc:3095728] 7 more processes have sent help message help-mpi-btl-openib.txt / ib port not selected
[n047.hpc:3095728] Set MCA parameter "orte_base_help_aggregate" to 0 to see all help / error messages
[n047.hpc:3095728] 7 more processes have sent help message help-mpi-btl-openib.txt / error in device init
--------------------------------------------------------------------------
By default, for Open MPI 4.0 and later, infiniband ports on a device
are not used by default.  The intent is to use UCX for these devices.
You can override this policy by setting the btl_openib_allow_ib MCA parameter
to true.

  Local host:              n047
  Local adapter:           mlx5_2
  Local port:              1

--------------------------------------------------------------------------
--------------------------------------------------------------------------
WARNING: There was an error initializing an OpenFabrics device.

  Local host:   n047
  Local device: mlx5_2
--------------------------------------------------------------------------
[n047.hpc:3096104] 7 more processes have sent help message help-mpi-btl-openib.txt / ib port not selected
[n047.hpc:3096104] Set MCA parameter "orte_base_help_aggregate" to 0 to see all help / error messages
[n047.hpc:3096104] 7 more processes have sent help message help-mpi-btl-openib.txt / error in device init
--------------------------------------------------------------------------
By default, for Open MPI 4.0 and later, infiniband ports on a device
are not used by default.  The intent is to use UCX for these devices.
You can override this policy by setting the btl_openib_allow_ib MCA parameter
to true.

  Local host:              n047
  Local adapter:           mlx5_2
  Local port:              1

--------------------------------------------------------------------------
--------------------------------------------------------------------------
WARNING: There was an error initializing an OpenFabrics device.

  Local host:   n047
  Local device: mlx5_2
--------------------------------------------------------------------------
[n047.hpc:3096218] 7 more processes have sent help message help-mpi-btl-openib.txt / ib port not selected
[n047.hpc:3096218] Set MCA parameter "orte_base_help_aggregate" to 0 to see all help / error messages
[n047.hpc:3096218] 7 more processes have sent help message help-mpi-btl-openib.txt / error in device init
--------------------------------------------------------------------------
By default, for Open MPI 4.0 and later, infiniband ports on a device
are not used by default.  The intent is to use UCX for these devices.
You can override this policy by setting the btl_openib_allow_ib MCA parameter
to true.

  Local host:              n047
  Local adapter:           mlx5_2
  Local port:              1

--------------------------------------------------------------------------
--------------------------------------------------------------------------
WARNING: There was an error initializing an OpenFabrics device.

  Local host:   n047
  Local device: mlx5_2
--------------------------------------------------------------------------
[n047.hpc:3096667] 7 more processes have sent help message help-mpi-btl-openib.txt / ib port not selected
[n047.hpc:3096667] Set MCA parameter "orte_base_help_aggregate" to 0 to see all help / error messages
[n047.hpc:3096667] 7 more processes have sent help message help-mpi-btl-openib.txt / error in device init
