--------------------------------------------------------------------------
By default, for Open MPI 4.0 and later, infiniband ports on a device
are not used by default.  The intent is to use UCX for these devices.
You can override this policy by setting the btl_openib_allow_ib MCA parameter
to true.

  Local host:              n047
  Local adapter:           mlx5_2
  Local port:              1

--------------------------------------------------------------------------
--------------------------------------------------------------------------
WARNING: There was an error initializing an OpenFabrics device.

  Local host:   n047
  Local device: mlx5_2
--------------------------------------------------------------------------
[n047.hpc:3185139] 7 more processes have sent help message help-mpi-btl-openib.txt / ib port not selected
[n047.hpc:3185139] Set MCA parameter "orte_base_help_aggregate" to 0 to see all help / error messages
[n047.hpc:3185139] 7 more processes have sent help message help-mpi-btl-openib.txt / error in device init
--------------------------------------------------------------------------
By default, for Open MPI 4.0 and later, infiniband ports on a device
are not used by default.  The intent is to use UCX for these devices.
You can override this policy by setting the btl_openib_allow_ib MCA parameter
to true.

  Local host:              n047
  Local adapter:           mlx5_2
  Local port:              1

--------------------------------------------------------------------------
--------------------------------------------------------------------------
WARNING: There was an error initializing an OpenFabrics device.

  Local host:   n047
  Local device: mlx5_2
--------------------------------------------------------------------------
[n047.hpc:3185167] 7 more processes have sent help message help-mpi-btl-openib.txt / ib port not selected
[n047.hpc:3185167] Set MCA parameter "orte_base_help_aggregate" to 0 to see all help / error messages
[n047.hpc:3185167] 7 more processes have sent help message help-mpi-btl-openib.txt / error in device init
--------------------------------------------------------------------------
By default, for Open MPI 4.0 and later, infiniband ports on a device
are not used by default.  The intent is to use UCX for these devices.
You can override this policy by setting the btl_openib_allow_ib MCA parameter
to true.

  Local host:              n047
  Local adapter:           mlx5_2
  Local port:              1

--------------------------------------------------------------------------
--------------------------------------------------------------------------
WARNING: There was an error initializing an OpenFabrics device.

  Local host:   n047
  Local device: mlx5_2
--------------------------------------------------------------------------
[n047.hpc:3185331] 7 more processes have sent help message help-mpi-btl-openib.txt / ib port not selected
[n047.hpc:3185331] Set MCA parameter "orte_base_help_aggregate" to 0 to see all help / error messages
[n047.hpc:3185331] 7 more processes have sent help message help-mpi-btl-openib.txt / error in device init
--------------------------------------------------------------------------
By default, for Open MPI 4.0 and later, infiniband ports on a device
are not used by default.  The intent is to use UCX for these devices.
You can override this policy by setting the btl_openib_allow_ib MCA parameter
to true.

  Local host:              n047
  Local adapter:           mlx5_2
  Local port:              1

--------------------------------------------------------------------------
--------------------------------------------------------------------------
WARNING: There was an error initializing an OpenFabrics device.

  Local host:   n047
  Local device: mlx5_2
--------------------------------------------------------------------------
[n047.hpc:3185461] 7 more processes have sent help message help-mpi-btl-openib.txt / ib port not selected
[n047.hpc:3185461] Set MCA parameter "orte_base_help_aggregate" to 0 to see all help / error messages
[n047.hpc:3185461] 7 more processes have sent help message help-mpi-btl-openib.txt / error in device init
--------------------------------------------------------------------------
By default, for Open MPI 4.0 and later, infiniband ports on a device
are not used by default.  The intent is to use UCX for these devices.
You can override this policy by setting the btl_openib_allow_ib MCA parameter
to true.

  Local host:              n047
  Local adapter:           mlx5_2
  Local port:              1

--------------------------------------------------------------------------
--------------------------------------------------------------------------
WARNING: There was an error initializing an OpenFabrics device.

  Local host:   n047
  Local device: mlx5_2
--------------------------------------------------------------------------
[n047.hpc:3185489] 7 more processes have sent help message help-mpi-btl-openib.txt / ib port not selected
[n047.hpc:3185489] Set MCA parameter "orte_base_help_aggregate" to 0 to see all help / error messages
[n047.hpc:3185489] 7 more processes have sent help message help-mpi-btl-openib.txt / error in device init
--------------------------------------------------------------------------
By default, for Open MPI 4.0 and later, infiniband ports on a device
are not used by default.  The intent is to use UCX for these devices.
You can override this policy by setting the btl_openib_allow_ib MCA parameter
to true.

  Local host:              n047
  Local adapter:           mlx5_2
  Local port:              1

--------------------------------------------------------------------------
--------------------------------------------------------------------------
WARNING: There was an error initializing an OpenFabrics device.

  Local host:   n047
  Local device: mlx5_2
--------------------------------------------------------------------------
[n047.hpc:3185631] 7 more processes have sent help message help-mpi-btl-openib.txt / ib port not selected
[n047.hpc:3185631] Set MCA parameter "orte_base_help_aggregate" to 0 to see all help / error messages
[n047.hpc:3185631] 7 more processes have sent help message help-mpi-btl-openib.txt / error in device init
--------------------------------------------------------------------------
By default, for Open MPI 4.0 and later, infiniband ports on a device
are not used by default.  The intent is to use UCX for these devices.
You can override this policy by setting the btl_openib_allow_ib MCA parameter
to true.

  Local host:              n047
  Local adapter:           mlx5_2
  Local port:              1

--------------------------------------------------------------------------
--------------------------------------------------------------------------
WARNING: There was an error initializing an OpenFabrics device.

  Local host:   n047
  Local device: mlx5_2
--------------------------------------------------------------------------
[n047.hpc:3185673] 7 more processes have sent help message help-mpi-btl-openib.txt / ib port not selected
[n047.hpc:3185673] Set MCA parameter "orte_base_help_aggregate" to 0 to see all help / error messages
[n047.hpc:3185673] 7 more processes have sent help message help-mpi-btl-openib.txt / error in device init
--------------------------------------------------------------------------
By default, for Open MPI 4.0 and later, infiniband ports on a device
are not used by default.  The intent is to use UCX for these devices.
You can override this policy by setting the btl_openib_allow_ib MCA parameter
to true.

  Local host:              n047
  Local adapter:           mlx5_2
  Local port:              1

--------------------------------------------------------------------------
--------------------------------------------------------------------------
WARNING: There was an error initializing an OpenFabrics device.

  Local host:   n047
  Local device: mlx5_2
--------------------------------------------------------------------------
[n047.hpc:3185874] 7 more processes have sent help message help-mpi-btl-openib.txt / ib port not selected
[n047.hpc:3185874] Set MCA parameter "orte_base_help_aggregate" to 0 to see all help / error messages
[n047.hpc:3185874] 7 more processes have sent help message help-mpi-btl-openib.txt / error in device init
--------------------------------------------------------------------------
By default, for Open MPI 4.0 and later, infiniband ports on a device
are not used by default.  The intent is to use UCX for these devices.
You can override this policy by setting the btl_openib_allow_ib MCA parameter
to true.

  Local host:              n047
  Local adapter:           mlx5_2
  Local port:              1

--------------------------------------------------------------------------
--------------------------------------------------------------------------
WARNING: There was an error initializing an OpenFabrics device.

  Local host:   n047
  Local device: mlx5_2
--------------------------------------------------------------------------
[n047.hpc:3186777] 7 more processes have sent help message help-mpi-btl-openib.txt / ib port not selected
[n047.hpc:3186777] Set MCA parameter "orte_base_help_aggregate" to 0 to see all help / error messages
[n047.hpc:3186777] 7 more processes have sent help message help-mpi-btl-openib.txt / error in device init
--------------------------------------------------------------------------
By default, for Open MPI 4.0 and later, infiniband ports on a device
are not used by default.  The intent is to use UCX for these devices.
You can override this policy by setting the btl_openib_allow_ib MCA parameter
to true.

  Local host:              n047
  Local adapter:           mlx5_2
  Local port:              1

--------------------------------------------------------------------------
--------------------------------------------------------------------------
WARNING: There was an error initializing an OpenFabrics device.

  Local host:   n047
  Local device: mlx5_2
--------------------------------------------------------------------------
[n047.hpc:3186805] 7 more processes have sent help message help-mpi-btl-openib.txt / ib port not selected
[n047.hpc:3186805] Set MCA parameter "orte_base_help_aggregate" to 0 to see all help / error messages
[n047.hpc:3186805] 7 more processes have sent help message help-mpi-btl-openib.txt / error in device init
--------------------------------------------------------------------------
By default, for Open MPI 4.0 and later, infiniband ports on a device
are not used by default.  The intent is to use UCX for these devices.
You can override this policy by setting the btl_openib_allow_ib MCA parameter
to true.

  Local host:              n047
  Local adapter:           mlx5_2
  Local port:              1

--------------------------------------------------------------------------
--------------------------------------------------------------------------
WARNING: There was an error initializing an OpenFabrics device.

  Local host:   n047
  Local device: mlx5_2
--------------------------------------------------------------------------
[n047.hpc:3186833] 7 more processes have sent help message help-mpi-btl-openib.txt / ib port not selected
[n047.hpc:3186833] Set MCA parameter "orte_base_help_aggregate" to 0 to see all help / error messages
[n047.hpc:3186833] 7 more processes have sent help message help-mpi-btl-openib.txt / error in device init
--------------------------------------------------------------------------
By default, for Open MPI 4.0 and later, infiniband ports on a device
are not used by default.  The intent is to use UCX for these devices.
You can override this policy by setting the btl_openib_allow_ib MCA parameter
to true.

  Local host:              n047
  Local adapter:           mlx5_2
  Local port:              1

--------------------------------------------------------------------------
--------------------------------------------------------------------------
WARNING: There was an error initializing an OpenFabrics device.

  Local host:   n047
  Local device: mlx5_2
--------------------------------------------------------------------------
[n047.hpc:3186869] 7 more processes have sent help message help-mpi-btl-openib.txt / ib port not selected
[n047.hpc:3186869] Set MCA parameter "orte_base_help_aggregate" to 0 to see all help / error messages
[n047.hpc:3186869] 7 more processes have sent help message help-mpi-btl-openib.txt / error in device init
--------------------------------------------------------------------------
By default, for Open MPI 4.0 and later, infiniband ports on a device
are not used by default.  The intent is to use UCX for these devices.
You can override this policy by setting the btl_openib_allow_ib MCA parameter
to true.

  Local host:              n047
  Local adapter:           mlx5_2
  Local port:              1

--------------------------------------------------------------------------
--------------------------------------------------------------------------
WARNING: There was an error initializing an OpenFabrics device.

  Local host:   n047
  Local device: mlx5_2
--------------------------------------------------------------------------
[n047.hpc:3186897] 7 more processes have sent help message help-mpi-btl-openib.txt / ib port not selected
[n047.hpc:3186897] Set MCA parameter "orte_base_help_aggregate" to 0 to see all help / error messages
[n047.hpc:3186897] 7 more processes have sent help message help-mpi-btl-openib.txt / error in device init
--------------------------------------------------------------------------
By default, for Open MPI 4.0 and later, infiniband ports on a device
are not used by default.  The intent is to use UCX for these devices.
You can override this policy by setting the btl_openib_allow_ib MCA parameter
to true.

  Local host:              n047
  Local adapter:           mlx5_2
  Local port:              1

--------------------------------------------------------------------------
--------------------------------------------------------------------------
WARNING: There was an error initializing an OpenFabrics device.

  Local host:   n047
  Local device: mlx5_2
--------------------------------------------------------------------------
[n047.hpc:3187184] 7 more processes have sent help message help-mpi-btl-openib.txt / ib port not selected
[n047.hpc:3187184] Set MCA parameter "orte_base_help_aggregate" to 0 to see all help / error messages
[n047.hpc:3187184] 7 more processes have sent help message help-mpi-btl-openib.txt / error in device init
--------------------------------------------------------------------------
By default, for Open MPI 4.0 and later, infiniband ports on a device
are not used by default.  The intent is to use UCX for these devices.
You can override this policy by setting the btl_openib_allow_ib MCA parameter
to true.

  Local host:              n047
  Local adapter:           mlx5_2
  Local port:              1

--------------------------------------------------------------------------
--------------------------------------------------------------------------
WARNING: There was an error initializing an OpenFabrics device.

  Local host:   n047
  Local device: mlx5_2
--------------------------------------------------------------------------
[n047.hpc:3187212] 7 more processes have sent help message help-mpi-btl-openib.txt / ib port not selected
[n047.hpc:3187212] Set MCA parameter "orte_base_help_aggregate" to 0 to see all help / error messages
[n047.hpc:3187212] 7 more processes have sent help message help-mpi-btl-openib.txt / error in device init
--------------------------------------------------------------------------
By default, for Open MPI 4.0 and later, infiniband ports on a device
are not used by default.  The intent is to use UCX for these devices.
You can override this policy by setting the btl_openib_allow_ib MCA parameter
to true.

  Local host:              n047
  Local adapter:           mlx5_2
  Local port:              1

--------------------------------------------------------------------------
--------------------------------------------------------------------------
WARNING: There was an error initializing an OpenFabrics device.

  Local host:   n047
  Local device: mlx5_2
--------------------------------------------------------------------------
[n047.hpc:3187381] 7 more processes have sent help message help-mpi-btl-openib.txt / ib port not selected
[n047.hpc:3187381] Set MCA parameter "orte_base_help_aggregate" to 0 to see all help / error messages
[n047.hpc:3187381] 7 more processes have sent help message help-mpi-btl-openib.txt / error in device init
--------------------------------------------------------------------------
By default, for Open MPI 4.0 and later, infiniband ports on a device
are not used by default.  The intent is to use UCX for these devices.
You can override this policy by setting the btl_openib_allow_ib MCA parameter
to true.

  Local host:              n047
  Local adapter:           mlx5_2
  Local port:              1

--------------------------------------------------------------------------
--------------------------------------------------------------------------
WARNING: There was an error initializing an OpenFabrics device.

  Local host:   n047
  Local device: mlx5_2
--------------------------------------------------------------------------
[n047.hpc:3187409] 7 more processes have sent help message help-mpi-btl-openib.txt / ib port not selected
[n047.hpc:3187409] Set MCA parameter "orte_base_help_aggregate" to 0 to see all help / error messages
[n047.hpc:3187409] 7 more processes have sent help message help-mpi-btl-openib.txt / error in device init
--------------------------------------------------------------------------
By default, for Open MPI 4.0 and later, infiniband ports on a device
are not used by default.  The intent is to use UCX for these devices.
You can override this policy by setting the btl_openib_allow_ib MCA parameter
to true.

  Local host:              n047
  Local adapter:           mlx5_2
  Local port:              1

--------------------------------------------------------------------------
--------------------------------------------------------------------------
WARNING: There was an error initializing an OpenFabrics device.

  Local host:   n047
  Local device: mlx5_2
--------------------------------------------------------------------------
[n047.hpc:3187437] 7 more processes have sent help message help-mpi-btl-openib.txt / ib port not selected
[n047.hpc:3187437] Set MCA parameter "orte_base_help_aggregate" to 0 to see all help / error messages
[n047.hpc:3187437] 7 more processes have sent help message help-mpi-btl-openib.txt / error in device init
--------------------------------------------------------------------------
By default, for Open MPI 4.0 and later, infiniband ports on a device
are not used by default.  The intent is to use UCX for these devices.
You can override this policy by setting the btl_openib_allow_ib MCA parameter
to true.

  Local host:              n047
  Local adapter:           mlx5_2
  Local port:              1

--------------------------------------------------------------------------
--------------------------------------------------------------------------
WARNING: There was an error initializing an OpenFabrics device.

  Local host:   n047
  Local device: mlx5_2
--------------------------------------------------------------------------
[n047.hpc:3187465] 7 more processes have sent help message help-mpi-btl-openib.txt / ib port not selected
[n047.hpc:3187465] Set MCA parameter "orte_base_help_aggregate" to 0 to see all help / error messages
[n047.hpc:3187465] 7 more processes have sent help message help-mpi-btl-openib.txt / error in device init
--------------------------------------------------------------------------
By default, for Open MPI 4.0 and later, infiniband ports on a device
are not used by default.  The intent is to use UCX for these devices.
You can override this policy by setting the btl_openib_allow_ib MCA parameter
to true.

  Local host:              n047
  Local adapter:           mlx5_2
  Local port:              1

--------------------------------------------------------------------------
--------------------------------------------------------------------------
WARNING: There was an error initializing an OpenFabrics device.

  Local host:   n047
  Local device: mlx5_2
--------------------------------------------------------------------------
[n047.hpc:3187759] 7 more processes have sent help message help-mpi-btl-openib.txt / ib port not selected
[n047.hpc:3187759] Set MCA parameter "orte_base_help_aggregate" to 0 to see all help / error messages
[n047.hpc:3187759] 7 more processes have sent help message help-mpi-btl-openib.txt / error in device init
--------------------------------------------------------------------------
By default, for Open MPI 4.0 and later, infiniband ports on a device
are not used by default.  The intent is to use UCX for these devices.
You can override this policy by setting the btl_openib_allow_ib MCA parameter
to true.

  Local host:              n047
  Local adapter:           mlx5_2
  Local port:              1

--------------------------------------------------------------------------
--------------------------------------------------------------------------
WARNING: There was an error initializing an OpenFabrics device.

  Local host:   n047
  Local device: mlx5_2
--------------------------------------------------------------------------
[n047.hpc:3187787] 7 more processes have sent help message help-mpi-btl-openib.txt / ib port not selected
[n047.hpc:3187787] Set MCA parameter "orte_base_help_aggregate" to 0 to see all help / error messages
[n047.hpc:3187787] 7 more processes have sent help message help-mpi-btl-openib.txt / error in device init
--------------------------------------------------------------------------
By default, for Open MPI 4.0 and later, infiniband ports on a device
are not used by default.  The intent is to use UCX for these devices.
You can override this policy by setting the btl_openib_allow_ib MCA parameter
to true.

  Local host:              n047
  Local adapter:           mlx5_2
  Local port:              1

--------------------------------------------------------------------------
--------------------------------------------------------------------------
WARNING: There was an error initializing an OpenFabrics device.

  Local host:   n047
  Local device: mlx5_2
--------------------------------------------------------------------------
[n047.hpc:3187881] 7 more processes have sent help message help-mpi-btl-openib.txt / ib port not selected
[n047.hpc:3187881] Set MCA parameter "orte_base_help_aggregate" to 0 to see all help / error messages
[n047.hpc:3187881] 7 more processes have sent help message help-mpi-btl-openib.txt / error in device init
--------------------------------------------------------------------------
By default, for Open MPI 4.0 and later, infiniband ports on a device
are not used by default.  The intent is to use UCX for these devices.
You can override this policy by setting the btl_openib_allow_ib MCA parameter
to true.

  Local host:              n047
  Local adapter:           mlx5_2
  Local port:              1

--------------------------------------------------------------------------
--------------------------------------------------------------------------
WARNING: There was an error initializing an OpenFabrics device.

  Local host:   n047
  Local device: mlx5_2
--------------------------------------------------------------------------
[n047.hpc:3187909] 7 more processes have sent help message help-mpi-btl-openib.txt / ib port not selected
[n047.hpc:3187909] Set MCA parameter "orte_base_help_aggregate" to 0 to see all help / error messages
[n047.hpc:3187909] 7 more processes have sent help message help-mpi-btl-openib.txt / error in device init
--------------------------------------------------------------------------
By default, for Open MPI 4.0 and later, infiniband ports on a device
are not used by default.  The intent is to use UCX for these devices.
You can override this policy by setting the btl_openib_allow_ib MCA parameter
to true.

  Local host:              n047
  Local adapter:           mlx5_2
  Local port:              1

--------------------------------------------------------------------------
--------------------------------------------------------------------------
WARNING: There was an error initializing an OpenFabrics device.

  Local host:   n047
  Local device: mlx5_2
--------------------------------------------------------------------------
[n047.hpc:3187937] 7 more processes have sent help message help-mpi-btl-openib.txt / ib port not selected
[n047.hpc:3187937] Set MCA parameter "orte_base_help_aggregate" to 0 to see all help / error messages
[n047.hpc:3187937] 7 more processes have sent help message help-mpi-btl-openib.txt / error in device init
--------------------------------------------------------------------------
By default, for Open MPI 4.0 and later, infiniband ports on a device
are not used by default.  The intent is to use UCX for these devices.
You can override this policy by setting the btl_openib_allow_ib MCA parameter
to true.

  Local host:              n047
  Local adapter:           mlx5_2
  Local port:              1

--------------------------------------------------------------------------
--------------------------------------------------------------------------
WARNING: There was an error initializing an OpenFabrics device.

  Local host:   n047
  Local device: mlx5_2
--------------------------------------------------------------------------
[n047.hpc:3187965] 7 more processes have sent help message help-mpi-btl-openib.txt / ib port not selected
[n047.hpc:3187965] Set MCA parameter "orte_base_help_aggregate" to 0 to see all help / error messages
[n047.hpc:3187965] 7 more processes have sent help message help-mpi-btl-openib.txt / error in device init
--------------------------------------------------------------------------
By default, for Open MPI 4.0 and later, infiniband ports on a device
are not used by default.  The intent is to use UCX for these devices.
You can override this policy by setting the btl_openib_allow_ib MCA parameter
to true.

  Local host:              n047
  Local adapter:           mlx5_2
  Local port:              1

--------------------------------------------------------------------------
--------------------------------------------------------------------------
WARNING: There was an error initializing an OpenFabrics device.

  Local host:   n047
  Local device: mlx5_2
--------------------------------------------------------------------------
[n047.hpc:3188295] 7 more processes have sent help message help-mpi-btl-openib.txt / ib port not selected
[n047.hpc:3188295] Set MCA parameter "orte_base_help_aggregate" to 0 to see all help / error messages
[n047.hpc:3188295] 7 more processes have sent help message help-mpi-btl-openib.txt / error in device init
--------------------------------------------------------------------------
By default, for Open MPI 4.0 and later, infiniband ports on a device
are not used by default.  The intent is to use UCX for these devices.
You can override this policy by setting the btl_openib_allow_ib MCA parameter
to true.

  Local host:              n047
  Local adapter:           mlx5_2
  Local port:              1

--------------------------------------------------------------------------
--------------------------------------------------------------------------
WARNING: There was an error initializing an OpenFabrics device.

  Local host:   n047
  Local device: mlx5_2
--------------------------------------------------------------------------
[n047.hpc:3188323] 7 more processes have sent help message help-mpi-btl-openib.txt / ib port not selected
[n047.hpc:3188323] Set MCA parameter "orte_base_help_aggregate" to 0 to see all help / error messages
[n047.hpc:3188323] 7 more processes have sent help message help-mpi-btl-openib.txt / error in device init
--------------------------------------------------------------------------
By default, for Open MPI 4.0 and later, infiniband ports on a device
are not used by default.  The intent is to use UCX for these devices.
You can override this policy by setting the btl_openib_allow_ib MCA parameter
to true.

  Local host:              n047
  Local adapter:           mlx5_2
  Local port:              1

--------------------------------------------------------------------------
--------------------------------------------------------------------------
WARNING: There was an error initializing an OpenFabrics device.

  Local host:   n047
  Local device: mlx5_2
--------------------------------------------------------------------------
[n047.hpc:3188407] 7 more processes have sent help message help-mpi-btl-openib.txt / ib port not selected
[n047.hpc:3188407] Set MCA parameter "orte_base_help_aggregate" to 0 to see all help / error messages
[n047.hpc:3188407] 7 more processes have sent help message help-mpi-btl-openib.txt / error in device init
--------------------------------------------------------------------------
By default, for Open MPI 4.0 and later, infiniband ports on a device
are not used by default.  The intent is to use UCX for these devices.
You can override this policy by setting the btl_openib_allow_ib MCA parameter
to true.

  Local host:              n047
  Local adapter:           mlx5_2
  Local port:              1

--------------------------------------------------------------------------
--------------------------------------------------------------------------
WARNING: There was an error initializing an OpenFabrics device.

  Local host:   n047
  Local device: mlx5_2
--------------------------------------------------------------------------
[n047.hpc:3188435] 7 more processes have sent help message help-mpi-btl-openib.txt / ib port not selected
[n047.hpc:3188435] Set MCA parameter "orte_base_help_aggregate" to 0 to see all help / error messages
[n047.hpc:3188435] 7 more processes have sent help message help-mpi-btl-openib.txt / error in device init
--------------------------------------------------------------------------
By default, for Open MPI 4.0 and later, infiniband ports on a device
are not used by default.  The intent is to use UCX for these devices.
You can override this policy by setting the btl_openib_allow_ib MCA parameter
to true.

  Local host:              n047
  Local adapter:           mlx5_2
  Local port:              1

--------------------------------------------------------------------------
--------------------------------------------------------------------------
WARNING: There was an error initializing an OpenFabrics device.

  Local host:   n047
  Local device: mlx5_2
--------------------------------------------------------------------------
[n047.hpc:3188463] 7 more processes have sent help message help-mpi-btl-openib.txt / ib port not selected
[n047.hpc:3188463] Set MCA parameter "orte_base_help_aggregate" to 0 to see all help / error messages
[n047.hpc:3188463] 7 more processes have sent help message help-mpi-btl-openib.txt / error in device init
--------------------------------------------------------------------------
By default, for Open MPI 4.0 and later, infiniband ports on a device
are not used by default.  The intent is to use UCX for these devices.
You can override this policy by setting the btl_openib_allow_ib MCA parameter
to true.

  Local host:              n047
  Local adapter:           mlx5_2
  Local port:              1

--------------------------------------------------------------------------
--------------------------------------------------------------------------
WARNING: There was an error initializing an OpenFabrics device.

  Local host:   n047
  Local device: mlx5_2
--------------------------------------------------------------------------
[n047.hpc:3188491] 7 more processes have sent help message help-mpi-btl-openib.txt / ib port not selected
[n047.hpc:3188491] Set MCA parameter "orte_base_help_aggregate" to 0 to see all help / error messages
[n047.hpc:3188491] 7 more processes have sent help message help-mpi-btl-openib.txt / error in device init
--------------------------------------------------------------------------
By default, for Open MPI 4.0 and later, infiniband ports on a device
are not used by default.  The intent is to use UCX for these devices.
You can override this policy by setting the btl_openib_allow_ib MCA parameter
to true.

  Local host:              n047
  Local adapter:           mlx5_2
  Local port:              1

--------------------------------------------------------------------------
--------------------------------------------------------------------------
WARNING: There was an error initializing an OpenFabrics device.

  Local host:   n047
  Local device: mlx5_2
--------------------------------------------------------------------------
[n047.hpc:3188701] 7 more processes have sent help message help-mpi-btl-openib.txt / ib port not selected
[n047.hpc:3188701] Set MCA parameter "orte_base_help_aggregate" to 0 to see all help / error messages
[n047.hpc:3188701] 7 more processes have sent help message help-mpi-btl-openib.txt / error in device init
--------------------------------------------------------------------------
By default, for Open MPI 4.0 and later, infiniband ports on a device
are not used by default.  The intent is to use UCX for these devices.
You can override this policy by setting the btl_openib_allow_ib MCA parameter
to true.

  Local host:              n047
  Local adapter:           mlx5_2
  Local port:              1

--------------------------------------------------------------------------
--------------------------------------------------------------------------
WARNING: There was an error initializing an OpenFabrics device.

  Local host:   n047
  Local device: mlx5_2
--------------------------------------------------------------------------
[n047.hpc:3188757] 7 more processes have sent help message help-mpi-btl-openib.txt / ib port not selected
[n047.hpc:3188757] Set MCA parameter "orte_base_help_aggregate" to 0 to see all help / error messages
[n047.hpc:3188757] 7 more processes have sent help message help-mpi-btl-openib.txt / error in device init
--------------------------------------------------------------------------
By default, for Open MPI 4.0 and later, infiniband ports on a device
are not used by default.  The intent is to use UCX for these devices.
You can override this policy by setting the btl_openib_allow_ib MCA parameter
to true.

  Local host:              n047
  Local adapter:           mlx5_2
  Local port:              1

--------------------------------------------------------------------------
--------------------------------------------------------------------------
WARNING: There was an error initializing an OpenFabrics device.

  Local host:   n047
  Local device: mlx5_2
--------------------------------------------------------------------------
[n047.hpc:3188816] 7 more processes have sent help message help-mpi-btl-openib.txt / ib port not selected
[n047.hpc:3188816] Set MCA parameter "orte_base_help_aggregate" to 0 to see all help / error messages
[n047.hpc:3188816] 7 more processes have sent help message help-mpi-btl-openib.txt / error in device init
--------------------------------------------------------------------------
By default, for Open MPI 4.0 and later, infiniband ports on a device
are not used by default.  The intent is to use UCX for these devices.
You can override this policy by setting the btl_openib_allow_ib MCA parameter
to true.

  Local host:              n047
  Local adapter:           mlx5_2
  Local port:              1

--------------------------------------------------------------------------
--------------------------------------------------------------------------
WARNING: There was an error initializing an OpenFabrics device.

  Local host:   n047
  Local device: mlx5_2
--------------------------------------------------------------------------
[n047.hpc:3188844] 7 more processes have sent help message help-mpi-btl-openib.txt / ib port not selected
[n047.hpc:3188844] Set MCA parameter "orte_base_help_aggregate" to 0 to see all help / error messages
[n047.hpc:3188844] 7 more processes have sent help message help-mpi-btl-openib.txt / error in device init
--------------------------------------------------------------------------
By default, for Open MPI 4.0 and later, infiniband ports on a device
are not used by default.  The intent is to use UCX for these devices.
You can override this policy by setting the btl_openib_allow_ib MCA parameter
to true.

  Local host:              n047
  Local adapter:           mlx5_2
  Local port:              1

--------------------------------------------------------------------------
--------------------------------------------------------------------------
WARNING: There was an error initializing an OpenFabrics device.

  Local host:   n047
  Local device: mlx5_2
--------------------------------------------------------------------------
[n047.hpc:3188872] 7 more processes have sent help message help-mpi-btl-openib.txt / ib port not selected
[n047.hpc:3188872] Set MCA parameter "orte_base_help_aggregate" to 0 to see all help / error messages
[n047.hpc:3188872] 7 more processes have sent help message help-mpi-btl-openib.txt / error in device init
--------------------------------------------------------------------------
By default, for Open MPI 4.0 and later, infiniband ports on a device
are not used by default.  The intent is to use UCX for these devices.
You can override this policy by setting the btl_openib_allow_ib MCA parameter
to true.

  Local host:              n047
  Local adapter:           mlx5_2
  Local port:              1

--------------------------------------------------------------------------
--------------------------------------------------------------------------
WARNING: There was an error initializing an OpenFabrics device.

  Local host:   n047
  Local device: mlx5_2
--------------------------------------------------------------------------
[n047.hpc:3188900] 7 more processes have sent help message help-mpi-btl-openib.txt / ib port not selected
[n047.hpc:3188900] Set MCA parameter "orte_base_help_aggregate" to 0 to see all help / error messages
[n047.hpc:3188900] 7 more processes have sent help message help-mpi-btl-openib.txt / error in device init
--------------------------------------------------------------------------
By default, for Open MPI 4.0 and later, infiniband ports on a device
are not used by default.  The intent is to use UCX for these devices.
You can override this policy by setting the btl_openib_allow_ib MCA parameter
to true.

  Local host:              n047
  Local adapter:           mlx5_2
  Local port:              1

--------------------------------------------------------------------------
--------------------------------------------------------------------------
WARNING: There was an error initializing an OpenFabrics device.

  Local host:   n047
  Local device: mlx5_2
--------------------------------------------------------------------------
[n047.hpc:3189118] 7 more processes have sent help message help-mpi-btl-openib.txt / ib port not selected
[n047.hpc:3189118] Set MCA parameter "orte_base_help_aggregate" to 0 to see all help / error messages
[n047.hpc:3189118] 7 more processes have sent help message help-mpi-btl-openib.txt / error in device init
--------------------------------------------------------------------------
By default, for Open MPI 4.0 and later, infiniband ports on a device
are not used by default.  The intent is to use UCX for these devices.
You can override this policy by setting the btl_openib_allow_ib MCA parameter
to true.

  Local host:              n047
  Local adapter:           mlx5_2
  Local port:              1

--------------------------------------------------------------------------
--------------------------------------------------------------------------
WARNING: There was an error initializing an OpenFabrics device.

  Local host:   n047
  Local device: mlx5_2
--------------------------------------------------------------------------
[n047.hpc:3189146] 7 more processes have sent help message help-mpi-btl-openib.txt / ib port not selected
[n047.hpc:3189146] Set MCA parameter "orte_base_help_aggregate" to 0 to see all help / error messages
[n047.hpc:3189146] 7 more processes have sent help message help-mpi-btl-openib.txt / error in device init
--------------------------------------------------------------------------
By default, for Open MPI 4.0 and later, infiniband ports on a device
are not used by default.  The intent is to use UCX for these devices.
You can override this policy by setting the btl_openib_allow_ib MCA parameter
to true.

  Local host:              n047
  Local adapter:           mlx5_2
  Local port:              1

--------------------------------------------------------------------------
--------------------------------------------------------------------------
WARNING: There was an error initializing an OpenFabrics device.

  Local host:   n047
  Local device: mlx5_2
--------------------------------------------------------------------------
[n047.hpc:3189177] 7 more processes have sent help message help-mpi-btl-openib.txt / ib port not selected
[n047.hpc:3189177] Set MCA parameter "orte_base_help_aggregate" to 0 to see all help / error messages
[n047.hpc:3189177] 7 more processes have sent help message help-mpi-btl-openib.txt / error in device init
--------------------------------------------------------------------------
By default, for Open MPI 4.0 and later, infiniband ports on a device
are not used by default.  The intent is to use UCX for these devices.
You can override this policy by setting the btl_openib_allow_ib MCA parameter
to true.

  Local host:              n047
  Local adapter:           mlx5_2
  Local port:              1

--------------------------------------------------------------------------
--------------------------------------------------------------------------
WARNING: There was an error initializing an OpenFabrics device.

  Local host:   n047
  Local device: mlx5_2
--------------------------------------------------------------------------
[n047.hpc:3189416] 7 more processes have sent help message help-mpi-btl-openib.txt / ib port not selected
[n047.hpc:3189416] Set MCA parameter "orte_base_help_aggregate" to 0 to see all help / error messages
[n047.hpc:3189416] 7 more processes have sent help message help-mpi-btl-openib.txt / error in device init
--------------------------------------------------------------------------
By default, for Open MPI 4.0 and later, infiniband ports on a device
are not used by default.  The intent is to use UCX for these devices.
You can override this policy by setting the btl_openib_allow_ib MCA parameter
to true.

  Local host:              n047
  Local adapter:           mlx5_2
  Local port:              1

--------------------------------------------------------------------------
--------------------------------------------------------------------------
WARNING: There was an error initializing an OpenFabrics device.

  Local host:   n047
  Local device: mlx5_2
--------------------------------------------------------------------------
[n047.hpc:3189507] 7 more processes have sent help message help-mpi-btl-openib.txt / ib port not selected
[n047.hpc:3189507] Set MCA parameter "orte_base_help_aggregate" to 0 to see all help / error messages
[n047.hpc:3189507] 7 more processes have sent help message help-mpi-btl-openib.txt / error in device init
--------------------------------------------------------------------------
By default, for Open MPI 4.0 and later, infiniband ports on a device
are not used by default.  The intent is to use UCX for these devices.
You can override this policy by setting the btl_openib_allow_ib MCA parameter
to true.

  Local host:              n047
  Local adapter:           mlx5_2
  Local port:              1

--------------------------------------------------------------------------
--------------------------------------------------------------------------
WARNING: There was an error initializing an OpenFabrics device.

  Local host:   n047
  Local device: mlx5_2
--------------------------------------------------------------------------
[n047.hpc:3190517] 7 more processes have sent help message help-mpi-btl-openib.txt / ib port not selected
[n047.hpc:3190517] Set MCA parameter "orte_base_help_aggregate" to 0 to see all help / error messages
[n047.hpc:3190517] 7 more processes have sent help message help-mpi-btl-openib.txt / error in device init
--------------------------------------------------------------------------
By default, for Open MPI 4.0 and later, infiniband ports on a device
are not used by default.  The intent is to use UCX for these devices.
You can override this policy by setting the btl_openib_allow_ib MCA parameter
to true.

  Local host:              n047
  Local adapter:           mlx5_2
  Local port:              1

--------------------------------------------------------------------------
--------------------------------------------------------------------------
WARNING: There was an error initializing an OpenFabrics device.

  Local host:   n047
  Local device: mlx5_2
--------------------------------------------------------------------------
[n047.hpc:3190573] 7 more processes have sent help message help-mpi-btl-openib.txt / ib port not selected
[n047.hpc:3190573] Set MCA parameter "orte_base_help_aggregate" to 0 to see all help / error messages
[n047.hpc:3190573] 7 more processes have sent help message help-mpi-btl-openib.txt / error in device init
--------------------------------------------------------------------------
By default, for Open MPI 4.0 and later, infiniband ports on a device
are not used by default.  The intent is to use UCX for these devices.
You can override this policy by setting the btl_openib_allow_ib MCA parameter
to true.

  Local host:              n047
  Local adapter:           mlx5_2
  Local port:              1

--------------------------------------------------------------------------
--------------------------------------------------------------------------
WARNING: There was an error initializing an OpenFabrics device.

  Local host:   n047
  Local device: mlx5_2
--------------------------------------------------------------------------
[n047.hpc:3190601] 7 more processes have sent help message help-mpi-btl-openib.txt / ib port not selected
[n047.hpc:3190601] Set MCA parameter "orte_base_help_aggregate" to 0 to see all help / error messages
[n047.hpc:3190601] 7 more processes have sent help message help-mpi-btl-openib.txt / error in device init
--------------------------------------------------------------------------
By default, for Open MPI 4.0 and later, infiniband ports on a device
are not used by default.  The intent is to use UCX for these devices.
You can override this policy by setting the btl_openib_allow_ib MCA parameter
to true.

  Local host:              n047
  Local adapter:           mlx5_2
  Local port:              1

--------------------------------------------------------------------------
--------------------------------------------------------------------------
WARNING: There was an error initializing an OpenFabrics device.

  Local host:   n047
  Local device: mlx5_2
--------------------------------------------------------------------------
[n047.hpc:3190637] 7 more processes have sent help message help-mpi-btl-openib.txt / ib port not selected
[n047.hpc:3190637] Set MCA parameter "orte_base_help_aggregate" to 0 to see all help / error messages
[n047.hpc:3190637] 7 more processes have sent help message help-mpi-btl-openib.txt / error in device init
--------------------------------------------------------------------------
By default, for Open MPI 4.0 and later, infiniband ports on a device
are not used by default.  The intent is to use UCX for these devices.
You can override this policy by setting the btl_openib_allow_ib MCA parameter
to true.

  Local host:              n047
  Local adapter:           mlx5_2
  Local port:              1

--------------------------------------------------------------------------
--------------------------------------------------------------------------
WARNING: There was an error initializing an OpenFabrics device.

  Local host:   n047
  Local device: mlx5_2
--------------------------------------------------------------------------
[n047.hpc:3190667] 7 more processes have sent help message help-mpi-btl-openib.txt / ib port not selected
[n047.hpc:3190667] Set MCA parameter "orte_base_help_aggregate" to 0 to see all help / error messages
[n047.hpc:3190667] 7 more processes have sent help message help-mpi-btl-openib.txt / error in device init
--------------------------------------------------------------------------
By default, for Open MPI 4.0 and later, infiniband ports on a device
are not used by default.  The intent is to use UCX for these devices.
You can override this policy by setting the btl_openib_allow_ib MCA parameter
to true.

  Local host:              n047
  Local adapter:           mlx5_2
  Local port:              1

--------------------------------------------------------------------------
--------------------------------------------------------------------------
WARNING: There was an error initializing an OpenFabrics device.

  Local host:   n047
  Local device: mlx5_2
--------------------------------------------------------------------------
[n047.hpc:3190897] 7 more processes have sent help message help-mpi-btl-openib.txt / ib port not selected
[n047.hpc:3190897] Set MCA parameter "orte_base_help_aggregate" to 0 to see all help / error messages
[n047.hpc:3190897] 7 more processes have sent help message help-mpi-btl-openib.txt / error in device init
--------------------------------------------------------------------------
By default, for Open MPI 4.0 and later, infiniband ports on a device
are not used by default.  The intent is to use UCX for these devices.
You can override this policy by setting the btl_openib_allow_ib MCA parameter
to true.

  Local host:              n047
  Local adapter:           mlx5_2
  Local port:              1

--------------------------------------------------------------------------
--------------------------------------------------------------------------
WARNING: There was an error initializing an OpenFabrics device.

  Local host:   n047
  Local device: mlx5_2
--------------------------------------------------------------------------
[n047.hpc:3190925] 7 more processes have sent help message help-mpi-btl-openib.txt / ib port not selected
[n047.hpc:3190925] Set MCA parameter "orte_base_help_aggregate" to 0 to see all help / error messages
[n047.hpc:3190925] 7 more processes have sent help message help-mpi-btl-openib.txt / error in device init
--------------------------------------------------------------------------
By default, for Open MPI 4.0 and later, infiniband ports on a device
are not used by default.  The intent is to use UCX for these devices.
You can override this policy by setting the btl_openib_allow_ib MCA parameter
to true.

  Local host:              n047
  Local adapter:           mlx5_2
  Local port:              1

--------------------------------------------------------------------------
--------------------------------------------------------------------------
WARNING: There was an error initializing an OpenFabrics device.

  Local host:   n047
  Local device: mlx5_2
--------------------------------------------------------------------------
[n047.hpc:3191010] 7 more processes have sent help message help-mpi-btl-openib.txt / ib port not selected
[n047.hpc:3191010] Set MCA parameter "orte_base_help_aggregate" to 0 to see all help / error messages
[n047.hpc:3191010] 7 more processes have sent help message help-mpi-btl-openib.txt / error in device init
--------------------------------------------------------------------------
By default, for Open MPI 4.0 and later, infiniband ports on a device
are not used by default.  The intent is to use UCX for these devices.
You can override this policy by setting the btl_openib_allow_ib MCA parameter
to true.

  Local host:              n047
  Local adapter:           mlx5_2
  Local port:              1

--------------------------------------------------------------------------
--------------------------------------------------------------------------
WARNING: There was an error initializing an OpenFabrics device.

  Local host:   n047
  Local device: mlx5_2
--------------------------------------------------------------------------
[n047.hpc:3191038] 7 more processes have sent help message help-mpi-btl-openib.txt / ib port not selected
[n047.hpc:3191038] Set MCA parameter "orte_base_help_aggregate" to 0 to see all help / error messages
[n047.hpc:3191038] 7 more processes have sent help message help-mpi-btl-openib.txt / error in device init
--------------------------------------------------------------------------
By default, for Open MPI 4.0 and later, infiniband ports on a device
are not used by default.  The intent is to use UCX for these devices.
You can override this policy by setting the btl_openib_allow_ib MCA parameter
to true.

  Local host:              n047
  Local adapter:           mlx5_2
  Local port:              1

--------------------------------------------------------------------------
--------------------------------------------------------------------------
WARNING: There was an error initializing an OpenFabrics device.

  Local host:   n047
  Local device: mlx5_2
--------------------------------------------------------------------------
[n047.hpc:3191066] 7 more processes have sent help message help-mpi-btl-openib.txt / ib port not selected
[n047.hpc:3191066] Set MCA parameter "orte_base_help_aggregate" to 0 to see all help / error messages
[n047.hpc:3191066] 7 more processes have sent help message help-mpi-btl-openib.txt / error in device init
--------------------------------------------------------------------------
By default, for Open MPI 4.0 and later, infiniband ports on a device
are not used by default.  The intent is to use UCX for these devices.
You can override this policy by setting the btl_openib_allow_ib MCA parameter
to true.

  Local host:              n047
  Local adapter:           mlx5_2
  Local port:              1

--------------------------------------------------------------------------
--------------------------------------------------------------------------
WARNING: There was an error initializing an OpenFabrics device.

  Local host:   n047
  Local device: mlx5_2
--------------------------------------------------------------------------
[n047.hpc:3191094] 7 more processes have sent help message help-mpi-btl-openib.txt / ib port not selected
[n047.hpc:3191094] Set MCA parameter "orte_base_help_aggregate" to 0 to see all help / error messages
[n047.hpc:3191094] 7 more processes have sent help message help-mpi-btl-openib.txt / error in device init
--------------------------------------------------------------------------
By default, for Open MPI 4.0 and later, infiniband ports on a device
are not used by default.  The intent is to use UCX for these devices.
You can override this policy by setting the btl_openib_allow_ib MCA parameter
to true.

  Local host:              n047
  Local adapter:           mlx5_2
  Local port:              1

--------------------------------------------------------------------------
--------------------------------------------------------------------------
WARNING: There was an error initializing an OpenFabrics device.

  Local host:   n047
  Local device: mlx5_2
--------------------------------------------------------------------------
[n047.hpc:3191294] 7 more processes have sent help message help-mpi-btl-openib.txt / ib port not selected
[n047.hpc:3191294] Set MCA parameter "orte_base_help_aggregate" to 0 to see all help / error messages
[n047.hpc:3191294] 7 more processes have sent help message help-mpi-btl-openib.txt / error in device init
--------------------------------------------------------------------------
By default, for Open MPI 4.0 and later, infiniband ports on a device
are not used by default.  The intent is to use UCX for these devices.
You can override this policy by setting the btl_openib_allow_ib MCA parameter
to true.

  Local host:              n047
  Local adapter:           mlx5_2
  Local port:              1

--------------------------------------------------------------------------
--------------------------------------------------------------------------
WARNING: There was an error initializing an OpenFabrics device.

  Local host:   n047
  Local device: mlx5_2
--------------------------------------------------------------------------
[n047.hpc:3191322] 7 more processes have sent help message help-mpi-btl-openib.txt / ib port not selected
[n047.hpc:3191322] Set MCA parameter "orte_base_help_aggregate" to 0 to see all help / error messages
[n047.hpc:3191322] 7 more processes have sent help message help-mpi-btl-openib.txt / error in device init
--------------------------------------------------------------------------
By default, for Open MPI 4.0 and later, infiniband ports on a device
are not used by default.  The intent is to use UCX for these devices.
You can override this policy by setting the btl_openib_allow_ib MCA parameter
to true.

  Local host:              n047
  Local adapter:           mlx5_2
  Local port:              1

--------------------------------------------------------------------------
--------------------------------------------------------------------------
WARNING: There was an error initializing an OpenFabrics device.

  Local host:   n047
  Local device: mlx5_2
--------------------------------------------------------------------------
[n047.hpc:3191372] 7 more processes have sent help message help-mpi-btl-openib.txt / ib port not selected
[n047.hpc:3191372] Set MCA parameter "orte_base_help_aggregate" to 0 to see all help / error messages
[n047.hpc:3191372] 7 more processes have sent help message help-mpi-btl-openib.txt / error in device init
--------------------------------------------------------------------------
By default, for Open MPI 4.0 and later, infiniband ports on a device
are not used by default.  The intent is to use UCX for these devices.
You can override this policy by setting the btl_openib_allow_ib MCA parameter
to true.

  Local host:              n047
  Local adapter:           mlx5_2
  Local port:              1

--------------------------------------------------------------------------
--------------------------------------------------------------------------
WARNING: There was an error initializing an OpenFabrics device.

  Local host:   n047
  Local device: mlx5_2
--------------------------------------------------------------------------
[n047.hpc:3191401] 7 more processes have sent help message help-mpi-btl-openib.txt / ib port not selected
[n047.hpc:3191401] Set MCA parameter "orte_base_help_aggregate" to 0 to see all help / error messages
[n047.hpc:3191401] 7 more processes have sent help message help-mpi-btl-openib.txt / error in device init
--------------------------------------------------------------------------
By default, for Open MPI 4.0 and later, infiniband ports on a device
are not used by default.  The intent is to use UCX for these devices.
You can override this policy by setting the btl_openib_allow_ib MCA parameter
to true.

  Local host:              n047
  Local adapter:           mlx5_2
  Local port:              1

--------------------------------------------------------------------------
--------------------------------------------------------------------------
WARNING: There was an error initializing an OpenFabrics device.

  Local host:   n047
  Local device: mlx5_2
--------------------------------------------------------------------------
[n047.hpc:3191429] 7 more processes have sent help message help-mpi-btl-openib.txt / ib port not selected
[n047.hpc:3191429] Set MCA parameter "orte_base_help_aggregate" to 0 to see all help / error messages
[n047.hpc:3191429] 7 more processes have sent help message help-mpi-btl-openib.txt / error in device init
--------------------------------------------------------------------------
By default, for Open MPI 4.0 and later, infiniband ports on a device
are not used by default.  The intent is to use UCX for these devices.
You can override this policy by setting the btl_openib_allow_ib MCA parameter
to true.

  Local host:              n047
  Local adapter:           mlx5_2
  Local port:              1

--------------------------------------------------------------------------
--------------------------------------------------------------------------
WARNING: There was an error initializing an OpenFabrics device.

  Local host:   n047
  Local device: mlx5_2
--------------------------------------------------------------------------
[n047.hpc:3191457] 7 more processes have sent help message help-mpi-btl-openib.txt / ib port not selected
[n047.hpc:3191457] Set MCA parameter "orte_base_help_aggregate" to 0 to see all help / error messages
[n047.hpc:3191457] 7 more processes have sent help message help-mpi-btl-openib.txt / error in device init
--------------------------------------------------------------------------
By default, for Open MPI 4.0 and later, infiniband ports on a device
are not used by default.  The intent is to use UCX for these devices.
You can override this policy by setting the btl_openib_allow_ib MCA parameter
to true.

  Local host:              n047
  Local adapter:           mlx5_2
  Local port:              1

--------------------------------------------------------------------------
--------------------------------------------------------------------------
WARNING: There was an error initializing an OpenFabrics device.

  Local host:   n047
  Local device: mlx5_2
--------------------------------------------------------------------------
[n047.hpc:3191660] 7 more processes have sent help message help-mpi-btl-openib.txt / ib port not selected
[n047.hpc:3191660] Set MCA parameter "orte_base_help_aggregate" to 0 to see all help / error messages
[n047.hpc:3191660] 7 more processes have sent help message help-mpi-btl-openib.txt / error in device init
--------------------------------------------------------------------------
By default, for Open MPI 4.0 and later, infiniband ports on a device
are not used by default.  The intent is to use UCX for these devices.
You can override this policy by setting the btl_openib_allow_ib MCA parameter
to true.

  Local host:              n047
  Local adapter:           mlx5_2
  Local port:              1

--------------------------------------------------------------------------
--------------------------------------------------------------------------
WARNING: There was an error initializing an OpenFabrics device.

  Local host:   n047
  Local device: mlx5_2
--------------------------------------------------------------------------
[n047.hpc:3191688] 7 more processes have sent help message help-mpi-btl-openib.txt / ib port not selected
[n047.hpc:3191688] Set MCA parameter "orte_base_help_aggregate" to 0 to see all help / error messages
[n047.hpc:3191688] 7 more processes have sent help message help-mpi-btl-openib.txt / error in device init
--------------------------------------------------------------------------
By default, for Open MPI 4.0 and later, infiniband ports on a device
are not used by default.  The intent is to use UCX for these devices.
You can override this policy by setting the btl_openib_allow_ib MCA parameter
to true.

  Local host:              n047
  Local adapter:           mlx5_2
  Local port:              1

--------------------------------------------------------------------------
--------------------------------------------------------------------------
WARNING: There was an error initializing an OpenFabrics device.

  Local host:   n047
  Local device: mlx5_2
--------------------------------------------------------------------------
[n047.hpc:3191735] 7 more processes have sent help message help-mpi-btl-openib.txt / ib port not selected
[n047.hpc:3191735] Set MCA parameter "orte_base_help_aggregate" to 0 to see all help / error messages
[n047.hpc:3191735] 7 more processes have sent help message help-mpi-btl-openib.txt / error in device init
--------------------------------------------------------------------------
By default, for Open MPI 4.0 and later, infiniband ports on a device
are not used by default.  The intent is to use UCX for these devices.
You can override this policy by setting the btl_openib_allow_ib MCA parameter
to true.

  Local host:              n047
  Local adapter:           mlx5_2
  Local port:              1

--------------------------------------------------------------------------
--------------------------------------------------------------------------
WARNING: There was an error initializing an OpenFabrics device.

  Local host:   n047
  Local device: mlx5_2
--------------------------------------------------------------------------
[n047.hpc:3191763] 7 more processes have sent help message help-mpi-btl-openib.txt / ib port not selected
[n047.hpc:3191763] Set MCA parameter "orte_base_help_aggregate" to 0 to see all help / error messages
[n047.hpc:3191763] 7 more processes have sent help message help-mpi-btl-openib.txt / error in device init
--------------------------------------------------------------------------
By default, for Open MPI 4.0 and later, infiniband ports on a device
are not used by default.  The intent is to use UCX for these devices.
You can override this policy by setting the btl_openib_allow_ib MCA parameter
to true.

  Local host:              n047
  Local adapter:           mlx5_2
  Local port:              1

--------------------------------------------------------------------------
--------------------------------------------------------------------------
WARNING: There was an error initializing an OpenFabrics device.

  Local host:   n047
  Local device: mlx5_2
--------------------------------------------------------------------------
[n047.hpc:3191791] 7 more processes have sent help message help-mpi-btl-openib.txt / ib port not selected
[n047.hpc:3191791] Set MCA parameter "orte_base_help_aggregate" to 0 to see all help / error messages
[n047.hpc:3191791] 7 more processes have sent help message help-mpi-btl-openib.txt / error in device init
--------------------------------------------------------------------------
By default, for Open MPI 4.0 and later, infiniband ports on a device
are not used by default.  The intent is to use UCX for these devices.
You can override this policy by setting the btl_openib_allow_ib MCA parameter
to true.

  Local host:              n047
  Local adapter:           mlx5_2
  Local port:              1

--------------------------------------------------------------------------
--------------------------------------------------------------------------
WARNING: There was an error initializing an OpenFabrics device.

  Local host:   n047
  Local device: mlx5_2
--------------------------------------------------------------------------
[n047.hpc:3191819] 7 more processes have sent help message help-mpi-btl-openib.txt / ib port not selected
[n047.hpc:3191819] Set MCA parameter "orte_base_help_aggregate" to 0 to see all help / error messages
[n047.hpc:3191819] 7 more processes have sent help message help-mpi-btl-openib.txt / error in device init
--------------------------------------------------------------------------
By default, for Open MPI 4.0 and later, infiniband ports on a device
are not used by default.  The intent is to use UCX for these devices.
You can override this policy by setting the btl_openib_allow_ib MCA parameter
to true.

  Local host:              n047
  Local adapter:           mlx5_2
  Local port:              1

--------------------------------------------------------------------------
--------------------------------------------------------------------------
WARNING: There was an error initializing an OpenFabrics device.

  Local host:   n047
  Local device: mlx5_2
--------------------------------------------------------------------------
[n047.hpc:3191877] 7 more processes have sent help message help-mpi-btl-openib.txt / ib port not selected
[n047.hpc:3191877] Set MCA parameter "orte_base_help_aggregate" to 0 to see all help / error messages
[n047.hpc:3191877] 7 more processes have sent help message help-mpi-btl-openib.txt / error in device init
--------------------------------------------------------------------------
By default, for Open MPI 4.0 and later, infiniband ports on a device
are not used by default.  The intent is to use UCX for these devices.
You can override this policy by setting the btl_openib_allow_ib MCA parameter
to true.

  Local host:              n047
  Local adapter:           mlx5_2
  Local port:              1

--------------------------------------------------------------------------
--------------------------------------------------------------------------
WARNING: There was an error initializing an OpenFabrics device.

  Local host:   n047
  Local device: mlx5_2
--------------------------------------------------------------------------
[n047.hpc:3192030] 7 more processes have sent help message help-mpi-btl-openib.txt / ib port not selected
[n047.hpc:3192030] Set MCA parameter "orte_base_help_aggregate" to 0 to see all help / error messages
[n047.hpc:3192030] 7 more processes have sent help message help-mpi-btl-openib.txt / error in device init
--------------------------------------------------------------------------
By default, for Open MPI 4.0 and later, infiniband ports on a device
are not used by default.  The intent is to use UCX for these devices.
You can override this policy by setting the btl_openib_allow_ib MCA parameter
to true.

  Local host:              n047
  Local adapter:           mlx5_2
  Local port:              1

--------------------------------------------------------------------------
--------------------------------------------------------------------------
WARNING: There was an error initializing an OpenFabrics device.

  Local host:   n047
  Local device: mlx5_2
--------------------------------------------------------------------------
[n047.hpc:3192284] 7 more processes have sent help message help-mpi-btl-openib.txt / ib port not selected
[n047.hpc:3192284] Set MCA parameter "orte_base_help_aggregate" to 0 to see all help / error messages
[n047.hpc:3192284] 7 more processes have sent help message help-mpi-btl-openib.txt / error in device init
--------------------------------------------------------------------------
By default, for Open MPI 4.0 and later, infiniband ports on a device
are not used by default.  The intent is to use UCX for these devices.
You can override this policy by setting the btl_openib_allow_ib MCA parameter
to true.

  Local host:              n047
  Local adapter:           mlx5_2
  Local port:              1

--------------------------------------------------------------------------
--------------------------------------------------------------------------
WARNING: There was an error initializing an OpenFabrics device.

  Local host:   n047
  Local device: mlx5_2
--------------------------------------------------------------------------
[n047.hpc:3193201] 7 more processes have sent help message help-mpi-btl-openib.txt / ib port not selected
[n047.hpc:3193201] Set MCA parameter "orte_base_help_aggregate" to 0 to see all help / error messages
[n047.hpc:3193201] 7 more processes have sent help message help-mpi-btl-openib.txt / error in device init
