srun: Job 662413 step creation temporarily disabled, retrying (Requested nodes are busy)
srun: Job 662413 step creation still disabled, retrying (Requested nodes are busy)
srun: Step created for StepId=662413.134

 *******************************************************************************
 *                                                                             *
 *  --------------------------------                                           *
 *   Amsterdam Modeling Suite (AMS)              2026.103                      *
 *  --------------------------------                                           *
 *                                               r260501 2026-05-01 873454b5   *
 *                                                                             *
 *                                                                             *
 *                              =================                              *
 *                              |               |                              *
 *                              |     A M S     |                              *
 *                              |               |                              *
 *                              =================                              *
 *                                                                             *
 *                                                                             *
 *   Online information and documentation:  https://www.scm.com/support/       *
 *   E-mail:  support@scm.com   info@scm.com                                   *
 *                                                                             *
 *   Scientific publications using AMS results must be properly referenced     *
 *   See the User Manuals (or the web site) for recommended citations          *
 *   The terms and conditions of the End User License Agreement apply to       *
 *   the use of AMS, https://www.scm.com/license-terms/                        *
 *                                                                             *
 **********************  x86_64_linux_intel / intelmpi  ************************
 
 Licensed to: Jong-June Jeon / University of Seoul 2026-06-02 13:44:15
 SCM User ID: u30731
  
 AMS 2026.103  RunTime: Jun03-2026 18:42:54  ShM Nodes: 1  Procs: 1

 AMS jobname: c4_fragA_opt
 AMS jobid  : 642331872

 Start   directory: /gpfs/home1/yeseo1ee/projects/eda-asm-prediction/ADF_800/adf_outputs/batch_003/qmrxn20_e2_A_C_A_C_C_D/
 Results directory: /gpfs/home1/yeseo1ee/projects/eda-asm-prediction/ADF_800/adf_outputs/batch_003/qmrxn20_e2_A_C_A_C_C_D/c4_fragA_opt.results/
 Scratch directory: /tmp/amstmp_c4_fragA_opt_kid0.642331872/

 RNG seed: 169378756 1917777960 -945551562 745528169 -1701688494 553480006 65139647 276699919



                      ************************************************************************
                      *  ADF 2026.103  RunTime: Jun03-2026 18:42:54  ShM Nodes: 1  Procs: 1  *
                      ************************************************************************
  

       ***************************
       *  GEOMETRY OPTIMIZATION  *
       ***************************

Optimization Method                    Quasi Newton
Optimization Coordinates               Delocalized Coordinates
Optimize lattice                       F
 
 ------------------------------------------------------
 Convergence criteria (Hartree,Angstrom)
 ------------------------------------------------------
 Maximum gradient               0.000100000000
 Maximum rms gradient           0.000066666667
 Maximum step allowed           0.010000000000
 Maximum rms step allowed       0.006666666667
 Maximum energy change allowe   0.000020000000
 Maximum stress energy allowe   0.000500000000
 
Initial model Hessian                  Automatic Hessian
 
------------------------------------
Quasi-Newton Optimizer Parameters
------------------------------------
Hessian Update Method                  BFGS
Maximum number of steps                  200
First GDIIS cycle                          0
Maximum GDIIS vectors                      0
Trust radius (bohr)                        0.200000
Trust radius varies                        T
Constraints converged at all steps         T
Use projector                              T
 
 Rigid motions settings for: old optimizer
 Atomic rotations (x,y,z):     T T T
 Atomic translations (x,y,z):  T T T
 Tolerance:                  1.000000000000000E-006

--------
Geometry
--------
Formula: BrH
Atoms
  Index Symbol   x (angstrom)   y (angstrom)   z (angstrom)
      1     Br    -3.00754838     0.06598127     2.35179364
      2      H    -1.64173278    -0.04085338     1.69258822

Total System Charge             -1.00000


----------------
ADF Engine Input
----------------
 
   Basis
     Type TZ2P
     Core None
   End
   XC
     GGA BLYP
     Dispersion GRIMME3 BJDAMP
   End
   Symmetry NOSYM
   NumericalQuality Normal
   Unrestricted No
   SCF
     Iterations 200
     Converge 1.0e-6
   End
   Save TAPE21
 

 Title: *** (NO TITLE) ***

 WARNING: Atom coordinates do not satisfy full symmetry (probably due to orientation).
 Using automatic Hessian for delocalized coordinates.
 *** GO1_GOStep1 ***

 Integrated fractional orbital density (NFOD):         1.000

 Energy gradients wrt nuclear displacements
 ==========================================

     Atom      Cartesian (a.u./angstrom)
                 X         Y         Z
 ----------------------------------------
     1 Br    0.069933 -0.005516 -0.033847
     2 H    -0.069933  0.005516  0.033847
 ----------------------------------------
 
----------------------------------------------------------------------
Geometry Convergence after Step   1       (Hartree/Angstrom,Angstrom)
----------------------------------------------------------------------
current energy                               -0.15173986 Hartree
energy change                      -0.15173986     0.00002000    F
constrained gradient max            0.06997294     0.00010000    F
constrained gradient rms            0.04496935     0.00006667    F
gradient max                        0.06997294
gradient rms                        0.04496935
cart. step max                      0.02042113     0.01000000    F
cart. step rms                      0.01312400     0.00666667    F
 

--------
Geometry
--------
Formula: BrH
Atoms
  Index Symbol   x (angstrom)   y (angstrom)   z (angstrom)
      1     Br    -3.02796951     0.06757862     2.36164981
      2      H    -1.62131165    -0.04245073     1.68273205

Total System Charge             -1.00000

 *** GO1_GOStep2 ***

 Integrated fractional orbital density (NFOD):         1.000

 Energy gradients wrt nuclear displacements
 ==========================================

     Atom      Cartesian (a.u./angstrom)
                 X         Y         Z
 ----------------------------------------
     1 Br    0.056981 -0.004477 -0.027572
     2 H    -0.056981  0.004477  0.027572
 ----------------------------------------

 dE(predicted):    -0.17705E-02, dE(actual):    -0.32136E-02, Trust radius:    0.200000, all in a.u.
 
----------------------------------------------------------------------
Geometry Convergence after Step   2       (Hartree/Angstrom,Angstrom)
----------------------------------------------------------------------
current energy                               -0.15495344 Hartree
energy change                      -0.00321358     0.00002000    F
constrained gradient max            0.05701006     0.00010000    F
constrained gradient rms            0.03663853     0.00006667    F
gradient max                        0.05701006
gradient rms                        0.03663853
cart. step max                      0.04753943     0.01000000    F
cart. step rms                      0.03055206     0.00666667    F
 

--------
Geometry
--------
Formula: BrH
Atoms
  Index Symbol   x (angstrom)   y (angstrom)   z (angstrom)
      1     Br    -3.07550894     0.07129717     2.38459453
      2      H    -1.57377222    -0.04616928     1.65978733

Total System Charge             -1.00000

 *** GO1_GOStep3 ***

 Integrated fractional orbital density (NFOD):         1.000

 Energy gradients wrt nuclear displacements
 ==========================================

     Atom      Cartesian (a.u./angstrom)
                 X         Y         Z
 ----------------------------------------
     1 Br    0.035554 -0.002839 -0.017276
     2 H    -0.035554  0.002839  0.017276
 ----------------------------------------

 dE(predicted):    -0.49387E-02, dE(actual):    -0.53895E-02, Trust radius:    0.400000, all in a.u.
 
----------------------------------------------------------------------
Geometry Convergence after Step   3       (Hartree/Angstrom,Angstrom)
----------------------------------------------------------------------
current energy                               -0.16034298 Hartree
energy change                      -0.00538955     0.00002000    F
constrained gradient max            0.03560325     0.00010000    F
constrained gradient rms            0.02288106     0.00006667    F
gradient max                        0.03560325
gradient rms                        0.02288106
cart. step max                      0.07906632     0.01000000    F
cart. step rms                      0.05081338     0.00666667    F
 

--------
Geometry
--------
Formula: BrH
Atoms
  Index Symbol   x (angstrom)   y (angstrom)   z (angstrom)
      1     Br    -3.15457526     0.07748177     2.42275557
      2      H    -1.49470590    -0.05235388     1.62162629

Total System Charge             -1.00000

 *** GO1_GOStep4 ***

 Integrated fractional orbital density (NFOD):         1.000

 Energy gradients wrt nuclear displacements
 ==========================================

     Atom      Cartesian (a.u./angstrom)
                 X         Y         Z
 ----------------------------------------
     1 Br    0.015340 -0.001234 -0.007437
     2 H    -0.015340  0.001234  0.007437
 ----------------------------------------

 dE(predicted):    -0.34880E-02, dE(actual):    -0.47790E-02, Trust radius:    0.800000, all in a.u.
 
----------------------------------------------------------------------
Geometry Convergence after Step   4       (Hartree/Angstrom,Angstrom)
----------------------------------------------------------------------
current energy                               -0.16512198 Hartree
energy change                      -0.00477899     0.00002000    F
constrained gradient max            0.01535527     0.00010000    F
constrained gradient rms            0.00986834     0.00006667    F
gradient max                        0.01535527
gradient rms                        0.00986834
cart. step max                      0.05996081     0.01000000    F
cart. step rms                      0.03853488     0.00666667    F
 

--------
Geometry
--------
Formula: BrH
Atoms
  Index Symbol   x (angstrom)   y (angstrom)   z (angstrom)
      1     Br    -3.21453606     0.08217193     2.45169542
      2      H    -1.43474510    -0.05704404     1.59268644

Total System Charge             -1.00000

 *** GO1_GOStep5 ***

 Integrated fractional orbital density (NFOD):         1.000

 Energy gradients wrt nuclear displacements
 ==========================================

     Atom      Cartesian (a.u./angstrom)
                 X         Y         Z
 ----------------------------------------
     1 Br    0.005826 -0.000499 -0.002865
     2 H    -0.005826  0.000499  0.002865
 ----------------------------------------

 dE(predicted):    -0.11408E-02, dE(actual):    -0.15471E-02, Trust radius:    0.800000, all in a.u.
 
----------------------------------------------------------------------
Geometry Convergence after Step   5       (Hartree/Angstrom,Angstrom)
----------------------------------------------------------------------
current energy                               -0.16666909 Hartree
energy change                      -0.00154712     0.00002000    F
constrained gradient max            0.00584926     0.00010000    F
constrained gradient rms            0.00375913     0.00006667    F
gradient max                        0.00584926
gradient rms                        0.00375913
cart. step max                      0.03689521     0.01000000    F
cart. step rms                      0.02371136     0.00666667    F
 

--------
Geometry
--------
Formula: BrH
Atoms
  Index Symbol   x (angstrom)   y (angstrom)   z (angstrom)
      1     Br    -3.25143128     0.08505789     2.46950274
      2      H    -1.39784988    -0.05993000     1.57487912

Total System Charge             -1.00000

 *** GO1_GOStep6 ***

 Integrated fractional orbital density (NFOD):         1.000

 Energy gradients wrt nuclear displacements
 ==========================================

     Atom      Cartesian (a.u./angstrom)
                 X         Y         Z
 ----------------------------------------
     1 Br    0.000645 -0.000089 -0.000330
     2 H    -0.000645  0.000089  0.000330
 ----------------------------------------
 Rebuilding optimization coordinates

 dE(predicted):    -0.26740E-03, dE(actual):    -0.28540E-03, Trust radius:    0.800000, all in a.u.
 
----------------------------------------------------------------------
Geometry Convergence after Step   6       (Hartree/Angstrom,Angstrom)
----------------------------------------------------------------------
current energy                               -0.16695450 Hartree
energy change                      -0.00028540     0.00002000    F
constrained gradient max            0.00065498     0.00010000    F
constrained gradient rms            0.00042093     0.00006667    F
gradient max                        0.00065498
gradient rms                        0.00042093
cart. step max                      0.00465235     0.01000000    T
cart. step rms                      0.00298992     0.00666667    T
 

--------
Geometry
--------
Formula: BrH
Atoms
  Index Symbol   x (angstrom)   y (angstrom)   z (angstrom)
      1     Br    -3.25608363     0.08542180     2.47174818
      2      H    -1.39319753    -0.06029391     1.57263368

Total System Charge             -1.00000

 *** GO1_GOStep7 ***

 Integrated fractional orbital density (NFOD):         1.000

 Energy gradients wrt nuclear displacements
 ==========================================

     Atom      Cartesian (a.u./angstrom)
                 X         Y         Z
 ----------------------------------------
     1 Br    0.000088 -0.000042 -0.000057
     2 H    -0.000088  0.000042  0.000057
 ----------------------------------------

 dE(predicted):    -0.37757E-05, dE(actual):    -0.27307E-05, Trust radius:    0.800000, all in a.u.
 
---------------------------------------------------------
Geometry Convergence after Step   7       ** CONVERGED **
---------------------------------------------------------
current energy                               -0.16695723 Hartree
energy change                      -0.00000273     0.00002000    T
constrained gradient max            0.00009638     0.00010000    T
constrained gradient rms            0.00006194     0.00006667    T
gradient max                        0.00009638
gradient rms                        0.00006194
cart. step max                      0.00068459     0.01000000    T
cart. step rms                      0.00043996     0.00666667    T
 
Geometry optimization converged

Optimized geometry:

--------
Geometry
--------
Formula: BrH
Atoms
  Index Symbol   x (angstrom)   y (angstrom)   z (angstrom)
      1     Br    -3.25608363     0.08542180     2.47174818
      2      H    -1.39319753    -0.06029391     1.57263368

Total System Charge             -1.00000

Performing a single point calculation on the final geometry ...

 *** adf ***



 ===========================
 A T T A C H E D   F I L E S
 ===========================
  
 Restart/tmp/amstmp_c4_fragA_opt_kid0.642331872/GO1_GOStep7.rkf*** GO1_GOStep7 ***



 ===============================
 M O D E L   P A R A M E T E R S
 ===============================
  
 DENSITY FUNCTIONAL POTENTIAL (scf)
    LDA:                               Exchange only                           == Not Default ==
    Gradient Corrections:              Becke88 LYP                             == Not Default ==

 SPIN  (restricted / unrestr.)
    Molecule:                          Restricted                               
    Fragments:                         Restricted                               

 OTHER ASPECTS
    Relativistic Corrections:          scalar (ZORA,MAPA)                       

    Nuclear Charge Density Model:      Point Charge Nuclei                      
    Core Treatment:                    Frozen Orbital(s)                        

    Hyperfine or Zeeman Interaction:   ---                                      

 Settings for Grimme D3 dispersion correction

      damping                        BJ
      s6                          1.000
      s8                          2.700
      a1                          0.430
      a2                          4.236

 Other (technical) parameters

      alpha                      14.000
      version                         4
 



 ===============
 G E O M E T R Y  ***  Linear Molecule  ***
 ===============
  

 ATOMS
 =====                            X Y Z                    CHARGE
                                (Angstrom)             Nucl     +Core       At.Mass
                       --------------------------    ----------------       -------
    1  Br             -3.2561    0.0854    2.4717     35.00     35.00       78.9183
    2  H              -1.3932   -0.0603    1.5726      1.00      1.00        1.0078


 FRAGMENTS
 =========                                     Atoms in this Fragment     Cart. coord.s (Angstrom)
                                               -------------------------------------------------------
    1  Br                                                1  Br          -3.2561    0.0854    2.4717
    2  H                                                 2  H           -1.3932   -0.0603    1.5726


 Interatomic Distance Matrix (Angstrom)
 --------------------------------------

   1)     0.000
   2)     2.074   0.000



 =====================================
 S Y M M E T R Y ,   E L E C T R O N S
 =====================================
  
 Symmetry: NOSYM

 Irreducible Representations, including subspecies
 -------------------------------------------------
 A


 Configuration of Valence Electrons
 ==================================
 ( determined in the SCF procedure )

 Total:   37

 ===============
 W A R N I N G :
 ===============

 The number of electrons does not correspond to doubly occupied orbitals,
 i.e. there would be one orbital with 0.5-alpha and 0.5-beta electrons.

 Normally, this corresponds to a doublet that should be treated within
 the UNRESTRICTED framework. For example, for a doublet:

   CHARGE  -1.0 1.0
   Unrestricted

 See the online manual (http://www.scm.com) for more information on
 how to use the UNRESTRICTED framework.

 If you are definitely certain that for this job the restricted open-shell
 is appropriate, you can overcome this warning by placing on input:
   ALLOW ROKS

 In case of doubt, contact support@scm.com with this problem.

 Net Charge: -1 (Nuclei minus Electrons)

 Aufbau principle for MO occupations will be applied through SCF cycle no.     100
 Thereafter, the program will assign electrons to MOs that are spatially
 similar to the occupied MOs in a "reference" cycle ("KeepOrbitals").
 The reference cycle is always the PREVIOUS cycle: it will evolve with
 the SCF procedure.
 ***************************************************************************************************



                                      ****************************************
                                      *  B U I L D : (Fragments, Functions)  *
                                      ****************************************
  



 =======
 S F O s  ***  (Symmetrized Fragment Orbitals)  ***
 =======
  
 SFOs are linear combinations of (valence) Fragment Orbitals (FOs), such that the SFOs transform as the
 irreducible representations of the (molecular) symmetry group. Each SFO is therefore characterized by
 an irrep of the molecule and by a few (or only one) generating FOs.
 The SFOs constitute a symmetry-adapted basis for the Fock matrix. The MO eigenvector coefficients in
 this basis provide a direct interpretation of the MOs in terms of Frontier Orbital Theory.

 The SFOs are combined with auxiliary Core Functions (CFs) to ensure orthogonalization on the (frozen)
 Core Orbitals (COs). The Core-orthogonalized SFOs (CSFOs) constitute the true Fock basis.

 The FOs, and hence also the (C)SFOs are combinations of the elementary basis functions (BAS). The basis
 functions that participate in the description of the SFOs depend on the irrep. The indices of the
 involved functions are printed below for each irrep.
 (The complete list of primitive basis functions is printed in another section)

 Total nr. of (C)SFOs (summation over all irreps) :    67

 NOTE: a (C)SFO that is defined as a combination of more than one FO is usually NOT normalized.



                                       === A ===
 Nr. of SFOs :   67
 Cartesian basis functions that participate in this irrep (total number =    75) :
      1     2     3    10    11    36    37    38     4     7
     12    15    39    42    45     5     8    13    16    40
     43    46     6     9    14    17    41    44    47    18
     24    30    48    19    25    31    49    20    26    32
     50    21    27    33    51    22    28    34    52    23
     29    35    53    54    55    56    57    58    59    60
     61    62    63    64    65    66    67    68    69    70
     71    72    73    74    75

    SFO  (index         Fragment          Generating    Expansion in Fragment Orbitals
  indx  incl.CFs)   Occup   Orb.Energy   FragmentType  Coeff.   Orbital     on Fragment
 --------------------------------------------------------------------------------------
     1       1      2.000    -488.642 au  Br            1.00      1 S               1
                        (  -13296.634 eV)
     2       2      2.000     -63.585 au  Br            1.00      2 S               1
                        (   -1730.246 eV)
     3       3      2.000      -8.709 au  Br            1.00      3 S               1
                        (    -236.987 eV)
     4       4      2.000      -0.733 au  Br            1.00      4 S               1
                        (     -19.946 eV)
     5       5       --         0.224 au  Br            1.00      5 S               1
                        (       6.099 eV)
     6       6       --         2.414 au  Br            1.00      6 S               1
                        (      65.683 eV)
     7       7       --        13.546 au  Br            1.00      7 S               1
                        (     368.609 eV)
     8       8       --       615.209 au  Br            1.00      8 S               1
                        (   16740.684 eV)
     9       9      2.000     -56.116 au  Br            1.00      1 P:x             1
                        (   -1526.987 eV)
    10      10      2.000      -6.365 au  Br            1.00      2 P:x             1
                        (    -173.205 eV)
    11      11      1.667      -0.284 au  Br            1.00      3 P:x             1
                        (      -7.716 eV)
    12      12       --         0.137 au  Br            1.00      4 P:x             1
                        (       3.720 eV)
    13      13       --         1.208 au  Br            1.00      5 P:x             1
                        (      32.874 eV)
    14      14       --         8.734 au  Br            1.00      6 P:x             1
                        (     237.661 eV)
    15      15       --        95.627 au  Br            1.00      7 P:x             1
                        (    2602.141 eV)
    16      16      2.000     -56.116 au  Br            1.00      1 P:y             1
                        (   -1526.987 eV)
    17      17      2.000      -6.365 au  Br            1.00      2 P:y             1
                        (    -173.205 eV)
    18      18      1.667      -0.284 au  Br            1.00      3 P:y             1
                        (      -7.716 eV)
    19      19       --         0.137 au  Br            1.00      4 P:y             1
                        (       3.720 eV)
    20      20       --         1.208 au  Br            1.00      5 P:y             1
                        (      32.874 eV)
    21      21       --         8.734 au  Br            1.00      6 P:y             1
                        (     237.661 eV)
    22      22       --        95.627 au  Br            1.00      7 P:y             1
                        (    2602.141 eV)
    23      23      2.000     -56.116 au  Br            1.00      1 P:z             1
                        (   -1526.987 eV)
    24      24      2.000      -6.365 au  Br            1.00      2 P:z             1
                        (    -173.205 eV)
    25      25      1.667      -0.284 au  Br            1.00      3 P:z             1
                        (      -7.716 eV)
    26      26       --         0.137 au  Br            1.00      4 P:z             1
                        (       3.720 eV)
    27      27       --         1.208 au  Br            1.00      5 P:z             1
                        (      32.874 eV)
    28      28       --         8.734 au  Br            1.00      6 P:z             1
                        (     237.661 eV)
    29      29       --        95.627 au  Br            1.00      7 P:z             1
                        (    2602.141 eV)
    30      30      2.000      -2.452 au  Br            1.00      1 D:z2            1
                        (     -66.719 eV)
    31      31       --         0.270 au  Br            1.00      2 D:z2            1
                        (       7.341 eV)
    32      32       --         2.706 au  Br            1.00      3 D:z2            1
                        (      73.633 eV)
    33      33       --        20.525 au  Br            1.00      4 D:z2            1
                        (     558.519 eV)
    34      34      2.000      -2.452 au  Br            1.00      1 D:x2-y2         1
                        (     -66.719 eV)
    35      35       --         0.270 au  Br            1.00      2 D:x2-y2         1
                        (       7.341 eV)
    36      36       --         2.706 au  Br            1.00      3 D:x2-y2         1
                        (      73.633 eV)
    37      37       --        20.525 au  Br            1.00      4 D:x2-y2         1
                        (     558.519 eV)
    38      38      2.000      -2.452 au  Br            1.00      1 D:xy            1
                        (     -66.719 eV)
    39      39       --         0.270 au  Br            1.00      2 D:xy            1
                        (       7.341 eV)
    40      40       --         2.706 au  Br            1.00      3 D:xy            1
                        (      73.633 eV)
    41      41       --        20.525 au  Br            1.00      4 D:xy            1
                        (     558.519 eV)
    42      42      2.000      -2.452 au  Br            1.00      1 D:xz            1
                        (     -66.719 eV)
    43      43       --         0.270 au  Br            1.00      2 D:xz            1
                        (       7.341 eV)
    44      44       --         2.706 au  Br            1.00      3 D:xz            1
                        (      73.633 eV)
    45      45       --        20.525 au  Br            1.00      4 D:xz            1
                        (     558.519 eV)
    46      46      2.000      -2.452 au  Br            1.00      1 D:yz            1
                        (     -66.719 eV)
    47      47       --         0.270 au  Br            1.00      2 D:yz            1
                        (       7.341 eV)
    48      48       --         2.706 au  Br            1.00      3 D:yz            1
                        (      73.633 eV)
    49      49       --        20.525 au  Br            1.00      4 D:yz            1
                        (     558.519 eV)
    50      50       --         0.857 au  Br            1.00      1 F:z3            1
                        (      23.313 eV)
    51      51       --         0.857 au  Br            1.00      1 F:z             1
                        (      23.313 eV)
    52      52       --         0.857 au  Br            1.00      1 F:xyz           1
                        (      23.313 eV)
    53      53       --         0.857 au  Br            1.00      1 F:z2x           1
                        (      23.313 eV)
    54      54       --         0.857 au  Br            1.00      1 F:z2y           1
                        (      23.313 eV)
    55      55       --         0.857 au  Br            1.00      1 F:x             1
                        (      23.313 eV)
    56      56       --         0.857 au  Br            1.00      1 F:y             1
                        (      23.313 eV)
    57      57      1.000      -0.240 au  H             1.00      1 S               2
                        (      -6.532 eV)
    58      58       --         0.088 au  H             1.00      2 S               2
                        (       2.394 eV)
    59      59       --         1.502 au  H             1.00      3 S               2
                        (      40.869 eV)
    60      60       --         0.406 au  H             1.00      1 P:x             2
                        (      11.051 eV)
    61      61       --         0.406 au  H             1.00      1 P:y             2
                        (      11.051 eV)
    62      62       --         0.406 au  H             1.00      1 P:z             2
                        (      11.051 eV)
    63      63       --         2.569 au  H             1.00      1 D:z2            2
                        (      69.917 eV)
    64      64       --         2.569 au  H             1.00      1 D:x2-y2         2
                        (      69.917 eV)
    65      65       --         2.569 au  H             1.00      1 D:xy            2
                        (      69.917 eV)
    66      66       --         2.569 au  H             1.00      1 D:xz            2
                        (      69.917 eV)
    67      67       --         2.569 au  H             1.00      1 D:yz            2
                        (      69.917 eV)



 ================================
 (Slater-type)  F U N C T I O N S  ***  (Basis and Fit)  ***
 ================================
  

 Atom Type    1  (Br)
 ==============

 Valence Basis Sets:  20
 -----------------------
   1 S   41.300000
   1 S   32.800000
   2 S   13.900000
   2 P   19.450000
   2 P   13.100000
   3 S    7.200000
   3 S    4.950000
   3 P    7.900000
   3 P    5.050000
   3 D   10.900000
   3 D    6.050000
   3 D    3.500000
   4 S    4.500000
   4 S    2.800000
   4 S    1.800000
   4 P    3.250000
   4 P    1.950000
   4 P    1.200000
   4 D    1.800000
   4 F    1.800000

 Atom Type    2  (H)
 ==============

 Valence Basis Sets:   5
 -----------------------
   1 S    0.690000
   1 S    0.920000
   1 S    1.580000
   2 P    1.250000
   3 D    2.500000


 BAS: List of all Elementary Cartesian Basis Functions
 =====================================================

 The numbering in the list below (to the right of the function characteristics) is referred
 to in print-outs of MO eigenvectors and Mulliken populations in the BAS representation
 (as contrasted to the SFO representation).

 Notes:
 1. The functions are characterized by a polynomial prefactor (powers of x,y,z and r) and
    an exponential decay factor alpha.
 2. Since the basis sets are specific for an atom TYPE, the individual functions occur on
    all atoms of that type.
 3. The word 'Core' in the left margin signals that it is a Core Function (CF) : not a
    degree of freedom in the valence set, but only used to ensure orthogonalization of
    the other valence basis functions on the frozen Core Orbitals.


 (power of) X  Y  Z  R     Alpha  on Atom
            ==========     =====     ==========

 Br                                   1
                                  ---------------------------------------------------------------------------
            0  0  0  0    41.300      1
            0  0  0  0    32.800      2
            0  0  0  1    13.900      3
            1  0  0  0    19.450      4
            0  1  0  0    19.450      5
            0  0  1  0    19.450      6
            1  0  0  0    13.100      7
            0  1  0  0    13.100      8
            0  0  1  0    13.100      9
            0  0  0  2     7.200     10
            0  0  0  2     4.950     11
            1  0  0  1     7.900     12
            0  1  0  1     7.900     13
            0  0  1  1     7.900     14
            1  0  0  1     5.050     15
            0  1  0  1     5.050     16
            0  0  1  1     5.050     17
            2  0  0  0    10.900     18
            1  1  0  0    10.900     19
            1  0  1  0    10.900     20
            0  2  0  0    10.900     21
            0  1  1  0    10.900     22
            0  0  2  0    10.900     23
            2  0  0  0     6.050     24
            1  1  0  0     6.050     25
            1  0  1  0     6.050     26
            0  2  0  0     6.050     27
            0  1  1  0     6.050     28
            0  0  2  0     6.050     29
            2  0  0  0     3.500     30
            1  1  0  0     3.500     31
            1  0  1  0     3.500     32
            0  2  0  0     3.500     33
            0  1  1  0     3.500     34
            0  0  2  0     3.500     35
            0  0  0  3     4.500     36
            0  0  0  3     2.800     37
            0  0  0  3     1.800     38
            1  0  0  2     3.250     39
            0  1  0  2     3.250     40
            0  0  1  2     3.250     41
            1  0  0  2     1.950     42
            0  1  0  2     1.950     43
            0  0  1  2     1.950     44
            1  0  0  2     1.200     45
            0  1  0  2     1.200     46
            0  0  1  2     1.200     47
            2  0  0  1     1.800     48
            1  1  0  1     1.800     49
            1  0  1  1     1.800     50
            0  2  0  1     1.800     51
            0  1  1  1     1.800     52
            0  0  2  1     1.800     53
            3  0  0  0     1.800     54
            2  1  0  0     1.800     55
            2  0  1  0     1.800     56
            1  2  0  0     1.800     57
            1  1  1  0     1.800     58
            1  0  2  0     1.800     59
            0  3  0  0     1.800     60
            0  2  1  0     1.800     61
            0  1  2  0     1.800     62
            0  0  3  0     1.800     63

 H                                    2
                                  ---------------------------------------------------------------------------
            0  0  0  0     0.690     64
            0  0  0  0     0.920     65
            0  0  0  0     1.580     66
            1  0  0  0     1.250     67
            0  1  0  0     1.250     68
            0  0  1  0     1.250     69
            2  0  0  0     2.500     70
            1  1  0  0     2.500     71
            1  0  1  0     2.500     72
            0  2  0  0     2.500     73
            0  1  1  0     2.500     74
            0  0  2  0     2.500     75

 Total number of charge fitting functions (nprimf)       220
 Total number of Cartesian basis functions (naos)         75
 Total number of Cartesian core functions  (ncos)          0

 ***************************************************************************************************



                                              ***********************
                                              *  T E C H N I C A L  *
                                              ***********************
  



 =============================================================
 P A R A L L E L I Z A T I O N  and  V E C T O R I Z A T I O N
 =============================================================
  
 Nr of parallel processes:                                1
 Maximum vector length in NumInt loops:                 128



 =====================
 S C F   U P D A T E S
 =====================
  
 Max. nr. of cycles:                               200
 Convergence criterion:                              0.0000010000
   secondary criterion:                              0.0010000000

 Mix parameter (when DIIS does not apply):           0.2000000000
 Mixed ADIIS+SDIIS will be used                  
    Max number of expansion vectors:                10
    Pure ADIIS when Max([F,P]) is above              0.1000000000
    Pure SDIIS when Max([F,P]) is below              0.0010000000
 Automatic ElectronSmearing (in case of problematic SCF convergence) disabled



 =================
 P R E C I S I O N  ***  (General: NumInt, NeglectFunctionTails, ...)  ***
 =================
  

 NumInt:           Target precision:                 4.0000000000
 -------           Initial precision:                4.0000000000
                   Min. precision (optimization):    4.0000000000

 Neglect Functions:          Basis functions:        0.1000000000E-05
 ------------------          Fit functions:          0.1000000000E-05



 ===========================
 L I N E A R   S C A L I N G
 ===========================
  

 Cut-off radii density fit:                        0.1000000000E-07
 Overlap cut-off criterion AO matrix elements:     0.1000000000E-05
 Cut-offs for Coulomb potential and fitted density:0.1000000000E-07
 Cut-off criterion for Coulomb multipole terms:    0.1000000000E-07
 Progressive Convergence parameter:                 0.000000000    

 Number of elements of the density matrix on this node (used, total):      2850      2850



 ===========================================
 Numerical Integration : Fuzzy Cells (Becke)
 ===========================================
  
 Becke grid quality: NORMAL         
  
 Lebedev angular grid order:             min:  11 max:  23
 Nr. of radial points:                   min:  46 max:  77

 Total nr. of points:      16398
 Nr. of blocks:              129
 Block length:               128
 Nr. of dummy points:        114


 Test of Precision of the Numerical Integration Grid
 ===================================================

 Integral of the Total Core Density:                   0.00000000000000



 ========================
 Density Fitting (zlmFit)
 ========================
  
 ZlmFit Fit Quality: NORMAL         
  
 Max L-expansion:                        min:   6 max:   7
 Nr. of radial interpolation points:     min:  39 max:  72



 =====
 S C F  ***  ScaSCF  ***
 =====
  
 Initial density matrix is taken from previous geometry

 CYCLE    1
  ***********************************************************
  ** : orbital data taken from :/tmp/amstmp_c4_fragA_opt_kid0.642331872/GO1_GOStep7.rkf
  ***********************************************************
 SCF Error: norm([F,P])=      0.000000086575, max([F,P])=      0.000000038403
 orbitals (Q,E):
 ---------------
 A :9...29           ( 2.00    -6.0772)  ( 2.00    -2.1672)  ( 2.00    -2.1659)  ( 2.00    -2.1658)
                     ( 2.00    -2.1616)  ( 2.00    -2.1615)  ( 2.00    -0.4604)  ( 2.00    -0.0721)
                     ( 2.00    -0.0212)  ( 2.00    -0.0212)  ( 1.00     0.0775)  ( 0.00     0.2529)
                     ( 0.00     0.3247)  ( 0.00     0.3301)  ( 0.00     0.3302)  ( 0.00     0.4810)
                     ( 0.00     0.4810)  ( 0.00     0.5228)  ( 0.00     0.5228)  ( 0.00     0.5251)
                     ( 0.00     0.6152)

 CYCLE    2
   MIX coefficients:  0.8000  0.2000
 SCF Error: norm([F,P])=      0.000000140803, max([F,P])=      0.000000065111
 orbitals (Q,E):
 ---------------
 A :9...20           ( 2.00    -6.0772)  ( 2.00    -2.1672)  ( 2.00    -2.1659)  ( 2.00    -2.1658)
                     ( 2.00    -2.1616)  ( 2.00    -2.1615)  ( 2.00    -0.4604)  ( 2.00    -0.0721)
                     ( 2.00    -0.0212)  ( 2.00    -0.0212)  ( 1.00     0.0775)  ( 0.00     0.2529)

 SCF CONVERGED

 CYCLE    3
 ***************************************************************************************************



                                                *******************
                                                *  R E S U L T S  *
                                                *******************
  
 *** Using FIT density in Focky
   MIX coefficients:  0.8000  0.2000
 SCF Error: norm([F,P])=      0.000000053305, max([F,P])=      0.000000026978

 Scaled ZORA Orbital Energies, per Irrep and Spin:
 =================================================
                        Occup              E (au)              E (eV)       Diff (eV) with prev. cycle
                        -----      --------------------        ------       --------------------------
 A
               9        2.000     -0.60771958105038E+01      -165.369              -1.35E-06
              10        2.000     -0.21672418221647E+01       -58.974              -1.37E-06
              11        2.000     -0.21658639588060E+01       -58.936              -1.37E-06
              12        2.000     -0.21658169089068E+01       -58.935              -1.37E-06
              13        2.000     -0.21615801265145E+01       -58.820              -1.34E-06
              14        2.000     -0.21615379200479E+01       -58.818              -1.34E-06
              15        2.000     -0.46042351839292E+00       -12.529              -7.14E-07
              16        2.000     -0.72112012592882E-01        -1.962               4.06E-07
              17        2.000     -0.21215465668916E-01        -0.577              -5.76E-07
              18        2.000     -0.21207774014484E-01        -0.577              -5.76E-07
              19        1.000      0.77479033781313E-01         2.108               8.04E-07
              20        0.000      0.25285102354294E+00         6.880
              21        0.000      0.32468380468857E+00         8.835
              22        0.000      0.33014718116677E+00         8.984
              23        0.000      0.33015032032988E+00         8.984
              24        0.000      0.48098549451551E+00        13.088
              25        0.000      0.48103650932761E+00        13.090
              26        0.000      0.52280806840622E+00        14.226
              27        0.000      0.52281026195009E+00        14.226
              28        0.000      0.52514159243445E+00        14.290
              29        0.000      0.61520247038494E+00        16.741


 Partially Occupied:
              19 A                 0.77479033781313E-01
  
 HOMO :       18 A                -0.21207774014484E-01
 LUMO :       20 A                 0.25285102354294E+00
  


 All Electron Calculation, thus no Orbital Energies of the Core Orbitals are calculated

 Integrated fractional orbital density (NFOD):         1.000


 Fit test: (difference of exact and fit density, squared integrated, result summed over spins)
         Sum-of-Fragments:                             0.00000000355464
         Orthogonalized Fragments:                     0.00097462868911
         SCF:                                          0.00097598224779



 ==========================
 Electron Density at Nuclei
 ==========================
  
 The electron density is calculated at points on a small sphere around the center of a nucleus.
 The printed electron density is the average electron density on these points.
 The radius of the sphere is the printed approximate finite nuclear radius.
 Note: ZORA-4 density is used, which includes small component density

         Atom        Nuclear Radius (Angstrom)             Electron Density (a.u.)
         ----        -------------------------             -----------------------
     1)   Br                0.0000536685                            33511.42976
     2)   H                 0.0000181514                                0.36098



 =======================================
 M U L L I K E N   P O P U L A T I O N S
 =======================================
  
 The survey below gives for each atom:
 a) the total charge (Z minus electrons)
 b) the net spin polarization (nr of electrons spin-A minus spin-B)
 c) for each spin the atomic electron valence density (integrated) per L-value.

 Atom              Charge    Spin density          S         P         D         F
 ----              ------    ------------       ------    ------    ------    ------
 1 Br             -0.5777                       7.9638   17.5904   10.0208    0.0027
 2 H              -0.4223                       1.3959    0.0255    0.0009    0.0000

 Populations of individual BAS functions
 ----------------------------------------
 1 Br           0.7964  1.1339  2.0961  0.8033  0.8035  0.8034  1.1704  1.1701  1.1702  1.6496
                0.2259  1.1645  1.1701  1.1688  0.8682  0.8631  0.8643  0.2683  0.4023  0.4024
                0.2683  0.4025  0.2682  0.7651  1.1483  1.1482  0.7660  1.1487  0.7658  0.3014
                0.4492  0.4496  0.2982  0.4487  0.2988  0.4555  1.2292  0.3772  0.5562  0.6369
                0.6185  0.7979  0.9102  0.8846  0.3152  0.4398  0.4114  0.0143  0.0004  0.0093
               -0.0018  0.0002 -0.0015  0.0077  0.0031  0.0062 -0.0050  0.0000 -0.0018 -0.0030
               -0.0019 -0.0001 -0.0026
 2 H            1.2836 -0.1869  0.2992  0.0147  0.0043  0.0066  0.0023  0.0001  0.0003 -0.0014
                0.0000 -0.0006

 Gross Charges per Atom (Z minus electrons)
 ==========================================
            -0.5777   -0.4223
 Net Total: -1.00000000


 Atom-Atom Population Matrix (off-diagonal elements not doubled)
 ===============================================================

     1 :    35.8449
     2 :    -0.2672    1.6895



 =================================================
 H I R S H F E L D   C H A R G E   A N A L Y S I S
 =================================================
  
 For each fragment: the (numerical) integral of rho(scf) * rho(fragment)/rho(sum-of-fragments)
 (nuclear charges are included, electrons are counted negative)

 The fragments and their ordering are defined in the early G E O M E T R Y output section.
 If you use single-atom fragments, this usually implies that all atoms of the same
 chemical type are grouped together. This may not be the order in which you listed them
 in the input file!

  Fragment                       Charge
 ------------------------------------------
    1  Br                       -0.6631
    2  H                        -0.3369

 Sum of these charges =         -1.00000081
 (accuracy NumInt/Tails)



 =============================
 V O R O N O I   C H A R G E S
 =============================
  
 For each atom: the (numerical) integral of the total electronic charge density in its Voronoi cell,
 i.e. the region of space that is closer to that atom than to any other atom.
 (cf. Wigner-Seitz cells in crystals)

 Within the Voronoi cell the subintegrals over the atomic sphere and the remaining part are evaluated
 separately to give the numbers of electrons (negative charge) in these regions.
 The net total charge in the cell (including the nuclear charge) is also given.

 Values are provided for
    a) the Initial (sum-of-fragments) density
    b) the Orthogonalized-Fragments density
    c) the SCF density
    d) the Voronoi Deformation Density (VDD): the difference SCF-Initial for the complete atomic cell

  Atom                Initial                    OrthFrag                   SCF
             Sphere RestCell NetTotal   Sphere RestCell NetTotal   Sphere RestCell NetTotal      VDD
 -------     ------------------------   ------------------------   ------------------------    -----
    1 Br    -28.166   -6.499    0.334  -28.184   -6.541    0.275  -28.170   -7.088   -0.258   -0.592
    2 H      -0.065   -1.269   -0.334   -0.072   -1.203   -0.275   -0.074   -1.668   -0.742   -0.408
 ---------------------------------------------------------------------------------------------------
 Total NetCharge:              -0.000                     -0.000                     -1.000   -1.000
 (accuracy NumInt/Tails)

 Remark: the 'NetTotal' Voronoi charges often do not match the Mulliken and/or Hirshfeld charges very
 well. This is caused by the fact that chemically different atoms are not treated in accordance with
 their relative sizes. (Voronoi cells are defined by boundary planes halfway between the atoms.)
 However, the CHANGES in charge, comparing 'Initial' to 'SCF' for instance, do give a fair indication
 of the flow of charge caused by the relaxation from sum-of-fragments to self-consistency.

 Warning: the absolute accuracy of the VDD charges obtained using the Fuzzy Cells (Becke) integration
 scheme is much poorer than the one obtained with an 'equivalent' Voronoi integration grid. 



 =================================================================
 M U L T I P O L E   D E R I V E D   C H A R G E   A N A L Y S I S
 =================================================================

 This charge analysis uses the atomic multipoles (obtained from the fitted density) up to some level X,
 and reconstructs these multipoles exactly (up to level X) by distributing charges over all atoms.
 This is achieved by using Lagrange multipliers and a weight function to keep the multipoles local.

 Dummy atoms can be included (by setting INCDUM in MDC-block to 1) to obtain a fractional charge.
 This is generally useful and necessary only for small symmetrical molecules, when there are not
 enough degrees of freedom to reconstruct the multipoles.

 Since the atomic multipoles are reconstructed up to level X,
 the molecular multipoles are represented also up to level X.
 The recommended level is to reconstruct up to quadrupole : -> MDC-q charges.

 See: M. Swart, P.Th. van Duijnen, J.G. Snijders, J.Comput.Chem., (2001), p. 79-88.

 ------------------------------------------------------------- 
 Atomic electronic multipole moments from SCF equations (a.u.)
 ------------------------------------------------------------- 

   atom        charge        dip-x     dip-y     dip-z      quad-xx   quad-xy   quad-xz   quad-yy   quad-yz   quad-zz
 --------------------------------------------------------------------------------------------------------------------
    1 Br    -0.472272     0.775381 -0.060680 -0.374276     1.454303 -0.129149 -0.797254 -1.008364  0.062279 -0.445939
    2 H     -0.527728    -0.135804  0.010632  0.065544     0.119428 -0.010616 -0.065459 -0.082710  0.005218 -0.036718

 --------------------------------------- 
 Multipole derived atomic charges (a.u.)
 --------------------------------------- 

 The MDC-m charges are just the Monopole terms in the multipole expansion, while for the MDC-d charges
 also the Dipoles are reconstructed. The usually preferred charges are the MDC-q charges.
 These reconstruct the Monopoles, Dipoles and Quadrupoles (both atomic AND molecular).

        Atom    Level:     MDC-m        MDC-d        MDC-q
 ---------------------------------------------------------
     1     Br          -0.472272    -0.653957    -0.545663
     2     H           -0.527728    -0.346043    -0.454337

 ------------------------------------------------ 
 Average absolute deviations in atomic multipoles
 ------------------------------------------------ 

 Stated here are the average differences between the atomic multipoles
 and the reconstructed atomic multipoles (from the distributed charges).
 If these values are not zero, this means there are not enough degrees of freedom,
 to be able to reconstruct the atomic multipoles. (This usually happens only
 for small and/or highly symmetric molecules). If this is the case, one could add
 dummy atoms as extra point charges (and setting INCDUM in MDC-block to 1).

 Level:                                 MDC-d        MDC-q
 ---------------------------------------------------------
 Charge   (a.u.)                       0.0000       0.0000
 Dipole   (Debye)                      0.0000       0.3981
 Quad.    (a.u.)                       0.4039       0.1395

 --------------------------------------- 
 Represented molecular multipole moments
 --------------------------------------- 

 Given here are the Molecular multipole moments from the atomic charges, and from the Fit Density.
 Note that the atomic charges represent the latter, NOT the ones from the Exact density.

            Q (a.u.)             Dipole moment (Debye)                                          Quadrupole moment (a.u.)
                                 x         y         z              xx        xy        xz        yy        yz        zz
------------------------------------------------------------------------------------------------------------------------
MDC-m        -1.0000       10.9176   -0.0409   -9.5932        -14.0466    0.4662   26.5537   18.2324   -0.2661   -4.1858
MDC-d        -1.0000       12.5433   -0.1681  -10.3779        -18.4851    0.8186   32.2540   22.2194   -0.5639   -3.7343
MDC-q        -1.0000       11.5743   -0.0923   -9.9102        -15.8395    0.6085   28.8563   19.8429   -0.3864   -4.0034
 
Fit.Dens.    -1.0000       12.5433   -0.1681  -10.3780        -19.7353    1.0554   33.7138   23.0862   -0.6782   -3.3509



 =============
 Dipole Moment  ***  (Debye)  ***
 =============
  
 Vector   :        12.55879803     -0.16937973    -10.38549466
 Magnitude:        16.29756413

 This molecular dipole moment is calculated with analytic integration
 ************************************************************************************
 Since the molecule is NOT NEUTRAL, the dipole moment depends on the choice of origin
 ************************************************************************************



 =========================================
 Quadrupole Moment (Buckingham convention)  ***  (a.u.)  ***
 =========================================
  
      quad-xx        quad-xy        quad-xz        quad-yy        quad-yz        quad-zz
    -19.77790163     0.98896053    33.33716534    23.12458712    -0.64727571    -3.34668549

 This molecular quadrupole moment is calculated with analytic integration



 ===========================
 B O N D I N G   E N E R G Y  ***  (decomposition)  ***
 ===========================
  
*** IMPORTANT NOTE ***

The bond energy is computed as an energy difference between molecule and
fragments. In particular when the fragments are single atoms, they are usually
computed as SPHERICALLY SYMMETRIC and SPIN-RESTRICTED. Obviously, this usually
does NOT represent the true atomic groundstate.

To obtain the 'real' bond energy, (atomic) correction terms must be applied
for the true (multiplet) fragment ground state. See ref: E.J.Baerends,
V.Branchadell, M.Sodupe, Chem.Phys.Lett.265 (1997) 481

General theoretical background on the bond energy decomposition scheme used
here (Morokuma-Ziegler) can be found in the review paper:
F.M. Bickelhaupt and E.J. Baerends,
"Kohn-Sham Density Functional Theory: Predicting and Understanding Chemistry"
In: Rev. Comput. Chem.; Lipkowitz, K. B. and Boyd, D. B., Eds.;
Wiley-VCH: New York, 2000, Vol. 15, 1-86.

Symbols used in the Bickelhaupt-Baerends (BB) paper are given below to make
the direct connection to that paper, where detailed explanations can be found
on the meaning of the various terms.


                                                   hartree              eV         kcal/mol           kJ/mol
                                      --------------------     -----------       ----------      -----------

Pauli Repulsion
  Kinetic (Delta T^0):                   0.626104693106716         17.0372           392.89          1643.84
  Delta V^Pauli Coulomb:                -0.457997484202479        -12.4627          -287.40         -1202.47
  Delta V^Pauli LDA-XC:                 -0.073088535197516         -1.9888           -45.86          -191.89
  Delta V^Pauli GGA-Exchange:            0.009684757340470          0.2635             6.08            25.43
  Delta V^Pauli GGA-Correlation:        -0.007201022292482         -0.1959            -4.52           -18.91
                                      --------------------     -----------       ----------      -----------
  Total Pauli Repulsion:                 0.097502408754709          2.6532            61.18           255.99
 (Total Pauli Repulsion =
  Delta E^Pauli in BB paper)

Steric Interaction
  Pauli Repulsion (Delta E^Pauli):       0.097502408754709          2.6532            61.18           255.99
  Electrostatic Interaction:            -0.029402650357633         -0.8001           -18.45           -77.20
 (Electrostatic Interaction =
  Delta V_elstat in the BB paper)
                                      --------------------     -----------       ----------      -----------
  Total Steric Interaction:              0.068099758397076          1.8531            42.73           178.80
 (Total Steric Interaction =
  Delta E^0 in the BB paper)

Orbital Interactions
  A:                                    -0.233856880425051         -6.3636          -146.75          -613.99
                                      --------------------     -----------       ----------      -----------
  Total Orbital Interactions:           -0.233856880425051         -6.3636          -146.75          -613.99

Alternative Decomposition Orb.Int.
  Kinetic:                              -0.135792146511945         -3.6951           -85.21          -356.52
  Coulomb:                               0.114660402674184          3.1201            71.95           301.04
  XC:                                   -0.212725136587290         -5.7885          -133.49          -558.51
                                      --------------------     -----------       ----------      -----------
  Total Orbital Interactions:           -0.233856880425051         -6.3636          -146.75          -613.99

  Residu (E=Steric+OrbInt+Res):         -0.000030403426061         -0.0008            -0.02            -0.08
  Dispersion Energy:                    -0.001169700540415         -0.0318            -0.73            -3.07

Total Bonding Energy:                   -0.166957225994451         -4.5431          -104.77          -438.35


Summary of Bonding Energy (energy terms are taken from the energy decomposition above)
======================================================================================

  Electrostatic Energy:                 -0.029402650357633         -0.8001           -18.45           -77.20
  Kinetic Energy:                        0.490312546594771         13.3421           307.68          1287.32
  Coulomb (Steric+OrbInt) Energy:       -0.343367484954356         -9.3435          -215.47          -901.51
  XC Energy:                            -0.283329936736818         -7.7098          -177.79          -743.88
  Dispersion Energy:                    -0.001169700540415         -0.0318            -0.73            -3.07
                                      --------------------     -----------       ----------      -----------
  Total Bonding Energy:                 -0.166957225994451         -4.5431          -104.77          -438.35


Correction terms (incorporated in energies above; only for test purposes):

1. Indication of fit-quality: 1st-order fit-correction used in the energy (hartree):   0.0006040201
2. Electrostatic (Fit correction):   0.0000000000

Scaled ZORA energy correction, not included in bonding energy (hartree):           -0.0000941081
 NOTE: This scaled ZORA energy correction should only be used to compare two calculations
 in which the only difference in the calculation is the electron configuration.
 Then the difference in energy of this term should be added to the difference in energy of
 the two electron configurations.
 This term should not be used otherwise.
 In practice it is useful only for core excitation energy calculations.



 =========================================
 F R A G M E N T   E N E R G Y   T E R M S  ***  (summed over all fragments)  ***
 =========================================
  

The energy terms below are (parts of) the Total Energy of the fragments from which the molecule
 is built.

Exchange and Correlation
  Exchange LDA:                        -86.146416124039632      -2344.1633        -54057.70       -226177.38
  Exchange GGA:                         -5.285511822323928       -143.8261         -3316.71        -13877.11
  Correlation LDA:                       0.000000000000000          0.0000             0.00             0.00
  Correlation GGA:                      -1.707873372911730        -46.4736         -1071.71         -4484.02
                                      --------------------     -----------       ----------      -----------
  Total XC:                            -93.139801319275293      -2534.4629        -58446.11       -244538.51



 =======================================================
 S F O   P O P U L A T I O N S ,   M O   A N A L Y S I S
 =======================================================
  
 A Mulliken population analysis is performed on (input-)selected MOs. All populations refer to SFOs.
 BAS populations may have been printed directly after the SCF part.


                                       === A ===


 SFO contributions (%) per orbital
 (multiplication by the orbital occupation yields the SFO Gross Populations)

 Orb.:       10     11     12     13     14     15     16     17     18     19     20     21     22     23
 occup:     2.00   2.00   2.00   2.00   2.00   2.00   2.00   2.00   2.00   1.00   0.00   0.00   0.00   0.00
 CF+SFO     ----   ----   ----   ----   ----   ----   ----   ----   ----   ----   ----   ----   ----   ----
 ------
      4:    0.00   0.00   0.00   0.00   0.00  98.83   0.37   0.00  -0.00   0.97  -0.33   0.19   0.00   0.00
      5:    0.00   0.00   0.00   0.00   0.00   0.04  -0.30  -0.00  -0.00  -2.50  -3.61   3.07   0.00   0.00
     11:   -0.00  -0.00  -0.00   0.00   0.00  -0.00  53.47  10.04   9.10  26.93  -0.15  -0.68   0.10   0.02
     12:   -0.00   0.00   0.00   0.00  -0.00  -0.00   0.32   0.06   0.05  -5.51   0.75  79.52  15.35   3.66
     18:   -0.00  -0.00  -0.00   0.00   0.00  -0.00   0.33  32.98  65.75   0.16  -0.00  -0.00   0.20   0.42
     19:   -0.00   0.00   0.00   0.00   0.00  -0.00   0.00   0.19   0.37  -0.03   0.00   0.49  31.20  66.78
     25:   -0.00   0.00  -0.00   0.00  -0.00  -0.00  12.45  56.19  24.37   6.27  -0.04  -0.16   0.33   0.18
     26:   -0.00   0.00   0.00   0.00   0.00  -0.00   0.07   0.32   0.14  -1.28   0.17  18.53  51.92  28.03
     30:    4.68  26.73  19.14   2.73  46.72   0.00   0.00   0.00  -0.00   0.00   0.00   0.00   0.00   0.00
     34:   48.15  14.96   2.04   4.07  30.78   0.00   0.00   0.00   0.00   0.00   0.00   0.00   0.00   0.00
     35:   -0.00   0.00   0.00   0.00   0.00   0.00   0.16   0.00   0.00   0.73   2.70   0.78   0.00   0.00
     38:    1.20  27.98  51.66  15.54   3.61   0.00   0.00   0.00   0.00   0.00   0.00   0.00   0.00   0.00
     42:   45.67  20.37  18.27   2.57  13.13   0.00   0.00   0.00   0.00   0.00   0.00   0.00   0.00   0.00
     43:   -0.00   0.00   0.00   0.00   0.00   0.00   0.15   0.00   0.00   0.69   2.55   0.74   0.00   0.00
     46:    0.30   9.95   8.89  75.10   5.76   0.00   0.00   0.00  -0.00   0.00   0.00   0.00   0.00   0.00
     57:    0.00   0.00   0.00   0.00   0.00   1.01  32.82   0.00   0.00  69.77  -2.75  -2.63  -0.00  -0.00
     58:   -0.00  -0.00   0.00   0.00  -0.00  -0.14   0.03  -0.00   0.00   3.33 100.19  -1.56   0.00  -0.00
     60:    0.00   0.00   0.00   0.00   0.00   0.20   0.17   0.02   0.02   0.64  -0.52   1.87   0.13   0.03


 Summation over all MOs, multiplied by occupation: Total SFO Gross Populations in this Irrep
 ===========================================================================================

     2.00    2.00    2.00    1.99   -0.03    0.00    0.00   -0.00    2.00    2.00    1.72   -0.05
     0.00    0.00   -0.00    2.00    2.00    1.98    0.01    0.00    0.00    0.00    2.00    2.00
     1.92   -0.00    0.00    0.00    0.00    2.00    0.00   -0.00   -0.00    2.00    0.01   -0.00
    -0.00    2.00    0.00   -0.00   -0.00    2.00    0.01   -0.00   -0.00    2.00    0.00   -0.00
    -0.00    0.00    0.00    0.00    0.00    0.00    0.00    0.00    1.37    0.03   -0.01    0.01
     0.00    0.01    0.00    0.00    0.00    0.00    0.00



 List of selected MOs, ordered by energy, with the most significant SFO gross populations
 ========================================================================================

 Each percentage contribution in the table below corres ponds to the indicated SFO.
 In general, a SFO may be a linear combination of several Fragment Orbitals on the same,
 or on symmetry-related Fragments. Only the first 'member' of such a combination is
 specified here. A full definition of all SFOs is given in an earlier part of the output.
 The numbering of the SFOs in this table does NOT include the Core Orbitals, and starts
 from one for each symmetry representation, as in the SFO definition list earlier.

       E(eV)  Occ       MO           %     SFO (first member)   E(eV)  Occ   Fragment
 -------------------------------------------------------------------------------------

     -12.529  2.00    15 A         98.83%     4 S             -19.946  2.00     1 Br
                                    1.01%     1 S              -6.532  1.00     2 H
      -1.962  2.00    16 A         53.47%     3 P:x            -7.716  1.67     1 Br
                                   32.82%     1 S              -6.532  1.00     2 H
                                   12.45%     3 P:z            -7.716  1.67     1 Br
      -0.577  2.00    17 A         56.19%     3 P:z            -7.716  1.67     1 Br
                                   32.98%     3 P:y            -7.716  1.67     1 Br
                                   10.04%     3 P:x            -7.716  1.67     1 Br
      -0.577  2.00    18 A         65.75%     3 P:y            -7.716  1.67     1 Br
                                   24.37%     3 P:z            -7.716  1.67     1 Br
                                    9.10%     3 P:x            -7.716  1.67     1 Br
       2.108  1.00    19 A         69.77%     1 S              -6.532  1.00     2 H
                                   26.93%     3 P:x            -7.716  1.67     1 Br
                                    6.27%     3 P:z            -7.716  1.67     1 Br
                                   -5.51%     4 P:x             3.720  0.00     1 Br
                                    3.33%     2 S               2.394  0.00     2 H
                                   -2.50%     5 S               6.099  0.00     1 Br
                                   -1.28%     4 P:z             3.720  0.00     1 Br
       6.880  0.00    20 A        100.19%     2 S               2.394  0.00     2 H
                                   -3.61%     5 S               6.099  0.00     1 Br
                                   -2.75%     1 S              -6.532  1.00     2 H
                                    2.70%     2 D:x2-y2         7.341  0.00     1 Br
                                    2.55%     2 D:xz            7.341  0.00     1 Br
       8.835  0.00    21 A         79.52%     4 P:x             3.720  0.00     1 Br
                                   18.53%     4 P:z             3.720  0.00     1 Br
                                    3.07%     5 S               6.099  0.00     1 Br
                                   -2.63%     1 S              -6.532  1.00     2 H
                                    1.87%     1 P:x            11.051  0.00     2 H
                                   -1.56%     2 S               2.394  0.00     2 H
       8.984  0.00    22 A         51.92%     4 P:z             3.720  0.00     1 Br
                                   31.20%     4 P:y             3.720  0.00     1 Br
                                   15.35%     4 P:x             3.720  0.00     1 Br
       8.984  0.00    23 A         66.78%     4 P:y             3.720  0.00     1 Br
                                   28.03%     4 P:z             3.720  0.00     1 Br
                                    3.66%     4 P:x             3.720  0.00     1 Br

 Energy gradients wrt nuclear displacements
 ==========================================

     Atom      Cartesian (a.u./angstrom)
                 X         Y         Z
 ----------------------------------------
     1 Br    0.000088 -0.000042 -0.000057
     2 H    -0.000088  0.000042  0.000057
 ----------------------------------------



 =======================================================================
 Electrostatic potential at the Nuclei due to electrons and other nuclei
 =======================================================================
  
         Atom                  Potential
         ----                  ---------
     1)   Br                180.78448048
     2)   H                   1.28626850
 Mulliken charges used for AMS results%charges...


    =====================
     CALCULATION RESULTS
    =====================

Energy (hartree)            -0.16695723

Gradients (hartree/bohr)
  Index   Atom            d/dx            d/dy            d/dz
      1     Br    0.0000467992   -0.0000223335   -0.0000303601
      2      H   -0.0000467992    0.0000223335    0.0000303601


--------------
Atomic charges
--------------
  Index   Atom    Charge
      1     Br   -0.5777
      2      H   -0.4223


Dipole moment vector    (Debye):    12.55879803   -0.16937973  -10.38549466
              magnitude (Debye):    16.29756413


-----------------------
Molecular orbitals info
-----------------------
n orbitals:               67
n spin:                    1

Note: only printing virtual orbitals with
      energy smaller than HOMO + 100. eV

Note: fractional orbital occupations. HOMO and LUMO labels are not well defined!

HOMO (eV):              -0.5771
LUMO (eV):               2.1083
HOMO-LUMO gap (eV):      2.6854

   Index   Energy (eV)    Occupation
      53       90.6816         0.000       
      52       90.6775         0.000       
      51       88.9931         0.000       
      50       82.0599         0.000       
      49       82.0571         0.000       
      48       78.6645         0.000       
      47       78.6632         0.000       
      46       77.4325         0.000       
      45       77.4236         0.000       
      44       75.0960         0.000       
      43       55.6464         0.000       
      42       44.7824         0.000       
      41       39.6677         0.000       
      40       39.6663         0.000       
      39       34.9214         0.000       
      38       33.2052         0.000       
      37       33.2030         0.000       
      36       30.2435         0.000       
      35       30.2435         0.000       
      34       30.0943         0.000       
      33       30.0939         0.000       
      32       28.2585         0.000       
      31       21.0042         0.000       
      30       21.0040         0.000       
      29       16.7405         0.000       
      28       14.2898         0.000       
      27       14.2264         0.000       
      26       14.2263         0.000       
      25       13.0897         0.000       
      24       13.0883         0.000       
      23        8.9838         0.000       
      22        8.9838         0.000       
      21        8.8351         0.000       
      20        6.8804         0.000       
      19        2.1083         1.000 < LUMO
      18       -0.5771         2.000 < HOMO
      17       -0.5773         2.000       
      16       -1.9623         2.000       
      15      -12.5288         2.000       
      14      -58.8184         2.000       
      13      -58.8196         2.000       
      12      -58.9349         2.000       
      11      -58.9362         2.000       
      10      -58.9737         2.000       
       9     -165.3689         2.000       
       8     -165.3700         2.000       
       7     -165.5278         2.000       
       6     -229.1938         2.000       
       5    -1519.4829         2.000       
       4    -1519.4829         2.000       
       3    -1519.5362         2.000       
       2    -1722.5830         2.000       
       1   -13289.1757         2.000       

AMS application finished. Exiting.
NORMAL TERMINATION
     Total cpu time:      12.12
  Total system time:       0.30
 Total elapsed time:      12.51
NORMAL TERMINATION with warnings
