<May23-2026> <12:35:22>  AMS 2026.103  RunTime: May23-2026 12:35:22  ShM Nodes: 1  Procs: 1
<May23-2026> <12:35:22>  ADF 2026.103  RunTime: May23-2026 12:35:22  ShM Nodes: 1  Procs: 1
<May23-2026> <12:35:22>  *** (NO TITLE) ***
<May23-2026> <12:35:22>  *** adf ***
<May23-2026> <12:35:22>  Net Charge: 0 (Nuclei minus Electrons)
<May23-2026> <12:35:22>  Spin polar: 0 (Spin_A minus Spin_B electrons)
<May23-2026> <12:35:22>  Symmetry  : NOSYM
<May23-2026> <12:35:22>  >>>> FRAGM
<May23-2026> <12:35:22>  Coordinates
<May23-2026> <12:35:22>     Atom         X           Y           Z   (Angstrom)
<May23-2026> <12:35:22>     1.C         1.093075    1.223589   -0.090722
<May23-2026> <12:35:22>     2.C         1.446728   -0.073429    0.134835
<May23-2026> <12:35:22>     3.I         2.117623   -0.537108    2.168201
<May23-2026> <12:35:22>     4.O         1.172430   -1.047912   -0.595947
<May23-2026> <12:35:22>     5.H         0.877296    1.507016   -1.110902
<May23-2026> <12:35:22>     6.H         1.359752    1.999044    0.610376
<May23-2026> <12:35:22>     7.C        -0.613666   -1.508032   -0.347250
<May23-2026> <12:35:22>     8.C        -1.260065   -0.295091   -0.582766
<May23-2026> <12:35:22>     9.C        -1.101727    0.720803    0.319288
<May23-2026> <12:35:22>    10.H        -0.479240   -1.846567    0.671469
<May23-2026> <12:35:22>    11.H        -0.654065   -2.293952   -1.086747
<May23-2026> <12:35:22>    12.H        -1.584659   -0.066605   -1.589737
<May23-2026> <12:35:22>    13.H        -1.484130    1.711396    0.112010
<May23-2026> <12:35:22>    14.H        -0.889353    0.506848    1.358022
<May23-2026> <12:35:22>  >>>> CORORT
<May23-2026> <12:35:22>  >>>> CLSMAT
<May23-2026> <12:35:22>  >>>> ORTHON
<May23-2026> <12:35:23>  >>>> GENPT
<May23-2026> <12:35:23>  Block Length= 128
<May23-2026> <12:35:24>  >>>> PTBAS
<May23-2026> <12:35:29>  >>>> CYCLE
<May23-2026> <12:35:43>              |Error|         MaxErr       Wt(A-DIIS)
<May23-2026> <12:35:43>      1      1.12035431      0.37177170
<May23-2026> <12:35:55>      2      0.35761023      0.03419167    100.0
<May23-2026> <12:36:08>      3      0.29588700      0.03138876    100.0
<May23-2026> <12:36:20>      4      0.91768064      0.11156107    100.0
<May23-2026> <12:36:32>      5      0.25105320      0.03614768     35.5
<May23-2026> <12:36:45>      6      0.04676025      0.00698797      6.0
<May23-2026> <12:36:57>      7      0.02986275      0.00370167      2.7
<May23-2026> <12:37:09>      8      0.01732703      0.00200014      1.0
<May23-2026> <12:37:22>      9      0.00531046      0.00060662      0.0
<May23-2026> <12:37:34>     10      0.00400035      0.00053822      0.0
<May23-2026> <12:37:46>     11      0.00167278      0.00019315      0.0
<May23-2026> <12:37:59>     12      0.00083376      0.00009493      0.0
<May23-2026> <12:38:11>     13      0.00018097      0.00001870      0.0
<May23-2026> <12:38:23>     14      0.00012506      0.00001027      0.0
<May23-2026> <12:38:36>     15      0.00001819      0.00000116      0.0
<May23-2026> <12:38:48>     16      0.00001269      0.00000130      0.0
<May23-2026> <12:39:00>     17      0.00000585      0.00000060      0.0
<May23-2026> <12:39:04>  SCF converged
<May23-2026> <12:39:13>     18      0.00000267      0.00000023      0.0
<May23-2026> <12:39:23>  >>>> TOTEN
<May23-2026> <12:40:03>  >>>> POPAN
<May23-2026> <12:40:03>  >>>> DEBYE
<May23-2026> <12:40:03>  >>>> AMETS
<May23-2026> <12:40:59>   Bond Energy          -0.05781433 a.u.
<May23-2026> <12:40:59>   Bond Energy          -1.57320798 eV
<May23-2026> <12:40:59>   Bond Energy         -36.28       kcal/mol
<May23-2026> <12:40:59>  >>>> POPUL
<May23-2026> <12:40:59>  NORMAL TERMINATION
