=== spec18r1 Stage 1 build ===
[env] python=3.10.14 pandas=2.3.3 numpy=1.26.4
[load] /gpfs/home1/yeseo1ee/projects/eda-asm-prediction/outputs/spec16_orca/labels/dipolar_400_merged.parquet
[load] shape=(400, 24)
[load] all required columns present
[load] family composition: {'dipolar': 400}
[sort] mergesort by reaction_id — reaction_number will follow this order
[build] columns=['reaction_number', 'sum_distortion_energies_dft', 'interaction_energies_dft', 'e_barrier_dft', 'distortion_contributions_dft', 'family', 'reaction_id', 'act_kcal_source', 'sub_source']
[build] dtypes:
reaction_number                   int32
sum_distortion_energies_dft     float64
interaction_energies_dft        float64
e_barrier_dft                   float64
distortion_contributions_dft     object
family                           object
reaction_id                      object
act_kcal_source                 float64
sub_source                       object
dtype: object
[write] /gpfs/home1/yeseo1ee/projects/eda-asm-prediction/Ref Comparison/spec18r1_espley_s1_labels_fix/results/labels_2ch_400dipolar.pkl  size=41509 bytes
[write] /gpfs/home1/yeseo1ee/projects/eda-asm-prediction/Ref Comparison/spec18r1_espley_s1_labels_fix/results/labels_2ch_400dipolar.INSPECTION_ONLY.parquet  size=23494 bytes
=== build OK ===
