<May23-2026> <11:35:24>  AMS 2026.103  RunTime: May23-2026 11:35:24  ShM Nodes: 1  Procs: 1
<May23-2026> <11:35:24>  ADF 2026.103  RunTime: May23-2026 11:35:24  ShM Nodes: 1  Procs: 1
<May23-2026> <11:35:24>  *** (NO TITLE) ***
<May23-2026> <11:35:24>  *** adf ***
<May23-2026> <11:35:24>  Net Charge: 0 (Nuclei minus Electrons)
<May23-2026> <11:35:24>  Spin polar: 0 (Spin_A minus Spin_B electrons)
<May23-2026> <11:35:24>  Symmetry  : NOSYM
<May23-2026> <11:35:24>  >>>> FRAGM
<May23-2026> <11:35:24>  Coordinates
<May23-2026> <11:35:24>     Atom         X           Y           Z   (Angstrom)
<May23-2026> <11:35:24>     1.C         1.086989   -1.066556    0.774736
<May23-2026> <11:35:24>     2.C         1.270123   -0.190688   -0.256516
<May23-2026> <11:35:24>     3.O         1.342228   -0.696962   -1.508902
<May23-2026> <11:35:24>     4.O         1.138305    1.072619   -0.159132
<May23-2026> <11:35:24>     5.H         1.187838   -0.686758    1.777416
<May23-2026> <11:35:24>     6.H         1.220046   -2.124824    0.606128
<May23-2026> <11:35:24>     7.H         1.410045    0.049721   -2.109453
<May23-2026> <11:35:24>     8.C        -0.632657    1.550057    0.048807
<May23-2026> <11:35:24>     9.C        -1.348245    0.368746   -0.166608
<May23-2026> <11:35:24>    10.C        -1.219600   -0.626095    0.763630
<May23-2026> <11:35:24>    11.H        -0.493251    1.888297    1.065595
<May23-2026> <11:35:24>    12.H        -0.658266    2.338116   -0.689552
<May23-2026> <11:35:24>    13.H        -1.654788    0.118593   -1.174253
<May23-2026> <11:35:24>    14.H        -1.596032   -1.621838    0.573615
<May23-2026> <11:35:24>    15.H        -1.052735   -0.372430    1.799799
<May23-2026> <11:35:24>  >>>> CORORT
<May23-2026> <11:35:24>  >>>> CLSMAT
<May23-2026> <11:35:25>  >>>> ORTHON
<May23-2026> <11:35:25>  >>>> GENPT
<May23-2026> <11:35:25>  Block Length= 128
<May23-2026> <11:35:26>  >>>> PTBAS
<May23-2026> <11:35:31>  >>>> CYCLE
<May23-2026> <11:35:45>              |Error|         MaxErr       Wt(A-DIIS)
<May23-2026> <11:35:45>      1      1.11361154      0.38201258
<May23-2026> <11:35:58>      2      0.37689562      0.03964740    100.0
<May23-2026> <11:36:11>      3      0.31579962      0.03605552    100.0
<May23-2026> <11:36:23>      4      1.00243391      0.12597367    100.0
<May23-2026> <11:36:36>      5      0.28742712      0.04138213     40.8
<May23-2026> <11:36:49>      6      0.06175129      0.00908517      8.2
<May23-2026> <11:37:01>      7      0.04333417      0.00571992      4.8
<May23-2026> <11:37:14>      8      0.01748740      0.00249287      1.5
<May23-2026> <11:37:27>      9      0.00655459      0.00072639      0.0
<May23-2026> <11:37:40>     10      0.00425452      0.00057833      0.0
<May23-2026> <11:37:52>     11      0.00156890      0.00022273      0.0
<May23-2026> <11:38:05>     12      0.00071141      0.00006017      0.0
<May23-2026> <11:38:18>     13      0.00017540      0.00001432      0.0
<May23-2026> <11:38:30>     14      0.00009064      0.00000612      0.0
<May23-2026> <11:38:43>     15      0.00003007      0.00000260      0.0
<May23-2026> <11:38:56>     16      0.00001067      0.00000080      0.0
<May23-2026> <11:39:08>     17      0.00000743      0.00000064      0.0
<May23-2026> <11:39:11>  SCF converged
<May23-2026> <11:39:21>     18      0.00000228      0.00000023      0.0
<May23-2026> <11:39:32>  >>>> TOTEN
<May23-2026> <11:40:09>  >>>> POPAN
<May23-2026> <11:40:09>  >>>> DEBYE
<May23-2026> <11:40:09>  >>>> AMETS
<May23-2026> <11:41:03>   Bond Energy          -0.05074182 a.u.
<May23-2026> <11:41:03>   Bond Energy          -1.38075518 eV
<May23-2026> <11:41:03>   Bond Energy         -31.84       kcal/mol
<May23-2026> <11:41:03>  >>>> POPUL
<May23-2026> <11:41:03>  NORMAL TERMINATION
