<May23-2026> <11:15:10>  AMS 2026.103  RunTime: May23-2026 11:15:10  ShM Nodes: 1  Procs: 1
<May23-2026> <11:15:11>  ADF 2026.103  RunTime: May23-2026 11:15:11  ShM Nodes: 1  Procs: 1
<May23-2026> <11:15:11>  *** (NO TITLE) ***
<May23-2026> <11:15:11>  *** adf ***
<May23-2026> <11:15:11>  Net Charge: 0 (Nuclei minus Electrons)
<May23-2026> <11:15:11>  Spin polar: 0 (Spin_A minus Spin_B electrons)
<May23-2026> <11:15:11>  Symmetry  : NOSYM
<May23-2026> <11:15:11>  >>>> FRAGM
<May23-2026> <11:15:11>  Coordinates
<May23-2026> <11:15:11>     Atom         X           Y           Z   (Angstrom)
<May23-2026> <11:15:11>     1.C        -1.180737   -1.100141    0.090815
<May23-2026> <11:15:11>     2.C        -1.463052    0.125361   -0.459094
<May23-2026> <11:15:11>     3.O        -1.195308    1.227649    0.114167
<May23-2026> <11:15:11>     4.H        -1.088814   -1.187155    1.162659
<May23-2026> <11:15:11>     5.H        -1.437775   -1.997656   -0.455842
<May23-2026> <11:15:11>     6.H        -1.758487    0.162286   -1.513596
<May23-2026> <11:15:11>     7.C         0.669804    1.436388    0.508417
<May23-2026> <11:15:11>     8.C         1.251800    0.482790   -0.308059
<May23-2026> <11:15:11>     9.C         1.077342   -0.844457    0.007860
<May23-2026> <11:15:11>    10.H         0.536847    1.223939    1.559075
<May23-2026> <11:15:11>    11.H         0.715562    2.483155    0.248963
<May23-2026> <11:15:11>    12.H         1.465230    0.752501   -1.335161
<May23-2026> <11:15:11>    13.H         1.354295   -1.619199   -0.694354
<May23-2026> <11:15:11>    14.H         1.053295   -1.145461    1.044284
<May23-2026> <11:15:11>  >>>> CORORT
<May23-2026> <11:15:11>  >>>> CLSMAT
<May23-2026> <11:15:11>  >>>> ORTHON
<May23-2026> <11:15:11>  >>>> GENPT
<May23-2026> <11:15:12>  Block Length= 128
<May23-2026> <11:15:12>  >>>> PTBAS
<May23-2026> <11:15:16>  >>>> CYCLE
<May23-2026> <11:15:28>              |Error|         MaxErr       Wt(A-DIIS)
<May23-2026> <11:15:28>      1      1.01982844      0.32727614
<May23-2026> <11:15:38>      2      0.31682809      0.04368091    100.0
<May23-2026> <11:15:49>      3      0.26887633      0.03940441    100.0
<May23-2026> <11:15:59>      4      0.76026489      0.10932000    100.0
<May23-2026> <11:16:10>      5      0.20351656      0.03622049     35.6
<May23-2026> <11:16:20>      6      0.07786612      0.01398841     13.1
<May23-2026> <11:16:31>      7      0.04851291      0.00862997      7.7
<May23-2026> <11:16:41>      8      0.01941529      0.00301730      2.0
<May23-2026> <11:16:52>      9      0.00647304      0.00068905      0.0
<May23-2026> <11:17:02>     10      0.00424814      0.00043712      0.0
<May23-2026> <11:17:12>     11      0.00101100      0.00011640      0.0
<May23-2026> <11:17:23>     12      0.00036886      0.00003080      0.0
<May23-2026> <11:17:33>     13      0.00015143      0.00001113      0.0
<May23-2026> <11:17:44>     14      0.00005163      0.00000501      0.0
<May23-2026> <11:17:54>     15      0.00003097      0.00000271      0.0
<May23-2026> <11:18:04>     16      0.00001598      0.00000178      0.0
<May23-2026> <11:18:15>     17      0.00000711      0.00000080      0.0
<May23-2026> <11:18:17>  SCF converged
<May23-2026> <11:18:25>     18      0.00000442      0.00000058      0.0
<May23-2026> <11:18:34>  >>>> TOTEN
<May23-2026> <11:19:03>  >>>> POPAN
<May23-2026> <11:19:03>  >>>> DEBYE
<May23-2026> <11:19:03>  >>>> AMETS
<May23-2026> <11:19:50>   Bond Energy          -0.05240961 a.u.
<May23-2026> <11:19:50>   Bond Energy          -1.42613803 eV
<May23-2026> <11:19:50>   Bond Energy         -32.89       kcal/mol
<May23-2026> <11:19:50>  >>>> POPUL
<May23-2026> <11:19:50>  NORMAL TERMINATION
