<May23-2026> <12:07:59>  AMS 2026.103  RunTime: May23-2026 12:07:59  ShM Nodes: 1  Procs: 1
<May23-2026> <12:07:59>  ADF 2026.103  RunTime: May23-2026 12:07:59  ShM Nodes: 1  Procs: 1
<May23-2026> <12:07:59>  *** (NO TITLE) ***
<May23-2026> <12:07:59>  DIRAC 2026.103  RunTime: May23-2026 12:07:59  ShM Nodes: 1  Procs: 1
<May23-2026> <12:07:59>  Carbon (TZ2P)
<May23-2026> <12:07:59>  Net Charge: 0 (Nuclei minus Electrons)
<May23-2026> <12:07:59>  Symmetry  : ATOM
<May23-2026> <12:07:59>  Coordinates
<May23-2026> <12:07:59>     Atom         X           Y           Z   (Angstrom)
<May23-2026> <12:07:59>     1.C         0.000000    0.000000    0.000000
<May23-2026> <12:07:59>  >>>> CORORT
<May23-2026> <12:07:59>  >>>> CLSMAT
<May23-2026> <12:07:59>  >>>> ORTHON
<May23-2026> <12:07:59>  >>>> GENPT
<May23-2026> <12:07:59>  Block Length=  72
<May23-2026> <12:07:59>  >>>> PTBAS
<May23-2026> <12:07:59>  >>>> CYCLE
<May23-2026> <12:07:59>              |Error|         MaxErr       Wt(A-DIIS)
<May23-2026> <12:07:59>      1      0.00000000      0.00000000
<May23-2026> <12:07:59>      2      4.48450606      3.33074448    100.0
<May23-2026> <12:07:59>      3      1.63845963      1.31677840    100.0
<May23-2026> <12:07:59>      4      0.72237885      0.58090812    100.0
<May23-2026> <12:07:59>      5      0.41341516      0.32921223    100.0
<May23-2026> <12:07:59>      6      0.12634980      0.09661242     96.6
<May23-2026> <12:07:59>      7      0.11511849      0.08978748     89.7
<May23-2026> <12:07:59>      8      0.00670007      0.00519977      4.2
<May23-2026> <12:07:59>      9      0.00022181      0.00016825      0.0
<May23-2026> <12:07:59>     10      0.00000199      0.00000135      0.0
<May23-2026> <12:07:59>     11      0.00000002      0.00000001      0.0
<May23-2026> <12:07:59>     12      0.00000000      0.00000000      0.0
<May23-2026> <12:07:59>  SCF converged
<May23-2026> <12:07:59>     13      0.00000000      0.00000000      0.0
<May23-2026> <12:08:00>  >>>> POPAN
<May23-2026> <12:08:00>  >>>> DEBYE
<May23-2026> <12:08:00>  DIRAC 2026.103  RunTime: May23-2026 12:08:00  ShM Nodes: 1  Procs: 1
<May23-2026> <12:08:00>  Oxygen (TZ2P)
<May23-2026> <12:08:00>  Net Charge: 0 (Nuclei minus Electrons)
<May23-2026> <12:08:00>  Symmetry  : ATOM
<May23-2026> <12:08:00>  Coordinates
<May23-2026> <12:08:00>     Atom         X           Y           Z   (Angstrom)
<May23-2026> <12:08:00>     1.O         0.000000    0.000000    0.000000
<May23-2026> <12:08:00>  >>>> CORORT
<May23-2026> <12:08:00>  >>>> CLSMAT
<May23-2026> <12:08:00>  >>>> ORTHON
<May23-2026> <12:08:00>  >>>> GENPT
<May23-2026> <12:08:00>  Block Length=  68
<May23-2026> <12:08:00>  >>>> PTBAS
<May23-2026> <12:08:00>  >>>> CYCLE
<May23-2026> <12:08:00>              |Error|         MaxErr       Wt(A-DIIS)
<May23-2026> <12:08:00>      1      0.00000000      0.00000000
<May23-2026> <12:08:00>      2      8.77379167      5.52456194    100.0
<May23-2026> <12:08:00>      3      3.58874259      2.50390796    100.0
<May23-2026> <12:08:00>      4      1.14813168      0.58304454    100.0
<May23-2026> <12:08:00>      5      1.52147762      0.84216884    100.0
<May23-2026> <12:08:00>      6      0.17958647      0.10470670    100.0
<May23-2026> <12:08:00>      7      0.20120374      0.11429590    100.0
<May23-2026> <12:08:00>      8      0.01711846      0.01004426      9.1
<May23-2026> <12:08:00>      9      0.00178953      0.00100777      0.0
<May23-2026> <12:08:00>     10      0.00000129      0.00000068      0.0
<May23-2026> <12:08:00>     11      0.00000005      0.00000002      0.0
<May23-2026> <12:08:00>     12      0.00000000      0.00000000      0.0
<May23-2026> <12:08:00>  SCF converged
<May23-2026> <12:08:00>     13      0.00000000      0.00000000      0.0
<May23-2026> <12:08:00>  >>>> POPAN
<May23-2026> <12:08:00>  >>>> DEBYE
<May23-2026> <12:08:00>  DIRAC 2026.103  RunTime: May23-2026 12:08:00  ShM Nodes: 1  Procs: 1
<May23-2026> <12:08:00>  Hydrogen (TZ2P)
<May23-2026> <12:08:00>  Net Charge: 0 (Nuclei minus Electrons)
<May23-2026> <12:08:00>  Symmetry  : ATOM
<May23-2026> <12:08:00>  Coordinates
<May23-2026> <12:08:00>     Atom         X           Y           Z   (Angstrom)
<May23-2026> <12:08:00>     1.H         0.000000    0.000000    0.000000
<May23-2026> <12:08:00>  >>>> CORORT
<May23-2026> <12:08:00>  >>>> CLSMAT
<May23-2026> <12:08:00>  >>>> ORTHON
<May23-2026> <12:08:00>  >>>> GENPT
<May23-2026> <12:08:00>  Block Length=  64
<May23-2026> <12:08:00>  >>>> PTBAS
<May23-2026> <12:08:00>  >>>> CYCLE
<May23-2026> <12:08:00>              |Error|         MaxErr       Wt(A-DIIS)
<May23-2026> <12:08:00>      1      0.00000000      0.00000000
<May23-2026> <12:08:00>      2      0.03100426      0.02644614
<May23-2026> <12:08:00>      3      0.00958086      0.00932931    100.0
<May23-2026> <12:08:01>      4      0.00232128      0.00228673      1.3
<May23-2026> <12:08:01>      5      0.00003156      0.00002984      0.0
<May23-2026> <12:08:01>      6      0.00000096      0.00000091      0.0
<May23-2026> <12:08:01>      7      0.00000000      0.00000000      0.0
<May23-2026> <12:08:01>  SCF converged
<May23-2026> <12:08:01>      8      0.00000000      0.00000000      0.0
<May23-2026> <12:08:01>  >>>> POPAN
<May23-2026> <12:08:01>  >>>> DEBYE
<May23-2026> <12:08:01>  *** adf ***
<May23-2026> <12:08:01>  Net Charge: 0 (Nuclei minus Electrons)
<May23-2026> <12:08:01>  Spin polar: 1 (Spin_A minus Spin_B electrons)
<May23-2026> <12:08:01>  Symmetry  : NOSYM
<May23-2026> <12:08:01>  >>>> FRAGM
<May23-2026> <12:08:01>  Coordinates
<May23-2026> <12:08:01>     Atom         X           Y           Z   (Angstrom)
<May23-2026> <12:08:01>     1.C        -0.627910    1.331415    0.871218
<May23-2026> <12:08:01>     2.C        -1.031833    0.003314    0.502161
<May23-2026> <12:08:01>     3.C        -1.795857   -0.215125   -0.801617
<May23-2026> <12:08:01>     4.O        -0.753754   -0.968036    1.239984
<May23-2026> <12:08:01>     5.H        -0.854074    2.197346    0.253305
<May23-2026> <12:08:01>     6.H        -0.077344    1.470674    1.797975
<May23-2026> <12:08:01>     7.H        -1.170486   -0.803783   -1.484720
<May23-2026> <12:08:01>     8.H        -2.696140   -0.805025   -0.595233
<May23-2026> <12:08:01>     9.H        -2.076876    0.720934   -1.295272
<May23-2026> <12:08:01>  >>>> CORORT
<May23-2026> <12:08:01>  >>>> CLSMAT
<May23-2026> <12:08:01>  >>>> ORTHON
<May23-2026> <12:08:01>  >>>> GENPT
<May23-2026> <12:08:01>  Block Length= 128
<May23-2026> <12:08:01>  >>>> PTBAS
<May23-2026> <12:08:02>  >>>> CYCLE
<May23-2026> <12:08:07>              |Error|         MaxErr       Wt(A-DIIS)
<May23-2026> <12:08:07>      1      4.57560329      0.69490744
<May23-2026> <12:08:11>      2      0.93107018      0.09415141    100.0
<May23-2026> <12:08:15>      3      0.80684424      0.08262073    100.0
<May23-2026> <12:08:19>      4      1.85026888      0.25800654    100.0
<May23-2026> <12:08:23>      5      0.56552493      0.06211779     61.7
<May23-2026> <12:08:27>      6      1.10347681      0.16175136    100.0
<May23-2026> <12:08:30>      7      0.15525191      0.02263005     21.8
<May23-2026> <12:08:34>      8      0.08926565      0.01271192     11.8
<May23-2026> <12:08:38>      9      0.01857843      0.00240514      1.4
<May23-2026> <12:08:42>     10      0.00717891      0.00148544      0.5
<May23-2026> <12:08:46>     11      0.00209905      0.00024740      0.0
<May23-2026> <12:08:50>     12      0.00065451      0.00011450      0.0
<May23-2026> <12:08:54>     13      0.00018335      0.00003319      0.0
<May23-2026> <12:08:58>     14      0.00002346      0.00000266      0.0
<May23-2026> <12:09:01>     15      0.00000720      0.00000092      0.0
<May23-2026> <12:09:02>  SCF converged
<May23-2026> <12:09:05>     16      0.00000333      0.00000052      0.0
<May23-2026> <12:09:09>  >>>> TOTEN
<May23-2026> <12:09:18>  >>>> POPAN
<May23-2026> <12:09:18>  >>>> DEBYE
<May23-2026> <12:09:18>  >>>> AMETS
<May23-2026> <12:09:18>   Bond Energy          -1.78708108 a.u.
<May23-2026> <12:09:18>   Bond Energy         -48.62895045 eV
<May23-2026> <12:09:18>   Bond Energy       -1121.41       kcal/mol
<May23-2026> <12:09:18>  >>>> POPUL
<May23-2026> <12:09:18>  NORMAL TERMINATION
