<May23-2026> <13:05:19>  AMS 2026.103  RunTime: May23-2026 13:05:19  ShM Nodes: 1  Procs: 1
<May23-2026> <13:05:19>  ADF 2026.103  RunTime: May23-2026 13:05:19  ShM Nodes: 1  Procs: 1
<May23-2026> <13:05:19>  *** (NO TITLE) ***
<May23-2026> <13:05:19>  *** adf ***
<May23-2026> <13:05:20>  Net Charge: 0 (Nuclei minus Electrons)
<May23-2026> <13:05:20>  Spin polar: 0 (Spin_A minus Spin_B electrons)
<May23-2026> <13:05:20>  Symmetry  : NOSYM
<May23-2026> <13:05:20>  >>>> FRAGM
<May23-2026> <13:05:20>  Coordinates
<May23-2026> <13:05:20>     Atom         X           Y           Z   (Angstrom)
<May23-2026> <13:05:20>     1.C        -0.576858    1.084520   -0.904248
<May23-2026> <13:05:20>     2.C        -1.056866   -0.077100   -0.360112
<May23-2026> <13:05:20>     3.C        -1.903078   -0.022602    0.907035
<May23-2026> <13:05:20>     4.F        -2.964662   -0.819991    0.809644
<May23-2026> <13:05:20>     5.F        -2.347257    1.209451    1.181132
<May23-2026> <13:05:20>     6.F        -1.193038   -0.431127    1.970008
<May23-2026> <13:05:20>     7.O        -0.660255   -1.231553   -0.687053
<May23-2026> <13:05:20>     8.H        -0.944970    2.042337   -0.569615
<May23-2026> <13:05:20>     9.H        -0.154754    1.031425   -1.894445
<May23-2026> <13:05:20>    10.C         1.246650   -1.487504   -0.369315
<May23-2026> <13:05:20>    11.C         1.542105   -0.414753    0.449931
<May23-2026> <13:05:20>    12.C         1.535995    0.848582   -0.091985
<May23-2026> <13:05:20>    13.H         1.152060   -2.482215    0.038887
<May23-2026> <13:05:20>    14.H         1.467789   -1.431418   -1.424759
<May23-2026> <13:05:20>    15.H         1.410627   -0.529795    1.517467
<May23-2026> <13:05:20>    16.H         1.598264    1.721778    0.543210
<May23-2026> <13:05:20>    17.H         1.848244    0.989965   -1.115781
<May23-2026> <13:05:20>  >>>> CORORT
<May23-2026> <13:05:20>  >>>> CLSMAT
<May23-2026> <13:05:20>  >>>> ORTHON
<May23-2026> <13:05:21>  >>>> GENPT
<May23-2026> <13:05:21>  Block Length= 128
<May23-2026> <13:05:22>  >>>> PTBAS
<May23-2026> <13:05:30>  >>>> CYCLE
<May23-2026> <13:05:49>              |Error|         MaxErr       Wt(A-DIIS)
<May23-2026> <13:05:49>      1      0.97831120      0.30890818
<May23-2026> <13:06:07>      2      0.31917388      0.04898045    100.0
<May23-2026> <13:06:24>      3      0.27044803      0.04395752    100.0
<May23-2026> <13:06:42>      4      0.76768200      0.13052120    100.0
<May23-2026> <13:06:59>      5      0.21049302      0.04134460     40.8
<May23-2026> <13:07:17>      6      0.07788417      0.01335698     12.5
<May23-2026> <13:07:34>      7      0.04817233      0.00774549      6.8
<May23-2026> <13:07:51>      8      0.01996789      0.00311497      2.1
<May23-2026> <13:08:09>      9      0.00728490      0.00088447      0.0
<May23-2026> <13:08:27>     10      0.00373983      0.00039391      0.0
<May23-2026> <13:08:44>     11      0.00121126      0.00011999      0.0
<May23-2026> <13:09:01>     12      0.00059950      0.00004570      0.0
<May23-2026> <13:09:19>     13      0.00025817      0.00002222      0.0
<May23-2026> <13:09:36>     14      0.00007772      0.00000566      0.0
<May23-2026> <13:09:54>     15      0.00003810      0.00000247      0.0
<May23-2026> <13:10:12>     16      0.00002511      0.00000318      0.0
<May23-2026> <13:10:31>     17      0.00000872      0.00000122      0.0
<May23-2026> <13:10:49>     18      0.00000698      0.00000081      0.0
<May23-2026> <13:10:54>  SCF converged
<May23-2026> <13:11:07>     19      0.00000304      0.00000048      0.0
<May23-2026> <13:11:22>  >>>> TOTEN
<May23-2026> <13:12:17>  >>>> POPAN
<May23-2026> <13:12:17>  >>>> DEBYE
<May23-2026> <13:12:17>  >>>> AMETS
<May23-2026> <13:13:29>   Bond Energy          -0.06014473 a.u.
<May23-2026> <13:13:29>   Bond Energy          -1.63662140 eV
<May23-2026> <13:13:29>   Bond Energy         -37.74       kcal/mol
<May23-2026> <13:13:29>  >>>> POPUL
<May23-2026> <13:13:29>  NORMAL TERMINATION
