--------------------------------------------------------------------------
By default, for Open MPI 4.0 and later, infiniband ports on a device
are not used by default.  The intent is to use UCX for these devices.
You can override this policy by setting the btl_openib_allow_ib MCA parameter
to true.

  Local host:              n047
  Local adapter:           mlx5_2
  Local port:              1

--------------------------------------------------------------------------
--------------------------------------------------------------------------
WARNING: There was an error initializing an OpenFabrics device.

  Local host:   n047
  Local device: mlx5_2
--------------------------------------------------------------------------
[n047.hpc:3222277] 7 more processes have sent help message help-mpi-btl-openib.txt / ib port not selected
[n047.hpc:3222277] Set MCA parameter "orte_base_help_aggregate" to 0 to see all help / error messages
[n047.hpc:3222277] 7 more processes have sent help message help-mpi-btl-openib.txt / error in device init
--------------------------------------------------------------------------
By default, for Open MPI 4.0 and later, infiniband ports on a device
are not used by default.  The intent is to use UCX for these devices.
You can override this policy by setting the btl_openib_allow_ib MCA parameter
to true.

  Local host:              n047
  Local adapter:           mlx5_2
  Local port:              1

--------------------------------------------------------------------------
--------------------------------------------------------------------------
WARNING: There was an error initializing an OpenFabrics device.

  Local host:   n047
  Local device: mlx5_2
--------------------------------------------------------------------------
[n047.hpc:3222320] 7 more processes have sent help message help-mpi-btl-openib.txt / ib port not selected
[n047.hpc:3222320] Set MCA parameter "orte_base_help_aggregate" to 0 to see all help / error messages
[n047.hpc:3222320] 7 more processes have sent help message help-mpi-btl-openib.txt / error in device init
--------------------------------------------------------------------------
By default, for Open MPI 4.0 and later, infiniband ports on a device
are not used by default.  The intent is to use UCX for these devices.
You can override this policy by setting the btl_openib_allow_ib MCA parameter
to true.

  Local host:              n047
  Local adapter:           mlx5_2
  Local port:              1

--------------------------------------------------------------------------
--------------------------------------------------------------------------
WARNING: There was an error initializing an OpenFabrics device.

  Local host:   n047
  Local device: mlx5_2
--------------------------------------------------------------------------
[n047.hpc:3222369] 7 more processes have sent help message help-mpi-btl-openib.txt / ib port not selected
[n047.hpc:3222369] Set MCA parameter "orte_base_help_aggregate" to 0 to see all help / error messages
[n047.hpc:3222369] 7 more processes have sent help message help-mpi-btl-openib.txt / error in device init
--------------------------------------------------------------------------
By default, for Open MPI 4.0 and later, infiniband ports on a device
are not used by default.  The intent is to use UCX for these devices.
You can override this policy by setting the btl_openib_allow_ib MCA parameter
to true.

  Local host:              n047
  Local adapter:           mlx5_2
  Local port:              1

--------------------------------------------------------------------------
--------------------------------------------------------------------------
WARNING: There was an error initializing an OpenFabrics device.

  Local host:   n047
  Local device: mlx5_2
--------------------------------------------------------------------------
[n047.hpc:3222584] 7 more processes have sent help message help-mpi-btl-openib.txt / ib port not selected
[n047.hpc:3222584] Set MCA parameter "orte_base_help_aggregate" to 0 to see all help / error messages
[n047.hpc:3222584] 7 more processes have sent help message help-mpi-btl-openib.txt / error in device init
--------------------------------------------------------------------------
By default, for Open MPI 4.0 and later, infiniband ports on a device
are not used by default.  The intent is to use UCX for these devices.
You can override this policy by setting the btl_openib_allow_ib MCA parameter
to true.

  Local host:              n047
  Local adapter:           mlx5_2
  Local port:              1

--------------------------------------------------------------------------
--------------------------------------------------------------------------
WARNING: There was an error initializing an OpenFabrics device.

  Local host:   n047
  Local device: mlx5_2
--------------------------------------------------------------------------
[n047.hpc:3222612] 7 more processes have sent help message help-mpi-btl-openib.txt / ib port not selected
[n047.hpc:3222612] Set MCA parameter "orte_base_help_aggregate" to 0 to see all help / error messages
[n047.hpc:3222612] 7 more processes have sent help message help-mpi-btl-openib.txt / error in device init
--------------------------------------------------------------------------
By default, for Open MPI 4.0 and later, infiniband ports on a device
are not used by default.  The intent is to use UCX for these devices.
You can override this policy by setting the btl_openib_allow_ib MCA parameter
to true.

  Local host:              n047
  Local adapter:           mlx5_2
  Local port:              1

--------------------------------------------------------------------------
--------------------------------------------------------------------------
WARNING: There was an error initializing an OpenFabrics device.

  Local host:   n047
  Local device: mlx5_2
--------------------------------------------------------------------------
[n047.hpc:3222642] 7 more processes have sent help message help-mpi-btl-openib.txt / ib port not selected
[n047.hpc:3222642] Set MCA parameter "orte_base_help_aggregate" to 0 to see all help / error messages
[n047.hpc:3222642] 7 more processes have sent help message help-mpi-btl-openib.txt / error in device init
--------------------------------------------------------------------------
By default, for Open MPI 4.0 and later, infiniband ports on a device
are not used by default.  The intent is to use UCX for these devices.
You can override this policy by setting the btl_openib_allow_ib MCA parameter
to true.

  Local host:              n047
  Local adapter:           mlx5_2
  Local port:              1

--------------------------------------------------------------------------
--------------------------------------------------------------------------
WARNING: There was an error initializing an OpenFabrics device.

  Local host:   n047
  Local device: mlx5_2
--------------------------------------------------------------------------
[n047.hpc:3222868] 7 more processes have sent help message help-mpi-btl-openib.txt / ib port not selected
[n047.hpc:3222868] Set MCA parameter "orte_base_help_aggregate" to 0 to see all help / error messages
[n047.hpc:3222868] 7 more processes have sent help message help-mpi-btl-openib.txt / error in device init
--------------------------------------------------------------------------
By default, for Open MPI 4.0 and later, infiniband ports on a device
are not used by default.  The intent is to use UCX for these devices.
You can override this policy by setting the btl_openib_allow_ib MCA parameter
to true.

  Local host:              n047
  Local adapter:           mlx5_2
  Local port:              1

--------------------------------------------------------------------------
--------------------------------------------------------------------------
WARNING: There was an error initializing an OpenFabrics device.

  Local host:   n047
  Local device: mlx5_2
--------------------------------------------------------------------------
[n047.hpc:3223106] 7 more processes have sent help message help-mpi-btl-openib.txt / ib port not selected
[n047.hpc:3223106] Set MCA parameter "orte_base_help_aggregate" to 0 to see all help / error messages
[n047.hpc:3223106] 7 more processes have sent help message help-mpi-btl-openib.txt / error in device init
--------------------------------------------------------------------------
By default, for Open MPI 4.0 and later, infiniband ports on a device
are not used by default.  The intent is to use UCX for these devices.
You can override this policy by setting the btl_openib_allow_ib MCA parameter
to true.

  Local host:              n047
  Local adapter:           mlx5_2
  Local port:              1

--------------------------------------------------------------------------
--------------------------------------------------------------------------
WARNING: There was an error initializing an OpenFabrics device.

  Local host:   n047
  Local device: mlx5_2
--------------------------------------------------------------------------
[n047.hpc:3223709] 7 more processes have sent help message help-mpi-btl-openib.txt / ib port not selected
[n047.hpc:3223709] Set MCA parameter "orte_base_help_aggregate" to 0 to see all help / error messages
[n047.hpc:3223709] 7 more processes have sent help message help-mpi-btl-openib.txt / error in device init
--------------------------------------------------------------------------
By default, for Open MPI 4.0 and later, infiniband ports on a device
are not used by default.  The intent is to use UCX for these devices.
You can override this policy by setting the btl_openib_allow_ib MCA parameter
to true.

  Local host:              n047
  Local adapter:           mlx5_2
  Local port:              1

--------------------------------------------------------------------------
--------------------------------------------------------------------------
WARNING: There was an error initializing an OpenFabrics device.

  Local host:   n047
  Local device: mlx5_2
--------------------------------------------------------------------------
[n047.hpc:3223737] 7 more processes have sent help message help-mpi-btl-openib.txt / ib port not selected
[n047.hpc:3223737] Set MCA parameter "orte_base_help_aggregate" to 0 to see all help / error messages
[n047.hpc:3223737] 7 more processes have sent help message help-mpi-btl-openib.txt / error in device init
--------------------------------------------------------------------------
By default, for Open MPI 4.0 and later, infiniband ports on a device
are not used by default.  The intent is to use UCX for these devices.
You can override this policy by setting the btl_openib_allow_ib MCA parameter
to true.

  Local host:              n047
  Local adapter:           mlx5_2
  Local port:              1

--------------------------------------------------------------------------
--------------------------------------------------------------------------
WARNING: There was an error initializing an OpenFabrics device.

  Local host:   n047
  Local device: mlx5_2
--------------------------------------------------------------------------
[n047.hpc:3223765] 7 more processes have sent help message help-mpi-btl-openib.txt / ib port not selected
[n047.hpc:3223765] Set MCA parameter "orte_base_help_aggregate" to 0 to see all help / error messages
[n047.hpc:3223765] 7 more processes have sent help message help-mpi-btl-openib.txt / error in device init
--------------------------------------------------------------------------
By default, for Open MPI 4.0 and later, infiniband ports on a device
are not used by default.  The intent is to use UCX for these devices.
You can override this policy by setting the btl_openib_allow_ib MCA parameter
to true.

  Local host:              n047
  Local adapter:           mlx5_2
  Local port:              1

--------------------------------------------------------------------------
--------------------------------------------------------------------------
WARNING: There was an error initializing an OpenFabrics device.

  Local host:   n047
  Local device: mlx5_2
--------------------------------------------------------------------------
[n047.hpc:3223801] 7 more processes have sent help message help-mpi-btl-openib.txt / ib port not selected
[n047.hpc:3223801] Set MCA parameter "orte_base_help_aggregate" to 0 to see all help / error messages
[n047.hpc:3223801] 7 more processes have sent help message help-mpi-btl-openib.txt / error in device init
--------------------------------------------------------------------------
By default, for Open MPI 4.0 and later, infiniband ports on a device
are not used by default.  The intent is to use UCX for these devices.
You can override this policy by setting the btl_openib_allow_ib MCA parameter
to true.

  Local host:              n047
  Local adapter:           mlx5_2
  Local port:              1

--------------------------------------------------------------------------
--------------------------------------------------------------------------
WARNING: There was an error initializing an OpenFabrics device.

  Local host:   n047
  Local device: mlx5_2
--------------------------------------------------------------------------
[n047.hpc:3223829] 7 more processes have sent help message help-mpi-btl-openib.txt / ib port not selected
[n047.hpc:3223829] Set MCA parameter "orte_base_help_aggregate" to 0 to see all help / error messages
[n047.hpc:3223829] 7 more processes have sent help message help-mpi-btl-openib.txt / error in device init
--------------------------------------------------------------------------
By default, for Open MPI 4.0 and later, infiniband ports on a device
are not used by default.  The intent is to use UCX for these devices.
You can override this policy by setting the btl_openib_allow_ib MCA parameter
to true.

  Local host:              n047
  Local adapter:           mlx5_2
  Local port:              1

--------------------------------------------------------------------------
--------------------------------------------------------------------------
WARNING: There was an error initializing an OpenFabrics device.

  Local host:   n047
  Local device: mlx5_2
--------------------------------------------------------------------------
[n047.hpc:3224001] 7 more processes have sent help message help-mpi-btl-openib.txt / ib port not selected
[n047.hpc:3224001] Set MCA parameter "orte_base_help_aggregate" to 0 to see all help / error messages
[n047.hpc:3224001] 7 more processes have sent help message help-mpi-btl-openib.txt / error in device init
--------------------------------------------------------------------------
By default, for Open MPI 4.0 and later, infiniband ports on a device
are not used by default.  The intent is to use UCX for these devices.
You can override this policy by setting the btl_openib_allow_ib MCA parameter
to true.

  Local host:              n047
  Local adapter:           mlx5_2
  Local port:              1

--------------------------------------------------------------------------
--------------------------------------------------------------------------
WARNING: There was an error initializing an OpenFabrics device.

  Local host:   n047
  Local device: mlx5_2
--------------------------------------------------------------------------
[n047.hpc:3224046] 7 more processes have sent help message help-mpi-btl-openib.txt / ib port not selected
[n047.hpc:3224046] Set MCA parameter "orte_base_help_aggregate" to 0 to see all help / error messages
[n047.hpc:3224046] 7 more processes have sent help message help-mpi-btl-openib.txt / error in device init
--------------------------------------------------------------------------
By default, for Open MPI 4.0 and later, infiniband ports on a device
are not used by default.  The intent is to use UCX for these devices.
You can override this policy by setting the btl_openib_allow_ib MCA parameter
to true.

  Local host:              n047
  Local adapter:           mlx5_2
  Local port:              1

--------------------------------------------------------------------------
--------------------------------------------------------------------------
WARNING: There was an error initializing an OpenFabrics device.

  Local host:   n047
  Local device: mlx5_2
--------------------------------------------------------------------------
[n047.hpc:3224107] 7 more processes have sent help message help-mpi-btl-openib.txt / ib port not selected
[n047.hpc:3224107] Set MCA parameter "orte_base_help_aggregate" to 0 to see all help / error messages
[n047.hpc:3224107] 7 more processes have sent help message help-mpi-btl-openib.txt / error in device init
--------------------------------------------------------------------------
By default, for Open MPI 4.0 and later, infiniband ports on a device
are not used by default.  The intent is to use UCX for these devices.
You can override this policy by setting the btl_openib_allow_ib MCA parameter
to true.

  Local host:              n047
  Local adapter:           mlx5_2
  Local port:              1

--------------------------------------------------------------------------
--------------------------------------------------------------------------
WARNING: There was an error initializing an OpenFabrics device.

  Local host:   n047
  Local device: mlx5_2
--------------------------------------------------------------------------
[n047.hpc:3224136] 7 more processes have sent help message help-mpi-btl-openib.txt / ib port not selected
[n047.hpc:3224136] Set MCA parameter "orte_base_help_aggregate" to 0 to see all help / error messages
[n047.hpc:3224136] 7 more processes have sent help message help-mpi-btl-openib.txt / error in device init
--------------------------------------------------------------------------
By default, for Open MPI 4.0 and later, infiniband ports on a device
are not used by default.  The intent is to use UCX for these devices.
You can override this policy by setting the btl_openib_allow_ib MCA parameter
to true.

  Local host:              n047
  Local adapter:           mlx5_2
  Local port:              1

--------------------------------------------------------------------------
--------------------------------------------------------------------------
WARNING: There was an error initializing an OpenFabrics device.

  Local host:   n047
  Local device: mlx5_2
--------------------------------------------------------------------------
[n047.hpc:3224164] 7 more processes have sent help message help-mpi-btl-openib.txt / ib port not selected
[n047.hpc:3224164] Set MCA parameter "orte_base_help_aggregate" to 0 to see all help / error messages
[n047.hpc:3224164] 7 more processes have sent help message help-mpi-btl-openib.txt / error in device init
--------------------------------------------------------------------------
By default, for Open MPI 4.0 and later, infiniband ports on a device
are not used by default.  The intent is to use UCX for these devices.
You can override this policy by setting the btl_openib_allow_ib MCA parameter
to true.

  Local host:              n047
  Local adapter:           mlx5_2
  Local port:              1

--------------------------------------------------------------------------
--------------------------------------------------------------------------
WARNING: There was an error initializing an OpenFabrics device.

  Local host:   n047
  Local device: mlx5_2
--------------------------------------------------------------------------
[n047.hpc:3224192] 7 more processes have sent help message help-mpi-btl-openib.txt / ib port not selected
[n047.hpc:3224192] Set MCA parameter "orte_base_help_aggregate" to 0 to see all help / error messages
[n047.hpc:3224192] 7 more processes have sent help message help-mpi-btl-openib.txt / error in device init
--------------------------------------------------------------------------
By default, for Open MPI 4.0 and later, infiniband ports on a device
are not used by default.  The intent is to use UCX for these devices.
You can override this policy by setting the btl_openib_allow_ib MCA parameter
to true.

  Local host:              n047
  Local adapter:           mlx5_2
  Local port:              1

--------------------------------------------------------------------------
--------------------------------------------------------------------------
WARNING: There was an error initializing an OpenFabrics device.

  Local host:   n047
  Local device: mlx5_2
--------------------------------------------------------------------------
[n047.hpc:3224374] 7 more processes have sent help message help-mpi-btl-openib.txt / ib port not selected
[n047.hpc:3224374] Set MCA parameter "orte_base_help_aggregate" to 0 to see all help / error messages
[n047.hpc:3224374] 7 more processes have sent help message help-mpi-btl-openib.txt / error in device init
--------------------------------------------------------------------------
By default, for Open MPI 4.0 and later, infiniband ports on a device
are not used by default.  The intent is to use UCX for these devices.
You can override this policy by setting the btl_openib_allow_ib MCA parameter
to true.

  Local host:              n047
  Local adapter:           mlx5_2
  Local port:              1

--------------------------------------------------------------------------
--------------------------------------------------------------------------
WARNING: There was an error initializing an OpenFabrics device.

  Local host:   n047
  Local device: mlx5_2
--------------------------------------------------------------------------
[n047.hpc:3224402] 7 more processes have sent help message help-mpi-btl-openib.txt / ib port not selected
[n047.hpc:3224402] Set MCA parameter "orte_base_help_aggregate" to 0 to see all help / error messages
[n047.hpc:3224402] 7 more processes have sent help message help-mpi-btl-openib.txt / error in device init
--------------------------------------------------------------------------
By default, for Open MPI 4.0 and later, infiniband ports on a device
are not used by default.  The intent is to use UCX for these devices.
You can override this policy by setting the btl_openib_allow_ib MCA parameter
to true.

  Local host:              n047
  Local adapter:           mlx5_2
  Local port:              1

--------------------------------------------------------------------------
--------------------------------------------------------------------------
WARNING: There was an error initializing an OpenFabrics device.

  Local host:   n047
  Local device: mlx5_2
--------------------------------------------------------------------------
[n047.hpc:3224432] 7 more processes have sent help message help-mpi-btl-openib.txt / ib port not selected
[n047.hpc:3224432] Set MCA parameter "orte_base_help_aggregate" to 0 to see all help / error messages
[n047.hpc:3224432] 7 more processes have sent help message help-mpi-btl-openib.txt / error in device init
--------------------------------------------------------------------------
By default, for Open MPI 4.0 and later, infiniband ports on a device
are not used by default.  The intent is to use UCX for these devices.
You can override this policy by setting the btl_openib_allow_ib MCA parameter
to true.

  Local host:              n047
  Local adapter:           mlx5_2
  Local port:              1

--------------------------------------------------------------------------
--------------------------------------------------------------------------
WARNING: There was an error initializing an OpenFabrics device.

  Local host:   n047
  Local device: mlx5_2
--------------------------------------------------------------------------
[n047.hpc:3224460] 7 more processes have sent help message help-mpi-btl-openib.txt / ib port not selected
[n047.hpc:3224460] Set MCA parameter "orte_base_help_aggregate" to 0 to see all help / error messages
[n047.hpc:3224460] 7 more processes have sent help message help-mpi-btl-openib.txt / error in device init
--------------------------------------------------------------------------
By default, for Open MPI 4.0 and later, infiniband ports on a device
are not used by default.  The intent is to use UCX for these devices.
You can override this policy by setting the btl_openib_allow_ib MCA parameter
to true.

  Local host:              n047
  Local adapter:           mlx5_2
  Local port:              1

--------------------------------------------------------------------------
--------------------------------------------------------------------------
WARNING: There was an error initializing an OpenFabrics device.

  Local host:   n047
  Local device: mlx5_2
--------------------------------------------------------------------------
[n047.hpc:3224488] 7 more processes have sent help message help-mpi-btl-openib.txt / ib port not selected
[n047.hpc:3224488] Set MCA parameter "orte_base_help_aggregate" to 0 to see all help / error messages
[n047.hpc:3224488] 7 more processes have sent help message help-mpi-btl-openib.txt / error in device init
--------------------------------------------------------------------------
By default, for Open MPI 4.0 and later, infiniband ports on a device
are not used by default.  The intent is to use UCX for these devices.
You can override this policy by setting the btl_openib_allow_ib MCA parameter
to true.

  Local host:              n047
  Local adapter:           mlx5_2
  Local port:              1

--------------------------------------------------------------------------
--------------------------------------------------------------------------
WARNING: There was an error initializing an OpenFabrics device.

  Local host:   n047
  Local device: mlx5_2
--------------------------------------------------------------------------
[n047.hpc:3224516] 7 more processes have sent help message help-mpi-btl-openib.txt / ib port not selected
[n047.hpc:3224516] Set MCA parameter "orte_base_help_aggregate" to 0 to see all help / error messages
[n047.hpc:3224516] 7 more processes have sent help message help-mpi-btl-openib.txt / error in device init
--------------------------------------------------------------------------
By default, for Open MPI 4.0 and later, infiniband ports on a device
are not used by default.  The intent is to use UCX for these devices.
You can override this policy by setting the btl_openib_allow_ib MCA parameter
to true.

  Local host:              n047
  Local adapter:           mlx5_2
  Local port:              1

--------------------------------------------------------------------------
--------------------------------------------------------------------------
WARNING: There was an error initializing an OpenFabrics device.

  Local host:   n047
  Local device: mlx5_2
--------------------------------------------------------------------------
[n047.hpc:3224733] 7 more processes have sent help message help-mpi-btl-openib.txt / ib port not selected
[n047.hpc:3224733] Set MCA parameter "orte_base_help_aggregate" to 0 to see all help / error messages
[n047.hpc:3224733] 7 more processes have sent help message help-mpi-btl-openib.txt / error in device init
--------------------------------------------------------------------------
By default, for Open MPI 4.0 and later, infiniband ports on a device
are not used by default.  The intent is to use UCX for these devices.
You can override this policy by setting the btl_openib_allow_ib MCA parameter
to true.

  Local host:              n047
  Local adapter:           mlx5_2
  Local port:              1

--------------------------------------------------------------------------
--------------------------------------------------------------------------
WARNING: There was an error initializing an OpenFabrics device.

  Local host:   n047
  Local device: mlx5_2
--------------------------------------------------------------------------
[n047.hpc:3224761] 7 more processes have sent help message help-mpi-btl-openib.txt / ib port not selected
[n047.hpc:3224761] Set MCA parameter "orte_base_help_aggregate" to 0 to see all help / error messages
[n047.hpc:3224761] 7 more processes have sent help message help-mpi-btl-openib.txt / error in device init
--------------------------------------------------------------------------
By default, for Open MPI 4.0 and later, infiniband ports on a device
are not used by default.  The intent is to use UCX for these devices.
You can override this policy by setting the btl_openib_allow_ib MCA parameter
to true.

  Local host:              n047
  Local adapter:           mlx5_2
  Local port:              1

--------------------------------------------------------------------------
--------------------------------------------------------------------------
WARNING: There was an error initializing an OpenFabrics device.

  Local host:   n047
  Local device: mlx5_2
--------------------------------------------------------------------------
[n047.hpc:3224793] 7 more processes have sent help message help-mpi-btl-openib.txt / ib port not selected
[n047.hpc:3224793] Set MCA parameter "orte_base_help_aggregate" to 0 to see all help / error messages
[n047.hpc:3224793] 7 more processes have sent help message help-mpi-btl-openib.txt / error in device init
--------------------------------------------------------------------------
By default, for Open MPI 4.0 and later, infiniband ports on a device
are not used by default.  The intent is to use UCX for these devices.
You can override this policy by setting the btl_openib_allow_ib MCA parameter
to true.

  Local host:              n047
  Local adapter:           mlx5_2
  Local port:              1

--------------------------------------------------------------------------
--------------------------------------------------------------------------
WARNING: There was an error initializing an OpenFabrics device.

  Local host:   n047
  Local device: mlx5_2
--------------------------------------------------------------------------
[n047.hpc:3224821] 7 more processes have sent help message help-mpi-btl-openib.txt / ib port not selected
[n047.hpc:3224821] Set MCA parameter "orte_base_help_aggregate" to 0 to see all help / error messages
[n047.hpc:3224821] 7 more processes have sent help message help-mpi-btl-openib.txt / error in device init
--------------------------------------------------------------------------
By default, for Open MPI 4.0 and later, infiniband ports on a device
are not used by default.  The intent is to use UCX for these devices.
You can override this policy by setting the btl_openib_allow_ib MCA parameter
to true.

  Local host:              n047
  Local adapter:           mlx5_2
  Local port:              1

--------------------------------------------------------------------------
--------------------------------------------------------------------------
WARNING: There was an error initializing an OpenFabrics device.

  Local host:   n047
  Local device: mlx5_2
--------------------------------------------------------------------------
[n047.hpc:3224849] 7 more processes have sent help message help-mpi-btl-openib.txt / ib port not selected
[n047.hpc:3224849] Set MCA parameter "orte_base_help_aggregate" to 0 to see all help / error messages
[n047.hpc:3224849] 7 more processes have sent help message help-mpi-btl-openib.txt / error in device init
--------------------------------------------------------------------------
By default, for Open MPI 4.0 and later, infiniband ports on a device
are not used by default.  The intent is to use UCX for these devices.
You can override this policy by setting the btl_openib_allow_ib MCA parameter
to true.

  Local host:              n047
  Local adapter:           mlx5_2
  Local port:              1

--------------------------------------------------------------------------
--------------------------------------------------------------------------
WARNING: There was an error initializing an OpenFabrics device.

  Local host:   n047
  Local device: mlx5_2
--------------------------------------------------------------------------
[n047.hpc:3224877] 7 more processes have sent help message help-mpi-btl-openib.txt / ib port not selected
[n047.hpc:3224877] Set MCA parameter "orte_base_help_aggregate" to 0 to see all help / error messages
[n047.hpc:3224877] 7 more processes have sent help message help-mpi-btl-openib.txt / error in device init
--------------------------------------------------------------------------
By default, for Open MPI 4.0 and later, infiniband ports on a device
are not used by default.  The intent is to use UCX for these devices.
You can override this policy by setting the btl_openib_allow_ib MCA parameter
to true.

  Local host:              n047
  Local adapter:           mlx5_2
  Local port:              1

--------------------------------------------------------------------------
--------------------------------------------------------------------------
WARNING: There was an error initializing an OpenFabrics device.

  Local host:   n047
  Local device: mlx5_2
--------------------------------------------------------------------------
[n047.hpc:3225066] 7 more processes have sent help message help-mpi-btl-openib.txt / ib port not selected
[n047.hpc:3225066] Set MCA parameter "orte_base_help_aggregate" to 0 to see all help / error messages
[n047.hpc:3225066] 7 more processes have sent help message help-mpi-btl-openib.txt / error in device init
--------------------------------------------------------------------------
By default, for Open MPI 4.0 and later, infiniband ports on a device
are not used by default.  The intent is to use UCX for these devices.
You can override this policy by setting the btl_openib_allow_ib MCA parameter
to true.

  Local host:              n047
  Local adapter:           mlx5_2
  Local port:              1

--------------------------------------------------------------------------
--------------------------------------------------------------------------
WARNING: There was an error initializing an OpenFabrics device.

  Local host:   n047
  Local device: mlx5_2
--------------------------------------------------------------------------
[n047.hpc:3225094] 7 more processes have sent help message help-mpi-btl-openib.txt / ib port not selected
[n047.hpc:3225094] Set MCA parameter "orte_base_help_aggregate" to 0 to see all help / error messages
[n047.hpc:3225094] 7 more processes have sent help message help-mpi-btl-openib.txt / error in device init
--------------------------------------------------------------------------
By default, for Open MPI 4.0 and later, infiniband ports on a device
are not used by default.  The intent is to use UCX for these devices.
You can override this policy by setting the btl_openib_allow_ib MCA parameter
to true.

  Local host:              n047
  Local adapter:           mlx5_2
  Local port:              1

--------------------------------------------------------------------------
--------------------------------------------------------------------------
WARNING: There was an error initializing an OpenFabrics device.

  Local host:   n047
  Local device: mlx5_2
--------------------------------------------------------------------------
[n047.hpc:3225141] 7 more processes have sent help message help-mpi-btl-openib.txt / ib port not selected
[n047.hpc:3225141] Set MCA parameter "orte_base_help_aggregate" to 0 to see all help / error messages
[n047.hpc:3225141] 7 more processes have sent help message help-mpi-btl-openib.txt / error in device init
--------------------------------------------------------------------------
By default, for Open MPI 4.0 and later, infiniband ports on a device
are not used by default.  The intent is to use UCX for these devices.
You can override this policy by setting the btl_openib_allow_ib MCA parameter
to true.

  Local host:              n047
  Local adapter:           mlx5_2
  Local port:              1

--------------------------------------------------------------------------
--------------------------------------------------------------------------
WARNING: There was an error initializing an OpenFabrics device.

  Local host:   n047
  Local device: mlx5_2
--------------------------------------------------------------------------
[n047.hpc:3225169] 7 more processes have sent help message help-mpi-btl-openib.txt / ib port not selected
[n047.hpc:3225169] Set MCA parameter "orte_base_help_aggregate" to 0 to see all help / error messages
[n047.hpc:3225169] 7 more processes have sent help message help-mpi-btl-openib.txt / error in device init
--------------------------------------------------------------------------
By default, for Open MPI 4.0 and later, infiniband ports on a device
are not used by default.  The intent is to use UCX for these devices.
You can override this policy by setting the btl_openib_allow_ib MCA parameter
to true.

  Local host:              n047
  Local adapter:           mlx5_2
  Local port:              1

--------------------------------------------------------------------------
--------------------------------------------------------------------------
WARNING: There was an error initializing an OpenFabrics device.

  Local host:   n047
  Local device: mlx5_2
--------------------------------------------------------------------------
[n047.hpc:3225197] 7 more processes have sent help message help-mpi-btl-openib.txt / ib port not selected
[n047.hpc:3225197] Set MCA parameter "orte_base_help_aggregate" to 0 to see all help / error messages
[n047.hpc:3225197] 7 more processes have sent help message help-mpi-btl-openib.txt / error in device init
--------------------------------------------------------------------------
By default, for Open MPI 4.0 and later, infiniband ports on a device
are not used by default.  The intent is to use UCX for these devices.
You can override this policy by setting the btl_openib_allow_ib MCA parameter
to true.

  Local host:              n047
  Local adapter:           mlx5_2
  Local port:              1

--------------------------------------------------------------------------
--------------------------------------------------------------------------
WARNING: There was an error initializing an OpenFabrics device.

  Local host:   n047
  Local device: mlx5_2
--------------------------------------------------------------------------
[n047.hpc:3225257] 7 more processes have sent help message help-mpi-btl-openib.txt / ib port not selected
[n047.hpc:3225257] Set MCA parameter "orte_base_help_aggregate" to 0 to see all help / error messages
[n047.hpc:3225257] 7 more processes have sent help message help-mpi-btl-openib.txt / error in device init
--------------------------------------------------------------------------
By default, for Open MPI 4.0 and later, infiniband ports on a device
are not used by default.  The intent is to use UCX for these devices.
You can override this policy by setting the btl_openib_allow_ib MCA parameter
to true.

  Local host:              n047
  Local adapter:           mlx5_2
  Local port:              1

--------------------------------------------------------------------------
--------------------------------------------------------------------------
WARNING: There was an error initializing an OpenFabrics device.

  Local host:   n047
  Local device: mlx5_2
--------------------------------------------------------------------------
[n047.hpc:3225500] 7 more processes have sent help message help-mpi-btl-openib.txt / ib port not selected
[n047.hpc:3225500] Set MCA parameter "orte_base_help_aggregate" to 0 to see all help / error messages
[n047.hpc:3225500] 7 more processes have sent help message help-mpi-btl-openib.txt / error in device init
--------------------------------------------------------------------------
By default, for Open MPI 4.0 and later, infiniband ports on a device
are not used by default.  The intent is to use UCX for these devices.
You can override this policy by setting the btl_openib_allow_ib MCA parameter
to true.

  Local host:              n047
  Local adapter:           mlx5_2
  Local port:              1

--------------------------------------------------------------------------
--------------------------------------------------------------------------
WARNING: There was an error initializing an OpenFabrics device.

  Local host:   n047
  Local device: mlx5_2
--------------------------------------------------------------------------
[n047.hpc:3225578] 7 more processes have sent help message help-mpi-btl-openib.txt / ib port not selected
[n047.hpc:3225578] Set MCA parameter "orte_base_help_aggregate" to 0 to see all help / error messages
[n047.hpc:3225578] 7 more processes have sent help message help-mpi-btl-openib.txt / error in device init
--------------------------------------------------------------------------
By default, for Open MPI 4.0 and later, infiniband ports on a device
are not used by default.  The intent is to use UCX for these devices.
You can override this policy by setting the btl_openib_allow_ib MCA parameter
to true.

  Local host:              n047
  Local adapter:           mlx5_2
  Local port:              1

--------------------------------------------------------------------------
--------------------------------------------------------------------------
WARNING: There was an error initializing an OpenFabrics device.

  Local host:   n047
  Local device: mlx5_2
--------------------------------------------------------------------------
[n047.hpc:3225606] 7 more processes have sent help message help-mpi-btl-openib.txt / ib port not selected
[n047.hpc:3225606] Set MCA parameter "orte_base_help_aggregate" to 0 to see all help / error messages
[n047.hpc:3225606] 7 more processes have sent help message help-mpi-btl-openib.txt / error in device init
--------------------------------------------------------------------------
By default, for Open MPI 4.0 and later, infiniband ports on a device
are not used by default.  The intent is to use UCX for these devices.
You can override this policy by setting the btl_openib_allow_ib MCA parameter
to true.

  Local host:              n047
  Local adapter:           mlx5_2
  Local port:              1

--------------------------------------------------------------------------
--------------------------------------------------------------------------
WARNING: There was an error initializing an OpenFabrics device.

  Local host:   n047
  Local device: mlx5_2
--------------------------------------------------------------------------
[n047.hpc:3225824] 7 more processes have sent help message help-mpi-btl-openib.txt / ib port not selected
[n047.hpc:3225824] Set MCA parameter "orte_base_help_aggregate" to 0 to see all help / error messages
[n047.hpc:3225824] 7 more processes have sent help message help-mpi-btl-openib.txt / error in device init
--------------------------------------------------------------------------
By default, for Open MPI 4.0 and later, infiniband ports on a device
are not used by default.  The intent is to use UCX for these devices.
You can override this policy by setting the btl_openib_allow_ib MCA parameter
to true.

  Local host:              n047
  Local adapter:           mlx5_2
  Local port:              1

--------------------------------------------------------------------------
--------------------------------------------------------------------------
WARNING: There was an error initializing an OpenFabrics device.

  Local host:   n047
  Local device: mlx5_2
--------------------------------------------------------------------------
[n047.hpc:3225897] 7 more processes have sent help message help-mpi-btl-openib.txt / ib port not selected
[n047.hpc:3225897] Set MCA parameter "orte_base_help_aggregate" to 0 to see all help / error messages
[n047.hpc:3225897] 7 more processes have sent help message help-mpi-btl-openib.txt / error in device init
--------------------------------------------------------------------------
By default, for Open MPI 4.0 and later, infiniband ports on a device
are not used by default.  The intent is to use UCX for these devices.
You can override this policy by setting the btl_openib_allow_ib MCA parameter
to true.

  Local host:              n047
  Local adapter:           mlx5_2
  Local port:              1

--------------------------------------------------------------------------
--------------------------------------------------------------------------
WARNING: There was an error initializing an OpenFabrics device.

  Local host:   n047
  Local device: mlx5_2
--------------------------------------------------------------------------
[n047.hpc:3226671] 7 more processes have sent help message help-mpi-btl-openib.txt / ib port not selected
[n047.hpc:3226671] Set MCA parameter "orte_base_help_aggregate" to 0 to see all help / error messages
[n047.hpc:3226671] 7 more processes have sent help message help-mpi-btl-openib.txt / error in device init
--------------------------------------------------------------------------
By default, for Open MPI 4.0 and later, infiniband ports on a device
are not used by default.  The intent is to use UCX for these devices.
You can override this policy by setting the btl_openib_allow_ib MCA parameter
to true.

  Local host:              n047
  Local adapter:           mlx5_2
  Local port:              1

--------------------------------------------------------------------------
--------------------------------------------------------------------------
WARNING: There was an error initializing an OpenFabrics device.

  Local host:   n047
  Local device: mlx5_2
--------------------------------------------------------------------------
[n047.hpc:3226699] 7 more processes have sent help message help-mpi-btl-openib.txt / ib port not selected
[n047.hpc:3226699] Set MCA parameter "orte_base_help_aggregate" to 0 to see all help / error messages
[n047.hpc:3226699] 7 more processes have sent help message help-mpi-btl-openib.txt / error in device init
--------------------------------------------------------------------------
By default, for Open MPI 4.0 and later, infiniband ports on a device
are not used by default.  The intent is to use UCX for these devices.
You can override this policy by setting the btl_openib_allow_ib MCA parameter
to true.

  Local host:              n047
  Local adapter:           mlx5_2
  Local port:              1

--------------------------------------------------------------------------
--------------------------------------------------------------------------
WARNING: There was an error initializing an OpenFabrics device.

  Local host:   n047
  Local device: mlx5_2
--------------------------------------------------------------------------
[n047.hpc:3226727] 7 more processes have sent help message help-mpi-btl-openib.txt / ib port not selected
[n047.hpc:3226727] Set MCA parameter "orte_base_help_aggregate" to 0 to see all help / error messages
[n047.hpc:3226727] 7 more processes have sent help message help-mpi-btl-openib.txt / error in device init
--------------------------------------------------------------------------
By default, for Open MPI 4.0 and later, infiniband ports on a device
are not used by default.  The intent is to use UCX for these devices.
You can override this policy by setting the btl_openib_allow_ib MCA parameter
to true.

  Local host:              n047
  Local adapter:           mlx5_2
  Local port:              1

--------------------------------------------------------------------------
--------------------------------------------------------------------------
WARNING: There was an error initializing an OpenFabrics device.

  Local host:   n047
  Local device: mlx5_2
--------------------------------------------------------------------------
[n047.hpc:3226759] 7 more processes have sent help message help-mpi-btl-openib.txt / ib port not selected
[n047.hpc:3226759] Set MCA parameter "orte_base_help_aggregate" to 0 to see all help / error messages
[n047.hpc:3226759] 7 more processes have sent help message help-mpi-btl-openib.txt / error in device init
--------------------------------------------------------------------------
By default, for Open MPI 4.0 and later, infiniband ports on a device
are not used by default.  The intent is to use UCX for these devices.
You can override this policy by setting the btl_openib_allow_ib MCA parameter
to true.

  Local host:              n047
  Local adapter:           mlx5_2
  Local port:              1

--------------------------------------------------------------------------
--------------------------------------------------------------------------
WARNING: There was an error initializing an OpenFabrics device.

  Local host:   n047
  Local device: mlx5_2
--------------------------------------------------------------------------
[n047.hpc:3226793] 7 more processes have sent help message help-mpi-btl-openib.txt / ib port not selected
[n047.hpc:3226793] Set MCA parameter "orte_base_help_aggregate" to 0 to see all help / error messages
[n047.hpc:3226793] 7 more processes have sent help message help-mpi-btl-openib.txt / error in device init
--------------------------------------------------------------------------
By default, for Open MPI 4.0 and later, infiniband ports on a device
are not used by default.  The intent is to use UCX for these devices.
You can override this policy by setting the btl_openib_allow_ib MCA parameter
to true.

  Local host:              n047
  Local adapter:           mlx5_2
  Local port:              1

--------------------------------------------------------------------------
--------------------------------------------------------------------------
WARNING: There was an error initializing an OpenFabrics device.

  Local host:   n047
  Local device: mlx5_2
--------------------------------------------------------------------------
[n047.hpc:3226965] 7 more processes have sent help message help-mpi-btl-openib.txt / ib port not selected
[n047.hpc:3226965] Set MCA parameter "orte_base_help_aggregate" to 0 to see all help / error messages
[n047.hpc:3226965] 7 more processes have sent help message help-mpi-btl-openib.txt / error in device init
--------------------------------------------------------------------------
By default, for Open MPI 4.0 and later, infiniband ports on a device
are not used by default.  The intent is to use UCX for these devices.
You can override this policy by setting the btl_openib_allow_ib MCA parameter
to true.

  Local host:              n047
  Local adapter:           mlx5_2
  Local port:              1

--------------------------------------------------------------------------
--------------------------------------------------------------------------
WARNING: There was an error initializing an OpenFabrics device.

  Local host:   n047
  Local device: mlx5_2
--------------------------------------------------------------------------
[n047.hpc:3226993] 7 more processes have sent help message help-mpi-btl-openib.txt / ib port not selected
[n047.hpc:3226993] Set MCA parameter "orte_base_help_aggregate" to 0 to see all help / error messages
[n047.hpc:3226993] 7 more processes have sent help message help-mpi-btl-openib.txt / error in device init
--------------------------------------------------------------------------
By default, for Open MPI 4.0 and later, infiniband ports on a device
are not used by default.  The intent is to use UCX for these devices.
You can override this policy by setting the btl_openib_allow_ib MCA parameter
to true.

  Local host:              n047
  Local adapter:           mlx5_2
  Local port:              1

--------------------------------------------------------------------------
--------------------------------------------------------------------------
WARNING: There was an error initializing an OpenFabrics device.

  Local host:   n047
  Local device: mlx5_2
--------------------------------------------------------------------------
[n047.hpc:3227038] 7 more processes have sent help message help-mpi-btl-openib.txt / ib port not selected
[n047.hpc:3227038] Set MCA parameter "orte_base_help_aggregate" to 0 to see all help / error messages
[n047.hpc:3227038] 7 more processes have sent help message help-mpi-btl-openib.txt / error in device init
--------------------------------------------------------------------------
By default, for Open MPI 4.0 and later, infiniband ports on a device
are not used by default.  The intent is to use UCX for these devices.
You can override this policy by setting the btl_openib_allow_ib MCA parameter
to true.

  Local host:              n047
  Local adapter:           mlx5_2
  Local port:              1

--------------------------------------------------------------------------
--------------------------------------------------------------------------
WARNING: There was an error initializing an OpenFabrics device.

  Local host:   n047
  Local device: mlx5_2
--------------------------------------------------------------------------
[n047.hpc:3227066] 7 more processes have sent help message help-mpi-btl-openib.txt / ib port not selected
[n047.hpc:3227066] Set MCA parameter "orte_base_help_aggregate" to 0 to see all help / error messages
[n047.hpc:3227066] 7 more processes have sent help message help-mpi-btl-openib.txt / error in device init
--------------------------------------------------------------------------
By default, for Open MPI 4.0 and later, infiniband ports on a device
are not used by default.  The intent is to use UCX for these devices.
You can override this policy by setting the btl_openib_allow_ib MCA parameter
to true.

  Local host:              n047
  Local adapter:           mlx5_2
  Local port:              1

--------------------------------------------------------------------------
--------------------------------------------------------------------------
WARNING: There was an error initializing an OpenFabrics device.

  Local host:   n047
  Local device: mlx5_2
--------------------------------------------------------------------------
[n047.hpc:3227094] 7 more processes have sent help message help-mpi-btl-openib.txt / ib port not selected
[n047.hpc:3227094] Set MCA parameter "orte_base_help_aggregate" to 0 to see all help / error messages
[n047.hpc:3227094] 7 more processes have sent help message help-mpi-btl-openib.txt / error in device init
--------------------------------------------------------------------------
By default, for Open MPI 4.0 and later, infiniband ports on a device
are not used by default.  The intent is to use UCX for these devices.
You can override this policy by setting the btl_openib_allow_ib MCA parameter
to true.

  Local host:              n047
  Local adapter:           mlx5_2
  Local port:              1

--------------------------------------------------------------------------
--------------------------------------------------------------------------
WARNING: There was an error initializing an OpenFabrics device.

  Local host:   n047
  Local device: mlx5_2
--------------------------------------------------------------------------
[n047.hpc:3227122] 7 more processes have sent help message help-mpi-btl-openib.txt / ib port not selected
[n047.hpc:3227122] Set MCA parameter "orte_base_help_aggregate" to 0 to see all help / error messages
[n047.hpc:3227122] 7 more processes have sent help message help-mpi-btl-openib.txt / error in device init
--------------------------------------------------------------------------
By default, for Open MPI 4.0 and later, infiniband ports on a device
are not used by default.  The intent is to use UCX for these devices.
You can override this policy by setting the btl_openib_allow_ib MCA parameter
to true.

  Local host:              n047
  Local adapter:           mlx5_2
  Local port:              1

--------------------------------------------------------------------------
--------------------------------------------------------------------------
WARNING: There was an error initializing an OpenFabrics device.

  Local host:   n047
  Local device: mlx5_2
--------------------------------------------------------------------------
[n047.hpc:3227335] 7 more processes have sent help message help-mpi-btl-openib.txt / ib port not selected
[n047.hpc:3227335] Set MCA parameter "orte_base_help_aggregate" to 0 to see all help / error messages
[n047.hpc:3227335] 7 more processes have sent help message help-mpi-btl-openib.txt / error in device init
--------------------------------------------------------------------------
By default, for Open MPI 4.0 and later, infiniband ports on a device
are not used by default.  The intent is to use UCX for these devices.
You can override this policy by setting the btl_openib_allow_ib MCA parameter
to true.

  Local host:              n047
  Local adapter:           mlx5_2
  Local port:              1

--------------------------------------------------------------------------
--------------------------------------------------------------------------
WARNING: There was an error initializing an OpenFabrics device.

  Local host:   n047
  Local device: mlx5_2
--------------------------------------------------------------------------
[n047.hpc:3227365] 7 more processes have sent help message help-mpi-btl-openib.txt / ib port not selected
[n047.hpc:3227365] Set MCA parameter "orte_base_help_aggregate" to 0 to see all help / error messages
[n047.hpc:3227365] 7 more processes have sent help message help-mpi-btl-openib.txt / error in device init
--------------------------------------------------------------------------
By default, for Open MPI 4.0 and later, infiniband ports on a device
are not used by default.  The intent is to use UCX for these devices.
You can override this policy by setting the btl_openib_allow_ib MCA parameter
to true.

  Local host:              n047
  Local adapter:           mlx5_2
  Local port:              1

--------------------------------------------------------------------------
--------------------------------------------------------------------------
WARNING: There was an error initializing an OpenFabrics device.

  Local host:   n047
  Local device: mlx5_2
--------------------------------------------------------------------------
[n047.hpc:3227393] 7 more processes have sent help message help-mpi-btl-openib.txt / ib port not selected
[n047.hpc:3227393] Set MCA parameter "orte_base_help_aggregate" to 0 to see all help / error messages
[n047.hpc:3227393] 7 more processes have sent help message help-mpi-btl-openib.txt / error in device init
--------------------------------------------------------------------------
By default, for Open MPI 4.0 and later, infiniband ports on a device
are not used by default.  The intent is to use UCX for these devices.
You can override this policy by setting the btl_openib_allow_ib MCA parameter
to true.

  Local host:              n047
  Local adapter:           mlx5_2
  Local port:              1

--------------------------------------------------------------------------
--------------------------------------------------------------------------
WARNING: There was an error initializing an OpenFabrics device.

  Local host:   n047
  Local device: mlx5_2
--------------------------------------------------------------------------
[n047.hpc:3227421] 7 more processes have sent help message help-mpi-btl-openib.txt / ib port not selected
[n047.hpc:3227421] Set MCA parameter "orte_base_help_aggregate" to 0 to see all help / error messages
[n047.hpc:3227421] 7 more processes have sent help message help-mpi-btl-openib.txt / error in device init
--------------------------------------------------------------------------
By default, for Open MPI 4.0 and later, infiniband ports on a device
are not used by default.  The intent is to use UCX for these devices.
You can override this policy by setting the btl_openib_allow_ib MCA parameter
to true.

  Local host:              n047
  Local adapter:           mlx5_2
  Local port:              1

--------------------------------------------------------------------------
--------------------------------------------------------------------------
WARNING: There was an error initializing an OpenFabrics device.

  Local host:   n047
  Local device: mlx5_2
--------------------------------------------------------------------------
[n047.hpc:3227449] 7 more processes have sent help message help-mpi-btl-openib.txt / ib port not selected
[n047.hpc:3227449] Set MCA parameter "orte_base_help_aggregate" to 0 to see all help / error messages
[n047.hpc:3227449] 7 more processes have sent help message help-mpi-btl-openib.txt / error in device init
--------------------------------------------------------------------------
By default, for Open MPI 4.0 and later, infiniband ports on a device
are not used by default.  The intent is to use UCX for these devices.
You can override this policy by setting the btl_openib_allow_ib MCA parameter
to true.

  Local host:              n047
  Local adapter:           mlx5_2
  Local port:              1

--------------------------------------------------------------------------
--------------------------------------------------------------------------
WARNING: There was an error initializing an OpenFabrics device.

  Local host:   n047
  Local device: mlx5_2
--------------------------------------------------------------------------
[n047.hpc:3227477] 7 more processes have sent help message help-mpi-btl-openib.txt / ib port not selected
[n047.hpc:3227477] Set MCA parameter "orte_base_help_aggregate" to 0 to see all help / error messages
[n047.hpc:3227477] 7 more processes have sent help message help-mpi-btl-openib.txt / error in device init
--------------------------------------------------------------------------
By default, for Open MPI 4.0 and later, infiniband ports on a device
are not used by default.  The intent is to use UCX for these devices.
You can override this policy by setting the btl_openib_allow_ib MCA parameter
to true.

  Local host:              n047
  Local adapter:           mlx5_2
  Local port:              1

--------------------------------------------------------------------------
--------------------------------------------------------------------------
WARNING: There was an error initializing an OpenFabrics device.

  Local host:   n047
  Local device: mlx5_2
--------------------------------------------------------------------------
[n047.hpc:3227662] 7 more processes have sent help message help-mpi-btl-openib.txt / ib port not selected
[n047.hpc:3227662] Set MCA parameter "orte_base_help_aggregate" to 0 to see all help / error messages
[n047.hpc:3227662] 7 more processes have sent help message help-mpi-btl-openib.txt / error in device init
--------------------------------------------------------------------------
By default, for Open MPI 4.0 and later, infiniband ports on a device
are not used by default.  The intent is to use UCX for these devices.
You can override this policy by setting the btl_openib_allow_ib MCA parameter
to true.

  Local host:              n047
  Local adapter:           mlx5_2
  Local port:              1

--------------------------------------------------------------------------
--------------------------------------------------------------------------
WARNING: There was an error initializing an OpenFabrics device.

  Local host:   n047
  Local device: mlx5_2
--------------------------------------------------------------------------
[n047.hpc:3227690] 7 more processes have sent help message help-mpi-btl-openib.txt / ib port not selected
[n047.hpc:3227690] Set MCA parameter "orte_base_help_aggregate" to 0 to see all help / error messages
[n047.hpc:3227690] 7 more processes have sent help message help-mpi-btl-openib.txt / error in device init
--------------------------------------------------------------------------
By default, for Open MPI 4.0 and later, infiniband ports on a device
are not used by default.  The intent is to use UCX for these devices.
You can override this policy by setting the btl_openib_allow_ib MCA parameter
to true.

  Local host:              n047
  Local adapter:           mlx5_2
  Local port:              1

--------------------------------------------------------------------------
--------------------------------------------------------------------------
WARNING: There was an error initializing an OpenFabrics device.

  Local host:   n047
  Local device: mlx5_2
--------------------------------------------------------------------------
[n047.hpc:3227752] 7 more processes have sent help message help-mpi-btl-openib.txt / ib port not selected
[n047.hpc:3227752] Set MCA parameter "orte_base_help_aggregate" to 0 to see all help / error messages
[n047.hpc:3227752] 7 more processes have sent help message help-mpi-btl-openib.txt / error in device init
--------------------------------------------------------------------------
By default, for Open MPI 4.0 and later, infiniband ports on a device
are not used by default.  The intent is to use UCX for these devices.
You can override this policy by setting the btl_openib_allow_ib MCA parameter
to true.

  Local host:              n047
  Local adapter:           mlx5_2
  Local port:              1

--------------------------------------------------------------------------
--------------------------------------------------------------------------
WARNING: There was an error initializing an OpenFabrics device.

  Local host:   n047
  Local device: mlx5_2
--------------------------------------------------------------------------
[n047.hpc:3227780] 7 more processes have sent help message help-mpi-btl-openib.txt / ib port not selected
[n047.hpc:3227780] Set MCA parameter "orte_base_help_aggregate" to 0 to see all help / error messages
[n047.hpc:3227780] 7 more processes have sent help message help-mpi-btl-openib.txt / error in device init
--------------------------------------------------------------------------
By default, for Open MPI 4.0 and later, infiniband ports on a device
are not used by default.  The intent is to use UCX for these devices.
You can override this policy by setting the btl_openib_allow_ib MCA parameter
to true.

  Local host:              n047
  Local adapter:           mlx5_2
  Local port:              1

--------------------------------------------------------------------------
--------------------------------------------------------------------------
WARNING: There was an error initializing an OpenFabrics device.

  Local host:   n047
  Local device: mlx5_2
--------------------------------------------------------------------------
[n047.hpc:3227808] 7 more processes have sent help message help-mpi-btl-openib.txt / ib port not selected
[n047.hpc:3227808] Set MCA parameter "orte_base_help_aggregate" to 0 to see all help / error messages
[n047.hpc:3227808] 7 more processes have sent help message help-mpi-btl-openib.txt / error in device init
--------------------------------------------------------------------------
By default, for Open MPI 4.0 and later, infiniband ports on a device
are not used by default.  The intent is to use UCX for these devices.
You can override this policy by setting the btl_openib_allow_ib MCA parameter
to true.

  Local host:              n047
  Local adapter:           mlx5_2
  Local port:              1

--------------------------------------------------------------------------
--------------------------------------------------------------------------
WARNING: There was an error initializing an OpenFabrics device.

  Local host:   n047
  Local device: mlx5_2
--------------------------------------------------------------------------
[n047.hpc:3227836] 7 more processes have sent help message help-mpi-btl-openib.txt / ib port not selected
[n047.hpc:3227836] Set MCA parameter "orte_base_help_aggregate" to 0 to see all help / error messages
[n047.hpc:3227836] 7 more processes have sent help message help-mpi-btl-openib.txt / error in device init
--------------------------------------------------------------------------
By default, for Open MPI 4.0 and later, infiniband ports on a device
are not used by default.  The intent is to use UCX for these devices.
You can override this policy by setting the btl_openib_allow_ib MCA parameter
to true.

  Local host:              n047
  Local adapter:           mlx5_2
  Local port:              1

--------------------------------------------------------------------------
--------------------------------------------------------------------------
WARNING: There was an error initializing an OpenFabrics device.

  Local host:   n047
  Local device: mlx5_2
--------------------------------------------------------------------------
[n047.hpc:3228073] 7 more processes have sent help message help-mpi-btl-openib.txt / ib port not selected
[n047.hpc:3228073] Set MCA parameter "orte_base_help_aggregate" to 0 to see all help / error messages
[n047.hpc:3228073] 7 more processes have sent help message help-mpi-btl-openib.txt / error in device init
--------------------------------------------------------------------------
By default, for Open MPI 4.0 and later, infiniband ports on a device
are not used by default.  The intent is to use UCX for these devices.
You can override this policy by setting the btl_openib_allow_ib MCA parameter
to true.

  Local host:              n047
  Local adapter:           mlx5_2
  Local port:              1

--------------------------------------------------------------------------
--------------------------------------------------------------------------
WARNING: There was an error initializing an OpenFabrics device.

  Local host:   n047
  Local device: mlx5_2
--------------------------------------------------------------------------
[n047.hpc:3228262] 7 more processes have sent help message help-mpi-btl-openib.txt / ib port not selected
[n047.hpc:3228262] Set MCA parameter "orte_base_help_aggregate" to 0 to see all help / error messages
[n047.hpc:3228262] 7 more processes have sent help message help-mpi-btl-openib.txt / error in device init
--------------------------------------------------------------------------
By default, for Open MPI 4.0 and later, infiniband ports on a device
are not used by default.  The intent is to use UCX for these devices.
You can override this policy by setting the btl_openib_allow_ib MCA parameter
to true.

  Local host:              n047
  Local adapter:           mlx5_2
  Local port:              1

--------------------------------------------------------------------------
--------------------------------------------------------------------------
WARNING: There was an error initializing an OpenFabrics device.

  Local host:   n047
  Local device: mlx5_2
--------------------------------------------------------------------------
[n047.hpc:3228331] 7 more processes have sent help message help-mpi-btl-openib.txt / ib port not selected
[n047.hpc:3228331] Set MCA parameter "orte_base_help_aggregate" to 0 to see all help / error messages
[n047.hpc:3228331] 7 more processes have sent help message help-mpi-btl-openib.txt / error in device init
--------------------------------------------------------------------------
By default, for Open MPI 4.0 and later, infiniband ports on a device
are not used by default.  The intent is to use UCX for these devices.
You can override this policy by setting the btl_openib_allow_ib MCA parameter
to true.

  Local host:              n047
  Local adapter:           mlx5_2
  Local port:              1

--------------------------------------------------------------------------
--------------------------------------------------------------------------
WARNING: There was an error initializing an OpenFabrics device.

  Local host:   n047
  Local device: mlx5_2
--------------------------------------------------------------------------
[n047.hpc:3229067] 7 more processes have sent help message help-mpi-btl-openib.txt / ib port not selected
[n047.hpc:3229067] Set MCA parameter "orte_base_help_aggregate" to 0 to see all help / error messages
[n047.hpc:3229067] 7 more processes have sent help message help-mpi-btl-openib.txt / error in device init
