--------------------------------------------------------------------------
By default, for Open MPI 4.0 and later, infiniband ports on a device
are not used by default.  The intent is to use UCX for these devices.
You can override this policy by setting the btl_openib_allow_ib MCA parameter
to true.

  Local host:              n048
  Local adapter:           mlx5_2
  Local port:              1

--------------------------------------------------------------------------
--------------------------------------------------------------------------
WARNING: There was an error initializing an OpenFabrics device.

  Local host:   n048
  Local device: mlx5_2
--------------------------------------------------------------------------
[n048.hpc:2240118] 7 more processes have sent help message help-mpi-btl-openib.txt / ib port not selected
[n048.hpc:2240118] Set MCA parameter "orte_base_help_aggregate" to 0 to see all help / error messages
[n048.hpc:2240118] 7 more processes have sent help message help-mpi-btl-openib.txt / error in device init
--------------------------------------------------------------------------
By default, for Open MPI 4.0 and later, infiniband ports on a device
are not used by default.  The intent is to use UCX for these devices.
You can override this policy by setting the btl_openib_allow_ib MCA parameter
to true.

  Local host:              n048
  Local adapter:           mlx5_2
  Local port:              1

--------------------------------------------------------------------------
--------------------------------------------------------------------------
WARNING: There was an error initializing an OpenFabrics device.

  Local host:   n048
  Local device: mlx5_2
--------------------------------------------------------------------------
[n048.hpc:2240146] 7 more processes have sent help message help-mpi-btl-openib.txt / ib port not selected
[n048.hpc:2240146] Set MCA parameter "orte_base_help_aggregate" to 0 to see all help / error messages
[n048.hpc:2240146] 7 more processes have sent help message help-mpi-btl-openib.txt / error in device init
--------------------------------------------------------------------------
By default, for Open MPI 4.0 and later, infiniband ports on a device
are not used by default.  The intent is to use UCX for these devices.
You can override this policy by setting the btl_openib_allow_ib MCA parameter
to true.

  Local host:              n048
  Local adapter:           mlx5_2
  Local port:              1

--------------------------------------------------------------------------
--------------------------------------------------------------------------
WARNING: There was an error initializing an OpenFabrics device.

  Local host:   n048
  Local device: mlx5_2
--------------------------------------------------------------------------
[n048.hpc:2240195] 7 more processes have sent help message help-mpi-btl-openib.txt / ib port not selected
[n048.hpc:2240195] Set MCA parameter "orte_base_help_aggregate" to 0 to see all help / error messages
[n048.hpc:2240195] 7 more processes have sent help message help-mpi-btl-openib.txt / error in device init
--------------------------------------------------------------------------
By default, for Open MPI 4.0 and later, infiniband ports on a device
are not used by default.  The intent is to use UCX for these devices.
You can override this policy by setting the btl_openib_allow_ib MCA parameter
to true.

  Local host:              n048
  Local adapter:           mlx5_2
  Local port:              1

--------------------------------------------------------------------------
--------------------------------------------------------------------------
WARNING: There was an error initializing an OpenFabrics device.

  Local host:   n048
  Local device: mlx5_2
--------------------------------------------------------------------------
[n048.hpc:2240390] 7 more processes have sent help message help-mpi-btl-openib.txt / ib port not selected
[n048.hpc:2240390] Set MCA parameter "orte_base_help_aggregate" to 0 to see all help / error messages
[n048.hpc:2240390] 7 more processes have sent help message help-mpi-btl-openib.txt / error in device init
--------------------------------------------------------------------------
By default, for Open MPI 4.0 and later, infiniband ports on a device
are not used by default.  The intent is to use UCX for these devices.
You can override this policy by setting the btl_openib_allow_ib MCA parameter
to true.

  Local host:              n048
  Local adapter:           mlx5_2
  Local port:              1

--------------------------------------------------------------------------
--------------------------------------------------------------------------
WARNING: There was an error initializing an OpenFabrics device.

  Local host:   n048
  Local device: mlx5_2
--------------------------------------------------------------------------
[n048.hpc:2240441] 7 more processes have sent help message help-mpi-btl-openib.txt / ib port not selected
[n048.hpc:2240441] Set MCA parameter "orte_base_help_aggregate" to 0 to see all help / error messages
[n048.hpc:2240441] 7 more processes have sent help message help-mpi-btl-openib.txt / error in device init
--------------------------------------------------------------------------
By default, for Open MPI 4.0 and later, infiniband ports on a device
are not used by default.  The intent is to use UCX for these devices.
You can override this policy by setting the btl_openib_allow_ib MCA parameter
to true.

  Local host:              n048
  Local adapter:           mlx5_2
  Local port:              1

--------------------------------------------------------------------------
--------------------------------------------------------------------------
WARNING: There was an error initializing an OpenFabrics device.

  Local host:   n048
  Local device: mlx5_2
--------------------------------------------------------------------------
[n048.hpc:2240636] 7 more processes have sent help message help-mpi-btl-openib.txt / ib port not selected
[n048.hpc:2240636] Set MCA parameter "orte_base_help_aggregate" to 0 to see all help / error messages
[n048.hpc:2240636] 7 more processes have sent help message help-mpi-btl-openib.txt / error in device init
--------------------------------------------------------------------------
By default, for Open MPI 4.0 and later, infiniband ports on a device
are not used by default.  The intent is to use UCX for these devices.
You can override this policy by setting the btl_openib_allow_ib MCA parameter
to true.

  Local host:              n048
  Local adapter:           mlx5_2
  Local port:              1

--------------------------------------------------------------------------
--------------------------------------------------------------------------
WARNING: There was an error initializing an OpenFabrics device.

  Local host:   n048
  Local device: mlx5_2
--------------------------------------------------------------------------
[n048.hpc:2240873] 7 more processes have sent help message help-mpi-btl-openib.txt / ib port not selected
[n048.hpc:2240873] Set MCA parameter "orte_base_help_aggregate" to 0 to see all help / error messages
[n048.hpc:2240873] 7 more processes have sent help message help-mpi-btl-openib.txt / error in device init
--------------------------------------------------------------------------
By default, for Open MPI 4.0 and later, infiniband ports on a device
are not used by default.  The intent is to use UCX for these devices.
You can override this policy by setting the btl_openib_allow_ib MCA parameter
to true.

  Local host:              n048
  Local adapter:           mlx5_2
  Local port:              1

--------------------------------------------------------------------------
--------------------------------------------------------------------------
WARNING: There was an error initializing an OpenFabrics device.

  Local host:   n048
  Local device: mlx5_2
--------------------------------------------------------------------------
[n048.hpc:2241043] 7 more processes have sent help message help-mpi-btl-openib.txt / ib port not selected
[n048.hpc:2241043] Set MCA parameter "orte_base_help_aggregate" to 0 to see all help / error messages
[n048.hpc:2241043] 7 more processes have sent help message help-mpi-btl-openib.txt / error in device init
--------------------------------------------------------------------------
By default, for Open MPI 4.0 and later, infiniband ports on a device
are not used by default.  The intent is to use UCX for these devices.
You can override this policy by setting the btl_openib_allow_ib MCA parameter
to true.

  Local host:              n048
  Local adapter:           mlx5_2
  Local port:              1

--------------------------------------------------------------------------
--------------------------------------------------------------------------
WARNING: There was an error initializing an OpenFabrics device.

  Local host:   n048
  Local device: mlx5_2
--------------------------------------------------------------------------
[n048.hpc:2242133] 7 more processes have sent help message help-mpi-btl-openib.txt / ib port not selected
[n048.hpc:2242133] Set MCA parameter "orte_base_help_aggregate" to 0 to see all help / error messages
[n048.hpc:2242133] 7 more processes have sent help message help-mpi-btl-openib.txt / error in device init
--------------------------------------------------------------------------
By default, for Open MPI 4.0 and later, infiniband ports on a device
are not used by default.  The intent is to use UCX for these devices.
You can override this policy by setting the btl_openib_allow_ib MCA parameter
to true.

  Local host:              n048
  Local adapter:           mlx5_2
  Local port:              1

--------------------------------------------------------------------------
--------------------------------------------------------------------------
WARNING: There was an error initializing an OpenFabrics device.

  Local host:   n048
  Local device: mlx5_2
--------------------------------------------------------------------------
[n048.hpc:2242162] 7 more processes have sent help message help-mpi-btl-openib.txt / ib port not selected
[n048.hpc:2242162] Set MCA parameter "orte_base_help_aggregate" to 0 to see all help / error messages
[n048.hpc:2242162] 7 more processes have sent help message help-mpi-btl-openib.txt / error in device init
--------------------------------------------------------------------------
By default, for Open MPI 4.0 and later, infiniband ports on a device
are not used by default.  The intent is to use UCX for these devices.
You can override this policy by setting the btl_openib_allow_ib MCA parameter
to true.

  Local host:              n048
  Local adapter:           mlx5_2
  Local port:              1

--------------------------------------------------------------------------
--------------------------------------------------------------------------
WARNING: There was an error initializing an OpenFabrics device.

  Local host:   n048
  Local device: mlx5_2
--------------------------------------------------------------------------
[n048.hpc:2242190] 7 more processes have sent help message help-mpi-btl-openib.txt / ib port not selected
[n048.hpc:2242190] Set MCA parameter "orte_base_help_aggregate" to 0 to see all help / error messages
[n048.hpc:2242190] 7 more processes have sent help message help-mpi-btl-openib.txt / error in device init
--------------------------------------------------------------------------
By default, for Open MPI 4.0 and later, infiniband ports on a device
are not used by default.  The intent is to use UCX for these devices.
You can override this policy by setting the btl_openib_allow_ib MCA parameter
to true.

  Local host:              n048
  Local adapter:           mlx5_2
  Local port:              1

--------------------------------------------------------------------------
--------------------------------------------------------------------------
WARNING: There was an error initializing an OpenFabrics device.

  Local host:   n048
  Local device: mlx5_2
--------------------------------------------------------------------------
[n048.hpc:2242220] 7 more processes have sent help message help-mpi-btl-openib.txt / ib port not selected
[n048.hpc:2242220] Set MCA parameter "orte_base_help_aggregate" to 0 to see all help / error messages
[n048.hpc:2242220] 7 more processes have sent help message help-mpi-btl-openib.txt / error in device init
--------------------------------------------------------------------------
By default, for Open MPI 4.0 and later, infiniband ports on a device
are not used by default.  The intent is to use UCX for these devices.
You can override this policy by setting the btl_openib_allow_ib MCA parameter
to true.

  Local host:              n048
  Local adapter:           mlx5_2
  Local port:              1

--------------------------------------------------------------------------
--------------------------------------------------------------------------
WARNING: There was an error initializing an OpenFabrics device.

  Local host:   n048
  Local device: mlx5_2
--------------------------------------------------------------------------
[n048.hpc:2242250] 7 more processes have sent help message help-mpi-btl-openib.txt / ib port not selected
[n048.hpc:2242250] Set MCA parameter "orte_base_help_aggregate" to 0 to see all help / error messages
[n048.hpc:2242250] 7 more processes have sent help message help-mpi-btl-openib.txt / error in device init
--------------------------------------------------------------------------
By default, for Open MPI 4.0 and later, infiniband ports on a device
are not used by default.  The intent is to use UCX for these devices.
You can override this policy by setting the btl_openib_allow_ib MCA parameter
to true.

  Local host:              n048
  Local adapter:           mlx5_2
  Local port:              1

--------------------------------------------------------------------------
--------------------------------------------------------------------------
WARNING: There was an error initializing an OpenFabrics device.

  Local host:   n048
  Local device: mlx5_2
--------------------------------------------------------------------------
[n048.hpc:2242552] 7 more processes have sent help message help-mpi-btl-openib.txt / ib port not selected
[n048.hpc:2242552] Set MCA parameter "orte_base_help_aggregate" to 0 to see all help / error messages
[n048.hpc:2242552] 7 more processes have sent help message help-mpi-btl-openib.txt / error in device init
--------------------------------------------------------------------------
By default, for Open MPI 4.0 and later, infiniband ports on a device
are not used by default.  The intent is to use UCX for these devices.
You can override this policy by setting the btl_openib_allow_ib MCA parameter
to true.

  Local host:              n048
  Local adapter:           mlx5_2
  Local port:              1

--------------------------------------------------------------------------
--------------------------------------------------------------------------
WARNING: There was an error initializing an OpenFabrics device.

  Local host:   n048
  Local device: mlx5_2
--------------------------------------------------------------------------
[n048.hpc:2242580] 7 more processes have sent help message help-mpi-btl-openib.txt / ib port not selected
[n048.hpc:2242580] Set MCA parameter "orte_base_help_aggregate" to 0 to see all help / error messages
[n048.hpc:2242580] 7 more processes have sent help message help-mpi-btl-openib.txt / error in device init
--------------------------------------------------------------------------
By default, for Open MPI 4.0 and later, infiniband ports on a device
are not used by default.  The intent is to use UCX for these devices.
You can override this policy by setting the btl_openib_allow_ib MCA parameter
to true.

  Local host:              n048
  Local adapter:           mlx5_2
  Local port:              1

--------------------------------------------------------------------------
--------------------------------------------------------------------------
WARNING: There was an error initializing an OpenFabrics device.

  Local host:   n048
  Local device: mlx5_2
--------------------------------------------------------------------------
[n048.hpc:2242810] 7 more processes have sent help message help-mpi-btl-openib.txt / ib port not selected
[n048.hpc:2242810] Set MCA parameter "orte_base_help_aggregate" to 0 to see all help / error messages
[n048.hpc:2242810] 7 more processes have sent help message help-mpi-btl-openib.txt / error in device init
--------------------------------------------------------------------------
By default, for Open MPI 4.0 and later, infiniband ports on a device
are not used by default.  The intent is to use UCX for these devices.
You can override this policy by setting the btl_openib_allow_ib MCA parameter
to true.

  Local host:              n048
  Local adapter:           mlx5_2
  Local port:              1

--------------------------------------------------------------------------
--------------------------------------------------------------------------
WARNING: There was an error initializing an OpenFabrics device.

  Local host:   n048
  Local device: mlx5_2
--------------------------------------------------------------------------
[n048.hpc:2242838] 7 more processes have sent help message help-mpi-btl-openib.txt / ib port not selected
[n048.hpc:2242838] Set MCA parameter "orte_base_help_aggregate" to 0 to see all help / error messages
[n048.hpc:2242838] 7 more processes have sent help message help-mpi-btl-openib.txt / error in device init
--------------------------------------------------------------------------
By default, for Open MPI 4.0 and later, infiniband ports on a device
are not used by default.  The intent is to use UCX for these devices.
You can override this policy by setting the btl_openib_allow_ib MCA parameter
to true.

  Local host:              n048
  Local adapter:           mlx5_2
  Local port:              1

--------------------------------------------------------------------------
--------------------------------------------------------------------------
WARNING: There was an error initializing an OpenFabrics device.

  Local host:   n048
  Local device: mlx5_2
--------------------------------------------------------------------------
[n048.hpc:2242866] 7 more processes have sent help message help-mpi-btl-openib.txt / ib port not selected
[n048.hpc:2242866] Set MCA parameter "orte_base_help_aggregate" to 0 to see all help / error messages
[n048.hpc:2242866] 7 more processes have sent help message help-mpi-btl-openib.txt / error in device init
--------------------------------------------------------------------------
By default, for Open MPI 4.0 and later, infiniband ports on a device
are not used by default.  The intent is to use UCX for these devices.
You can override this policy by setting the btl_openib_allow_ib MCA parameter
to true.

  Local host:              n048
  Local adapter:           mlx5_2
  Local port:              1

--------------------------------------------------------------------------
--------------------------------------------------------------------------
WARNING: There was an error initializing an OpenFabrics device.

  Local host:   n048
  Local device: mlx5_2
--------------------------------------------------------------------------
[n048.hpc:2242894] 7 more processes have sent help message help-mpi-btl-openib.txt / ib port not selected
[n048.hpc:2242894] Set MCA parameter "orte_base_help_aggregate" to 0 to see all help / error messages
[n048.hpc:2242894] 7 more processes have sent help message help-mpi-btl-openib.txt / error in device init
--------------------------------------------------------------------------
By default, for Open MPI 4.0 and later, infiniband ports on a device
are not used by default.  The intent is to use UCX for these devices.
You can override this policy by setting the btl_openib_allow_ib MCA parameter
to true.

  Local host:              n048
  Local adapter:           mlx5_2
  Local port:              1

--------------------------------------------------------------------------
--------------------------------------------------------------------------
WARNING: There was an error initializing an OpenFabrics device.

  Local host:   n048
  Local device: mlx5_2
--------------------------------------------------------------------------
[n048.hpc:2242971] 7 more processes have sent help message help-mpi-btl-openib.txt / ib port not selected
[n048.hpc:2242971] Set MCA parameter "orte_base_help_aggregate" to 0 to see all help / error messages
[n048.hpc:2242971] 7 more processes have sent help message help-mpi-btl-openib.txt / error in device init
--------------------------------------------------------------------------
By default, for Open MPI 4.0 and later, infiniband ports on a device
are not used by default.  The intent is to use UCX for these devices.
You can override this policy by setting the btl_openib_allow_ib MCA parameter
to true.

  Local host:              n048
  Local adapter:           mlx5_2
  Local port:              1

--------------------------------------------------------------------------
--------------------------------------------------------------------------
WARNING: There was an error initializing an OpenFabrics device.

  Local host:   n048
  Local device: mlx5_2
--------------------------------------------------------------------------
[n048.hpc:2242999] 7 more processes have sent help message help-mpi-btl-openib.txt / ib port not selected
[n048.hpc:2242999] Set MCA parameter "orte_base_help_aggregate" to 0 to see all help / error messages
[n048.hpc:2242999] 7 more processes have sent help message help-mpi-btl-openib.txt / error in device init
--------------------------------------------------------------------------
By default, for Open MPI 4.0 and later, infiniband ports on a device
are not used by default.  The intent is to use UCX for these devices.
You can override this policy by setting the btl_openib_allow_ib MCA parameter
to true.

  Local host:              n048
  Local adapter:           mlx5_2
  Local port:              1

--------------------------------------------------------------------------
--------------------------------------------------------------------------
WARNING: There was an error initializing an OpenFabrics device.

  Local host:   n048
  Local device: mlx5_2
--------------------------------------------------------------------------
[n048.hpc:2243182] 7 more processes have sent help message help-mpi-btl-openib.txt / ib port not selected
[n048.hpc:2243182] Set MCA parameter "orte_base_help_aggregate" to 0 to see all help / error messages
[n048.hpc:2243182] 7 more processes have sent help message help-mpi-btl-openib.txt / error in device init
--------------------------------------------------------------------------
By default, for Open MPI 4.0 and later, infiniband ports on a device
are not used by default.  The intent is to use UCX for these devices.
You can override this policy by setting the btl_openib_allow_ib MCA parameter
to true.

  Local host:              n048
  Local adapter:           mlx5_2
  Local port:              1

--------------------------------------------------------------------------
--------------------------------------------------------------------------
WARNING: There was an error initializing an OpenFabrics device.

  Local host:   n048
  Local device: mlx5_2
--------------------------------------------------------------------------
[n048.hpc:2243210] 7 more processes have sent help message help-mpi-btl-openib.txt / ib port not selected
[n048.hpc:2243210] Set MCA parameter "orte_base_help_aggregate" to 0 to see all help / error messages
[n048.hpc:2243210] 7 more processes have sent help message help-mpi-btl-openib.txt / error in device init
--------------------------------------------------------------------------
By default, for Open MPI 4.0 and later, infiniband ports on a device
are not used by default.  The intent is to use UCX for these devices.
You can override this policy by setting the btl_openib_allow_ib MCA parameter
to true.

  Local host:              n048
  Local adapter:           mlx5_2
  Local port:              1

--------------------------------------------------------------------------
--------------------------------------------------------------------------
WARNING: There was an error initializing an OpenFabrics device.

  Local host:   n048
  Local device: mlx5_2
--------------------------------------------------------------------------
[n048.hpc:2243238] 7 more processes have sent help message help-mpi-btl-openib.txt / ib port not selected
[n048.hpc:2243238] Set MCA parameter "orte_base_help_aggregate" to 0 to see all help / error messages
[n048.hpc:2243238] 7 more processes have sent help message help-mpi-btl-openib.txt / error in device init
--------------------------------------------------------------------------
By default, for Open MPI 4.0 and later, infiniband ports on a device
are not used by default.  The intent is to use UCX for these devices.
You can override this policy by setting the btl_openib_allow_ib MCA parameter
to true.

  Local host:              n048
  Local adapter:           mlx5_2
  Local port:              1

--------------------------------------------------------------------------
--------------------------------------------------------------------------
WARNING: There was an error initializing an OpenFabrics device.

  Local host:   n048
  Local device: mlx5_2
--------------------------------------------------------------------------
[n048.hpc:2243268] 7 more processes have sent help message help-mpi-btl-openib.txt / ib port not selected
[n048.hpc:2243268] Set MCA parameter "orte_base_help_aggregate" to 0 to see all help / error messages
[n048.hpc:2243268] 7 more processes have sent help message help-mpi-btl-openib.txt / error in device init
--------------------------------------------------------------------------
By default, for Open MPI 4.0 and later, infiniband ports on a device
are not used by default.  The intent is to use UCX for these devices.
You can override this policy by setting the btl_openib_allow_ib MCA parameter
to true.

  Local host:              n048
  Local adapter:           mlx5_2
  Local port:              1

--------------------------------------------------------------------------
--------------------------------------------------------------------------
WARNING: There was an error initializing an OpenFabrics device.

  Local host:   n048
  Local device: mlx5_2
--------------------------------------------------------------------------
[n048.hpc:2243481] 7 more processes have sent help message help-mpi-btl-openib.txt / ib port not selected
[n048.hpc:2243481] Set MCA parameter "orte_base_help_aggregate" to 0 to see all help / error messages
[n048.hpc:2243481] 7 more processes have sent help message help-mpi-btl-openib.txt / error in device init
--------------------------------------------------------------------------
By default, for Open MPI 4.0 and later, infiniband ports on a device
are not used by default.  The intent is to use UCX for these devices.
You can override this policy by setting the btl_openib_allow_ib MCA parameter
to true.

  Local host:              n048
  Local adapter:           mlx5_2
  Local port:              1

--------------------------------------------------------------------------
--------------------------------------------------------------------------
WARNING: There was an error initializing an OpenFabrics device.

  Local host:   n048
  Local device: mlx5_2
--------------------------------------------------------------------------
[n048.hpc:2243509] 7 more processes have sent help message help-mpi-btl-openib.txt / ib port not selected
[n048.hpc:2243509] Set MCA parameter "orte_base_help_aggregate" to 0 to see all help / error messages
[n048.hpc:2243509] 7 more processes have sent help message help-mpi-btl-openib.txt / error in device init
--------------------------------------------------------------------------
By default, for Open MPI 4.0 and later, infiniband ports on a device
are not used by default.  The intent is to use UCX for these devices.
You can override this policy by setting the btl_openib_allow_ib MCA parameter
to true.

  Local host:              n048
  Local adapter:           mlx5_2
  Local port:              1

--------------------------------------------------------------------------
--------------------------------------------------------------------------
WARNING: There was an error initializing an OpenFabrics device.

  Local host:   n048
  Local device: mlx5_2
--------------------------------------------------------------------------
[n048.hpc:2243679] 7 more processes have sent help message help-mpi-btl-openib.txt / ib port not selected
[n048.hpc:2243679] Set MCA parameter "orte_base_help_aggregate" to 0 to see all help / error messages
[n048.hpc:2243679] 7 more processes have sent help message help-mpi-btl-openib.txt / error in device init
--------------------------------------------------------------------------
By default, for Open MPI 4.0 and later, infiniband ports on a device
are not used by default.  The intent is to use UCX for these devices.
You can override this policy by setting the btl_openib_allow_ib MCA parameter
to true.

  Local host:              n048
  Local adapter:           mlx5_2
  Local port:              1

--------------------------------------------------------------------------
--------------------------------------------------------------------------
WARNING: There was an error initializing an OpenFabrics device.

  Local host:   n048
  Local device: mlx5_2
--------------------------------------------------------------------------
[n048.hpc:2243707] 7 more processes have sent help message help-mpi-btl-openib.txt / ib port not selected
[n048.hpc:2243707] Set MCA parameter "orte_base_help_aggregate" to 0 to see all help / error messages
[n048.hpc:2243707] 7 more processes have sent help message help-mpi-btl-openib.txt / error in device init
--------------------------------------------------------------------------
By default, for Open MPI 4.0 and later, infiniband ports on a device
are not used by default.  The intent is to use UCX for these devices.
You can override this policy by setting the btl_openib_allow_ib MCA parameter
to true.

  Local host:              n048
  Local adapter:           mlx5_2
  Local port:              1

--------------------------------------------------------------------------
--------------------------------------------------------------------------
WARNING: There was an error initializing an OpenFabrics device.

  Local host:   n048
  Local device: mlx5_2
--------------------------------------------------------------------------
[n048.hpc:2243735] 7 more processes have sent help message help-mpi-btl-openib.txt / ib port not selected
[n048.hpc:2243735] Set MCA parameter "orte_base_help_aggregate" to 0 to see all help / error messages
[n048.hpc:2243735] 7 more processes have sent help message help-mpi-btl-openib.txt / error in device init
--------------------------------------------------------------------------
By default, for Open MPI 4.0 and later, infiniband ports on a device
are not used by default.  The intent is to use UCX for these devices.
You can override this policy by setting the btl_openib_allow_ib MCA parameter
to true.

  Local host:              n048
  Local adapter:           mlx5_2
  Local port:              1

--------------------------------------------------------------------------
--------------------------------------------------------------------------
WARNING: There was an error initializing an OpenFabrics device.

  Local host:   n048
  Local device: mlx5_2
--------------------------------------------------------------------------
[n048.hpc:2243763] 7 more processes have sent help message help-mpi-btl-openib.txt / ib port not selected
[n048.hpc:2243763] Set MCA parameter "orte_base_help_aggregate" to 0 to see all help / error messages
[n048.hpc:2243763] 7 more processes have sent help message help-mpi-btl-openib.txt / error in device init
--------------------------------------------------------------------------
By default, for Open MPI 4.0 and later, infiniband ports on a device
are not used by default.  The intent is to use UCX for these devices.
You can override this policy by setting the btl_openib_allow_ib MCA parameter
to true.

  Local host:              n048
  Local adapter:           mlx5_2
  Local port:              1

--------------------------------------------------------------------------
--------------------------------------------------------------------------
WARNING: There was an error initializing an OpenFabrics device.

  Local host:   n048
  Local device: mlx5_2
--------------------------------------------------------------------------
[n048.hpc:2244060] 7 more processes have sent help message help-mpi-btl-openib.txt / ib port not selected
[n048.hpc:2244060] Set MCA parameter "orte_base_help_aggregate" to 0 to see all help / error messages
[n048.hpc:2244060] 7 more processes have sent help message help-mpi-btl-openib.txt / error in device init
--------------------------------------------------------------------------
By default, for Open MPI 4.0 and later, infiniband ports on a device
are not used by default.  The intent is to use UCX for these devices.
You can override this policy by setting the btl_openib_allow_ib MCA parameter
to true.

  Local host:              n048
  Local adapter:           mlx5_2
  Local port:              1

--------------------------------------------------------------------------
--------------------------------------------------------------------------
WARNING: There was an error initializing an OpenFabrics device.

  Local host:   n048
  Local device: mlx5_2
--------------------------------------------------------------------------
[n048.hpc:2244088] 7 more processes have sent help message help-mpi-btl-openib.txt / ib port not selected
[n048.hpc:2244088] Set MCA parameter "orte_base_help_aggregate" to 0 to see all help / error messages
[n048.hpc:2244088] 7 more processes have sent help message help-mpi-btl-openib.txt / error in device init
--------------------------------------------------------------------------
By default, for Open MPI 4.0 and later, infiniband ports on a device
are not used by default.  The intent is to use UCX for these devices.
You can override this policy by setting the btl_openib_allow_ib MCA parameter
to true.

  Local host:              n048
  Local adapter:           mlx5_2
  Local port:              1

--------------------------------------------------------------------------
--------------------------------------------------------------------------
WARNING: There was an error initializing an OpenFabrics device.

  Local host:   n048
  Local device: mlx5_2
--------------------------------------------------------------------------
[n048.hpc:2244120] 7 more processes have sent help message help-mpi-btl-openib.txt / ib port not selected
[n048.hpc:2244120] Set MCA parameter "orte_base_help_aggregate" to 0 to see all help / error messages
[n048.hpc:2244120] 7 more processes have sent help message help-mpi-btl-openib.txt / error in device init
--------------------------------------------------------------------------
By default, for Open MPI 4.0 and later, infiniband ports on a device
are not used by default.  The intent is to use UCX for these devices.
You can override this policy by setting the btl_openib_allow_ib MCA parameter
to true.

  Local host:              n048
  Local adapter:           mlx5_2
  Local port:              1

--------------------------------------------------------------------------
--------------------------------------------------------------------------
WARNING: There was an error initializing an OpenFabrics device.

  Local host:   n048
  Local device: mlx5_2
--------------------------------------------------------------------------
[n048.hpc:2244148] 7 more processes have sent help message help-mpi-btl-openib.txt / ib port not selected
[n048.hpc:2244148] Set MCA parameter "orte_base_help_aggregate" to 0 to see all help / error messages
[n048.hpc:2244148] 7 more processes have sent help message help-mpi-btl-openib.txt / error in device init
--------------------------------------------------------------------------
By default, for Open MPI 4.0 and later, infiniband ports on a device
are not used by default.  The intent is to use UCX for these devices.
You can override this policy by setting the btl_openib_allow_ib MCA parameter
to true.

  Local host:              n048
  Local adapter:           mlx5_2
  Local port:              1

--------------------------------------------------------------------------
--------------------------------------------------------------------------
WARNING: There was an error initializing an OpenFabrics device.

  Local host:   n048
  Local device: mlx5_2
--------------------------------------------------------------------------
[n048.hpc:2244176] 7 more processes have sent help message help-mpi-btl-openib.txt / ib port not selected
[n048.hpc:2244176] Set MCA parameter "orte_base_help_aggregate" to 0 to see all help / error messages
[n048.hpc:2244176] 7 more processes have sent help message help-mpi-btl-openib.txt / error in device init
--------------------------------------------------------------------------
By default, for Open MPI 4.0 and later, infiniband ports on a device
are not used by default.  The intent is to use UCX for these devices.
You can override this policy by setting the btl_openib_allow_ib MCA parameter
to true.

  Local host:              n048
  Local adapter:           mlx5_2
  Local port:              1

--------------------------------------------------------------------------
--------------------------------------------------------------------------
WARNING: There was an error initializing an OpenFabrics device.

  Local host:   n048
  Local device: mlx5_2
--------------------------------------------------------------------------
[n048.hpc:2244204] 7 more processes have sent help message help-mpi-btl-openib.txt / ib port not selected
[n048.hpc:2244204] Set MCA parameter "orte_base_help_aggregate" to 0 to see all help / error messages
[n048.hpc:2244204] 7 more processes have sent help message help-mpi-btl-openib.txt / error in device init
--------------------------------------------------------------------------
By default, for Open MPI 4.0 and later, infiniband ports on a device
are not used by default.  The intent is to use UCX for these devices.
You can override this policy by setting the btl_openib_allow_ib MCA parameter
to true.

  Local host:              n048
  Local adapter:           mlx5_2
  Local port:              1

--------------------------------------------------------------------------
--------------------------------------------------------------------------
WARNING: There was an error initializing an OpenFabrics device.

  Local host:   n048
  Local device: mlx5_2
--------------------------------------------------------------------------
[n048.hpc:2244359] 7 more processes have sent help message help-mpi-btl-openib.txt / ib port not selected
[n048.hpc:2244359] Set MCA parameter "orte_base_help_aggregate" to 0 to see all help / error messages
[n048.hpc:2244359] 7 more processes have sent help message help-mpi-btl-openib.txt / error in device init
--------------------------------------------------------------------------
By default, for Open MPI 4.0 and later, infiniband ports on a device
are not used by default.  The intent is to use UCX for these devices.
You can override this policy by setting the btl_openib_allow_ib MCA parameter
to true.

  Local host:              n048
  Local adapter:           mlx5_2
  Local port:              1

--------------------------------------------------------------------------
--------------------------------------------------------------------------
WARNING: There was an error initializing an OpenFabrics device.

  Local host:   n048
  Local device: mlx5_2
--------------------------------------------------------------------------
[n048.hpc:2244387] 7 more processes have sent help message help-mpi-btl-openib.txt / ib port not selected
[n048.hpc:2244387] Set MCA parameter "orte_base_help_aggregate" to 0 to see all help / error messages
[n048.hpc:2244387] 7 more processes have sent help message help-mpi-btl-openib.txt / error in device init
--------------------------------------------------------------------------
By default, for Open MPI 4.0 and later, infiniband ports on a device
are not used by default.  The intent is to use UCX for these devices.
You can override this policy by setting the btl_openib_allow_ib MCA parameter
to true.

  Local host:              n048
  Local adapter:           mlx5_2
  Local port:              1

--------------------------------------------------------------------------
--------------------------------------------------------------------------
WARNING: There was an error initializing an OpenFabrics device.

  Local host:   n048
  Local device: mlx5_2
--------------------------------------------------------------------------
[n048.hpc:2244417] 7 more processes have sent help message help-mpi-btl-openib.txt / ib port not selected
[n048.hpc:2244417] Set MCA parameter "orte_base_help_aggregate" to 0 to see all help / error messages
[n048.hpc:2244417] 7 more processes have sent help message help-mpi-btl-openib.txt / error in device init
--------------------------------------------------------------------------
By default, for Open MPI 4.0 and later, infiniband ports on a device
are not used by default.  The intent is to use UCX for these devices.
You can override this policy by setting the btl_openib_allow_ib MCA parameter
to true.

  Local host:              n048
  Local adapter:           mlx5_2
  Local port:              1

--------------------------------------------------------------------------
--------------------------------------------------------------------------
WARNING: There was an error initializing an OpenFabrics device.

  Local host:   n048
  Local device: mlx5_2
--------------------------------------------------------------------------
[n048.hpc:2244799] 7 more processes have sent help message help-mpi-btl-openib.txt / ib port not selected
[n048.hpc:2244799] Set MCA parameter "orte_base_help_aggregate" to 0 to see all help / error messages
[n048.hpc:2244799] 7 more processes have sent help message help-mpi-btl-openib.txt / error in device init
--------------------------------------------------------------------------
By default, for Open MPI 4.0 and later, infiniband ports on a device
are not used by default.  The intent is to use UCX for these devices.
You can override this policy by setting the btl_openib_allow_ib MCA parameter
to true.

  Local host:              n048
  Local adapter:           mlx5_2
  Local port:              1

--------------------------------------------------------------------------
--------------------------------------------------------------------------
WARNING: There was an error initializing an OpenFabrics device.

  Local host:   n048
  Local device: mlx5_2
--------------------------------------------------------------------------
[n048.hpc:2244918] 7 more processes have sent help message help-mpi-btl-openib.txt / ib port not selected
[n048.hpc:2244918] Set MCA parameter "orte_base_help_aggregate" to 0 to see all help / error messages
[n048.hpc:2244918] 7 more processes have sent help message help-mpi-btl-openib.txt / error in device init
--------------------------------------------------------------------------
By default, for Open MPI 4.0 and later, infiniband ports on a device
are not used by default.  The intent is to use UCX for these devices.
You can override this policy by setting the btl_openib_allow_ib MCA parameter
to true.

  Local host:              n048
  Local adapter:           mlx5_2
  Local port:              1

--------------------------------------------------------------------------
--------------------------------------------------------------------------
WARNING: There was an error initializing an OpenFabrics device.

  Local host:   n048
  Local device: mlx5_2
--------------------------------------------------------------------------
[n048.hpc:2245959] 7 more processes have sent help message help-mpi-btl-openib.txt / ib port not selected
[n048.hpc:2245959] Set MCA parameter "orte_base_help_aggregate" to 0 to see all help / error messages
[n048.hpc:2245959] 7 more processes have sent help message help-mpi-btl-openib.txt / error in device init
--------------------------------------------------------------------------
By default, for Open MPI 4.0 and later, infiniband ports on a device
are not used by default.  The intent is to use UCX for these devices.
You can override this policy by setting the btl_openib_allow_ib MCA parameter
to true.

  Local host:              n048
  Local adapter:           mlx5_2
  Local port:              1

--------------------------------------------------------------------------
--------------------------------------------------------------------------
WARNING: There was an error initializing an OpenFabrics device.

  Local host:   n048
  Local device: mlx5_2
--------------------------------------------------------------------------
[n048.hpc:2246015] 7 more processes have sent help message help-mpi-btl-openib.txt / ib port not selected
[n048.hpc:2246015] Set MCA parameter "orte_base_help_aggregate" to 0 to see all help / error messages
[n048.hpc:2246015] 7 more processes have sent help message help-mpi-btl-openib.txt / error in device init
--------------------------------------------------------------------------
By default, for Open MPI 4.0 and later, infiniband ports on a device
are not used by default.  The intent is to use UCX for these devices.
You can override this policy by setting the btl_openib_allow_ib MCA parameter
to true.

  Local host:              n048
  Local adapter:           mlx5_2
  Local port:              1

--------------------------------------------------------------------------
--------------------------------------------------------------------------
WARNING: There was an error initializing an OpenFabrics device.

  Local host:   n048
  Local device: mlx5_2
--------------------------------------------------------------------------
[n048.hpc:2246054] 7 more processes have sent help message help-mpi-btl-openib.txt / ib port not selected
[n048.hpc:2246054] Set MCA parameter "orte_base_help_aggregate" to 0 to see all help / error messages
[n048.hpc:2246054] 7 more processes have sent help message help-mpi-btl-openib.txt / error in device init
--------------------------------------------------------------------------
By default, for Open MPI 4.0 and later, infiniband ports on a device
are not used by default.  The intent is to use UCX for these devices.
You can override this policy by setting the btl_openib_allow_ib MCA parameter
to true.

  Local host:              n048
  Local adapter:           mlx5_2
  Local port:              1

--------------------------------------------------------------------------
--------------------------------------------------------------------------
WARNING: There was an error initializing an OpenFabrics device.

  Local host:   n048
  Local device: mlx5_2
--------------------------------------------------------------------------
[n048.hpc:2246101] 7 more processes have sent help message help-mpi-btl-openib.txt / ib port not selected
[n048.hpc:2246101] Set MCA parameter "orte_base_help_aggregate" to 0 to see all help / error messages
[n048.hpc:2246101] 7 more processes have sent help message help-mpi-btl-openib.txt / error in device init
--------------------------------------------------------------------------
By default, for Open MPI 4.0 and later, infiniband ports on a device
are not used by default.  The intent is to use UCX for these devices.
You can override this policy by setting the btl_openib_allow_ib MCA parameter
to true.

  Local host:              n048
  Local adapter:           mlx5_2
  Local port:              1

--------------------------------------------------------------------------
--------------------------------------------------------------------------
WARNING: There was an error initializing an OpenFabrics device.

  Local host:   n048
  Local device: mlx5_2
--------------------------------------------------------------------------
[n048.hpc:2246158] 7 more processes have sent help message help-mpi-btl-openib.txt / ib port not selected
[n048.hpc:2246158] Set MCA parameter "orte_base_help_aggregate" to 0 to see all help / error messages
[n048.hpc:2246158] 7 more processes have sent help message help-mpi-btl-openib.txt / error in device init
--------------------------------------------------------------------------
By default, for Open MPI 4.0 and later, infiniband ports on a device
are not used by default.  The intent is to use UCX for these devices.
You can override this policy by setting the btl_openib_allow_ib MCA parameter
to true.

  Local host:              n048
  Local adapter:           mlx5_2
  Local port:              1

--------------------------------------------------------------------------
--------------------------------------------------------------------------
WARNING: There was an error initializing an OpenFabrics device.

  Local host:   n048
  Local device: mlx5_2
--------------------------------------------------------------------------
[n048.hpc:2246369] 7 more processes have sent help message help-mpi-btl-openib.txt / ib port not selected
[n048.hpc:2246369] Set MCA parameter "orte_base_help_aggregate" to 0 to see all help / error messages
[n048.hpc:2246369] 7 more processes have sent help message help-mpi-btl-openib.txt / error in device init
--------------------------------------------------------------------------
By default, for Open MPI 4.0 and later, infiniband ports on a device
are not used by default.  The intent is to use UCX for these devices.
You can override this policy by setting the btl_openib_allow_ib MCA parameter
to true.

  Local host:              n048
  Local adapter:           mlx5_2
  Local port:              1

--------------------------------------------------------------------------
--------------------------------------------------------------------------
WARNING: There was an error initializing an OpenFabrics device.

  Local host:   n048
  Local device: mlx5_2
--------------------------------------------------------------------------
[n048.hpc:2246397] 7 more processes have sent help message help-mpi-btl-openib.txt / ib port not selected
[n048.hpc:2246397] Set MCA parameter "orte_base_help_aggregate" to 0 to see all help / error messages
[n048.hpc:2246397] 7 more processes have sent help message help-mpi-btl-openib.txt / error in device init
--------------------------------------------------------------------------
By default, for Open MPI 4.0 and later, infiniband ports on a device
are not used by default.  The intent is to use UCX for these devices.
You can override this policy by setting the btl_openib_allow_ib MCA parameter
to true.

  Local host:              n048
  Local adapter:           mlx5_2
  Local port:              1

--------------------------------------------------------------------------
--------------------------------------------------------------------------
WARNING: There was an error initializing an OpenFabrics device.

  Local host:   n048
  Local device: mlx5_2
--------------------------------------------------------------------------
[n048.hpc:2246427] 7 more processes have sent help message help-mpi-btl-openib.txt / ib port not selected
[n048.hpc:2246427] Set MCA parameter "orte_base_help_aggregate" to 0 to see all help / error messages
[n048.hpc:2246427] 7 more processes have sent help message help-mpi-btl-openib.txt / error in device init
--------------------------------------------------------------------------
By default, for Open MPI 4.0 and later, infiniband ports on a device
are not used by default.  The intent is to use UCX for these devices.
You can override this policy by setting the btl_openib_allow_ib MCA parameter
to true.

  Local host:              n048
  Local adapter:           mlx5_2
  Local port:              1

--------------------------------------------------------------------------
--------------------------------------------------------------------------
WARNING: There was an error initializing an OpenFabrics device.

  Local host:   n048
  Local device: mlx5_2
--------------------------------------------------------------------------
[n048.hpc:2246455] 7 more processes have sent help message help-mpi-btl-openib.txt / ib port not selected
[n048.hpc:2246455] Set MCA parameter "orte_base_help_aggregate" to 0 to see all help / error messages
[n048.hpc:2246455] 7 more processes have sent help message help-mpi-btl-openib.txt / error in device init
--------------------------------------------------------------------------
By default, for Open MPI 4.0 and later, infiniband ports on a device
are not used by default.  The intent is to use UCX for these devices.
You can override this policy by setting the btl_openib_allow_ib MCA parameter
to true.

  Local host:              n048
  Local adapter:           mlx5_2
  Local port:              1

--------------------------------------------------------------------------
--------------------------------------------------------------------------
WARNING: There was an error initializing an OpenFabrics device.

  Local host:   n048
  Local device: mlx5_2
--------------------------------------------------------------------------
[n048.hpc:2246483] 7 more processes have sent help message help-mpi-btl-openib.txt / ib port not selected
[n048.hpc:2246483] Set MCA parameter "orte_base_help_aggregate" to 0 to see all help / error messages
[n048.hpc:2246483] 7 more processes have sent help message help-mpi-btl-openib.txt / error in device init
--------------------------------------------------------------------------
By default, for Open MPI 4.0 and later, infiniband ports on a device
are not used by default.  The intent is to use UCX for these devices.
You can override this policy by setting the btl_openib_allow_ib MCA parameter
to true.

  Local host:              n048
  Local adapter:           mlx5_2
  Local port:              1

--------------------------------------------------------------------------
--------------------------------------------------------------------------
WARNING: There was an error initializing an OpenFabrics device.

  Local host:   n048
  Local device: mlx5_2
--------------------------------------------------------------------------
[n048.hpc:2246539] 7 more processes have sent help message help-mpi-btl-openib.txt / ib port not selected
[n048.hpc:2246539] Set MCA parameter "orte_base_help_aggregate" to 0 to see all help / error messages
[n048.hpc:2246539] 7 more processes have sent help message help-mpi-btl-openib.txt / error in device init
--------------------------------------------------------------------------
By default, for Open MPI 4.0 and later, infiniband ports on a device
are not used by default.  The intent is to use UCX for these devices.
You can override this policy by setting the btl_openib_allow_ib MCA parameter
to true.

  Local host:              n048
  Local adapter:           mlx5_2
  Local port:              1

--------------------------------------------------------------------------
--------------------------------------------------------------------------
WARNING: There was an error initializing an OpenFabrics device.

  Local host:   n048
  Local device: mlx5_2
--------------------------------------------------------------------------
[n048.hpc:2246597] 7 more processes have sent help message help-mpi-btl-openib.txt / ib port not selected
[n048.hpc:2246597] Set MCA parameter "orte_base_help_aggregate" to 0 to see all help / error messages
[n048.hpc:2246597] 7 more processes have sent help message help-mpi-btl-openib.txt / error in device init
--------------------------------------------------------------------------
By default, for Open MPI 4.0 and later, infiniband ports on a device
are not used by default.  The intent is to use UCX for these devices.
You can override this policy by setting the btl_openib_allow_ib MCA parameter
to true.

  Local host:              n048
  Local adapter:           mlx5_2
  Local port:              1

--------------------------------------------------------------------------
--------------------------------------------------------------------------
WARNING: There was an error initializing an OpenFabrics device.

  Local host:   n048
  Local device: mlx5_2
--------------------------------------------------------------------------
[n048.hpc:2246868] 7 more processes have sent help message help-mpi-btl-openib.txt / ib port not selected
[n048.hpc:2246868] Set MCA parameter "orte_base_help_aggregate" to 0 to see all help / error messages
[n048.hpc:2246868] 7 more processes have sent help message help-mpi-btl-openib.txt / error in device init
--------------------------------------------------------------------------
By default, for Open MPI 4.0 and later, infiniband ports on a device
are not used by default.  The intent is to use UCX for these devices.
You can override this policy by setting the btl_openib_allow_ib MCA parameter
to true.

  Local host:              n048
  Local adapter:           mlx5_2
  Local port:              1

--------------------------------------------------------------------------
--------------------------------------------------------------------------
WARNING: There was an error initializing an OpenFabrics device.

  Local host:   n048
  Local device: mlx5_2
--------------------------------------------------------------------------
[n048.hpc:2246993] 7 more processes have sent help message help-mpi-btl-openib.txt / ib port not selected
[n048.hpc:2246993] Set MCA parameter "orte_base_help_aggregate" to 0 to see all help / error messages
[n048.hpc:2246993] 7 more processes have sent help message help-mpi-btl-openib.txt / error in device init
--------------------------------------------------------------------------
By default, for Open MPI 4.0 and later, infiniband ports on a device
are not used by default.  The intent is to use UCX for these devices.
You can override this policy by setting the btl_openib_allow_ib MCA parameter
to true.

  Local host:              n048
  Local adapter:           mlx5_2
  Local port:              1

--------------------------------------------------------------------------
--------------------------------------------------------------------------
WARNING: There was an error initializing an OpenFabrics device.

  Local host:   n048
  Local device: mlx5_2
--------------------------------------------------------------------------
[n048.hpc:2248005] 7 more processes have sent help message help-mpi-btl-openib.txt / ib port not selected
[n048.hpc:2248005] Set MCA parameter "orte_base_help_aggregate" to 0 to see all help / error messages
[n048.hpc:2248005] 7 more processes have sent help message help-mpi-btl-openib.txt / error in device init
