<May23-2026> <12:42:08>  AMS 2026.103  RunTime: May23-2026 12:42:08  ShM Nodes: 1  Procs: 1
<May23-2026> <12:42:08>  ADF 2026.103  RunTime: May23-2026 12:42:08  ShM Nodes: 1  Procs: 1
<May23-2026> <12:42:08>  *** (NO TITLE) ***
<May23-2026> <12:42:09>  DIRAC 2026.103  RunTime: May23-2026 12:42:09  ShM Nodes: 1  Procs: 1
<May23-2026> <12:42:09>  Carbon (TZ2P)
<May23-2026> <12:42:09>  Net Charge: 0 (Nuclei minus Electrons)
<May23-2026> <12:42:09>  Symmetry  : ATOM
<May23-2026> <12:42:09>  Coordinates
<May23-2026> <12:42:09>     Atom         X           Y           Z   (Angstrom)
<May23-2026> <12:42:09>     1.C         0.000000    0.000000    0.000000
<May23-2026> <12:42:09>  >>>> CORORT
<May23-2026> <12:42:09>  >>>> CLSMAT
<May23-2026> <12:42:09>  >>>> ORTHON
<May23-2026> <12:42:09>  >>>> GENPT
<May23-2026> <12:42:09>  Block Length=  72
<May23-2026> <12:42:09>  >>>> PTBAS
<May23-2026> <12:42:09>  >>>> CYCLE
<May23-2026> <12:42:09>              |Error|         MaxErr       Wt(A-DIIS)
<May23-2026> <12:42:09>      1      0.00000000      0.00000000
<May23-2026> <12:42:09>      2      4.48450606      3.33074448    100.0
<May23-2026> <12:42:09>      3      1.63845963      1.31677840    100.0
<May23-2026> <12:42:09>      4      0.72237885      0.58090812    100.0
<May23-2026> <12:42:09>      5      0.41341516      0.32921223    100.0
<May23-2026> <12:42:09>      6      0.12634980      0.09661242     96.6
<May23-2026> <12:42:09>      7      0.11511849      0.08978748     89.7
<May23-2026> <12:42:09>      8      0.00670007      0.00519977      4.2
<May23-2026> <12:42:09>      9      0.00022181      0.00016825      0.0
<May23-2026> <12:42:09>     10      0.00000199      0.00000135      0.0
<May23-2026> <12:42:09>     11      0.00000002      0.00000001      0.0
<May23-2026> <12:42:09>     12      0.00000000      0.00000000      0.0
<May23-2026> <12:42:09>  SCF converged
<May23-2026> <12:42:09>     13      0.00000000      0.00000000      0.0
<May23-2026> <12:42:09>  >>>> POPAN
<May23-2026> <12:42:09>  >>>> DEBYE
<May23-2026> <12:42:09>  DIRAC 2026.103  RunTime: May23-2026 12:42:09  ShM Nodes: 1  Procs: 1
<May23-2026> <12:42:09>  Hydrogen (TZ2P)
<May23-2026> <12:42:09>  Net Charge: 0 (Nuclei minus Electrons)
<May23-2026> <12:42:09>  Symmetry  : ATOM
<May23-2026> <12:42:09>  Coordinates
<May23-2026> <12:42:09>     Atom         X           Y           Z   (Angstrom)
<May23-2026> <12:42:09>     1.H         0.000000    0.000000    0.000000
<May23-2026> <12:42:09>  >>>> CORORT
<May23-2026> <12:42:09>  >>>> CLSMAT
<May23-2026> <12:42:09>  >>>> ORTHON
<May23-2026> <12:42:10>  >>>> GENPT
<May23-2026> <12:42:10>  Block Length=  64
<May23-2026> <12:42:10>  >>>> PTBAS
<May23-2026> <12:42:10>  >>>> CYCLE
<May23-2026> <12:42:10>              |Error|         MaxErr       Wt(A-DIIS)
<May23-2026> <12:42:10>      1      0.00000000      0.00000000
<May23-2026> <12:42:10>      2      0.03100426      0.02644614
<May23-2026> <12:42:10>      3      0.00958086      0.00932931    100.0
<May23-2026> <12:42:10>      4      0.00232128      0.00228673      1.3
<May23-2026> <12:42:10>      5      0.00003156      0.00002984      0.0
<May23-2026> <12:42:10>      6      0.00000096      0.00000091      0.0
<May23-2026> <12:42:10>      7      0.00000000      0.00000000      0.0
<May23-2026> <12:42:10>  SCF converged
<May23-2026> <12:42:10>      8      0.00000000      0.00000000      0.0
<May23-2026> <12:42:10>  >>>> POPAN
<May23-2026> <12:42:10>  >>>> DEBYE
<May23-2026> <12:42:10>  *** adf ***
<May23-2026> <12:42:10>  Net Charge: 0 (Nuclei minus Electrons)
<May23-2026> <12:42:10>  Spin polar: -1 (Spin_A minus Spin_B electrons)
<May23-2026> <12:42:10>  Symmetry  : NOSYM
<May23-2026> <12:42:10>  >>>> FRAGM
<May23-2026> <12:42:10>  Coordinates
<May23-2026> <12:42:10>     Atom         X           Y           Z   (Angstrom)
<May23-2026> <12:42:10>     1.C        -0.722347   -1.578496   -0.336968
<May23-2026> <12:42:10>     2.C        -1.155865   -0.282857   -0.581167
<May23-2026> <12:42:10>     3.C        -1.190972    0.740330    0.356178
<May23-2026> <12:42:10>     4.H        -0.370874   -1.875912    0.649358
<May23-2026> <12:42:10>     5.H        -0.721408   -2.332047   -1.118877
<May23-2026> <12:42:10>     6.H        -1.497930   -0.049819   -1.592439
<May23-2026> <12:42:10>     7.H        -1.543461    1.734273    0.097248
<May23-2026> <12:42:10>     8.H        -0.864048    0.573327    1.380956
<May23-2026> <12:42:10>  >>>> CORORT
<May23-2026> <12:42:10>  >>>> CLSMAT
<May23-2026> <12:42:10>  >>>> ORTHON
<May23-2026> <12:42:10>  >>>> GENPT
<May23-2026> <12:42:10>  Block Length= 128
<May23-2026> <12:42:10>  >>>> PTBAS
<May23-2026> <12:42:11>  >>>> CYCLE
<May23-2026> <12:42:15>              |Error|         MaxErr       Wt(A-DIIS)
<May23-2026> <12:42:15>      1      4.01488486      0.49771718
<May23-2026> <12:42:18>      2      0.78272700      0.09030701    100.0
<May23-2026> <12:42:20>      3      0.69908178      0.07992889    100.0
<May23-2026> <12:42:23>      4      1.04184194      0.13877648    100.0
<May23-2026> <12:42:26>      5      0.15842325      0.01962918     18.8
<May23-2026> <12:42:29>      6      0.07521244      0.00969392      8.8
<May23-2026> <12:42:32>      7      0.01484451      0.00229865      1.3
<May23-2026> <12:42:35>      8      0.00259407      0.00042565      0.0
<May23-2026> <12:42:38>      9      0.00101225      0.00016906      0.0
<May23-2026> <12:42:40>     10      0.00049549      0.00006470      0.0
<May23-2026> <12:42:43>     11      0.00036315      0.00004863      0.0
<May23-2026> <12:42:46>     12      0.00002302      0.00000658      0.0
<May23-2026> <12:42:49>     13      0.00000440      0.00000062      0.0
<May23-2026> <12:42:49>  SCF converged
<May23-2026> <12:42:52>     14      0.00000114      0.00000014      0.0
<May23-2026> <12:42:54>  >>>> TOTEN
<May23-2026> <12:43:01>  >>>> POPAN
<May23-2026> <12:43:01>  >>>> DEBYE
<May23-2026> <12:43:01>  >>>> AMETS
<May23-2026> <12:43:01>   Bond Energy          -1.54395970 a.u.
<May23-2026> <12:43:01>   Bond Energy         -42.01328101 eV
<May23-2026> <12:43:01>   Bond Energy        -968.85       kcal/mol
<May23-2026> <12:43:01>  >>>> POPUL
<May23-2026> <12:43:01>  NORMAL TERMINATION
