<May23-2026> <11:19:50>  AMS 2026.103  RunTime: May23-2026 11:19:50  ShM Nodes: 1  Procs: 1
<May23-2026> <11:19:50>  ADF 2026.103  RunTime: May23-2026 11:19:50  ShM Nodes: 1  Procs: 1
<May23-2026> <11:19:50>  *** (NO TITLE) ***
<May23-2026> <11:19:51>  DIRAC 2026.103  RunTime: May23-2026 11:19:51  ShM Nodes: 1  Procs: 1
<May23-2026> <11:19:51>  Carbon (TZ2P)
<May23-2026> <11:19:51>  Net Charge: 0 (Nuclei minus Electrons)
<May23-2026> <11:19:51>  Symmetry  : ATOM
<May23-2026> <11:19:51>  Coordinates
<May23-2026> <11:19:51>     Atom         X           Y           Z   (Angstrom)
<May23-2026> <11:19:51>     1.C         0.000000    0.000000    0.000000
<May23-2026> <11:19:51>  >>>> CORORT
<May23-2026> <11:19:51>  >>>> CLSMAT
<May23-2026> <11:19:51>  >>>> ORTHON
<May23-2026> <11:19:51>  >>>> GENPT
<May23-2026> <11:19:51>  Block Length=  72
<May23-2026> <11:19:51>  >>>> PTBAS
<May23-2026> <11:19:51>  >>>> CYCLE
<May23-2026> <11:19:51>              |Error|         MaxErr       Wt(A-DIIS)
<May23-2026> <11:19:51>      1      0.00000000      0.00000000
<May23-2026> <11:19:51>      2      4.48450606      3.33074448    100.0
<May23-2026> <11:19:51>      3      1.63845963      1.31677840    100.0
<May23-2026> <11:19:51>      4      0.72237885      0.58090812    100.0
<May23-2026> <11:19:51>      5      0.41341516      0.32921223    100.0
<May23-2026> <11:19:51>      6      0.12634980      0.09661242     96.6
<May23-2026> <11:19:51>      7      0.11511849      0.08978748     89.7
<May23-2026> <11:19:51>      8      0.00670007      0.00519977      4.2
<May23-2026> <11:19:51>      9      0.00022181      0.00016825      0.0
<May23-2026> <11:19:51>     10      0.00000199      0.00000135      0.0
<May23-2026> <11:19:51>     11      0.00000002      0.00000001      0.0
<May23-2026> <11:19:51>     12      0.00000000      0.00000000      0.0
<May23-2026> <11:19:51>  SCF converged
<May23-2026> <11:19:51>     13      0.00000000      0.00000000      0.0
<May23-2026> <11:19:51>  >>>> POPAN
<May23-2026> <11:19:51>  >>>> DEBYE
<May23-2026> <11:19:51>  DIRAC 2026.103  RunTime: May23-2026 11:19:51  ShM Nodes: 1  Procs: 1
<May23-2026> <11:19:51>  Oxygen (TZ2P)
<May23-2026> <11:19:51>  Net Charge: 0 (Nuclei minus Electrons)
<May23-2026> <11:19:51>  Symmetry  : ATOM
<May23-2026> <11:19:51>  Coordinates
<May23-2026> <11:19:51>     Atom         X           Y           Z   (Angstrom)
<May23-2026> <11:19:51>     1.O         0.000000    0.000000    0.000000
<May23-2026> <11:19:51>  >>>> CORORT
<May23-2026> <11:19:51>  >>>> CLSMAT
<May23-2026> <11:19:51>  >>>> ORTHON
<May23-2026> <11:19:51>  >>>> GENPT
<May23-2026> <11:19:52>  Block Length=  68
<May23-2026> <11:19:52>  >>>> PTBAS
<May23-2026> <11:19:52>  >>>> CYCLE
<May23-2026> <11:19:52>              |Error|         MaxErr       Wt(A-DIIS)
<May23-2026> <11:19:52>      1      0.00000000      0.00000000
<May23-2026> <11:19:52>      2      8.77379167      5.52456194    100.0
<May23-2026> <11:19:52>      3      3.58874259      2.50390796    100.0
<May23-2026> <11:19:52>      4      1.14813168      0.58304454    100.0
<May23-2026> <11:19:52>      5      1.52147762      0.84216884    100.0
<May23-2026> <11:19:52>      6      0.17958647      0.10470670    100.0
<May23-2026> <11:19:52>      7      0.20120374      0.11429590    100.0
<May23-2026> <11:19:52>      8      0.01711846      0.01004426      9.1
<May23-2026> <11:19:52>      9      0.00178953      0.00100777      0.0
<May23-2026> <11:19:52>     10      0.00000129      0.00000068      0.0
<May23-2026> <11:19:52>     11      0.00000005      0.00000002      0.0
<May23-2026> <11:19:52>     12      0.00000000      0.00000000      0.0
<May23-2026> <11:19:52>  SCF converged
<May23-2026> <11:19:52>     13      0.00000000      0.00000000      0.0
<May23-2026> <11:19:52>  >>>> POPAN
<May23-2026> <11:19:52>  >>>> DEBYE
<May23-2026> <11:19:52>  DIRAC 2026.103  RunTime: May23-2026 11:19:52  ShM Nodes: 1  Procs: 1
<May23-2026> <11:19:52>  Hydrogen (TZ2P)
<May23-2026> <11:19:52>  Net Charge: 0 (Nuclei minus Electrons)
<May23-2026> <11:19:52>  Symmetry  : ATOM
<May23-2026> <11:19:52>  Coordinates
<May23-2026> <11:19:52>     Atom         X           Y           Z   (Angstrom)
<May23-2026> <11:19:52>     1.H         0.000000    0.000000    0.000000
<May23-2026> <11:19:52>  >>>> CORORT
<May23-2026> <11:19:52>  >>>> CLSMAT
<May23-2026> <11:19:52>  >>>> ORTHON
<May23-2026> <11:19:52>  >>>> GENPT
<May23-2026> <11:19:52>  Block Length=  64
<May23-2026> <11:19:52>  >>>> PTBAS
<May23-2026> <11:19:52>  >>>> CYCLE
<May23-2026> <11:19:52>              |Error|         MaxErr       Wt(A-DIIS)
<May23-2026> <11:19:52>      1      0.00000000      0.00000000
<May23-2026> <11:19:52>      2      0.03100426      0.02644614
<May23-2026> <11:19:52>      3      0.00958086      0.00932931    100.0
<May23-2026> <11:19:52>      4      0.00232128      0.00228673      1.3
<May23-2026> <11:19:52>      5      0.00003156      0.00002984      0.0
<May23-2026> <11:19:52>      6      0.00000096      0.00000091      0.0
<May23-2026> <11:19:52>      7      0.00000000      0.00000000      0.0
<May23-2026> <11:19:52>  SCF converged
<May23-2026> <11:19:52>      8      0.00000000      0.00000000      0.0
<May23-2026> <11:19:52>  >>>> POPAN
<May23-2026> <11:19:52>  >>>> DEBYE
<May23-2026> <11:19:52>  *** adf ***
<May23-2026> <11:19:52>  Net Charge: 0 (Nuclei minus Electrons)
<May23-2026> <11:19:52>  Spin polar: 1 (Spin_A minus Spin_B electrons)
<May23-2026> <11:19:52>  Symmetry  : NOSYM
<May23-2026> <11:19:52>  >>>> FRAGM
<May23-2026> <11:19:52>  Coordinates
<May23-2026> <11:19:52>     Atom         X           Y           Z   (Angstrom)
<May23-2026> <11:19:52>     1.C        -1.282759   -1.121606    0.122161
<May23-2026> <11:19:52>     2.C        -1.427940    0.162690   -0.481230
<May23-2026> <11:19:52>     3.O        -1.242148    1.232212    0.133335
<May23-2026> <11:19:52>     4.H        -0.996263   -1.193098    1.169034
<May23-2026> <11:19:52>     5.H        -1.453156   -2.030837   -0.450570
<May23-2026> <11:19:52>     6.H        -1.721908    0.180983   -1.553621
<May23-2026> <11:19:52>  >>>> CORORT
<May23-2026> <11:19:52>  >>>> CLSMAT
<May23-2026> <11:19:52>  >>>> ORTHON
<May23-2026> <11:19:52>  >>>> GENPT
<May23-2026> <11:19:53>  Block Length= 128
<May23-2026> <11:19:53>  >>>> PTBAS
<May23-2026> <11:19:53>  >>>> CYCLE
<May23-2026> <11:19:56>              |Error|         MaxErr       Wt(A-DIIS)
<May23-2026> <11:19:56>      1      3.78294467      0.70103146
<May23-2026> <11:19:57>      2      0.71399138      0.09618389    100.0
<May23-2026> <11:19:59>      3      0.61311621      0.07931861    100.0
<May23-2026> <11:20:01>      4      1.70850006      0.30850567    100.0
<May23-2026> <11:20:03>      5      0.45846294      0.06494230     64.6
<May23-2026> <11:20:05>      6      0.27397719      0.04255069     42.0
<May23-2026> <11:20:07>      7      0.24462892      0.04650515     42.0
<May23-2026> <11:20:09>      8      0.05502872      0.00965852      8.7
<May23-2026> <11:20:11>      9      0.02028032      0.00488417      3.9
<May23-2026> <11:20:12>     10      0.00244324      0.00050536      0.0
<May23-2026> <11:20:14>     11      0.00072652      0.00015160      0.0
<May23-2026> <11:20:16>     12      0.00010450      0.00001206      0.0
<May23-2026> <11:20:18>     13      0.00004891      0.00000998      0.0
<May23-2026> <11:20:20>     14      0.00001157      0.00000236      0.0
<May23-2026> <11:20:22>     15      0.00000185      0.00000028      0.0
<May23-2026> <11:20:22>  SCF converged
<May23-2026> <11:20:24>     16      0.00000040      0.00000006      0.0
<May23-2026> <11:20:25>  >>>> TOTEN
<May23-2026> <11:20:30>  >>>> POPAN
<May23-2026> <11:20:30>  >>>> DEBYE
<May23-2026> <11:20:30>  >>>> AMETS
<May23-2026> <11:20:30>   Bond Energy          -1.19512124 a.u.
<May23-2026> <11:20:30>   Bond Energy         -32.52090351 eV
<May23-2026> <11:20:30>   Bond Energy        -749.95       kcal/mol
<May23-2026> <11:20:30>  >>>> POPUL
<May23-2026> <11:20:30>  NORMAL TERMINATION
