<May23-2026> <13:29:44>  AMS 2026.103  RunTime: May23-2026 13:29:44  ShM Nodes: 1  Procs: 1
<May23-2026> <13:29:44>  ADF 2026.103  RunTime: May23-2026 13:29:44  ShM Nodes: 1  Procs: 1
<May23-2026> <13:29:44>  *** (NO TITLE) ***
<May23-2026> <13:29:44>  Iteration 1
<May23-2026> <13:29:44>  DIRAC 2026.103  RunTime: May23-2026 13:29:44  ShM Nodes: 1  Procs: 1
<May23-2026> <13:29:44>  Carbon (TZ2P)
<May23-2026> <13:29:44>  Net Charge: 0 (Nuclei minus Electrons)
<May23-2026> <13:29:44>  Symmetry  : ATOM
<May23-2026> <13:29:44>  Coordinates
<May23-2026> <13:29:44>     Atom         X           Y           Z   (Angstrom)
<May23-2026> <13:29:44>     1.C         0.000000    0.000000    0.000000
<May23-2026> <13:29:44>  >>>> CORORT
<May23-2026> <13:29:44>  >>>> CLSMAT
<May23-2026> <13:29:44>  >>>> ORTHON
<May23-2026> <13:29:44>  >>>> GENPT
<May23-2026> <13:29:44>  Block Length=  72
<May23-2026> <13:29:44>  >>>> PTBAS
<May23-2026> <13:29:44>  >>>> CYCLE
<May23-2026> <13:29:44>              |Error|         MaxErr       Wt(A-DIIS)
<May23-2026> <13:29:44>      1      0.00000000      0.00000000
<May23-2026> <13:29:44>      2      4.48450606      3.33074448    100.0
<May23-2026> <13:29:44>      3      1.63845963      1.31677840    100.0
<May23-2026> <13:29:44>      4      0.72237885      0.58090812    100.0
<May23-2026> <13:29:44>      5      0.41341516      0.32921223    100.0
<May23-2026> <13:29:44>      6      0.12634980      0.09661242     96.6
<May23-2026> <13:29:44>      7      0.11511849      0.08978748     89.7
<May23-2026> <13:29:44>      8      0.00670007      0.00519977      4.2
<May23-2026> <13:29:44>      9      0.00022181      0.00016825      0.0
<May23-2026> <13:29:44>     10      0.00000199      0.00000135      0.0
<May23-2026> <13:29:44>     11      0.00000002      0.00000001      0.0
<May23-2026> <13:29:44>     12      0.00000000      0.00000000      0.0
<May23-2026> <13:29:44>  SCF converged
<May23-2026> <13:29:45>     13      0.00000000      0.00000000      0.0
<May23-2026> <13:29:45>  >>>> POPAN
<May23-2026> <13:29:45>  >>>> DEBYE
<May23-2026> <13:29:45>  DIRAC 2026.103  RunTime: May23-2026 13:29:45  ShM Nodes: 1  Procs: 1
<May23-2026> <13:29:45>  Hydrogen (TZ2P)
<May23-2026> <13:29:45>  Net Charge: 0 (Nuclei minus Electrons)
<May23-2026> <13:29:45>  Symmetry  : ATOM
<May23-2026> <13:29:45>  Coordinates
<May23-2026> <13:29:45>     Atom         X           Y           Z   (Angstrom)
<May23-2026> <13:29:45>     1.H         0.000000    0.000000    0.000000
<May23-2026> <13:29:45>  >>>> CORORT
<May23-2026> <13:29:45>  >>>> CLSMAT
<May23-2026> <13:29:45>  >>>> ORTHON
<May23-2026> <13:29:45>  >>>> GENPT
<May23-2026> <13:29:45>  Block Length=  64
<May23-2026> <13:29:45>  >>>> PTBAS
<May23-2026> <13:29:45>  >>>> CYCLE
<May23-2026> <13:29:45>              |Error|         MaxErr       Wt(A-DIIS)
<May23-2026> <13:29:45>      1      0.00000000      0.00000000
<May23-2026> <13:29:45>      2      0.03100426      0.02644614
<May23-2026> <13:29:45>      3      0.00958086      0.00932931    100.0
<May23-2026> <13:29:45>      4      0.00232128      0.00228673      1.3
<May23-2026> <13:29:45>      5      0.00003156      0.00002984      0.0
<May23-2026> <13:29:45>      6      0.00000096      0.00000091      0.0
<May23-2026> <13:29:45>      7      0.00000000      0.00000000      0.0
<May23-2026> <13:29:45>  SCF converged
<May23-2026> <13:29:45>      8      0.00000000      0.00000000      0.0
<May23-2026> <13:29:45>  >>>> POPAN
<May23-2026> <13:29:45>  >>>> DEBYE
<May23-2026> <13:29:45>  *** GO1_GOStep1 ***
<May23-2026> <13:29:45>  >>>> FRAGM
<May23-2026> <13:29:45>  Coordinates
<May23-2026> <13:29:45>     Atom         X           Y           Z   (Angstrom)
<May23-2026> <13:29:45>     1.C         1.373233   -0.968753    0.636027
<May23-2026> <13:29:45>     2.C         1.471011   -0.512987   -0.674911
<May23-2026> <13:29:45>     3.C         0.905780    0.692672   -1.004633
<May23-2026> <13:29:45>     4.H         1.366037   -0.263015    1.454625
<May23-2026> <13:29:45>     5.H         1.722852   -1.958771    0.888322
<May23-2026> <13:29:45>     6.H         1.686776   -1.226732   -1.459691
<May23-2026> <13:29:45>     7.H         0.811478    1.472952   -0.260848
<May23-2026> <13:29:45>     8.H         0.878512    1.029696   -2.032274
<May23-2026> <13:29:45>  >>>> CORORT
<May23-2026> <13:29:45>  >>>> CLSMAT
<May23-2026> <13:29:45>  >>>> ORTHON
<May23-2026> <13:29:45>  >>>> GENPT
<May23-2026> <13:29:45>  Block Length= 128
<May23-2026> <13:29:45>  >>>> PTBAS
<May23-2026> <13:29:46>  >>>> CYCLE
<May23-2026> <13:29:50>              |Error|         MaxErr       Wt(A-DIIS)
<May23-2026> <13:29:50>      1      4.09980551      0.43859273
<May23-2026> <13:29:53>      2      0.79927764      0.05580551    100.0
<May23-2026> <13:29:56>      3      0.71410476      0.04933987    100.0
<May23-2026> <13:29:59>      4      1.06466483      0.09095105    100.0
<May23-2026> <13:30:02>      5      0.16042811      0.01448858     13.6
<May23-2026> <13:30:05>      6      0.06855189      0.00680908      5.9
<May23-2026> <13:30:08>      7      0.01656475      0.00186529      0.9
<May23-2026> <13:30:11>      8      0.00449668      0.00055341      0.0
<May23-2026> <13:30:14>      9      0.00522995      0.00051130      0.0
<May23-2026> <13:30:17>     10      0.00097892      0.00010076      0.0
<May23-2026> <13:30:21>     11      0.00012701      0.00001042      0.0
<May23-2026> <13:30:24>     12      0.00002475      0.00000264      0.0
<May23-2026> <13:30:27>     13      0.00000730      0.00000054      0.0
<May23-2026> <13:30:27>  SCF converged
<May23-2026> <13:30:30>     14      0.00000280      0.00000021      0.0
<May23-2026> <13:30:30>  >>>> TOTEN
<May23-2026> <13:30:35>  >>>> POPAN
<May23-2026> <13:30:35>  >>>> DEBYE
<May23-2026> <13:30:35>  >>>> ENGRAD
<May23-2026> <13:30:38>  current energy                               -1.53307744 Hartree
<May23-2026> <13:30:38>  energy change                      -1.53307744     0.00008000    F
<May23-2026> <13:30:38>  constrained gradient max            0.05635182     0.00100000    F
<May23-2026> <13:30:38>  constrained gradient rms            0.02235543     0.00066667    F
<May23-2026> <13:30:38>  gradient max                        0.05635182
<May23-2026> <13:30:38>  gradient rms                        0.02235543
<May23-2026> <13:30:38>  cart. step max                      0.03772798     0.01000000    F
<May23-2026> <13:30:38>  cart. step rms                      0.02279462     0.00666667    F
<May23-2026> <13:30:38>  Iteration 2
<May23-2026> <13:30:38>  *** GO1_GOStep2 ***
<May23-2026> <13:30:38>  >>>> FRAGM
<May23-2026> <13:30:38>  Coordinates
<May23-2026> <13:30:38>     Atom         X           Y           Z   (Angstrom)
<May23-2026> <13:30:38>     1.C         1.404193   -0.985707    0.654165
<May23-2026> <13:30:38>     2.C         1.445754   -0.508352   -0.659716
<May23-2026> <13:30:38>     3.C         0.920042    0.721614   -1.025946
<May23-2026> <13:30:38>     4.H         1.359516   -0.296264    1.491886
<May23-2026> <13:30:38>     5.H         1.743834   -1.989163    0.890347
<May23-2026> <13:30:38>     6.H         1.666757   -1.224233   -1.448345
<May23-2026> <13:30:38>     7.H         0.787988    1.510680   -0.290886
<May23-2026> <13:30:38>     8.H         0.887594    1.036487   -2.064886
<May23-2026> <13:30:38>  >>>> CORORT
<May23-2026> <13:30:38>  >>>> CLSMAT
<May23-2026> <13:30:38>  >>>> ORTHON
<May23-2026> <13:30:38>  >>>> GENPT
<May23-2026> <13:30:38>  Block Length= 128
<May23-2026> <13:30:39>  >>>> PTBAS
<May23-2026> <13:30:39>  >>>> CYCLE
<May23-2026> <13:30:41>  using orbital data from restart file
<May23-2026> <13:30:43>              |Error|         MaxErr       Wt(A-DIIS)
<May23-2026> <13:30:43>      1      0.11424232      0.01533552
<May23-2026> <13:30:46>      2      0.02684542      0.00248125    100.0
<May23-2026> <13:30:49>      3      0.04999968      0.00516990    100.0
<May23-2026> <13:30:52>      4      0.00901786      0.00069167      0.0
<May23-2026> <13:30:55>      5      0.00374529      0.00036435      0.0
<May23-2026> <13:30:58>      6      0.00147114      0.00014570      0.0
<May23-2026> <13:31:01>      7      0.00038078      0.00004043      0.0
<May23-2026> <13:31:04>      8      0.00014476      0.00001057      0.0
<May23-2026> <13:31:07>      9      0.00002003      0.00000162      0.0
<May23-2026> <13:31:10>     10      0.00000428      0.00000040      0.0
<May23-2026> <13:31:10>  SCF converged
<May23-2026> <13:31:13>     11      0.00000102      0.00000008      0.0
<May23-2026> <13:31:13>  >>>> TOTEN
<May23-2026> <13:31:18>  >>>> POPAN
<May23-2026> <13:31:18>  >>>> DEBYE
<May23-2026> <13:31:18>  >>>> ENGRAD
<May23-2026> <13:31:21>  current energy                               -1.53815529 Hartree
<May23-2026> <13:31:21>  energy change                      -0.00507785     0.00008000    F
<May23-2026> <13:31:21>  constrained gradient max            0.04592694     0.00100000    F
<May23-2026> <13:31:21>  constrained gradient rms            0.01625235     0.00066667    F
<May23-2026> <13:31:21>  gradient max                        0.04592694
<May23-2026> <13:31:21>  gradient rms                        0.01625235
<May23-2026> <13:31:21>  cart. step max                      0.05214141     0.01000000    F
<May23-2026> <13:31:21>  cart. step rms                      0.02214528     0.00666667    F
<May23-2026> <13:31:21>  Iteration 3
<May23-2026> <13:31:21>  *** GO1_GOStep3 ***
<May23-2026> <13:31:21>  >>>> FRAGM
<May23-2026> <13:31:21>  Coordinates
<May23-2026> <13:31:21>     Atom         X           Y           Z   (Angstrom)
<May23-2026> <13:31:21>     1.C         1.456334   -0.976662    0.655374
<May23-2026> <13:31:21>     2.C         1.409675   -0.517872   -0.656413
<May23-2026> <13:31:21>     3.C         0.963787    0.739516   -1.028129
<May23-2026> <13:31:21>     4.H         1.314788   -0.301046    1.496872
<May23-2026> <13:31:21>     5.H         1.772293   -1.990151    0.886134
<May23-2026> <13:31:21>     6.H         1.627734   -1.235275   -1.449389
<May23-2026> <13:31:21>     7.H         0.766771    1.511156   -0.285990
<May23-2026> <13:31:21>     8.H         0.904297    1.035396   -2.071840
<May23-2026> <13:31:21>  >>>> CORORT
<May23-2026> <13:31:21>  >>>> CLSMAT
<May23-2026> <13:31:21>  >>>> ORTHON
<May23-2026> <13:31:21>  >>>> GENPT
<May23-2026> <13:31:21>  Block Length= 128
<May23-2026> <13:31:21>  >>>> PTBAS
<May23-2026> <13:31:22>  >>>> CYCLE
<May23-2026> <13:31:23>  using orbital data from restart file
<May23-2026> <13:31:25>              |Error|         MaxErr       Wt(A-DIIS)
<May23-2026> <13:31:25>      1      0.17326093      0.02823525
<May23-2026> <13:31:28>      2      0.02749934      0.00268843    100.0
<May23-2026> <13:31:31>      3      0.03019248      0.00258069    100.0
<May23-2026> <13:31:34>      4      0.01128359      0.00133311      0.3
<May23-2026> <13:31:37>      5      0.00304944      0.00029448      0.0
<May23-2026> <13:31:40>      6      0.00263558      0.00027282      0.0
<May23-2026> <13:31:43>      7      0.00035939      0.00003293      0.0
<May23-2026> <13:31:46>      8      0.00016061      0.00001266      0.0
<May23-2026> <13:31:49>      9      0.00002131      0.00000252      0.0
<May23-2026> <13:31:52>     10      0.00000418      0.00000032      0.0
<May23-2026> <13:31:52>  SCF converged
<May23-2026> <13:31:55>     11      0.00000165      0.00000013      0.0
<May23-2026> <13:31:55>  >>>> TOTEN
<May23-2026> <13:32:00>  >>>> POPAN
<May23-2026> <13:32:00>  >>>> DEBYE
<May23-2026> <13:32:00>  >>>> ENGRAD
<May23-2026> <13:32:03>  current energy                               -1.54286706 Hartree
<May23-2026> <13:32:03>  energy change                      -0.00471177     0.00008000    F
<May23-2026> <13:32:03>  constrained gradient max            0.02039767     0.00100000    F
<May23-2026> <13:32:03>  constrained gradient rms            0.00720286     0.00066667    F
<May23-2026> <13:32:03>  gradient max                        0.02039767
<May23-2026> <13:32:03>  gradient rms                        0.00720286
<May23-2026> <13:32:03>  cart. step max                      0.04027952     0.01000000    F
<May23-2026> <13:32:03>  cart. step rms                      0.01732450     0.00666667    F
<May23-2026> <13:32:03>  Iteration 4
<May23-2026> <13:32:03>  *** GO1_GOStep4 ***
<May23-2026> <13:32:03>  >>>> FRAGM
<May23-2026> <13:32:03>  Coordinates
<May23-2026> <13:32:03>     Atom         X           Y           Z   (Angstrom)
<May23-2026> <13:32:03>     1.C         1.489746   -0.970099    0.656049
<May23-2026> <13:32:03>     2.C         1.369395   -0.527846   -0.651781
<May23-2026> <13:32:03>     3.C         0.989198    0.750343   -1.028984
<May23-2026> <13:32:03>     4.H         1.279490   -0.308324    1.494369
<May23-2026> <13:32:03>     5.H         1.804100   -1.984538    0.882615
<May23-2026> <13:32:03>     6.H         1.600612   -1.240804   -1.446971
<May23-2026> <13:32:03>     7.H         0.760167    1.510494   -0.284132
<May23-2026> <13:32:03>     8.H         0.922969    1.035837   -2.074546
<May23-2026> <13:32:03>  >>>> CORORT
<May23-2026> <13:32:03>  >>>> CLSMAT
<May23-2026> <13:32:03>  >>>> ORTHON
<May23-2026> <13:32:03>  >>>> GENPT
<May23-2026> <13:32:03>  Block Length= 128
<May23-2026> <13:32:03>  >>>> PTBAS
<May23-2026> <13:32:04>  >>>> CYCLE
<May23-2026> <13:32:05>  using orbital data from restart file
<May23-2026> <13:32:08>              |Error|         MaxErr       Wt(A-DIIS)
<May23-2026> <13:32:08>      1      0.13994105      0.02358515
<May23-2026> <13:32:11>      2      0.01634015      0.00154239    100.0
<May23-2026> <13:32:13>      3      0.01910449      0.00142650    100.0
<May23-2026> <13:32:16>      4      0.00577512      0.00062940      0.0
<May23-2026> <13:32:19>      5      0.00219732      0.00023580      0.0
<May23-2026> <13:32:22>      6      0.00175723      0.00017076      0.0
<May23-2026> <13:32:25>      7      0.00039947      0.00004062      0.0
<May23-2026> <13:32:28>      8      0.00011224      0.00001016      0.0
<May23-2026> <13:32:31>      9      0.00001468      0.00000183      0.0
<May23-2026> <13:32:34>     10      0.00000299      0.00000026      0.0
<May23-2026> <13:32:34>  SCF converged
<May23-2026> <13:32:36>     11      0.00000087      0.00000009      0.0
<May23-2026> <13:32:37>  >>>> TOTEN
<May23-2026> <13:32:41>  >>>> POPAN
<May23-2026> <13:32:41>  >>>> DEBYE
<May23-2026> <13:32:41>  >>>> ENGRAD
<May23-2026> <13:32:44>  current energy                               -1.54392540 Hartree
<May23-2026> <13:32:44>  energy change                      -0.00105834     0.00008000    F
<May23-2026> <13:32:44>  constrained gradient max            0.00362095     0.00100000    F
<May23-2026> <13:32:44>  constrained gradient rms            0.00127882     0.00066667    F
<May23-2026> <13:32:44>  gradient max                        0.00362095
<May23-2026> <13:32:44>  gradient rms                        0.00127882
<May23-2026> <13:32:44>  cart. step max                      0.00956492     0.01000000    T
<May23-2026> <13:32:44>  cart. step rms                      0.00426237     0.00666667    T
<May23-2026> <13:32:44>  Iteration 5
<May23-2026> <13:32:44>  *** GO1_GOStep5 ***
<May23-2026> <13:32:44>  >>>> FRAGM
<May23-2026> <13:32:44>  Coordinates
<May23-2026> <13:32:44>     Atom         X           Y           Z   (Angstrom)
<May23-2026> <13:32:44>     1.C         1.495397   -0.970635    0.657896
<May23-2026> <13:32:44>     2.C         1.378960   -0.524370   -0.650833
<May23-2026> <13:32:44>     3.C         0.995136    0.754286   -1.030781
<May23-2026> <13:32:44>     4.H         1.282898   -0.310111    1.496747
<May23-2026> <13:32:44>     5.H         1.795145   -1.989757    0.883906
<May23-2026> <13:32:44>     6.H         1.598001   -1.240617   -1.446689
<May23-2026> <13:32:44>     7.H         0.751602    1.510738   -0.286725
<May23-2026> <13:32:44>     8.H         0.918540    1.035527   -2.076905
<May23-2026> <13:32:44>  >>>> CORORT
<May23-2026> <13:32:44>  >>>> CLSMAT
<May23-2026> <13:32:44>  >>>> ORTHON
<May23-2026> <13:32:44>  >>>> GENPT
<May23-2026> <13:32:45>  Block Length= 128
<May23-2026> <13:32:45>  >>>> PTBAS
<May23-2026> <13:32:46>  >>>> CYCLE
<May23-2026> <13:32:47>  using orbital data from restart file
<May23-2026> <13:32:49>              |Error|         MaxErr       Wt(A-DIIS)
<May23-2026> <13:32:49>      1      0.01728122      0.00180878
<May23-2026> <13:32:52>      2      0.00640197      0.00065822    100.0
<May23-2026> <13:32:55>      3      0.00726761      0.00063000    100.0
<May23-2026> <13:32:58>      4      0.00207385      0.00020199      0.0
<May23-2026> <13:33:01>      5      0.00039382      0.00004620      0.0
<May23-2026> <13:33:03>      6      0.00033915      0.00003515      0.0
<May23-2026> <13:33:07>      7      0.00012450      0.00001263      0.0
<May23-2026> <13:33:09>      8      0.00004292      0.00000448      0.0
<May23-2026> <13:33:12>      9      0.00000330      0.00000041      0.0
<May23-2026> <13:33:13>  SCF converged
<May23-2026> <13:33:15>     10      0.00000041      0.00000004      0.0
<May23-2026> <13:33:16>  >>>> TOTEN
<May23-2026> <13:33:20>  >>>> POPAN
<May23-2026> <13:33:20>  >>>> DEBYE
<May23-2026> <13:33:20>  >>>> ENGRAD
<May23-2026> <13:33:23>  current energy                               -1.54393596 Hartree
<May23-2026> <13:33:23>  energy change                      -0.00001055     0.00008000    T
<May23-2026> <13:33:23>  constrained gradient max            0.00108479     0.00100000    F
<May23-2026> <13:33:23>  constrained gradient rms            0.00046627     0.00066667    T
<May23-2026> <13:33:23>  gradient max                        0.00108479
<May23-2026> <13:33:23>  gradient rms                        0.00046627
<May23-2026> <13:33:23>  cart. step max                      0.00419251     0.01000000    T
<May23-2026> <13:33:23>  cart. step rms                      0.00156031     0.00666667    T
<May23-2026> <13:33:23>  Iteration 6
<May23-2026> <13:33:23>  *** GO1_GOStep6 ***
<May23-2026> <13:33:23>  >>>> FRAGM
<May23-2026> <13:33:23>  Coordinates
<May23-2026> <13:33:23>     Atom         X           Y           Z   (Angstrom)
<May23-2026> <13:33:23>     1.C         1.493219   -0.971190    0.657848
<May23-2026> <13:33:23>     2.C         1.374768   -0.526187   -0.651531
<May23-2026> <13:33:23>     3.C         0.992500    0.753313   -1.030694
<May23-2026> <13:33:23>     4.H         1.283758   -0.309331    1.496279
<May23-2026> <13:33:23>     5.H         1.796793   -1.988867    0.884809
<May23-2026> <13:33:23>     6.H         1.600862   -1.240004   -1.447386
<May23-2026> <13:33:23>     7.H         0.754201    1.510858   -0.286212
<May23-2026> <13:33:23>     8.H         0.919577    1.036471   -2.076494
<May23-2026> <13:33:23>  >>>> CORORT
<May23-2026> <13:33:23>  >>>> CLSMAT
<May23-2026> <13:33:23>  >>>> ORTHON
<May23-2026> <13:33:23>  >>>> GENPT
<May23-2026> <13:33:23>  Block Length= 128
<May23-2026> <13:33:23>  >>>> PTBAS
<May23-2026> <13:33:24>  >>>> CYCLE
<May23-2026> <13:33:25>  using orbital data from restart file
<May23-2026> <13:33:28>              |Error|         MaxErr       Wt(A-DIIS)
<May23-2026> <13:33:28>      1      0.00657633      0.00077024
<May23-2026> <13:33:31>      2      0.00239664      0.00022553    100.0
<May23-2026> <13:33:34>      3      0.00215006      0.00021095    100.0
<May23-2026> <13:33:37>      4      0.00042288      0.00003479      0.0
<May23-2026> <13:33:39>      5      0.00028116      0.00002850      0.0
<May23-2026> <13:33:42>      6      0.00004616      0.00000474      0.0
<May23-2026> <13:33:45>      7      0.00002192      0.00000190      0.0
<May23-2026> <13:33:48>      8      0.00000213      0.00000020      0.0
<May23-2026> <13:33:49>  SCF converged
<May23-2026> <13:33:51>      9      0.00000122      0.00000013      0.0
<May23-2026> <13:33:52>  >>>> TOTEN
<May23-2026> <13:33:56>  >>>> POPAN
<May23-2026> <13:33:56>  >>>> DEBYE
<May23-2026> <13:33:56>  >>>> ENGRAD
<May23-2026> <13:33:59>  current energy                               -1.54394211 Hartree
<May23-2026> <13:33:59>  energy change                      -0.00000616     0.00008000    T
<May23-2026> <13:33:59>  constrained gradient max            0.00026715     0.00100000    T
<May23-2026> <13:33:59>  constrained gradient rms            0.00008476     0.00066667    T
<May23-2026> <13:33:59>  gradient max                        0.00026715
<May23-2026> <13:33:59>  gradient rms                        0.00008476
<May23-2026> <13:33:59>  cart. step max                      0.00125327     0.01000000    T
<May23-2026> <13:33:59>  cart. step rms                      0.00048565     0.00666667    T
<May23-2026> <13:33:59>  Geometry optimization converged
<May23-2026> <13:33:59>  *** adf ***
<May23-2026> <13:33:59>  Net Charge: 0 (Nuclei minus Electrons)
<May23-2026> <13:33:59>  Spin polar: -1 (Spin_A minus Spin_B electrons)
<May23-2026> <13:33:59>  Symmetry  : NOSYM
<May23-2026> <13:33:59>  >>>> FRAGM
<May23-2026> <13:33:59>  Coordinates
<May23-2026> <13:33:59>     Atom         X           Y           Z   (Angstrom)
<May23-2026> <13:33:59>     1.C         1.493219   -0.971190    0.657848
<May23-2026> <13:33:59>     2.C         1.374768   -0.526187   -0.651531
<May23-2026> <13:33:59>     3.C         0.992500    0.753313   -1.030694
<May23-2026> <13:33:59>     4.H         1.283758   -0.309331    1.496279
<May23-2026> <13:33:59>     5.H         1.796793   -1.988867    0.884809
<May23-2026> <13:33:59>     6.H         1.600862   -1.240004   -1.447386
<May23-2026> <13:33:59>     7.H         0.754201    1.510858   -0.286212
<May23-2026> <13:33:59>     8.H         0.919577    1.036471   -2.076494
<May23-2026> <13:33:59>  >>>> CORORT
<May23-2026> <13:33:59>  >>>> CLSMAT
<May23-2026> <13:33:59>  >>>> ORTHON
<May23-2026> <13:33:59>  >>>> GENPT
<May23-2026> <13:33:59>  Block Length= 128
<May23-2026> <13:34:00>  >>>> PTBAS
<May23-2026> <13:34:00>  >>>> CYCLE
<May23-2026> <13:34:02>  using orbital data from restart file
<May23-2026> <13:34:04>              |Error|         MaxErr       Wt(A-DIIS)
<May23-2026> <13:34:04>      1      0.00000035      0.00000006
<May23-2026> <13:34:07>      2      0.00000063      0.00000010    100.0
<May23-2026> <13:34:08>  SCF converged
<May23-2026> <13:34:10>      3      0.00000054      0.00000008    100.0
<May23-2026> <13:34:12>  >>>> TOTEN
<May23-2026> <13:34:19>  >>>> POPAN
<May23-2026> <13:34:19>  >>>> DEBYE
<May23-2026> <13:34:19>  >>>> AMETS
<May23-2026> <13:34:19>   Bond Energy          -1.54394211 a.u.
<May23-2026> <13:34:19>   Bond Energy         -42.01280251 eV
<May23-2026> <13:34:19>   Bond Energy        -968.84       kcal/mol
<May23-2026> <13:34:19>  >>>> POPUL
<May23-2026> <13:34:19>  >>>> ENGRAD
<May23-2026> <13:34:22>  NORMAL TERMINATION
