<May23-2026> <11:41:55>  AMS 2026.103  RunTime: May23-2026 11:41:55  ShM Nodes: 1  Procs: 1
<May23-2026> <11:41:55>  ADF 2026.103  RunTime: May23-2026 11:41:55  ShM Nodes: 1  Procs: 1
<May23-2026> <11:41:55>  *** (NO TITLE) ***
<May23-2026> <11:41:55>  DIRAC 2026.103  RunTime: May23-2026 11:41:55  ShM Nodes: 1  Procs: 1
<May23-2026> <11:41:55>  Carbon (TZ2P)
<May23-2026> <11:41:56>  Net Charge: 0 (Nuclei minus Electrons)
<May23-2026> <11:41:56>  Symmetry  : ATOM
<May23-2026> <11:41:56>  Coordinates
<May23-2026> <11:41:56>     Atom         X           Y           Z   (Angstrom)
<May23-2026> <11:41:56>     1.C         0.000000    0.000000    0.000000
<May23-2026> <11:41:56>  >>>> CORORT
<May23-2026> <11:41:56>  >>>> CLSMAT
<May23-2026> <11:41:56>  >>>> ORTHON
<May23-2026> <11:41:56>  >>>> GENPT
<May23-2026> <11:41:56>  Block Length=  72
<May23-2026> <11:41:56>  >>>> PTBAS
<May23-2026> <11:41:56>  >>>> CYCLE
<May23-2026> <11:41:56>              |Error|         MaxErr       Wt(A-DIIS)
<May23-2026> <11:41:56>      1      0.00000000      0.00000000
<May23-2026> <11:41:56>      2      4.48450606      3.33074448    100.0
<May23-2026> <11:41:56>      3      1.63845963      1.31677840    100.0
<May23-2026> <11:41:56>      4      0.72237885      0.58090812    100.0
<May23-2026> <11:41:56>      5      0.41341516      0.32921223    100.0
<May23-2026> <11:41:56>      6      0.12634980      0.09661242     96.6
<May23-2026> <11:41:56>      7      0.11511849      0.08978748     89.7
<May23-2026> <11:41:56>      8      0.00670007      0.00519977      4.2
<May23-2026> <11:41:56>      9      0.00022181      0.00016825      0.0
<May23-2026> <11:41:56>     10      0.00000199      0.00000135      0.0
<May23-2026> <11:41:56>     11      0.00000002      0.00000001      0.0
<May23-2026> <11:41:56>     12      0.00000000      0.00000000      0.0
<May23-2026> <11:41:56>  SCF converged
<May23-2026> <11:41:56>     13      0.00000000      0.00000000      0.0
<May23-2026> <11:41:56>  >>>> POPAN
<May23-2026> <11:41:56>  >>>> DEBYE
<May23-2026> <11:41:56>  DIRAC 2026.103  RunTime: May23-2026 11:41:56  ShM Nodes: 1  Procs: 1
<May23-2026> <11:41:56>  Hydrogen (TZ2P)
<May23-2026> <11:41:56>  Net Charge: 0 (Nuclei minus Electrons)
<May23-2026> <11:41:56>  Symmetry  : ATOM
<May23-2026> <11:41:56>  Coordinates
<May23-2026> <11:41:56>     Atom         X           Y           Z   (Angstrom)
<May23-2026> <11:41:56>     1.H         0.000000    0.000000    0.000000
<May23-2026> <11:41:56>  >>>> CORORT
<May23-2026> <11:41:56>  >>>> CLSMAT
<May23-2026> <11:41:56>  >>>> ORTHON
<May23-2026> <11:41:56>  >>>> GENPT
<May23-2026> <11:41:56>  Block Length=  64
<May23-2026> <11:41:56>  >>>> PTBAS
<May23-2026> <11:41:56>  >>>> CYCLE
<May23-2026> <11:41:56>              |Error|         MaxErr       Wt(A-DIIS)
<May23-2026> <11:41:56>      1      0.00000000      0.00000000
<May23-2026> <11:41:56>      2      0.03100426      0.02644614
<May23-2026> <11:41:56>      3      0.00958086      0.00932931    100.0
<May23-2026> <11:41:56>      4      0.00232128      0.00228673      1.3
<May23-2026> <11:41:56>      5      0.00003156      0.00002984      0.0
<May23-2026> <11:41:56>      6      0.00000096      0.00000091      0.0
<May23-2026> <11:41:56>      7      0.00000000      0.00000000      0.0
<May23-2026> <11:41:56>  SCF converged
<May23-2026> <11:41:56>      8      0.00000000      0.00000000      0.0
<May23-2026> <11:41:56>  >>>> POPAN
<May23-2026> <11:41:56>  >>>> DEBYE
<May23-2026> <11:41:56>  *** adf ***
<May23-2026> <11:41:56>  Net Charge: 0 (Nuclei minus Electrons)
<May23-2026> <11:41:56>  Spin polar: -1 (Spin_A minus Spin_B electrons)
<May23-2026> <11:41:56>  Symmetry  : NOSYM
<May23-2026> <11:41:56>  >>>> FRAGM
<May23-2026> <11:41:57>  Coordinates
<May23-2026> <11:41:57>     Atom         X           Y           Z   (Angstrom)
<May23-2026> <11:41:57>     1.C        -0.752017    1.634795    0.060778
<May23-2026> <11:41:57>     2.C        -1.225048    0.348826   -0.160396
<May23-2026> <11:41:57>     3.C        -1.311107   -0.649786    0.800148
<May23-2026> <11:41:57>     4.H        -0.406118    1.943594    1.045579
<May23-2026> <11:41:57>     5.H        -0.712144    2.368749   -0.738509
<May23-2026> <11:41:57>     6.H        -1.559326    0.103387   -1.171346
<May23-2026> <11:41:57>     7.H        -1.693414   -1.637001    0.558373
<May23-2026> <11:41:57>     8.H        -0.996401   -0.469119    1.826406
<May23-2026> <11:41:57>  >>>> CORORT
<May23-2026> <11:41:57>  >>>> CLSMAT
<May23-2026> <11:41:57>  >>>> ORTHON
<May23-2026> <11:41:57>  >>>> GENPT
<May23-2026> <11:41:57>  Block Length= 128
<May23-2026> <11:41:57>  >>>> PTBAS
<May23-2026> <11:41:58>  >>>> CYCLE
<May23-2026> <11:42:01>              |Error|         MaxErr       Wt(A-DIIS)
<May23-2026> <11:42:01>      1      4.01432121      0.49767727
<May23-2026> <11:42:04>      2      0.78257680      0.09025154    100.0
<May23-2026> <11:42:07>      3      0.69895134      0.07987961    100.0
<May23-2026> <11:42:10>      4      1.04156465      0.13869829    100.0
<May23-2026> <11:42:13>      5      0.15835556      0.01965367     18.8
<May23-2026> <11:42:16>      6      0.07525857      0.00958262      8.7
<May23-2026> <11:42:19>      7      0.01475458      0.00225369      1.3
<May23-2026> <11:42:22>      8      0.00259395      0.00042474      0.0
<May23-2026> <11:42:24>      9      0.00107647      0.00018639      0.0
<May23-2026> <11:42:27>     10      0.00079485      0.00010610      0.0
<May23-2026> <11:42:30>     11      0.00027109      0.00003401      0.0
<May23-2026> <11:42:33>     12      0.00002211      0.00000656      0.0
<May23-2026> <11:42:36>     13      0.00000440      0.00000062      0.0
<May23-2026> <11:42:36>  SCF converged
<May23-2026> <11:42:39>     14      0.00000114      0.00000013      0.0
<May23-2026> <11:42:41>  >>>> TOTEN
<May23-2026> <11:42:48>  >>>> POPAN
<May23-2026> <11:42:48>  >>>> DEBYE
<May23-2026> <11:42:48>  >>>> AMETS
<May23-2026> <11:42:48>   Bond Energy          -1.54395938 a.u.
<May23-2026> <11:42:48>   Bond Energy         -42.01327235 eV
<May23-2026> <11:42:48>   Bond Energy        -968.85       kcal/mol
<May23-2026> <11:42:48>  >>>> POPUL
<May23-2026> <11:42:48>  NORMAL TERMINATION
