<May23-2026> <12:20:49>  AMS 2026.103  RunTime: May23-2026 12:20:49  ShM Nodes: 1  Procs: 1
<May23-2026> <12:20:49>  ADF 2026.103  RunTime: May23-2026 12:20:49  ShM Nodes: 1  Procs: 1
<May23-2026> <12:20:49>  *** (NO TITLE) ***
<May23-2026> <12:20:49>  DIRAC 2026.103  RunTime: May23-2026 12:20:49  ShM Nodes: 1  Procs: 1
<May23-2026> <12:20:49>  Carbon (TZ2P)
<May23-2026> <12:20:49>  Net Charge: 0 (Nuclei minus Electrons)
<May23-2026> <12:20:49>  Symmetry  : ATOM
<May23-2026> <12:20:50>  Coordinates
<May23-2026> <12:20:50>     Atom         X           Y           Z   (Angstrom)
<May23-2026> <12:20:50>     1.C         0.000000    0.000000    0.000000
<May23-2026> <12:20:50>  >>>> CORORT
<May23-2026> <12:20:50>  >>>> CLSMAT
<May23-2026> <12:20:50>  >>>> ORTHON
<May23-2026> <12:20:50>  >>>> GENPT
<May23-2026> <12:20:50>  Block Length=  72
<May23-2026> <12:20:50>  >>>> PTBAS
<May23-2026> <12:20:50>  >>>> CYCLE
<May23-2026> <12:20:50>              |Error|         MaxErr       Wt(A-DIIS)
<May23-2026> <12:20:50>      1      0.00000000      0.00000000
<May23-2026> <12:20:50>      2      4.48450606      3.33074448    100.0
<May23-2026> <12:20:50>      3      1.63845963      1.31677840    100.0
<May23-2026> <12:20:50>      4      0.72237885      0.58090812    100.0
<May23-2026> <12:20:50>      5      0.41341516      0.32921223    100.0
<May23-2026> <12:20:50>      6      0.12634980      0.09661242     96.6
<May23-2026> <12:20:50>      7      0.11511849      0.08978748     89.7
<May23-2026> <12:20:50>      8      0.00670007      0.00519977      4.2
<May23-2026> <12:20:50>      9      0.00022181      0.00016825      0.0
<May23-2026> <12:20:50>     10      0.00000199      0.00000135      0.0
<May23-2026> <12:20:50>     11      0.00000002      0.00000001      0.0
<May23-2026> <12:20:50>     12      0.00000000      0.00000000      0.0
<May23-2026> <12:20:50>  SCF converged
<May23-2026> <12:20:50>     13      0.00000000      0.00000000      0.0
<May23-2026> <12:20:50>  >>>> POPAN
<May23-2026> <12:20:50>  >>>> DEBYE
<May23-2026> <12:20:50>  DIRAC 2026.103  RunTime: May23-2026 12:20:50  ShM Nodes: 1  Procs: 1
<May23-2026> <12:20:50>  Fluorine (TZ2P)
<May23-2026> <12:20:50>  Net Charge: 0 (Nuclei minus Electrons)
<May23-2026> <12:20:50>  Symmetry  : ATOM
<May23-2026> <12:20:50>  Coordinates
<May23-2026> <12:20:50>     Atom         X           Y           Z   (Angstrom)
<May23-2026> <12:20:50>     1.F         0.000000    0.000000    0.000000
<May23-2026> <12:20:50>  >>>> CORORT
<May23-2026> <12:20:50>  >>>> CLSMAT
<May23-2026> <12:20:50>  >>>> ORTHON
<May23-2026> <12:20:50>  >>>> GENPT
<May23-2026> <12:20:50>  Block Length=  76
<May23-2026> <12:20:50>  >>>> PTBAS
<May23-2026> <12:20:50>  >>>> CYCLE
<May23-2026> <12:20:50>              |Error|         MaxErr       Wt(A-DIIS)
<May23-2026> <12:20:50>      1      0.00000000      0.00000000
<May23-2026> <12:20:50>      2     11.38427863      4.79495689    100.0
<May23-2026> <12:20:50>      3      5.07253782      3.11221724    100.0
<May23-2026> <12:20:50>      4      0.94671029      0.44601921    100.0
<May23-2026> <12:20:50>      5      1.62964425      0.80307868    100.0
<May23-2026> <12:20:50>      6      0.20258237      0.09898648     99.0
<May23-2026> <12:20:50>      7      0.27392716      0.12998946    100.0
<May23-2026> <12:20:50>      8      0.03339060      0.01613572     15.3
<May23-2026> <12:20:50>      9      0.00708392      0.00339510      2.4
<May23-2026> <12:20:50>     10      0.00024336      0.00011647      0.0
<May23-2026> <12:20:50>     11      0.00000036      0.00000017      0.0
<May23-2026> <12:20:50>     12      0.00000000      0.00000000      0.0
<May23-2026> <12:20:50>  SCF converged
<May23-2026> <12:20:50>     13      0.00000000      0.00000000      0.0
<May23-2026> <12:20:51>  >>>> POPAN
<May23-2026> <12:20:51>  >>>> DEBYE
<May23-2026> <12:20:51>  DIRAC 2026.103  RunTime: May23-2026 12:20:51  ShM Nodes: 1  Procs: 1
<May23-2026> <12:20:51>  Oxygen (TZ2P)
<May23-2026> <12:20:51>  Net Charge: 0 (Nuclei minus Electrons)
<May23-2026> <12:20:51>  Symmetry  : ATOM
<May23-2026> <12:20:51>  Coordinates
<May23-2026> <12:20:51>     Atom         X           Y           Z   (Angstrom)
<May23-2026> <12:20:51>     1.O         0.000000    0.000000    0.000000
<May23-2026> <12:20:51>  >>>> CORORT
<May23-2026> <12:20:51>  >>>> CLSMAT
<May23-2026> <12:20:51>  >>>> ORTHON
<May23-2026> <12:20:51>  >>>> GENPT
<May23-2026> <12:20:51>  Block Length=  68
<May23-2026> <12:20:51>  >>>> PTBAS
<May23-2026> <12:20:51>  >>>> CYCLE
<May23-2026> <12:20:51>              |Error|         MaxErr       Wt(A-DIIS)
<May23-2026> <12:20:51>      1      0.00000000      0.00000000
<May23-2026> <12:20:51>      2      8.77379167      5.52456194    100.0
<May23-2026> <12:20:51>      3      3.58874259      2.50390796    100.0
<May23-2026> <12:20:51>      4      1.14813168      0.58304454    100.0
<May23-2026> <12:20:51>      5      1.52147762      0.84216884    100.0
<May23-2026> <12:20:51>      6      0.17958647      0.10470670    100.0
<May23-2026> <12:20:51>      7      0.20120374      0.11429590    100.0
<May23-2026> <12:20:51>      8      0.01711846      0.01004426      9.1
<May23-2026> <12:20:51>      9      0.00178953      0.00100777      0.0
<May23-2026> <12:20:51>     10      0.00000129      0.00000068      0.0
<May23-2026> <12:20:51>     11      0.00000005      0.00000002      0.0
<May23-2026> <12:20:51>     12      0.00000000      0.00000000      0.0
<May23-2026> <12:20:51>  SCF converged
<May23-2026> <12:20:51>     13      0.00000000      0.00000000      0.0
<May23-2026> <12:20:51>  >>>> POPAN
<May23-2026> <12:20:51>  >>>> DEBYE
<May23-2026> <12:20:51>  DIRAC 2026.103  RunTime: May23-2026 12:20:51  ShM Nodes: 1  Procs: 1
<May23-2026> <12:20:51>  Hydrogen (TZ2P)
<May23-2026> <12:20:51>  Net Charge: 0 (Nuclei minus Electrons)
<May23-2026> <12:20:51>  Symmetry  : ATOM
<May23-2026> <12:20:51>  Coordinates
<May23-2026> <12:20:51>     Atom         X           Y           Z   (Angstrom)
<May23-2026> <12:20:51>     1.H         0.000000    0.000000    0.000000
<May23-2026> <12:20:51>  >>>> CORORT
<May23-2026> <12:20:51>  >>>> CLSMAT
<May23-2026> <12:20:51>  >>>> ORTHON
<May23-2026> <12:20:51>  >>>> GENPT
<May23-2026> <12:20:51>  Block Length=  64
<May23-2026> <12:20:51>  >>>> PTBAS
<May23-2026> <12:20:51>  >>>> CYCLE
<May23-2026> <12:20:51>              |Error|         MaxErr       Wt(A-DIIS)
<May23-2026> <12:20:51>      1      0.00000000      0.00000000
<May23-2026> <12:20:51>      2      0.03100426      0.02644614
<May23-2026> <12:20:52>      3      0.00958086      0.00932931    100.0
<May23-2026> <12:20:52>      4      0.00232128      0.00228673      1.3
<May23-2026> <12:20:52>      5      0.00003156      0.00002984      0.0
<May23-2026> <12:20:52>      6      0.00000096      0.00000091      0.0
<May23-2026> <12:20:52>      7      0.00000000      0.00000000      0.0
<May23-2026> <12:20:52>  SCF converged
<May23-2026> <12:20:52>      8      0.00000000      0.00000000      0.0
<May23-2026> <12:20:52>  >>>> POPAN
<May23-2026> <12:20:52>  >>>> DEBYE
<May23-2026> <12:20:52>  *** adf ***
<May23-2026> <12:20:52>  Net Charge: 0 (Nuclei minus Electrons)
<May23-2026> <12:20:52>  Spin polar: 1 (Spin_A minus Spin_B electrons)
<May23-2026> <12:20:52>  Symmetry  : NOSYM
<May23-2026> <12:20:52>  >>>> FRAGM
<May23-2026> <12:20:52>  Coordinates
<May23-2026> <12:20:52>     Atom         X           Y           Z   (Angstrom)
<May23-2026> <12:20:52>     1.C         1.101949    1.166006    0.442387
<May23-2026> <12:20:52>     2.C         1.450451   -0.105800    0.107006
<May23-2026> <12:20:52>     3.F         2.083591   -0.259882   -1.088058
<May23-2026> <12:20:52>     4.O         1.031645   -1.160842    0.631792
<May23-2026> <12:20:52>     5.H         0.710778    1.332492    1.432056
<May23-2026> <12:20:52>     6.H         1.523372    2.000153   -0.098538
<May23-2026> <12:20:52>  >>>> CORORT
<May23-2026> <12:20:52>  >>>> CLSMAT
<May23-2026> <12:20:52>  >>>> ORTHON
<May23-2026> <12:20:52>  >>>> GENPT
<May23-2026> <12:20:52>  Block Length= 128
<May23-2026> <12:20:52>  >>>> PTBAS
<May23-2026> <12:20:53>  >>>> CYCLE
<May23-2026> <12:20:55>              |Error|         MaxErr       Wt(A-DIIS)
<May23-2026> <12:20:55>      1      4.28059268      0.69125151
<May23-2026> <12:20:57>      2      0.81927573      0.10012352    100.0
<May23-2026> <12:20:59>      3      0.69460264      0.08199378    100.0
<May23-2026> <12:21:01>      4      1.63429336      0.26775969    100.0
<May23-2026> <12:21:03>      5      0.42080510      0.04738108     46.8
<May23-2026> <12:21:05>      6      0.22889208      0.02443614     23.7
<May23-2026> <12:21:07>      7      0.13283214      0.01659625     15.8
<May23-2026> <12:21:09>      8      0.02626333      0.00278190      1.8
<May23-2026> <12:21:11>      9      0.00639184      0.00084282      0.0
<May23-2026> <12:21:13>     10      0.00093178      0.00010409      0.0
<May23-2026> <12:21:15>     11      0.00044405      0.00007068      0.0
<May23-2026> <12:21:17>     12      0.00015120      0.00001784      0.0
<May23-2026> <12:21:19>     13      0.00003249      0.00000328      0.0
<May23-2026> <12:21:21>     14      0.00001149      0.00000130      0.0
<May23-2026> <12:21:23>     15      0.00000445      0.00000071      0.0
<May23-2026> <12:21:23>  SCF converged
<May23-2026> <12:21:25>     16      0.00000075      0.00000012      0.0
<May23-2026> <12:21:27>  >>>> TOTEN
<May23-2026> <12:21:31>  >>>> POPAN
<May23-2026> <12:21:31>  >>>> DEBYE
<May23-2026> <12:21:31>  >>>> AMETS
<May23-2026> <12:21:31>   Bond Energy          -1.21675591 a.u.
<May23-2026> <12:21:31>   Bond Energy         -33.10961298 eV
<May23-2026> <12:21:31>   Bond Energy        -763.53       kcal/mol
<May23-2026> <12:21:31>  >>>> POPUL
<May23-2026> <12:21:31>  NORMAL TERMINATION
