<May23-2026> <11:53:31>  AMS 2026.103  RunTime: May23-2026 11:53:31  ShM Nodes: 1  Procs: 1
<May23-2026> <11:53:31>  ADF 2026.103  RunTime: May23-2026 11:53:31  ShM Nodes: 1  Procs: 1
<May23-2026> <11:53:31>  *** (NO TITLE) ***
<May23-2026> <11:53:31>  Iteration 1
<May23-2026> <11:53:31>  DIRAC 2026.103  RunTime: May23-2026 11:53:31  ShM Nodes: 1  Procs: 1
<May23-2026> <11:53:31>  Carbon (TZ2P)
<May23-2026> <11:53:32>  Net Charge: 0 (Nuclei minus Electrons)
<May23-2026> <11:53:32>  Symmetry  : ATOM
<May23-2026> <11:53:32>  Coordinates
<May23-2026> <11:53:32>     Atom         X           Y           Z   (Angstrom)
<May23-2026> <11:53:32>     1.C         0.000000    0.000000    0.000000
<May23-2026> <11:53:32>  >>>> CORORT
<May23-2026> <11:53:32>  >>>> CLSMAT
<May23-2026> <11:53:32>  >>>> ORTHON
<May23-2026> <11:53:32>  >>>> GENPT
<May23-2026> <11:53:32>  Block Length=  72
<May23-2026> <11:53:32>  >>>> PTBAS
<May23-2026> <11:53:32>  >>>> CYCLE
<May23-2026> <11:53:32>              |Error|         MaxErr       Wt(A-DIIS)
<May23-2026> <11:53:32>      1      0.00000000      0.00000000
<May23-2026> <11:53:32>      2      4.48450606      3.33074448    100.0
<May23-2026> <11:53:32>      3      1.63845963      1.31677840    100.0
<May23-2026> <11:53:32>      4      0.72237885      0.58090812    100.0
<May23-2026> <11:53:32>      5      0.41341516      0.32921223    100.0
<May23-2026> <11:53:32>      6      0.12634980      0.09661242     96.6
<May23-2026> <11:53:32>      7      0.11511849      0.08978748     89.7
<May23-2026> <11:53:32>      8      0.00670007      0.00519977      4.2
<May23-2026> <11:53:32>      9      0.00022181      0.00016825      0.0
<May23-2026> <11:53:32>     10      0.00000199      0.00000135      0.0
<May23-2026> <11:53:32>     11      0.00000002      0.00000001      0.0
<May23-2026> <11:53:32>     12      0.00000000      0.00000000      0.0
<May23-2026> <11:53:32>  SCF converged
<May23-2026> <11:53:32>     13      0.00000000      0.00000000      0.0
<May23-2026> <11:53:32>  >>>> POPAN
<May23-2026> <11:53:32>  >>>> DEBYE
<May23-2026> <11:53:32>  DIRAC 2026.103  RunTime: May23-2026 11:53:32  ShM Nodes: 1  Procs: 1
<May23-2026> <11:53:32>  Hydrogen (TZ2P)
<May23-2026> <11:53:32>  Net Charge: 0 (Nuclei minus Electrons)
<May23-2026> <11:53:32>  Symmetry  : ATOM
<May23-2026> <11:53:32>  Coordinates
<May23-2026> <11:53:32>     Atom         X           Y           Z   (Angstrom)
<May23-2026> <11:53:32>     1.H         0.000000    0.000000    0.000000
<May23-2026> <11:53:32>  >>>> CORORT
<May23-2026> <11:53:32>  >>>> CLSMAT
<May23-2026> <11:53:32>  >>>> ORTHON
<May23-2026> <11:53:32>  >>>> GENPT
<May23-2026> <11:53:32>  Block Length=  64
<May23-2026> <11:53:32>  >>>> PTBAS
<May23-2026> <11:53:32>  >>>> CYCLE
<May23-2026> <11:53:32>              |Error|         MaxErr       Wt(A-DIIS)
<May23-2026> <11:53:32>      1      0.00000000      0.00000000
<May23-2026> <11:53:32>      2      0.03100426      0.02644614
<May23-2026> <11:53:32>      3      0.00958086      0.00932931    100.0
<May23-2026> <11:53:32>      4      0.00232128      0.00228673      1.3
<May23-2026> <11:53:32>      5      0.00003156      0.00002984      0.0
<May23-2026> <11:53:32>      6      0.00000096      0.00000091      0.0
<May23-2026> <11:53:32>      7      0.00000000      0.00000000      0.0
<May23-2026> <11:53:32>  SCF converged
<May23-2026> <11:53:32>      8      0.00000000      0.00000000      0.0
<May23-2026> <11:53:32>  >>>> POPAN
<May23-2026> <11:53:32>  >>>> DEBYE
<May23-2026> <11:53:32>  *** GO1_GOStep1 ***
<May23-2026> <11:53:32>  >>>> FRAGM
<May23-2026> <11:53:33>  Coordinates
<May23-2026> <11:53:33>     Atom         X           Y           Z   (Angstrom)
<May23-2026> <11:53:33>     1.C         1.852700   -1.151058    0.503456
<May23-2026> <11:53:33>     2.C         1.582023    0.173509    0.844733
<May23-2026> <11:53:33>     3.C         1.386458    1.066431   -0.178948
<May23-2026> <11:53:33>     4.H         2.443917   -1.348806   -0.378817
<May23-2026> <11:53:33>     5.H         1.915538   -1.903378    1.275543
<May23-2026> <11:53:33>     6.H         1.159400    0.381774    1.819353
<May23-2026> <11:53:33>     7.H         1.023697    2.066615    0.016126
<May23-2026> <11:53:33>     8.H         1.921979    0.937899   -1.108211
<May23-2026> <11:53:33>  >>>> CORORT
<May23-2026> <11:53:33>  >>>> CLSMAT
<May23-2026> <11:53:33>  >>>> ORTHON
<May23-2026> <11:53:33>  >>>> GENPT
<May23-2026> <11:53:33>  Block Length= 128
<May23-2026> <11:53:33>  >>>> PTBAS
<May23-2026> <11:53:34>  >>>> CYCLE
<May23-2026> <11:53:37>              |Error|         MaxErr       Wt(A-DIIS)
<May23-2026> <11:53:37>      1      4.10112079      0.43669813
<May23-2026> <11:53:40>      2      0.79899642      0.05589931    100.0
<May23-2026> <11:53:43>      3      0.71389621      0.04908544    100.0
<May23-2026> <11:53:46>      4      1.06435107      0.08785822    100.0
<May23-2026> <11:53:49>      5      0.15990604      0.01391783     13.0
<May23-2026> <11:53:52>      6      0.06806666      0.00611640      5.2
<May23-2026> <11:53:55>      7      0.01677084      0.00167056      0.7
<May23-2026> <11:53:58>      8      0.00462952      0.00048912      0.0
<May23-2026> <11:54:00>      9      0.00534714      0.00052648      0.0
<May23-2026> <11:54:03>     10      0.00100126      0.00010272      0.0
<May23-2026> <11:54:06>     11      0.00012931      0.00001212      0.0
<May23-2026> <11:54:09>     12      0.00002475      0.00000288      0.0
<May23-2026> <11:54:12>     13      0.00000672      0.00000061      0.0
<May23-2026> <11:54:12>  SCF converged
<May23-2026> <11:54:15>     14      0.00000262      0.00000023      0.0
<May23-2026> <11:54:15>  >>>> TOTEN
<May23-2026> <11:54:20>  >>>> POPAN
<May23-2026> <11:54:20>  >>>> DEBYE
<May23-2026> <11:54:20>  >>>> ENGRAD
<May23-2026> <11:54:23>  current energy                               -1.53015438 Hartree
<May23-2026> <11:54:23>  energy change                      -1.53015438     0.00008000    F
<May23-2026> <11:54:23>  constrained gradient max            0.05369759     0.00100000    F
<May23-2026> <11:54:23>  constrained gradient rms            0.02514591     0.00066667    F
<May23-2026> <11:54:23>  gradient max                        0.05369759
<May23-2026> <11:54:23>  gradient rms                        0.02514591
<May23-2026> <11:54:23>  cart. step max                      0.06125350     0.01000000    F
<May23-2026> <11:54:23>  cart. step rms                      0.02652606     0.00666667    F
<May23-2026> <11:54:23>  Iteration 2
<May23-2026> <11:54:23>  *** GO1_GOStep2 ***
<May23-2026> <11:54:23>  >>>> FRAGM
<May23-2026> <11:54:23>  Coordinates
<May23-2026> <11:54:23>     Atom         X           Y           Z   (Angstrom)
<May23-2026> <11:54:23>     1.C         1.880922   -1.175057    0.524145
<May23-2026> <11:54:23>     2.C         1.565586    0.158592    0.816210
<May23-2026> <11:54:23>     3.C         1.395921    1.105946   -0.183776
<May23-2026> <11:54:23>     4.H         2.446663   -1.410060   -0.372304
<May23-2026> <11:54:23>     5.H         1.924813   -1.919623    1.312655
<May23-2026> <11:54:23>     6.H         1.147259    0.370693    1.797618
<May23-2026> <11:54:23>     7.H         1.024717    2.102307    0.036930
<May23-2026> <11:54:23>     8.H         1.899829    0.990187   -1.138243
<May23-2026> <11:54:23>  >>>> CORORT
<May23-2026> <11:54:23>  >>>> CLSMAT
<May23-2026> <11:54:23>  >>>> ORTHON
<May23-2026> <11:54:23>  >>>> GENPT
<May23-2026> <11:54:23>  Block Length= 128
<May23-2026> <11:54:23>  >>>> PTBAS
<May23-2026> <11:54:24>  >>>> CYCLE
<May23-2026> <11:54:25>  using orbital data from restart file
<May23-2026> <11:54:28>              |Error|         MaxErr       Wt(A-DIIS)
<May23-2026> <11:54:28>      1      0.12355757      0.01497288
<May23-2026> <11:54:30>      2      0.02761130      0.00222856    100.0
<May23-2026> <11:54:33>      3      0.05344837      0.00500068    100.0
<May23-2026> <11:54:36>      4      0.01043928      0.00080063      0.0
<May23-2026> <11:54:39>      5      0.00463803      0.00039243      0.0
<May23-2026> <11:54:42>      6      0.00136405      0.00014275      0.0
<May23-2026> <11:54:45>      7      0.00040688      0.00004143      0.0
<May23-2026> <11:54:48>      8      0.00014612      0.00001001      0.0
<May23-2026> <11:54:50>      9      0.00002199      0.00000174      0.0
<May23-2026> <11:54:53>     10      0.00000446      0.00000039      0.0
<May23-2026> <11:54:54>  SCF converged
<May23-2026> <11:54:56>     11      0.00000092      0.00000008      0.0
<May23-2026> <11:54:57>  >>>> TOTEN
<May23-2026> <11:55:01>  >>>> POPAN
<May23-2026> <11:55:01>  >>>> DEBYE
<May23-2026> <11:55:01>  >>>> ENGRAD
<May23-2026> <11:55:04>  current energy                               -1.53620899 Hartree
<May23-2026> <11:55:04>  energy change                      -0.00605461     0.00008000    F
<May23-2026> <11:55:04>  constrained gradient max            0.04486272     0.00100000    F
<May23-2026> <11:55:04>  constrained gradient rms            0.01903671     0.00066667    F
<May23-2026> <11:55:04>  gradient max                        0.04486272
<May23-2026> <11:55:04>  gradient rms                        0.01903671
<May23-2026> <11:55:04>  cart. step max                      0.04936607     0.01000000    F
<May23-2026> <11:55:04>  cart. step rms                      0.02251995     0.00666667    F
<May23-2026> <11:55:04>  Iteration 3
<May23-2026> <11:55:04>  *** GO1_GOStep3 ***
<May23-2026> <11:55:04>  >>>> FRAGM
<May23-2026> <11:55:04>  Coordinates
<May23-2026> <11:55:04>     Atom         X           Y           Z   (Angstrom)
<May23-2026> <11:55:04>     1.C         1.930288   -1.165489    0.544659
<May23-2026> <11:55:04>     2.C         1.528765    0.143085    0.798391
<May23-2026> <11:55:04>     3.C         1.433015    1.126615   -0.173256
<May23-2026> <11:55:04>     4.H         2.421448   -1.430084   -0.390246
<May23-2026> <11:55:04>     5.H         1.941525   -1.913666    1.332535
<May23-2026> <11:55:04>     6.H         1.112179    0.359470    1.783768
<May23-2026> <11:55:04>     7.H         1.042652    2.114461    0.055373
<May23-2026> <11:55:04>     8.H         1.875840    0.988592   -1.157990
<May23-2026> <11:55:04>  >>>> CORORT
<May23-2026> <11:55:04>  >>>> CLSMAT
<May23-2026> <11:55:04>  >>>> ORTHON
<May23-2026> <11:55:04>  >>>> GENPT
<May23-2026> <11:55:04>  Block Length= 128
<May23-2026> <11:55:05>  >>>> PTBAS
<May23-2026> <11:55:05>  >>>> CYCLE
<May23-2026> <11:55:07>  using orbital data from restart file
<May23-2026> <11:55:09>              |Error|         MaxErr       Wt(A-DIIS)
<May23-2026> <11:55:09>      1      0.18042965      0.02780135
<May23-2026> <11:55:12>      2      0.02634051      0.00234829    100.0
<May23-2026> <11:55:15>      3      0.03207979      0.00208472    100.0
<May23-2026> <11:55:18>      4      0.01189757      0.00115414      0.2
<May23-2026> <11:55:20>      5      0.00334559      0.00027043      0.0
<May23-2026> <11:55:23>      6      0.00258569      0.00028208      0.0
<May23-2026> <11:55:26>      7      0.00030493      0.00002489      0.0
<May23-2026> <11:55:29>      8      0.00015010      0.00001171      0.0
<May23-2026> <11:55:32>      9      0.00002266      0.00000226      0.0
<May23-2026> <11:55:35>     10      0.00000436      0.00000035      0.0
<May23-2026> <11:55:35>  SCF converged
<May23-2026> <11:55:38>     11      0.00000165      0.00000014      0.0
<May23-2026> <11:55:38>  >>>> TOTEN
<May23-2026> <11:55:43>  >>>> POPAN
<May23-2026> <11:55:43>  >>>> DEBYE
<May23-2026> <11:55:43>  >>>> ENGRAD
<May23-2026> <11:55:46>  current energy                               -1.54203871 Hartree
<May23-2026> <11:55:46>  energy change                      -0.00582973     0.00008000    F
<May23-2026> <11:55:46>  constrained gradient max            0.02349491     0.00100000    F
<May23-2026> <11:55:46>  constrained gradient rms            0.00943976     0.00066667    F
<May23-2026> <11:55:46>  gradient max                        0.02349491
<May23-2026> <11:55:46>  gradient rms                        0.00943976
<May23-2026> <11:55:46>  cart. step max                      0.04405458     0.01000000    F
<May23-2026> <11:55:46>  cart. step rms                      0.02107878     0.00666667    F
<May23-2026> <11:55:46>  Iteration 4
<May23-2026> <11:55:46>  *** GO1_GOStep4 ***
<May23-2026> <11:55:46>  >>>> FRAGM
<May23-2026> <11:55:46>  Coordinates
<May23-2026> <11:55:46>     Atom         X           Y           Z   (Angstrom)
<May23-2026> <11:55:46>     1.C         1.972143   -1.153169    0.560544
<May23-2026> <11:55:46>     2.C         1.484710    0.124658    0.778502
<May23-2026> <11:55:46>     3.C         1.462062    1.138360   -0.164981
<May23-2026> <11:55:46>     4.H         2.390156   -1.438465   -0.403129
<May23-2026> <11:55:46>     5.H         1.966842   -1.900956    1.347675
<May23-2026> <11:55:46>     6.H         1.082382    0.348277    1.769550
<May23-2026> <11:55:46>     7.H         1.067825    2.121995    0.071373
<May23-2026> <11:55:46>     8.H         1.859591    0.982287   -1.166298
<May23-2026> <11:55:46>  >>>> CORORT
<May23-2026> <11:55:46>  >>>> CLSMAT
<May23-2026> <11:55:46>  >>>> ORTHON
<May23-2026> <11:55:46>  >>>> GENPT
<May23-2026> <11:55:46>  Block Length= 128
<May23-2026> <11:55:46>  >>>> PTBAS
<May23-2026> <11:55:47>  >>>> CYCLE
<May23-2026> <11:55:48>  using orbital data from restart file
<May23-2026> <11:55:51>              |Error|         MaxErr       Wt(A-DIIS)
<May23-2026> <11:55:51>      1      0.17621473      0.02734885
<May23-2026> <11:55:53>      2      0.02131437      0.00188453    100.0
<May23-2026> <11:55:56>      3      0.02484821      0.00163969    100.0
<May23-2026> <11:55:59>      4      0.00700381      0.00061915      0.0
<May23-2026> <11:56:02>      5      0.00273925      0.00026902      0.0
<May23-2026> <11:56:05>      6      0.00213980      0.00018521      0.0
<May23-2026> <11:56:08>      7      0.00054164      0.00005478      0.0
<May23-2026> <11:56:11>      8      0.00013605      0.00001242      0.0
<May23-2026> <11:56:14>      9      0.00001852      0.00000219      0.0
<May23-2026> <11:56:17>     10      0.00000363      0.00000032      0.0
<May23-2026> <11:56:17>  SCF converged
<May23-2026> <11:56:19>     11      0.00000105      0.00000013      0.0
<May23-2026> <11:56:20>  >>>> TOTEN
<May23-2026> <11:56:24>  >>>> POPAN
<May23-2026> <11:56:24>  >>>> DEBYE
<May23-2026> <11:56:24>  >>>> ENGRAD
<May23-2026> <11:56:27>  current energy                               -1.54393207 Hartree
<May23-2026> <11:56:27>  energy change                      -0.00189336     0.00008000    F
<May23-2026> <11:56:27>  constrained gradient max            0.00501065     0.00100000    F
<May23-2026> <11:56:27>  constrained gradient rms            0.00175885     0.00066667    F
<May23-2026> <11:56:27>  gradient max                        0.00501065
<May23-2026> <11:56:27>  gradient rms                        0.00175885
<May23-2026> <11:56:27>  cart. step max                      0.00867619     0.01000000    T
<May23-2026> <11:56:27>  cart. step rms                      0.00412183     0.00666667    T
<May23-2026> <11:56:27>  Iteration 5
<May23-2026> <11:56:27>  *** GO1_GOStep5 ***
<May23-2026> <11:56:27>  >>>> FRAGM
<May23-2026> <11:56:27>  Coordinates
<May23-2026> <11:56:27>     Atom         X           Y           Z   (Angstrom)
<May23-2026> <11:56:27>     1.C         1.978472   -1.154898    0.563779
<May23-2026> <11:56:27>     2.C         1.489629    0.125471    0.778308
<May23-2026> <11:56:27>     3.C         1.467807    1.144160   -0.163973
<May23-2026> <11:56:27>     4.H         2.394011   -1.442727   -0.400351
<May23-2026> <11:56:27>     5.H         1.958945   -1.906601    1.347269
<May23-2026> <11:56:27>     6.H         1.081848    0.347900    1.767581
<May23-2026> <11:56:27>     7.H         1.064084    2.124458    0.071192
<May23-2026> <11:56:27>     8.H         1.850915    0.985223   -1.170570
<May23-2026> <11:56:27>  >>>> CORORT
<May23-2026> <11:56:27>  >>>> CLSMAT
<May23-2026> <11:56:27>  >>>> ORTHON
<May23-2026> <11:56:27>  >>>> GENPT
<May23-2026> <11:56:27>  Block Length= 128
<May23-2026> <11:56:28>  >>>> PTBAS
<May23-2026> <11:56:28>  >>>> CYCLE
<May23-2026> <11:56:30>  using orbital data from restart file
<May23-2026> <11:56:32>              |Error|         MaxErr       Wt(A-DIIS)
<May23-2026> <11:56:32>      1      0.01748584      0.00189787
<May23-2026> <11:56:35>      2      0.00642611      0.00055160    100.0
<May23-2026> <11:56:38>      3      0.00829103      0.00058710    100.0
<May23-2026> <11:56:41>      4      0.00185159      0.00014984      0.0
<May23-2026> <11:56:44>      5      0.00042342      0.00004058      0.0
<May23-2026> <11:56:46>      6      0.00035853      0.00003160      0.0
<May23-2026> <11:56:49>      7      0.00011411      0.00001194      0.0
<May23-2026> <11:56:52>      8      0.00003996      0.00000385      0.0
<May23-2026> <11:56:55>      9      0.00000314      0.00000032      0.0
<May23-2026> <11:56:56>  SCF converged
<May23-2026> <11:56:58>     10      0.00000038      0.00000003      0.0
<May23-2026> <11:56:58>  >>>> TOTEN
<May23-2026> <11:57:03>  >>>> POPAN
<May23-2026> <11:57:03>  >>>> DEBYE
<May23-2026> <11:57:03>  >>>> ENGRAD
<May23-2026> <11:57:06>  current energy                               -1.54395876 Hartree
<May23-2026> <11:57:06>  energy change                      -0.00002668     0.00008000    T
<May23-2026> <11:57:06>  constrained gradient max            0.00150158     0.00100000    F
<May23-2026> <11:57:06>  constrained gradient rms            0.00047001     0.00066667    T
<May23-2026> <11:57:06>  gradient max                        0.00150158
<May23-2026> <11:57:06>  gradient rms                        0.00047001
<May23-2026> <11:57:06>  cart. step max                      0.00444491     0.01000000    T
<May23-2026> <11:57:06>  cart. step rms                      0.00145708     0.00666667    T
<May23-2026> <11:57:06>  Iteration 6
<May23-2026> <11:57:06>  *** GO1_GOStep6 ***
<May23-2026> <11:57:06>  >>>> FRAGM
<May23-2026> <11:57:06>  Coordinates
<May23-2026> <11:57:06>     Atom         X           Y           Z   (Angstrom)
<May23-2026> <11:57:06>     1.C         1.977219   -1.155652    0.563440
<May23-2026> <11:57:06>     2.C         1.485184    0.124390    0.777624
<May23-2026> <11:57:06>     3.C         1.465794    1.143688   -0.164644
<May23-2026> <11:57:06>     4.H         2.393650   -1.442463   -0.400501
<May23-2026> <11:57:06>     5.H         1.962006   -1.906754    1.347530
<May23-2026> <11:57:06>     6.H         1.083035    0.348819    1.768570
<May23-2026> <11:57:06>     7.H         1.065616    2.125347    0.070796
<May23-2026> <11:57:06>     8.H         1.853206    0.985609   -1.169580
<May23-2026> <11:57:06>  >>>> CORORT
<May23-2026> <11:57:06>  >>>> CLSMAT
<May23-2026> <11:57:06>  >>>> ORTHON
<May23-2026> <11:57:06>  >>>> GENPT
<May23-2026> <11:57:06>  Block Length= 128
<May23-2026> <11:57:06>  >>>> PTBAS
<May23-2026> <11:57:07>  >>>> CYCLE
<May23-2026> <11:57:08>  using orbital data from restart file
<May23-2026> <11:57:11>              |Error|         MaxErr       Wt(A-DIIS)
<May23-2026> <11:57:11>      1      0.00726249      0.00116862
<May23-2026> <11:57:13>      2      0.00206840      0.00019771    100.0
<May23-2026> <11:57:16>      3      0.00203673      0.00016794    100.0
<May23-2026> <11:57:19>      4      0.00071804      0.00007269      0.0
<May23-2026> <11:57:22>      5      0.00021261      0.00001868      0.0
<May23-2026> <11:57:25>      6      0.00013070      0.00001146      0.0
<May23-2026> <11:57:28>      7      0.00002894      0.00000258      0.0
<May23-2026> <11:57:31>      8      0.00001364      0.00000113      0.0
<May23-2026> <11:57:34>      9      0.00000122      0.00000013      0.0
<May23-2026> <11:57:34>  SCF converged
<May23-2026> <11:57:36>     10      0.00000024      0.00000002      0.0
<May23-2026> <11:57:37>  >>>> TOTEN
<May23-2026> <11:57:41>  >>>> POPAN
<May23-2026> <11:57:41>  >>>> DEBYE
<May23-2026> <11:57:41>  >>>> ENGRAD
<May23-2026> <11:57:44>  current energy                               -1.54396211 Hartree
<May23-2026> <11:57:44>  energy change                      -0.00000336     0.00008000    T
<May23-2026> <11:57:44>  constrained gradient max            0.00042068     0.00100000    T
<May23-2026> <11:57:44>  constrained gradient rms            0.00014041     0.00066667    T
<May23-2026> <11:57:44>  gradient max                        0.00042068
<May23-2026> <11:57:44>  gradient rms                        0.00014041
<May23-2026> <11:57:44>  cart. step max                      0.00109981     0.01000000    T
<May23-2026> <11:57:44>  cart. step rms                      0.00040912     0.00666667    T
<May23-2026> <11:57:44>  Geometry optimization converged
<May23-2026> <11:57:44>  *** adf ***
<May23-2026> <11:57:44>  Net Charge: 0 (Nuclei minus Electrons)
<May23-2026> <11:57:44>  Spin polar: -1 (Spin_A minus Spin_B electrons)
<May23-2026> <11:57:44>  Symmetry  : NOSYM
<May23-2026> <11:57:44>  >>>> FRAGM
<May23-2026> <11:57:44>  Coordinates
<May23-2026> <11:57:44>     Atom         X           Y           Z   (Angstrom)
<May23-2026> <11:57:44>     1.C         1.977219   -1.155652    0.563440
<May23-2026> <11:57:44>     2.C         1.485184    0.124390    0.777624
<May23-2026> <11:57:44>     3.C         1.465794    1.143688   -0.164644
<May23-2026> <11:57:44>     4.H         2.393650   -1.442463   -0.400501
<May23-2026> <11:57:44>     5.H         1.962006   -1.906754    1.347530
<May23-2026> <11:57:44>     6.H         1.083035    0.348819    1.768570
<May23-2026> <11:57:44>     7.H         1.065616    2.125347    0.070796
<May23-2026> <11:57:44>     8.H         1.853206    0.985609   -1.169580
<May23-2026> <11:57:44>  >>>> CORORT
<May23-2026> <11:57:44>  >>>> CLSMAT
<May23-2026> <11:57:44>  >>>> ORTHON
<May23-2026> <11:57:44>  >>>> GENPT
<May23-2026> <11:57:45>  Block Length= 128
<May23-2026> <11:57:45>  >>>> PTBAS
<May23-2026> <11:57:46>  >>>> CYCLE
<May23-2026> <11:57:47>  using orbital data from restart file
<May23-2026> <11:57:49>              |Error|         MaxErr       Wt(A-DIIS)
<May23-2026> <11:57:49>      1      0.00000008      0.00000001
<May23-2026> <11:57:52>      2      0.00000004      0.00000000    100.0
<May23-2026> <11:57:53>  SCF converged
<May23-2026> <11:57:55>      3      0.00000004      0.00000000    100.0
<May23-2026> <11:57:57>  >>>> TOTEN
<May23-2026> <11:58:04>  >>>> POPAN
<May23-2026> <11:58:04>  >>>> DEBYE
<May23-2026> <11:58:04>  >>>> AMETS
<May23-2026> <11:58:04>   Bond Energy          -1.54396211 a.u.
<May23-2026> <11:58:04>   Bond Energy         -42.01334674 eV
<May23-2026> <11:58:04>   Bond Energy        -968.85       kcal/mol
<May23-2026> <11:58:04>  >>>> POPUL
<May23-2026> <11:58:04>  >>>> ENGRAD
<May23-2026> <11:58:07>  NORMAL TERMINATION
