<May23-2026> <12:11:42>  AMS 2026.103  RunTime: May23-2026 12:11:42  ShM Nodes: 1  Procs: 1
<May23-2026> <12:11:42>  ADF 2026.103  RunTime: May23-2026 12:11:42  ShM Nodes: 1  Procs: 1
<May23-2026> <12:11:42>  *** (NO TITLE) ***
<May23-2026> <12:11:42>  Iteration 1
<May23-2026> <12:11:42>  DIRAC 2026.103  RunTime: May23-2026 12:11:42  ShM Nodes: 1  Procs: 1
<May23-2026> <12:11:42>  Carbon (TZ2P)
<May23-2026> <12:11:43>  Net Charge: 0 (Nuclei minus Electrons)
<May23-2026> <12:11:43>  Symmetry  : ATOM
<May23-2026> <12:11:43>  Coordinates
<May23-2026> <12:11:43>     Atom         X           Y           Z   (Angstrom)
<May23-2026> <12:11:43>     1.C         0.000000    0.000000    0.000000
<May23-2026> <12:11:43>  >>>> CORORT
<May23-2026> <12:11:43>  >>>> CLSMAT
<May23-2026> <12:11:43>  >>>> ORTHON
<May23-2026> <12:11:43>  >>>> GENPT
<May23-2026> <12:11:43>  Block Length=  72
<May23-2026> <12:11:43>  >>>> PTBAS
<May23-2026> <12:11:43>  >>>> CYCLE
<May23-2026> <12:11:43>              |Error|         MaxErr       Wt(A-DIIS)
<May23-2026> <12:11:43>      1      0.00000000      0.00000000
<May23-2026> <12:11:43>      2      4.48450606      3.33074448    100.0
<May23-2026> <12:11:43>      3      1.63845963      1.31677840    100.0
<May23-2026> <12:11:43>      4      0.72237885      0.58090812    100.0
<May23-2026> <12:11:43>      5      0.41341516      0.32921223    100.0
<May23-2026> <12:11:43>      6      0.12634980      0.09661242     96.6
<May23-2026> <12:11:43>      7      0.11511849      0.08978748     89.7
<May23-2026> <12:11:43>      8      0.00670007      0.00519977      4.2
<May23-2026> <12:11:43>      9      0.00022181      0.00016825      0.0
<May23-2026> <12:11:43>     10      0.00000199      0.00000135      0.0
<May23-2026> <12:11:43>     11      0.00000002      0.00000001      0.0
<May23-2026> <12:11:43>     12      0.00000000      0.00000000      0.0
<May23-2026> <12:11:43>  SCF converged
<May23-2026> <12:11:43>     13      0.00000000      0.00000000      0.0
<May23-2026> <12:11:43>  >>>> POPAN
<May23-2026> <12:11:43>  >>>> DEBYE
<May23-2026> <12:11:43>  DIRAC 2026.103  RunTime: May23-2026 12:11:43  ShM Nodes: 1  Procs: 1
<May23-2026> <12:11:43>  Fluorine (TZ2P)
<May23-2026> <12:11:43>  Net Charge: 0 (Nuclei minus Electrons)
<May23-2026> <12:11:43>  Symmetry  : ATOM
<May23-2026> <12:11:43>  Coordinates
<May23-2026> <12:11:43>     Atom         X           Y           Z   (Angstrom)
<May23-2026> <12:11:43>     1.F         0.000000    0.000000    0.000000
<May23-2026> <12:11:43>  >>>> CORORT
<May23-2026> <12:11:43>  >>>> CLSMAT
<May23-2026> <12:11:43>  >>>> ORTHON
<May23-2026> <12:11:43>  >>>> GENPT
<May23-2026> <12:11:43>  Block Length=  76
<May23-2026> <12:11:43>  >>>> PTBAS
<May23-2026> <12:11:43>  >>>> CYCLE
<May23-2026> <12:11:43>              |Error|         MaxErr       Wt(A-DIIS)
<May23-2026> <12:11:43>      1      0.00000000      0.00000000
<May23-2026> <12:11:43>      2     11.38427863      4.79495689    100.0
<May23-2026> <12:11:43>      3      5.07253782      3.11221724    100.0
<May23-2026> <12:11:43>      4      0.94671029      0.44601921    100.0
<May23-2026> <12:11:43>      5      1.62964425      0.80307868    100.0
<May23-2026> <12:11:43>      6      0.20258237      0.09898648     99.0
<May23-2026> <12:11:44>      7      0.27392716      0.12998946    100.0
<May23-2026> <12:11:44>      8      0.03339060      0.01613572     15.3
<May23-2026> <12:11:44>      9      0.00708392      0.00339510      2.4
<May23-2026> <12:11:44>     10      0.00024336      0.00011647      0.0
<May23-2026> <12:11:44>     11      0.00000036      0.00000017      0.0
<May23-2026> <12:11:44>     12      0.00000000      0.00000000      0.0
<May23-2026> <12:11:44>  SCF converged
<May23-2026> <12:11:44>     13      0.00000000      0.00000000      0.0
<May23-2026> <12:11:44>  >>>> POPAN
<May23-2026> <12:11:44>  >>>> DEBYE
<May23-2026> <12:11:44>  DIRAC 2026.103  RunTime: May23-2026 12:11:44  ShM Nodes: 1  Procs: 1
<May23-2026> <12:11:44>  Oxygen (TZ2P)
<May23-2026> <12:11:44>  Net Charge: 0 (Nuclei minus Electrons)
<May23-2026> <12:11:44>  Symmetry  : ATOM
<May23-2026> <12:11:44>  Coordinates
<May23-2026> <12:11:44>     Atom         X           Y           Z   (Angstrom)
<May23-2026> <12:11:44>     1.O         0.000000    0.000000    0.000000
<May23-2026> <12:11:44>  >>>> CORORT
<May23-2026> <12:11:44>  >>>> CLSMAT
<May23-2026> <12:11:44>  >>>> ORTHON
<May23-2026> <12:11:44>  >>>> GENPT
<May23-2026> <12:11:44>  Block Length=  68
<May23-2026> <12:11:44>  >>>> PTBAS
<May23-2026> <12:11:44>  >>>> CYCLE
<May23-2026> <12:11:44>              |Error|         MaxErr       Wt(A-DIIS)
<May23-2026> <12:11:44>      1      0.00000000      0.00000000
<May23-2026> <12:11:44>      2      8.77379167      5.52456194    100.0
<May23-2026> <12:11:44>      3      3.58874259      2.50390796    100.0
<May23-2026> <12:11:44>      4      1.14813168      0.58304454    100.0
<May23-2026> <12:11:44>      5      1.52147762      0.84216884    100.0
<May23-2026> <12:11:44>      6      0.17958647      0.10470670    100.0
<May23-2026> <12:11:44>      7      0.20120374      0.11429590    100.0
<May23-2026> <12:11:44>      8      0.01711846      0.01004426      9.1
<May23-2026> <12:11:44>      9      0.00178953      0.00100777      0.0
<May23-2026> <12:11:44>     10      0.00000129      0.00000068      0.0
<May23-2026> <12:11:44>     11      0.00000005      0.00000002      0.0
<May23-2026> <12:11:44>     12      0.00000000      0.00000000      0.0
<May23-2026> <12:11:44>  SCF converged
<May23-2026> <12:11:44>     13      0.00000000      0.00000000      0.0
<May23-2026> <12:11:44>  >>>> POPAN
<May23-2026> <12:11:44>  >>>> DEBYE
<May23-2026> <12:11:44>  DIRAC 2026.103  RunTime: May23-2026 12:11:44  ShM Nodes: 1  Procs: 1
<May23-2026> <12:11:44>  Hydrogen (TZ2P)
<May23-2026> <12:11:44>  Net Charge: 0 (Nuclei minus Electrons)
<May23-2026> <12:11:44>  Symmetry  : ATOM
<May23-2026> <12:11:44>  Coordinates
<May23-2026> <12:11:44>     Atom         X           Y           Z   (Angstrom)
<May23-2026> <12:11:44>     1.H         0.000000    0.000000    0.000000
<May23-2026> <12:11:44>  >>>> CORORT
<May23-2026> <12:11:44>  >>>> CLSMAT
<May23-2026> <12:11:44>  >>>> ORTHON
<May23-2026> <12:11:44>  >>>> GENPT
<May23-2026> <12:11:45>  Block Length=  64
<May23-2026> <12:11:45>  >>>> PTBAS
<May23-2026> <12:11:45>  >>>> CYCLE
<May23-2026> <12:11:45>              |Error|         MaxErr       Wt(A-DIIS)
<May23-2026> <12:11:45>      1      0.00000000      0.00000000
<May23-2026> <12:11:45>      2      0.03100426      0.02644614
<May23-2026> <12:11:45>      3      0.00958086      0.00932931    100.0
<May23-2026> <12:11:45>      4      0.00232128      0.00228673      1.3
<May23-2026> <12:11:45>      5      0.00003156      0.00002984      0.0
<May23-2026> <12:11:45>      6      0.00000096      0.00000091      0.0
<May23-2026> <12:11:45>      7      0.00000000      0.00000000      0.0
<May23-2026> <12:11:45>  SCF converged
<May23-2026> <12:11:45>      8      0.00000000      0.00000000      0.0
<May23-2026> <12:11:45>  >>>> POPAN
<May23-2026> <12:11:45>  >>>> DEBYE
<May23-2026> <12:11:45>  *** GO1_GOStep1 ***
<May23-2026> <12:11:45>  >>>> FRAGM
<May23-2026> <12:11:45>  Coordinates
<May23-2026> <12:11:45>     Atom         X           Y           Z   (Angstrom)
<May23-2026> <12:11:45>     1.C         1.101949    1.166006    0.442387
<May23-2026> <12:11:45>     2.C         1.450451   -0.105800    0.107006
<May23-2026> <12:11:45>     3.F         2.083591   -0.259882   -1.088058
<May23-2026> <12:11:45>     4.O         1.031645   -1.160842    0.631792
<May23-2026> <12:11:45>     5.H         0.710778    1.332492    1.432056
<May23-2026> <12:11:45>     6.H         1.523372    2.000153   -0.098538
<May23-2026> <12:11:45>  >>>> CORORT
<May23-2026> <12:11:45>  >>>> CLSMAT
<May23-2026> <12:11:45>  >>>> ORTHON
<May23-2026> <12:11:45>  >>>> GENPT
<May23-2026> <12:11:45>  Block Length= 128
<May23-2026> <12:11:45>  >>>> PTBAS
<May23-2026> <12:11:46>  >>>> CYCLE
<May23-2026> <12:11:48>              |Error|         MaxErr       Wt(A-DIIS)
<May23-2026> <12:11:48>      1      4.28059268      0.50080553
<May23-2026> <12:11:50>      2      0.81927573      0.10162944    100.0
<May23-2026> <12:11:52>      3      0.69460264      0.08405244    100.0
<May23-2026> <12:11:54>      4      1.63429336      0.22559443    100.0
<May23-2026> <12:11:56>      5      0.42080510      0.03873315     38.1
<May23-2026> <12:11:58>      6      0.20262490      0.01843098     17.6
<May23-2026> <12:12:00>      7      0.09570003      0.01117158     10.3
<May23-2026> <12:12:02>      8      0.02036662      0.00265622      1.7
<May23-2026> <12:12:04>      9      0.00606977      0.00064053      0.0
<May23-2026> <12:12:06>     10      0.00092090      0.00008490      0.0
<May23-2026> <12:12:08>     11      0.00041373      0.00005682      0.0
<May23-2026> <12:12:10>     12      0.00013998      0.00001785      0.0
<May23-2026> <12:12:12>     13      0.00003583      0.00000351      0.0
<May23-2026> <12:12:14>     14      0.00000815      0.00000066      0.0
<May23-2026> <12:12:15>  SCF converged
<May23-2026> <12:12:16>     15      0.00000452      0.00000067      0.0
<May23-2026> <12:12:17>  >>>> TOTEN
<May23-2026> <12:12:20>  >>>> POPAN
<May23-2026> <12:12:20>  >>>> DEBYE
<May23-2026> <12:12:20>  >>>> ENGRAD
<May23-2026> <12:12:22>  current energy                               -1.21675591 Hartree
<May23-2026> <12:12:22>  energy change                      -1.21675591     0.00006000    F
<May23-2026> <12:12:22>  constrained gradient max            0.15418198     0.00100000    F
<May23-2026> <12:12:22>  constrained gradient rms            0.04776359     0.00066667    F
<May23-2026> <12:12:22>  gradient max                        0.15418198
<May23-2026> <12:12:22>  gradient rms                        0.04776359
<May23-2026> <12:12:22>  cart. step max                      0.03212177     0.01000000    F
<May23-2026> <12:12:22>  cart. step rms                      0.01639988     0.00666667    F
<May23-2026> <12:12:22>  Iteration 2
<May23-2026> <12:12:22>  *** GO1_GOStep2 ***
<May23-2026> <12:12:22>  >>>> FRAGM
<May23-2026> <12:12:22>  Coordinates
<May23-2026> <12:12:22>     Atom         X           Y           Z   (Angstrom)
<May23-2026> <12:12:22>     1.C         1.113522    1.178098    0.455948
<May23-2026> <12:12:22>     2.C         1.418329   -0.137852    0.084526
<May23-2026> <12:12:22>     3.F         2.108395   -0.266579   -1.099909
<May23-2026> <12:12:22>     4.O         1.038045   -1.169103    0.640722
<May23-2026> <12:12:22>     5.H         0.707693    1.349456    1.444149
<May23-2026> <12:12:22>     6.H         1.515803    2.018107   -0.098791
<May23-2026> <12:12:22>  >>>> CORORT
<May23-2026> <12:12:22>  >>>> CLSMAT
<May23-2026> <12:12:22>  >>>> ORTHON
<May23-2026> <12:12:22>  >>>> GENPT
<May23-2026> <12:12:22>  Block Length= 128
<May23-2026> <12:12:22>  >>>> PTBAS
<May23-2026> <12:12:23>  >>>> CYCLE
<May23-2026> <12:12:24>  using orbital data from restart file
<May23-2026> <12:12:26>              |Error|         MaxErr       Wt(A-DIIS)
<May23-2026> <12:12:26>      1      0.21117133      0.02984412
<May23-2026> <12:12:27>      2      0.04709205      0.00602836    100.0
<May23-2026> <12:12:29>      3      0.15685771      0.02004462    100.0
<May23-2026> <12:12:31>      4      0.04546523      0.00516251      4.2
<May23-2026> <12:12:33>      5      0.00789835      0.00111665      0.1
<May23-2026> <12:12:35>      6      0.00275448      0.00036263      0.0
<May23-2026> <12:12:37>      7      0.00085675      0.00007867      0.0
<May23-2026> <12:12:39>      8      0.00029800      0.00002461      0.0
<May23-2026> <12:12:42>      9      0.00017186      0.00001802      0.0
<May23-2026> <12:12:44>     10      0.00004234      0.00000448      0.0
<May23-2026> <12:12:45>     11      0.00000925      0.00000090      0.0
<May23-2026> <12:12:46>  SCF converged
<May23-2026> <12:12:47>     12      0.00000254      0.00000021      0.0
<May23-2026> <12:12:48>  >>>> TOTEN
<May23-2026> <12:12:51>  >>>> POPAN
<May23-2026> <12:12:51>  >>>> DEBYE
<May23-2026> <12:12:51>  >>>> ENGRAD
<May23-2026> <12:12:53>  current energy                               -1.22405197 Hartree
<May23-2026> <12:12:53>  energy change                      -0.00729605     0.00006000    F
<May23-2026> <12:12:53>  constrained gradient max            0.07907572     0.00100000    F
<May23-2026> <12:12:53>  constrained gradient rms            0.02526422     0.00066667    F
<May23-2026> <12:12:53>  gradient max                        0.07907572
<May23-2026> <12:12:53>  gradient rms                        0.02526422
<May23-2026> <12:12:53>  cart. step max                      0.07790368     0.01000000    F
<May23-2026> <12:12:53>  cart. step rms                      0.03085950     0.00666667    F
<May23-2026> <12:12:53>  Iteration 3
<May23-2026> <12:12:53>  *** GO1_GOStep3 ***
<May23-2026> <12:12:53>  >>>> FRAGM
<May23-2026> <12:12:53>  Coordinates
<May23-2026> <12:12:53>     Atom         X           Y           Z   (Angstrom)
<May23-2026> <12:12:53>     1.C         1.191426    1.185162    0.500495
<May23-2026> <12:12:53>     2.C         1.425106   -0.176977    0.098747
<May23-2026> <12:12:53>     3.F         2.079715   -0.247751   -1.128952
<May23-2026> <12:12:53>     4.O         1.045933   -1.176277    0.646390
<May23-2026> <12:12:53>     5.H         0.643292    1.364506    1.420808
<May23-2026> <12:12:53>     6.H         1.516314    2.023465   -0.110844
<May23-2026> <12:12:53>  >>>> CORORT
<May23-2026> <12:12:53>  >>>> CLSMAT
<May23-2026> <12:12:53>  >>>> ORTHON
<May23-2026> <12:12:53>  >>>> GENPT
<May23-2026> <12:12:53>  Block Length= 128
<May23-2026> <12:12:53>  >>>> PTBAS
<May23-2026> <12:12:54>  >>>> CYCLE
<May23-2026> <12:12:55>  using orbital data from restart file
<May23-2026> <12:12:57>              |Error|         MaxErr       Wt(A-DIIS)
<May23-2026> <12:12:57>      1      0.24871553      0.03743982
<May23-2026> <12:12:59>      2      0.08921504      0.01018056    100.0
<May23-2026> <12:13:01>      3      0.27454812      0.03447469    100.0
<May23-2026> <12:13:03>      4      0.07139574      0.00804962      7.1
<May23-2026> <12:13:05>      5      0.01034065      0.00133653      0.3
<May23-2026> <12:13:07>      6      0.00407850      0.00047382      0.0
<May23-2026> <12:13:09>      7      0.00201425      0.00020369      0.0
<May23-2026> <12:13:11>      8      0.00069388      0.00004855      0.0
<May23-2026> <12:13:13>      9      0.00016761      0.00001883      0.0
<May23-2026> <12:13:15>     10      0.00008394      0.00000903      0.0
<May23-2026> <12:13:17>     11      0.00001919      0.00000217      0.0
<May23-2026> <12:13:19>     12      0.00000438      0.00000049      0.0
<May23-2026> <12:13:19>  SCF converged
<May23-2026> <12:13:21>     13      0.00000076      0.00000007      0.0
<May23-2026> <12:13:21>  >>>> TOTEN
<May23-2026> <12:13:24>  >>>> POPAN
<May23-2026> <12:13:24>  >>>> DEBYE
<May23-2026> <12:13:24>  >>>> ENGRAD
<May23-2026> <12:13:26>  current energy                               -1.22677987 Hartree
<May23-2026> <12:13:26>  energy change                      -0.00272790     0.00006000    F
<May23-2026> <12:13:26>  constrained gradient max            0.02233166     0.00100000    F
<May23-2026> <12:13:26>  constrained gradient rms            0.00895793     0.00066667    F
<May23-2026> <12:13:26>  gradient max                        0.02233166
<May23-2026> <12:13:26>  gradient rms                        0.00895793
<May23-2026> <12:13:26>  cart. step max                      0.07541001     0.01000000    F
<May23-2026> <12:13:26>  cart. step rms                      0.02412152     0.00666667    F
<May23-2026> <12:13:26>  Iteration 4
<May23-2026> <12:13:26>  *** GO1_GOStep4 ***
<May23-2026> <12:13:26>  >>>> FRAGM
<May23-2026> <12:13:26>  Coordinates
<May23-2026> <12:13:26>     Atom         X           Y           Z   (Angstrom)
<May23-2026> <12:13:26>     1.C         1.183459    1.184528    0.493173
<May23-2026> <12:13:26>     2.C         1.349696   -0.167757    0.064200
<May23-2026> <12:13:26>     3.F         2.108148   -0.235666   -1.101366
<May23-2026> <12:13:26>     4.O         1.070390   -1.183955    0.657560
<May23-2026> <12:13:26>     5.H         0.668485    1.360619    1.430355
<May23-2026> <12:13:26>     6.H         1.521609    2.014359   -0.117277
<May23-2026> <12:13:26>  >>>> CORORT
<May23-2026> <12:13:26>  >>>> CLSMAT
<May23-2026> <12:13:26>  >>>> ORTHON
<May23-2026> <12:13:26>  >>>> GENPT
<May23-2026> <12:13:26>  Block Length= 128
<May23-2026> <12:13:26>  >>>> PTBAS
<May23-2026> <12:13:27>  >>>> CYCLE
<May23-2026> <12:13:28>  using orbital data from restart file
<May23-2026> <12:13:30>              |Error|         MaxErr       Wt(A-DIIS)
<May23-2026> <12:13:30>      1      0.28088688      0.05670589
<May23-2026> <12:13:32>      2      0.05036391      0.00434775    100.0
<May23-2026> <12:13:34>      3      0.08788323      0.01064625    100.0
<May23-2026> <12:13:36>      4      0.02815158      0.00290981      1.9
<May23-2026> <12:13:38>      5      0.00895082      0.00105216      0.1
<May23-2026> <12:13:40>      6      0.00243973      0.00022764      0.0
<May23-2026> <12:13:42>      7      0.00071994      0.00006335      0.0
<May23-2026> <12:13:44>      8      0.00045530      0.00005263      0.0
<May23-2026> <12:13:46>      9      0.00018398      0.00002839      0.0
<May23-2026> <12:13:48>     10      0.00003047      0.00000428      0.0
<May23-2026> <12:13:50>     11      0.00000665      0.00000073      0.0
<May23-2026> <12:13:50>  SCF converged
<May23-2026> <12:13:52>     12      0.00000141      0.00000015      0.0
<May23-2026> <12:13:52>  >>>> TOTEN
<May23-2026> <12:13:55>  >>>> POPAN
<May23-2026> <12:13:55>  >>>> DEBYE
<May23-2026> <12:13:55>  >>>> ENGRAD
<May23-2026> <12:13:57>  current energy                               -1.22605304 Hartree
<May23-2026> <12:13:57>  energy change                       0.00072683     0.00006000    F
<May23-2026> <12:13:57>  constrained gradient max            0.02895664     0.00100000    F
<May23-2026> <12:13:57>  constrained gradient rms            0.01032881     0.00066667    F
<May23-2026> <12:13:57>  gradient max                        0.02895664
<May23-2026> <12:13:57>  gradient rms                        0.01032881
<May23-2026> <12:13:57>  cart. step max                      0.01828975     0.01000000    F
<May23-2026> <12:13:57>  cart. step rms                      0.00661185     0.00666667    T
<May23-2026> <12:13:57>  Iteration 5
<May23-2026> <12:13:57>  *** GO1_GOStep5 ***
<May23-2026> <12:13:57>  >>>> FRAGM
<May23-2026> <12:13:57>  Coordinates
<May23-2026> <12:13:57>     Atom         X           Y           Z   (Angstrom)
<May23-2026> <12:13:57>     1.C         1.183489    1.187984    0.496146
<May23-2026> <12:13:57>     2.C         1.367986   -0.169835    0.073061
<May23-2026> <12:13:57>     3.F         2.102190   -0.242405   -1.112483
<May23-2026> <12:13:57>     4.O         1.066021   -1.186574    0.654750
<May23-2026> <12:13:57>     5.H         0.660213    1.364798    1.429425
<May23-2026> <12:13:57>     6.H         1.521888    2.018159   -0.114254
<May23-2026> <12:13:57>  >>>> CORORT
<May23-2026> <12:13:57>  >>>> CLSMAT
<May23-2026> <12:13:57>  >>>> ORTHON
<May23-2026> <12:13:57>  >>>> GENPT
<May23-2026> <12:13:57>  Block Length= 128
<May23-2026> <12:13:58>  >>>> PTBAS
<May23-2026> <12:13:58>  >>>> CYCLE
<May23-2026> <12:13:59>  using orbital data from restart file
<May23-2026> <12:14:01>              |Error|         MaxErr       Wt(A-DIIS)
<May23-2026> <12:14:01>      1      0.06871047      0.01177910
<May23-2026> <12:14:03>      2      0.00984754      0.00096310    100.0
<May23-2026> <12:14:05>      3      0.01982260      0.00255076    100.0
<May23-2026> <12:14:07>      4      0.00452805      0.00042455      0.0
<May23-2026> <12:14:09>      5      0.00218237      0.00027213      0.0
<May23-2026> <12:14:11>      6      0.00089890      0.00013630      0.0
<May23-2026> <12:14:13>      7      0.00027083      0.00002360      0.0
<May23-2026> <12:14:15>      8      0.00009895      0.00000807      0.0
<May23-2026> <12:14:16>      9      0.00002955      0.00000310      0.0
<May23-2026> <12:14:18>     10      0.00000642      0.00000055      0.0
<May23-2026> <12:14:19>  SCF converged
<May23-2026> <12:14:21>     11      0.00000130      0.00000012      0.0
<May23-2026> <12:14:21>  >>>> TOTEN
<May23-2026> <12:14:24>  >>>> POPAN
<May23-2026> <12:14:24>  >>>> DEBYE
<May23-2026> <12:14:24>  >>>> ENGRAD
<May23-2026> <12:14:26>  current energy                               -1.22684444 Hartree
<May23-2026> <12:14:26>  energy change                      -0.00079140     0.00006000    F
<May23-2026> <12:14:26>  constrained gradient max            0.01750028     0.00100000    F
<May23-2026> <12:14:26>  constrained gradient rms            0.00631785     0.00066667    F
<May23-2026> <12:14:26>  gradient max                        0.01750028
<May23-2026> <12:14:26>  gradient rms                        0.00631785
<May23-2026> <12:14:26>  cart. step max                      0.02566531     0.01000000    F
<May23-2026> <12:14:26>  cart. step rms                      0.00830584     0.00666667    F
<May23-2026> <12:14:26>  Iteration 6
<May23-2026> <12:14:26>  *** GO1_GOStep6 ***
<May23-2026> <12:14:26>  >>>> FRAGM
<May23-2026> <12:14:26>  Coordinates
<May23-2026> <12:14:26>     Atom         X           Y           Z   (Angstrom)
<May23-2026> <12:14:26>     1.C         1.178061    1.188611    0.495055
<May23-2026> <12:14:26>     2.C         1.393651   -0.171878    0.087032
<May23-2026> <12:14:26>     3.F         2.092060   -0.243717   -1.123014
<May23-2026> <12:14:26>     4.O         1.059364   -1.184811    0.651853
<May23-2026> <12:14:26>     5.H         0.652841    1.366118    1.427478
<May23-2026> <12:14:26>     6.H         1.525810    2.017805   -0.111759
<May23-2026> <12:14:26>  >>>> CORORT
<May23-2026> <12:14:26>  >>>> CLSMAT
<May23-2026> <12:14:26>  >>>> ORTHON
<May23-2026> <12:14:26>  >>>> GENPT
<May23-2026> <12:14:26>  Block Length= 128
<May23-2026> <12:14:27>  >>>> PTBAS
<May23-2026> <12:14:27>  >>>> CYCLE
<May23-2026> <12:14:28>  using orbital data from restart file
<May23-2026> <12:14:30>              |Error|         MaxErr       Wt(A-DIIS)
<May23-2026> <12:14:30>      1      0.09657162      0.01750975
<May23-2026> <12:14:32>      2      0.00942232      0.00089455    100.0
<May23-2026> <12:14:34>      3      0.01743414      0.00218531    100.0
<May23-2026> <12:14:36>      4      0.00566131      0.00068604      0.0
<May23-2026> <12:14:38>      5      0.00137460      0.00012853      0.0
<May23-2026> <12:14:40>      6      0.00121529      0.00016512      0.0
<May23-2026> <12:14:42>      7      0.00024298      0.00002854      0.0
<May23-2026> <12:14:44>      8      0.00009542      0.00000973      0.0
<May23-2026> <12:14:46>      9      0.00003023      0.00000273      0.0
<May23-2026> <12:14:48>     10      0.00001050      0.00000102      0.0
<May23-2026> <12:14:50>     11      0.00000239      0.00000023      0.0
<May23-2026> <12:14:51>  SCF converged
<May23-2026> <12:14:52>     12      0.00000051      0.00000004      0.0
<May23-2026> <12:14:53>  >>>> TOTEN
<May23-2026> <12:14:55>  >>>> POPAN
<May23-2026> <12:14:55>  >>>> DEBYE
<May23-2026> <12:14:56>  >>>> ENGRAD
<May23-2026> <12:14:58>  current energy                               -1.22729860 Hartree
<May23-2026> <12:14:58>  energy change                      -0.00045416     0.00006000    F
<May23-2026> <12:14:58>  constrained gradient max            0.00356308     0.00100000    F
<May23-2026> <12:14:58>  constrained gradient rms            0.00117769     0.00066667    F
<May23-2026> <12:14:58>  gradient max                        0.00356308
<May23-2026> <12:14:58>  gradient rms                        0.00117769
<May23-2026> <12:14:58>  cart. step max                      0.00252552     0.01000000    T
<May23-2026> <12:14:58>  cart. step rms                      0.00124615     0.00666667    T
<May23-2026> <12:14:58>  Iteration 7
<May23-2026> <12:14:58>  *** GO1_GOStep7 ***
<May23-2026> <12:14:58>  >>>> FRAGM
<May23-2026> <12:14:58>  Coordinates
<May23-2026> <12:14:58>     Atom         X           Y           Z   (Angstrom)
<May23-2026> <12:14:58>     1.C         1.178429    1.188914    0.495278
<May23-2026> <12:14:58>     2.C         1.395303   -0.170899    0.088856
<May23-2026> <12:14:58>     3.F         2.089535   -0.242797   -1.123696
<May23-2026> <12:14:58>     4.O         1.060053   -1.186406    0.651789
<May23-2026> <12:14:58>     5.H         0.650815    1.366264    1.426115
<May23-2026> <12:14:58>     6.H         1.527652    2.017051   -0.111698
<May23-2026> <12:14:58>  >>>> CORORT
<May23-2026> <12:14:58>  >>>> CLSMAT
<May23-2026> <12:14:58>  >>>> ORTHON
<May23-2026> <12:14:58>  >>>> GENPT
<May23-2026> <12:14:58>  Block Length= 128
<May23-2026> <12:14:58>  >>>> PTBAS
<May23-2026> <12:14:59>  >>>> CYCLE
<May23-2026> <12:15:00>  using orbital data from restart file
<May23-2026> <12:15:01>              |Error|         MaxErr       Wt(A-DIIS)
<May23-2026> <12:15:01>      1      0.01188038      0.00221440
<May23-2026> <12:15:03>      2      0.00226060      0.00017037    100.0
<May23-2026> <12:15:05>      3      0.00533081      0.00063960    100.0
<May23-2026> <12:15:07>      4      0.00125942      0.00010020      0.0
<May23-2026> <12:15:09>      5      0.00042049      0.00004525      0.0
<May23-2026> <12:15:11>      6      0.00007467      0.00000660      0.0
<May23-2026> <12:15:13>      7      0.00005671      0.00000606      0.0
<May23-2026> <12:15:15>      8      0.00002781      0.00000385      0.0
<May23-2026> <12:15:17>      9      0.00000572      0.00000060      0.0
<May23-2026> <12:15:17>  SCF converged
<May23-2026> <12:15:19>     10      0.00000226      0.00000039      0.0
<May23-2026> <12:15:19>  >>>> TOTEN
<May23-2026> <12:15:22>  >>>> POPAN
<May23-2026> <12:15:22>  >>>> DEBYE
<May23-2026> <12:15:22>  >>>> ENGRAD
<May23-2026> <12:15:24>  current energy                               -1.22730374 Hartree
<May23-2026> <12:15:24>  energy change                      -0.00000515     0.00006000    T
<May23-2026> <12:15:24>  constrained gradient max            0.00118726     0.00100000    F
<May23-2026> <12:15:24>  constrained gradient rms            0.00049837     0.00066667    T
<May23-2026> <12:15:24>  gradient max                        0.00118726
<May23-2026> <12:15:24>  gradient rms                        0.00049837
<May23-2026> <12:15:24>  cart. step max                      0.00153883     0.01000000    T
<May23-2026> <12:15:24>  cart. step rms                      0.00060208     0.00666667    T
<May23-2026> <12:15:24>  Iteration 8
<May23-2026> <12:15:24>  *** GO1_GOStep8 ***
<May23-2026> <12:15:24>  >>>> FRAGM
<May23-2026> <12:15:24>  Coordinates
<May23-2026> <12:15:24>     Atom         X           Y           Z   (Angstrom)
<May23-2026> <12:15:24>     1.C         1.177592    1.188992    0.495005
<May23-2026> <12:15:24>     2.C         1.395065   -0.170867    0.089186
<May23-2026> <12:15:24>     3.F         2.088713   -0.242530   -1.124078
<May23-2026> <12:15:24>     4.O         1.061159   -1.186340    0.651965
<May23-2026> <12:15:24>     5.H         0.650066    1.366348    1.425872
<May23-2026> <12:15:24>     6.H         1.529191    2.016525   -0.111304
<May23-2026> <12:15:24>  >>>> CORORT
<May23-2026> <12:15:24>  >>>> CLSMAT
<May23-2026> <12:15:24>  >>>> ORTHON
<May23-2026> <12:15:24>  >>>> GENPT
<May23-2026> <12:15:25>  Block Length= 128
<May23-2026> <12:15:25>  >>>> PTBAS
<May23-2026> <12:15:25>  >>>> CYCLE
<May23-2026> <12:15:26>  using orbital data from restart file
<May23-2026> <12:15:28>              |Error|         MaxErr       Wt(A-DIIS)
<May23-2026> <12:15:28>      1      0.00425296      0.00075023
<May23-2026> <12:15:30>      2      0.00109557      0.00010934    100.0
<May23-2026> <12:15:32>      3      0.00089339      0.00008643    100.0
<May23-2026> <12:15:34>      4      0.00262056      0.00027950      0.0
<May23-2026> <12:15:36>      5      0.00030704      0.00003025      0.0
<May23-2026> <12:15:38>      6      0.00020054      0.00002412      0.0
<May23-2026> <12:15:40>      7      0.00004209      0.00000579      0.0
<May23-2026> <12:15:42>      8      0.00001703      0.00000207      0.0
<May23-2026> <12:15:44>      9      0.00000704      0.00000058      0.0
<May23-2026> <12:15:44>  SCF converged
<May23-2026> <12:15:46>     10      0.00000182      0.00000019      0.0
<May23-2026> <12:15:46>  >>>> TOTEN
<May23-2026> <12:15:49>  >>>> POPAN
<May23-2026> <12:15:49>  >>>> DEBYE
<May23-2026> <12:15:49>  >>>> ENGRAD
<May23-2026> <12:15:51>  current energy                               -1.22730483 Hartree
<May23-2026> <12:15:51>  energy change                      -0.00000109     0.00006000    T
<May23-2026> <12:15:51>  constrained gradient max            0.00041610     0.00100000    T
<May23-2026> <12:15:51>  constrained gradient rms            0.00017060     0.00066667    T
<May23-2026> <12:15:51>  gradient max                        0.00041610
<May23-2026> <12:15:51>  gradient rms                        0.00017060
<May23-2026> <12:15:51>  cart. step max                      0.00155263     0.01000000    T
<May23-2026> <12:15:51>  cart. step rms                      0.00064546     0.00666667    T
<May23-2026> <12:15:51>  Geometry optimization converged
<May23-2026> <12:15:51>  *** adf ***
<May23-2026> <12:15:51>  Net Charge: 0 (Nuclei minus Electrons)
<May23-2026> <12:15:51>  Spin polar: 1 (Spin_A minus Spin_B electrons)
<May23-2026> <12:15:51>  Symmetry  : NOSYM
<May23-2026> <12:15:51>  >>>> FRAGM
<May23-2026> <12:15:51>  Coordinates
<May23-2026> <12:15:51>     Atom         X           Y           Z   (Angstrom)
<May23-2026> <12:15:51>     1.C         1.177592    1.188992    0.495005
<May23-2026> <12:15:51>     2.C         1.395065   -0.170867    0.089186
<May23-2026> <12:15:51>     3.F         2.088713   -0.242530   -1.124078
<May23-2026> <12:15:51>     4.O         1.061159   -1.186340    0.651965
<May23-2026> <12:15:51>     5.H         0.650066    1.366348    1.425872
<May23-2026> <12:15:51>     6.H         1.529191    2.016525   -0.111304
<May23-2026> <12:15:51>  >>>> CORORT
<May23-2026> <12:15:51>  >>>> CLSMAT
<May23-2026> <12:15:51>  >>>> ORTHON
<May23-2026> <12:15:51>  >>>> GENPT
<May23-2026> <12:15:51>  Block Length= 128
<May23-2026> <12:15:52>  >>>> PTBAS
<May23-2026> <12:15:52>  >>>> CYCLE
<May23-2026> <12:15:53>  using orbital data from restart file
<May23-2026> <12:15:55>              |Error|         MaxErr       Wt(A-DIIS)
<May23-2026> <12:15:55>      1      0.00000064      0.00000011
<May23-2026> <12:15:57>      2      0.00000143      0.00000023    100.0
<May23-2026> <12:15:57>  SCF converged
<May23-2026> <12:15:59>      3      0.00000451      0.00000071    100.0
<May23-2026> <12:16:01>  >>>> TOTEN
<May23-2026> <12:16:05>  >>>> POPAN
<May23-2026> <12:16:05>  >>>> DEBYE
<May23-2026> <12:16:05>  >>>> AMETS
<May23-2026> <12:16:05>   Bond Energy          -1.22730483 a.u.
<May23-2026> <12:16:05>   Bond Energy         -33.39666365 eV
<May23-2026> <12:16:05>   Bond Energy        -770.15       kcal/mol
<May23-2026> <12:16:05>  >>>> POPUL
<May23-2026> <12:16:05>  >>>> ENGRAD
<May23-2026> <12:16:08>  NORMAL TERMINATION
