
 *******************************************************************************
 *                                                                             *
 *  --------------------------------                                           *
 *   Amsterdam Modeling Suite (AMS)              2026.103                      *
 *  --------------------------------                                           *
 *                                               r260501 2026-05-01 873454b5   *
 *                                                                             *
 *                                                                             *
 *                              =================                              *
 *                              |               |                              *
 *                              |     A M S     |                              *
 *                              |               |                              *
 *                              =================                              *
 *                                                                             *
 *                                                                             *
 *   Online information and documentation:  https://www.scm.com/support/       *
 *   E-mail:  support@scm.com   info@scm.com                                   *
 *                                                                             *
 *   Scientific publications using AMS results must be properly referenced     *
 *   See the User Manuals (or the web site) for recommended citations          *
 *   The terms and conditions of the End User License Agreement apply to       *
 *   the use of AMS, https://www.scm.com/license-terms/                        *
 *                                                                             *
 **********************  x86_64_linux_intel / intelmpi  ************************
 
 Licensed to: Jong-June Jeon / University of Seoul 2026-06-02 13:44:15
 SCM User ID: u30731
  
 AMS 2026.103  RunTime: Jun04-2026 01:49:55  ShM Nodes: 1  Procs: 1

 AMS jobname: c1_fragA_ts
 AMS jobid  : 1505786858

 Start   directory: /gpfs/home1/yeseo1ee/projects/eda-asm-prediction/ADF_800/adf_outputs/batch_007/qmrxn20_sn2_E_A_C_D_C_A/
 Results directory: /gpfs/home1/yeseo1ee/projects/eda-asm-prediction/ADF_800/adf_outputs/batch_007/qmrxn20_sn2_E_A_C_D_C_A/c1_fragA_ts.results/
 Scratch directory: /tmp/amstmp_c1_fragA_ts_kid0.1505786858/

 RNG seed: -1497665626 1593305858 -1337492480 189990014 2071221925 -1365929808 -680720967 -1735934215



                      ************************************************************************
                      *  ADF 2026.103  RunTime: Jun04-2026 01:49:55  ShM Nodes: 1  Procs: 1  *
                      ************************************************************************
  

       ****************************
       * SINGLE POINT CALCULATION *
       ****************************

--------
Geometry
--------
Formula: Br
Atoms
  Index Symbol   x (angstrom)   y (angstrom)   z (angstrom)
      1     Br    -1.82293462    -0.43394423     0.44771756

Total System Charge             -1.00000


----------------
ADF Engine Input
----------------
 
   Basis
     Type TZ2P
     Core None
   End
   XC
     GGA BLYP
     Dispersion GRIMME3 BJDAMP
   End
   Symmetry NOSYM
   NumericalQuality Normal
   Unrestricted No
   SCF
     Iterations 200
     Converge 1.0e-6
   End
   Save TAPE21
 

 Title: *** (NO TITLE) ***

 *** adf ***



 ===========================
 A T T A C H E D   F I L E S
 ===========================
  



 ===============================
 M O D E L   P A R A M E T E R S
 ===============================
  
 DENSITY FUNCTIONAL POTENTIAL (scf)
    LDA:                               Exchange only                           == Not Default ==
    Gradient Corrections:              Becke88 LYP                             == Not Default ==

 SPIN  (restricted / unrestr.)
    Molecule:                          Restricted                               
    Fragments:                         Restricted                               

 OTHER ASPECTS
    Relativistic Corrections:          scalar (ZORA,MAPA)                       

    Nuclear Charge Density Model:      Point Charge Nuclei                      
    Core Treatment:                    Frozen Orbital(s)                        

    Hyperfine or Zeeman Interaction:   ---                                      

 Settings for Grimme D3 dispersion correction

      damping                        BJ
      s6                          1.000
      s8                          2.700
      a1                          0.430
      a2                          4.236

 Other (technical) parameters

      alpha                      14.000
      version                         4
 


 Fragment File(s)
 ----------------
 Br:
         file : /gpfs/home1/yeseo1ee/projects/eda-asm-prediction/ADF_800/adf_outputs/batch_007/qmrxn20_sn2_E_A_C_D_C_A/c1_fragA_ts.results/t21.42F58B50.Br
         jobid: 0
         title: Bromine (TZ2P)



 ===============
 G E O M E T R Y  ***  Single Atom  ***
 ===============
  

 ATOMS
 =====                            X Y Z                    CHARGE
                                (Angstrom)             Nucl     +Core       At.Mass
                       --------------------------    ----------------       -------
    1  Br             -1.8229   -0.4339    0.4477     35.00     35.00       78.9183


 FRAGMENTS
 =========                                     Atoms in this Fragment     Cart. coord.s (Angstrom)
                                               -------------------------------------------------------
    1  Br                                                1  Br          -1.8229   -0.4339    0.4477



 =====================================
 S Y M M E T R Y ,   E L E C T R O N S
 =====================================
  
 Symmetry: NOSYM

 Irreducible Representations, including subspecies
 -------------------------------------------------
 A


 Configuration of Valence Electrons
 ==================================
 ( determined in the SCF procedure )

 Total:   36

 Net Charge: -1 (Nuclei minus Electrons)

 Aufbau principle for MO occupations will be applied through SCF cycle no.     100
 Thereafter, the program will assign electrons to MOs that are spatially
 similar to the occupied MOs in a "reference" cycle ("KeepOrbitals").
 The reference cycle is always the PREVIOUS cycle: it will evolve with
 the SCF procedure.
 ***************************************************************************************************



                                      ****************************************
                                      *  B U I L D : (Fragments, Functions)  *
                                      ****************************************
  



 =======
 S F O s  ***  (Symmetrized Fragment Orbitals)  ***
 =======
  
 SFOs are linear combinations of (valence) Fragment Orbitals (FOs), such that the SFOs transform as the
 irreducible representations of the (molecular) symmetry group. Each SFO is therefore characterized by
 an irrep of the molecule and by a few (or only one) generating FOs.
 The SFOs constitute a symmetry-adapted basis for the Fock matrix. The MO eigenvector coefficients in
 this basis provide a direct interpretation of the MOs in terms of Frontier Orbital Theory.

 The SFOs are combined with auxiliary Core Functions (CFs) to ensure orthogonalization on the (frozen)
 Core Orbitals (COs). The Core-orthogonalized SFOs (CSFOs) constitute the true Fock basis.

 The FOs, and hence also the (C)SFOs are combinations of the elementary basis functions (BAS). The basis
 functions that participate in the description of the SFOs depend on the irrep. The indices of the
 involved functions are printed below for each irrep.
 (The complete list of primitive basis functions is printed in another section)

 Total nr. of (C)SFOs (summation over all irreps) :    56

 NOTE: a (C)SFO that is defined as a combination of more than one FO is usually NOT normalized.



                                       === A ===
 Nr. of SFOs :   56
 Cartesian basis functions that participate in this irrep (total number =    63) :
      1     2     3    10    11    36    37    38     4     7
     12    15    39    42    45     5     8    13    16    40
     43    46     6     9    14    17    41    44    47    18
     24    30    48    19    25    31    49    20    26    32
     50    21    27    33    51    22    28    34    52    23
     29    35    53    54    55    56    57    58    59    60
     61    62    63

    SFO  (index         Fragment          Generating    Expansion in Fragment Orbitals
  indx  incl.CFs)   Occup   Orb.Energy   FragmentType  Coeff.   Orbital     on Fragment
 --------------------------------------------------------------------------------------
     1       1      2.000    -488.642 au  Br            1.00      1 S               1
                        (  -13296.634 eV)
     2       2      2.000     -63.585 au  Br            1.00      2 S               1
                        (   -1730.246 eV)
     3       3      2.000      -8.709 au  Br            1.00      3 S               1
                        (    -236.987 eV)
     4       4      2.000      -0.733 au  Br            1.00      4 S               1
                        (     -19.946 eV)
     5       5       --         0.224 au  Br            1.00      5 S               1
                        (       6.099 eV)
     6       6       --         2.414 au  Br            1.00      6 S               1
                        (      65.683 eV)
     7       7       --        13.546 au  Br            1.00      7 S               1
                        (     368.609 eV)
     8       8       --       615.209 au  Br            1.00      8 S               1
                        (   16740.684 eV)
     9       9      2.000     -56.116 au  Br            1.00      1 P:x             1
                        (   -1526.987 eV)
    10      10      2.000      -6.365 au  Br            1.00      2 P:x             1
                        (    -173.205 eV)
    11      11      1.667      -0.284 au  Br            1.00      3 P:x             1
                        (      -7.716 eV)
    12      12       --         0.137 au  Br            1.00      4 P:x             1
                        (       3.720 eV)
    13      13       --         1.208 au  Br            1.00      5 P:x             1
                        (      32.874 eV)
    14      14       --         8.734 au  Br            1.00      6 P:x             1
                        (     237.661 eV)
    15      15       --        95.627 au  Br            1.00      7 P:x             1
                        (    2602.141 eV)
    16      16      2.000     -56.116 au  Br            1.00      1 P:y             1
                        (   -1526.987 eV)
    17      17      2.000      -6.365 au  Br            1.00      2 P:y             1
                        (    -173.205 eV)
    18      18      1.667      -0.284 au  Br            1.00      3 P:y             1
                        (      -7.716 eV)
    19      19       --         0.137 au  Br            1.00      4 P:y             1
                        (       3.720 eV)
    20      20       --         1.208 au  Br            1.00      5 P:y             1
                        (      32.874 eV)
    21      21       --         8.734 au  Br            1.00      6 P:y             1
                        (     237.661 eV)
    22      22       --        95.627 au  Br            1.00      7 P:y             1
                        (    2602.141 eV)
    23      23      2.000     -56.116 au  Br            1.00      1 P:z             1
                        (   -1526.987 eV)
    24      24      2.000      -6.365 au  Br            1.00      2 P:z             1
                        (    -173.205 eV)
    25      25      1.667      -0.284 au  Br            1.00      3 P:z             1
                        (      -7.716 eV)
    26      26       --         0.137 au  Br            1.00      4 P:z             1
                        (       3.720 eV)
    27      27       --         1.208 au  Br            1.00      5 P:z             1
                        (      32.874 eV)
    28      28       --         8.734 au  Br            1.00      6 P:z             1
                        (     237.661 eV)
    29      29       --        95.627 au  Br            1.00      7 P:z             1
                        (    2602.141 eV)
    30      30      2.000      -2.452 au  Br            1.00      1 D:z2            1
                        (     -66.719 eV)
    31      31       --         0.270 au  Br            1.00      2 D:z2            1
                        (       7.341 eV)
    32      32       --         2.706 au  Br            1.00      3 D:z2            1
                        (      73.633 eV)
    33      33       --        20.525 au  Br            1.00      4 D:z2            1
                        (     558.519 eV)
    34      34      2.000      -2.452 au  Br            1.00      1 D:x2-y2         1
                        (     -66.719 eV)
    35      35       --         0.270 au  Br            1.00      2 D:x2-y2         1
                        (       7.341 eV)
    36      36       --         2.706 au  Br            1.00      3 D:x2-y2         1
                        (      73.633 eV)
    37      37       --        20.525 au  Br            1.00      4 D:x2-y2         1
                        (     558.519 eV)
    38      38      2.000      -2.452 au  Br            1.00      1 D:xy            1
                        (     -66.719 eV)
    39      39       --         0.270 au  Br            1.00      2 D:xy            1
                        (       7.341 eV)
    40      40       --         2.706 au  Br            1.00      3 D:xy            1
                        (      73.633 eV)
    41      41       --        20.525 au  Br            1.00      4 D:xy            1
                        (     558.519 eV)
    42      42      2.000      -2.452 au  Br            1.00      1 D:xz            1
                        (     -66.719 eV)
    43      43       --         0.270 au  Br            1.00      2 D:xz            1
                        (       7.341 eV)
    44      44       --         2.706 au  Br            1.00      3 D:xz            1
                        (      73.633 eV)
    45      45       --        20.525 au  Br            1.00      4 D:xz            1
                        (     558.519 eV)
    46      46      2.000      -2.452 au  Br            1.00      1 D:yz            1
                        (     -66.719 eV)
    47      47       --         0.270 au  Br            1.00      2 D:yz            1
                        (       7.341 eV)
    48      48       --         2.706 au  Br            1.00      3 D:yz            1
                        (      73.633 eV)
    49      49       --        20.525 au  Br            1.00      4 D:yz            1
                        (     558.519 eV)
    50      50       --         0.857 au  Br            1.00      1 F:z3            1
                        (      23.313 eV)
    51      51       --         0.857 au  Br            1.00      1 F:z             1
                        (      23.313 eV)
    52      52       --         0.857 au  Br            1.00      1 F:xyz           1
                        (      23.313 eV)
    53      53       --         0.857 au  Br            1.00      1 F:z2x           1
                        (      23.313 eV)
    54      54       --         0.857 au  Br            1.00      1 F:z2y           1
                        (      23.313 eV)
    55      55       --         0.857 au  Br            1.00      1 F:x             1
                        (      23.313 eV)
    56      56       --         0.857 au  Br            1.00      1 F:y             1
                        (      23.313 eV)



 ================================
 (Slater-type)  F U N C T I O N S  ***  (Basis and Fit)  ***
 ================================
  

 Atom Type    1  (Br)
 ==============

 Valence Basis Sets:  20
 -----------------------
   1 S   41.300000
   1 S   32.800000
   2 S   13.900000
   2 P   19.450000
   2 P   13.100000
   3 S    7.200000
   3 S    4.950000
   3 P    7.900000
   3 P    5.050000
   3 D   10.900000
   3 D    6.050000
   3 D    3.500000
   4 S    4.500000
   4 S    2.800000
   4 S    1.800000
   4 P    3.250000
   4 P    1.950000
   4 P    1.200000
   4 D    1.800000
   4 F    1.800000


 BAS: List of all Elementary Cartesian Basis Functions
 =====================================================

 The numbering in the list below (to the right of the function characteristics) is referred
 to in print-outs of MO eigenvectors and Mulliken populations in the BAS representation
 (as contrasted to the SFO representation).

 Notes:
 1. The functions are characterized by a polynomial prefactor (powers of x,y,z and r) and
    an exponential decay factor alpha.
 2. Since the basis sets are specific for an atom TYPE, the individual functions occur on
    all atoms of that type.
 3. The word 'Core' in the left margin signals that it is a Core Function (CF) : not a
    degree of freedom in the valence set, but only used to ensure orthogonalization of
    the other valence basis functions on the frozen Core Orbitals.


 (power of) X  Y  Z  R     Alpha  on Atom
            ==========     =====     ==========

 Br                                   1
                                  ---------------------------------------------------------------------------
            0  0  0  0    41.300      1
            0  0  0  0    32.800      2
            0  0  0  1    13.900      3
            1  0  0  0    19.450      4
            0  1  0  0    19.450      5
            0  0  1  0    19.450      6
            1  0  0  0    13.100      7
            0  1  0  0    13.100      8
            0  0  1  0    13.100      9
            0  0  0  2     7.200     10
            0  0  0  2     4.950     11
            1  0  0  1     7.900     12
            0  1  0  1     7.900     13
            0  0  1  1     7.900     14
            1  0  0  1     5.050     15
            0  1  0  1     5.050     16
            0  0  1  1     5.050     17
            2  0  0  0    10.900     18
            1  1  0  0    10.900     19
            1  0  1  0    10.900     20
            0  2  0  0    10.900     21
            0  1  1  0    10.900     22
            0  0  2  0    10.900     23
            2  0  0  0     6.050     24
            1  1  0  0     6.050     25
            1  0  1  0     6.050     26
            0  2  0  0     6.050     27
            0  1  1  0     6.050     28
            0  0  2  0     6.050     29
            2  0  0  0     3.500     30
            1  1  0  0     3.500     31
            1  0  1  0     3.500     32
            0  2  0  0     3.500     33
            0  1  1  0     3.500     34
            0  0  2  0     3.500     35
            0  0  0  3     4.500     36
            0  0  0  3     2.800     37
            0  0  0  3     1.800     38
            1  0  0  2     3.250     39
            0  1  0  2     3.250     40
            0  0  1  2     3.250     41
            1  0  0  2     1.950     42
            0  1  0  2     1.950     43
            0  0  1  2     1.950     44
            1  0  0  2     1.200     45
            0  1  0  2     1.200     46
            0  0  1  2     1.200     47
            2  0  0  1     1.800     48
            1  1  0  1     1.800     49
            1  0  1  1     1.800     50
            0  2  0  1     1.800     51
            0  1  1  1     1.800     52
            0  0  2  1     1.800     53
            3  0  0  0     1.800     54
            2  1  0  0     1.800     55
            2  0  1  0     1.800     56
            1  2  0  0     1.800     57
            1  1  1  0     1.800     58
            1  0  2  0     1.800     59
            0  3  0  0     1.800     60
            0  2  1  0     1.800     61
            0  1  2  0     1.800     62
            0  0  3  0     1.800     63

 Total number of charge fitting functions (nprimf)       170
 Total number of Cartesian basis functions (naos)         63
 Total number of Cartesian core functions  (ncos)          0

 ***************************************************************************************************



                                              ***********************
                                              *  T E C H N I C A L  *
                                              ***********************
  



 =============================================================
 P A R A L L E L I Z A T I O N  and  V E C T O R I Z A T I O N
 =============================================================
  
 Nr of parallel processes:                                1
 Maximum vector length in NumInt loops:                 128



 =====================
 S C F   U P D A T E S
 =====================
  
 Max. nr. of cycles:                               200
 Convergence criterion:                              0.0000010000
   secondary criterion:                              0.0010000000

 Mix parameter (when DIIS does not apply):           0.2000000000
 Mixed ADIIS+SDIIS will be used                  
    Max number of expansion vectors:                10
    Pure ADIIS when Max([F,P]) is above              0.1000000000
    Pure SDIIS when Max([F,P]) is below              0.0010000000
 Automatic ElectronSmearing (in case of problematic SCF convergence) disabled



 =================
 P R E C I S I O N  ***  (General: NumInt, NeglectFunctionTails, ...)  ***
 =================
  

 NumInt:           Target precision:                 4.0000000000
 -------           Initial precision:                4.0000000000
                   Min. precision (optimization):    4.0000000000

 Neglect Functions:          Basis functions:        0.1000000000E-05
 ------------------          Fit functions:          0.1000000000E-05



 ===========================
 L I N E A R   S C A L I N G
 ===========================
  

 Cut-off radii density fit:                        0.1000000000E-07
 Overlap cut-off criterion AO matrix elements:     0.1000000000E-05
 Cut-offs for Coulomb potential and fitted density:0.1000000000E-07
 Cut-off criterion for Coulomb multipole terms:    0.1000000000E-07
 Progressive Convergence parameter:                 0.000000000    
 ***************************************************************************************************



                                            ***************************
                                            *  C O M P U T A T I O N  *
                                            ***************************
  

 Number of elements of the density matrix on this node (used, total):      2016      2016



 ===========================================
 Numerical Integration : Fuzzy Cells (Becke)
 ===========================================
  
 Becke grid quality: NORMAL         
  
 Lebedev angular grid order:             min:  11 max:  23
 Nr. of radial points:                   min:  77 max:  77

 Total nr. of points:       7546
 Nr. of blocks:               77
 Block length:                98
 Nr. of dummy points:          0


 Test of Precision of the Numerical Integration Grid
 ===================================================

 Integral of the Total Core Density:                   0.00000000000000



 ========================
 Density Fitting (zlmFit)
 ========================
  
 ZlmFit Fit Quality: NORMAL         
  
 Max L-expansion:                        min:   7 max:   7
 Nr. of radial interpolation points:     min:  72 max:  72



 =====
 S C F  ***  ScaSCF  ***
 =====
  
 Initial density matrix is calculated as sum of fragments

 CYCLE    1
 SCF Error: norm([F,P])=      0.058777919547, max([F,P])=      0.024728665500
 orbitals (Q,E):
 ---------------
 A :9...28           ( 2.00    -6.3725)  ( 2.00    -2.4575)  ( 2.00    -2.4575)  ( 2.00    -2.4575)
                     ( 2.00    -2.4575)  ( 2.00    -2.4575)  ( 2.00    -0.7359)  ( 2.00    -0.2860)
                     ( 2.00    -0.2860)  ( 2.00    -0.2860)  ( 0.00     0.1354)  ( 0.00     0.1354)
                     ( 0.00     0.1354)  ( 0.00     0.2226)  ( 0.00     0.2680)  ( 0.00     0.2680)
                     ( 0.00     0.2680)  ( 0.00     0.2680)  ( 0.00     0.2680)  ( 0.00     0.8550)

 CYCLE    2
  SDIIS (wt  0.000):  0.9423  0.0577
 A-DIIS (wt  1.000):  0.3173  0.6827
  DIIS coefficients:  0.3173  0.6827
 SCF Error: norm([F,P])=      0.371966378562, max([F,P])=      0.143413253300
 orbitals (Q,E):
 ---------------
 A :9...19           ( 2.00    -5.9772)  ( 2.00    -2.0640)  ( 2.00    -2.0640)  ( 2.00    -2.0640)
                     ( 2.00    -2.0640)  ( 2.00    -2.0640)  ( 2.00    -0.4224)  ( 2.00    -0.0095)
                     ( 2.00    -0.0095)  ( 2.00    -0.0095)  ( 0.00     0.3139)

 CYCLE    3
  SDIIS (wt  0.000):  0.7815  0.1297  0.0888
 A-DIIS (wt  1.000):  0.0371  0.2878  0.6750
  DIIS coefficients:  0.0371  0.2878  0.6750
 SCF Error: norm([F,P])=      0.377456337250, max([F,P])=      0.095994272522
 orbitals (Q,E):
 ---------------
 A :9...19           ( 2.00    -6.0877)  ( 2.00    -2.1726)  ( 2.00    -2.1726)  ( 2.00    -2.1726)
                     ( 2.00    -2.1726)  ( 2.00    -2.1726)  ( 2.00    -0.4379)  ( 2.00    -0.0030)
                     ( 2.00    -0.0030)  ( 2.00    -0.0030)  ( 0.00     0.3409)

 CYCLE    4
  SDIIS (wt  0.395):  0.1727  0.4105  0.4168
 A-DIIS (wt  0.605):  0.0000  0.1964  0.8036
  DIIS coefficients:  0.0682  0.2809  0.6509
 SCF Error: norm([F,P])=      0.245084074192, max([F,P])=      0.060920640286
 orbitals (Q,E):
 ---------------
 A :9...19           ( 2.00    -6.0063)  ( 2.00    -2.0917)  ( 2.00    -2.0917)  ( 2.00    -2.0917)
                     ( 2.00    -2.0917)  ( 2.00    -2.0917)  ( 2.00    -0.4028)  ( 2.00     0.0241)
                     ( 2.00     0.0241)  ( 2.00     0.0241)  ( 0.00     0.3553)

 CYCLE    5
  SDIIS (wt  0.752):  0.0132  0.0441  0.3172  0.6256
 A-DIIS (wt  0.248):  0.0000  0.0000  0.1576  0.8424
  DIIS coefficients:  0.0099  0.0332  0.2776  0.6793
 SCF Error: norm([F,P])=      0.104703591176, max([F,P])=      0.025529401423
 orbitals (Q,E):
 ---------------
 A :9...19           ( 2.00    -6.0314)  ( 2.00    -2.1166)  ( 2.00    -2.1166)  ( 2.00    -2.1166)
                     ( 2.00    -2.1166)  ( 2.00    -2.1166)  ( 2.00    -0.4128)  ( 2.00     0.0168)
                     ( 2.00     0.0168)  ( 2.00     0.0168)  ( 0.00     0.3519)

 CYCLE    6
  SDIIS (wt  0.969):  0.0006  0.0039 -0.0092  0.1081  0.8966
 A-DIIS (wt  0.031):  0.0000  0.0000  0.0000  0.0000  1.0000
  DIIS coefficients:  0.0006  0.0038 -0.0089  0.1048  0.8998
 SCF Error: norm([F,P])=      0.016529818561, max([F,P])=      0.004034696209
 orbitals (Q,E):
 ---------------
 A :9...19           ( 2.00    -6.0277)  ( 2.00    -2.1130)  ( 2.00    -2.1130)  ( 2.00    -2.1130)
                     ( 2.00    -2.1130)  ( 2.00    -2.1130)  ( 2.00    -0.4114)  ( 2.00     0.0178)
                     ( 2.00     0.0178)  ( 2.00     0.0178)  ( 0.00     0.3523)

 CYCLE    7
  SDIIS (wt  1.000):  0.0001 -0.0002 -0.0001  0.0007  0.0441  0.9553
  DIIS coefficients:  0.0001 -0.0002 -0.0001  0.0007  0.0441  0.9553
 SCF Error: norm([F,P])=      0.000751878110, max([F,P])=      0.000180784097
 orbitals (Q,E):
 ---------------
 A :9...19           ( 2.00    -6.0279)  ( 2.00    -2.1131)  ( 2.00    -2.1131)  ( 2.00    -2.1131)
                     ( 2.00    -2.1131)  ( 2.00    -2.1131)  ( 2.00    -0.4115)  ( 2.00     0.0177)
                     ( 2.00     0.0177)  ( 2.00     0.0177)  ( 0.00     0.3523)

 CYCLE    8
  SDIIS (wt  1.000):  0.0000 -0.0000 -0.0000  0.0000  0.0006  0.0108  0.9886
  DIIS coefficients:  0.0000 -0.0000 -0.0000  0.0000  0.0006  0.0108  0.9886
 SCF Error: norm([F,P])=      0.000000916989, max([F,P])=      0.000000312456
 orbitals (Q,E):
 ---------------
 A :9...19           ( 2.00    -6.0279)  ( 2.00    -2.1131)  ( 2.00    -2.1131)  ( 2.00    -2.1131)
                     ( 2.00    -2.1131)  ( 2.00    -2.1131)  ( 2.00    -0.4115)  ( 2.00     0.0177)
                     ( 2.00     0.0177)  ( 2.00     0.0177)  ( 0.00     0.3523)

 SCF CONVERGED

 CYCLE    9
 ***************************************************************************************************



                                                *******************
                                                *  R E S U L T S  *
                                                *******************
  
 *** Using FIT density in Focky
  SDIIS (wt  1.000):  0.0000 -0.0000 -0.0000 -0.0005 -0.0117  1.0122
  DIIS coefficients:  0.0000 -0.0000 -0.0000 -0.0005 -0.0117  1.0122
 SCF Error: norm([F,P])=      0.000000039664, max([F,P])=      0.000000013911

 Scaled ZORA Orbital Energies, per Irrep and Spin:
 =================================================
                        Occup              E (au)              E (eV)       Diff (eV) with prev. cycle
                        -----      --------------------        ------       --------------------------
 A
               9        2.000     -0.60278595316334E+01      -164.026              -3.80E-07
              10        2.000     -0.21131394725206E+01       -57.501              -3.80E-07
              11        2.000     -0.21131394723781E+01       -57.501              -3.80E-07
              12        2.000     -0.21131394722845E+01       -57.501              -3.80E-07
              13        2.000     -0.21131394720491E+01       -57.501              -3.80E-07
              14        2.000     -0.21131394720230E+01       -57.501              -3.80E-07
              15        2.000     -0.41147347159600E+00       -11.197              -2.80E-07
              16        2.000      0.17745562453925E-01         0.483              -2.21E-07
              17        2.000      0.17745562626894E-01         0.483              -2.21E-07
              18        2.000      0.17745562651021E-01         0.483              -2.21E-07
              19        0.000      0.35229111345123E+00         9.586
              20        0.000      0.35229111352111E+00         9.586
              21        0.000      0.35229111353124E+00         9.586
              22        0.000      0.48647487496832E+00        13.238
              23        0.000      0.55812486537622E+00        15.187
              24        0.000      0.55812486547713E+00        15.187
              25        0.000      0.55812486548708E+00        15.187
              26        0.000      0.55812486550193E+00        15.187
              27        0.000      0.55812486550427E+00        15.187
              28        0.000      0.11465531193262E+01        31.199
  
 HOMO :       18 A                 0.17745562651021E-01
 LUMO :       19 A                 0.35229111345123E+00
  


 All Electron Calculation, thus no Orbital Energies of the Core Orbitals are calculated


 Fit test: (difference of exact and fit density, squared integrated, result summed over spins)
         Sum-of-Fragments:                             0.00000000355456
         Orthogonalized Fragments:                     0.00097108890967
         SCF:                                          0.00097097365631



 ==========================
 Electron Density at Nuclei
 ==========================
  
 The electron density is calculated at points on a small sphere around the center of a nucleus.
 The printed electron density is the average electron density on these points.
 The radius of the sphere is the printed approximate finite nuclear radius.
 Note: ZORA-4 density is used, which includes small component density

         Atom        Nuclear Radius (Angstrom)             Electron Density (a.u.)
         ----        -------------------------             -----------------------
     1)   Br                0.0000536685                            33509.41111



 =======================================
 M U L L I K E N   P O P U L A T I O N S
 =======================================
  
 The survey below gives for each atom:
 a) the total charge (Z minus electrons)
 b) the net spin polarization (nr of electrons spin-A minus spin-B)
 c) for each spin the atomic electron valence density (integrated) per L-value.

 Atom              Charge    Spin density          S         P         D         F
 ----              ------    ------------       ------    ------    ------    ------
 1 Br             -1.0000                       8.0000   18.0000   10.0000    0.0000

 Populations of individual BAS functions
 ----------------------------------------
 1 Br           0.7963  1.1342  2.0957  0.8034  0.8034  0.8034  1.1703  1.1703  1.1703  1.6517
                0.2214  1.1682  1.1682  1.1682  0.8639  0.8639  0.8639  0.2682  0.4023  0.4023
                0.2682  0.4023  0.2682  0.7656  1.1484  1.1484  0.7656  1.1484  0.7656  0.2993
                0.4490  0.4490  0.2993  0.4490  0.2993  0.4570  1.1897  0.4541  0.6246  0.6246
                0.6246  0.8488  0.8488  0.8488  0.5208  0.5208  0.5208  0.0002  0.0002  0.0002
                0.0002  0.0002  0.0002 -0.0000 -0.0000 -0.0000 -0.0000  0.0000  0.0000 -0.0000
               -0.0000  0.0000  0.0000

 Gross Charges per Atom (Z minus electrons)
 ==========================================
            -1.0000
 Net Total: -1.00000000


 Atom-Atom Population Matrix (off-diagonal elements not doubled)
 ===============================================================

     1 :    36.0000



 =================================================
 H I R S H F E L D   C H A R G E   A N A L Y S I S
 =================================================
  
 For each fragment: the (numerical) integral of rho(scf) * rho(fragment)/rho(sum-of-fragments)
 (nuclear charges are included, electrons are counted negative)

 The fragments and their ordering are defined in the early G E O M E T R Y output section.
 If you use single-atom fragments, this usually implies that all atoms of the same
 chemical type are grouped together. This may not be the order in which you listed them
 in the input file!

  Fragment                       Charge
 ------------------------------------------
    1  Br                       -1.0000

 Sum of these charges =         -1.00000000
 (accuracy NumInt/Tails)



 =============================
 V O R O N O I   C H A R G E S
 =============================
  
 For each atom: the (numerical) integral of the total electronic charge density in its Voronoi cell,
 i.e. the region of space that is closer to that atom than to any other atom.
 (cf. Wigner-Seitz cells in crystals)

 Within the Voronoi cell the subintegrals over the atomic sphere and the remaining part are evaluated
 separately to give the numbers of electrons (negative charge) in these regions.
 The net total charge in the cell (including the nuclear charge) is also given.

 Values are provided for
    a) the Initial (sum-of-fragments) density
    b) the Orthogonalized-Fragments density
    c) the SCF density
    d) the Voronoi Deformation Density (VDD): the difference SCF-Initial for the complete atomic cell

  Atom                Initial                    OrthFrag                   SCF
             Sphere RestCell NetTotal   Sphere RestCell NetTotal   Sphere RestCell NetTotal      VDD
 -------     ------------------------   ------------------------   ------------------------    -----
    1 Br    -35.000   -0.000    0.000  -35.000   -0.000    0.000  -36.000   -0.000   -1.000   -1.000
 ---------------------------------------------------------------------------------------------------
 Total NetCharge:               0.000                      0.000                     -1.000   -1.000
 (accuracy NumInt/Tails)

 Remark: the 'NetTotal' Voronoi charges often do not match the Mulliken and/or Hirshfeld charges very
 well. This is caused by the fact that chemically different atoms are not treated in accordance with
 their relative sizes. (Voronoi cells are defined by boundary planes halfway between the atoms.)
 However, the CHANGES in charge, comparing 'Initial' to 'SCF' for instance, do give a fair indication
 of the flow of charge caused by the relaxation from sum-of-fragments to self-consistency.

 Warning: the absolute accuracy of the VDD charges obtained using the Fuzzy Cells (Becke) integration
 scheme is much poorer than the one obtained with an 'equivalent' Voronoi integration grid. 



 =================================================================
 M U L T I P O L E   D E R I V E D   C H A R G E   A N A L Y S I S
 =================================================================

 This charge analysis uses the atomic multipoles (obtained from the fitted density) up to some level X,
 and reconstructs these multipoles exactly (up to level X) by distributing charges over all atoms.
 This is achieved by using Lagrange multipliers and a weight function to keep the multipoles local.

 Dummy atoms can be included (by setting INCDUM in MDC-block to 1) to obtain a fractional charge.
 This is generally useful and necessary only for small symmetrical molecules, when there are not
 enough degrees of freedom to reconstruct the multipoles.

 Since the atomic multipoles are reconstructed up to level X,
 the molecular multipoles are represented also up to level X.
 The recommended level is to reconstruct up to quadrupole : -> MDC-q charges.

 See: M. Swart, P.Th. van Duijnen, J.G. Snijders, J.Comput.Chem., (2001), p. 79-88.

 ------------------------------------------------------------- 
 Atomic electronic multipole moments from SCF equations (a.u.)
 ------------------------------------------------------------- 

   atom        charge        dip-x     dip-y     dip-z      quad-xx   quad-xy   quad-xz   quad-yy   quad-yz   quad-zz
 --------------------------------------------------------------------------------------------------------------------
    1 Br    -1.000000     0.000000  0.000000 -0.000000     0.000000  0.000000  0.000000 -0.000000  0.000000  0.000000

 --------------------------------------- 
 Multipole derived atomic charges (a.u.)
 --------------------------------------- 

 The MDC-m charges are just the Monopole terms in the multipole expansion, while for the MDC-d charges
 also the Dipoles are reconstructed. The usually preferred charges are the MDC-q charges.
 These reconstruct the Monopoles, Dipoles and Quadrupoles (both atomic AND molecular).

        Atom    Level:     MDC-m        MDC-d        MDC-q
 ---------------------------------------------------------
     1     Br          -1.000000    -1.000000    -1.000000

 ------------------------------------------------ 
 Average absolute deviations in atomic multipoles
 ------------------------------------------------ 

 Stated here are the average differences between the atomic multipoles
 and the reconstructed atomic multipoles (from the distributed charges).
 If these values are not zero, this means there are not enough degrees of freedom,
 to be able to reconstruct the atomic multipoles. (This usually happens only
 for small and/or highly symmetric molecules). If this is the case, one could add
 dummy atoms as extra point charges (and setting INCDUM in MDC-block to 1).

 Level:                                 MDC-d        MDC-q
 ---------------------------------------------------------
 Charge   (a.u.)                       0.0000       0.0000
 Dipole   (Debye)                      0.0000       0.0000
 Quad.    (a.u.)                       0.0000       0.0000

 --------------------------------------- 
 Represented molecular multipole moments
 --------------------------------------- 

 Given here are the Molecular multipole moments from the atomic charges, and from the Fit Density.
 Note that the atomic charges represent the latter, NOT the ones from the Exact density.

            Q (a.u.)             Dipole moment (Debye)                                          Quadrupole moment (a.u.)
                                 x         y         z              xx        xy        xz        yy        yz        zz
------------------------------------------------------------------------------------------------------------------------
MDC-m        -1.0000        8.7559    2.0843   -2.1505        -11.1728   -4.2373    4.3718    5.6189    1.0407    5.5539
MDC-d        -1.0000        8.7559    2.0843   -2.1505        -11.1728   -4.2373    4.3718    5.6189    1.0407    5.5539
MDC-q        -1.0000        8.7559    2.0843   -2.1505        -11.1728   -4.2373    4.3718    5.6189    1.0407    5.5539
 
Fit.Dens.    -1.0000        8.7559    2.0843   -2.1505        -11.1728   -4.2373    4.3718    5.6189    1.0407    5.5539



 =============
 Dipole Moment  ***  (Debye)  ***
 =============
  
 Vector   :         8.75592756      2.08432283     -2.15047894
 Magnitude:         9.25393045

 This molecular dipole moment is calculated with analytic integration
 ************************************************************************************
 Since the molecule is NOT NEUTRAL, the dipole moment depends on the choice of origin
 ************************************************************************************



 =========================================
 Quadrupole Moment (Buckingham convention)  ***  (a.u.)  ***
 =========================================
  
      quad-xx        quad-xy        quad-xz        quad-yy        quad-yz        quad-zz
    -11.17283096    -4.23734674     4.37183954     5.61893918     1.04070356     5.55389178

 This molecular quadrupole moment is calculated with analytic integration



 ===========================
 B O N D I N G   E N E R G Y  ***  (decomposition)  ***
 ===========================
  
*** IMPORTANT NOTE ***

The bond energy is computed as an energy difference between molecule and
fragments. In particular when the fragments are single atoms, they are usually
computed as SPHERICALLY SYMMETRIC and SPIN-RESTRICTED. Obviously, this usually
does NOT represent the true atomic groundstate.

To obtain the 'real' bond energy, (atomic) correction terms must be applied
for the true (multiplet) fragment ground state. See ref: E.J.Baerends,
V.Branchadell, M.Sodupe, Chem.Phys.Lett.265 (1997) 481

General theoretical background on the bond energy decomposition scheme used
here (Morokuma-Ziegler) can be found in the review paper:
F.M. Bickelhaupt and E.J. Baerends,
"Kohn-Sham Density Functional Theory: Predicting and Understanding Chemistry"
In: Rev. Comput. Chem.; Lipkowitz, K. B. and Boyd, D. B., Eds.;
Wiley-VCH: New York, 2000, Vol. 15, 1-86.

Symbols used in the Bickelhaupt-Baerends (BB) paper are given below to make
the direct connection to that paper, where detailed explanations can be found
on the meaning of the various terms.


                                                   hartree              eV         kcal/mol           kJ/mol
                                      --------------------     -----------       ----------      -----------

Pauli Repulsion
  Kinetic (Delta T^0):                   0.000000000000000          0.0000             0.00             0.00
  Delta V^Pauli Coulomb:                -0.000024060668344         -0.0007            -0.02            -0.06
  Delta V^Pauli LDA-XC:                 -0.000000000000005         -0.0000            -0.00            -0.00
  Delta V^Pauli GGA-Exchange:            0.000000000000001          0.0000             0.00             0.00
  Delta V^Pauli GGA-Correlation:         0.000000000000000          0.0000             0.00             0.00
                                      --------------------     -----------       ----------      -----------
  Total Pauli Repulsion:                -0.000024060668347         -0.0007            -0.02            -0.06
 (Total Pauli Repulsion =
  Delta E^Pauli in BB paper)

Steric Interaction
  Pauli Repulsion (Delta E^Pauli):      -0.000024060668347         -0.0007            -0.02            -0.06
  Electrostatic Interaction:             0.000000000000000          0.0000             0.00             0.00
 (Electrostatic Interaction =
  Delta V_elstat in the BB paper)
                                      --------------------     -----------       ----------      -----------
  Total Steric Interaction:             -0.000024060668347         -0.0007            -0.02            -0.06
 (Total Steric Interaction =
  Delta E^0 in the BB paper)

Orbital Interactions
  A:                                    -0.128054522404990         -3.4845           -80.36          -336.21
                                      --------------------     -----------       ----------      -----------
  Total Orbital Interactions:           -0.128054522404990         -3.4845           -80.36          -336.21

Alternative Decomposition Orb.Int.
  Kinetic:                               0.424519630495913         11.5518           266.39          1114.58
  Coulomb:                              -0.284957783512173         -7.7541          -178.81          -748.16
  XC:                                   -0.267616369388729         -7.2822          -167.93          -702.63
                                      --------------------     -----------       ----------      -----------
  Total Orbital Interactions:           -0.128054522404990         -3.4845           -80.36          -336.21

  Residu (E=Steric+OrbInt+Res):         -0.000033876143514         -0.0009            -0.02            -0.09
  Dispersion Energy:                     0.000000000000000          0.0000             0.00             0.00

Total Bonding Energy:                   -0.128112459216852         -3.4861           -80.39          -336.36


Summary of Bonding Energy (energy terms are taken from the energy decomposition above)
======================================================================================

  Electrostatic Energy:                  0.000000000000000          0.0000             0.00             0.00
  Kinetic Energy:                        0.424519630495913         11.5518           266.39          1114.58
  Coulomb (Steric+OrbInt) Energy:       -0.285015720324031         -7.7557          -178.85          -748.31
  XC Energy:                            -0.267616369388733         -7.2822          -167.93          -702.63
  Dispersion Energy:                     0.000000000000000          0.0000             0.00             0.00
                                      --------------------     -----------       ----------      -----------
  Total Bonding Energy:                 -0.128112459216851         -3.4861           -80.39          -336.36


Correction terms (incorporated in energies above; only for test purposes):

1. Indication of fit-quality: 1st-order fit-correction used in the energy (hartree):   0.0006700012
2. Electrostatic (Fit correction):   0.0000000000

Scaled ZORA energy correction, not included in bonding energy (hartree):           -0.0000972958
 NOTE: This scaled ZORA energy correction should only be used to compare two calculations
 in which the only difference in the calculation is the electron configuration.
 Then the difference in energy of this term should be added to the difference in energy of
 the two electron configurations.
 This term should not be used otherwise.
 In practice it is useful only for core excitation energy calculations.



 =========================================
 F R A G M E N T   E N E R G Y   T E R M S  ***  (summed over all fragments)  ***
 =========================================
  

The energy terms below are (parts of) the Total Energy of the fragments from which the molecule
 is built.

Exchange and Correlation
  Exchange LDA:                        -85.948143586119670      -2338.7680        -53933.28       -225656.82
  Exchange GGA:                         -5.241583789171492       -142.6308         -3289.14        -13761.78
  Correlation LDA:                       0.000000000000000          0.0000             0.00             0.00
  Correlation GGA:                      -1.694541827954455        -46.1108         -1063.34         -4449.02
                                      --------------------     -----------       ----------      -----------
  Total XC:                            -92.884269203245609      -2527.5096        -58285.77       -243867.61



 =======================================================
 S F O   P O P U L A T I O N S ,   M O   A N A L Y S I S
 =======================================================
  
 A Mulliken population analysis is performed on (input-)selected MOs. All populations refer to SFOs.
 BAS populations may have been printed directly after the SCF part.


                                       === A ===


 SFO contributions (%) per orbital
 (multiplication by the orbital occupation yields the SFO Gross Populations)

 Orb.:        9     10     11     12     13     14     15     16     17     18     19     20     21     22
 occup:     2.00   2.00   2.00   2.00   2.00   2.00   2.00   2.00   2.00   2.00   0.00   0.00   0.00   0.00
 CF+SFO     ----   ----   ----   ----   ----   ----   ----   ----   ----   ----   ----   ----   ----   ----
 ------
      4:    0.00   0.00   0.00   0.00   0.00   0.00  99.94   0.00   0.00   0.00   0.00   0.00   0.00   0.06
      5:    0.00   0.00   0.00   0.00   0.00   0.00   0.06   0.00   0.00   0.00   0.00   0.00   0.00  99.92
     11:    0.00   0.00   0.00   0.00   0.00   0.00   0.00   0.00  97.38   1.56   0.00   1.04   0.02   0.00
     12:    0.00   0.00   0.00   0.00   0.00   0.00   0.00   0.00   1.04   0.02   0.00  97.34   1.48   0.00
     18:    0.00   0.00   0.00   0.00   0.00   0.00   0.00   0.00   1.56  97.38   0.00   0.02   1.04   0.00
     19:    0.00   0.00   0.00   0.00   0.00   0.00   0.00   0.00   0.02   1.04   0.00   1.48  97.34   0.00
     24:   99.66   0.00   0.00   0.00   0.00   0.00   0.00   0.00   0.00   0.00   0.00   0.00   0.00   0.00
     25:    0.00   0.00   0.00   0.00   0.00   0.00   0.00  98.94   0.00   0.00   1.06   0.00   0.00   0.00
     26:    0.00   0.00   0.00   0.00   0.00   0.00   0.00   1.06   0.00   0.00  98.83   0.00   0.00   0.00
     30:    0.00  11.36   4.76   0.14  83.71   0.03   0.00   0.00   0.00   0.00   0.00   0.00   0.00   0.00
     34:    0.00  32.77  50.78   1.49  14.92   0.05   0.00   0.00   0.00   0.00   0.00   0.00   0.00   0.00
     38:    0.00  55.26  43.36   0.02   1.36   0.01   0.00   0.00   0.00   0.00   0.00   0.00   0.00   0.00
     42:    0.00   0.50   1.05  97.40   0.01   1.03   0.00   0.00   0.00   0.00   0.00   0.00   0.00   0.00
     46:    0.00   0.11   0.05   0.95   0.00  98.89   0.00   0.00   0.00   0.00   0.00   0.00   0.00   0.00


 Summation over all MOs, multiplied by occupation: Total SFO Gross Populations in this Irrep
 ===========================================================================================

     2.00    2.00    2.00    2.00    0.00    0.00    0.00    0.00    2.00    2.00    1.98    0.02
     0.00    0.00    0.00    2.00    2.00    1.98    0.02    0.00    0.00    0.00    2.00    2.00
     1.98    0.02    0.00    0.00    0.00    2.00    0.00    0.00    0.00    2.00    0.00    0.00
     0.00    2.00    0.00    0.00    0.00    2.00    0.00    0.00    0.00    2.00    0.00    0.00
     0.00    0.00    0.00    0.00    0.00    0.00    0.00    0.00



 List of selected MOs, ordered by energy, with the most significant SFO gross populations
 ========================================================================================

 Each percentage contribution in the table below corres ponds to the indicated SFO.
 In general, a SFO may be a linear combination of several Fragment Orbitals on the same,
 or on symmetry-related Fragments. Only the first 'member' of such a combination is
 specified here. A full definition of all SFOs is given in an earlier part of the output.
 The numbering of the SFOs in this table does NOT include the Core Orbitals, and starts
 from one for each symmetry representation, as in the SFO definition list earlier.

       E(eV)  Occ       MO           %     SFO (first member)   E(eV)  Occ   Fragment
 -------------------------------------------------------------------------------------

     -11.197  2.00    15 A         99.94%     4 S             -19.946  2.00     1 Br
                                    0.06%     5 S               6.099  0.00     1 Br
       0.483  2.00    16 A         98.94%     3 P:z            -7.716  1.67     1 Br
                                    1.06%     4 P:z             3.720  0.00     1 Br
       0.483  2.00    17 A         97.38%     3 P:x            -7.716  1.67     1 Br
                                    1.56%     3 P:y            -7.716  1.67     1 Br
                                    1.04%     4 P:x             3.720  0.00     1 Br
       0.483  2.00    18 A         97.38%     3 P:y            -7.716  1.67     1 Br
                                    1.56%     3 P:x            -7.716  1.67     1 Br
                                    1.04%     4 P:y             3.720  0.00     1 Br
       9.586  0.00    19 A         98.83%     4 P:z             3.720  0.00     1 Br
                                    1.06%     3 P:z            -7.716  1.67     1 Br
       9.586  0.00    20 A         97.34%     4 P:x             3.720  0.00     1 Br
                                    1.48%     4 P:y             3.720  0.00     1 Br
                                    1.04%     3 P:x            -7.716  1.67     1 Br
       9.586  0.00    21 A         97.34%     4 P:y             3.720  0.00     1 Br
                                    1.48%     4 P:x             3.720  0.00     1 Br
                                    1.04%     3 P:y            -7.716  1.67     1 Br
      13.238  0.00    22 A         99.92%     5 S               6.099  0.00     1 Br
                                    0.06%     4 S             -19.946  2.00     1 Br



 =======================================================================
 Electrostatic potential at the Nuclei due to electrons and other nuclei
 =======================================================================
  
         Atom                  Potential
         ----                  ---------
     1)   Br                180.83468492
 Mulliken charges used for AMS results%charges...


    =====================
     CALCULATION RESULTS
    =====================

Energy (hartree)            -0.12811246


--------------
Atomic charges
--------------
  Index   Atom    Charge
      1     Br   -1.0000


Dipole moment vector    (Debye):     8.75592756    2.08432283   -2.15047894
              magnitude (Debye):     9.25393045


-----------------------
Molecular orbitals info
-----------------------
n orbitals:               56
n spin:                    1

Note: only printing virtual orbitals with
      energy smaller than HOMO + 100. eV

HOMO (eV):               0.4829
LUMO (eV):               9.5863
HOMO-LUMO gap (eV):      9.1034

   Index   Energy (eV)    Occupation
      43       82.4796         0.000       
      42       82.4796         0.000       
      41       82.4796         0.000       
      40       82.4796         0.000       
      39       82.4796         0.000       
      38       74.1345         0.000       
      37       40.7496         0.000       
      36       40.7496         0.000       
      35       40.7496         0.000       
      34       31.1993         0.000       
      33       31.1993         0.000       
      32       31.1993         0.000       
      31       31.1993         0.000       
      30       31.1993         0.000       
      29       31.1993         0.000       
      28       31.1993         0.000       
      27       15.1874         0.000       
      26       15.1874         0.000       
      25       15.1874         0.000       
      24       15.1874         0.000       
      23       15.1874         0.000       
      22       13.2377         0.000       
      21        9.5863         0.000       
      20        9.5863         0.000       
      19        9.5863         0.000 < LUMO
      18        0.4829         2.000 < HOMO
      17        0.4829         2.000       
      16        0.4829         2.000       
      15      -11.1968         2.000       
      14      -57.5015         2.000       
      13      -57.5015         2.000       
      12      -57.5015         2.000       
      11      -57.5015         2.000       
      10      -57.5015         2.000       
       9     -164.0264         2.000       
       8     -164.0264         2.000       
       7     -164.0264         2.000       
       6     -227.7980         2.000       
       5    -1518.1099         2.000       
       4    -1518.1099         2.000       
       3    -1518.1099         2.000       
       2    -1721.1908         2.000       
       1   -13287.7982         2.000       

AMS application finished. Exiting.
NORMAL TERMINATION
     Total cpu time:       2.02
  Total system time:       0.10
 Total elapsed time:       2.14
NORMAL TERMINATION
