<May23-2026> <13:26:50>  AMS 2026.103  RunTime: May23-2026 13:26:50  ShM Nodes: 1  Procs: 1
<May23-2026> <13:26:50>  ADF 2026.103  RunTime: May23-2026 13:26:50  ShM Nodes: 1  Procs: 1
<May23-2026> <13:26:50>  *** (NO TITLE) ***
<May23-2026> <13:26:50>  DIRAC 2026.103  RunTime: May23-2026 13:26:50  ShM Nodes: 1  Procs: 1
<May23-2026> <13:26:50>  Carbon (TZ2P)
<May23-2026> <13:26:50>  Net Charge: 0 (Nuclei minus Electrons)
<May23-2026> <13:26:50>  Symmetry  : ATOM
<May23-2026> <13:26:50>  Coordinates
<May23-2026> <13:26:50>     Atom         X           Y           Z   (Angstrom)
<May23-2026> <13:26:50>     1.C         0.000000    0.000000    0.000000
<May23-2026> <13:26:50>  >>>> CORORT
<May23-2026> <13:26:50>  >>>> CLSMAT
<May23-2026> <13:26:50>  >>>> ORTHON
<May23-2026> <13:26:50>  >>>> GENPT
<May23-2026> <13:26:50>  Block Length=  72
<May23-2026> <13:26:50>  >>>> PTBAS
<May23-2026> <13:26:50>  >>>> CYCLE
<May23-2026> <13:26:50>              |Error|         MaxErr       Wt(A-DIIS)
<May23-2026> <13:26:50>      1      0.00000000      0.00000000
<May23-2026> <13:26:50>      2      4.48450606      3.33074448    100.0
<May23-2026> <13:26:50>      3      1.63845963      1.31677840    100.0
<May23-2026> <13:26:50>      4      0.72237885      0.58090812    100.0
<May23-2026> <13:26:50>      5      0.41341516      0.32921223    100.0
<May23-2026> <13:26:50>      6      0.12634980      0.09661242     96.6
<May23-2026> <13:26:50>      7      0.11511849      0.08978748     89.7
<May23-2026> <13:26:50>      8      0.00670007      0.00519977      4.2
<May23-2026> <13:26:50>      9      0.00022181      0.00016825      0.0
<May23-2026> <13:26:50>     10      0.00000199      0.00000135      0.0
<May23-2026> <13:26:50>     11      0.00000002      0.00000001      0.0
<May23-2026> <13:26:51>     12      0.00000000      0.00000000      0.0
<May23-2026> <13:26:51>  SCF converged
<May23-2026> <13:26:51>     13      0.00000000      0.00000000      0.0
<May23-2026> <13:26:51>  >>>> POPAN
<May23-2026> <13:26:51>  >>>> DEBYE
<May23-2026> <13:26:51>  DIRAC 2026.103  RunTime: May23-2026 13:26:51  ShM Nodes: 1  Procs: 1
<May23-2026> <13:26:51>  Nitrogen (TZ2P)
<May23-2026> <13:26:51>  Net Charge: 0 (Nuclei minus Electrons)
<May23-2026> <13:26:51>  Symmetry  : ATOM
<May23-2026> <13:26:51>  Coordinates
<May23-2026> <13:26:51>     Atom         X           Y           Z   (Angstrom)
<May23-2026> <13:26:51>     1.N         0.000000    0.000000    0.000000
<May23-2026> <13:26:51>  >>>> CORORT
<May23-2026> <13:26:51>  >>>> CLSMAT
<May23-2026> <13:26:51>  >>>> ORTHON
<May23-2026> <13:26:51>  >>>> GENPT
<May23-2026> <13:26:51>  Block Length=  72
<May23-2026> <13:26:51>  >>>> PTBAS
<May23-2026> <13:26:51>  >>>> CYCLE
<May23-2026> <13:26:51>              |Error|         MaxErr       Wt(A-DIIS)
<May23-2026> <13:26:51>      1      0.00000000      0.00000000
<May23-2026> <13:26:51>      2      6.45729257      4.23539177    100.0
<May23-2026> <13:26:51>      3      2.50571754      1.95700843    100.0
<May23-2026> <13:26:51>      4      0.96362605      0.63264012    100.0
<May23-2026> <13:26:51>      5      0.84396078      0.57428330    100.0
<May23-2026> <13:26:51>      6      0.04722786      0.02274008     22.0
<May23-2026> <13:26:51>      7      0.01974997      0.01284703     12.0
<May23-2026> <13:26:51>      8      0.00262477      0.00176500      0.8
<May23-2026> <13:26:51>      9      0.00000692      0.00000491      0.0
<May23-2026> <13:26:51>     10      0.00000078      0.00000045      0.0
<May23-2026> <13:26:51>     11      0.00000001      0.00000000      0.0
<May23-2026> <13:26:51>  SCF converged
<May23-2026> <13:26:51>     12      0.00000000      0.00000000      0.0
<May23-2026> <13:26:51>  >>>> POPAN
<May23-2026> <13:26:51>  >>>> DEBYE
<May23-2026> <13:26:51>  DIRAC 2026.103  RunTime: May23-2026 13:26:51  ShM Nodes: 1  Procs: 1
<May23-2026> <13:26:51>  Oxygen (TZ2P)
<May23-2026> <13:26:51>  Net Charge: 0 (Nuclei minus Electrons)
<May23-2026> <13:26:51>  Symmetry  : ATOM
<May23-2026> <13:26:51>  Coordinates
<May23-2026> <13:26:51>     Atom         X           Y           Z   (Angstrom)
<May23-2026> <13:26:51>     1.O         0.000000    0.000000    0.000000
<May23-2026> <13:26:51>  >>>> CORORT
<May23-2026> <13:26:51>  >>>> CLSMAT
<May23-2026> <13:26:51>  >>>> ORTHON
<May23-2026> <13:26:51>  >>>> GENPT
<May23-2026> <13:26:51>  Block Length=  68
<May23-2026> <13:26:51>  >>>> PTBAS
<May23-2026> <13:26:51>  >>>> CYCLE
<May23-2026> <13:26:52>              |Error|         MaxErr       Wt(A-DIIS)
<May23-2026> <13:26:52>      1      0.00000000      0.00000000
<May23-2026> <13:26:52>      2      8.77379167      5.52456194    100.0
<May23-2026> <13:26:52>      3      3.58874259      2.50390796    100.0
<May23-2026> <13:26:52>      4      1.14813168      0.58304454    100.0
<May23-2026> <13:26:52>      5      1.52147762      0.84216884    100.0
<May23-2026> <13:26:52>      6      0.17958647      0.10470670    100.0
<May23-2026> <13:26:52>      7      0.20120374      0.11429590    100.0
<May23-2026> <13:26:52>      8      0.01711846      0.01004426      9.1
<May23-2026> <13:26:52>      9      0.00178953      0.00100777      0.0
<May23-2026> <13:26:52>     10      0.00000129      0.00000068      0.0
<May23-2026> <13:26:52>     11      0.00000005      0.00000002      0.0
<May23-2026> <13:26:52>     12      0.00000000      0.00000000      0.0
<May23-2026> <13:26:52>  SCF converged
<May23-2026> <13:26:52>     13      0.00000000      0.00000000      0.0
<May23-2026> <13:26:52>  >>>> POPAN
<May23-2026> <13:26:52>  >>>> DEBYE
<May23-2026> <13:26:52>  DIRAC 2026.103  RunTime: May23-2026 13:26:52  ShM Nodes: 1  Procs: 1
<May23-2026> <13:26:52>  Hydrogen (TZ2P)
<May23-2026> <13:26:52>  Net Charge: 0 (Nuclei minus Electrons)
<May23-2026> <13:26:52>  Symmetry  : ATOM
<May23-2026> <13:26:52>  Coordinates
<May23-2026> <13:26:52>     Atom         X           Y           Z   (Angstrom)
<May23-2026> <13:26:52>     1.H         0.000000    0.000000    0.000000
<May23-2026> <13:26:52>  >>>> CORORT
<May23-2026> <13:26:52>  >>>> CLSMAT
<May23-2026> <13:26:52>  >>>> ORTHON
<May23-2026> <13:26:52>  >>>> GENPT
<May23-2026> <13:26:52>  Block Length=  64
<May23-2026> <13:26:52>  >>>> PTBAS
<May23-2026> <13:26:52>  >>>> CYCLE
<May23-2026> <13:26:52>              |Error|         MaxErr       Wt(A-DIIS)
<May23-2026> <13:26:52>      1      0.00000000      0.00000000
<May23-2026> <13:26:52>      2      0.03100426      0.02644614
<May23-2026> <13:26:52>      3      0.00958086      0.00932931    100.0
<May23-2026> <13:26:52>      4      0.00232128      0.00228673      1.3
<May23-2026> <13:26:52>      5      0.00003156      0.00002984      0.0
<May23-2026> <13:26:52>      6      0.00000096      0.00000091      0.0
<May23-2026> <13:26:52>      7      0.00000000      0.00000000      0.0
<May23-2026> <13:26:52>  SCF converged
<May23-2026> <13:26:52>      8      0.00000000      0.00000000      0.0
<May23-2026> <13:26:52>  >>>> POPAN
<May23-2026> <13:26:52>  >>>> DEBYE
<May23-2026> <13:26:52>  *** adf ***
<May23-2026> <13:26:52>  Net Charge: 0 (Nuclei minus Electrons)
<May23-2026> <13:26:52>  Spin polar: 1 (Spin_A minus Spin_B electrons)
<May23-2026> <13:26:52>  Symmetry  : NOSYM
<May23-2026> <13:26:52>  >>>> FRAGM
<May23-2026> <13:26:52>  Coordinates
<May23-2026> <13:26:52>     Atom         X           Y           Z   (Angstrom)
<May23-2026> <13:26:52>     1.C        -1.080958   -1.031774   -0.444509
<May23-2026> <13:26:52>     2.C        -1.331550    0.170291    0.166766
<May23-2026> <13:26:52>     3.C        -1.757020    1.279850   -0.686500
<May23-2026> <13:26:52>     4.N        -2.066099    2.159776   -1.357868
<May23-2026> <13:26:52>     5.O        -0.980932    0.455285    1.348791
<May23-2026> <13:26:52>     6.H        -1.398688   -1.195298   -1.464338
<May23-2026> <13:26:52>     7.H        -0.930519   -1.896529    0.181841
<May23-2026> <13:26:52>  >>>> CORORT
<May23-2026> <13:26:52>  >>>> CLSMAT
<May23-2026> <13:26:52>  >>>> ORTHON
<May23-2026> <13:26:52>  >>>> GENPT
<May23-2026> <13:26:53>  Block Length= 128
<May23-2026> <13:26:53>  >>>> PTBAS
<May23-2026> <13:26:54>  >>>> CYCLE
<May23-2026> <13:26:57>              |Error|         MaxErr       Wt(A-DIIS)
<May23-2026> <13:26:57>      1      4.99338998      0.75331788
<May23-2026> <13:27:00>      2      0.89328138      0.09435411    100.0
<May23-2026> <13:27:02>      3      0.75826695      0.07253684    100.0
<May23-2026> <13:27:05>      4      1.84604582      0.23424948    100.0
<May23-2026> <13:27:08>      5      0.54810248      0.06197961     61.6
<May23-2026> <13:27:11>      6      1.10466441      0.14285717    100.0
<May23-2026> <13:27:14>      7      0.18853755      0.03294028     32.3
<May23-2026> <13:27:16>      8      0.14592898      0.03103033     30.3
<May23-2026> <13:27:19>      9      0.04099609      0.00771439      6.8
<May23-2026> <13:27:22>     10      0.00867884      0.00171544      0.7
<May23-2026> <13:27:25>     11      0.00222828      0.00040638      0.0
<May23-2026> <13:27:27>     12      0.00110087      0.00013299      0.0
<May23-2026> <13:27:30>     13      0.00036001      0.00004310      0.0
<May23-2026> <13:27:33>     14      0.00012467      0.00001800      0.0
<May23-2026> <13:27:35>     15      0.00003664      0.00000640      0.0
<May23-2026> <13:27:38>     16      0.00001639      0.00000148      0.0
<May23-2026> <13:27:41>     17      0.00000395      0.00000054      0.0
<May23-2026> <13:27:41>  SCF converged
<May23-2026> <13:27:44>     18      0.00000223      0.00000029      0.0
<May23-2026> <13:27:46>  >>>> TOTEN
<May23-2026> <13:27:52>  >>>> POPAN
<May23-2026> <13:27:52>  >>>> DEBYE
<May23-2026> <13:27:52>  >>>> AMETS
<May23-2026> <13:27:52>   Bond Energy          -1.63049141 a.u.
<May23-2026> <13:27:52>   Bond Energy         -44.36792861 eV
<May23-2026> <13:27:52>   Bond Energy       -1023.15       kcal/mol
<May23-2026> <13:27:52>  >>>> POPUL
<May23-2026> <13:27:52>  NORMAL TERMINATION
