<May23-2026> <12:22:12>  AMS 2026.103  RunTime: May23-2026 12:22:12  ShM Nodes: 1  Procs: 1
<May23-2026> <12:22:12>  ADF 2026.103  RunTime: May23-2026 12:22:12  ShM Nodes: 1  Procs: 1
<May23-2026> <12:22:12>  *** (NO TITLE) ***
<May23-2026> <12:22:12>  Iteration 1
<May23-2026> <12:22:12>  DIRAC 2026.103  RunTime: May23-2026 12:22:12  ShM Nodes: 1  Procs: 1
<May23-2026> <12:22:13>  Carbon (TZ2P)
<May23-2026> <12:22:13>  Net Charge: 0 (Nuclei minus Electrons)
<May23-2026> <12:22:13>  Symmetry  : ATOM
<May23-2026> <12:22:13>  Coordinates
<May23-2026> <12:22:13>     Atom         X           Y           Z   (Angstrom)
<May23-2026> <12:22:13>     1.C         0.000000    0.000000    0.000000
<May23-2026> <12:22:13>  >>>> CORORT
<May23-2026> <12:22:13>  >>>> CLSMAT
<May23-2026> <12:22:13>  >>>> ORTHON
<May23-2026> <12:22:13>  >>>> GENPT
<May23-2026> <12:22:13>  Block Length=  72
<May23-2026> <12:22:13>  >>>> PTBAS
<May23-2026> <12:22:13>  >>>> CYCLE
<May23-2026> <12:22:13>              |Error|         MaxErr       Wt(A-DIIS)
<May23-2026> <12:22:13>      1      0.00000000      0.00000000
<May23-2026> <12:22:13>      2      4.48450606      3.33074448    100.0
<May23-2026> <12:22:13>      3      1.63845963      1.31677840    100.0
<May23-2026> <12:22:13>      4      0.72237885      0.58090812    100.0
<May23-2026> <12:22:13>      5      0.41341516      0.32921223    100.0
<May23-2026> <12:22:13>      6      0.12634980      0.09661242     96.6
<May23-2026> <12:22:13>      7      0.11511849      0.08978748     89.7
<May23-2026> <12:22:13>      8      0.00670007      0.00519977      4.2
<May23-2026> <12:22:13>      9      0.00022181      0.00016825      0.0
<May23-2026> <12:22:13>     10      0.00000199      0.00000135      0.0
<May23-2026> <12:22:13>     11      0.00000002      0.00000001      0.0
<May23-2026> <12:22:13>     12      0.00000000      0.00000000      0.0
<May23-2026> <12:22:13>  SCF converged
<May23-2026> <12:22:13>     13      0.00000000      0.00000000      0.0
<May23-2026> <12:22:13>  >>>> POPAN
<May23-2026> <12:22:13>  >>>> DEBYE
<May23-2026> <12:22:13>  DIRAC 2026.103  RunTime: May23-2026 12:22:13  ShM Nodes: 1  Procs: 1
<May23-2026> <12:22:13>  Iodine (TZ2P, all electron)
<May23-2026> <12:22:13>  Net Charge: 0 (Nuclei minus Electrons)
<May23-2026> <12:22:13>  Symmetry  : ATOM
<May23-2026> <12:22:13>  Coordinates
<May23-2026> <12:22:13>     Atom         X           Y           Z   (Angstrom)
<May23-2026> <12:22:13>     1.I         0.000000    0.000000    0.000000
<May23-2026> <12:22:13>  >>>> CORORT
<May23-2026> <12:22:14>  >>>> CLSMAT
<May23-2026> <12:22:14>  >>>> ORTHON
<May23-2026> <12:22:14>  >>>> GENPT
<May23-2026> <12:22:14>  Block Length=  88
<May23-2026> <12:22:14>  >>>> PTBAS
<May23-2026> <12:22:14>  >>>> CYCLE
<May23-2026> <12:22:14>              |Error|         MaxErr       Wt(A-DIIS)
<May23-2026> <12:22:14>      1      0.00000000      0.00000000
<May23-2026> <12:22:14>      2    302.41115465     41.03984405    100.0
<May23-2026> <12:22:14>      3    115.64616559     32.45585083    100.0
<May23-2026> <12:22:14>      4     16.61167509      2.64139510    100.0
<May23-2026> <12:22:14>      5     19.29516062      6.03041311    100.0
<May23-2026> <12:22:14>      6      2.83159520      0.57584477    100.0
<May23-2026> <12:22:14>      7      3.00309160      0.62358724    100.0
<May23-2026> <12:22:14>      8      0.23372030      0.04208838     41.5
<May23-2026> <12:22:14>      9      0.06454882      0.01223704     11.4
<May23-2026> <12:22:14>     10      0.01026150      0.00204905      1.1
<May23-2026> <12:22:14>     11      0.00024347      0.00004565      0.0
<May23-2026> <12:22:14>     12      0.00000510      0.00000095      0.0
<May23-2026> <12:22:14>     13      0.00000008      0.00000001      0.0
<May23-2026> <12:22:14>     14      0.00000001      0.00000000      0.0
<May23-2026> <12:22:15>  SCF converged
<May23-2026> <12:22:15>     15      0.00000000      0.00000000      0.0
<May23-2026> <12:22:15>  >>>> POPAN
<May23-2026> <12:22:15>  >>>> DEBYE
<May23-2026> <12:22:15>  DIRAC 2026.103  RunTime: May23-2026 12:22:15  ShM Nodes: 1  Procs: 1
<May23-2026> <12:22:15>  Oxygen (TZ2P)
<May23-2026> <12:22:15>  Net Charge: 0 (Nuclei minus Electrons)
<May23-2026> <12:22:15>  Symmetry  : ATOM
<May23-2026> <12:22:15>  Coordinates
<May23-2026> <12:22:15>     Atom         X           Y           Z   (Angstrom)
<May23-2026> <12:22:15>     1.O         0.000000    0.000000    0.000000
<May23-2026> <12:22:15>  >>>> CORORT
<May23-2026> <12:22:15>  >>>> CLSMAT
<May23-2026> <12:22:15>  >>>> ORTHON
<May23-2026> <12:22:15>  >>>> GENPT
<May23-2026> <12:22:15>  Block Length=  68
<May23-2026> <12:22:15>  >>>> PTBAS
<May23-2026> <12:22:15>  >>>> CYCLE
<May23-2026> <12:22:15>              |Error|         MaxErr       Wt(A-DIIS)
<May23-2026> <12:22:15>      1      0.00000000      0.00000000
<May23-2026> <12:22:15>      2      8.77379167      5.52456194    100.0
<May23-2026> <12:22:15>      3      3.58874259      2.50390796    100.0
<May23-2026> <12:22:15>      4      1.14813168      0.58304454    100.0
<May23-2026> <12:22:15>      5      1.52147762      0.84216884    100.0
<May23-2026> <12:22:15>      6      0.17958647      0.10470670    100.0
<May23-2026> <12:22:15>      7      0.20120374      0.11429590    100.0
<May23-2026> <12:22:15>      8      0.01711846      0.01004426      9.1
<May23-2026> <12:22:15>      9      0.00178953      0.00100777      0.0
<May23-2026> <12:22:15>     10      0.00000129      0.00000068      0.0
<May23-2026> <12:22:15>     11      0.00000005      0.00000002      0.0
<May23-2026> <12:22:15>     12      0.00000000      0.00000000      0.0
<May23-2026> <12:22:15>  SCF converged
<May23-2026> <12:22:15>     13      0.00000000      0.00000000      0.0
<May23-2026> <12:22:15>  >>>> POPAN
<May23-2026> <12:22:15>  >>>> DEBYE
<May23-2026> <12:22:15>  DIRAC 2026.103  RunTime: May23-2026 12:22:15  ShM Nodes: 1  Procs: 1
<May23-2026> <12:22:15>  Hydrogen (TZ2P)
<May23-2026> <12:22:15>  Net Charge: 0 (Nuclei minus Electrons)
<May23-2026> <12:22:15>  Symmetry  : ATOM
<May23-2026> <12:22:15>  Coordinates
<May23-2026> <12:22:15>     Atom         X           Y           Z   (Angstrom)
<May23-2026> <12:22:15>     1.H         0.000000    0.000000    0.000000
<May23-2026> <12:22:15>  >>>> CORORT
<May23-2026> <12:22:15>  >>>> CLSMAT
<May23-2026> <12:22:15>  >>>> ORTHON
<May23-2026> <12:22:15>  >>>> GENPT
<May23-2026> <12:22:15>  Block Length=  64
<May23-2026> <12:22:15>  >>>> PTBAS
<May23-2026> <12:22:15>  >>>> CYCLE
<May23-2026> <12:22:16>              |Error|         MaxErr       Wt(A-DIIS)
<May23-2026> <12:22:16>      1      0.00000000      0.00000000
<May23-2026> <12:22:16>      2      0.03100426      0.02644614
<May23-2026> <12:22:16>      3      0.00958086      0.00932931    100.0
<May23-2026> <12:22:16>      4      0.00232128      0.00228673      1.3
<May23-2026> <12:22:16>      5      0.00003156      0.00002984      0.0
<May23-2026> <12:22:16>      6      0.00000096      0.00000091      0.0
<May23-2026> <12:22:16>      7      0.00000000      0.00000000      0.0
<May23-2026> <12:22:16>  SCF converged
<May23-2026> <12:22:16>      8      0.00000000      0.00000000      0.0
<May23-2026> <12:22:16>  >>>> POPAN
<May23-2026> <12:22:16>  >>>> DEBYE
<May23-2026> <12:22:16>  *** GO1_GOStep1 ***
<May23-2026> <12:22:16>  >>>> FRAGM
<May23-2026> <12:22:16>  Coordinates
<May23-2026> <12:22:16>     Atom         X           Y           Z   (Angstrom)
<May23-2026> <12:22:16>     1.C         1.093075    1.223589   -0.090722
<May23-2026> <12:22:16>     2.C         1.446728   -0.073429    0.134835
<May23-2026> <12:22:16>     3.I         2.117623   -0.537108    2.168201
<May23-2026> <12:22:16>     4.O         1.172430   -1.047912   -0.595947
<May23-2026> <12:22:16>     5.H         0.877296    1.507016   -1.110902
<May23-2026> <12:22:16>     6.H         1.359752    1.999044    0.610376
<May23-2026> <12:22:16>  >>>> CORORT
<May23-2026> <12:22:16>  >>>> CLSMAT
<May23-2026> <12:22:16>  >>>> ORTHON
<May23-2026> <12:22:16>  >>>> GENPT
<May23-2026> <12:22:16>  Block Length= 128
<May23-2026> <12:22:16>  >>>> PTBAS
<May23-2026> <12:22:17>  >>>> CYCLE
<May23-2026> <12:22:21>              |Error|         MaxErr       Wt(A-DIIS)
<May23-2026> <12:22:21>      1      4.27105164      0.51999589
<May23-2026> <12:22:23>      2      1.28270985      0.13575541    100.0
<May23-2026> <12:22:26>      3      1.06302395      0.11454909    100.0
<May23-2026> <12:22:29>      4      3.51476608      0.43718454    100.0
<May23-2026> <12:22:32>      5      1.12660671      0.08680215     86.7
<May23-2026> <12:22:35>      6      0.93143654      0.12796775    100.0
<May23-2026> <12:22:38>      7      0.66295683      0.07889647     78.7
<May23-2026> <12:22:40>      8      0.18773950      0.02840871     27.7
<May23-2026> <12:22:43>      9      0.22421293      0.02447406    100.0
<May23-2026> <12:22:46>     10      0.21654147      0.02754673    100.0
<May23-2026> <12:22:49>     11      0.07013006      0.00929531      8.4
<May23-2026> <12:22:51>     12      0.01359535      0.00189327      0.9
<May23-2026> <12:22:54>     13      0.00515134      0.00051755      0.0
<May23-2026> <12:22:57>     14      0.00087966      0.00009832      0.0
<May23-2026> <12:23:00>     15      0.00028977      0.00002308      0.0
<May23-2026> <12:23:02>     16      0.00013416      0.00001736      0.0
<May23-2026> <12:23:05>     17      0.00005212      0.00000547      0.0
<May23-2026> <12:23:08>     18      0.00001117      0.00000121      0.0
<May23-2026> <12:23:11>     19      0.00000234      0.00000022      0.0
<May23-2026> <12:23:11>  SCF converged
<May23-2026> <12:23:13>     20      0.00000116      0.00000011      0.0
<May23-2026> <12:23:14>  >>>> TOTEN
<May23-2026> <12:23:18>  >>>> POPAN
<May23-2026> <12:23:18>  >>>> DEBYE
<May23-2026> <12:23:18>  >>>> ENGRAD
<May23-2026> <12:23:22>  current energy                               -1.10334081 Hartree
<May23-2026> <12:23:22>  energy change                      -1.10334081     0.00006000    F
<May23-2026> <12:23:22>  constrained gradient max            0.13820122     0.00100000    F
<May23-2026> <12:23:22>  constrained gradient rms            0.04298146     0.00066667    F
<May23-2026> <12:23:22>  gradient max                        0.13820122
<May23-2026> <12:23:22>  gradient rms                        0.04298146
<May23-2026> <12:23:22>  cart. step max                      0.03861436     0.01000000    F
<May23-2026> <12:23:22>  cart. step rms                      0.01676842     0.00666667    F
<May23-2026> <12:23:22>  Iteration 2
<May23-2026> <12:23:22>  *** GO1_GOStep2 ***
<May23-2026> <12:23:22>  >>>> FRAGM
<May23-2026> <12:23:22>  Coordinates
<May23-2026> <12:23:22>     Atom         X           Y           Z   (Angstrom)
<May23-2026> <12:23:22>     1.C         1.110619    1.235415   -0.100658
<May23-2026> <12:23:22>     2.C         1.408113   -0.110869    0.142427
<May23-2026> <12:23:22>     3.I         2.135471   -0.532483    2.180971
<May23-2026> <12:23:22>     4.O         1.182950   -1.057706   -0.604894
<May23-2026> <12:23:22>     5.H         0.878421    1.528522   -1.120386
<May23-2026> <12:23:22>     6.H         1.351331    2.008321    0.618383
<May23-2026> <12:23:22>  >>>> CORORT
<May23-2026> <12:23:22>  >>>> CLSMAT
<May23-2026> <12:23:22>  >>>> ORTHON
<May23-2026> <12:23:22>  >>>> GENPT
<May23-2026> <12:23:22>  Block Length= 128
<May23-2026> <12:23:22>  >>>> PTBAS
<May23-2026> <12:23:23>  >>>> CYCLE
<May23-2026> <12:23:25>  using orbital data from restart file
<May23-2026> <12:23:27>              |Error|         MaxErr       Wt(A-DIIS)
<May23-2026> <12:23:27>      1      0.21879280      0.03316745
<May23-2026> <12:23:29>      2      0.06443739      0.00874260    100.0
<May23-2026> <12:23:32>      3      0.25599494      0.03614566    100.0
<May23-2026> <12:23:35>      4      0.08704641      0.01121933    100.0
<May23-2026> <12:23:37>      5      0.01067186      0.00096955      0.0
<May23-2026> <12:23:40>      6      0.00419818      0.00046156      0.0
<May23-2026> <12:23:43>      7      0.00160960      0.00016856      0.0
<May23-2026> <12:23:45>      8      0.00083205      0.00005434      0.0
<May23-2026> <12:23:48>      9      0.00024461      0.00002979      0.0
<May23-2026> <12:23:51>     10      0.00004317      0.00000626      0.0
<May23-2026> <12:23:53>     11      0.00001908      0.00000224      0.0
<May23-2026> <12:23:56>     12      0.00000432      0.00000049      0.0
<May23-2026> <12:23:57>  SCF converged
<May23-2026> <12:23:59>     13      0.00000146      0.00000012      0.0
<May23-2026> <12:24:00>  >>>> TOTEN
<May23-2026> <12:24:03>  >>>> POPAN
<May23-2026> <12:24:03>  >>>> DEBYE
<May23-2026> <12:24:04>  >>>> ENGRAD
<May23-2026> <12:24:07>  current energy                               -1.10984900 Hartree
<May23-2026> <12:24:07>  energy change                      -0.00650819     0.00006000    F
<May23-2026> <12:24:07>  constrained gradient max            0.05986578     0.00100000    F
<May23-2026> <12:24:07>  constrained gradient rms            0.02140318     0.00066667    F
<May23-2026> <12:24:07>  gradient max                        0.05986578
<May23-2026> <12:24:07>  gradient rms                        0.02140318
<May23-2026> <12:24:07>  cart. step max                      0.06408536     0.01000000    F
<May23-2026> <12:24:07>  cart. step rms                      0.02435552     0.00666667    F
<May23-2026> <12:24:07>  Iteration 3
<May23-2026> <12:24:07>  *** GO1_GOStep3 ***
<May23-2026> <12:24:07>  >>>> FRAGM
<May23-2026> <12:24:07>  Coordinates
<May23-2026> <12:24:07>     Atom         X           Y           Z   (Angstrom)
<May23-2026> <12:24:07>     1.C         1.174705    1.243200   -0.119652
<May23-2026> <12:24:07>     2.C         1.380593   -0.143909    0.132090
<May23-2026> <12:24:07>     3.I         2.133219   -0.498763    2.199354
<May23-2026> <12:24:07>     4.O         1.187275   -1.064432   -0.625350
<May23-2026> <12:24:07>     5.H         0.843684    1.541020   -1.113543
<May23-2026> <12:24:07>     6.H         1.347429    1.994083    0.642944
<May23-2026> <12:24:07>  >>>> CORORT
<May23-2026> <12:24:07>  >>>> CLSMAT
<May23-2026> <12:24:07>  >>>> ORTHON
<May23-2026> <12:24:07>  >>>> GENPT
<May23-2026> <12:24:07>  Block Length= 128
<May23-2026> <12:24:08>  >>>> PTBAS
<May23-2026> <12:24:08>  >>>> CYCLE
<May23-2026> <12:24:10>  using orbital data from restart file
<May23-2026> <12:24:12>              |Error|         MaxErr       Wt(A-DIIS)
<May23-2026> <12:24:12>      1      0.21880196      0.02825256
<May23-2026> <12:24:15>      2      0.08345189      0.01104411    100.0
<May23-2026> <12:24:17>      3      0.30936429      0.04300322    100.0
<May23-2026> <12:24:20>      4      0.10127286      0.01301491    100.0
<May23-2026> <12:24:23>      5      0.01567822      0.00148285      0.5
<May23-2026> <12:24:26>      6      0.00432622      0.00045957      0.0
<May23-2026> <12:24:28>      7      0.00173097      0.00016261      0.0
<May23-2026> <12:24:31>      8      0.00090539      0.00006551      0.0
<May23-2026> <12:24:34>      9      0.00016440      0.00001390      0.0
<May23-2026> <12:24:37>     10      0.00004546      0.00000716      0.0
<May23-2026> <12:24:39>     11      0.00002032      0.00000270      0.0
<May23-2026> <12:24:42>     12      0.00000561      0.00000057      0.0
<May23-2026> <12:24:43>  SCF converged
<May23-2026> <12:24:45>     13      0.00000238      0.00000024      0.0
<May23-2026> <12:24:46>  >>>> TOTEN
<May23-2026> <12:24:50>  >>>> POPAN
<May23-2026> <12:24:50>  >>>> DEBYE
<May23-2026> <12:24:50>  >>>> ENGRAD
<May23-2026> <12:24:53>  current energy                               -1.11283584 Hartree
<May23-2026> <12:24:53>  energy change                      -0.00298684     0.00006000    F
<May23-2026> <12:24:53>  constrained gradient max            0.01349989     0.00100000    F
<May23-2026> <12:24:53>  constrained gradient rms            0.00544420     0.00066667    F
<May23-2026> <12:24:53>  gradient max                        0.01349989
<May23-2026> <12:24:53>  gradient rms                        0.00544420
<May23-2026> <12:24:53>  cart. step max                      0.00860392     0.01000000    T
<May23-2026> <12:24:53>  cart. step rms                      0.00490779     0.00666667    T
<May23-2026> <12:24:53>  Iteration 4
<May23-2026> <12:24:53>  *** GO1_GOStep4 ***
<May23-2026> <12:24:53>  >>>> FRAGM
<May23-2026> <12:24:53>  Coordinates
<May23-2026> <12:24:53>     Atom         X           Y           Z   (Angstrom)
<May23-2026> <12:24:53>     1.C         1.178288    1.247654   -0.122513
<May23-2026> <12:24:53>     2.C         1.372220   -0.146903    0.128120
<May23-2026> <12:24:53>     3.I         2.133866   -0.495009    2.207957
<May23-2026> <12:24:53>     4.O         1.192400   -1.071062   -0.630480
<May23-2026> <12:24:53>     5.H         0.837047    1.545413   -1.113082
<May23-2026> <12:24:53>     6.H         1.353084    1.991107    0.645841
<May23-2026> <12:24:53>  >>>> CORORT
<May23-2026> <12:24:53>  >>>> CLSMAT
<May23-2026> <12:24:53>  >>>> ORTHON
<May23-2026> <12:24:53>  >>>> GENPT
<May23-2026> <12:24:53>  Block Length= 128
<May23-2026> <12:24:54>  >>>> PTBAS
<May23-2026> <12:24:55>  >>>> CYCLE
<May23-2026> <12:24:56>  using orbital data from restart file
<May23-2026> <12:24:58>              |Error|         MaxErr       Wt(A-DIIS)
<May23-2026> <12:24:58>      1      0.05143958      0.00734171
<May23-2026> <12:25:01>      2      0.01592677      0.00227356    100.0
<May23-2026> <12:25:04>      3      0.05549311      0.00779645    100.0
<May23-2026> <12:25:06>      4      0.01766367      0.00245016      1.5
<May23-2026> <12:25:09>      5      0.00303295      0.00030664      0.0
<May23-2026> <12:25:12>      6      0.00091814      0.00007112      0.0
<May23-2026> <12:25:14>      7      0.00028722      0.00002525      0.0
<May23-2026> <12:25:17>      8      0.00013445      0.00001118      0.0
<May23-2026> <12:25:20>      9      0.00005378      0.00000548      0.0
<May23-2026> <12:25:23>     10      0.00000431      0.00000063      0.0
<May23-2026> <12:25:23>  SCF converged
<May23-2026> <12:25:25>     11      0.00000211      0.00000028      0.0
<May23-2026> <12:25:26>  >>>> TOTEN
<May23-2026> <12:25:30>  >>>> POPAN
<May23-2026> <12:25:30>  >>>> DEBYE
<May23-2026> <12:25:30>  >>>> ENGRAD
<May23-2026> <12:25:33>  current energy                               -1.11304719 Hartree
<May23-2026> <12:25:33>  energy change                      -0.00021135     0.00006000    F
<May23-2026> <12:25:33>  constrained gradient max            0.01326165     0.00100000    F
<May23-2026> <12:25:33>  constrained gradient rms            0.00425609     0.00066667    F
<May23-2026> <12:25:33>  gradient max                        0.01326165
<May23-2026> <12:25:33>  gradient rms                        0.00425609
<May23-2026> <12:25:33>  cart. step max                      0.02734168     0.01000000    F
<May23-2026> <12:25:33>  cart. step rms                      0.01108038     0.00666667    F
<May23-2026> <12:25:33>  Iteration 5
<May23-2026> <12:25:33>  *** GO1_GOStep5 ***
<May23-2026> <12:25:34>  >>>> FRAGM
<May23-2026> <12:25:34>  Coordinates
<May23-2026> <12:25:34>     Atom         X           Y           Z   (Angstrom)
<May23-2026> <12:25:34>     1.C         1.185024    1.253423   -0.128949
<May23-2026> <12:25:34>     2.C         1.384424   -0.149272    0.112067
<May23-2026> <12:25:34>     3.I         2.122139   -0.492686    2.227198
<May23-2026> <12:25:34>     4.O         1.196120   -1.076973   -0.633543
<May23-2026> <12:25:34>     5.H         0.809705    1.550948   -1.107652
<May23-2026> <12:25:34>     6.H         1.369494    1.985760    0.646722
<May23-2026> <12:25:34>  >>>> CORORT
<May23-2026> <12:25:34>  >>>> CLSMAT
<May23-2026> <12:25:34>  >>>> ORTHON
<May23-2026> <12:25:34>  >>>> GENPT
<May23-2026> <12:25:34>  Block Length= 128
<May23-2026> <12:25:34>  >>>> PTBAS
<May23-2026> <12:25:35>  >>>> CYCLE
<May23-2026> <12:25:36>  using orbital data from restart file
<May23-2026> <12:25:38>              |Error|         MaxErr       Wt(A-DIIS)
<May23-2026> <12:25:38>      1      0.08577518      0.00872474
<May23-2026> <12:25:41>      2      0.03409678      0.00446691    100.0
<May23-2026> <12:25:44>      3      0.15500970      0.02092812    100.0
<May23-2026> <12:25:46>      4      0.05980197      0.00804312    100.0
<May23-2026> <12:25:49>      5      0.00896814      0.00104462      0.0
<May23-2026> <12:25:52>      6      0.00143983      0.00016823      0.0
<May23-2026> <12:25:55>      7      0.00068822      0.00005594      0.0
<May23-2026> <12:25:57>      8      0.00033725      0.00002861      0.0
<May23-2026> <12:26:00>      9      0.00008202      0.00000758      0.0
<May23-2026> <12:26:03>     10      0.00001880      0.00000271      0.0
<May23-2026> <12:26:06>     11      0.00000557      0.00000044      0.0
<May23-2026> <12:26:06>  SCF converged
<May23-2026> <12:26:08>     12      0.00000259      0.00000024      0.0
<May23-2026> <12:26:09>  >>>> TOTEN
<May23-2026> <12:26:13>  >>>> POPAN
<May23-2026> <12:26:13>  >>>> DEBYE
<May23-2026> <12:26:13>  >>>> ENGRAD
<May23-2026> <12:26:16>  current energy                               -1.11317612 Hartree
<May23-2026> <12:26:16>  energy change                      -0.00012893     0.00006000    F
<May23-2026> <12:26:16>  constrained gradient max            0.01372554     0.00100000    F
<May23-2026> <12:26:16>  constrained gradient rms            0.00458845     0.00066667    F
<May23-2026> <12:26:16>  gradient max                        0.01372554
<May23-2026> <12:26:16>  gradient rms                        0.00458845
<May23-2026> <12:26:16>  cart. step max                      0.01898892     0.01000000    F
<May23-2026> <12:26:16>  cart. step rms                      0.00687263     0.00666667    F
<May23-2026> <12:26:16>  Iteration 6
<May23-2026> <12:26:16>  *** GO1_GOStep6 ***
<May23-2026> <12:26:16>  >>>> FRAGM
<May23-2026> <12:26:16>  Coordinates
<May23-2026> <12:26:16>     Atom         X           Y           Z   (Angstrom)
<May23-2026> <12:26:16>     1.C         1.174972    1.253133   -0.128644
<May23-2026> <12:26:16>     2.C         1.365435   -0.144847    0.111562
<May23-2026> <12:26:16>     3.I         2.129477   -0.492964    2.235737
<May23-2026> <12:26:16>     4.O         1.205362   -1.075126   -0.637723
<May23-2026> <12:26:16>     5.H         0.814528    1.551448   -1.111523
<May23-2026> <12:26:16>     6.H         1.377131    1.979556    0.646434
<May23-2026> <12:26:16>  >>>> CORORT
<May23-2026> <12:26:16>  >>>> CLSMAT
<May23-2026> <12:26:16>  >>>> ORTHON
<May23-2026> <12:26:16>  >>>> GENPT
<May23-2026> <12:26:17>  Block Length= 128
<May23-2026> <12:26:17>  >>>> PTBAS
<May23-2026> <12:26:18>  >>>> CYCLE
<May23-2026> <12:26:19>  using orbital data from restart file
<May23-2026> <12:26:21>              |Error|         MaxErr       Wt(A-DIIS)
<May23-2026> <12:26:21>      1      0.08396767      0.01625296
<May23-2026> <12:26:24>      2      0.01809043      0.00149810    100.0
<May23-2026> <12:26:27>      3      0.08092884      0.00897386    100.0
<May23-2026> <12:26:30>      4      0.02748110      0.00262700    100.0
<May23-2026> <12:26:32>      5      0.00314591      0.00020820      0.0
<May23-2026> <12:26:35>      6      0.00046427      0.00003051      0.0
<May23-2026> <12:26:38>      7      0.00024201      0.00002367      0.0
<May23-2026> <12:26:41>      8      0.00018910      0.00001907      0.0
<May23-2026> <12:26:44>      9      0.00009450      0.00000985      0.0
<May23-2026> <12:26:46>     10      0.00001494      0.00000160      0.0
<May23-2026> <12:26:49>     11      0.00000324      0.00000032      0.0
<May23-2026> <12:26:50>  SCF converged
<May23-2026> <12:26:52>     12      0.00000119      0.00000011      0.0
<May23-2026> <12:26:53>  >>>> TOTEN
<May23-2026> <12:26:57>  >>>> POPAN
<May23-2026> <12:26:57>  >>>> DEBYE
<May23-2026> <12:26:57>  >>>> ENGRAD
<May23-2026> <12:27:00>  current energy                               -1.11327455 Hartree
<May23-2026> <12:27:00>  energy change                      -0.00009844     0.00006000    F
<May23-2026> <12:27:00>  constrained gradient max            0.00884367     0.00100000    F
<May23-2026> <12:27:00>  constrained gradient rms            0.00286623     0.00066667    F
<May23-2026> <12:27:00>  gradient max                        0.00884367
<May23-2026> <12:27:00>  gradient rms                        0.00286623
<May23-2026> <12:27:00>  cart. step max                      0.00649703     0.01000000    T
<May23-2026> <12:27:00>  cart. step rms                      0.00239303     0.00666667    T
<May23-2026> <12:27:00>  Iteration 7
<May23-2026> <12:27:00>  *** GO1_GOStep7 ***
<May23-2026> <12:27:00>  >>>> FRAGM
<May23-2026> <12:27:00>  Coordinates
<May23-2026> <12:27:00>     Atom         X           Y           Z   (Angstrom)
<May23-2026> <12:27:00>     1.C         1.175903    1.250754   -0.128024
<May23-2026> <12:27:00>     2.C         1.371932   -0.143017    0.108075
<May23-2026> <12:27:00>     3.I         2.126343   -0.490711    2.236211
<May23-2026> <12:27:00>     4.O         1.202739   -1.075343   -0.637974
<May23-2026> <12:27:00>     5.H         0.811899    1.551061   -1.108849
<May23-2026> <12:27:00>     6.H         1.378089    1.978456    0.646402
<May23-2026> <12:27:00>  >>>> CORORT
<May23-2026> <12:27:00>  >>>> CLSMAT
<May23-2026> <12:27:00>  >>>> ORTHON
<May23-2026> <12:27:00>  >>>> GENPT
<May23-2026> <12:27:01>  Block Length= 128
<May23-2026> <12:27:01>  >>>> PTBAS
<May23-2026> <12:27:02>  >>>> CYCLE
<May23-2026> <12:27:03>  using orbital data from restart file
<May23-2026> <12:27:05>              |Error|         MaxErr       Wt(A-DIIS)
<May23-2026> <12:27:05>      1      0.02803413      0.00496644
<May23-2026> <12:27:08>      2      0.00343578      0.00041191    100.0
<May23-2026> <12:27:11>      3      0.00284654      0.00033493    100.0
<May23-2026> <12:27:14>      4      0.00763806      0.00090187      0.0
<May23-2026> <12:27:16>      5      0.00084852      0.00006479      0.0
<May23-2026> <12:27:19>      6      0.00112328      0.00011860      0.0
<May23-2026> <12:27:22>      7      0.00049640      0.00006795      0.0
<May23-2026> <12:27:25>      8      0.00017938      0.00001903      0.0
<May23-2026> <12:27:27>      9      0.00005455      0.00000452      0.0
<May23-2026> <12:27:30>     10      0.00001401      0.00000142      0.0
<May23-2026> <12:27:33>     11      0.00000340      0.00000043      0.0
<May23-2026> <12:27:33>  SCF converged
<May23-2026> <12:27:35>     12      0.00000116      0.00000013      0.0
<May23-2026> <12:27:36>  >>>> TOTEN
<May23-2026> <12:27:40>  >>>> POPAN
<May23-2026> <12:27:40>  >>>> DEBYE
<May23-2026> <12:27:40>  >>>> ENGRAD
<May23-2026> <12:27:43>  current energy                               -1.11332023 Hartree
<May23-2026> <12:27:43>  energy change                      -0.00004567     0.00006000    T
<May23-2026> <12:27:43>  constrained gradient max            0.00415702     0.00100000    F
<May23-2026> <12:27:43>  constrained gradient rms            0.00148895     0.00066667    F
<May23-2026> <12:27:43>  gradient max                        0.00415702
<May23-2026> <12:27:43>  gradient rms                        0.00148895
<May23-2026> <12:27:43>  cart. step max                      0.00352040     0.01000000    T
<May23-2026> <12:27:43>  cart. step rms                      0.00164178     0.00666667    T
<May23-2026> <12:27:43>  Iteration 8
<May23-2026> <12:27:43>  *** GO1_GOStep8 ***
<May23-2026> <12:27:43>  >>>> FRAGM
<May23-2026> <12:27:43>  Coordinates
<May23-2026> <12:27:43>     Atom         X           Y           Z   (Angstrom)
<May23-2026> <12:27:43>     1.C         1.174231    1.248447   -0.126857
<May23-2026> <12:27:43>     2.C         1.374228   -0.143024    0.104555
<May23-2026> <12:27:43>     3.I         2.125098   -0.488178    2.237750
<May23-2026> <12:27:43>     4.O         1.202094   -1.075531   -0.638540
<May23-2026> <12:27:43>     5.H         0.811214    1.552320   -1.107213
<May23-2026> <12:27:43>     6.H         1.380040    1.977167    0.646147
<May23-2026> <12:27:44>  >>>> CORORT
<May23-2026> <12:27:44>  >>>> CLSMAT
<May23-2026> <12:27:44>  >>>> ORTHON
<May23-2026> <12:27:44>  >>>> GENPT
<May23-2026> <12:27:44>  Block Length= 128
<May23-2026> <12:27:44>  >>>> PTBAS
<May23-2026> <12:27:45>  >>>> CYCLE
<May23-2026> <12:27:46>  using orbital data from restart file
<May23-2026> <12:27:48>              |Error|         MaxErr       Wt(A-DIIS)
<May23-2026> <12:27:48>      1      0.01799995      0.00231696
<May23-2026> <12:27:51>      2      0.00751863      0.00083279    100.0
<May23-2026> <12:27:54>      3      0.00537468      0.00059255    100.0
<May23-2026> <12:27:57>      4      0.02687827      0.00316341    100.0
<May23-2026> <12:27:59>      5      0.00993091      0.00109506    100.0
<May23-2026> <12:28:02>      6      0.00178904      0.00019045      0.0
<May23-2026> <12:28:05>      7      0.00023725      0.00001851      0.0
<May23-2026> <12:28:07>      8      0.00005317      0.00000366      0.0
<May23-2026> <12:28:10>      9      0.00002526      0.00000204      0.0
<May23-2026> <12:28:13>     10      0.00000481      0.00000044      0.0
<May23-2026> <12:28:13>  SCF converged
<May23-2026> <12:28:15>     11      0.00000148      0.00000011      0.0
<May23-2026> <12:28:16>  >>>> TOTEN
<May23-2026> <12:28:20>  >>>> POPAN
<May23-2026> <12:28:20>  >>>> DEBYE
<May23-2026> <12:28:20>  >>>> ENGRAD
<May23-2026> <12:28:23>  current energy                               -1.11333302 Hartree
<May23-2026> <12:28:23>  energy change                      -0.00001279     0.00006000    T
<May23-2026> <12:28:23>  constrained gradient max            0.00060538     0.00100000    T
<May23-2026> <12:28:23>  constrained gradient rms            0.00035886     0.00066667    T
<May23-2026> <12:28:23>  gradient max                        0.00060538
<May23-2026> <12:28:23>  gradient rms                        0.00035886
<May23-2026> <12:28:23>  cart. step max                      0.00077677     0.01000000    T
<May23-2026> <12:28:23>  cart. step rms                      0.00040656     0.00666667    T
<May23-2026> <12:28:23>  Geometry optimization converged
<May23-2026> <12:28:23>  *** adf ***
<May23-2026> <12:28:23>  Net Charge: 0 (Nuclei minus Electrons)
<May23-2026> <12:28:23>  Spin polar: 1 (Spin_A minus Spin_B electrons)
<May23-2026> <12:28:23>  Symmetry  : NOSYM
<May23-2026> <12:28:23>  >>>> FRAGM
<May23-2026> <12:28:24>  Coordinates
<May23-2026> <12:28:24>     Atom         X           Y           Z   (Angstrom)
<May23-2026> <12:28:24>     1.C         1.174231    1.248447   -0.126857
<May23-2026> <12:28:24>     2.C         1.374228   -0.143024    0.104555
<May23-2026> <12:28:24>     3.I         2.125098   -0.488178    2.237750
<May23-2026> <12:28:24>     4.O         1.202094   -1.075531   -0.638540
<May23-2026> <12:28:24>     5.H         0.811214    1.552320   -1.107213
<May23-2026> <12:28:24>     6.H         1.380040    1.977167    0.646147
<May23-2026> <12:28:24>  >>>> CORORT
<May23-2026> <12:28:24>  >>>> CLSMAT
<May23-2026> <12:28:24>  >>>> ORTHON
<May23-2026> <12:28:24>  >>>> GENPT
<May23-2026> <12:28:24>  Block Length= 128
<May23-2026> <12:28:24>  >>>> PTBAS
<May23-2026> <12:28:25>  >>>> CYCLE
<May23-2026> <12:28:26>  using orbital data from restart file
<May23-2026> <12:28:28>              |Error|         MaxErr       Wt(A-DIIS)
<May23-2026> <12:28:28>      1      0.00000067      0.00000005
<May23-2026> <12:28:31>      2      0.00000185      0.00000021    100.0
<May23-2026> <12:28:32>  SCF converged
<May23-2026> <12:28:34>      3      0.00000136      0.00000015    100.0
<May23-2026> <12:28:36>  >>>> TOTEN
<May23-2026> <12:28:43>  >>>> POPAN
<May23-2026> <12:28:43>  >>>> DEBYE
<May23-2026> <12:28:43>  >>>> AMETS
<May23-2026> <12:28:43>   Bond Energy          -1.11333301 a.u.
<May23-2026> <12:28:43>   Bond Energy         -30.29533276 eV
<May23-2026> <12:28:43>   Bond Energy        -698.63       kcal/mol
<May23-2026> <12:28:43>  >>>> POPUL
<May23-2026> <12:28:43>  >>>> ENGRAD
<May23-2026> <12:28:47>  NORMAL TERMINATION
