--------------------------------------------------------------------------
By default, for Open MPI 4.0 and later, infiniband ports on a device
are not used by default.  The intent is to use UCX for these devices.
You can override this policy by setting the btl_openib_allow_ib MCA parameter
to true.

  Local host:              n040
  Local adapter:           mlx5_2
  Local port:              1

--------------------------------------------------------------------------
--------------------------------------------------------------------------
WARNING: There was an error initializing an OpenFabrics device.

  Local host:   n040
  Local device: mlx5_2
--------------------------------------------------------------------------
[n040.hpc:1230363] 7 more processes have sent help message help-mpi-btl-openib.txt / ib port not selected
[n040.hpc:1230363] Set MCA parameter "orte_base_help_aggregate" to 0 to see all help / error messages
[n040.hpc:1230363] 7 more processes have sent help message help-mpi-btl-openib.txt / error in device init
--------------------------------------------------------------------------
By default, for Open MPI 4.0 and later, infiniband ports on a device
are not used by default.  The intent is to use UCX for these devices.
You can override this policy by setting the btl_openib_allow_ib MCA parameter
to true.

  Local host:              n040
  Local adapter:           mlx5_2
  Local port:              1

--------------------------------------------------------------------------
--------------------------------------------------------------------------
WARNING: There was an error initializing an OpenFabrics device.

  Local host:   n040
  Local device: mlx5_2
--------------------------------------------------------------------------
[n040.hpc:1230454] 7 more processes have sent help message help-mpi-btl-openib.txt / ib port not selected
[n040.hpc:1230454] Set MCA parameter "orte_base_help_aggregate" to 0 to see all help / error messages
[n040.hpc:1230454] 7 more processes have sent help message help-mpi-btl-openib.txt / error in device init
--------------------------------------------------------------------------
By default, for Open MPI 4.0 and later, infiniband ports on a device
are not used by default.  The intent is to use UCX for these devices.
You can override this policy by setting the btl_openib_allow_ib MCA parameter
to true.

  Local host:              n040
  Local adapter:           mlx5_2
  Local port:              1

--------------------------------------------------------------------------
--------------------------------------------------------------------------
WARNING: There was an error initializing an OpenFabrics device.

  Local host:   n040
  Local device: mlx5_2
--------------------------------------------------------------------------
[n040.hpc:1230549] 7 more processes have sent help message help-mpi-btl-openib.txt / ib port not selected
[n040.hpc:1230549] Set MCA parameter "orte_base_help_aggregate" to 0 to see all help / error messages
[n040.hpc:1230549] 7 more processes have sent help message help-mpi-btl-openib.txt / error in device init
--------------------------------------------------------------------------
By default, for Open MPI 4.0 and later, infiniband ports on a device
are not used by default.  The intent is to use UCX for these devices.
You can override this policy by setting the btl_openib_allow_ib MCA parameter
to true.

  Local host:              n040
  Local adapter:           mlx5_2
  Local port:              1

--------------------------------------------------------------------------
--------------------------------------------------------------------------
WARNING: There was an error initializing an OpenFabrics device.

  Local host:   n040
  Local device: mlx5_2
--------------------------------------------------------------------------
[n040.hpc:1230831] 7 more processes have sent help message help-mpi-btl-openib.txt / ib port not selected
[n040.hpc:1230831] Set MCA parameter "orte_base_help_aggregate" to 0 to see all help / error messages
[n040.hpc:1230831] 7 more processes have sent help message help-mpi-btl-openib.txt / error in device init
--------------------------------------------------------------------------
By default, for Open MPI 4.0 and later, infiniband ports on a device
are not used by default.  The intent is to use UCX for these devices.
You can override this policy by setting the btl_openib_allow_ib MCA parameter
to true.

  Local host:              n040
  Local adapter:           mlx5_2
  Local port:              1

--------------------------------------------------------------------------
--------------------------------------------------------------------------
WARNING: There was an error initializing an OpenFabrics device.

  Local host:   n040
  Local device: mlx5_2
--------------------------------------------------------------------------
[n040.hpc:1230859] 7 more processes have sent help message help-mpi-btl-openib.txt / ib port not selected
[n040.hpc:1230859] Set MCA parameter "orte_base_help_aggregate" to 0 to see all help / error messages
[n040.hpc:1230859] 7 more processes have sent help message help-mpi-btl-openib.txt / error in device init
--------------------------------------------------------------------------
By default, for Open MPI 4.0 and later, infiniband ports on a device
are not used by default.  The intent is to use UCX for these devices.
You can override this policy by setting the btl_openib_allow_ib MCA parameter
to true.

  Local host:              n040
  Local adapter:           mlx5_2
  Local port:              1

--------------------------------------------------------------------------
--------------------------------------------------------------------------
WARNING: There was an error initializing an OpenFabrics device.

  Local host:   n040
  Local device: mlx5_2
--------------------------------------------------------------------------
[n040.hpc:1231006] 7 more processes have sent help message help-mpi-btl-openib.txt / ib port not selected
[n040.hpc:1231006] Set MCA parameter "orte_base_help_aggregate" to 0 to see all help / error messages
[n040.hpc:1231006] 7 more processes have sent help message help-mpi-btl-openib.txt / error in device init
--------------------------------------------------------------------------
By default, for Open MPI 4.0 and later, infiniband ports on a device
are not used by default.  The intent is to use UCX for these devices.
You can override this policy by setting the btl_openib_allow_ib MCA parameter
to true.

  Local host:              n040
  Local adapter:           mlx5_2
  Local port:              1

--------------------------------------------------------------------------
--------------------------------------------------------------------------
WARNING: There was an error initializing an OpenFabrics device.

  Local host:   n040
  Local device: mlx5_2
--------------------------------------------------------------------------
[n040.hpc:1231062] 7 more processes have sent help message help-mpi-btl-openib.txt / ib port not selected
[n040.hpc:1231062] Set MCA parameter "orte_base_help_aggregate" to 0 to see all help / error messages
[n040.hpc:1231062] 7 more processes have sent help message help-mpi-btl-openib.txt / error in device init
--------------------------------------------------------------------------
By default, for Open MPI 4.0 and later, infiniband ports on a device
are not used by default.  The intent is to use UCX for these devices.
You can override this policy by setting the btl_openib_allow_ib MCA parameter
to true.

  Local host:              n040
  Local adapter:           mlx5_2
  Local port:              1

--------------------------------------------------------------------------
--------------------------------------------------------------------------
WARNING: There was an error initializing an OpenFabrics device.

  Local host:   n040
  Local device: mlx5_2
--------------------------------------------------------------------------
[n040.hpc:1231146] 7 more processes have sent help message help-mpi-btl-openib.txt / ib port not selected
[n040.hpc:1231146] Set MCA parameter "orte_base_help_aggregate" to 0 to see all help / error messages
[n040.hpc:1231146] 7 more processes have sent help message help-mpi-btl-openib.txt / error in device init
--------------------------------------------------------------------------
By default, for Open MPI 4.0 and later, infiniband ports on a device
are not used by default.  The intent is to use UCX for these devices.
You can override this policy by setting the btl_openib_allow_ib MCA parameter
to true.

  Local host:              n040
  Local adapter:           mlx5_2
  Local port:              1

--------------------------------------------------------------------------
--------------------------------------------------------------------------
WARNING: There was an error initializing an OpenFabrics device.

  Local host:   n040
  Local device: mlx5_2
--------------------------------------------------------------------------
[n040.hpc:1231174] 7 more processes have sent help message help-mpi-btl-openib.txt / ib port not selected
[n040.hpc:1231174] Set MCA parameter "orte_base_help_aggregate" to 0 to see all help / error messages
[n040.hpc:1231174] 7 more processes have sent help message help-mpi-btl-openib.txt / error in device init
--------------------------------------------------------------------------
By default, for Open MPI 4.0 and later, infiniband ports on a device
are not used by default.  The intent is to use UCX for these devices.
You can override this policy by setting the btl_openib_allow_ib MCA parameter
to true.

  Local host:              n040
  Local adapter:           mlx5_2
  Local port:              1

--------------------------------------------------------------------------
--------------------------------------------------------------------------
WARNING: There was an error initializing an OpenFabrics device.

  Local host:   n040
  Local device: mlx5_2
--------------------------------------------------------------------------
[n040.hpc:1231408] 7 more processes have sent help message help-mpi-btl-openib.txt / ib port not selected
[n040.hpc:1231408] Set MCA parameter "orte_base_help_aggregate" to 0 to see all help / error messages
[n040.hpc:1231408] 7 more processes have sent help message help-mpi-btl-openib.txt / error in device init
--------------------------------------------------------------------------
By default, for Open MPI 4.0 and later, infiniband ports on a device
are not used by default.  The intent is to use UCX for these devices.
You can override this policy by setting the btl_openib_allow_ib MCA parameter
to true.

  Local host:              n040
  Local adapter:           mlx5_2
  Local port:              1

--------------------------------------------------------------------------
--------------------------------------------------------------------------
WARNING: There was an error initializing an OpenFabrics device.

  Local host:   n040
  Local device: mlx5_2
--------------------------------------------------------------------------
[n040.hpc:1231436] 7 more processes have sent help message help-mpi-btl-openib.txt / ib port not selected
[n040.hpc:1231436] Set MCA parameter "orte_base_help_aggregate" to 0 to see all help / error messages
[n040.hpc:1231436] 7 more processes have sent help message help-mpi-btl-openib.txt / error in device init
--------------------------------------------------------------------------
By default, for Open MPI 4.0 and later, infiniband ports on a device
are not used by default.  The intent is to use UCX for these devices.
You can override this policy by setting the btl_openib_allow_ib MCA parameter
to true.

  Local host:              n040
  Local adapter:           mlx5_2
  Local port:              1

--------------------------------------------------------------------------
--------------------------------------------------------------------------
WARNING: There was an error initializing an OpenFabrics device.

  Local host:   n040
  Local device: mlx5_2
--------------------------------------------------------------------------
[n040.hpc:1231666] 7 more processes have sent help message help-mpi-btl-openib.txt / ib port not selected
[n040.hpc:1231666] Set MCA parameter "orte_base_help_aggregate" to 0 to see all help / error messages
[n040.hpc:1231666] 7 more processes have sent help message help-mpi-btl-openib.txt / error in device init
--------------------------------------------------------------------------
By default, for Open MPI 4.0 and later, infiniband ports on a device
are not used by default.  The intent is to use UCX for these devices.
You can override this policy by setting the btl_openib_allow_ib MCA parameter
to true.

  Local host:              n040
  Local adapter:           mlx5_2
  Local port:              1

--------------------------------------------------------------------------
--------------------------------------------------------------------------
WARNING: There was an error initializing an OpenFabrics device.

  Local host:   n040
  Local device: mlx5_2
--------------------------------------------------------------------------
[n040.hpc:1231694] 7 more processes have sent help message help-mpi-btl-openib.txt / ib port not selected
[n040.hpc:1231694] Set MCA parameter "orte_base_help_aggregate" to 0 to see all help / error messages
[n040.hpc:1231694] 7 more processes have sent help message help-mpi-btl-openib.txt / error in device init
--------------------------------------------------------------------------
By default, for Open MPI 4.0 and later, infiniband ports on a device
are not used by default.  The intent is to use UCX for these devices.
You can override this policy by setting the btl_openib_allow_ib MCA parameter
to true.

  Local host:              n040
  Local adapter:           mlx5_2
  Local port:              1

--------------------------------------------------------------------------
--------------------------------------------------------------------------
WARNING: There was an error initializing an OpenFabrics device.

  Local host:   n040
  Local device: mlx5_2
--------------------------------------------------------------------------
[n040.hpc:1231724] 7 more processes have sent help message help-mpi-btl-openib.txt / ib port not selected
[n040.hpc:1231724] Set MCA parameter "orte_base_help_aggregate" to 0 to see all help / error messages
[n040.hpc:1231724] 7 more processes have sent help message help-mpi-btl-openib.txt / error in device init
--------------------------------------------------------------------------
By default, for Open MPI 4.0 and later, infiniband ports on a device
are not used by default.  The intent is to use UCX for these devices.
You can override this policy by setting the btl_openib_allow_ib MCA parameter
to true.

  Local host:              n040
  Local adapter:           mlx5_2
  Local port:              1

--------------------------------------------------------------------------
--------------------------------------------------------------------------
WARNING: There was an error initializing an OpenFabrics device.

  Local host:   n040
  Local device: mlx5_2
--------------------------------------------------------------------------
[n040.hpc:1231752] 7 more processes have sent help message help-mpi-btl-openib.txt / ib port not selected
[n040.hpc:1231752] Set MCA parameter "orte_base_help_aggregate" to 0 to see all help / error messages
[n040.hpc:1231752] 7 more processes have sent help message help-mpi-btl-openib.txt / error in device init
--------------------------------------------------------------------------
By default, for Open MPI 4.0 and later, infiniband ports on a device
are not used by default.  The intent is to use UCX for these devices.
You can override this policy by setting the btl_openib_allow_ib MCA parameter
to true.

  Local host:              n040
  Local adapter:           mlx5_2
  Local port:              1

--------------------------------------------------------------------------
--------------------------------------------------------------------------
WARNING: There was an error initializing an OpenFabrics device.

  Local host:   n040
  Local device: mlx5_2
--------------------------------------------------------------------------
[n040.hpc:1231977] 7 more processes have sent help message help-mpi-btl-openib.txt / ib port not selected
[n040.hpc:1231977] Set MCA parameter "orte_base_help_aggregate" to 0 to see all help / error messages
[n040.hpc:1231977] 7 more processes have sent help message help-mpi-btl-openib.txt / error in device init
--------------------------------------------------------------------------
By default, for Open MPI 4.0 and later, infiniband ports on a device
are not used by default.  The intent is to use UCX for these devices.
You can override this policy by setting the btl_openib_allow_ib MCA parameter
to true.

  Local host:              n040
  Local adapter:           mlx5_2
  Local port:              1

--------------------------------------------------------------------------
--------------------------------------------------------------------------
WARNING: There was an error initializing an OpenFabrics device.

  Local host:   n040
  Local device: mlx5_2
--------------------------------------------------------------------------
[n040.hpc:1232005] 7 more processes have sent help message help-mpi-btl-openib.txt / ib port not selected
[n040.hpc:1232005] Set MCA parameter "orte_base_help_aggregate" to 0 to see all help / error messages
[n040.hpc:1232005] 7 more processes have sent help message help-mpi-btl-openib.txt / error in device init
--------------------------------------------------------------------------
By default, for Open MPI 4.0 and later, infiniband ports on a device
are not used by default.  The intent is to use UCX for these devices.
You can override this policy by setting the btl_openib_allow_ib MCA parameter
to true.

  Local host:              n040
  Local adapter:           mlx5_2
  Local port:              1

--------------------------------------------------------------------------
--------------------------------------------------------------------------
WARNING: There was an error initializing an OpenFabrics device.

  Local host:   n040
  Local device: mlx5_2
--------------------------------------------------------------------------
[n040.hpc:1232235] 7 more processes have sent help message help-mpi-btl-openib.txt / ib port not selected
[n040.hpc:1232235] Set MCA parameter "orte_base_help_aggregate" to 0 to see all help / error messages
[n040.hpc:1232235] 7 more processes have sent help message help-mpi-btl-openib.txt / error in device init
--------------------------------------------------------------------------
By default, for Open MPI 4.0 and later, infiniband ports on a device
are not used by default.  The intent is to use UCX for these devices.
You can override this policy by setting the btl_openib_allow_ib MCA parameter
to true.

  Local host:              n040
  Local adapter:           mlx5_2
  Local port:              1

--------------------------------------------------------------------------
--------------------------------------------------------------------------
WARNING: There was an error initializing an OpenFabrics device.

  Local host:   n040
  Local device: mlx5_2
--------------------------------------------------------------------------
[n040.hpc:1232263] 7 more processes have sent help message help-mpi-btl-openib.txt / ib port not selected
[n040.hpc:1232263] Set MCA parameter "orte_base_help_aggregate" to 0 to see all help / error messages
[n040.hpc:1232263] 7 more processes have sent help message help-mpi-btl-openib.txt / error in device init
--------------------------------------------------------------------------
By default, for Open MPI 4.0 and later, infiniband ports on a device
are not used by default.  The intent is to use UCX for these devices.
You can override this policy by setting the btl_openib_allow_ib MCA parameter
to true.

  Local host:              n040
  Local adapter:           mlx5_2
  Local port:              1

--------------------------------------------------------------------------
--------------------------------------------------------------------------
WARNING: There was an error initializing an OpenFabrics device.

  Local host:   n040
  Local device: mlx5_2
--------------------------------------------------------------------------
[n040.hpc:1232291] 7 more processes have sent help message help-mpi-btl-openib.txt / ib port not selected
[n040.hpc:1232291] Set MCA parameter "orte_base_help_aggregate" to 0 to see all help / error messages
[n040.hpc:1232291] 7 more processes have sent help message help-mpi-btl-openib.txt / error in device init
--------------------------------------------------------------------------
By default, for Open MPI 4.0 and later, infiniband ports on a device
are not used by default.  The intent is to use UCX for these devices.
You can override this policy by setting the btl_openib_allow_ib MCA parameter
to true.

  Local host:              n040
  Local adapter:           mlx5_2
  Local port:              1

--------------------------------------------------------------------------
--------------------------------------------------------------------------
WARNING: There was an error initializing an OpenFabrics device.

  Local host:   n040
  Local device: mlx5_2
--------------------------------------------------------------------------
[n040.hpc:1232319] 7 more processes have sent help message help-mpi-btl-openib.txt / ib port not selected
[n040.hpc:1232319] Set MCA parameter "orte_base_help_aggregate" to 0 to see all help / error messages
[n040.hpc:1232319] 7 more processes have sent help message help-mpi-btl-openib.txt / error in device init
--------------------------------------------------------------------------
By default, for Open MPI 4.0 and later, infiniband ports on a device
are not used by default.  The intent is to use UCX for these devices.
You can override this policy by setting the btl_openib_allow_ib MCA parameter
to true.

  Local host:              n040
  Local adapter:           mlx5_2
  Local port:              1

--------------------------------------------------------------------------
--------------------------------------------------------------------------
WARNING: There was an error initializing an OpenFabrics device.

  Local host:   n040
  Local device: mlx5_2
--------------------------------------------------------------------------
[n040.hpc:1232588] 7 more processes have sent help message help-mpi-btl-openib.txt / ib port not selected
[n040.hpc:1232588] Set MCA parameter "orte_base_help_aggregate" to 0 to see all help / error messages
[n040.hpc:1232588] 7 more processes have sent help message help-mpi-btl-openib.txt / error in device init
--------------------------------------------------------------------------
By default, for Open MPI 4.0 and later, infiniband ports on a device
are not used by default.  The intent is to use UCX for these devices.
You can override this policy by setting the btl_openib_allow_ib MCA parameter
to true.

  Local host:              n040
  Local adapter:           mlx5_2
  Local port:              1

--------------------------------------------------------------------------
--------------------------------------------------------------------------
WARNING: There was an error initializing an OpenFabrics device.

  Local host:   n040
  Local device: mlx5_2
--------------------------------------------------------------------------
[n040.hpc:1232616] 7 more processes have sent help message help-mpi-btl-openib.txt / ib port not selected
[n040.hpc:1232616] Set MCA parameter "orte_base_help_aggregate" to 0 to see all help / error messages
[n040.hpc:1232616] 7 more processes have sent help message help-mpi-btl-openib.txt / error in device init
--------------------------------------------------------------------------
By default, for Open MPI 4.0 and later, infiniband ports on a device
are not used by default.  The intent is to use UCX for these devices.
You can override this policy by setting the btl_openib_allow_ib MCA parameter
to true.

  Local host:              n040
  Local adapter:           mlx5_2
  Local port:              1

--------------------------------------------------------------------------
--------------------------------------------------------------------------
WARNING: There was an error initializing an OpenFabrics device.

  Local host:   n040
  Local device: mlx5_2
--------------------------------------------------------------------------
[n040.hpc:1232774] 7 more processes have sent help message help-mpi-btl-openib.txt / ib port not selected
[n040.hpc:1232774] Set MCA parameter "orte_base_help_aggregate" to 0 to see all help / error messages
[n040.hpc:1232774] 7 more processes have sent help message help-mpi-btl-openib.txt / error in device init
--------------------------------------------------------------------------
By default, for Open MPI 4.0 and later, infiniband ports on a device
are not used by default.  The intent is to use UCX for these devices.
You can override this policy by setting the btl_openib_allow_ib MCA parameter
to true.

  Local host:              n040
  Local adapter:           mlx5_2
  Local port:              1

--------------------------------------------------------------------------
--------------------------------------------------------------------------
WARNING: There was an error initializing an OpenFabrics device.

  Local host:   n040
  Local device: mlx5_2
--------------------------------------------------------------------------
[n040.hpc:1232802] 7 more processes have sent help message help-mpi-btl-openib.txt / ib port not selected
[n040.hpc:1232802] Set MCA parameter "orte_base_help_aggregate" to 0 to see all help / error messages
[n040.hpc:1232802] 7 more processes have sent help message help-mpi-btl-openib.txt / error in device init
--------------------------------------------------------------------------
By default, for Open MPI 4.0 and later, infiniband ports on a device
are not used by default.  The intent is to use UCX for these devices.
You can override this policy by setting the btl_openib_allow_ib MCA parameter
to true.

  Local host:              n040
  Local adapter:           mlx5_2
  Local port:              1

--------------------------------------------------------------------------
--------------------------------------------------------------------------
WARNING: There was an error initializing an OpenFabrics device.

  Local host:   n040
  Local device: mlx5_2
--------------------------------------------------------------------------
[n040.hpc:1232862] 7 more processes have sent help message help-mpi-btl-openib.txt / ib port not selected
[n040.hpc:1232862] Set MCA parameter "orte_base_help_aggregate" to 0 to see all help / error messages
[n040.hpc:1232862] 7 more processes have sent help message help-mpi-btl-openib.txt / error in device init
--------------------------------------------------------------------------
By default, for Open MPI 4.0 and later, infiniband ports on a device
are not used by default.  The intent is to use UCX for these devices.
You can override this policy by setting the btl_openib_allow_ib MCA parameter
to true.

  Local host:              n040
  Local adapter:           mlx5_2
  Local port:              1

--------------------------------------------------------------------------
--------------------------------------------------------------------------
WARNING: There was an error initializing an OpenFabrics device.

  Local host:   n040
  Local device: mlx5_2
--------------------------------------------------------------------------
[n040.hpc:1232892] 7 more processes have sent help message help-mpi-btl-openib.txt / ib port not selected
[n040.hpc:1232892] Set MCA parameter "orte_base_help_aggregate" to 0 to see all help / error messages
[n040.hpc:1232892] 7 more processes have sent help message help-mpi-btl-openib.txt / error in device init
--------------------------------------------------------------------------
By default, for Open MPI 4.0 and later, infiniband ports on a device
are not used by default.  The intent is to use UCX for these devices.
You can override this policy by setting the btl_openib_allow_ib MCA parameter
to true.

  Local host:              n040
  Local adapter:           mlx5_2
  Local port:              1

--------------------------------------------------------------------------
--------------------------------------------------------------------------
WARNING: There was an error initializing an OpenFabrics device.

  Local host:   n040
  Local device: mlx5_2
--------------------------------------------------------------------------
[n040.hpc:1233403] 7 more processes have sent help message help-mpi-btl-openib.txt / ib port not selected
[n040.hpc:1233403] Set MCA parameter "orte_base_help_aggregate" to 0 to see all help / error messages
[n040.hpc:1233403] 7 more processes have sent help message help-mpi-btl-openib.txt / error in device init
--------------------------------------------------------------------------
By default, for Open MPI 4.0 and later, infiniband ports on a device
are not used by default.  The intent is to use UCX for these devices.
You can override this policy by setting the btl_openib_allow_ib MCA parameter
to true.

  Local host:              n040
  Local adapter:           mlx5_2
  Local port:              1

--------------------------------------------------------------------------
--------------------------------------------------------------------------
WARNING: There was an error initializing an OpenFabrics device.

  Local host:   n040
  Local device: mlx5_2
--------------------------------------------------------------------------
[n040.hpc:1233431] 7 more processes have sent help message help-mpi-btl-openib.txt / ib port not selected
[n040.hpc:1233431] Set MCA parameter "orte_base_help_aggregate" to 0 to see all help / error messages
[n040.hpc:1233431] 7 more processes have sent help message help-mpi-btl-openib.txt / error in device init
--------------------------------------------------------------------------
By default, for Open MPI 4.0 and later, infiniband ports on a device
are not used by default.  The intent is to use UCX for these devices.
You can override this policy by setting the btl_openib_allow_ib MCA parameter
to true.

  Local host:              n040
  Local adapter:           mlx5_2
  Local port:              1

--------------------------------------------------------------------------
--------------------------------------------------------------------------
WARNING: There was an error initializing an OpenFabrics device.

  Local host:   n040
  Local device: mlx5_2
--------------------------------------------------------------------------
[n040.hpc:1233530] 7 more processes have sent help message help-mpi-btl-openib.txt / ib port not selected
[n040.hpc:1233530] Set MCA parameter "orte_base_help_aggregate" to 0 to see all help / error messages
[n040.hpc:1233530] 7 more processes have sent help message help-mpi-btl-openib.txt / error in device init
--------------------------------------------------------------------------
By default, for Open MPI 4.0 and later, infiniband ports on a device
are not used by default.  The intent is to use UCX for these devices.
You can override this policy by setting the btl_openib_allow_ib MCA parameter
to true.

  Local host:              n040
  Local adapter:           mlx5_2
  Local port:              1

--------------------------------------------------------------------------
--------------------------------------------------------------------------
WARNING: There was an error initializing an OpenFabrics device.

  Local host:   n040
  Local device: mlx5_2
--------------------------------------------------------------------------
[n040.hpc:1233558] 7 more processes have sent help message help-mpi-btl-openib.txt / ib port not selected
[n040.hpc:1233558] Set MCA parameter "orte_base_help_aggregate" to 0 to see all help / error messages
[n040.hpc:1233558] 7 more processes have sent help message help-mpi-btl-openib.txt / error in device init
--------------------------------------------------------------------------
By default, for Open MPI 4.0 and later, infiniband ports on a device
are not used by default.  The intent is to use UCX for these devices.
You can override this policy by setting the btl_openib_allow_ib MCA parameter
to true.

  Local host:              n040
  Local adapter:           mlx5_2
  Local port:              1

--------------------------------------------------------------------------
--------------------------------------------------------------------------
WARNING: There was an error initializing an OpenFabrics device.

  Local host:   n040
  Local device: mlx5_2
--------------------------------------------------------------------------
[n040.hpc:1233586] 7 more processes have sent help message help-mpi-btl-openib.txt / ib port not selected
[n040.hpc:1233586] Set MCA parameter "orte_base_help_aggregate" to 0 to see all help / error messages
[n040.hpc:1233586] 7 more processes have sent help message help-mpi-btl-openib.txt / error in device init
--------------------------------------------------------------------------
By default, for Open MPI 4.0 and later, infiniband ports on a device
are not used by default.  The intent is to use UCX for these devices.
You can override this policy by setting the btl_openib_allow_ib MCA parameter
to true.

  Local host:              n040
  Local adapter:           mlx5_2
  Local port:              1

--------------------------------------------------------------------------
--------------------------------------------------------------------------
WARNING: There was an error initializing an OpenFabrics device.

  Local host:   n040
  Local device: mlx5_2
--------------------------------------------------------------------------
[n040.hpc:1233630] 7 more processes have sent help message help-mpi-btl-openib.txt / ib port not selected
[n040.hpc:1233630] Set MCA parameter "orte_base_help_aggregate" to 0 to see all help / error messages
[n040.hpc:1233630] 7 more processes have sent help message help-mpi-btl-openib.txt / error in device init
--------------------------------------------------------------------------
By default, for Open MPI 4.0 and later, infiniband ports on a device
are not used by default.  The intent is to use UCX for these devices.
You can override this policy by setting the btl_openib_allow_ib MCA parameter
to true.

  Local host:              n040
  Local adapter:           mlx5_2
  Local port:              1

--------------------------------------------------------------------------
--------------------------------------------------------------------------
WARNING: There was an error initializing an OpenFabrics device.

  Local host:   n040
  Local device: mlx5_2
--------------------------------------------------------------------------
[n040.hpc:1233829] 7 more processes have sent help message help-mpi-btl-openib.txt / ib port not selected
[n040.hpc:1233829] Set MCA parameter "orte_base_help_aggregate" to 0 to see all help / error messages
[n040.hpc:1233829] 7 more processes have sent help message help-mpi-btl-openib.txt / error in device init
--------------------------------------------------------------------------
By default, for Open MPI 4.0 and later, infiniband ports on a device
are not used by default.  The intent is to use UCX for these devices.
You can override this policy by setting the btl_openib_allow_ib MCA parameter
to true.

  Local host:              n040
  Local adapter:           mlx5_2
  Local port:              1

--------------------------------------------------------------------------
--------------------------------------------------------------------------
WARNING: There was an error initializing an OpenFabrics device.

  Local host:   n040
  Local device: mlx5_2
--------------------------------------------------------------------------
[n040.hpc:1233857] 7 more processes have sent help message help-mpi-btl-openib.txt / ib port not selected
[n040.hpc:1233857] Set MCA parameter "orte_base_help_aggregate" to 0 to see all help / error messages
[n040.hpc:1233857] 7 more processes have sent help message help-mpi-btl-openib.txt / error in device init
--------------------------------------------------------------------------
By default, for Open MPI 4.0 and later, infiniband ports on a device
are not used by default.  The intent is to use UCX for these devices.
You can override this policy by setting the btl_openib_allow_ib MCA parameter
to true.

  Local host:              n040
  Local adapter:           mlx5_2
  Local port:              1

--------------------------------------------------------------------------
--------------------------------------------------------------------------
WARNING: There was an error initializing an OpenFabrics device.

  Local host:   n040
  Local device: mlx5_2
--------------------------------------------------------------------------
[n040.hpc:1234018] 7 more processes have sent help message help-mpi-btl-openib.txt / ib port not selected
[n040.hpc:1234018] Set MCA parameter "orte_base_help_aggregate" to 0 to see all help / error messages
[n040.hpc:1234018] 7 more processes have sent help message help-mpi-btl-openib.txt / error in device init
--------------------------------------------------------------------------
By default, for Open MPI 4.0 and later, infiniband ports on a device
are not used by default.  The intent is to use UCX for these devices.
You can override this policy by setting the btl_openib_allow_ib MCA parameter
to true.

  Local host:              n040
  Local adapter:           mlx5_2
  Local port:              1

--------------------------------------------------------------------------
--------------------------------------------------------------------------
WARNING: There was an error initializing an OpenFabrics device.

  Local host:   n040
  Local device: mlx5_2
--------------------------------------------------------------------------
[n040.hpc:1234046] 7 more processes have sent help message help-mpi-btl-openib.txt / ib port not selected
[n040.hpc:1234046] Set MCA parameter "orte_base_help_aggregate" to 0 to see all help / error messages
[n040.hpc:1234046] 7 more processes have sent help message help-mpi-btl-openib.txt / error in device init
--------------------------------------------------------------------------
By default, for Open MPI 4.0 and later, infiniband ports on a device
are not used by default.  The intent is to use UCX for these devices.
You can override this policy by setting the btl_openib_allow_ib MCA parameter
to true.

  Local host:              n040
  Local adapter:           mlx5_2
  Local port:              1

--------------------------------------------------------------------------
--------------------------------------------------------------------------
WARNING: There was an error initializing an OpenFabrics device.

  Local host:   n040
  Local device: mlx5_2
--------------------------------------------------------------------------
[n040.hpc:1234074] 7 more processes have sent help message help-mpi-btl-openib.txt / ib port not selected
[n040.hpc:1234074] Set MCA parameter "orte_base_help_aggregate" to 0 to see all help / error messages
[n040.hpc:1234074] 7 more processes have sent help message help-mpi-btl-openib.txt / error in device init
--------------------------------------------------------------------------
By default, for Open MPI 4.0 and later, infiniband ports on a device
are not used by default.  The intent is to use UCX for these devices.
You can override this policy by setting the btl_openib_allow_ib MCA parameter
to true.

  Local host:              n040
  Local adapter:           mlx5_2
  Local port:              1

--------------------------------------------------------------------------
--------------------------------------------------------------------------
WARNING: There was an error initializing an OpenFabrics device.

  Local host:   n040
  Local device: mlx5_2
--------------------------------------------------------------------------
[n040.hpc:1234102] 7 more processes have sent help message help-mpi-btl-openib.txt / ib port not selected
[n040.hpc:1234102] Set MCA parameter "orte_base_help_aggregate" to 0 to see all help / error messages
[n040.hpc:1234102] 7 more processes have sent help message help-mpi-btl-openib.txt / error in device init
--------------------------------------------------------------------------
By default, for Open MPI 4.0 and later, infiniband ports on a device
are not used by default.  The intent is to use UCX for these devices.
You can override this policy by setting the btl_openib_allow_ib MCA parameter
to true.

  Local host:              n040
  Local adapter:           mlx5_2
  Local port:              1

--------------------------------------------------------------------------
--------------------------------------------------------------------------
WARNING: There was an error initializing an OpenFabrics device.

  Local host:   n040
  Local device: mlx5_2
--------------------------------------------------------------------------
[n040.hpc:1234186] 7 more processes have sent help message help-mpi-btl-openib.txt / ib port not selected
[n040.hpc:1234186] Set MCA parameter "orte_base_help_aggregate" to 0 to see all help / error messages
[n040.hpc:1234186] 7 more processes have sent help message help-mpi-btl-openib.txt / error in device init
--------------------------------------------------------------------------
By default, for Open MPI 4.0 and later, infiniband ports on a device
are not used by default.  The intent is to use UCX for these devices.
You can override this policy by setting the btl_openib_allow_ib MCA parameter
to true.

  Local host:              n040
  Local adapter:           mlx5_2
  Local port:              1

--------------------------------------------------------------------------
--------------------------------------------------------------------------
WARNING: There was an error initializing an OpenFabrics device.

  Local host:   n040
  Local device: mlx5_2
--------------------------------------------------------------------------
[n040.hpc:1234214] 7 more processes have sent help message help-mpi-btl-openib.txt / ib port not selected
[n040.hpc:1234214] Set MCA parameter "orte_base_help_aggregate" to 0 to see all help / error messages
[n040.hpc:1234214] 7 more processes have sent help message help-mpi-btl-openib.txt / error in device init
--------------------------------------------------------------------------
By default, for Open MPI 4.0 and later, infiniband ports on a device
are not used by default.  The intent is to use UCX for these devices.
You can override this policy by setting the btl_openib_allow_ib MCA parameter
to true.

  Local host:              n040
  Local adapter:           mlx5_2
  Local port:              1

--------------------------------------------------------------------------
--------------------------------------------------------------------------
WARNING: There was an error initializing an OpenFabrics device.

  Local host:   n040
  Local device: mlx5_2
--------------------------------------------------------------------------
[n040.hpc:1234257] 7 more processes have sent help message help-mpi-btl-openib.txt / ib port not selected
[n040.hpc:1234257] Set MCA parameter "orte_base_help_aggregate" to 0 to see all help / error messages
[n040.hpc:1234257] 7 more processes have sent help message help-mpi-btl-openib.txt / error in device init
--------------------------------------------------------------------------
By default, for Open MPI 4.0 and later, infiniband ports on a device
are not used by default.  The intent is to use UCX for these devices.
You can override this policy by setting the btl_openib_allow_ib MCA parameter
to true.

  Local host:              n040
  Local adapter:           mlx5_2
  Local port:              1

--------------------------------------------------------------------------
--------------------------------------------------------------------------
WARNING: There was an error initializing an OpenFabrics device.

  Local host:   n040
  Local device: mlx5_2
--------------------------------------------------------------------------
[n040.hpc:1234285] 7 more processes have sent help message help-mpi-btl-openib.txt / ib port not selected
[n040.hpc:1234285] Set MCA parameter "orte_base_help_aggregate" to 0 to see all help / error messages
[n040.hpc:1234285] 7 more processes have sent help message help-mpi-btl-openib.txt / error in device init
--------------------------------------------------------------------------
By default, for Open MPI 4.0 and later, infiniband ports on a device
are not used by default.  The intent is to use UCX for these devices.
You can override this policy by setting the btl_openib_allow_ib MCA parameter
to true.

  Local host:              n040
  Local adapter:           mlx5_2
  Local port:              1

--------------------------------------------------------------------------
--------------------------------------------------------------------------
WARNING: There was an error initializing an OpenFabrics device.

  Local host:   n040
  Local device: mlx5_2
--------------------------------------------------------------------------
[n040.hpc:1234313] 7 more processes have sent help message help-mpi-btl-openib.txt / ib port not selected
[n040.hpc:1234313] Set MCA parameter "orte_base_help_aggregate" to 0 to see all help / error messages
[n040.hpc:1234313] 7 more processes have sent help message help-mpi-btl-openib.txt / error in device init
--------------------------------------------------------------------------
By default, for Open MPI 4.0 and later, infiniband ports on a device
are not used by default.  The intent is to use UCX for these devices.
You can override this policy by setting the btl_openib_allow_ib MCA parameter
to true.

  Local host:              n040
  Local adapter:           mlx5_2
  Local port:              1

--------------------------------------------------------------------------
--------------------------------------------------------------------------
WARNING: There was an error initializing an OpenFabrics device.

  Local host:   n040
  Local device: mlx5_2
--------------------------------------------------------------------------
[n040.hpc:1234341] 7 more processes have sent help message help-mpi-btl-openib.txt / ib port not selected
[n040.hpc:1234341] Set MCA parameter "orte_base_help_aggregate" to 0 to see all help / error messages
[n040.hpc:1234341] 7 more processes have sent help message help-mpi-btl-openib.txt / error in device init
--------------------------------------------------------------------------
By default, for Open MPI 4.0 and later, infiniband ports on a device
are not used by default.  The intent is to use UCX for these devices.
You can override this policy by setting the btl_openib_allow_ib MCA parameter
to true.

  Local host:              n040
  Local adapter:           mlx5_2
  Local port:              1

--------------------------------------------------------------------------
--------------------------------------------------------------------------
WARNING: There was an error initializing an OpenFabrics device.

  Local host:   n040
  Local device: mlx5_2
--------------------------------------------------------------------------
[n040.hpc:1234559] 7 more processes have sent help message help-mpi-btl-openib.txt / ib port not selected
[n040.hpc:1234559] Set MCA parameter "orte_base_help_aggregate" to 0 to see all help / error messages
[n040.hpc:1234559] 7 more processes have sent help message help-mpi-btl-openib.txt / error in device init
--------------------------------------------------------------------------
By default, for Open MPI 4.0 and later, infiniband ports on a device
are not used by default.  The intent is to use UCX for these devices.
You can override this policy by setting the btl_openib_allow_ib MCA parameter
to true.

  Local host:              n040
  Local adapter:           mlx5_2
  Local port:              1

--------------------------------------------------------------------------
--------------------------------------------------------------------------
WARNING: There was an error initializing an OpenFabrics device.

  Local host:   n040
  Local device: mlx5_2
--------------------------------------------------------------------------
[n040.hpc:1234587] 7 more processes have sent help message help-mpi-btl-openib.txt / ib port not selected
[n040.hpc:1234587] Set MCA parameter "orte_base_help_aggregate" to 0 to see all help / error messages
[n040.hpc:1234587] 7 more processes have sent help message help-mpi-btl-openib.txt / error in device init
--------------------------------------------------------------------------
By default, for Open MPI 4.0 and later, infiniband ports on a device
are not used by default.  The intent is to use UCX for these devices.
You can override this policy by setting the btl_openib_allow_ib MCA parameter
to true.

  Local host:              n040
  Local adapter:           mlx5_2
  Local port:              1

--------------------------------------------------------------------------
--------------------------------------------------------------------------
WARNING: There was an error initializing an OpenFabrics device.

  Local host:   n040
  Local device: mlx5_2
--------------------------------------------------------------------------
[n040.hpc:1234617] 7 more processes have sent help message help-mpi-btl-openib.txt / ib port not selected
[n040.hpc:1234617] Set MCA parameter "orte_base_help_aggregate" to 0 to see all help / error messages
[n040.hpc:1234617] 7 more processes have sent help message help-mpi-btl-openib.txt / error in device init
--------------------------------------------------------------------------
By default, for Open MPI 4.0 and later, infiniband ports on a device
are not used by default.  The intent is to use UCX for these devices.
You can override this policy by setting the btl_openib_allow_ib MCA parameter
to true.

  Local host:              n040
  Local adapter:           mlx5_2
  Local port:              1

--------------------------------------------------------------------------
--------------------------------------------------------------------------
WARNING: There was an error initializing an OpenFabrics device.

  Local host:   n040
  Local device: mlx5_2
--------------------------------------------------------------------------
[n040.hpc:1234645] 7 more processes have sent help message help-mpi-btl-openib.txt / ib port not selected
[n040.hpc:1234645] Set MCA parameter "orte_base_help_aggregate" to 0 to see all help / error messages
[n040.hpc:1234645] 7 more processes have sent help message help-mpi-btl-openib.txt / error in device init
--------------------------------------------------------------------------
By default, for Open MPI 4.0 and later, infiniband ports on a device
are not used by default.  The intent is to use UCX for these devices.
You can override this policy by setting the btl_openib_allow_ib MCA parameter
to true.

  Local host:              n040
  Local adapter:           mlx5_2
  Local port:              1

--------------------------------------------------------------------------
--------------------------------------------------------------------------
WARNING: There was an error initializing an OpenFabrics device.

  Local host:   n040
  Local device: mlx5_2
--------------------------------------------------------------------------
[n040.hpc:1234673] 7 more processes have sent help message help-mpi-btl-openib.txt / ib port not selected
[n040.hpc:1234673] Set MCA parameter "orte_base_help_aggregate" to 0 to see all help / error messages
[n040.hpc:1234673] 7 more processes have sent help message help-mpi-btl-openib.txt / error in device init
--------------------------------------------------------------------------
By default, for Open MPI 4.0 and later, infiniband ports on a device
are not used by default.  The intent is to use UCX for these devices.
You can override this policy by setting the btl_openib_allow_ib MCA parameter
to true.

  Local host:              n040
  Local adapter:           mlx5_2
  Local port:              1

--------------------------------------------------------------------------
--------------------------------------------------------------------------
WARNING: There was an error initializing an OpenFabrics device.

  Local host:   n040
  Local device: mlx5_2
--------------------------------------------------------------------------
[n040.hpc:1234701] 7 more processes have sent help message help-mpi-btl-openib.txt / ib port not selected
[n040.hpc:1234701] Set MCA parameter "orte_base_help_aggregate" to 0 to see all help / error messages
[n040.hpc:1234701] 7 more processes have sent help message help-mpi-btl-openib.txt / error in device init
--------------------------------------------------------------------------
By default, for Open MPI 4.0 and later, infiniband ports on a device
are not used by default.  The intent is to use UCX for these devices.
You can override this policy by setting the btl_openib_allow_ib MCA parameter
to true.

  Local host:              n040
  Local adapter:           mlx5_2
  Local port:              1

--------------------------------------------------------------------------
--------------------------------------------------------------------------
WARNING: There was an error initializing an OpenFabrics device.

  Local host:   n040
  Local device: mlx5_2
--------------------------------------------------------------------------
[n040.hpc:1234986] 7 more processes have sent help message help-mpi-btl-openib.txt / ib port not selected
[n040.hpc:1234986] Set MCA parameter "orte_base_help_aggregate" to 0 to see all help / error messages
[n040.hpc:1234986] 7 more processes have sent help message help-mpi-btl-openib.txt / error in device init
--------------------------------------------------------------------------
By default, for Open MPI 4.0 and later, infiniband ports on a device
are not used by default.  The intent is to use UCX for these devices.
You can override this policy by setting the btl_openib_allow_ib MCA parameter
to true.

  Local host:              n040
  Local adapter:           mlx5_2
  Local port:              1

--------------------------------------------------------------------------
--------------------------------------------------------------------------
WARNING: There was an error initializing an OpenFabrics device.

  Local host:   n040
  Local device: mlx5_2
--------------------------------------------------------------------------
[n040.hpc:1235014] 7 more processes have sent help message help-mpi-btl-openib.txt / ib port not selected
[n040.hpc:1235014] Set MCA parameter "orte_base_help_aggregate" to 0 to see all help / error messages
[n040.hpc:1235014] 7 more processes have sent help message help-mpi-btl-openib.txt / error in device init
--------------------------------------------------------------------------
By default, for Open MPI 4.0 and later, infiniband ports on a device
are not used by default.  The intent is to use UCX for these devices.
You can override this policy by setting the btl_openib_allow_ib MCA parameter
to true.

  Local host:              n040
  Local adapter:           mlx5_2
  Local port:              1

--------------------------------------------------------------------------
--------------------------------------------------------------------------
WARNING: There was an error initializing an OpenFabrics device.

  Local host:   n040
  Local device: mlx5_2
--------------------------------------------------------------------------
[n040.hpc:1235044] 7 more processes have sent help message help-mpi-btl-openib.txt / ib port not selected
[n040.hpc:1235044] Set MCA parameter "orte_base_help_aggregate" to 0 to see all help / error messages
[n040.hpc:1235044] 7 more processes have sent help message help-mpi-btl-openib.txt / error in device init
--------------------------------------------------------------------------
By default, for Open MPI 4.0 and later, infiniband ports on a device
are not used by default.  The intent is to use UCX for these devices.
You can override this policy by setting the btl_openib_allow_ib MCA parameter
to true.

  Local host:              n040
  Local adapter:           mlx5_2
  Local port:              1

--------------------------------------------------------------------------
--------------------------------------------------------------------------
WARNING: There was an error initializing an OpenFabrics device.

  Local host:   n040
  Local device: mlx5_2
--------------------------------------------------------------------------
[n040.hpc:1235072] 7 more processes have sent help message help-mpi-btl-openib.txt / ib port not selected
[n040.hpc:1235072] Set MCA parameter "orte_base_help_aggregate" to 0 to see all help / error messages
[n040.hpc:1235072] 7 more processes have sent help message help-mpi-btl-openib.txt / error in device init
--------------------------------------------------------------------------
By default, for Open MPI 4.0 and later, infiniband ports on a device
are not used by default.  The intent is to use UCX for these devices.
You can override this policy by setting the btl_openib_allow_ib MCA parameter
to true.

  Local host:              n040
  Local adapter:           mlx5_2
  Local port:              1

--------------------------------------------------------------------------
--------------------------------------------------------------------------
WARNING: There was an error initializing an OpenFabrics device.

  Local host:   n040
  Local device: mlx5_2
--------------------------------------------------------------------------
[n040.hpc:1235100] 7 more processes have sent help message help-mpi-btl-openib.txt / ib port not selected
[n040.hpc:1235100] Set MCA parameter "orte_base_help_aggregate" to 0 to see all help / error messages
[n040.hpc:1235100] 7 more processes have sent help message help-mpi-btl-openib.txt / error in device init
--------------------------------------------------------------------------
By default, for Open MPI 4.0 and later, infiniband ports on a device
are not used by default.  The intent is to use UCX for these devices.
You can override this policy by setting the btl_openib_allow_ib MCA parameter
to true.

  Local host:              n040
  Local adapter:           mlx5_2
  Local port:              1

--------------------------------------------------------------------------
--------------------------------------------------------------------------
WARNING: There was an error initializing an OpenFabrics device.

  Local host:   n040
  Local device: mlx5_2
--------------------------------------------------------------------------
[n040.hpc:1235128] 7 more processes have sent help message help-mpi-btl-openib.txt / ib port not selected
[n040.hpc:1235128] Set MCA parameter "orte_base_help_aggregate" to 0 to see all help / error messages
[n040.hpc:1235128] 7 more processes have sent help message help-mpi-btl-openib.txt / error in device init
--------------------------------------------------------------------------
By default, for Open MPI 4.0 and later, infiniband ports on a device
are not used by default.  The intent is to use UCX for these devices.
You can override this policy by setting the btl_openib_allow_ib MCA parameter
to true.

  Local host:              n040
  Local adapter:           mlx5_2
  Local port:              1

--------------------------------------------------------------------------
--------------------------------------------------------------------------
WARNING: There was an error initializing an OpenFabrics device.

  Local host:   n040
  Local device: mlx5_2
--------------------------------------------------------------------------
[n040.hpc:1235343] 7 more processes have sent help message help-mpi-btl-openib.txt / ib port not selected
[n040.hpc:1235343] Set MCA parameter "orte_base_help_aggregate" to 0 to see all help / error messages
[n040.hpc:1235343] 7 more processes have sent help message help-mpi-btl-openib.txt / error in device init
--------------------------------------------------------------------------
By default, for Open MPI 4.0 and later, infiniband ports on a device
are not used by default.  The intent is to use UCX for these devices.
You can override this policy by setting the btl_openib_allow_ib MCA parameter
to true.

  Local host:              n040
  Local adapter:           mlx5_2
  Local port:              1

--------------------------------------------------------------------------
--------------------------------------------------------------------------
WARNING: There was an error initializing an OpenFabrics device.

  Local host:   n040
  Local device: mlx5_2
--------------------------------------------------------------------------
[n040.hpc:1235371] 7 more processes have sent help message help-mpi-btl-openib.txt / ib port not selected
[n040.hpc:1235371] Set MCA parameter "orte_base_help_aggregate" to 0 to see all help / error messages
[n040.hpc:1235371] 7 more processes have sent help message help-mpi-btl-openib.txt / error in device init
--------------------------------------------------------------------------
By default, for Open MPI 4.0 and later, infiniband ports on a device
are not used by default.  The intent is to use UCX for these devices.
You can override this policy by setting the btl_openib_allow_ib MCA parameter
to true.

  Local host:              n040
  Local adapter:           mlx5_2
  Local port:              1

--------------------------------------------------------------------------
--------------------------------------------------------------------------
WARNING: There was an error initializing an OpenFabrics device.

  Local host:   n040
  Local device: mlx5_2
--------------------------------------------------------------------------
[n040.hpc:1235428] 7 more processes have sent help message help-mpi-btl-openib.txt / ib port not selected
[n040.hpc:1235428] Set MCA parameter "orte_base_help_aggregate" to 0 to see all help / error messages
[n040.hpc:1235428] 7 more processes have sent help message help-mpi-btl-openib.txt / error in device init
--------------------------------------------------------------------------
By default, for Open MPI 4.0 and later, infiniband ports on a device
are not used by default.  The intent is to use UCX for these devices.
You can override this policy by setting the btl_openib_allow_ib MCA parameter
to true.

  Local host:              n040
  Local adapter:           mlx5_2
  Local port:              1

--------------------------------------------------------------------------
--------------------------------------------------------------------------
WARNING: There was an error initializing an OpenFabrics device.

  Local host:   n040
  Local device: mlx5_2
--------------------------------------------------------------------------
[n040.hpc:1235507] 7 more processes have sent help message help-mpi-btl-openib.txt / ib port not selected
[n040.hpc:1235507] Set MCA parameter "orte_base_help_aggregate" to 0 to see all help / error messages
[n040.hpc:1235507] 7 more processes have sent help message help-mpi-btl-openib.txt / error in device init
--------------------------------------------------------------------------
By default, for Open MPI 4.0 and later, infiniband ports on a device
are not used by default.  The intent is to use UCX for these devices.
You can override this policy by setting the btl_openib_allow_ib MCA parameter
to true.

  Local host:              n040
  Local adapter:           mlx5_2
  Local port:              1

--------------------------------------------------------------------------
--------------------------------------------------------------------------
WARNING: There was an error initializing an OpenFabrics device.

  Local host:   n040
  Local device: mlx5_2
--------------------------------------------------------------------------
[n040.hpc:1235537] 7 more processes have sent help message help-mpi-btl-openib.txt / ib port not selected
[n040.hpc:1235537] Set MCA parameter "orte_base_help_aggregate" to 0 to see all help / error messages
[n040.hpc:1235537] 7 more processes have sent help message help-mpi-btl-openib.txt / error in device init
--------------------------------------------------------------------------
By default, for Open MPI 4.0 and later, infiniband ports on a device
are not used by default.  The intent is to use UCX for these devices.
You can override this policy by setting the btl_openib_allow_ib MCA parameter
to true.

  Local host:              n040
  Local adapter:           mlx5_2
  Local port:              1

--------------------------------------------------------------------------
--------------------------------------------------------------------------
WARNING: There was an error initializing an OpenFabrics device.

  Local host:   n040
  Local device: mlx5_2
--------------------------------------------------------------------------
[n040.hpc:1235565] 7 more processes have sent help message help-mpi-btl-openib.txt / ib port not selected
[n040.hpc:1235565] Set MCA parameter "orte_base_help_aggregate" to 0 to see all help / error messages
[n040.hpc:1235565] 7 more processes have sent help message help-mpi-btl-openib.txt / error in device init
--------------------------------------------------------------------------
By default, for Open MPI 4.0 and later, infiniband ports on a device
are not used by default.  The intent is to use UCX for these devices.
You can override this policy by setting the btl_openib_allow_ib MCA parameter
to true.

  Local host:              n040
  Local adapter:           mlx5_2
  Local port:              1

--------------------------------------------------------------------------
--------------------------------------------------------------------------
WARNING: There was an error initializing an OpenFabrics device.

  Local host:   n040
  Local device: mlx5_2
--------------------------------------------------------------------------
[n040.hpc:1235754] 7 more processes have sent help message help-mpi-btl-openib.txt / ib port not selected
[n040.hpc:1235754] Set MCA parameter "orte_base_help_aggregate" to 0 to see all help / error messages
[n040.hpc:1235754] 7 more processes have sent help message help-mpi-btl-openib.txt / error in device init
--------------------------------------------------------------------------
By default, for Open MPI 4.0 and later, infiniband ports on a device
are not used by default.  The intent is to use UCX for these devices.
You can override this policy by setting the btl_openib_allow_ib MCA parameter
to true.

  Local host:              n040
  Local adapter:           mlx5_2
  Local port:              1

--------------------------------------------------------------------------
--------------------------------------------------------------------------
WARNING: There was an error initializing an OpenFabrics device.

  Local host:   n040
  Local device: mlx5_2
--------------------------------------------------------------------------
[n040.hpc:1236057] 7 more processes have sent help message help-mpi-btl-openib.txt / ib port not selected
[n040.hpc:1236057] Set MCA parameter "orte_base_help_aggregate" to 0 to see all help / error messages
[n040.hpc:1236057] 7 more processes have sent help message help-mpi-btl-openib.txt / error in device init
--------------------------------------------------------------------------
By default, for Open MPI 4.0 and later, infiniband ports on a device
are not used by default.  The intent is to use UCX for these devices.
You can override this policy by setting the btl_openib_allow_ib MCA parameter
to true.

  Local host:              n040
  Local adapter:           mlx5_2
  Local port:              1

--------------------------------------------------------------------------
--------------------------------------------------------------------------
WARNING: There was an error initializing an OpenFabrics device.

  Local host:   n040
  Local device: mlx5_2
--------------------------------------------------------------------------
[n040.hpc:1236293] 7 more processes have sent help message help-mpi-btl-openib.txt / ib port not selected
[n040.hpc:1236293] Set MCA parameter "orte_base_help_aggregate" to 0 to see all help / error messages
[n040.hpc:1236293] 7 more processes have sent help message help-mpi-btl-openib.txt / error in device init
--------------------------------------------------------------------------
By default, for Open MPI 4.0 and later, infiniband ports on a device
are not used by default.  The intent is to use UCX for these devices.
You can override this policy by setting the btl_openib_allow_ib MCA parameter
to true.

  Local host:              n040
  Local adapter:           mlx5_2
  Local port:              1

--------------------------------------------------------------------------
--------------------------------------------------------------------------
WARNING: There was an error initializing an OpenFabrics device.

  Local host:   n040
  Local device: mlx5_2
--------------------------------------------------------------------------
[n040.hpc:1237349] 7 more processes have sent help message help-mpi-btl-openib.txt / ib port not selected
[n040.hpc:1237349] Set MCA parameter "orte_base_help_aggregate" to 0 to see all help / error messages
[n040.hpc:1237349] 7 more processes have sent help message help-mpi-btl-openib.txt / error in device init
