<May23-2026> <11:38:37>  AMS 2026.103  RunTime: May23-2026 11:38:37  ShM Nodes: 1  Procs: 1
<May23-2026> <11:38:37>  ADF 2026.103  RunTime: May23-2026 11:38:37  ShM Nodes: 1  Procs: 1
<May23-2026> <11:38:37>  *** (NO TITLE) ***
<May23-2026> <11:38:37>  DIRAC 2026.103  RunTime: May23-2026 11:38:37  ShM Nodes: 1  Procs: 1
<May23-2026> <11:38:37>  Carbon (TZ2P)
<May23-2026> <11:38:37>  Net Charge: 0 (Nuclei minus Electrons)
<May23-2026> <11:38:37>  Symmetry  : ATOM
<May23-2026> <11:38:37>  Coordinates
<May23-2026> <11:38:37>     Atom         X           Y           Z   (Angstrom)
<May23-2026> <11:38:37>     1.C         0.000000    0.000000    0.000000
<May23-2026> <11:38:37>  >>>> CORORT
<May23-2026> <11:38:37>  >>>> CLSMAT
<May23-2026> <11:38:37>  >>>> ORTHON
<May23-2026> <11:38:37>  >>>> GENPT
<May23-2026> <11:38:38>  Block Length=  72
<May23-2026> <11:38:38>  >>>> PTBAS
<May23-2026> <11:38:38>  >>>> CYCLE
<May23-2026> <11:38:38>              |Error|         MaxErr       Wt(A-DIIS)
<May23-2026> <11:38:38>      1      0.00000000      0.00000000
<May23-2026> <11:38:38>      2      4.48450606      3.33074448    100.0
<May23-2026> <11:38:38>      3      1.63845963      1.31677840    100.0
<May23-2026> <11:38:38>      4      0.72237885      0.58090812    100.0
<May23-2026> <11:38:38>      5      0.41341516      0.32921223    100.0
<May23-2026> <11:38:38>      6      0.12634980      0.09661242     96.6
<May23-2026> <11:38:38>      7      0.11511849      0.08978748     89.7
<May23-2026> <11:38:38>      8      0.00670007      0.00519977      4.2
<May23-2026> <11:38:38>      9      0.00022181      0.00016825      0.0
<May23-2026> <11:38:38>     10      0.00000199      0.00000135      0.0
<May23-2026> <11:38:38>     11      0.00000002      0.00000001      0.0
<May23-2026> <11:38:38>     12      0.00000000      0.00000000      0.0
<May23-2026> <11:38:38>  SCF converged
<May23-2026> <11:38:38>     13      0.00000000      0.00000000      0.0
<May23-2026> <11:38:38>  >>>> POPAN
<May23-2026> <11:38:38>  >>>> DEBYE
<May23-2026> <11:38:38>  DIRAC 2026.103  RunTime: May23-2026 11:38:38  ShM Nodes: 1  Procs: 1
<May23-2026> <11:38:38>  Hydrogen (TZ2P)
<May23-2026> <11:38:38>  Net Charge: 0 (Nuclei minus Electrons)
<May23-2026> <11:38:38>  Symmetry  : ATOM
<May23-2026> <11:38:38>  Coordinates
<May23-2026> <11:38:38>     Atom         X           Y           Z   (Angstrom)
<May23-2026> <11:38:38>     1.H         0.000000    0.000000    0.000000
<May23-2026> <11:38:38>  >>>> CORORT
<May23-2026> <11:38:38>  >>>> CLSMAT
<May23-2026> <11:38:38>  >>>> ORTHON
<May23-2026> <11:38:38>  >>>> GENPT
<May23-2026> <11:38:38>  Block Length=  64
<May23-2026> <11:38:38>  >>>> PTBAS
<May23-2026> <11:38:38>  >>>> CYCLE
<May23-2026> <11:38:38>              |Error|         MaxErr       Wt(A-DIIS)
<May23-2026> <11:38:38>      1      0.00000000      0.00000000
<May23-2026> <11:38:38>      2      0.03100426      0.02644614
<May23-2026> <11:38:38>      3      0.00958086      0.00932931    100.0
<May23-2026> <11:38:38>      4      0.00232128      0.00228673      1.3
<May23-2026> <11:38:38>      5      0.00003156      0.00002984      0.0
<May23-2026> <11:38:38>      6      0.00000096      0.00000091      0.0
<May23-2026> <11:38:38>      7      0.00000000      0.00000000      0.0
<May23-2026> <11:38:38>  SCF converged
<May23-2026> <11:38:38>      8      0.00000000      0.00000000      0.0
<May23-2026> <11:38:38>  >>>> POPAN
<May23-2026> <11:38:38>  >>>> DEBYE
<May23-2026> <11:38:38>  *** adf ***
<May23-2026> <11:38:38>  Net Charge: 0 (Nuclei minus Electrons)
<May23-2026> <11:38:38>  Spin polar: -1 (Spin_A minus Spin_B electrons)
<May23-2026> <11:38:38>  Symmetry  : NOSYM
<May23-2026> <11:38:38>  >>>> FRAGM
<May23-2026> <11:38:38>  Coordinates
<May23-2026> <11:38:38>     Atom         X           Y           Z   (Angstrom)
<May23-2026> <11:38:38>     1.C         0.679908   -1.324198    1.006600
<May23-2026> <11:38:38>     2.C         1.304187   -0.796637   -0.129752
<May23-2026> <11:38:38>     3.C         1.526327    0.556758   -0.146267
<May23-2026> <11:38:38>     4.H         0.929729   -0.899259    1.968598
<May23-2026> <11:38:38>     5.H         0.419313   -2.372443    1.033579
<May23-2026> <11:38:38>     6.H         1.222495   -1.333448   -1.065876
<May23-2026> <11:38:38>     7.H         1.843468    1.057144   -1.051377
<May23-2026> <11:38:38>     8.H         1.756218    1.068798    0.776558
<May23-2026> <11:38:38>  >>>> CORORT
<May23-2026> <11:38:38>  >>>> CLSMAT
<May23-2026> <11:38:38>  >>>> ORTHON
<May23-2026> <11:38:38>  >>>> GENPT
<May23-2026> <11:38:39>  Block Length= 128
<May23-2026> <11:38:39>  >>>> PTBAS
<May23-2026> <11:38:40>  >>>> CYCLE
<May23-2026> <11:38:43>              |Error|         MaxErr       Wt(A-DIIS)
<May23-2026> <11:38:43>      1      4.09297951      0.50368046
<May23-2026> <11:38:46>      2      0.79680174      0.09042425    100.0
<May23-2026> <11:38:49>      3      0.71192825      0.08037942    100.0
<May23-2026> <11:38:52>      4      1.06086386      0.13374019    100.0
<May23-2026> <11:38:55>      5      0.15893874      0.02020611     19.4
<May23-2026> <11:38:58>      6      0.07489790      0.00860959      7.7
<May23-2026> <11:39:01>      7      0.01882567      0.00262240      1.6
<May23-2026> <11:39:04>      8      0.00542289      0.00082264      0.0
<May23-2026> <11:39:06>      9      0.00554086      0.00088197      0.0
<May23-2026> <11:39:09>     10      0.00095816      0.00017708      0.0
<May23-2026> <11:39:12>     11      0.00012686      0.00002417      0.0
<May23-2026> <11:39:15>     12      0.00002567      0.00000568      0.0
<May23-2026> <11:39:18>     13      0.00000715      0.00000093      0.0
<May23-2026> <11:39:18>  SCF converged
<May23-2026> <11:39:21>     14      0.00000270      0.00000036      0.0
<May23-2026> <11:39:23>  >>>> TOTEN
<May23-2026> <11:39:30>  >>>> POPAN
<May23-2026> <11:39:30>  >>>> DEBYE
<May23-2026> <11:39:30>  >>>> AMETS
<May23-2026> <11:39:30>   Bond Energy          -1.52856029 a.u.
<May23-2026> <11:39:30>   Bond Energy         -41.59424175 eV
<May23-2026> <11:39:30>   Bond Energy        -959.19       kcal/mol
<May23-2026> <11:39:30>  >>>> POPUL
<May23-2026> <11:39:30>  NORMAL TERMINATION
