<May23-2026> <12:54:26>  AMS 2026.103  RunTime: May23-2026 12:54:26  ShM Nodes: 1  Procs: 1
<May23-2026> <12:54:26>  ADF 2026.103  RunTime: May23-2026 12:54:26  ShM Nodes: 1  Procs: 1
<May23-2026> <12:54:26>  *** (NO TITLE) ***
<May23-2026> <12:54:26>  *** adf ***
<May23-2026> <12:54:26>  Net Charge: 0 (Nuclei minus Electrons)
<May23-2026> <12:54:26>  Spin polar: 0 (Spin_A minus Spin_B electrons)
<May23-2026> <12:54:26>  Symmetry  : NOSYM
<May23-2026> <12:54:26>  >>>> FRAGM
<May23-2026> <12:54:26>  Coordinates
<May23-2026> <12:54:26>     Atom         X           Y           Z   (Angstrom)
<May23-2026> <12:54:26>     1.C         1.088711    1.217841   -0.172462
<May23-2026> <12:54:26>     2.C         1.448674   -0.055349    0.157959
<May23-2026> <12:54:26>     3.Cl        1.988438   -0.318264    1.839873
<May23-2026> <12:54:26>     4.O         1.179155   -1.081960   -0.508395
<May23-2026> <12:54:26>     5.H         0.879779    1.418731   -1.211697
<May23-2026> <12:54:26>     6.H         1.348962    2.045579    0.469357
<May23-2026> <12:54:26>     7.C        -0.585757   -1.536042   -0.195131
<May23-2026> <12:54:26>     8.C        -1.253599   -0.353287   -0.515285
<May23-2026> <12:54:26>     9.C        -1.083580    0.735871    0.295684
<May23-2026> <12:54:26>    10.H        -0.437731   -1.792236    0.845404
<May23-2026> <12:54:26>    11.H        -0.634386   -2.380136   -0.866978
<May23-2026> <12:54:26>    12.H        -1.599621   -0.210679   -1.530945
<May23-2026> <12:54:26>    13.H        -1.482814    1.701965    0.017026
<May23-2026> <12:54:26>    14.H        -0.856233    0.607967    1.345722
<May23-2026> <12:54:26>  >>>> CORORT
<May23-2026> <12:54:26>  >>>> CLSMAT
<May23-2026> <12:54:27>  >>>> ORTHON
<May23-2026> <12:54:27>  >>>> GENPT
<May23-2026> <12:54:27>  Block Length= 128
<May23-2026> <12:54:28>  >>>> PTBAS
<May23-2026> <12:54:32>  >>>> CYCLE
<May23-2026> <12:54:44>              |Error|         MaxErr       Wt(A-DIIS)
<May23-2026> <12:54:44>      1      1.12462032      0.37936382
<May23-2026> <12:54:55>      2      0.34419545      0.04248960    100.0
<May23-2026> <12:55:06>      3      0.28859206      0.03838639    100.0
<May23-2026> <12:55:17>      4      0.85249664      0.11468365    100.0
<May23-2026> <12:55:28>      5      0.23029476      0.03742004     36.8
<May23-2026> <12:55:39>      6      0.05814725      0.01062441      9.7
<May23-2026> <12:55:49>      7      0.04279569      0.00722329      6.3
<May23-2026> <12:56:00>      8      0.01578563      0.00203076      1.0
<May23-2026> <12:56:11>      9      0.00533321      0.00068487      0.0
<May23-2026> <12:56:22>     10      0.00405995      0.00046807      0.0
<May23-2026> <12:56:33>     11      0.00107829      0.00013800      0.0
<May23-2026> <12:56:44>     12      0.00054802      0.00006961      0.0
<May23-2026> <12:56:55>     13      0.00020221      0.00002611      0.0
<May23-2026> <12:57:06>     14      0.00009721      0.00000867      0.0
<May23-2026> <12:57:17>     15      0.00003347      0.00000304      0.0
<May23-2026> <12:57:29>     16      0.00001910      0.00000205      0.0
<May23-2026> <12:57:41>     17      0.00000711      0.00000086      0.0
<May23-2026> <12:57:44>  SCF converged
<May23-2026> <12:57:53>     18      0.00000303      0.00000048      0.0
<May23-2026> <12:58:02>  >>>> TOTEN
<May23-2026> <12:58:38>  >>>> POPAN
<May23-2026> <12:58:38>  >>>> DEBYE
<May23-2026> <12:58:38>  >>>> AMETS
<May23-2026> <12:59:28>   Bond Energy          -0.05923040 a.u.
<May23-2026> <12:59:28>   Bond Energy          -1.61174131 eV
<May23-2026> <12:59:28>   Bond Energy         -37.17       kcal/mol
<May23-2026> <12:59:28>  >>>> POPUL
<May23-2026> <12:59:28>  NORMAL TERMINATION
