<May23-2026> <13:28:46>  AMS 2026.103  RunTime: May23-2026 13:28:46  ShM Nodes: 1  Procs: 1
<May23-2026> <13:28:47>  ADF 2026.103  RunTime: May23-2026 13:28:47  ShM Nodes: 1  Procs: 1
<May23-2026> <13:28:47>  *** (NO TITLE) ***
<May23-2026> <13:28:47>  *** adf ***
<May23-2026> <13:28:47>  Net Charge: 0 (Nuclei minus Electrons)
<May23-2026> <13:28:47>  Spin polar: 0 (Spin_A minus Spin_B electrons)
<May23-2026> <13:28:47>  Symmetry  : NOSYM
<May23-2026> <13:28:47>  >>>> FRAGM
<May23-2026> <13:28:47>  Coordinates
<May23-2026> <13:28:47>     Atom         X           Y           Z   (Angstrom)
<May23-2026> <13:28:47>     1.C        -1.080958   -1.031774   -0.444509
<May23-2026> <13:28:47>     2.C        -1.331550    0.170291    0.166766
<May23-2026> <13:28:47>     3.C        -1.757020    1.279850   -0.686500
<May23-2026> <13:28:47>     4.N        -2.066099    2.159776   -1.357868
<May23-2026> <13:28:47>     5.O        -0.980932    0.455285    1.348791
<May23-2026> <13:28:47>     6.H        -1.398688   -1.195298   -1.464338
<May23-2026> <13:28:47>     7.H        -0.930519   -1.896529    0.181841
<May23-2026> <13:28:47>     8.C         0.964169    0.469756    1.537547
<May23-2026> <13:28:47>     9.C         1.373999    0.429794    0.217833
<May23-2026> <13:28:47>    10.C         1.180160   -0.726722   -0.498563
<May23-2026> <13:28:47>    11.H         0.944902   -0.439749    2.119159
<May23-2026> <13:28:47>    12.H         1.014081    1.388582    2.101762
<May23-2026> <13:28:47>    13.H         1.493075    1.364876   -0.315207
<May23-2026> <13:28:47>    14.H         1.342540   -0.748101   -1.567566
<May23-2026> <13:28:47>    15.H         1.232843   -1.680040    0.006159
<May23-2026> <13:28:47>  >>>> CORORT
<May23-2026> <13:28:47>  >>>> CLSMAT
<May23-2026> <13:28:47>  >>>> ORTHON
<May23-2026> <13:28:48>  >>>> GENPT
<May23-2026> <13:28:48>  Block Length= 128
<May23-2026> <13:28:48>  >>>> PTBAS
<May23-2026> <13:28:54>  >>>> CYCLE
<May23-2026> <13:29:08>              |Error|         MaxErr       Wt(A-DIIS)
<May23-2026> <13:29:08>      1      0.96480382      0.30715711
<May23-2026> <13:29:21>      2      0.31729551      0.04880575    100.0
<May23-2026> <13:29:33>      3      0.26880978      0.04387859    100.0
<May23-2026> <13:29:46>      4      0.76494845      0.13045451    100.0
<May23-2026> <13:29:59>      5      0.20885276      0.04158638     41.0
<May23-2026> <13:30:12>      6      0.08207849      0.01260570     11.7
<May23-2026> <13:30:24>      7      0.04457173      0.00603074      5.1
<May23-2026> <13:30:37>      8      0.01738810      0.00239684      1.4
<May23-2026> <13:30:50>      9      0.00624425      0.00054870      0.0
<May23-2026> <13:31:02>     10      0.00453422      0.00073922      0.0
<May23-2026> <13:31:16>     11      0.00293564      0.00048004      0.0
<May23-2026> <13:31:29>     12      0.00115416      0.00013733      0.0
<May23-2026> <13:31:42>     13      0.00029076      0.00002376      0.0
<May23-2026> <13:31:56>     14      0.00015971      0.00001549      0.0
<May23-2026> <13:32:09>     15      0.00008610      0.00001051      0.0
<May23-2026> <13:32:22>     16      0.00005062      0.00000690      0.0
<May23-2026> <13:32:35>     17      0.00001953      0.00000259      0.0
<May23-2026> <13:32:49>     18      0.00001934      0.00000190      0.0
<May23-2026> <13:33:02>     19      0.00000963      0.00000112      0.0
<May23-2026> <13:33:15>     20      0.00000490      0.00000052      0.0
<May23-2026> <13:33:19>  SCF converged
<May23-2026> <13:33:29>     21      0.00000302      0.00000043      0.0
<May23-2026> <13:33:40>  >>>> TOTEN
<May23-2026> <13:34:19>  >>>> POPAN
<May23-2026> <13:34:19>  >>>> DEBYE
<May23-2026> <13:34:19>  >>>> AMETS
<May23-2026> <13:35:15>   Bond Energy          -0.06104249 a.u.
<May23-2026> <13:35:15>   Bond Energy          -1.66105072 eV
<May23-2026> <13:35:15>   Bond Energy         -38.30       kcal/mol
<May23-2026> <13:35:15>  >>>> POPUL
<May23-2026> <13:35:15>  NORMAL TERMINATION
