=== spec20 G20-0 protocol discovery ===
[env] python=3.10.14 pandas=2.3.3
[stage1] loaded n=400
[audit] n_records=400
[finding] {
  "cross_half_divergences_beyond_geometry": [
    "R_A.cp: locked_778=['True'] spec16=['False']",
    "R_A.opt: locked_778=['False'] spec16=['True']",
    "R_B.cp: locked_778=['True'] spec16=['False']",
    "R_B.opt: locked_778=['False'] spec16=['True']"
  ],
  "within_locked_778_inconsistencies": [],
  "within_spec16_inconsistencies": [
    "spec16 internal CP inconsistency: TS_A.cp=['True'] vs R_A.cp=['False']",
    "spec16 internal CP inconsistency: TS_B.cp=['True'] vs R_B.cp=['False']"
  ]
}
[write] /gpfs/home1/yeseo1ee/projects/eda-asm-prediction/Ref Comparison/spec20_locked778_fragment_relax/logs/protocol_discovery.json
[G20-0 HALT] Cross-half divergences beyond geometry:
  - R_A.cp: locked_778=['True'] spec16=['False']
  - R_A.opt: locked_778=['False'] spec16=['True']
  - R_B.cp: locked_778=['True'] spec16=['False']
  - R_B.opt: locked_778=['False'] spec16=['True']
Within spec16 self-consistency issues:
  - spec16 internal CP inconsistency: TS_A.cp=['True'] vs R_A.cp=['False']
  - spec16 internal CP inconsistency: TS_B.cp=['True'] vs R_B.cp=['False']
[note] halt is recorded via G20_0_HALT.flag; aggregate.py will build summary.md before the batch job exits.
=== discovery OK (finding recorded) ===
