<May23-2026> <11:46:31>  AMS 2026.103  RunTime: May23-2026 11:46:31  ShM Nodes: 1  Procs: 1
<May23-2026> <11:46:32>  ADF 2026.103  RunTime: May23-2026 11:46:32  ShM Nodes: 1  Procs: 1
<May23-2026> <11:46:32>  *** (NO TITLE) ***
<May23-2026> <11:46:32>  DIRAC 2026.103  RunTime: May23-2026 11:46:32  ShM Nodes: 1  Procs: 1
<May23-2026> <11:46:32>  Carbon (TZ2P)
<May23-2026> <11:46:32>  Net Charge: 0 (Nuclei minus Electrons)
<May23-2026> <11:46:32>  Symmetry  : ATOM
<May23-2026> <11:46:32>  Coordinates
<May23-2026> <11:46:32>     Atom         X           Y           Z   (Angstrom)
<May23-2026> <11:46:32>     1.C         0.000000    0.000000    0.000000
<May23-2026> <11:46:32>  >>>> CORORT
<May23-2026> <11:46:32>  >>>> CLSMAT
<May23-2026> <11:46:32>  >>>> ORTHON
<May23-2026> <11:46:32>  >>>> GENPT
<May23-2026> <11:46:32>  Block Length=  72
<May23-2026> <11:46:32>  >>>> PTBAS
<May23-2026> <11:46:32>  >>>> CYCLE
<May23-2026> <11:46:32>              |Error|         MaxErr       Wt(A-DIIS)
<May23-2026> <11:46:32>      1      0.00000000      0.00000000
<May23-2026> <11:46:32>      2      4.48450606      3.33074448    100.0
<May23-2026> <11:46:32>      3      1.63845963      1.31677840    100.0
<May23-2026> <11:46:32>      4      0.72237885      0.58090812    100.0
<May23-2026> <11:46:32>      5      0.41341516      0.32921223    100.0
<May23-2026> <11:46:32>      6      0.12634980      0.09661242     96.6
<May23-2026> <11:46:32>      7      0.11511849      0.08978748     89.7
<May23-2026> <11:46:32>      8      0.00670007      0.00519977      4.2
<May23-2026> <11:46:32>      9      0.00022181      0.00016825      0.0
<May23-2026> <11:46:32>     10      0.00000199      0.00000135      0.0
<May23-2026> <11:46:32>     11      0.00000002      0.00000001      0.0
<May23-2026> <11:46:32>     12      0.00000000      0.00000000      0.0
<May23-2026> <11:46:32>  SCF converged
<May23-2026> <11:46:32>     13      0.00000000      0.00000000      0.0
<May23-2026> <11:46:32>  >>>> POPAN
<May23-2026> <11:46:32>  >>>> DEBYE
<May23-2026> <11:46:32>  DIRAC 2026.103  RunTime: May23-2026 11:46:32  ShM Nodes: 1  Procs: 1
<May23-2026> <11:46:32>  Hydrogen (TZ2P)
<May23-2026> <11:46:33>  Net Charge: 0 (Nuclei minus Electrons)
<May23-2026> <11:46:33>  Symmetry  : ATOM
<May23-2026> <11:46:33>  Coordinates
<May23-2026> <11:46:33>     Atom         X           Y           Z   (Angstrom)
<May23-2026> <11:46:33>     1.H         0.000000    0.000000    0.000000
<May23-2026> <11:46:33>  >>>> CORORT
<May23-2026> <11:46:33>  >>>> CLSMAT
<May23-2026> <11:46:33>  >>>> ORTHON
<May23-2026> <11:46:33>  >>>> GENPT
<May23-2026> <11:46:33>  Block Length=  64
<May23-2026> <11:46:33>  >>>> PTBAS
<May23-2026> <11:46:33>  >>>> CYCLE
<May23-2026> <11:46:33>              |Error|         MaxErr       Wt(A-DIIS)
<May23-2026> <11:46:33>      1      0.00000000      0.00000000
<May23-2026> <11:46:33>      2      0.03100426      0.02644614
<May23-2026> <11:46:33>      3      0.00958086      0.00932931    100.0
<May23-2026> <11:46:33>      4      0.00232128      0.00228673      1.3
<May23-2026> <11:46:33>      5      0.00003156      0.00002984      0.0
<May23-2026> <11:46:33>      6      0.00000096      0.00000091      0.0
<May23-2026> <11:46:33>      7      0.00000000      0.00000000      0.0
<May23-2026> <11:46:33>  SCF converged
<May23-2026> <11:46:33>      8      0.00000000      0.00000000      0.0
<May23-2026> <11:46:33>  >>>> POPAN
<May23-2026> <11:46:33>  >>>> DEBYE
<May23-2026> <11:46:33>  *** adf ***
<May23-2026> <11:46:33>  Net Charge: 0 (Nuclei minus Electrons)
<May23-2026> <11:46:33>  Spin polar: -1 (Spin_A minus Spin_B electrons)
<May23-2026> <11:46:33>  Symmetry  : NOSYM
<May23-2026> <11:46:33>  >>>> FRAGM
<May23-2026> <11:46:33>  Coordinates
<May23-2026> <11:46:33>     Atom         X           Y           Z   (Angstrom)
<May23-2026> <11:46:33>     1.C         0.799941   -1.413562    1.042753
<May23-2026> <11:46:33>     2.C         1.185567   -0.743004   -0.109586
<May23-2026> <11:46:33>     3.C         1.636747    0.568958   -0.159645
<May23-2026> <11:46:33>     4.H         0.831412   -0.923602    2.014198
<May23-2026> <11:46:33>     5.H         0.455355   -2.442827    1.010268
<May23-2026> <11:46:33>     6.H         1.132181   -1.292228   -1.052715
<May23-2026> <11:46:33>     7.H         1.924590    1.033513   -1.097971
<May23-2026> <11:46:33>     8.H         1.715853    1.169469    0.744762
<May23-2026> <11:46:33>  >>>> CORORT
<May23-2026> <11:46:33>  >>>> CLSMAT
<May23-2026> <11:46:33>  >>>> ORTHON
<May23-2026> <11:46:33>  >>>> GENPT
<May23-2026> <11:46:33>  Block Length= 128
<May23-2026> <11:46:33>  >>>> PTBAS
<May23-2026> <11:46:34>  >>>> CYCLE
<May23-2026> <11:46:38>              |Error|         MaxErr       Wt(A-DIIS)
<May23-2026> <11:46:38>      1      4.01454637      0.49767033
<May23-2026> <11:46:41>      2      0.78264453      0.08942933    100.0
<May23-2026> <11:46:43>      3      0.69901219      0.07947861    100.0
<May23-2026> <11:46:46>      4      1.04166494      0.12936826    100.0
<May23-2026> <11:46:49>      5      0.15836968      0.01940686     18.6
<May23-2026> <11:46:52>      6      0.07495477      0.00879102      7.9
<May23-2026> <11:46:55>      7      0.01417826      0.00196324      1.0
<May23-2026> <11:46:58>      8      0.00256573      0.00038908      0.0
<May23-2026> <11:47:01>      9      0.00108979      0.00018436      0.0
<May23-2026> <11:47:04>     10      0.00084077      0.00011644      0.0
<May23-2026> <11:47:07>     11      0.00025980      0.00003375      0.0
<May23-2026> <11:47:09>     12      0.00002201      0.00000597      0.0
<May23-2026> <11:47:12>     13      0.00000441      0.00000058      0.0
<May23-2026> <11:47:13>  SCF converged
<May23-2026> <11:47:15>     14      0.00000115      0.00000013      0.0
<May23-2026> <11:47:18>  >>>> TOTEN
<May23-2026> <11:47:25>  >>>> POPAN
<May23-2026> <11:47:25>  >>>> DEBYE
<May23-2026> <11:47:25>  >>>> AMETS
<May23-2026> <11:47:25>   Bond Energy          -1.54395759 a.u.
<May23-2026> <11:47:25>   Bond Energy         -42.01322365 eV
<May23-2026> <11:47:25>   Bond Energy        -968.85       kcal/mol
<May23-2026> <11:47:25>  >>>> POPUL
<May23-2026> <11:47:25>  NORMAL TERMINATION
