--------------------------------------------------------------------------
By default, for Open MPI 4.0 and later, infiniband ports on a device
are not used by default.  The intent is to use UCX for these devices.
You can override this policy by setting the btl_openib_allow_ib MCA parameter
to true.

  Local host:              n047
  Local adapter:           mlx5_2
  Local port:              1

--------------------------------------------------------------------------
--------------------------------------------------------------------------
WARNING: There was an error initializing an OpenFabrics device.

  Local host:   n047
  Local device: mlx5_2
--------------------------------------------------------------------------
[n047.hpc:3090763] 7 more processes have sent help message help-mpi-btl-openib.txt / ib port not selected
[n047.hpc:3090763] Set MCA parameter "orte_base_help_aggregate" to 0 to see all help / error messages
[n047.hpc:3090763] 7 more processes have sent help message help-mpi-btl-openib.txt / error in device init
--------------------------------------------------------------------------
By default, for Open MPI 4.0 and later, infiniband ports on a device
are not used by default.  The intent is to use UCX for these devices.
You can override this policy by setting the btl_openib_allow_ib MCA parameter
to true.

  Local host:              n047
  Local adapter:           mlx5_2
  Local port:              1

--------------------------------------------------------------------------
--------------------------------------------------------------------------
WARNING: There was an error initializing an OpenFabrics device.

  Local host:   n047
  Local device: mlx5_2
--------------------------------------------------------------------------
[n047.hpc:3090849] 7 more processes have sent help message help-mpi-btl-openib.txt / ib port not selected
[n047.hpc:3090849] Set MCA parameter "orte_base_help_aggregate" to 0 to see all help / error messages
[n047.hpc:3090849] 7 more processes have sent help message help-mpi-btl-openib.txt / error in device init
--------------------------------------------------------------------------
By default, for Open MPI 4.0 and later, infiniband ports on a device
are not used by default.  The intent is to use UCX for these devices.
You can override this policy by setting the btl_openib_allow_ib MCA parameter
to true.

  Local host:              n047
  Local adapter:           mlx5_2
  Local port:              1

--------------------------------------------------------------------------
--------------------------------------------------------------------------
WARNING: There was an error initializing an OpenFabrics device.

  Local host:   n047
  Local device: mlx5_2
--------------------------------------------------------------------------
[n047.hpc:3090994] 7 more processes have sent help message help-mpi-btl-openib.txt / ib port not selected
[n047.hpc:3090994] Set MCA parameter "orte_base_help_aggregate" to 0 to see all help / error messages
[n047.hpc:3090994] 7 more processes have sent help message help-mpi-btl-openib.txt / error in device init
--------------------------------------------------------------------------
By default, for Open MPI 4.0 and later, infiniband ports on a device
are not used by default.  The intent is to use UCX for these devices.
You can override this policy by setting the btl_openib_allow_ib MCA parameter
to true.

  Local host:              n047
  Local adapter:           mlx5_2
  Local port:              1

--------------------------------------------------------------------------
--------------------------------------------------------------------------
WARNING: There was an error initializing an OpenFabrics device.

  Local host:   n047
  Local device: mlx5_2
--------------------------------------------------------------------------
[n047.hpc:3091201] 7 more processes have sent help message help-mpi-btl-openib.txt / ib port not selected
[n047.hpc:3091201] Set MCA parameter "orte_base_help_aggregate" to 0 to see all help / error messages
[n047.hpc:3091201] 7 more processes have sent help message help-mpi-btl-openib.txt / error in device init
--------------------------------------------------------------------------
By default, for Open MPI 4.0 and later, infiniband ports on a device
are not used by default.  The intent is to use UCX for these devices.
You can override this policy by setting the btl_openib_allow_ib MCA parameter
to true.

  Local host:              n047
  Local adapter:           mlx5_2
  Local port:              1

--------------------------------------------------------------------------
--------------------------------------------------------------------------
WARNING: There was an error initializing an OpenFabrics device.

  Local host:   n047
  Local device: mlx5_2
--------------------------------------------------------------------------
[n047.hpc:3091229] 7 more processes have sent help message help-mpi-btl-openib.txt / ib port not selected
[n047.hpc:3091229] Set MCA parameter "orte_base_help_aggregate" to 0 to see all help / error messages
[n047.hpc:3091229] 7 more processes have sent help message help-mpi-btl-openib.txt / error in device init
--------------------------------------------------------------------------
By default, for Open MPI 4.0 and later, infiniband ports on a device
are not used by default.  The intent is to use UCX for these devices.
You can override this policy by setting the btl_openib_allow_ib MCA parameter
to true.

  Local host:              n047
  Local adapter:           mlx5_2
  Local port:              1

--------------------------------------------------------------------------
--------------------------------------------------------------------------
WARNING: There was an error initializing an OpenFabrics device.

  Local host:   n047
  Local device: mlx5_2
--------------------------------------------------------------------------
[n047.hpc:3091371] 7 more processes have sent help message help-mpi-btl-openib.txt / ib port not selected
[n047.hpc:3091371] Set MCA parameter "orte_base_help_aggregate" to 0 to see all help / error messages
[n047.hpc:3091371] 7 more processes have sent help message help-mpi-btl-openib.txt / error in device init
--------------------------------------------------------------------------
By default, for Open MPI 4.0 and later, infiniband ports on a device
are not used by default.  The intent is to use UCX for these devices.
You can override this policy by setting the btl_openib_allow_ib MCA parameter
to true.

  Local host:              n047
  Local adapter:           mlx5_2
  Local port:              1

--------------------------------------------------------------------------
--------------------------------------------------------------------------
WARNING: There was an error initializing an OpenFabrics device.

  Local host:   n047
  Local device: mlx5_2
--------------------------------------------------------------------------
[n047.hpc:3091399] 7 more processes have sent help message help-mpi-btl-openib.txt / ib port not selected
[n047.hpc:3091399] Set MCA parameter "orte_base_help_aggregate" to 0 to see all help / error messages
[n047.hpc:3091399] 7 more processes have sent help message help-mpi-btl-openib.txt / error in device init
--------------------------------------------------------------------------
By default, for Open MPI 4.0 and later, infiniband ports on a device
are not used by default.  The intent is to use UCX for these devices.
You can override this policy by setting the btl_openib_allow_ib MCA parameter
to true.

  Local host:              n047
  Local adapter:           mlx5_2
  Local port:              1

--------------------------------------------------------------------------
--------------------------------------------------------------------------
WARNING: There was an error initializing an OpenFabrics device.

  Local host:   n047
  Local device: mlx5_2
--------------------------------------------------------------------------
[n047.hpc:3091427] 7 more processes have sent help message help-mpi-btl-openib.txt / ib port not selected
[n047.hpc:3091427] Set MCA parameter "orte_base_help_aggregate" to 0 to see all help / error messages
[n047.hpc:3091427] 7 more processes have sent help message help-mpi-btl-openib.txt / error in device init
--------------------------------------------------------------------------
By default, for Open MPI 4.0 and later, infiniband ports on a device
are not used by default.  The intent is to use UCX for these devices.
You can override this policy by setting the btl_openib_allow_ib MCA parameter
to true.

  Local host:              n047
  Local adapter:           mlx5_2
  Local port:              1

--------------------------------------------------------------------------
--------------------------------------------------------------------------
WARNING: There was an error initializing an OpenFabrics device.

  Local host:   n047
  Local device: mlx5_2
--------------------------------------------------------------------------
[n047.hpc:3091455] 7 more processes have sent help message help-mpi-btl-openib.txt / ib port not selected
[n047.hpc:3091455] Set MCA parameter "orte_base_help_aggregate" to 0 to see all help / error messages
[n047.hpc:3091455] 7 more processes have sent help message help-mpi-btl-openib.txt / error in device init
--------------------------------------------------------------------------
By default, for Open MPI 4.0 and later, infiniband ports on a device
are not used by default.  The intent is to use UCX for these devices.
You can override this policy by setting the btl_openib_allow_ib MCA parameter
to true.

  Local host:              n047
  Local adapter:           mlx5_2
  Local port:              1

--------------------------------------------------------------------------
--------------------------------------------------------------------------
WARNING: There was an error initializing an OpenFabrics device.

  Local host:   n047
  Local device: mlx5_2
--------------------------------------------------------------------------
[n047.hpc:3091755] 7 more processes have sent help message help-mpi-btl-openib.txt / ib port not selected
[n047.hpc:3091755] Set MCA parameter "orte_base_help_aggregate" to 0 to see all help / error messages
[n047.hpc:3091755] 7 more processes have sent help message help-mpi-btl-openib.txt / error in device init
--------------------------------------------------------------------------
By default, for Open MPI 4.0 and later, infiniband ports on a device
are not used by default.  The intent is to use UCX for these devices.
You can override this policy by setting the btl_openib_allow_ib MCA parameter
to true.

  Local host:              n047
  Local adapter:           mlx5_2
  Local port:              1

--------------------------------------------------------------------------
--------------------------------------------------------------------------
WARNING: There was an error initializing an OpenFabrics device.

  Local host:   n047
  Local device: mlx5_2
--------------------------------------------------------------------------
[n047.hpc:3091784] 7 more processes have sent help message help-mpi-btl-openib.txt / ib port not selected
[n047.hpc:3091784] Set MCA parameter "orte_base_help_aggregate" to 0 to see all help / error messages
[n047.hpc:3091784] 7 more processes have sent help message help-mpi-btl-openib.txt / error in device init
--------------------------------------------------------------------------
By default, for Open MPI 4.0 and later, infiniband ports on a device
are not used by default.  The intent is to use UCX for these devices.
You can override this policy by setting the btl_openib_allow_ib MCA parameter
to true.

  Local host:              n047
  Local adapter:           mlx5_2
  Local port:              1

--------------------------------------------------------------------------
--------------------------------------------------------------------------
WARNING: There was an error initializing an OpenFabrics device.

  Local host:   n047
  Local device: mlx5_2
--------------------------------------------------------------------------
[n047.hpc:3091898] 7 more processes have sent help message help-mpi-btl-openib.txt / ib port not selected
[n047.hpc:3091898] Set MCA parameter "orte_base_help_aggregate" to 0 to see all help / error messages
[n047.hpc:3091898] 7 more processes have sent help message help-mpi-btl-openib.txt / error in device init
--------------------------------------------------------------------------
By default, for Open MPI 4.0 and later, infiniband ports on a device
are not used by default.  The intent is to use UCX for these devices.
You can override this policy by setting the btl_openib_allow_ib MCA parameter
to true.

  Local host:              n047
  Local adapter:           mlx5_2
  Local port:              1

--------------------------------------------------------------------------
--------------------------------------------------------------------------
WARNING: There was an error initializing an OpenFabrics device.

  Local host:   n047
  Local device: mlx5_2
--------------------------------------------------------------------------
[n047.hpc:3091954] 7 more processes have sent help message help-mpi-btl-openib.txt / ib port not selected
[n047.hpc:3091954] Set MCA parameter "orte_base_help_aggregate" to 0 to see all help / error messages
[n047.hpc:3091954] 7 more processes have sent help message help-mpi-btl-openib.txt / error in device init
--------------------------------------------------------------------------
By default, for Open MPI 4.0 and later, infiniband ports on a device
are not used by default.  The intent is to use UCX for these devices.
You can override this policy by setting the btl_openib_allow_ib MCA parameter
to true.

  Local host:              n047
  Local adapter:           mlx5_2
  Local port:              1

--------------------------------------------------------------------------
--------------------------------------------------------------------------
WARNING: There was an error initializing an OpenFabrics device.

  Local host:   n047
  Local device: mlx5_2
--------------------------------------------------------------------------
[n047.hpc:3091982] 7 more processes have sent help message help-mpi-btl-openib.txt / ib port not selected
[n047.hpc:3091982] Set MCA parameter "orte_base_help_aggregate" to 0 to see all help / error messages
[n047.hpc:3091982] 7 more processes have sent help message help-mpi-btl-openib.txt / error in device init
--------------------------------------------------------------------------
By default, for Open MPI 4.0 and later, infiniband ports on a device
are not used by default.  The intent is to use UCX for these devices.
You can override this policy by setting the btl_openib_allow_ib MCA parameter
to true.

  Local host:              n047
  Local adapter:           mlx5_2
  Local port:              1

--------------------------------------------------------------------------
--------------------------------------------------------------------------
WARNING: There was an error initializing an OpenFabrics device.

  Local host:   n047
  Local device: mlx5_2
--------------------------------------------------------------------------
[n047.hpc:3092010] 7 more processes have sent help message help-mpi-btl-openib.txt / ib port not selected
[n047.hpc:3092010] Set MCA parameter "orte_base_help_aggregate" to 0 to see all help / error messages
[n047.hpc:3092010] 7 more processes have sent help message help-mpi-btl-openib.txt / error in device init
--------------------------------------------------------------------------
By default, for Open MPI 4.0 and later, infiniband ports on a device
are not used by default.  The intent is to use UCX for these devices.
You can override this policy by setting the btl_openib_allow_ib MCA parameter
to true.

  Local host:              n047
  Local adapter:           mlx5_2
  Local port:              1

--------------------------------------------------------------------------
--------------------------------------------------------------------------
WARNING: There was an error initializing an OpenFabrics device.

  Local host:   n047
  Local device: mlx5_2
--------------------------------------------------------------------------
[n047.hpc:3092274] 7 more processes have sent help message help-mpi-btl-openib.txt / ib port not selected
[n047.hpc:3092274] Set MCA parameter "orte_base_help_aggregate" to 0 to see all help / error messages
[n047.hpc:3092274] 7 more processes have sent help message help-mpi-btl-openib.txt / error in device init
--------------------------------------------------------------------------
By default, for Open MPI 4.0 and later, infiniband ports on a device
are not used by default.  The intent is to use UCX for these devices.
You can override this policy by setting the btl_openib_allow_ib MCA parameter
to true.

  Local host:              n047
  Local adapter:           mlx5_2
  Local port:              1

--------------------------------------------------------------------------
--------------------------------------------------------------------------
WARNING: There was an error initializing an OpenFabrics device.

  Local host:   n047
  Local device: mlx5_2
--------------------------------------------------------------------------
[n047.hpc:3092302] 7 more processes have sent help message help-mpi-btl-openib.txt / ib port not selected
[n047.hpc:3092302] Set MCA parameter "orte_base_help_aggregate" to 0 to see all help / error messages
[n047.hpc:3092302] 7 more processes have sent help message help-mpi-btl-openib.txt / error in device init
--------------------------------------------------------------------------
By default, for Open MPI 4.0 and later, infiniband ports on a device
are not used by default.  The intent is to use UCX for these devices.
You can override this policy by setting the btl_openib_allow_ib MCA parameter
to true.

  Local host:              n047
  Local adapter:           mlx5_2
  Local port:              1

--------------------------------------------------------------------------
--------------------------------------------------------------------------
WARNING: There was an error initializing an OpenFabrics device.

  Local host:   n047
  Local device: mlx5_2
--------------------------------------------------------------------------
[n047.hpc:3092330] 7 more processes have sent help message help-mpi-btl-openib.txt / ib port not selected
[n047.hpc:3092330] Set MCA parameter "orte_base_help_aggregate" to 0 to see all help / error messages
[n047.hpc:3092330] 7 more processes have sent help message help-mpi-btl-openib.txt / error in device init
--------------------------------------------------------------------------
By default, for Open MPI 4.0 and later, infiniband ports on a device
are not used by default.  The intent is to use UCX for these devices.
You can override this policy by setting the btl_openib_allow_ib MCA parameter
to true.

  Local host:              n047
  Local adapter:           mlx5_2
  Local port:              1

--------------------------------------------------------------------------
--------------------------------------------------------------------------
WARNING: There was an error initializing an OpenFabrics device.

  Local host:   n047
  Local device: mlx5_2
--------------------------------------------------------------------------
[n047.hpc:3092358] 7 more processes have sent help message help-mpi-btl-openib.txt / ib port not selected
[n047.hpc:3092358] Set MCA parameter "orte_base_help_aggregate" to 0 to see all help / error messages
[n047.hpc:3092358] 7 more processes have sent help message help-mpi-btl-openib.txt / error in device init
--------------------------------------------------------------------------
By default, for Open MPI 4.0 and later, infiniband ports on a device
are not used by default.  The intent is to use UCX for these devices.
You can override this policy by setting the btl_openib_allow_ib MCA parameter
to true.

  Local host:              n047
  Local adapter:           mlx5_2
  Local port:              1

--------------------------------------------------------------------------
--------------------------------------------------------------------------
WARNING: There was an error initializing an OpenFabrics device.

  Local host:   n047
  Local device: mlx5_2
--------------------------------------------------------------------------
[n047.hpc:3092386] 7 more processes have sent help message help-mpi-btl-openib.txt / ib port not selected
[n047.hpc:3092386] Set MCA parameter "orte_base_help_aggregate" to 0 to see all help / error messages
[n047.hpc:3092386] 7 more processes have sent help message help-mpi-btl-openib.txt / error in device init
--------------------------------------------------------------------------
By default, for Open MPI 4.0 and later, infiniband ports on a device
are not used by default.  The intent is to use UCX for these devices.
You can override this policy by setting the btl_openib_allow_ib MCA parameter
to true.

  Local host:              n047
  Local adapter:           mlx5_2
  Local port:              1

--------------------------------------------------------------------------
--------------------------------------------------------------------------
WARNING: There was an error initializing an OpenFabrics device.

  Local host:   n047
  Local device: mlx5_2
--------------------------------------------------------------------------
[n047.hpc:3092414] 7 more processes have sent help message help-mpi-btl-openib.txt / ib port not selected
[n047.hpc:3092414] Set MCA parameter "orte_base_help_aggregate" to 0 to see all help / error messages
[n047.hpc:3092414] 7 more processes have sent help message help-mpi-btl-openib.txt / error in device init
--------------------------------------------------------------------------
By default, for Open MPI 4.0 and later, infiniband ports on a device
are not used by default.  The intent is to use UCX for these devices.
You can override this policy by setting the btl_openib_allow_ib MCA parameter
to true.

  Local host:              n047
  Local adapter:           mlx5_2
  Local port:              1

--------------------------------------------------------------------------
--------------------------------------------------------------------------
WARNING: There was an error initializing an OpenFabrics device.

  Local host:   n047
  Local device: mlx5_2
--------------------------------------------------------------------------
[n047.hpc:3092782] 7 more processes have sent help message help-mpi-btl-openib.txt / ib port not selected
[n047.hpc:3092782] Set MCA parameter "orte_base_help_aggregate" to 0 to see all help / error messages
[n047.hpc:3092782] 7 more processes have sent help message help-mpi-btl-openib.txt / error in device init
--------------------------------------------------------------------------
By default, for Open MPI 4.0 and later, infiniband ports on a device
are not used by default.  The intent is to use UCX for these devices.
You can override this policy by setting the btl_openib_allow_ib MCA parameter
to true.

  Local host:              n047
  Local adapter:           mlx5_2
  Local port:              1

--------------------------------------------------------------------------
--------------------------------------------------------------------------
WARNING: There was an error initializing an OpenFabrics device.

  Local host:   n047
  Local device: mlx5_2
--------------------------------------------------------------------------
[n047.hpc:3092810] 7 more processes have sent help message help-mpi-btl-openib.txt / ib port not selected
[n047.hpc:3092810] Set MCA parameter "orte_base_help_aggregate" to 0 to see all help / error messages
[n047.hpc:3092810] 7 more processes have sent help message help-mpi-btl-openib.txt / error in device init
--------------------------------------------------------------------------
By default, for Open MPI 4.0 and later, infiniband ports on a device
are not used by default.  The intent is to use UCX for these devices.
You can override this policy by setting the btl_openib_allow_ib MCA parameter
to true.

  Local host:              n047
  Local adapter:           mlx5_2
  Local port:              1

--------------------------------------------------------------------------
--------------------------------------------------------------------------
WARNING: There was an error initializing an OpenFabrics device.

  Local host:   n047
  Local device: mlx5_2
--------------------------------------------------------------------------
[n047.hpc:3092953] 7 more processes have sent help message help-mpi-btl-openib.txt / ib port not selected
[n047.hpc:3092953] Set MCA parameter "orte_base_help_aggregate" to 0 to see all help / error messages
[n047.hpc:3092953] 7 more processes have sent help message help-mpi-btl-openib.txt / error in device init
--------------------------------------------------------------------------
By default, for Open MPI 4.0 and later, infiniband ports on a device
are not used by default.  The intent is to use UCX for these devices.
You can override this policy by setting the btl_openib_allow_ib MCA parameter
to true.

  Local host:              n047
  Local adapter:           mlx5_2
  Local port:              1

--------------------------------------------------------------------------
--------------------------------------------------------------------------
WARNING: There was an error initializing an OpenFabrics device.

  Local host:   n047
  Local device: mlx5_2
--------------------------------------------------------------------------
[n047.hpc:3092981] 7 more processes have sent help message help-mpi-btl-openib.txt / ib port not selected
[n047.hpc:3092981] Set MCA parameter "orte_base_help_aggregate" to 0 to see all help / error messages
[n047.hpc:3092981] 7 more processes have sent help message help-mpi-btl-openib.txt / error in device init
--------------------------------------------------------------------------
By default, for Open MPI 4.0 and later, infiniband ports on a device
are not used by default.  The intent is to use UCX for these devices.
You can override this policy by setting the btl_openib_allow_ib MCA parameter
to true.

  Local host:              n047
  Local adapter:           mlx5_2
  Local port:              1

--------------------------------------------------------------------------
--------------------------------------------------------------------------
WARNING: There was an error initializing an OpenFabrics device.

  Local host:   n047
  Local device: mlx5_2
--------------------------------------------------------------------------
[n047.hpc:3093009] 7 more processes have sent help message help-mpi-btl-openib.txt / ib port not selected
[n047.hpc:3093009] Set MCA parameter "orte_base_help_aggregate" to 0 to see all help / error messages
[n047.hpc:3093009] 7 more processes have sent help message help-mpi-btl-openib.txt / error in device init
--------------------------------------------------------------------------
By default, for Open MPI 4.0 and later, infiniband ports on a device
are not used by default.  The intent is to use UCX for these devices.
You can override this policy by setting the btl_openib_allow_ib MCA parameter
to true.

  Local host:              n047
  Local adapter:           mlx5_2
  Local port:              1

--------------------------------------------------------------------------
--------------------------------------------------------------------------
WARNING: There was an error initializing an OpenFabrics device.

  Local host:   n047
  Local device: mlx5_2
--------------------------------------------------------------------------
[n047.hpc:3093037] 7 more processes have sent help message help-mpi-btl-openib.txt / ib port not selected
[n047.hpc:3093037] Set MCA parameter "orte_base_help_aggregate" to 0 to see all help / error messages
[n047.hpc:3093037] 7 more processes have sent help message help-mpi-btl-openib.txt / error in device init
--------------------------------------------------------------------------
By default, for Open MPI 4.0 and later, infiniband ports on a device
are not used by default.  The intent is to use UCX for these devices.
You can override this policy by setting the btl_openib_allow_ib MCA parameter
to true.

  Local host:              n047
  Local adapter:           mlx5_2
  Local port:              1

--------------------------------------------------------------------------
--------------------------------------------------------------------------
WARNING: There was an error initializing an OpenFabrics device.

  Local host:   n047
  Local device: mlx5_2
--------------------------------------------------------------------------
[n047.hpc:3093406] 7 more processes have sent help message help-mpi-btl-openib.txt / ib port not selected
[n047.hpc:3093406] Set MCA parameter "orte_base_help_aggregate" to 0 to see all help / error messages
[n047.hpc:3093406] 7 more processes have sent help message help-mpi-btl-openib.txt / error in device init
--------------------------------------------------------------------------
By default, for Open MPI 4.0 and later, infiniband ports on a device
are not used by default.  The intent is to use UCX for these devices.
You can override this policy by setting the btl_openib_allow_ib MCA parameter
to true.

  Local host:              n047
  Local adapter:           mlx5_2
  Local port:              1

--------------------------------------------------------------------------
--------------------------------------------------------------------------
WARNING: There was an error initializing an OpenFabrics device.

  Local host:   n047
  Local device: mlx5_2
--------------------------------------------------------------------------
[n047.hpc:3093434] 7 more processes have sent help message help-mpi-btl-openib.txt / ib port not selected
[n047.hpc:3093434] Set MCA parameter "orte_base_help_aggregate" to 0 to see all help / error messages
[n047.hpc:3093434] 7 more processes have sent help message help-mpi-btl-openib.txt / error in device init
--------------------------------------------------------------------------
By default, for Open MPI 4.0 and later, infiniband ports on a device
are not used by default.  The intent is to use UCX for these devices.
You can override this policy by setting the btl_openib_allow_ib MCA parameter
to true.

  Local host:              n047
  Local adapter:           mlx5_2
  Local port:              1

--------------------------------------------------------------------------
--------------------------------------------------------------------------
WARNING: There was an error initializing an OpenFabrics device.

  Local host:   n047
  Local device: mlx5_2
--------------------------------------------------------------------------
[n047.hpc:3093472] 7 more processes have sent help message help-mpi-btl-openib.txt / ib port not selected
[n047.hpc:3093472] Set MCA parameter "orte_base_help_aggregate" to 0 to see all help / error messages
[n047.hpc:3093472] 7 more processes have sent help message help-mpi-btl-openib.txt / error in device init
--------------------------------------------------------------------------
By default, for Open MPI 4.0 and later, infiniband ports on a device
are not used by default.  The intent is to use UCX for these devices.
You can override this policy by setting the btl_openib_allow_ib MCA parameter
to true.

  Local host:              n047
  Local adapter:           mlx5_2
  Local port:              1

--------------------------------------------------------------------------
--------------------------------------------------------------------------
WARNING: There was an error initializing an OpenFabrics device.

  Local host:   n047
  Local device: mlx5_2
--------------------------------------------------------------------------
[n047.hpc:3093500] 7 more processes have sent help message help-mpi-btl-openib.txt / ib port not selected
[n047.hpc:3093500] Set MCA parameter "orte_base_help_aggregate" to 0 to see all help / error messages
[n047.hpc:3093500] 7 more processes have sent help message help-mpi-btl-openib.txt / error in device init
--------------------------------------------------------------------------
By default, for Open MPI 4.0 and later, infiniband ports on a device
are not used by default.  The intent is to use UCX for these devices.
You can override this policy by setting the btl_openib_allow_ib MCA parameter
to true.

  Local host:              n047
  Local adapter:           mlx5_2
  Local port:              1

--------------------------------------------------------------------------
--------------------------------------------------------------------------
WARNING: There was an error initializing an OpenFabrics device.

  Local host:   n047
  Local device: mlx5_2
--------------------------------------------------------------------------
[n047.hpc:3093528] 7 more processes have sent help message help-mpi-btl-openib.txt / ib port not selected
[n047.hpc:3093528] Set MCA parameter "orte_base_help_aggregate" to 0 to see all help / error messages
[n047.hpc:3093528] 7 more processes have sent help message help-mpi-btl-openib.txt / error in device init
--------------------------------------------------------------------------
By default, for Open MPI 4.0 and later, infiniband ports on a device
are not used by default.  The intent is to use UCX for these devices.
You can override this policy by setting the btl_openib_allow_ib MCA parameter
to true.

  Local host:              n047
  Local adapter:           mlx5_2
  Local port:              1

--------------------------------------------------------------------------
--------------------------------------------------------------------------
WARNING: There was an error initializing an OpenFabrics device.

  Local host:   n047
  Local device: mlx5_2
--------------------------------------------------------------------------
[n047.hpc:3093556] 7 more processes have sent help message help-mpi-btl-openib.txt / ib port not selected
[n047.hpc:3093556] Set MCA parameter "orte_base_help_aggregate" to 0 to see all help / error messages
[n047.hpc:3093556] 7 more processes have sent help message help-mpi-btl-openib.txt / error in device init
--------------------------------------------------------------------------
By default, for Open MPI 4.0 and later, infiniband ports on a device
are not used by default.  The intent is to use UCX for these devices.
You can override this policy by setting the btl_openib_allow_ib MCA parameter
to true.

  Local host:              n047
  Local adapter:           mlx5_2
  Local port:              1

--------------------------------------------------------------------------
--------------------------------------------------------------------------
WARNING: There was an error initializing an OpenFabrics device.

  Local host:   n047
  Local device: mlx5_2
--------------------------------------------------------------------------
[n047.hpc:3093922] 7 more processes have sent help message help-mpi-btl-openib.txt / ib port not selected
[n047.hpc:3093922] Set MCA parameter "orte_base_help_aggregate" to 0 to see all help / error messages
[n047.hpc:3093922] 7 more processes have sent help message help-mpi-btl-openib.txt / error in device init
--------------------------------------------------------------------------
By default, for Open MPI 4.0 and later, infiniband ports on a device
are not used by default.  The intent is to use UCX for these devices.
You can override this policy by setting the btl_openib_allow_ib MCA parameter
to true.

  Local host:              n047
  Local adapter:           mlx5_2
  Local port:              1

--------------------------------------------------------------------------
--------------------------------------------------------------------------
WARNING: There was an error initializing an OpenFabrics device.

  Local host:   n047
  Local device: mlx5_2
--------------------------------------------------------------------------
[n047.hpc:3093951] 7 more processes have sent help message help-mpi-btl-openib.txt / ib port not selected
[n047.hpc:3093951] Set MCA parameter "orte_base_help_aggregate" to 0 to see all help / error messages
[n047.hpc:3093951] 7 more processes have sent help message help-mpi-btl-openib.txt / error in device init
--------------------------------------------------------------------------
By default, for Open MPI 4.0 and later, infiniband ports on a device
are not used by default.  The intent is to use UCX for these devices.
You can override this policy by setting the btl_openib_allow_ib MCA parameter
to true.

  Local host:              n047
  Local adapter:           mlx5_2
  Local port:              1

--------------------------------------------------------------------------
--------------------------------------------------------------------------
WARNING: There was an error initializing an OpenFabrics device.

  Local host:   n047
  Local device: mlx5_2
--------------------------------------------------------------------------
[n047.hpc:3093981] 7 more processes have sent help message help-mpi-btl-openib.txt / ib port not selected
[n047.hpc:3093981] Set MCA parameter "orte_base_help_aggregate" to 0 to see all help / error messages
[n047.hpc:3093981] 7 more processes have sent help message help-mpi-btl-openib.txt / error in device init
--------------------------------------------------------------------------
By default, for Open MPI 4.0 and later, infiniband ports on a device
are not used by default.  The intent is to use UCX for these devices.
You can override this policy by setting the btl_openib_allow_ib MCA parameter
to true.

  Local host:              n047
  Local adapter:           mlx5_2
  Local port:              1

--------------------------------------------------------------------------
--------------------------------------------------------------------------
WARNING: There was an error initializing an OpenFabrics device.

  Local host:   n047
  Local device: mlx5_2
--------------------------------------------------------------------------
[n047.hpc:3094009] 7 more processes have sent help message help-mpi-btl-openib.txt / ib port not selected
[n047.hpc:3094009] Set MCA parameter "orte_base_help_aggregate" to 0 to see all help / error messages
[n047.hpc:3094009] 7 more processes have sent help message help-mpi-btl-openib.txt / error in device init
--------------------------------------------------------------------------
By default, for Open MPI 4.0 and later, infiniband ports on a device
are not used by default.  The intent is to use UCX for these devices.
You can override this policy by setting the btl_openib_allow_ib MCA parameter
to true.

  Local host:              n047
  Local adapter:           mlx5_2
  Local port:              1

--------------------------------------------------------------------------
--------------------------------------------------------------------------
WARNING: There was an error initializing an OpenFabrics device.

  Local host:   n047
  Local device: mlx5_2
--------------------------------------------------------------------------
[n047.hpc:3094037] 7 more processes have sent help message help-mpi-btl-openib.txt / ib port not selected
[n047.hpc:3094037] Set MCA parameter "orte_base_help_aggregate" to 0 to see all help / error messages
[n047.hpc:3094037] 7 more processes have sent help message help-mpi-btl-openib.txt / error in device init
--------------------------------------------------------------------------
By default, for Open MPI 4.0 and later, infiniband ports on a device
are not used by default.  The intent is to use UCX for these devices.
You can override this policy by setting the btl_openib_allow_ib MCA parameter
to true.

  Local host:              n047
  Local adapter:           mlx5_2
  Local port:              1

--------------------------------------------------------------------------
--------------------------------------------------------------------------
WARNING: There was an error initializing an OpenFabrics device.

  Local host:   n047
  Local device: mlx5_2
--------------------------------------------------------------------------
[n047.hpc:3094065] 7 more processes have sent help message help-mpi-btl-openib.txt / ib port not selected
[n047.hpc:3094065] Set MCA parameter "orte_base_help_aggregate" to 0 to see all help / error messages
[n047.hpc:3094065] 7 more processes have sent help message help-mpi-btl-openib.txt / error in device init
--------------------------------------------------------------------------
By default, for Open MPI 4.0 and later, infiniband ports on a device
are not used by default.  The intent is to use UCX for these devices.
You can override this policy by setting the btl_openib_allow_ib MCA parameter
to true.

  Local host:              n047
  Local adapter:           mlx5_2
  Local port:              1

--------------------------------------------------------------------------
--------------------------------------------------------------------------
WARNING: There was an error initializing an OpenFabrics device.

  Local host:   n047
  Local device: mlx5_2
--------------------------------------------------------------------------
[n047.hpc:3094478] 7 more processes have sent help message help-mpi-btl-openib.txt / ib port not selected
[n047.hpc:3094478] Set MCA parameter "orte_base_help_aggregate" to 0 to see all help / error messages
[n047.hpc:3094478] 7 more processes have sent help message help-mpi-btl-openib.txt / error in device init
--------------------------------------------------------------------------
By default, for Open MPI 4.0 and later, infiniband ports on a device
are not used by default.  The intent is to use UCX for these devices.
You can override this policy by setting the btl_openib_allow_ib MCA parameter
to true.

  Local host:              n047
  Local adapter:           mlx5_2
  Local port:              1

--------------------------------------------------------------------------
--------------------------------------------------------------------------
WARNING: There was an error initializing an OpenFabrics device.

  Local host:   n047
  Local device: mlx5_2
--------------------------------------------------------------------------
[n047.hpc:3094506] 7 more processes have sent help message help-mpi-btl-openib.txt / ib port not selected
[n047.hpc:3094506] Set MCA parameter "orte_base_help_aggregate" to 0 to see all help / error messages
[n047.hpc:3094506] 7 more processes have sent help message help-mpi-btl-openib.txt / error in device init
--------------------------------------------------------------------------
By default, for Open MPI 4.0 and later, infiniband ports on a device
are not used by default.  The intent is to use UCX for these devices.
You can override this policy by setting the btl_openib_allow_ib MCA parameter
to true.

  Local host:              n047
  Local adapter:           mlx5_2
  Local port:              1

--------------------------------------------------------------------------
--------------------------------------------------------------------------
WARNING: There was an error initializing an OpenFabrics device.

  Local host:   n047
  Local device: mlx5_2
--------------------------------------------------------------------------
[n047.hpc:3094536] 7 more processes have sent help message help-mpi-btl-openib.txt / ib port not selected
[n047.hpc:3094536] Set MCA parameter "orte_base_help_aggregate" to 0 to see all help / error messages
[n047.hpc:3094536] 7 more processes have sent help message help-mpi-btl-openib.txt / error in device init
--------------------------------------------------------------------------
By default, for Open MPI 4.0 and later, infiniband ports on a device
are not used by default.  The intent is to use UCX for these devices.
You can override this policy by setting the btl_openib_allow_ib MCA parameter
to true.

  Local host:              n047
  Local adapter:           mlx5_2
  Local port:              1

--------------------------------------------------------------------------
--------------------------------------------------------------------------
WARNING: There was an error initializing an OpenFabrics device.

  Local host:   n047
  Local device: mlx5_2
--------------------------------------------------------------------------
[n047.hpc:3094564] 7 more processes have sent help message help-mpi-btl-openib.txt / ib port not selected
[n047.hpc:3094564] Set MCA parameter "orte_base_help_aggregate" to 0 to see all help / error messages
[n047.hpc:3094564] 7 more processes have sent help message help-mpi-btl-openib.txt / error in device init
--------------------------------------------------------------------------
By default, for Open MPI 4.0 and later, infiniband ports on a device
are not used by default.  The intent is to use UCX for these devices.
You can override this policy by setting the btl_openib_allow_ib MCA parameter
to true.

  Local host:              n047
  Local adapter:           mlx5_2
  Local port:              1

--------------------------------------------------------------------------
--------------------------------------------------------------------------
WARNING: There was an error initializing an OpenFabrics device.

  Local host:   n047
  Local device: mlx5_2
--------------------------------------------------------------------------
[n047.hpc:3094592] 7 more processes have sent help message help-mpi-btl-openib.txt / ib port not selected
[n047.hpc:3094592] Set MCA parameter "orte_base_help_aggregate" to 0 to see all help / error messages
[n047.hpc:3094592] 7 more processes have sent help message help-mpi-btl-openib.txt / error in device init
--------------------------------------------------------------------------
By default, for Open MPI 4.0 and later, infiniband ports on a device
are not used by default.  The intent is to use UCX for these devices.
You can override this policy by setting the btl_openib_allow_ib MCA parameter
to true.

  Local host:              n047
  Local adapter:           mlx5_2
  Local port:              1

--------------------------------------------------------------------------
--------------------------------------------------------------------------
WARNING: There was an error initializing an OpenFabrics device.

  Local host:   n047
  Local device: mlx5_2
--------------------------------------------------------------------------
[n047.hpc:3094620] 7 more processes have sent help message help-mpi-btl-openib.txt / ib port not selected
[n047.hpc:3094620] Set MCA parameter "orte_base_help_aggregate" to 0 to see all help / error messages
[n047.hpc:3094620] 7 more processes have sent help message help-mpi-btl-openib.txt / error in device init
--------------------------------------------------------------------------
By default, for Open MPI 4.0 and later, infiniband ports on a device
are not used by default.  The intent is to use UCX for these devices.
You can override this policy by setting the btl_openib_allow_ib MCA parameter
to true.

  Local host:              n047
  Local adapter:           mlx5_2
  Local port:              1

--------------------------------------------------------------------------
--------------------------------------------------------------------------
WARNING: There was an error initializing an OpenFabrics device.

  Local host:   n047
  Local device: mlx5_2
--------------------------------------------------------------------------
[n047.hpc:3095003] 7 more processes have sent help message help-mpi-btl-openib.txt / ib port not selected
[n047.hpc:3095003] Set MCA parameter "orte_base_help_aggregate" to 0 to see all help / error messages
[n047.hpc:3095003] 7 more processes have sent help message help-mpi-btl-openib.txt / error in device init
--------------------------------------------------------------------------
By default, for Open MPI 4.0 and later, infiniband ports on a device
are not used by default.  The intent is to use UCX for these devices.
You can override this policy by setting the btl_openib_allow_ib MCA parameter
to true.

  Local host:              n047
  Local adapter:           mlx5_2
  Local port:              1

--------------------------------------------------------------------------
--------------------------------------------------------------------------
WARNING: There was an error initializing an OpenFabrics device.

  Local host:   n047
  Local device: mlx5_2
--------------------------------------------------------------------------
[n047.hpc:3095031] 7 more processes have sent help message help-mpi-btl-openib.txt / ib port not selected
[n047.hpc:3095031] Set MCA parameter "orte_base_help_aggregate" to 0 to see all help / error messages
[n047.hpc:3095031] 7 more processes have sent help message help-mpi-btl-openib.txt / error in device init
--------------------------------------------------------------------------
By default, for Open MPI 4.0 and later, infiniband ports on a device
are not used by default.  The intent is to use UCX for these devices.
You can override this policy by setting the btl_openib_allow_ib MCA parameter
to true.

  Local host:              n047
  Local adapter:           mlx5_2
  Local port:              1

--------------------------------------------------------------------------
--------------------------------------------------------------------------
WARNING: There was an error initializing an OpenFabrics device.

  Local host:   n047
  Local device: mlx5_2
--------------------------------------------------------------------------
[n047.hpc:3095061] 7 more processes have sent help message help-mpi-btl-openib.txt / ib port not selected
[n047.hpc:3095061] Set MCA parameter "orte_base_help_aggregate" to 0 to see all help / error messages
[n047.hpc:3095061] 7 more processes have sent help message help-mpi-btl-openib.txt / error in device init
--------------------------------------------------------------------------
By default, for Open MPI 4.0 and later, infiniband ports on a device
are not used by default.  The intent is to use UCX for these devices.
You can override this policy by setting the btl_openib_allow_ib MCA parameter
to true.

  Local host:              n047
  Local adapter:           mlx5_2
  Local port:              1

--------------------------------------------------------------------------
--------------------------------------------------------------------------
WARNING: There was an error initializing an OpenFabrics device.

  Local host:   n047
  Local device: mlx5_2
--------------------------------------------------------------------------
[n047.hpc:3095089] 7 more processes have sent help message help-mpi-btl-openib.txt / ib port not selected
[n047.hpc:3095089] Set MCA parameter "orte_base_help_aggregate" to 0 to see all help / error messages
[n047.hpc:3095089] 7 more processes have sent help message help-mpi-btl-openib.txt / error in device init
--------------------------------------------------------------------------
By default, for Open MPI 4.0 and later, infiniband ports on a device
are not used by default.  The intent is to use UCX for these devices.
You can override this policy by setting the btl_openib_allow_ib MCA parameter
to true.

  Local host:              n047
  Local adapter:           mlx5_2
  Local port:              1

--------------------------------------------------------------------------
--------------------------------------------------------------------------
WARNING: There was an error initializing an OpenFabrics device.

  Local host:   n047
  Local device: mlx5_2
--------------------------------------------------------------------------
[n047.hpc:3095117] [[31017,0],0] ORTE_ERROR_LOG: Data unpack would read past end of buffer in file util/show_help.c at line 513
[n047.hpc:3095117] 7 more processes have sent help message help-mpi-btl-openib.txt / ib port not selected
[n047.hpc:3095117] Set MCA parameter "orte_base_help_aggregate" to 0 to see all help / error messages
[n047.hpc:3095117] 6 more processes have sent help message help-mpi-btl-openib.txt / error in device init
--------------------------------------------------------------------------
By default, for Open MPI 4.0 and later, infiniband ports on a device
are not used by default.  The intent is to use UCX for these devices.
You can override this policy by setting the btl_openib_allow_ib MCA parameter
to true.

  Local host:              n047
  Local adapter:           mlx5_2
  Local port:              1

--------------------------------------------------------------------------
--------------------------------------------------------------------------
WARNING: There was an error initializing an OpenFabrics device.

  Local host:   n047
  Local device: mlx5_2
--------------------------------------------------------------------------
[n047.hpc:3095145] 7 more processes have sent help message help-mpi-btl-openib.txt / ib port not selected
[n047.hpc:3095145] Set MCA parameter "orte_base_help_aggregate" to 0 to see all help / error messages
[n047.hpc:3095145] 7 more processes have sent help message help-mpi-btl-openib.txt / error in device init
--------------------------------------------------------------------------
By default, for Open MPI 4.0 and later, infiniband ports on a device
are not used by default.  The intent is to use UCX for these devices.
You can override this policy by setting the btl_openib_allow_ib MCA parameter
to true.

  Local host:              n047
  Local adapter:           mlx5_2
  Local port:              1

--------------------------------------------------------------------------
--------------------------------------------------------------------------
WARNING: There was an error initializing an OpenFabrics device.

  Local host:   n047
  Local device: mlx5_2
--------------------------------------------------------------------------
[n047.hpc:3095399] 7 more processes have sent help message help-mpi-btl-openib.txt / ib port not selected
[n047.hpc:3095399] Set MCA parameter "orte_base_help_aggregate" to 0 to see all help / error messages
[n047.hpc:3095399] 7 more processes have sent help message help-mpi-btl-openib.txt / error in device init
--------------------------------------------------------------------------
By default, for Open MPI 4.0 and later, infiniband ports on a device
are not used by default.  The intent is to use UCX for these devices.
You can override this policy by setting the btl_openib_allow_ib MCA parameter
to true.

  Local host:              n047
  Local adapter:           mlx5_2
  Local port:              1

--------------------------------------------------------------------------
--------------------------------------------------------------------------
WARNING: There was an error initializing an OpenFabrics device.

  Local host:   n047
  Local device: mlx5_2
--------------------------------------------------------------------------
[n047.hpc:3095427] 7 more processes have sent help message help-mpi-btl-openib.txt / ib port not selected
[n047.hpc:3095427] Set MCA parameter "orte_base_help_aggregate" to 0 to see all help / error messages
[n047.hpc:3095427] 7 more processes have sent help message help-mpi-btl-openib.txt / error in device init
--------------------------------------------------------------------------
By default, for Open MPI 4.0 and later, infiniband ports on a device
are not used by default.  The intent is to use UCX for these devices.
You can override this policy by setting the btl_openib_allow_ib MCA parameter
to true.

  Local host:              n047
  Local adapter:           mlx5_2
  Local port:              1

--------------------------------------------------------------------------
--------------------------------------------------------------------------
WARNING: There was an error initializing an OpenFabrics device.

  Local host:   n047
  Local device: mlx5_2
--------------------------------------------------------------------------
[n047.hpc:3095614] 7 more processes have sent help message help-mpi-btl-openib.txt / ib port not selected
[n047.hpc:3095614] Set MCA parameter "orte_base_help_aggregate" to 0 to see all help / error messages
[n047.hpc:3095614] 7 more processes have sent help message help-mpi-btl-openib.txt / error in device init
--------------------------------------------------------------------------
By default, for Open MPI 4.0 and later, infiniband ports on a device
are not used by default.  The intent is to use UCX for these devices.
You can override this policy by setting the btl_openib_allow_ib MCA parameter
to true.

  Local host:              n047
  Local adapter:           mlx5_2
  Local port:              1

--------------------------------------------------------------------------
--------------------------------------------------------------------------
WARNING: There was an error initializing an OpenFabrics device.

  Local host:   n047
  Local device: mlx5_2
--------------------------------------------------------------------------
[n047.hpc:3095642] 7 more processes have sent help message help-mpi-btl-openib.txt / ib port not selected
[n047.hpc:3095642] Set MCA parameter "orte_base_help_aggregate" to 0 to see all help / error messages
[n047.hpc:3095642] 7 more processes have sent help message help-mpi-btl-openib.txt / error in device init
--------------------------------------------------------------------------
By default, for Open MPI 4.0 and later, infiniband ports on a device
are not used by default.  The intent is to use UCX for these devices.
You can override this policy by setting the btl_openib_allow_ib MCA parameter
to true.

  Local host:              n047
  Local adapter:           mlx5_2
  Local port:              1

--------------------------------------------------------------------------
--------------------------------------------------------------------------
WARNING: There was an error initializing an OpenFabrics device.

  Local host:   n047
  Local device: mlx5_2
--------------------------------------------------------------------------
[n047.hpc:3095670] 7 more processes have sent help message help-mpi-btl-openib.txt / ib port not selected
[n047.hpc:3095670] Set MCA parameter "orte_base_help_aggregate" to 0 to see all help / error messages
[n047.hpc:3095670] 7 more processes have sent help message help-mpi-btl-openib.txt / error in device init
--------------------------------------------------------------------------
By default, for Open MPI 4.0 and later, infiniband ports on a device
are not used by default.  The intent is to use UCX for these devices.
You can override this policy by setting the btl_openib_allow_ib MCA parameter
to true.

  Local host:              n047
  Local adapter:           mlx5_2
  Local port:              1

--------------------------------------------------------------------------
--------------------------------------------------------------------------
WARNING: There was an error initializing an OpenFabrics device.

  Local host:   n047
  Local device: mlx5_2
--------------------------------------------------------------------------
[n047.hpc:3095698] 7 more processes have sent help message help-mpi-btl-openib.txt / ib port not selected
[n047.hpc:3095698] Set MCA parameter "orte_base_help_aggregate" to 0 to see all help / error messages
[n047.hpc:3095698] 7 more processes have sent help message help-mpi-btl-openib.txt / error in device init
--------------------------------------------------------------------------
By default, for Open MPI 4.0 and later, infiniband ports on a device
are not used by default.  The intent is to use UCX for these devices.
You can override this policy by setting the btl_openib_allow_ib MCA parameter
to true.

  Local host:              n047
  Local adapter:           mlx5_2
  Local port:              1

--------------------------------------------------------------------------
--------------------------------------------------------------------------
WARNING: There was an error initializing an OpenFabrics device.

  Local host:   n047
  Local device: mlx5_2
--------------------------------------------------------------------------
[n047.hpc:3095786] 7 more processes have sent help message help-mpi-btl-openib.txt / ib port not selected
[n047.hpc:3095786] Set MCA parameter "orte_base_help_aggregate" to 0 to see all help / error messages
[n047.hpc:3095786] 7 more processes have sent help message help-mpi-btl-openib.txt / error in device init
--------------------------------------------------------------------------
By default, for Open MPI 4.0 and later, infiniband ports on a device
are not used by default.  The intent is to use UCX for these devices.
You can override this policy by setting the btl_openib_allow_ib MCA parameter
to true.

  Local host:              n047
  Local adapter:           mlx5_2
  Local port:              1

--------------------------------------------------------------------------
--------------------------------------------------------------------------
WARNING: There was an error initializing an OpenFabrics device.

  Local host:   n047
  Local device: mlx5_2
--------------------------------------------------------------------------
[n047.hpc:3095842] 7 more processes have sent help message help-mpi-btl-openib.txt / ib port not selected
[n047.hpc:3095842] Set MCA parameter "orte_base_help_aggregate" to 0 to see all help / error messages
[n047.hpc:3095842] 7 more processes have sent help message help-mpi-btl-openib.txt / error in device init
--------------------------------------------------------------------------
By default, for Open MPI 4.0 and later, infiniband ports on a device
are not used by default.  The intent is to use UCX for these devices.
You can override this policy by setting the btl_openib_allow_ib MCA parameter
to true.

  Local host:              n047
  Local adapter:           mlx5_2
  Local port:              1

--------------------------------------------------------------------------
--------------------------------------------------------------------------
WARNING: There was an error initializing an OpenFabrics device.

  Local host:   n047
  Local device: mlx5_2
--------------------------------------------------------------------------
[n047.hpc:3095886] 7 more processes have sent help message help-mpi-btl-openib.txt / ib port not selected
[n047.hpc:3095886] Set MCA parameter "orte_base_help_aggregate" to 0 to see all help / error messages
[n047.hpc:3095886] 7 more processes have sent help message help-mpi-btl-openib.txt / error in device init
--------------------------------------------------------------------------
By default, for Open MPI 4.0 and later, infiniband ports on a device
are not used by default.  The intent is to use UCX for these devices.
You can override this policy by setting the btl_openib_allow_ib MCA parameter
to true.

  Local host:              n047
  Local adapter:           mlx5_2
  Local port:              1

--------------------------------------------------------------------------
--------------------------------------------------------------------------
WARNING: There was an error initializing an OpenFabrics device.

  Local host:   n047
  Local device: mlx5_2
--------------------------------------------------------------------------
[n047.hpc:3095956] 7 more processes have sent help message help-mpi-btl-openib.txt / ib port not selected
[n047.hpc:3095956] Set MCA parameter "orte_base_help_aggregate" to 0 to see all help / error messages
[n047.hpc:3095956] 7 more processes have sent help message help-mpi-btl-openib.txt / error in device init
--------------------------------------------------------------------------
By default, for Open MPI 4.0 and later, infiniband ports on a device
are not used by default.  The intent is to use UCX for these devices.
You can override this policy by setting the btl_openib_allow_ib MCA parameter
to true.

  Local host:              n047
  Local adapter:           mlx5_2
  Local port:              1

--------------------------------------------------------------------------
--------------------------------------------------------------------------
WARNING: There was an error initializing an OpenFabrics device.

  Local host:   n047
  Local device: mlx5_2
--------------------------------------------------------------------------
[n047.hpc:3095996] 7 more processes have sent help message help-mpi-btl-openib.txt / ib port not selected
[n047.hpc:3095996] Set MCA parameter "orte_base_help_aggregate" to 0 to see all help / error messages
[n047.hpc:3095996] 7 more processes have sent help message help-mpi-btl-openib.txt / error in device init
--------------------------------------------------------------------------
By default, for Open MPI 4.0 and later, infiniband ports on a device
are not used by default.  The intent is to use UCX for these devices.
You can override this policy by setting the btl_openib_allow_ib MCA parameter
to true.

  Local host:              n047
  Local adapter:           mlx5_2
  Local port:              1

--------------------------------------------------------------------------
--------------------------------------------------------------------------
WARNING: There was an error initializing an OpenFabrics device.

  Local host:   n047
  Local device: mlx5_2
--------------------------------------------------------------------------
[n047.hpc:3096049] 7 more processes have sent help message help-mpi-btl-openib.txt / ib port not selected
[n047.hpc:3096049] Set MCA parameter "orte_base_help_aggregate" to 0 to see all help / error messages
[n047.hpc:3096049] 7 more processes have sent help message help-mpi-btl-openib.txt / error in device init
--------------------------------------------------------------------------
By default, for Open MPI 4.0 and later, infiniband ports on a device
are not used by default.  The intent is to use UCX for these devices.
You can override this policy by setting the btl_openib_allow_ib MCA parameter
to true.

  Local host:              n047
  Local adapter:           mlx5_2
  Local port:              1

--------------------------------------------------------------------------
--------------------------------------------------------------------------
WARNING: There was an error initializing an OpenFabrics device.

  Local host:   n047
  Local device: mlx5_2
--------------------------------------------------------------------------
[n047.hpc:3096134] 7 more processes have sent help message help-mpi-btl-openib.txt / ib port not selected
[n047.hpc:3096134] Set MCA parameter "orte_base_help_aggregate" to 0 to see all help / error messages
[n047.hpc:3096134] 7 more processes have sent help message help-mpi-btl-openib.txt / error in device init
--------------------------------------------------------------------------
By default, for Open MPI 4.0 and later, infiniband ports on a device
are not used by default.  The intent is to use UCX for these devices.
You can override this policy by setting the btl_openib_allow_ib MCA parameter
to true.

  Local host:              n047
  Local adapter:           mlx5_2
  Local port:              1

--------------------------------------------------------------------------
--------------------------------------------------------------------------
WARNING: There was an error initializing an OpenFabrics device.

  Local host:   n047
  Local device: mlx5_2
--------------------------------------------------------------------------
[n047.hpc:3096360] 7 more processes have sent help message help-mpi-btl-openib.txt / ib port not selected
[n047.hpc:3096360] Set MCA parameter "orte_base_help_aggregate" to 0 to see all help / error messages
[n047.hpc:3096360] 7 more processes have sent help message help-mpi-btl-openib.txt / error in device init
--------------------------------------------------------------------------
By default, for Open MPI 4.0 and later, infiniband ports on a device
are not used by default.  The intent is to use UCX for these devices.
You can override this policy by setting the btl_openib_allow_ib MCA parameter
to true.

  Local host:              n047
  Local adapter:           mlx5_2
  Local port:              1

--------------------------------------------------------------------------
--------------------------------------------------------------------------
WARNING: There was an error initializing an OpenFabrics device.

  Local host:   n047
  Local device: mlx5_2
--------------------------------------------------------------------------
[n047.hpc:3096461] 7 more processes have sent help message help-mpi-btl-openib.txt / ib port not selected
[n047.hpc:3096461] Set MCA parameter "orte_base_help_aggregate" to 0 to see all help / error messages
[n047.hpc:3096461] 7 more processes have sent help message help-mpi-btl-openib.txt / error in device init
--------------------------------------------------------------------------
By default, for Open MPI 4.0 and later, infiniband ports on a device
are not used by default.  The intent is to use UCX for these devices.
You can override this policy by setting the btl_openib_allow_ib MCA parameter
to true.

  Local host:              n047
  Local adapter:           mlx5_2
  Local port:              1

--------------------------------------------------------------------------
--------------------------------------------------------------------------
WARNING: There was an error initializing an OpenFabrics device.

  Local host:   n047
  Local device: mlx5_2
--------------------------------------------------------------------------
[n047.hpc:3096817] 7 more processes have sent help message help-mpi-btl-openib.txt / ib port not selected
[n047.hpc:3096817] Set MCA parameter "orte_base_help_aggregate" to 0 to see all help / error messages
[n047.hpc:3096817] 7 more processes have sent help message help-mpi-btl-openib.txt / error in device init
