--------------------------------------------------------------------------
By default, for Open MPI 4.0 and later, infiniband ports on a device
are not used by default.  The intent is to use UCX for these devices.
You can override this policy by setting the btl_openib_allow_ib MCA parameter
to true.

  Local host:              n047
  Local adapter:           mlx5_2
  Local port:              1

--------------------------------------------------------------------------
--------------------------------------------------------------------------
WARNING: There was an error initializing an OpenFabrics device.

  Local host:   n047
  Local device: mlx5_2
--------------------------------------------------------------------------
[n047.hpc:3162482] 7 more processes have sent help message help-mpi-btl-openib.txt / ib port not selected
[n047.hpc:3162482] Set MCA parameter "orte_base_help_aggregate" to 0 to see all help / error messages
[n047.hpc:3162482] 7 more processes have sent help message help-mpi-btl-openib.txt / error in device init
--------------------------------------------------------------------------
By default, for Open MPI 4.0 and later, infiniband ports on a device
are not used by default.  The intent is to use UCX for these devices.
You can override this policy by setting the btl_openib_allow_ib MCA parameter
to true.

  Local host:              n047
  Local adapter:           mlx5_2
  Local port:              1

--------------------------------------------------------------------------
--------------------------------------------------------------------------
WARNING: There was an error initializing an OpenFabrics device.

  Local host:   n047
  Local device: mlx5_2
--------------------------------------------------------------------------
[n047.hpc:3162526] 7 more processes have sent help message help-mpi-btl-openib.txt / ib port not selected
[n047.hpc:3162526] Set MCA parameter "orte_base_help_aggregate" to 0 to see all help / error messages
[n047.hpc:3162526] 7 more processes have sent help message help-mpi-btl-openib.txt / error in device init
--------------------------------------------------------------------------
By default, for Open MPI 4.0 and later, infiniband ports on a device
are not used by default.  The intent is to use UCX for these devices.
You can override this policy by setting the btl_openib_allow_ib MCA parameter
to true.

  Local host:              n047
  Local adapter:           mlx5_2
  Local port:              1

--------------------------------------------------------------------------
--------------------------------------------------------------------------
WARNING: There was an error initializing an OpenFabrics device.

  Local host:   n047
  Local device: mlx5_2
--------------------------------------------------------------------------
[n047.hpc:3162603] 7 more processes have sent help message help-mpi-btl-openib.txt / ib port not selected
[n047.hpc:3162603] Set MCA parameter "orte_base_help_aggregate" to 0 to see all help / error messages
[n047.hpc:3162603] 7 more processes have sent help message help-mpi-btl-openib.txt / error in device init
--------------------------------------------------------------------------
By default, for Open MPI 4.0 and later, infiniband ports on a device
are not used by default.  The intent is to use UCX for these devices.
You can override this policy by setting the btl_openib_allow_ib MCA parameter
to true.

  Local host:              n047
  Local adapter:           mlx5_2
  Local port:              1

--------------------------------------------------------------------------
--------------------------------------------------------------------------
WARNING: There was an error initializing an OpenFabrics device.

  Local host:   n047
  Local device: mlx5_2
--------------------------------------------------------------------------
[n047.hpc:3162881] 7 more processes have sent help message help-mpi-btl-openib.txt / ib port not selected
[n047.hpc:3162881] Set MCA parameter "orte_base_help_aggregate" to 0 to see all help / error messages
[n047.hpc:3162881] 7 more processes have sent help message help-mpi-btl-openib.txt / error in device init
--------------------------------------------------------------------------
By default, for Open MPI 4.0 and later, infiniband ports on a device
are not used by default.  The intent is to use UCX for these devices.
You can override this policy by setting the btl_openib_allow_ib MCA parameter
to true.

  Local host:              n047
  Local adapter:           mlx5_2
  Local port:              1

--------------------------------------------------------------------------
--------------------------------------------------------------------------
WARNING: There was an error initializing an OpenFabrics device.

  Local host:   n047
  Local device: mlx5_2
--------------------------------------------------------------------------
[n047.hpc:3162909] 7 more processes have sent help message help-mpi-btl-openib.txt / ib port not selected
[n047.hpc:3162909] Set MCA parameter "orte_base_help_aggregate" to 0 to see all help / error messages
[n047.hpc:3162909] 7 more processes have sent help message help-mpi-btl-openib.txt / error in device init
--------------------------------------------------------------------------
By default, for Open MPI 4.0 and later, infiniband ports on a device
are not used by default.  The intent is to use UCX for these devices.
You can override this policy by setting the btl_openib_allow_ib MCA parameter
to true.

  Local host:              n047
  Local adapter:           mlx5_2
  Local port:              1

--------------------------------------------------------------------------
--------------------------------------------------------------------------
WARNING: There was an error initializing an OpenFabrics device.

  Local host:   n047
  Local device: mlx5_2
--------------------------------------------------------------------------
[n047.hpc:3162967] 7 more processes have sent help message help-mpi-btl-openib.txt / ib port not selected
[n047.hpc:3162967] Set MCA parameter "orte_base_help_aggregate" to 0 to see all help / error messages
[n047.hpc:3162967] 7 more processes have sent help message help-mpi-btl-openib.txt / error in device init
--------------------------------------------------------------------------
By default, for Open MPI 4.0 and later, infiniband ports on a device
are not used by default.  The intent is to use UCX for these devices.
You can override this policy by setting the btl_openib_allow_ib MCA parameter
to true.

  Local host:              n047
  Local adapter:           mlx5_2
  Local port:              1

--------------------------------------------------------------------------
--------------------------------------------------------------------------
WARNING: There was an error initializing an OpenFabrics device.

  Local host:   n047
  Local device: mlx5_2
--------------------------------------------------------------------------
[n047.hpc:3163293] 7 more processes have sent help message help-mpi-btl-openib.txt / ib port not selected
[n047.hpc:3163293] Set MCA parameter "orte_base_help_aggregate" to 0 to see all help / error messages
[n047.hpc:3163293] 7 more processes have sent help message help-mpi-btl-openib.txt / error in device init
--------------------------------------------------------------------------
By default, for Open MPI 4.0 and later, infiniband ports on a device
are not used by default.  The intent is to use UCX for these devices.
You can override this policy by setting the btl_openib_allow_ib MCA parameter
to true.

  Local host:              n047
  Local adapter:           mlx5_2
  Local port:              1

--------------------------------------------------------------------------
--------------------------------------------------------------------------
WARNING: There was an error initializing an OpenFabrics device.

  Local host:   n047
  Local device: mlx5_2
--------------------------------------------------------------------------
[n047.hpc:3163324] 7 more processes have sent help message help-mpi-btl-openib.txt / ib port not selected
[n047.hpc:3163324] Set MCA parameter "orte_base_help_aggregate" to 0 to see all help / error messages
[n047.hpc:3163324] 7 more processes have sent help message help-mpi-btl-openib.txt / error in device init
--------------------------------------------------------------------------
By default, for Open MPI 4.0 and later, infiniband ports on a device
are not used by default.  The intent is to use UCX for these devices.
You can override this policy by setting the btl_openib_allow_ib MCA parameter
to true.

  Local host:              n047
  Local adapter:           mlx5_2
  Local port:              1

--------------------------------------------------------------------------
--------------------------------------------------------------------------
WARNING: There was an error initializing an OpenFabrics device.

  Local host:   n047
  Local device: mlx5_2
--------------------------------------------------------------------------
[n047.hpc:3164388] 7 more processes have sent help message help-mpi-btl-openib.txt / ib port not selected
[n047.hpc:3164388] Set MCA parameter "orte_base_help_aggregate" to 0 to see all help / error messages
[n047.hpc:3164388] 7 more processes have sent help message help-mpi-btl-openib.txt / error in device init
--------------------------------------------------------------------------
By default, for Open MPI 4.0 and later, infiniband ports on a device
are not used by default.  The intent is to use UCX for these devices.
You can override this policy by setting the btl_openib_allow_ib MCA parameter
to true.

  Local host:              n047
  Local adapter:           mlx5_2
  Local port:              1

--------------------------------------------------------------------------
--------------------------------------------------------------------------
WARNING: There was an error initializing an OpenFabrics device.

  Local host:   n047
  Local device: mlx5_2
--------------------------------------------------------------------------
[n047.hpc:3164416] 7 more processes have sent help message help-mpi-btl-openib.txt / ib port not selected
[n047.hpc:3164416] Set MCA parameter "orte_base_help_aggregate" to 0 to see all help / error messages
[n047.hpc:3164416] 7 more processes have sent help message help-mpi-btl-openib.txt / error in device init
--------------------------------------------------------------------------
By default, for Open MPI 4.0 and later, infiniband ports on a device
are not used by default.  The intent is to use UCX for these devices.
You can override this policy by setting the btl_openib_allow_ib MCA parameter
to true.

  Local host:              n047
  Local adapter:           mlx5_2
  Local port:              1

--------------------------------------------------------------------------
--------------------------------------------------------------------------
WARNING: There was an error initializing an OpenFabrics device.

  Local host:   n047
  Local device: mlx5_2
--------------------------------------------------------------------------
[n047.hpc:3164444] 7 more processes have sent help message help-mpi-btl-openib.txt / ib port not selected
[n047.hpc:3164444] Set MCA parameter "orte_base_help_aggregate" to 0 to see all help / error messages
[n047.hpc:3164444] 7 more processes have sent help message help-mpi-btl-openib.txt / error in device init
--------------------------------------------------------------------------
By default, for Open MPI 4.0 and later, infiniband ports on a device
are not used by default.  The intent is to use UCX for these devices.
You can override this policy by setting the btl_openib_allow_ib MCA parameter
to true.

  Local host:              n047
  Local adapter:           mlx5_2
  Local port:              1

--------------------------------------------------------------------------
--------------------------------------------------------------------------
WARNING: There was an error initializing an OpenFabrics device.

  Local host:   n047
  Local device: mlx5_2
--------------------------------------------------------------------------
[n047.hpc:3164472] 7 more processes have sent help message help-mpi-btl-openib.txt / ib port not selected
[n047.hpc:3164472] Set MCA parameter "orte_base_help_aggregate" to 0 to see all help / error messages
[n047.hpc:3164472] 7 more processes have sent help message help-mpi-btl-openib.txt / error in device init
--------------------------------------------------------------------------
By default, for Open MPI 4.0 and later, infiniband ports on a device
are not used by default.  The intent is to use UCX for these devices.
You can override this policy by setting the btl_openib_allow_ib MCA parameter
to true.

  Local host:              n047
  Local adapter:           mlx5_2
  Local port:              1

--------------------------------------------------------------------------
--------------------------------------------------------------------------
WARNING: There was an error initializing an OpenFabrics device.

  Local host:   n047
  Local device: mlx5_2
--------------------------------------------------------------------------
[n047.hpc:3164500] 7 more processes have sent help message help-mpi-btl-openib.txt / ib port not selected
[n047.hpc:3164500] Set MCA parameter "orte_base_help_aggregate" to 0 to see all help / error messages
[n047.hpc:3164500] 7 more processes have sent help message help-mpi-btl-openib.txt / error in device init
--------------------------------------------------------------------------
By default, for Open MPI 4.0 and later, infiniband ports on a device
are not used by default.  The intent is to use UCX for these devices.
You can override this policy by setting the btl_openib_allow_ib MCA parameter
to true.

  Local host:              n047
  Local adapter:           mlx5_2
  Local port:              1

--------------------------------------------------------------------------
--------------------------------------------------------------------------
WARNING: There was an error initializing an OpenFabrics device.

  Local host:   n047
  Local device: mlx5_2
--------------------------------------------------------------------------
[n047.hpc:3164666] 7 more processes have sent help message help-mpi-btl-openib.txt / ib port not selected
[n047.hpc:3164666] Set MCA parameter "orte_base_help_aggregate" to 0 to see all help / error messages
[n047.hpc:3164666] 7 more processes have sent help message help-mpi-btl-openib.txt / error in device init
--------------------------------------------------------------------------
By default, for Open MPI 4.0 and later, infiniband ports on a device
are not used by default.  The intent is to use UCX for these devices.
You can override this policy by setting the btl_openib_allow_ib MCA parameter
to true.

  Local host:              n047
  Local adapter:           mlx5_2
  Local port:              1

--------------------------------------------------------------------------
--------------------------------------------------------------------------
WARNING: There was an error initializing an OpenFabrics device.

  Local host:   n047
  Local device: mlx5_2
--------------------------------------------------------------------------
[n047.hpc:3164711] 7 more processes have sent help message help-mpi-btl-openib.txt / ib port not selected
[n047.hpc:3164711] Set MCA parameter "orte_base_help_aggregate" to 0 to see all help / error messages
[n047.hpc:3164711] 7 more processes have sent help message help-mpi-btl-openib.txt / error in device init
--------------------------------------------------------------------------
By default, for Open MPI 4.0 and later, infiniband ports on a device
are not used by default.  The intent is to use UCX for these devices.
You can override this policy by setting the btl_openib_allow_ib MCA parameter
to true.

  Local host:              n047
  Local adapter:           mlx5_2
  Local port:              1

--------------------------------------------------------------------------
--------------------------------------------------------------------------
WARNING: There was an error initializing an OpenFabrics device.

  Local host:   n047
  Local device: mlx5_2
--------------------------------------------------------------------------
[n047.hpc:3164909] 7 more processes have sent help message help-mpi-btl-openib.txt / ib port not selected
[n047.hpc:3164909] Set MCA parameter "orte_base_help_aggregate" to 0 to see all help / error messages
[n047.hpc:3164909] 7 more processes have sent help message help-mpi-btl-openib.txt / error in device init
--------------------------------------------------------------------------
By default, for Open MPI 4.0 and later, infiniband ports on a device
are not used by default.  The intent is to use UCX for these devices.
You can override this policy by setting the btl_openib_allow_ib MCA parameter
to true.

  Local host:              n047
  Local adapter:           mlx5_2
  Local port:              1

--------------------------------------------------------------------------
--------------------------------------------------------------------------
WARNING: There was an error initializing an OpenFabrics device.

  Local host:   n047
  Local device: mlx5_2
--------------------------------------------------------------------------
[n047.hpc:3164937] 7 more processes have sent help message help-mpi-btl-openib.txt / ib port not selected
[n047.hpc:3164937] Set MCA parameter "orte_base_help_aggregate" to 0 to see all help / error messages
[n047.hpc:3164937] 7 more processes have sent help message help-mpi-btl-openib.txt / error in device init
--------------------------------------------------------------------------
By default, for Open MPI 4.0 and later, infiniband ports on a device
are not used by default.  The intent is to use UCX for these devices.
You can override this policy by setting the btl_openib_allow_ib MCA parameter
to true.

  Local host:              n047
  Local adapter:           mlx5_2
  Local port:              1

--------------------------------------------------------------------------
--------------------------------------------------------------------------
WARNING: There was an error initializing an OpenFabrics device.

  Local host:   n047
  Local device: mlx5_2
--------------------------------------------------------------------------
[n047.hpc:3164965] 7 more processes have sent help message help-mpi-btl-openib.txt / ib port not selected
[n047.hpc:3164965] Set MCA parameter "orte_base_help_aggregate" to 0 to see all help / error messages
[n047.hpc:3164965] 7 more processes have sent help message help-mpi-btl-openib.txt / error in device init
--------------------------------------------------------------------------
By default, for Open MPI 4.0 and later, infiniband ports on a device
are not used by default.  The intent is to use UCX for these devices.
You can override this policy by setting the btl_openib_allow_ib MCA parameter
to true.

  Local host:              n047
  Local adapter:           mlx5_2
  Local port:              1

--------------------------------------------------------------------------
--------------------------------------------------------------------------
WARNING: There was an error initializing an OpenFabrics device.

  Local host:   n047
  Local device: mlx5_2
--------------------------------------------------------------------------
[n047.hpc:3164993] 7 more processes have sent help message help-mpi-btl-openib.txt / ib port not selected
[n047.hpc:3164993] Set MCA parameter "orte_base_help_aggregate" to 0 to see all help / error messages
[n047.hpc:3164993] 7 more processes have sent help message help-mpi-btl-openib.txt / error in device init
--------------------------------------------------------------------------
By default, for Open MPI 4.0 and later, infiniband ports on a device
are not used by default.  The intent is to use UCX for these devices.
You can override this policy by setting the btl_openib_allow_ib MCA parameter
to true.

  Local host:              n047
  Local adapter:           mlx5_2
  Local port:              1

--------------------------------------------------------------------------
--------------------------------------------------------------------------
WARNING: There was an error initializing an OpenFabrics device.

  Local host:   n047
  Local device: mlx5_2
--------------------------------------------------------------------------
[n047.hpc:3165161] 7 more processes have sent help message help-mpi-btl-openib.txt / ib port not selected
[n047.hpc:3165161] Set MCA parameter "orte_base_help_aggregate" to 0 to see all help / error messages
[n047.hpc:3165161] 7 more processes have sent help message help-mpi-btl-openib.txt / error in device init
--------------------------------------------------------------------------
By default, for Open MPI 4.0 and later, infiniband ports on a device
are not used by default.  The intent is to use UCX for these devices.
You can override this policy by setting the btl_openib_allow_ib MCA parameter
to true.

  Local host:              n047
  Local adapter:           mlx5_2
  Local port:              1

--------------------------------------------------------------------------
--------------------------------------------------------------------------
WARNING: There was an error initializing an OpenFabrics device.

  Local host:   n047
  Local device: mlx5_2
--------------------------------------------------------------------------
[n047.hpc:3165189] 7 more processes have sent help message help-mpi-btl-openib.txt / ib port not selected
[n047.hpc:3165189] Set MCA parameter "orte_base_help_aggregate" to 0 to see all help / error messages
[n047.hpc:3165189] 7 more processes have sent help message help-mpi-btl-openib.txt / error in device init
--------------------------------------------------------------------------
By default, for Open MPI 4.0 and later, infiniband ports on a device
are not used by default.  The intent is to use UCX for these devices.
You can override this policy by setting the btl_openib_allow_ib MCA parameter
to true.

  Local host:              n047
  Local adapter:           mlx5_2
  Local port:              1

--------------------------------------------------------------------------
--------------------------------------------------------------------------
WARNING: There was an error initializing an OpenFabrics device.

  Local host:   n047
  Local device: mlx5_2
--------------------------------------------------------------------------
[n047.hpc:3165444] 7 more processes have sent help message help-mpi-btl-openib.txt / ib port not selected
[n047.hpc:3165444] Set MCA parameter "orte_base_help_aggregate" to 0 to see all help / error messages
[n047.hpc:3165444] 7 more processes have sent help message help-mpi-btl-openib.txt / error in device init
--------------------------------------------------------------------------
By default, for Open MPI 4.0 and later, infiniband ports on a device
are not used by default.  The intent is to use UCX for these devices.
You can override this policy by setting the btl_openib_allow_ib MCA parameter
to true.

  Local host:              n047
  Local adapter:           mlx5_2
  Local port:              1

--------------------------------------------------------------------------
--------------------------------------------------------------------------
WARNING: There was an error initializing an OpenFabrics device.

  Local host:   n047
  Local device: mlx5_2
--------------------------------------------------------------------------
[n047.hpc:3165472] 7 more processes have sent help message help-mpi-btl-openib.txt / ib port not selected
[n047.hpc:3165472] Set MCA parameter "orte_base_help_aggregate" to 0 to see all help / error messages
[n047.hpc:3165472] 7 more processes have sent help message help-mpi-btl-openib.txt / error in device init
--------------------------------------------------------------------------
By default, for Open MPI 4.0 and later, infiniband ports on a device
are not used by default.  The intent is to use UCX for these devices.
You can override this policy by setting the btl_openib_allow_ib MCA parameter
to true.

  Local host:              n047
  Local adapter:           mlx5_2
  Local port:              1

--------------------------------------------------------------------------
--------------------------------------------------------------------------
WARNING: There was an error initializing an OpenFabrics device.

  Local host:   n047
  Local device: mlx5_2
--------------------------------------------------------------------------
[n047.hpc:3165502] 7 more processes have sent help message help-mpi-btl-openib.txt / ib port not selected
[n047.hpc:3165502] Set MCA parameter "orte_base_help_aggregate" to 0 to see all help / error messages
[n047.hpc:3165502] 7 more processes have sent help message help-mpi-btl-openib.txt / error in device init
--------------------------------------------------------------------------
By default, for Open MPI 4.0 and later, infiniband ports on a device
are not used by default.  The intent is to use UCX for these devices.
You can override this policy by setting the btl_openib_allow_ib MCA parameter
to true.

  Local host:              n047
  Local adapter:           mlx5_2
  Local port:              1

--------------------------------------------------------------------------
--------------------------------------------------------------------------
WARNING: There was an error initializing an OpenFabrics device.

  Local host:   n047
  Local device: mlx5_2
--------------------------------------------------------------------------
[n047.hpc:3165530] 7 more processes have sent help message help-mpi-btl-openib.txt / ib port not selected
[n047.hpc:3165530] Set MCA parameter "orte_base_help_aggregate" to 0 to see all help / error messages
[n047.hpc:3165530] 7 more processes have sent help message help-mpi-btl-openib.txt / error in device init
--------------------------------------------------------------------------
By default, for Open MPI 4.0 and later, infiniband ports on a device
are not used by default.  The intent is to use UCX for these devices.
You can override this policy by setting the btl_openib_allow_ib MCA parameter
to true.

  Local host:              n047
  Local adapter:           mlx5_2
  Local port:              1

--------------------------------------------------------------------------
--------------------------------------------------------------------------
WARNING: There was an error initializing an OpenFabrics device.

  Local host:   n047
  Local device: mlx5_2
--------------------------------------------------------------------------
[n047.hpc:3165656] 7 more processes have sent help message help-mpi-btl-openib.txt / ib port not selected
[n047.hpc:3165656] Set MCA parameter "orte_base_help_aggregate" to 0 to see all help / error messages
[n047.hpc:3165656] 7 more processes have sent help message help-mpi-btl-openib.txt / error in device init
--------------------------------------------------------------------------
By default, for Open MPI 4.0 and later, infiniband ports on a device
are not used by default.  The intent is to use UCX for these devices.
You can override this policy by setting the btl_openib_allow_ib MCA parameter
to true.

  Local host:              n047
  Local adapter:           mlx5_2
  Local port:              1

--------------------------------------------------------------------------
--------------------------------------------------------------------------
WARNING: There was an error initializing an OpenFabrics device.

  Local host:   n047
  Local device: mlx5_2
--------------------------------------------------------------------------
[n047.hpc:3165684] 7 more processes have sent help message help-mpi-btl-openib.txt / ib port not selected
[n047.hpc:3165684] Set MCA parameter "orte_base_help_aggregate" to 0 to see all help / error messages
[n047.hpc:3165684] 7 more processes have sent help message help-mpi-btl-openib.txt / error in device init
--------------------------------------------------------------------------
By default, for Open MPI 4.0 and later, infiniband ports on a device
are not used by default.  The intent is to use UCX for these devices.
You can override this policy by setting the btl_openib_allow_ib MCA parameter
to true.

  Local host:              n047
  Local adapter:           mlx5_2
  Local port:              1

--------------------------------------------------------------------------
--------------------------------------------------------------------------
WARNING: There was an error initializing an OpenFabrics device.

  Local host:   n047
  Local device: mlx5_2
--------------------------------------------------------------------------
[n047.hpc:3165923] 7 more processes have sent help message help-mpi-btl-openib.txt / ib port not selected
[n047.hpc:3165923] Set MCA parameter "orte_base_help_aggregate" to 0 to see all help / error messages
[n047.hpc:3165923] 7 more processes have sent help message help-mpi-btl-openib.txt / error in device init
--------------------------------------------------------------------------
By default, for Open MPI 4.0 and later, infiniband ports on a device
are not used by default.  The intent is to use UCX for these devices.
You can override this policy by setting the btl_openib_allow_ib MCA parameter
to true.

  Local host:              n047
  Local adapter:           mlx5_2
  Local port:              1

--------------------------------------------------------------------------
--------------------------------------------------------------------------
WARNING: There was an error initializing an OpenFabrics device.

  Local host:   n047
  Local device: mlx5_2
--------------------------------------------------------------------------
[n047.hpc:3165971] 7 more processes have sent help message help-mpi-btl-openib.txt / ib port not selected
[n047.hpc:3165971] Set MCA parameter "orte_base_help_aggregate" to 0 to see all help / error messages
[n047.hpc:3165971] 7 more processes have sent help message help-mpi-btl-openib.txt / error in device init
--------------------------------------------------------------------------
By default, for Open MPI 4.0 and later, infiniband ports on a device
are not used by default.  The intent is to use UCX for these devices.
You can override this policy by setting the btl_openib_allow_ib MCA parameter
to true.

  Local host:              n047
  Local adapter:           mlx5_2
  Local port:              1

--------------------------------------------------------------------------
--------------------------------------------------------------------------
WARNING: There was an error initializing an OpenFabrics device.

  Local host:   n047
  Local device: mlx5_2
--------------------------------------------------------------------------
[n047.hpc:3165999] 7 more processes have sent help message help-mpi-btl-openib.txt / ib port not selected
[n047.hpc:3165999] Set MCA parameter "orte_base_help_aggregate" to 0 to see all help / error messages
[n047.hpc:3165999] 7 more processes have sent help message help-mpi-btl-openib.txt / error in device init
--------------------------------------------------------------------------
By default, for Open MPI 4.0 and later, infiniband ports on a device
are not used by default.  The intent is to use UCX for these devices.
You can override this policy by setting the btl_openib_allow_ib MCA parameter
to true.

  Local host:              n047
  Local adapter:           mlx5_2
  Local port:              1

--------------------------------------------------------------------------
--------------------------------------------------------------------------
WARNING: There was an error initializing an OpenFabrics device.

  Local host:   n047
  Local device: mlx5_2
--------------------------------------------------------------------------
[n047.hpc:3166027] 7 more processes have sent help message help-mpi-btl-openib.txt / ib port not selected
[n047.hpc:3166027] Set MCA parameter "orte_base_help_aggregate" to 0 to see all help / error messages
[n047.hpc:3166027] 7 more processes have sent help message help-mpi-btl-openib.txt / error in device init
--------------------------------------------------------------------------
By default, for Open MPI 4.0 and later, infiniband ports on a device
are not used by default.  The intent is to use UCX for these devices.
You can override this policy by setting the btl_openib_allow_ib MCA parameter
to true.

  Local host:              n047
  Local adapter:           mlx5_2
  Local port:              1

--------------------------------------------------------------------------
--------------------------------------------------------------------------
WARNING: There was an error initializing an OpenFabrics device.

  Local host:   n047
  Local device: mlx5_2
--------------------------------------------------------------------------
[n047.hpc:3170588] 7 more processes have sent help message help-mpi-btl-openib.txt / ib port not selected
[n047.hpc:3170588] Set MCA parameter "orte_base_help_aggregate" to 0 to see all help / error messages
[n047.hpc:3170588] 7 more processes have sent help message help-mpi-btl-openib.txt / error in device init
--------------------------------------------------------------------------
By default, for Open MPI 4.0 and later, infiniband ports on a device
are not used by default.  The intent is to use UCX for these devices.
You can override this policy by setting the btl_openib_allow_ib MCA parameter
to true.

  Local host:              n047
  Local adapter:           mlx5_2
  Local port:              1

--------------------------------------------------------------------------
--------------------------------------------------------------------------
WARNING: There was an error initializing an OpenFabrics device.

  Local host:   n047
  Local device: mlx5_2
--------------------------------------------------------------------------
[n047.hpc:3170616] 7 more processes have sent help message help-mpi-btl-openib.txt / ib port not selected
[n047.hpc:3170616] Set MCA parameter "orte_base_help_aggregate" to 0 to see all help / error messages
[n047.hpc:3170616] 7 more processes have sent help message help-mpi-btl-openib.txt / error in device init
--------------------------------------------------------------------------
By default, for Open MPI 4.0 and later, infiniband ports on a device
are not used by default.  The intent is to use UCX for these devices.
You can override this policy by setting the btl_openib_allow_ib MCA parameter
to true.

  Local host:              n047
  Local adapter:           mlx5_2
  Local port:              1

--------------------------------------------------------------------------
--------------------------------------------------------------------------
WARNING: There was an error initializing an OpenFabrics device.

  Local host:   n047
  Local device: mlx5_2
--------------------------------------------------------------------------
[n047.hpc:3170786] 7 more processes have sent help message help-mpi-btl-openib.txt / ib port not selected
[n047.hpc:3170786] Set MCA parameter "orte_base_help_aggregate" to 0 to see all help / error messages
[n047.hpc:3170786] 7 more processes have sent help message help-mpi-btl-openib.txt / error in device init
--------------------------------------------------------------------------
By default, for Open MPI 4.0 and later, infiniband ports on a device
are not used by default.  The intent is to use UCX for these devices.
You can override this policy by setting the btl_openib_allow_ib MCA parameter
to true.

  Local host:              n047
  Local adapter:           mlx5_2
  Local port:              1

--------------------------------------------------------------------------
--------------------------------------------------------------------------
WARNING: There was an error initializing an OpenFabrics device.

  Local host:   n047
  Local device: mlx5_2
--------------------------------------------------------------------------
[n047.hpc:3170814] 7 more processes have sent help message help-mpi-btl-openib.txt / ib port not selected
[n047.hpc:3170814] Set MCA parameter "orte_base_help_aggregate" to 0 to see all help / error messages
[n047.hpc:3170814] 7 more processes have sent help message help-mpi-btl-openib.txt / error in device init
--------------------------------------------------------------------------
By default, for Open MPI 4.0 and later, infiniband ports on a device
are not used by default.  The intent is to use UCX for these devices.
You can override this policy by setting the btl_openib_allow_ib MCA parameter
to true.

  Local host:              n047
  Local adapter:           mlx5_2
  Local port:              1

--------------------------------------------------------------------------
--------------------------------------------------------------------------
WARNING: There was an error initializing an OpenFabrics device.

  Local host:   n047
  Local device: mlx5_2
--------------------------------------------------------------------------
[n047.hpc:3170898] 7 more processes have sent help message help-mpi-btl-openib.txt / ib port not selected
[n047.hpc:3170898] Set MCA parameter "orte_base_help_aggregate" to 0 to see all help / error messages
[n047.hpc:3170898] 7 more processes have sent help message help-mpi-btl-openib.txt / error in device init
--------------------------------------------------------------------------
By default, for Open MPI 4.0 and later, infiniband ports on a device
are not used by default.  The intent is to use UCX for these devices.
You can override this policy by setting the btl_openib_allow_ib MCA parameter
to true.

  Local host:              n047
  Local adapter:           mlx5_2
  Local port:              1

--------------------------------------------------------------------------
--------------------------------------------------------------------------
WARNING: There was an error initializing an OpenFabrics device.

  Local host:   n047
  Local device: mlx5_2
--------------------------------------------------------------------------
[n047.hpc:3170928] 7 more processes have sent help message help-mpi-btl-openib.txt / ib port not selected
[n047.hpc:3170928] Set MCA parameter "orte_base_help_aggregate" to 0 to see all help / error messages
[n047.hpc:3170928] 7 more processes have sent help message help-mpi-btl-openib.txt / error in device init
--------------------------------------------------------------------------
By default, for Open MPI 4.0 and later, infiniband ports on a device
are not used by default.  The intent is to use UCX for these devices.
You can override this policy by setting the btl_openib_allow_ib MCA parameter
to true.

  Local host:              n047
  Local adapter:           mlx5_2
  Local port:              1

--------------------------------------------------------------------------
--------------------------------------------------------------------------
WARNING: There was an error initializing an OpenFabrics device.

  Local host:   n047
  Local device: mlx5_2
--------------------------------------------------------------------------
[n047.hpc:3171082] 7 more processes have sent help message help-mpi-btl-openib.txt / ib port not selected
[n047.hpc:3171082] Set MCA parameter "orte_base_help_aggregate" to 0 to see all help / error messages
[n047.hpc:3171082] 7 more processes have sent help message help-mpi-btl-openib.txt / error in device init
--------------------------------------------------------------------------
By default, for Open MPI 4.0 and later, infiniband ports on a device
are not used by default.  The intent is to use UCX for these devices.
You can override this policy by setting the btl_openib_allow_ib MCA parameter
to true.

  Local host:              n047
  Local adapter:           mlx5_2
  Local port:              1

--------------------------------------------------------------------------
--------------------------------------------------------------------------
WARNING: There was an error initializing an OpenFabrics device.

  Local host:   n047
  Local device: mlx5_2
--------------------------------------------------------------------------
[n047.hpc:3171110] 7 more processes have sent help message help-mpi-btl-openib.txt / ib port not selected
[n047.hpc:3171110] Set MCA parameter "orte_base_help_aggregate" to 0 to see all help / error messages
[n047.hpc:3171110] 7 more processes have sent help message help-mpi-btl-openib.txt / error in device init
--------------------------------------------------------------------------
By default, for Open MPI 4.0 and later, infiniband ports on a device
are not used by default.  The intent is to use UCX for these devices.
You can override this policy by setting the btl_openib_allow_ib MCA parameter
to true.

  Local host:              n047
  Local adapter:           mlx5_2
  Local port:              1

--------------------------------------------------------------------------
--------------------------------------------------------------------------
WARNING: There was an error initializing an OpenFabrics device.

  Local host:   n047
  Local device: mlx5_2
--------------------------------------------------------------------------
[n047.hpc:3171280] 7 more processes have sent help message help-mpi-btl-openib.txt / ib port not selected
[n047.hpc:3171280] Set MCA parameter "orte_base_help_aggregate" to 0 to see all help / error messages
[n047.hpc:3171280] 7 more processes have sent help message help-mpi-btl-openib.txt / error in device init
--------------------------------------------------------------------------
By default, for Open MPI 4.0 and later, infiniband ports on a device
are not used by default.  The intent is to use UCX for these devices.
You can override this policy by setting the btl_openib_allow_ib MCA parameter
to true.

  Local host:              n047
  Local adapter:           mlx5_2
  Local port:              1

--------------------------------------------------------------------------
--------------------------------------------------------------------------
WARNING: There was an error initializing an OpenFabrics device.

  Local host:   n047
  Local device: mlx5_2
--------------------------------------------------------------------------
[n047.hpc:3171465] 7 more processes have sent help message help-mpi-btl-openib.txt / ib port not selected
[n047.hpc:3171465] Set MCA parameter "orte_base_help_aggregate" to 0 to see all help / error messages
[n047.hpc:3171465] 7 more processes have sent help message help-mpi-btl-openib.txt / error in device init
--------------------------------------------------------------------------
By default, for Open MPI 4.0 and later, infiniband ports on a device
are not used by default.  The intent is to use UCX for these devices.
You can override this policy by setting the btl_openib_allow_ib MCA parameter
to true.

  Local host:              n047
  Local adapter:           mlx5_2
  Local port:              1

--------------------------------------------------------------------------
--------------------------------------------------------------------------
WARNING: There was an error initializing an OpenFabrics device.

  Local host:   n047
  Local device: mlx5_2
--------------------------------------------------------------------------
[n047.hpc:3171691] 7 more processes have sent help message help-mpi-btl-openib.txt / ib port not selected
[n047.hpc:3171691] Set MCA parameter "orte_base_help_aggregate" to 0 to see all help / error messages
[n047.hpc:3171691] 7 more processes have sent help message help-mpi-btl-openib.txt / error in device init
--------------------------------------------------------------------------
By default, for Open MPI 4.0 and later, infiniband ports on a device
are not used by default.  The intent is to use UCX for these devices.
You can override this policy by setting the btl_openib_allow_ib MCA parameter
to true.

  Local host:              n047
  Local adapter:           mlx5_2
  Local port:              1

--------------------------------------------------------------------------
--------------------------------------------------------------------------
WARNING: There was an error initializing an OpenFabrics device.

  Local host:   n047
  Local device: mlx5_2
--------------------------------------------------------------------------
[n047.hpc:3172824] 7 more processes have sent help message help-mpi-btl-openib.txt / ib port not selected
[n047.hpc:3172824] Set MCA parameter "orte_base_help_aggregate" to 0 to see all help / error messages
[n047.hpc:3172824] 7 more processes have sent help message help-mpi-btl-openib.txt / error in device init
--------------------------------------------------------------------------
By default, for Open MPI 4.0 and later, infiniband ports on a device
are not used by default.  The intent is to use UCX for these devices.
You can override this policy by setting the btl_openib_allow_ib MCA parameter
to true.

  Local host:              n047
  Local adapter:           mlx5_2
  Local port:              1

--------------------------------------------------------------------------
--------------------------------------------------------------------------
WARNING: There was an error initializing an OpenFabrics device.

  Local host:   n047
  Local device: mlx5_2
--------------------------------------------------------------------------
[n047.hpc:3172853] 7 more processes have sent help message help-mpi-btl-openib.txt / ib port not selected
[n047.hpc:3172853] Set MCA parameter "orte_base_help_aggregate" to 0 to see all help / error messages
[n047.hpc:3172853] 7 more processes have sent help message help-mpi-btl-openib.txt / error in device init
--------------------------------------------------------------------------
By default, for Open MPI 4.0 and later, infiniband ports on a device
are not used by default.  The intent is to use UCX for these devices.
You can override this policy by setting the btl_openib_allow_ib MCA parameter
to true.

  Local host:              n047
  Local adapter:           mlx5_2
  Local port:              1

--------------------------------------------------------------------------
--------------------------------------------------------------------------
WARNING: There was an error initializing an OpenFabrics device.

  Local host:   n047
  Local device: mlx5_2
--------------------------------------------------------------------------
[n047.hpc:3172881] 7 more processes have sent help message help-mpi-btl-openib.txt / ib port not selected
[n047.hpc:3172881] Set MCA parameter "orte_base_help_aggregate" to 0 to see all help / error messages
[n047.hpc:3172881] 7 more processes have sent help message help-mpi-btl-openib.txt / error in device init
--------------------------------------------------------------------------
By default, for Open MPI 4.0 and later, infiniband ports on a device
are not used by default.  The intent is to use UCX for these devices.
You can override this policy by setting the btl_openib_allow_ib MCA parameter
to true.

  Local host:              n047
  Local adapter:           mlx5_2
  Local port:              1

--------------------------------------------------------------------------
--------------------------------------------------------------------------
WARNING: There was an error initializing an OpenFabrics device.

  Local host:   n047
  Local device: mlx5_2
--------------------------------------------------------------------------
[n047.hpc:3172909] 7 more processes have sent help message help-mpi-btl-openib.txt / ib port not selected
[n047.hpc:3172909] Set MCA parameter "orte_base_help_aggregate" to 0 to see all help / error messages
[n047.hpc:3172909] 7 more processes have sent help message help-mpi-btl-openib.txt / error in device init
--------------------------------------------------------------------------
By default, for Open MPI 4.0 and later, infiniband ports on a device
are not used by default.  The intent is to use UCX for these devices.
You can override this policy by setting the btl_openib_allow_ib MCA parameter
to true.

  Local host:              n047
  Local adapter:           mlx5_2
  Local port:              1

--------------------------------------------------------------------------
--------------------------------------------------------------------------
WARNING: There was an error initializing an OpenFabrics device.

  Local host:   n047
  Local device: mlx5_2
--------------------------------------------------------------------------
[n047.hpc:3172937] 7 more processes have sent help message help-mpi-btl-openib.txt / ib port not selected
[n047.hpc:3172937] Set MCA parameter "orte_base_help_aggregate" to 0 to see all help / error messages
[n047.hpc:3172937] 7 more processes have sent help message help-mpi-btl-openib.txt / error in device init
--------------------------------------------------------------------------
By default, for Open MPI 4.0 and later, infiniband ports on a device
are not used by default.  The intent is to use UCX for these devices.
You can override this policy by setting the btl_openib_allow_ib MCA parameter
to true.

  Local host:              n047
  Local adapter:           mlx5_2
  Local port:              1

--------------------------------------------------------------------------
--------------------------------------------------------------------------
WARNING: There was an error initializing an OpenFabrics device.

  Local host:   n047
  Local device: mlx5_2
--------------------------------------------------------------------------
[n047.hpc:3173234] 7 more processes have sent help message help-mpi-btl-openib.txt / ib port not selected
[n047.hpc:3173234] Set MCA parameter "orte_base_help_aggregate" to 0 to see all help / error messages
[n047.hpc:3173234] 7 more processes have sent help message help-mpi-btl-openib.txt / error in device init
--------------------------------------------------------------------------
By default, for Open MPI 4.0 and later, infiniband ports on a device
are not used by default.  The intent is to use UCX for these devices.
You can override this policy by setting the btl_openib_allow_ib MCA parameter
to true.

  Local host:              n047
  Local adapter:           mlx5_2
  Local port:              1

--------------------------------------------------------------------------
--------------------------------------------------------------------------
WARNING: There was an error initializing an OpenFabrics device.

  Local host:   n047
  Local device: mlx5_2
--------------------------------------------------------------------------
[n047.hpc:3173262] 7 more processes have sent help message help-mpi-btl-openib.txt / ib port not selected
[n047.hpc:3173262] Set MCA parameter "orte_base_help_aggregate" to 0 to see all help / error messages
[n047.hpc:3173262] 7 more processes have sent help message help-mpi-btl-openib.txt / error in device init
--------------------------------------------------------------------------
By default, for Open MPI 4.0 and later, infiniband ports on a device
are not used by default.  The intent is to use UCX for these devices.
You can override this policy by setting the btl_openib_allow_ib MCA parameter
to true.

  Local host:              n047
  Local adapter:           mlx5_2
  Local port:              1

--------------------------------------------------------------------------
--------------------------------------------------------------------------
WARNING: There was an error initializing an OpenFabrics device.

  Local host:   n047
  Local device: mlx5_2
--------------------------------------------------------------------------
[n047.hpc:3173320] 7 more processes have sent help message help-mpi-btl-openib.txt / ib port not selected
[n047.hpc:3173320] Set MCA parameter "orte_base_help_aggregate" to 0 to see all help / error messages
[n047.hpc:3173320] 7 more processes have sent help message help-mpi-btl-openib.txt / error in device init
--------------------------------------------------------------------------
By default, for Open MPI 4.0 and later, infiniband ports on a device
are not used by default.  The intent is to use UCX for these devices.
You can override this policy by setting the btl_openib_allow_ib MCA parameter
to true.

  Local host:              n047
  Local adapter:           mlx5_2
  Local port:              1

--------------------------------------------------------------------------
--------------------------------------------------------------------------
WARNING: There was an error initializing an OpenFabrics device.

  Local host:   n047
  Local device: mlx5_2
--------------------------------------------------------------------------
[n047.hpc:3173348] 7 more processes have sent help message help-mpi-btl-openib.txt / ib port not selected
[n047.hpc:3173348] Set MCA parameter "orte_base_help_aggregate" to 0 to see all help / error messages
[n047.hpc:3173348] 7 more processes have sent help message help-mpi-btl-openib.txt / error in device init
--------------------------------------------------------------------------
By default, for Open MPI 4.0 and later, infiniband ports on a device
are not used by default.  The intent is to use UCX for these devices.
You can override this policy by setting the btl_openib_allow_ib MCA parameter
to true.

  Local host:              n047
  Local adapter:           mlx5_2
  Local port:              1

--------------------------------------------------------------------------
--------------------------------------------------------------------------
WARNING: There was an error initializing an OpenFabrics device.

  Local host:   n047
  Local device: mlx5_2
--------------------------------------------------------------------------
[n047.hpc:3173406] 7 more processes have sent help message help-mpi-btl-openib.txt / ib port not selected
[n047.hpc:3173406] Set MCA parameter "orte_base_help_aggregate" to 0 to see all help / error messages
[n047.hpc:3173406] 7 more processes have sent help message help-mpi-btl-openib.txt / error in device init
--------------------------------------------------------------------------
By default, for Open MPI 4.0 and later, infiniband ports on a device
are not used by default.  The intent is to use UCX for these devices.
You can override this policy by setting the btl_openib_allow_ib MCA parameter
to true.

  Local host:              n047
  Local adapter:           mlx5_2
  Local port:              1

--------------------------------------------------------------------------
--------------------------------------------------------------------------
WARNING: There was an error initializing an OpenFabrics device.

  Local host:   n047
  Local device: mlx5_2
--------------------------------------------------------------------------
[n047.hpc:3173434] 7 more processes have sent help message help-mpi-btl-openib.txt / ib port not selected
[n047.hpc:3173434] Set MCA parameter "orte_base_help_aggregate" to 0 to see all help / error messages
[n047.hpc:3173434] 7 more processes have sent help message help-mpi-btl-openib.txt / error in device init
--------------------------------------------------------------------------
By default, for Open MPI 4.0 and later, infiniband ports on a device
are not used by default.  The intent is to use UCX for these devices.
You can override this policy by setting the btl_openib_allow_ib MCA parameter
to true.

  Local host:              n047
  Local adapter:           mlx5_2
  Local port:              1

--------------------------------------------------------------------------
--------------------------------------------------------------------------
WARNING: There was an error initializing an OpenFabrics device.

  Local host:   n047
  Local device: mlx5_2
--------------------------------------------------------------------------
[n047.hpc:3173730] 7 more processes have sent help message help-mpi-btl-openib.txt / ib port not selected
[n047.hpc:3173730] Set MCA parameter "orte_base_help_aggregate" to 0 to see all help / error messages
[n047.hpc:3173730] 7 more processes have sent help message help-mpi-btl-openib.txt / error in device init
--------------------------------------------------------------------------
By default, for Open MPI 4.0 and later, infiniband ports on a device
are not used by default.  The intent is to use UCX for these devices.
You can override this policy by setting the btl_openib_allow_ib MCA parameter
to true.

  Local host:              n047
  Local adapter:           mlx5_2
  Local port:              1

--------------------------------------------------------------------------
--------------------------------------------------------------------------
WARNING: There was an error initializing an OpenFabrics device.

  Local host:   n047
  Local device: mlx5_2
--------------------------------------------------------------------------
[n047.hpc:3173758] 7 more processes have sent help message help-mpi-btl-openib.txt / ib port not selected
[n047.hpc:3173758] Set MCA parameter "orte_base_help_aggregate" to 0 to see all help / error messages
[n047.hpc:3173758] 7 more processes have sent help message help-mpi-btl-openib.txt / error in device init
--------------------------------------------------------------------------
By default, for Open MPI 4.0 and later, infiniband ports on a device
are not used by default.  The intent is to use UCX for these devices.
You can override this policy by setting the btl_openib_allow_ib MCA parameter
to true.

  Local host:              n047
  Local adapter:           mlx5_2
  Local port:              1

--------------------------------------------------------------------------
--------------------------------------------------------------------------
WARNING: There was an error initializing an OpenFabrics device.

  Local host:   n047
  Local device: mlx5_2
--------------------------------------------------------------------------
[n047.hpc:3173814] 7 more processes have sent help message help-mpi-btl-openib.txt / ib port not selected
[n047.hpc:3173814] Set MCA parameter "orte_base_help_aggregate" to 0 to see all help / error messages
[n047.hpc:3173814] 7 more processes have sent help message help-mpi-btl-openib.txt / error in device init
--------------------------------------------------------------------------
By default, for Open MPI 4.0 and later, infiniband ports on a device
are not used by default.  The intent is to use UCX for these devices.
You can override this policy by setting the btl_openib_allow_ib MCA parameter
to true.

  Local host:              n047
  Local adapter:           mlx5_2
  Local port:              1

--------------------------------------------------------------------------
--------------------------------------------------------------------------
WARNING: There was an error initializing an OpenFabrics device.

  Local host:   n047
  Local device: mlx5_2
--------------------------------------------------------------------------
[n047.hpc:3173842] 7 more processes have sent help message help-mpi-btl-openib.txt / ib port not selected
[n047.hpc:3173842] Set MCA parameter "orte_base_help_aggregate" to 0 to see all help / error messages
[n047.hpc:3173842] 7 more processes have sent help message help-mpi-btl-openib.txt / error in device init
--------------------------------------------------------------------------
By default, for Open MPI 4.0 and later, infiniband ports on a device
are not used by default.  The intent is to use UCX for these devices.
You can override this policy by setting the btl_openib_allow_ib MCA parameter
to true.

  Local host:              n047
  Local adapter:           mlx5_2
  Local port:              1

--------------------------------------------------------------------------
--------------------------------------------------------------------------
WARNING: There was an error initializing an OpenFabrics device.

  Local host:   n047
  Local device: mlx5_2
--------------------------------------------------------------------------
[n047.hpc:3173872] 7 more processes have sent help message help-mpi-btl-openib.txt / ib port not selected
[n047.hpc:3173872] Set MCA parameter "orte_base_help_aggregate" to 0 to see all help / error messages
[n047.hpc:3173872] 7 more processes have sent help message help-mpi-btl-openib.txt / error in device init
--------------------------------------------------------------------------
By default, for Open MPI 4.0 and later, infiniband ports on a device
are not used by default.  The intent is to use UCX for these devices.
You can override this policy by setting the btl_openib_allow_ib MCA parameter
to true.

  Local host:              n047
  Local adapter:           mlx5_2
  Local port:              1

--------------------------------------------------------------------------
--------------------------------------------------------------------------
WARNING: There was an error initializing an OpenFabrics device.

  Local host:   n047
  Local device: mlx5_2
--------------------------------------------------------------------------
[n047.hpc:3173900] 7 more processes have sent help message help-mpi-btl-openib.txt / ib port not selected
[n047.hpc:3173900] Set MCA parameter "orte_base_help_aggregate" to 0 to see all help / error messages
[n047.hpc:3173900] 7 more processes have sent help message help-mpi-btl-openib.txt / error in device init
--------------------------------------------------------------------------
By default, for Open MPI 4.0 and later, infiniband ports on a device
are not used by default.  The intent is to use UCX for these devices.
You can override this policy by setting the btl_openib_allow_ib MCA parameter
to true.

  Local host:              n047
  Local adapter:           mlx5_2
  Local port:              1

--------------------------------------------------------------------------
--------------------------------------------------------------------------
WARNING: There was an error initializing an OpenFabrics device.

  Local host:   n047
  Local device: mlx5_2
--------------------------------------------------------------------------
[n047.hpc:3174068] 7 more processes have sent help message help-mpi-btl-openib.txt / ib port not selected
[n047.hpc:3174068] Set MCA parameter "orte_base_help_aggregate" to 0 to see all help / error messages
[n047.hpc:3174068] 7 more processes have sent help message help-mpi-btl-openib.txt / error in device init
--------------------------------------------------------------------------
By default, for Open MPI 4.0 and later, infiniband ports on a device
are not used by default.  The intent is to use UCX for these devices.
You can override this policy by setting the btl_openib_allow_ib MCA parameter
to true.

  Local host:              n047
  Local adapter:           mlx5_2
  Local port:              1

--------------------------------------------------------------------------
--------------------------------------------------------------------------
WARNING: There was an error initializing an OpenFabrics device.

  Local host:   n047
  Local device: mlx5_2
--------------------------------------------------------------------------
[n047.hpc:3174293] 7 more processes have sent help message help-mpi-btl-openib.txt / ib port not selected
[n047.hpc:3174293] Set MCA parameter "orte_base_help_aggregate" to 0 to see all help / error messages
[n047.hpc:3174293] 7 more processes have sent help message help-mpi-btl-openib.txt / error in device init
--------------------------------------------------------------------------
By default, for Open MPI 4.0 and later, infiniband ports on a device
are not used by default.  The intent is to use UCX for these devices.
You can override this policy by setting the btl_openib_allow_ib MCA parameter
to true.

  Local host:              n047
  Local adapter:           mlx5_2
  Local port:              1

--------------------------------------------------------------------------
--------------------------------------------------------------------------
WARNING: There was an error initializing an OpenFabrics device.

  Local host:   n047
  Local device: mlx5_2
--------------------------------------------------------------------------
[n047.hpc:3174549] 7 more processes have sent help message help-mpi-btl-openib.txt / ib port not selected
[n047.hpc:3174549] Set MCA parameter "orte_base_help_aggregate" to 0 to see all help / error messages
[n047.hpc:3174549] 7 more processes have sent help message help-mpi-btl-openib.txt / error in device init
--------------------------------------------------------------------------
By default, for Open MPI 4.0 and later, infiniband ports on a device
are not used by default.  The intent is to use UCX for these devices.
You can override this policy by setting the btl_openib_allow_ib MCA parameter
to true.

  Local host:              n047
  Local adapter:           mlx5_2
  Local port:              1

--------------------------------------------------------------------------
--------------------------------------------------------------------------
WARNING: There was an error initializing an OpenFabrics device.

  Local host:   n047
  Local device: mlx5_2
--------------------------------------------------------------------------
[n047.hpc:3175810] 7 more processes have sent help message help-mpi-btl-openib.txt / ib port not selected
[n047.hpc:3175810] Set MCA parameter "orte_base_help_aggregate" to 0 to see all help / error messages
[n047.hpc:3175810] 7 more processes have sent help message help-mpi-btl-openib.txt / error in device init
