<May23-2026> <12:33:22>  AMS 2026.103  RunTime: May23-2026 12:33:22  ShM Nodes: 1  Procs: 1
<May23-2026> <12:33:22>  ADF 2026.103  RunTime: May23-2026 12:33:22  ShM Nodes: 1  Procs: 1
<May23-2026> <12:33:22>  *** (NO TITLE) ***
<May23-2026> <12:33:22>  DIRAC 2026.103  RunTime: May23-2026 12:33:22  ShM Nodes: 1  Procs: 1
<May23-2026> <12:33:22>  Carbon (TZ2P)
<May23-2026> <12:33:22>  Net Charge: 0 (Nuclei minus Electrons)
<May23-2026> <12:33:22>  Symmetry  : ATOM
<May23-2026> <12:33:22>  Coordinates
<May23-2026> <12:33:22>     Atom         X           Y           Z   (Angstrom)
<May23-2026> <12:33:22>     1.C         0.000000    0.000000    0.000000
<May23-2026> <12:33:22>  >>>> CORORT
<May23-2026> <12:33:22>  >>>> CLSMAT
<May23-2026> <12:33:22>  >>>> ORTHON
<May23-2026> <12:33:22>  >>>> GENPT
<May23-2026> <12:33:22>  Block Length=  72
<May23-2026> <12:33:22>  >>>> PTBAS
<May23-2026> <12:33:22>  >>>> CYCLE
<May23-2026> <12:33:22>              |Error|         MaxErr       Wt(A-DIIS)
<May23-2026> <12:33:22>      1      0.00000000      0.00000000
<May23-2026> <12:33:22>      2      4.48450606      3.33074448    100.0
<May23-2026> <12:33:22>      3      1.63845963      1.31677840    100.0
<May23-2026> <12:33:22>      4      0.72237885      0.58090812    100.0
<May23-2026> <12:33:22>      5      0.41341516      0.32921223    100.0
<May23-2026> <12:33:22>      6      0.12634980      0.09661242     96.6
<May23-2026> <12:33:22>      7      0.11511849      0.08978748     89.7
<May23-2026> <12:33:22>      8      0.00670007      0.00519977      4.2
<May23-2026> <12:33:22>      9      0.00022181      0.00016825      0.0
<May23-2026> <12:33:22>     10      0.00000199      0.00000135      0.0
<May23-2026> <12:33:22>     11      0.00000002      0.00000001      0.0
<May23-2026> <12:33:22>     12      0.00000000      0.00000000      0.0
<May23-2026> <12:33:22>  SCF converged
<May23-2026> <12:33:22>     13      0.00000000      0.00000000      0.0
<May23-2026> <12:33:23>  >>>> POPAN
<May23-2026> <12:33:23>  >>>> DEBYE
<May23-2026> <12:33:23>  DIRAC 2026.103  RunTime: May23-2026 12:33:23  ShM Nodes: 1  Procs: 1
<May23-2026> <12:33:23>  Iodine (TZ2P, all electron)
<May23-2026> <12:33:23>  Net Charge: 0 (Nuclei minus Electrons)
<May23-2026> <12:33:23>  Symmetry  : ATOM
<May23-2026> <12:33:23>  Coordinates
<May23-2026> <12:33:23>     Atom         X           Y           Z   (Angstrom)
<May23-2026> <12:33:23>     1.I         0.000000    0.000000    0.000000
<May23-2026> <12:33:23>  >>>> CORORT
<May23-2026> <12:33:23>  >>>> CLSMAT
<May23-2026> <12:33:23>  >>>> ORTHON
<May23-2026> <12:33:23>  >>>> GENPT
<May23-2026> <12:33:23>  Block Length=  88
<May23-2026> <12:33:23>  >>>> PTBAS
<May23-2026> <12:33:23>  >>>> CYCLE
<May23-2026> <12:33:23>              |Error|         MaxErr       Wt(A-DIIS)
<May23-2026> <12:33:23>      1      0.00000000      0.00000000
<May23-2026> <12:33:23>      2    302.41115465     41.03984405    100.0
<May23-2026> <12:33:23>      3    115.64616559     32.45585083    100.0
<May23-2026> <12:33:23>      4     16.61167509      2.64139510    100.0
<May23-2026> <12:33:23>      5     19.29516062      6.03041311    100.0
<May23-2026> <12:33:24>      6      2.83159520      0.57584477    100.0
<May23-2026> <12:33:24>      7      3.00309160      0.62358724    100.0
<May23-2026> <12:33:24>      8      0.23372030      0.04208838     41.5
<May23-2026> <12:33:24>      9      0.06454882      0.01223704     11.4
<May23-2026> <12:33:24>     10      0.01026150      0.00204905      1.1
<May23-2026> <12:33:24>     11      0.00024347      0.00004565      0.0
<May23-2026> <12:33:24>     12      0.00000510      0.00000095      0.0
<May23-2026> <12:33:24>     13      0.00000008      0.00000001      0.0
<May23-2026> <12:33:24>     14      0.00000001      0.00000000      0.0
<May23-2026> <12:33:24>  SCF converged
<May23-2026> <12:33:24>     15      0.00000000      0.00000000      0.0
<May23-2026> <12:33:24>  >>>> POPAN
<May23-2026> <12:33:24>  >>>> DEBYE
<May23-2026> <12:33:24>  DIRAC 2026.103  RunTime: May23-2026 12:33:24  ShM Nodes: 1  Procs: 1
<May23-2026> <12:33:24>  Oxygen (TZ2P)
<May23-2026> <12:33:24>  Net Charge: 0 (Nuclei minus Electrons)
<May23-2026> <12:33:24>  Symmetry  : ATOM
<May23-2026> <12:33:24>  Coordinates
<May23-2026> <12:33:24>     Atom         X           Y           Z   (Angstrom)
<May23-2026> <12:33:24>     1.O         0.000000    0.000000    0.000000
<May23-2026> <12:33:24>  >>>> CORORT
<May23-2026> <12:33:24>  >>>> CLSMAT
<May23-2026> <12:33:24>  >>>> ORTHON
<May23-2026> <12:33:24>  >>>> GENPT
<May23-2026> <12:33:24>  Block Length=  68
<May23-2026> <12:33:24>  >>>> PTBAS
<May23-2026> <12:33:24>  >>>> CYCLE
<May23-2026> <12:33:24>              |Error|         MaxErr       Wt(A-DIIS)
<May23-2026> <12:33:24>      1      0.00000000      0.00000000
<May23-2026> <12:33:24>      2      8.77379167      5.52456194    100.0
<May23-2026> <12:33:24>      3      3.58874259      2.50390796    100.0
<May23-2026> <12:33:24>      4      1.14813168      0.58304454    100.0
<May23-2026> <12:33:25>      5      1.52147762      0.84216884    100.0
<May23-2026> <12:33:25>      6      0.17958647      0.10470670    100.0
<May23-2026> <12:33:25>      7      0.20120374      0.11429590    100.0
<May23-2026> <12:33:25>      8      0.01711846      0.01004426      9.1
<May23-2026> <12:33:25>      9      0.00178953      0.00100777      0.0
<May23-2026> <12:33:25>     10      0.00000129      0.00000068      0.0
<May23-2026> <12:33:25>     11      0.00000005      0.00000002      0.0
<May23-2026> <12:33:25>     12      0.00000000      0.00000000      0.0
<May23-2026> <12:33:25>  SCF converged
<May23-2026> <12:33:25>     13      0.00000000      0.00000000      0.0
<May23-2026> <12:33:25>  >>>> POPAN
<May23-2026> <12:33:25>  >>>> DEBYE
<May23-2026> <12:33:25>  DIRAC 2026.103  RunTime: May23-2026 12:33:25  ShM Nodes: 1  Procs: 1
<May23-2026> <12:33:25>  Hydrogen (TZ2P)
<May23-2026> <12:33:25>  Net Charge: 0 (Nuclei minus Electrons)
<May23-2026> <12:33:25>  Symmetry  : ATOM
<May23-2026> <12:33:25>  Coordinates
<May23-2026> <12:33:25>     Atom         X           Y           Z   (Angstrom)
<May23-2026> <12:33:25>     1.H         0.000000    0.000000    0.000000
<May23-2026> <12:33:25>  >>>> CORORT
<May23-2026> <12:33:25>  >>>> CLSMAT
<May23-2026> <12:33:25>  >>>> ORTHON
<May23-2026> <12:33:25>  >>>> GENPT
<May23-2026> <12:33:25>  Block Length=  64
<May23-2026> <12:33:25>  >>>> PTBAS
<May23-2026> <12:33:25>  >>>> CYCLE
<May23-2026> <12:33:25>              |Error|         MaxErr       Wt(A-DIIS)
<May23-2026> <12:33:25>      1      0.00000000      0.00000000
<May23-2026> <12:33:25>      2      0.03100426      0.02644614
<May23-2026> <12:33:25>      3      0.00958086      0.00932931    100.0
<May23-2026> <12:33:25>      4      0.00232128      0.00228673      1.3
<May23-2026> <12:33:25>      5      0.00003156      0.00002984      0.0
<May23-2026> <12:33:25>      6      0.00000096      0.00000091      0.0
<May23-2026> <12:33:25>      7      0.00000000      0.00000000      0.0
<May23-2026> <12:33:25>  SCF converged
<May23-2026> <12:33:25>      8      0.00000000      0.00000000      0.0
<May23-2026> <12:33:25>  >>>> POPAN
<May23-2026> <12:33:25>  >>>> DEBYE
<May23-2026> <12:33:25>  *** adf ***
<May23-2026> <12:33:25>  Net Charge: 0 (Nuclei minus Electrons)
<May23-2026> <12:33:25>  Spin polar: 1 (Spin_A minus Spin_B electrons)
<May23-2026> <12:33:25>  Symmetry  : NOSYM
<May23-2026> <12:33:25>  >>>> FRAGM
<May23-2026> <12:33:25>  Coordinates
<May23-2026> <12:33:25>     Atom         X           Y           Z   (Angstrom)
<May23-2026> <12:33:25>     1.C         1.093075    1.223589   -0.090722
<May23-2026> <12:33:25>     2.C         1.446728   -0.073429    0.134835
<May23-2026> <12:33:25>     3.I         2.117623   -0.537108    2.168201
<May23-2026> <12:33:25>     4.O         1.172430   -1.047912   -0.595947
<May23-2026> <12:33:25>     5.H         0.877296    1.507016   -1.110902
<May23-2026> <12:33:25>     6.H         1.359752    1.999044    0.610376
<May23-2026> <12:33:25>  >>>> CORORT
<May23-2026> <12:33:25>  >>>> CLSMAT
<May23-2026> <12:33:25>  >>>> ORTHON
<May23-2026> <12:33:25>  >>>> GENPT
<May23-2026> <12:33:25>  Block Length= 128
<May23-2026> <12:33:26>  >>>> PTBAS
<May23-2026> <12:33:27>  >>>> CYCLE
<May23-2026> <12:33:30>              |Error|         MaxErr       Wt(A-DIIS)
<May23-2026> <12:33:30>      1      4.27105164      0.70209449
<May23-2026> <12:33:33>      2      1.28270985      0.12200809    100.0
<May23-2026> <12:33:35>      3      1.06302395      0.10233476    100.0
<May23-2026> <12:33:38>      4      3.51476608      0.41775820    100.0
<May23-2026> <12:33:41>      5      1.12660671      0.12177640    100.0
<May23-2026> <12:33:44>      6      0.95761886      0.17057122    100.0
<May23-2026> <12:33:46>      7      0.63397252      0.10608514    100.0
<May23-2026> <12:33:49>      8      0.30356437      0.06076287     60.4
<May23-2026> <12:33:52>      9      0.24221942      0.02732384     26.6
<May23-2026> <12:33:55>     10      0.08034185      0.01165414     10.8
<May23-2026> <12:33:57>     11      0.03342733      0.00374356      2.8
<May23-2026> <12:34:00>     12      0.00686622      0.00117656      0.2
<May23-2026> <12:34:03>     13      0.00237108      0.00029454      0.0
<May23-2026> <12:34:05>     14      0.00044872      0.00004543      0.0
<May23-2026> <12:34:08>     15      0.00024729      0.00002622      0.0
<May23-2026> <12:34:11>     16      0.00005447      0.00000498      0.0
<May23-2026> <12:34:13>     17      0.00001964      0.00000155      0.0
<May23-2026> <12:34:16>     18      0.00000744      0.00000078      0.0
<May23-2026> <12:34:17>  SCF converged
<May23-2026> <12:34:19>     19      0.00000430      0.00000074      0.0
<May23-2026> <12:34:21>  >>>> TOTEN
<May23-2026> <12:34:28>  >>>> POPAN
<May23-2026> <12:34:28>  >>>> DEBYE
<May23-2026> <12:34:28>  >>>> AMETS
<May23-2026> <12:34:28>   Bond Energy          -1.10334081 a.u.
<May23-2026> <12:34:28>   Bond Energy         -30.02343112 eV
<May23-2026> <12:34:28>   Bond Energy        -692.36       kcal/mol
<May23-2026> <12:34:28>  >>>> POPUL
<May23-2026> <12:34:28>  NORMAL TERMINATION
