<May23-2026> <13:22:51>  AMS 2026.103  RunTime: May23-2026 13:22:51  ShM Nodes: 1  Procs: 1
<May23-2026> <13:22:51>  ADF 2026.103  RunTime: May23-2026 13:22:51  ShM Nodes: 1  Procs: 1
<May23-2026> <13:22:51>  *** (NO TITLE) ***
<May23-2026> <13:22:51>  Iteration 1
<May23-2026> <13:22:51>  DIRAC 2026.103  RunTime: May23-2026 13:22:51  ShM Nodes: 1  Procs: 1
<May23-2026> <13:22:51>  Carbon (TZ2P)
<May23-2026> <13:22:51>  Net Charge: 0 (Nuclei minus Electrons)
<May23-2026> <13:22:51>  Symmetry  : ATOM
<May23-2026> <13:22:51>  Coordinates
<May23-2026> <13:22:51>     Atom         X           Y           Z   (Angstrom)
<May23-2026> <13:22:51>     1.C         0.000000    0.000000    0.000000
<May23-2026> <13:22:51>  >>>> CORORT
<May23-2026> <13:22:51>  >>>> CLSMAT
<May23-2026> <13:22:51>  >>>> ORTHON
<May23-2026> <13:22:51>  >>>> GENPT
<May23-2026> <13:22:51>  Block Length=  72
<May23-2026> <13:22:51>  >>>> PTBAS
<May23-2026> <13:22:51>  >>>> CYCLE
<May23-2026> <13:22:51>              |Error|         MaxErr       Wt(A-DIIS)
<May23-2026> <13:22:51>      1      0.00000000      0.00000000
<May23-2026> <13:22:51>      2      4.48450606      3.33074448    100.0
<May23-2026> <13:22:52>      3      1.63845963      1.31677840    100.0
<May23-2026> <13:22:52>      4      0.72237885      0.58090812    100.0
<May23-2026> <13:22:52>      5      0.41341516      0.32921223    100.0
<May23-2026> <13:22:52>      6      0.12634980      0.09661242     96.6
<May23-2026> <13:22:52>      7      0.11511849      0.08978748     89.7
<May23-2026> <13:22:52>      8      0.00670007      0.00519977      4.2
<May23-2026> <13:22:52>      9      0.00022181      0.00016825      0.0
<May23-2026> <13:22:52>     10      0.00000199      0.00000135      0.0
<May23-2026> <13:22:52>     11      0.00000002      0.00000001      0.0
<May23-2026> <13:22:52>     12      0.00000000      0.00000000      0.0
<May23-2026> <13:22:52>  SCF converged
<May23-2026> <13:22:52>     13      0.00000000      0.00000000      0.0
<May23-2026> <13:22:52>  >>>> POPAN
<May23-2026> <13:22:52>  >>>> DEBYE
<May23-2026> <13:22:52>  DIRAC 2026.103  RunTime: May23-2026 13:22:52  ShM Nodes: 1  Procs: 1
<May23-2026> <13:22:52>  Hydrogen (TZ2P)
<May23-2026> <13:22:52>  Net Charge: 0 (Nuclei minus Electrons)
<May23-2026> <13:22:52>  Symmetry  : ATOM
<May23-2026> <13:22:52>  Coordinates
<May23-2026> <13:22:52>     Atom         X           Y           Z   (Angstrom)
<May23-2026> <13:22:52>     1.H         0.000000    0.000000    0.000000
<May23-2026> <13:22:52>  >>>> CORORT
<May23-2026> <13:22:52>  >>>> CLSMAT
<May23-2026> <13:22:52>  >>>> ORTHON
<May23-2026> <13:22:52>  >>>> GENPT
<May23-2026> <13:22:52>  Block Length=  64
<May23-2026> <13:22:52>  >>>> PTBAS
<May23-2026> <13:22:52>  >>>> CYCLE
<May23-2026> <13:22:52>              |Error|         MaxErr       Wt(A-DIIS)
<May23-2026> <13:22:52>      1      0.00000000      0.00000000
<May23-2026> <13:22:52>      2      0.03100426      0.02644614
<May23-2026> <13:22:52>      3      0.00958086      0.00932931    100.0
<May23-2026> <13:22:52>      4      0.00232128      0.00228673      1.3
<May23-2026> <13:22:52>      5      0.00003156      0.00002984      0.0
<May23-2026> <13:22:52>      6      0.00000096      0.00000091      0.0
<May23-2026> <13:22:52>      7      0.00000000      0.00000000      0.0
<May23-2026> <13:22:52>  SCF converged
<May23-2026> <13:22:52>      8      0.00000000      0.00000000      0.0
<May23-2026> <13:22:52>  >>>> POPAN
<May23-2026> <13:22:52>  >>>> DEBYE
<May23-2026> <13:22:52>  *** GO1_GOStep1 ***
<May23-2026> <13:22:52>  >>>> FRAGM
<May23-2026> <13:22:52>  Coordinates
<May23-2026> <13:22:52>     Atom         X           Y           Z   (Angstrom)
<May23-2026> <13:22:52>     1.C         0.964169    0.469756    1.537547
<May23-2026> <13:22:52>     2.C         1.373999    0.429794    0.217833
<May23-2026> <13:22:52>     3.C         1.180160   -0.726722   -0.498563
<May23-2026> <13:22:52>     4.H         0.944902   -0.439749    2.119159
<May23-2026> <13:22:52>     5.H         1.014081    1.388582    2.101762
<May23-2026> <13:22:52>     6.H         1.493075    1.364876   -0.315207
<May23-2026> <13:22:52>     7.H         1.342540   -0.748101   -1.567566
<May23-2026> <13:22:52>     8.H         1.232843   -1.680040    0.006159
<May23-2026> <13:22:52>  >>>> CORORT
<May23-2026> <13:22:52>  >>>> CLSMAT
<May23-2026> <13:22:52>  >>>> ORTHON
<May23-2026> <13:22:52>  >>>> GENPT
<May23-2026> <13:22:52>  Block Length= 128
<May23-2026> <13:22:53>  >>>> PTBAS
<May23-2026> <13:22:53>  >>>> CYCLE
<May23-2026> <13:22:57>              |Error|         MaxErr       Wt(A-DIIS)
<May23-2026> <13:22:57>      1      4.12134483      0.44092988
<May23-2026> <13:23:00>      2      0.80423221      0.05642394    100.0
<May23-2026> <13:23:03>      3      0.71855835      0.04976986    100.0
<May23-2026> <13:23:06>      4      1.07285203      0.09353244    100.0
<May23-2026> <13:23:09>      5      0.16221363      0.01408303     13.2
<May23-2026> <13:23:12>      6      0.06815955      0.00668011      5.7
<May23-2026> <13:23:15>      7      0.01639207      0.00184081      0.8
<May23-2026> <13:23:18>      8      0.00469959      0.00060645      0.0
<May23-2026> <13:23:20>      9      0.00528520      0.00056889      0.0
<May23-2026> <13:23:23>     10      0.00094113      0.00010695      0.0
<May23-2026> <13:23:26>     11      0.00012645      0.00001192      0.0
<May23-2026> <13:23:29>     12      0.00002326      0.00000274      0.0
<May23-2026> <13:23:32>     13      0.00000583      0.00000049      0.0
<May23-2026> <13:23:32>  SCF converged
<May23-2026> <13:23:35>     14      0.00000231      0.00000016      0.0
<May23-2026> <13:23:35>  >>>> TOTEN
<May23-2026> <13:23:40>  >>>> POPAN
<May23-2026> <13:23:40>  >>>> DEBYE
<May23-2026> <13:23:40>  >>>> ENGRAD
<May23-2026> <13:23:43>  current energy                               -1.53280378 Hartree
<May23-2026> <13:23:43>  energy change                      -1.53280378     0.00008000    F
<May23-2026> <13:23:43>  constrained gradient max            0.06170383     0.00100000    F
<May23-2026> <13:23:43>  constrained gradient rms            0.02243744     0.00066667    F
<May23-2026> <13:23:43>  gradient max                        0.06170383
<May23-2026> <13:23:43>  gradient rms                        0.02243744
<May23-2026> <13:23:43>  cart. step max                      0.05115693     0.01000000    F
<May23-2026> <13:23:43>  cart. step rms                      0.02543139     0.00666667    F
<May23-2026> <13:23:43>  Iteration 2
<May23-2026> <13:23:43>  *** GO1_GOStep2 ***
<May23-2026> <13:23:43>  >>>> FRAGM
<May23-2026> <13:23:43>  Coordinates
<May23-2026> <13:23:43>     Atom         X           Y           Z   (Angstrom)
<May23-2026> <13:23:43>     1.C         0.982345    0.486471    1.569247
<May23-2026> <13:23:43>     2.C         1.344127    0.415973    0.225299
<May23-2026> <13:23:43>     3.C         1.204009   -0.745197   -0.527051
<May23-2026> <13:23:43>     4.H         0.931538   -0.415855    2.170316
<May23-2026> <13:23:43>     5.H         1.025886    1.422625    2.115692
<May23-2026> <13:23:43>     6.H         1.472358    1.355116   -0.309122
<May23-2026> <13:23:43>     7.H         1.366943   -0.744171   -1.600500
<May23-2026> <13:23:43>     8.H         1.218563   -1.716566   -0.042757
<May23-2026> <13:23:43>  >>>> CORORT
<May23-2026> <13:23:43>  >>>> CLSMAT
<May23-2026> <13:23:43>  >>>> ORTHON
<May23-2026> <13:23:43>  >>>> GENPT
<May23-2026> <13:23:43>  Block Length= 128
<May23-2026> <13:23:43>  >>>> PTBAS
<May23-2026> <13:23:44>  >>>> CYCLE
<May23-2026> <13:23:45>  using orbital data from restart file
<May23-2026> <13:23:48>              |Error|         MaxErr       Wt(A-DIIS)
<May23-2026> <13:23:48>      1      0.12211218      0.01562688
<May23-2026> <13:23:51>      2      0.02841983      0.00254796    100.0
<May23-2026> <13:23:54>      3      0.05256441      0.00505507    100.0
<May23-2026> <13:23:56>      4      0.00937729      0.00076724      0.0
<May23-2026> <13:23:59>      5      0.00283303      0.00030683      0.0
<May23-2026> <13:24:02>      6      0.00173813      0.00017982      0.0
<May23-2026> <13:24:05>      7      0.00050494      0.00005843      0.0
<May23-2026> <13:24:08>      8      0.00013946      0.00001067      0.0
<May23-2026> <13:24:11>      9      0.00001919      0.00000144      0.0
<May23-2026> <13:24:14>     10      0.00000262      0.00000023      0.0
<May23-2026> <13:24:14>  SCF converged
<May23-2026> <13:24:17>     11      0.00000059      0.00000005      0.0
<May23-2026> <13:24:17>  >>>> TOTEN
<May23-2026> <13:24:22>  >>>> POPAN
<May23-2026> <13:24:22>  >>>> DEBYE
<May23-2026> <13:24:22>  >>>> ENGRAD
<May23-2026> <13:24:25>  current energy                               -1.53814751 Hartree
<May23-2026> <13:24:25>  energy change                      -0.00534373     0.00008000    F
<May23-2026> <13:24:25>  constrained gradient max            0.05132213     0.00100000    F
<May23-2026> <13:24:25>  constrained gradient rms            0.01623794     0.00066667    F
<May23-2026> <13:24:25>  gradient max                        0.05132213
<May23-2026> <13:24:25>  gradient rms                        0.01623794
<May23-2026> <13:24:25>  cart. step max                      0.04758534     0.01000000    F
<May23-2026> <13:24:25>  cart. step rms                      0.02220518     0.00666667    F
<May23-2026> <13:24:25>  Iteration 3
<May23-2026> <13:24:25>  *** GO1_GOStep3 ***
<May23-2026> <13:24:25>  >>>> FRAGM
<May23-2026> <13:24:25>  Coordinates
<May23-2026> <13:24:25>     Atom         X           Y           Z   (Angstrom)
<May23-2026> <13:24:25>     1.C         1.029931    0.484144    1.580027
<May23-2026> <13:24:25>     2.C         1.299854    0.418022    0.220503
<May23-2026> <13:24:25>     3.C         1.248869   -0.749271   -0.526519
<May23-2026> <13:24:25>     4.H         0.914821   -0.420224    2.173871
<May23-2026> <13:24:25>     5.H         1.041573    1.429036    2.114727
<May23-2026> <13:24:25>     6.H         1.435331    1.359007   -0.315081
<May23-2026> <13:24:25>     7.H         1.402584   -0.740502   -1.601672
<May23-2026> <13:24:25>     8.H         1.172807   -1.721814   -0.044732
<May23-2026> <13:24:25>  >>>> CORORT
<May23-2026> <13:24:25>  >>>> CLSMAT
<May23-2026> <13:24:25>  >>>> ORTHON
<May23-2026> <13:24:25>  >>>> GENPT
<May23-2026> <13:24:25>  Block Length= 128
<May23-2026> <13:24:25>  >>>> PTBAS
<May23-2026> <13:24:26>  >>>> CYCLE
<May23-2026> <13:24:27>  using orbital data from restart file
<May23-2026> <13:24:29>              |Error|         MaxErr       Wt(A-DIIS)
<May23-2026> <13:24:29>      1      0.17802792      0.03094742
<May23-2026> <13:24:32>      2      0.02464189      0.00250526    100.0
<May23-2026> <13:24:35>      3      0.02636533      0.00243756    100.0
<May23-2026> <13:24:38>      4      0.00895463      0.00096505      0.0
<May23-2026> <13:24:41>      5      0.00246138      0.00027935      0.0
<May23-2026> <13:24:44>      6      0.00213941      0.00021429      0.0
<May23-2026> <13:24:47>      7      0.00047538      0.00005744      0.0
<May23-2026> <13:24:50>      8      0.00016246      0.00001689      0.0
<May23-2026> <13:24:53>      9      0.00001621      0.00000247      0.0
<May23-2026> <13:24:55>     10      0.00000271      0.00000028      0.0
<May23-2026> <13:24:56>  SCF converged
<May23-2026> <13:24:58>     11      0.00000102      0.00000008      0.0
<May23-2026> <13:24:59>  >>>> TOTEN
<May23-2026> <13:25:03>  >>>> POPAN
<May23-2026> <13:25:03>  >>>> DEBYE
<May23-2026> <13:25:03>  >>>> ENGRAD
<May23-2026> <13:25:06>  current energy                               -1.54286124 Hartree
<May23-2026> <13:25:06>  energy change                      -0.00471373     0.00008000    F
<May23-2026> <13:25:06>  constrained gradient max            0.02283789     0.00100000    F
<May23-2026> <13:25:06>  constrained gradient rms            0.00710281     0.00066667    F
<May23-2026> <13:25:06>  gradient max                        0.02283789
<May23-2026> <13:25:06>  gradient rms                        0.00710281
<May23-2026> <13:25:06>  cart. step max                      0.04430023     0.01000000    F
<May23-2026> <13:25:06>  cart. step rms                      0.01797826     0.00666667    F
<May23-2026> <13:25:06>  Iteration 4
<May23-2026> <13:25:06>  *** GO1_GOStep4 ***
<May23-2026> <13:25:06>  >>>> FRAGM
<May23-2026> <13:25:06>  Coordinates
<May23-2026> <13:25:06>     Atom         X           Y           Z   (Angstrom)
<May23-2026> <13:25:06>     1.C         1.058397    0.483451    1.587673
<May23-2026> <13:25:06>     2.C         1.255553    0.416211    0.217551
<May23-2026> <13:25:06>     3.C         1.275491   -0.752677   -0.526775
<May23-2026> <13:25:06>     4.H         0.911588   -0.419208    2.178047
<May23-2026> <13:25:06>     5.H         1.059065    1.433462    2.113553
<May23-2026> <13:25:06>     6.H         1.407694    1.356706   -0.317165
<May23-2026> <13:25:06>     7.H         1.442552   -0.737403   -1.599604
<May23-2026> <13:25:06>     8.H         1.135428   -1.722145   -0.052155
<May23-2026> <13:25:06>  >>>> CORORT
<May23-2026> <13:25:06>  >>>> CLSMAT
<May23-2026> <13:25:06>  >>>> ORTHON
<May23-2026> <13:25:06>  >>>> GENPT
<May23-2026> <13:25:06>  Block Length= 128
<May23-2026> <13:25:07>  >>>> PTBAS
<May23-2026> <13:25:07>  >>>> CYCLE
<May23-2026> <13:25:09>  using orbital data from restart file
<May23-2026> <13:25:11>              |Error|         MaxErr       Wt(A-DIIS)
<May23-2026> <13:25:11>      1      0.13816856      0.02471571
<May23-2026> <13:25:14>      2      0.01514217      0.00131323    100.0
<May23-2026> <13:25:17>      3      0.01911844      0.00156718    100.0
<May23-2026> <13:25:20>      4      0.00478289      0.00051565      0.0
<May23-2026> <13:25:23>      5      0.00236072      0.00025676      0.0
<May23-2026> <13:25:25>      6      0.00172066      0.00017065      0.0
<May23-2026> <13:25:28>      7      0.00040236      0.00004822      0.0
<May23-2026> <13:25:31>      8      0.00010412      0.00001011      0.0
<May23-2026> <13:25:34>      9      0.00001015      0.00000156      0.0
<May23-2026> <13:25:37>     10      0.00000181      0.00000026      0.0
<May23-2026> <13:25:38>  SCF converged
<May23-2026> <13:25:40>     11      0.00000026      0.00000002      0.0
<May23-2026> <13:25:40>  >>>> TOTEN
<May23-2026> <13:25:45>  >>>> POPAN
<May23-2026> <13:25:45>  >>>> DEBYE
<May23-2026> <13:25:45>  >>>> ENGRAD
<May23-2026> <13:25:48>  current energy                               -1.54393729 Hartree
<May23-2026> <13:25:48>  energy change                      -0.00107605     0.00008000    F
<May23-2026> <13:25:48>  constrained gradient max            0.00373110     0.00100000    F
<May23-2026> <13:25:48>  constrained gradient rms            0.00118598     0.00066667    F
<May23-2026> <13:25:48>  gradient max                        0.00373110
<May23-2026> <13:25:48>  gradient rms                        0.00118598
<May23-2026> <13:25:48>  cart. step max                      0.00696458     0.01000000    T
<May23-2026> <13:25:48>  cart. step rms                      0.00354331     0.00666667    T
<May23-2026> <13:25:48>  Iteration 5
<May23-2026> <13:25:48>  *** GO1_GOStep5 ***
<May23-2026> <13:25:48>  >>>> FRAGM
<May23-2026> <13:25:48>  Coordinates
<May23-2026> <13:25:48>     Atom         X           Y           Z   (Angstrom)
<May23-2026> <13:25:48>     1.C         1.064170    0.484599    1.591175
<May23-2026> <13:25:48>     2.C         1.261077    0.414321    0.219230
<May23-2026> <13:25:48>     3.C         1.280908   -0.754635   -0.528686
<May23-2026> <13:25:48>     4.H         0.904999   -0.416200    2.181417
<May23-2026> <13:25:48>     5.H         1.055777    1.436303    2.114350
<May23-2026> <13:25:48>     6.H         1.405892    1.355635   -0.316554
<May23-2026> <13:25:48>     7.H         1.435588   -0.736748   -1.603479
<May23-2026> <13:25:48>     8.H         1.137358   -1.724878   -0.056328
<May23-2026> <13:25:48>  >>>> CORORT
<May23-2026> <13:25:48>  >>>> CLSMAT
<May23-2026> <13:25:48>  >>>> ORTHON
<May23-2026> <13:25:48>  >>>> GENPT
<May23-2026> <13:25:48>  Block Length= 128
<May23-2026> <13:25:48>  >>>> PTBAS
<May23-2026> <13:25:49>  >>>> CYCLE
<May23-2026> <13:25:50>  using orbital data from restart file
<May23-2026> <13:25:53>              |Error|         MaxErr       Wt(A-DIIS)
<May23-2026> <13:25:53>      1      0.01388928      0.00136140
<May23-2026> <13:25:55>      2      0.00554981      0.00054067    100.0
<May23-2026> <13:25:58>      3      0.00681894      0.00054251    100.0
<May23-2026> <13:26:01>      4      0.00166769      0.00013817      0.0
<May23-2026> <13:26:04>      5      0.00027128      0.00002506      0.0
<May23-2026> <13:26:07>      6      0.00012995      0.00001209      0.0
<May23-2026> <13:26:10>      7      0.00004649      0.00000440      0.0
<May23-2026> <13:26:13>      8      0.00002238      0.00000239      0.0
<May23-2026> <13:26:15>      9      0.00000649      0.00000067      0.0
<May23-2026> <13:26:16>  SCF converged
<May23-2026> <13:26:19>     10      0.00000026      0.00000003      0.0
<May23-2026> <13:26:19>  >>>> TOTEN
<May23-2026> <13:26:23>  >>>> POPAN
<May23-2026> <13:26:23>  >>>> DEBYE
<May23-2026> <13:26:23>  >>>> ENGRAD
<May23-2026> <13:26:26>  current energy                               -1.54394834 Hartree
<May23-2026> <13:26:26>  energy change                      -0.00001105     0.00008000    T
<May23-2026> <13:26:26>  constrained gradient max            0.00084543     0.00100000    T
<May23-2026> <13:26:26>  constrained gradient rms            0.00034581     0.00066667    T
<May23-2026> <13:26:26>  gradient max                        0.00084543
<May23-2026> <13:26:26>  gradient rms                        0.00034581
<May23-2026> <13:26:26>  cart. step max                      0.00361334     0.01000000    T
<May23-2026> <13:26:26>  cart. step rms                      0.00126310     0.00666667    T
<May23-2026> <13:26:26>  Geometry optimization converged
<May23-2026> <13:26:26>  *** adf ***
<May23-2026> <13:26:26>  Net Charge: 0 (Nuclei minus Electrons)
<May23-2026> <13:26:26>  Spin polar: -1 (Spin_A minus Spin_B electrons)
<May23-2026> <13:26:26>  Symmetry  : NOSYM
<May23-2026> <13:26:26>  >>>> FRAGM
<May23-2026> <13:26:26>  Coordinates
<May23-2026> <13:26:26>     Atom         X           Y           Z   (Angstrom)
<May23-2026> <13:26:26>     1.C         1.064170    0.484599    1.591175
<May23-2026> <13:26:26>     2.C         1.261077    0.414321    0.219230
<May23-2026> <13:26:26>     3.C         1.280908   -0.754635   -0.528686
<May23-2026> <13:26:26>     4.H         0.904999   -0.416200    2.181417
<May23-2026> <13:26:26>     5.H         1.055777    1.436303    2.114350
<May23-2026> <13:26:26>     6.H         1.405892    1.355635   -0.316554
<May23-2026> <13:26:26>     7.H         1.435588   -0.736748   -1.603479
<May23-2026> <13:26:26>     8.H         1.137358   -1.724878   -0.056328
<May23-2026> <13:26:27>  >>>> CORORT
<May23-2026> <13:26:27>  >>>> CLSMAT
<May23-2026> <13:26:27>  >>>> ORTHON
<May23-2026> <13:26:27>  >>>> GENPT
<May23-2026> <13:26:27>  Block Length= 128
<May23-2026> <13:26:27>  >>>> PTBAS
<May23-2026> <13:26:28>  >>>> CYCLE
<May23-2026> <13:26:29>  using orbital data from restart file
<May23-2026> <13:26:31>              |Error|         MaxErr       Wt(A-DIIS)
<May23-2026> <13:26:31>      1      0.00000010      0.00000001
<May23-2026> <13:26:34>      2      0.00000006      0.00000001    100.0
<May23-2026> <13:26:35>  SCF converged
<May23-2026> <13:26:37>      3      0.00000006      0.00000001    100.0
<May23-2026> <13:26:39>  >>>> TOTEN
<May23-2026> <13:26:46>  >>>> POPAN
<May23-2026> <13:26:46>  >>>> DEBYE
<May23-2026> <13:26:46>  >>>> AMETS
<May23-2026> <13:26:46>   Bond Energy          -1.54394834 a.u.
<May23-2026> <13:26:46>   Bond Energy         -42.01297199 eV
<May23-2026> <13:26:46>   Bond Energy        -968.84       kcal/mol
<May23-2026> <13:26:46>  >>>> POPUL
<May23-2026> <13:26:46>  >>>> ENGRAD
<May23-2026> <13:26:49>  NORMAL TERMINATION
