<May23-2026> <13:11:39>  AMS 2026.103  RunTime: May23-2026 13:11:39  ShM Nodes: 1  Procs: 1
<May23-2026> <13:11:39>  ADF 2026.103  RunTime: May23-2026 13:11:39  ShM Nodes: 1  Procs: 1
<May23-2026> <13:11:39>  *** (NO TITLE) ***
<May23-2026> <13:11:39>  DIRAC 2026.103  RunTime: May23-2026 13:11:39  ShM Nodes: 1  Procs: 1
<May23-2026> <13:11:39>  Carbon (TZ2P)
<May23-2026> <13:11:39>  Net Charge: 0 (Nuclei minus Electrons)
<May23-2026> <13:11:39>  Symmetry  : ATOM
<May23-2026> <13:11:39>  Coordinates
<May23-2026> <13:11:39>     Atom         X           Y           Z   (Angstrom)
<May23-2026> <13:11:39>     1.C         0.000000    0.000000    0.000000
<May23-2026> <13:11:39>  >>>> CORORT
<May23-2026> <13:11:39>  >>>> CLSMAT
<May23-2026> <13:11:39>  >>>> ORTHON
<May23-2026> <13:11:39>  >>>> GENPT
<May23-2026> <13:11:39>  Block Length=  72
<May23-2026> <13:11:39>  >>>> PTBAS
<May23-2026> <13:11:39>  >>>> CYCLE
<May23-2026> <13:11:39>              |Error|         MaxErr       Wt(A-DIIS)
<May23-2026> <13:11:39>      1      0.00000000      0.00000000
<May23-2026> <13:11:40>      2      4.48450606      3.33074448    100.0
<May23-2026> <13:11:40>      3      1.63845963      1.31677840    100.0
<May23-2026> <13:11:40>      4      0.72237885      0.58090812    100.0
<May23-2026> <13:11:40>      5      0.41341516      0.32921223    100.0
<May23-2026> <13:11:40>      6      0.12634980      0.09661242     96.6
<May23-2026> <13:11:40>      7      0.11511849      0.08978748     89.7
<May23-2026> <13:11:40>      8      0.00670007      0.00519977      4.2
<May23-2026> <13:11:40>      9      0.00022181      0.00016825      0.0
<May23-2026> <13:11:40>     10      0.00000199      0.00000135      0.0
<May23-2026> <13:11:40>     11      0.00000002      0.00000001      0.0
<May23-2026> <13:11:40>     12      0.00000000      0.00000000      0.0
<May23-2026> <13:11:40>  SCF converged
<May23-2026> <13:11:40>     13      0.00000000      0.00000000      0.0
<May23-2026> <13:11:40>  >>>> POPAN
<May23-2026> <13:11:40>  >>>> DEBYE
<May23-2026> <13:11:40>  DIRAC 2026.103  RunTime: May23-2026 13:11:40  ShM Nodes: 1  Procs: 1
<May23-2026> <13:11:40>  Oxygen (TZ2P)
<May23-2026> <13:11:40>  Net Charge: 0 (Nuclei minus Electrons)
<May23-2026> <13:11:40>  Symmetry  : ATOM
<May23-2026> <13:11:40>  Coordinates
<May23-2026> <13:11:40>     Atom         X           Y           Z   (Angstrom)
<May23-2026> <13:11:40>     1.O         0.000000    0.000000    0.000000
<May23-2026> <13:11:40>  >>>> CORORT
<May23-2026> <13:11:40>  >>>> CLSMAT
<May23-2026> <13:11:40>  >>>> ORTHON
<May23-2026> <13:11:40>  >>>> GENPT
<May23-2026> <13:11:40>  Block Length=  68
<May23-2026> <13:11:40>  >>>> PTBAS
<May23-2026> <13:11:40>  >>>> CYCLE
<May23-2026> <13:11:40>              |Error|         MaxErr       Wt(A-DIIS)
<May23-2026> <13:11:40>      1      0.00000000      0.00000000
<May23-2026> <13:11:40>      2      8.77379167      5.52456194    100.0
<May23-2026> <13:11:40>      3      3.58874259      2.50390796    100.0
<May23-2026> <13:11:40>      4      1.14813168      0.58304454    100.0
<May23-2026> <13:11:40>      5      1.52147762      0.84216884    100.0
<May23-2026> <13:11:40>      6      0.17958647      0.10470670    100.0
<May23-2026> <13:11:40>      7      0.20120374      0.11429590    100.0
<May23-2026> <13:11:40>      8      0.01711846      0.01004426      9.1
<May23-2026> <13:11:40>      9      0.00178953      0.00100777      0.0
<May23-2026> <13:11:40>     10      0.00000129      0.00000068      0.0
<May23-2026> <13:11:40>     11      0.00000005      0.00000002      0.0
<May23-2026> <13:11:40>     12      0.00000000      0.00000000      0.0
<May23-2026> <13:11:40>  SCF converged
<May23-2026> <13:11:40>     13      0.00000000      0.00000000      0.0
<May23-2026> <13:11:40>  >>>> POPAN
<May23-2026> <13:11:40>  >>>> DEBYE
<May23-2026> <13:11:40>  DIRAC 2026.103  RunTime: May23-2026 13:11:40  ShM Nodes: 1  Procs: 1
<May23-2026> <13:11:40>  Hydrogen (TZ2P)
<May23-2026> <13:11:40>  Net Charge: 0 (Nuclei minus Electrons)
<May23-2026> <13:11:40>  Symmetry  : ATOM
<May23-2026> <13:11:41>  Coordinates
<May23-2026> <13:11:41>     Atom         X           Y           Z   (Angstrom)
<May23-2026> <13:11:41>     1.H         0.000000    0.000000    0.000000
<May23-2026> <13:11:41>  >>>> CORORT
<May23-2026> <13:11:41>  >>>> CLSMAT
<May23-2026> <13:11:41>  >>>> ORTHON
<May23-2026> <13:11:41>  >>>> GENPT
<May23-2026> <13:11:41>  Block Length=  64
<May23-2026> <13:11:41>  >>>> PTBAS
<May23-2026> <13:11:41>  >>>> CYCLE
<May23-2026> <13:11:41>              |Error|         MaxErr       Wt(A-DIIS)
<May23-2026> <13:11:41>      1      0.00000000      0.00000000
<May23-2026> <13:11:41>      2      0.03100426      0.02644614
<May23-2026> <13:11:41>      3      0.00958086      0.00932931    100.0
<May23-2026> <13:11:41>      4      0.00232128      0.00228673      1.3
<May23-2026> <13:11:41>      5      0.00003156      0.00002984      0.0
<May23-2026> <13:11:41>      6      0.00000096      0.00000091      0.0
<May23-2026> <13:11:41>      7      0.00000000      0.00000000      0.0
<May23-2026> <13:11:41>  SCF converged
<May23-2026> <13:11:41>      8      0.00000000      0.00000000      0.0
<May23-2026> <13:11:41>  >>>> POPAN
<May23-2026> <13:11:41>  >>>> DEBYE
<May23-2026> <13:11:41>  *** adf ***
<May23-2026> <13:11:41>  Net Charge: 0 (Nuclei minus Electrons)
<May23-2026> <13:11:41>  Spin polar: 1 (Spin_A minus Spin_B electrons)
<May23-2026> <13:11:41>  Symmetry  : NOSYM
<May23-2026> <13:11:41>  >>>> FRAGM
<May23-2026> <13:11:41>  Coordinates
<May23-2026> <13:11:41>     Atom         X           Y           Z   (Angstrom)
<May23-2026> <13:11:41>     1.C         1.070201   -1.355712   -1.443531
<May23-2026> <13:11:41>     2.C         0.478567   -1.105373   -0.155989
<May23-2026> <13:11:41>     3.C        -0.831434   -0.369147   -0.049210
<May23-2026> <13:11:41>     4.C        -1.417039   -0.242275    1.224012
<May23-2026> <13:11:41>     5.C        -2.627259    0.430287    1.385332
<May23-2026> <13:11:41>     6.C        -3.273182    0.992681    0.275919
<May23-2026> <13:11:41>     7.C        -2.699050    0.877464   -0.994203
<May23-2026> <13:11:41>     8.C        -1.487799    0.200137   -1.156806
<May23-2026> <13:11:41>     9.O         1.060154   -1.518622    0.875364
<May23-2026> <13:11:41>    10.H         0.613229   -1.065242   -2.383643
<May23-2026> <13:11:41>    11.H         2.018966   -1.883601   -1.464539
<May23-2026> <13:11:41>    12.H        -0.900298   -0.681535    2.072612
<May23-2026> <13:11:41>    13.H        -3.070094    0.519048    2.375104
<May23-2026> <13:11:41>    14.H        -4.217201    1.518529    0.401802
<May23-2026> <13:11:41>    15.H        -3.193625    1.315290   -1.858435
<May23-2026> <13:11:41>    16.H        -1.058641    0.127353   -2.151822
<May23-2026> <13:11:41>  >>>> CORORT
<May23-2026> <13:11:41>  >>>> CLSMAT
<May23-2026> <13:11:41>  >>>> ORTHON
<May23-2026> <13:11:41>  >>>> GENPT
<May23-2026> <13:11:41>  Block Length= 128
<May23-2026> <13:11:42>  >>>> PTBAS
<May23-2026> <13:11:48>  >>>> CYCLE
<May23-2026> <13:12:04>              |Error|         MaxErr       Wt(A-DIIS)
<May23-2026> <13:12:04>      1      7.16559575      0.69166598
<May23-2026> <13:12:17>      2      1.13854432      0.08981557    100.0
<May23-2026> <13:12:31>      3      1.00308759      0.07797801    100.0
<May23-2026> <13:12:46>      4      2.13180101      0.25335958    100.0
<May23-2026> <13:13:00>      5      0.74027728      0.06427096     63.9
<May23-2026> <13:13:14>      6      1.36070021      0.18650449    100.0
<May23-2026> <13:13:28>      7      0.25902945      0.02928472     28.6
<May23-2026> <13:13:42>      8      0.16992456      0.01821886     17.4
<May23-2026> <13:13:56>      9      0.03275199      0.00331407      2.3
<May23-2026> <13:14:10>     10      0.02345139      0.00230731      1.3
<May23-2026> <13:14:23>     11      0.00533969      0.00064845      0.0
<May23-2026> <13:14:37>     12      0.00226953      0.00028900      0.0
<May23-2026> <13:14:51>     13      0.00100928      0.00012728      0.0
<May23-2026> <13:15:05>     14      0.00051299      0.00006487      0.0
<May23-2026> <13:15:19>     15      0.00023430      0.00001977      0.0
<May23-2026> <13:15:33>     16      0.00020624      0.00001884      0.0
<May23-2026> <13:15:47>     17      0.00005453      0.00000515      0.0
<May23-2026> <13:16:00>     18      0.00002262      0.00000234      0.0
<May23-2026> <13:16:14>     19      0.00001431      0.00000158      0.0
<May23-2026> <13:16:28>     20      0.00000669      0.00000068      0.0
<May23-2026> <13:16:32>  SCF converged
<May23-2026> <13:16:42>     21      0.00000259      0.00000025      0.0
<May23-2026> <13:16:53>  >>>> TOTEN
<May23-2026> <13:17:27>  >>>> POPAN
<May23-2026> <13:17:27>  >>>> DEBYE
<May23-2026> <13:17:27>  >>>> AMETS
<May23-2026> <13:17:27>   Bond Energy          -3.62062888 a.u.
<May23-2026> <13:17:27>   Bond Energy         -98.52232481 eV
<May23-2026> <13:17:27>   Bond Energy       -2271.98       kcal/mol
<May23-2026> <13:17:27>  >>>> POPUL
<May23-2026> <13:17:27>  NORMAL TERMINATION
