<May23-2026> <13:04:25>  AMS 2026.103  RunTime: May23-2026 13:04:25  ShM Nodes: 1  Procs: 1
<May23-2026> <13:04:25>  ADF 2026.103  RunTime: May23-2026 13:04:25  ShM Nodes: 1  Procs: 1
<May23-2026> <13:04:26>  *** (NO TITLE) ***
<May23-2026> <13:04:26>  DIRAC 2026.103  RunTime: May23-2026 13:04:26  ShM Nodes: 1  Procs: 1
<May23-2026> <13:04:26>  Carbon (TZ2P)
<May23-2026> <13:04:26>  Net Charge: 0 (Nuclei minus Electrons)
<May23-2026> <13:04:26>  Symmetry  : ATOM
<May23-2026> <13:04:26>  Coordinates
<May23-2026> <13:04:26>     Atom         X           Y           Z   (Angstrom)
<May23-2026> <13:04:26>     1.C         0.000000    0.000000    0.000000
<May23-2026> <13:04:26>  >>>> CORORT
<May23-2026> <13:04:26>  >>>> CLSMAT
<May23-2026> <13:04:26>  >>>> ORTHON
<May23-2026> <13:04:26>  >>>> GENPT
<May23-2026> <13:04:26>  Block Length=  72
<May23-2026> <13:04:26>  >>>> PTBAS
<May23-2026> <13:04:26>  >>>> CYCLE
<May23-2026> <13:04:26>              |Error|         MaxErr       Wt(A-DIIS)
<May23-2026> <13:04:26>      1      0.00000000      0.00000000
<May23-2026> <13:04:26>      2      4.48450606      3.33074448    100.0
<May23-2026> <13:04:26>      3      1.63845963      1.31677840    100.0
<May23-2026> <13:04:26>      4      0.72237885      0.58090812    100.0
<May23-2026> <13:04:26>      5      0.41341516      0.32921223    100.0
<May23-2026> <13:04:26>      6      0.12634980      0.09661242     96.6
<May23-2026> <13:04:26>      7      0.11511849      0.08978748     89.7
<May23-2026> <13:04:26>      8      0.00670007      0.00519977      4.2
<May23-2026> <13:04:26>      9      0.00022181      0.00016825      0.0
<May23-2026> <13:04:26>     10      0.00000199      0.00000135      0.0
<May23-2026> <13:04:26>     11      0.00000002      0.00000001      0.0
<May23-2026> <13:04:26>     12      0.00000000      0.00000000      0.0
<May23-2026> <13:04:26>  SCF converged
<May23-2026> <13:04:26>     13      0.00000000      0.00000000      0.0
<May23-2026> <13:04:26>  >>>> POPAN
<May23-2026> <13:04:26>  >>>> DEBYE
<May23-2026> <13:04:26>  DIRAC 2026.103  RunTime: May23-2026 13:04:26  ShM Nodes: 1  Procs: 1
<May23-2026> <13:04:26>  Hydrogen (TZ2P)
<May23-2026> <13:04:26>  Net Charge: 0 (Nuclei minus Electrons)
<May23-2026> <13:04:26>  Symmetry  : ATOM
<May23-2026> <13:04:27>  Coordinates
<May23-2026> <13:04:27>     Atom         X           Y           Z   (Angstrom)
<May23-2026> <13:04:27>     1.H         0.000000    0.000000    0.000000
<May23-2026> <13:04:27>  >>>> CORORT
<May23-2026> <13:04:27>  >>>> CLSMAT
<May23-2026> <13:04:27>  >>>> ORTHON
<May23-2026> <13:04:27>  >>>> GENPT
<May23-2026> <13:04:27>  Block Length=  64
<May23-2026> <13:04:27>  >>>> PTBAS
<May23-2026> <13:04:27>  >>>> CYCLE
<May23-2026> <13:04:27>              |Error|         MaxErr       Wt(A-DIIS)
<May23-2026> <13:04:27>      1      0.00000000      0.00000000
<May23-2026> <13:04:27>      2      0.03100426      0.02644614
<May23-2026> <13:04:27>      3      0.00958086      0.00932931    100.0
<May23-2026> <13:04:27>      4      0.00232128      0.00228673      1.3
<May23-2026> <13:04:27>      5      0.00003156      0.00002984      0.0
<May23-2026> <13:04:27>      6      0.00000096      0.00000091      0.0
<May23-2026> <13:04:27>      7      0.00000000      0.00000000      0.0
<May23-2026> <13:04:27>  SCF converged
<May23-2026> <13:04:27>      8      0.00000000      0.00000000      0.0
<May23-2026> <13:04:27>  >>>> POPAN
<May23-2026> <13:04:27>  >>>> DEBYE
<May23-2026> <13:04:27>  *** adf ***
<May23-2026> <13:04:27>  Net Charge: 0 (Nuclei minus Electrons)
<May23-2026> <13:04:27>  Spin polar: -1 (Spin_A minus Spin_B electrons)
<May23-2026> <13:04:27>  Symmetry  : NOSYM
<May23-2026> <13:04:27>  >>>> FRAGM
<May23-2026> <13:04:27>  Coordinates
<May23-2026> <13:04:27>     Atom         X           Y           Z   (Angstrom)
<May23-2026> <13:04:27>     1.C         1.246650   -1.487504   -0.369315
<May23-2026> <13:04:27>     2.C         1.542105   -0.414753    0.449931
<May23-2026> <13:04:27>     3.C         1.535995    0.848582   -0.091985
<May23-2026> <13:04:27>     4.H         1.152060   -2.482215    0.038887
<May23-2026> <13:04:27>     5.H         1.467789   -1.431418   -1.424759
<May23-2026> <13:04:27>     6.H         1.410627   -0.529795    1.517467
<May23-2026> <13:04:27>     7.H         1.598264    1.721778    0.543210
<May23-2026> <13:04:27>     8.H         1.848244    0.989965   -1.115781
<May23-2026> <13:04:27>  >>>> CORORT
<May23-2026> <13:04:27>  >>>> CLSMAT
<May23-2026> <13:04:27>  >>>> ORTHON
<May23-2026> <13:04:27>  >>>> GENPT
<May23-2026> <13:04:27>  Block Length= 128
<May23-2026> <13:04:27>  >>>> PTBAS
<May23-2026> <13:04:28>  >>>> CYCLE
<May23-2026> <13:04:32>              |Error|         MaxErr       Wt(A-DIIS)
<May23-2026> <13:04:32>      1      4.12335324      0.50690668
<May23-2026> <13:04:34>      2      0.80447560      0.09746500    100.0
<May23-2026> <13:04:37>      3      0.71878854      0.08646660    100.0
<May23-2026> <13:04:40>      4      1.07313058      0.14892962    100.0
<May23-2026> <13:04:43>      5      0.16215761      0.02086862     20.1
<May23-2026> <13:04:46>      6      0.07586939      0.01072784      9.8
<May23-2026> <13:04:49>      7      0.01908279      0.00351646      2.5
<May23-2026> <13:04:52>      8      0.00513928      0.00106216      0.1
<May23-2026> <13:04:55>      9      0.00533021      0.00084514      0.0
<May23-2026> <13:04:58>     10      0.00092404      0.00017803      0.0
<May23-2026> <13:05:01>     11      0.00012206      0.00002740      0.0
<May23-2026> <13:05:04>     12      0.00002332      0.00000639      0.0
<May23-2026> <13:05:07>     13      0.00000574      0.00000090      0.0
<May23-2026> <13:05:07>  SCF converged
<May23-2026> <13:05:10>     14      0.00000227      0.00000036      0.0
<May23-2026> <13:05:12>  >>>> TOTEN
<May23-2026> <13:05:19>  >>>> POPAN
<May23-2026> <13:05:19>  >>>> DEBYE
<May23-2026> <13:05:19>  >>>> AMETS
<May23-2026> <13:05:19>   Bond Energy          -1.53240905 a.u.
<May23-2026> <13:05:19>   Bond Energy         -41.69897204 eV
<May23-2026> <13:05:19>   Bond Energy        -961.60       kcal/mol
<May23-2026> <13:05:19>  >>>> POPUL
<May23-2026> <13:05:19>  NORMAL TERMINATION
