<May23-2026> <11:39:30>  AMS 2026.103  RunTime: May23-2026 11:39:30  ShM Nodes: 1  Procs: 1
<May23-2026> <11:39:31>  ADF 2026.103  RunTime: May23-2026 11:39:31  ShM Nodes: 1  Procs: 1
<May23-2026> <11:39:31>  *** (NO TITLE) ***
<May23-2026> <11:39:31>  *** adf ***
<May23-2026> <11:39:31>  Net Charge: 0 (Nuclei minus Electrons)
<May23-2026> <11:39:31>  Spin polar: 0 (Spin_A minus Spin_B electrons)
<May23-2026> <11:39:31>  Symmetry  : NOSYM
<May23-2026> <11:39:31>  >>>> FRAGM
<May23-2026> <11:39:31>  Coordinates
<May23-2026> <11:39:31>     Atom         X           Y           Z   (Angstrom)
<May23-2026> <11:39:31>     1.C        -0.567124    1.459768    0.103058
<May23-2026> <11:39:31>     2.C        -1.158396    0.218359    0.056109
<May23-2026> <11:39:31>     3.N        -1.657037   -0.282881   -1.127458
<May23-2026> <11:39:31>     4.O        -1.008798   -0.635442    1.002072
<May23-2026> <11:39:31>     5.H        -0.333493    1.860092    1.075804
<May23-2026> <11:39:31>     6.H        -0.717660    2.167174   -0.701865
<May23-2026> <11:39:31>     7.H        -2.201051   -1.120705   -1.017992
<May23-2026> <11:39:31>     8.H        -2.038087    0.376918   -1.781792
<May23-2026> <11:39:31>     9.C         0.679908   -1.324198    1.006600
<May23-2026> <11:39:31>    10.C         1.304187   -0.796637   -0.129752
<May23-2026> <11:39:31>    11.C         1.526327    0.556758   -0.146267
<May23-2026> <11:39:31>    12.H         0.929729   -0.899259    1.968598
<May23-2026> <11:39:31>    13.H         0.419313   -2.372443    1.033579
<May23-2026> <11:39:31>    14.H         1.222495   -1.333448   -1.065876
<May23-2026> <11:39:31>    15.H         1.843468    1.057144   -1.051377
<May23-2026> <11:39:31>    16.H         1.756218    1.068798    0.776558
<May23-2026> <11:39:31>  >>>> CORORT
<May23-2026> <11:39:31>  >>>> CLSMAT
<May23-2026> <11:39:31>  >>>> ORTHON
<May23-2026> <11:39:32>  >>>> GENPT
<May23-2026> <11:39:32>  Block Length= 128
<May23-2026> <11:39:32>  >>>> PTBAS
<May23-2026> <11:39:38>  >>>> CYCLE
<May23-2026> <11:39:53>              |Error|         MaxErr       Wt(A-DIIS)
<May23-2026> <11:39:53>      1      1.16811874      0.39477596
<May23-2026> <11:40:07>      2      0.39324092      0.03992248    100.0
<May23-2026> <11:40:20>      3      0.32902115      0.03302646    100.0
<May23-2026> <11:40:33>      4      1.02502145      0.10571823    100.0
<May23-2026> <11:40:47>      5      0.28713446      0.03379951     33.1
<May23-2026> <11:41:01>      6      0.05271056      0.00799448      7.1
<May23-2026> <11:41:14>      7      0.04185336      0.00515918      4.2
<May23-2026> <11:41:28>      8      0.01620326      0.00209316      1.1
<May23-2026> <11:41:41>      9      0.00617459      0.00085618      0.0
<May23-2026> <11:41:54>     10      0.00393446      0.00053961      0.0
<May23-2026> <11:42:08>     11      0.00141597      0.00019599      0.0
<May23-2026> <11:42:21>     12      0.00065286      0.00006293      0.0
<May23-2026> <11:42:34>     13      0.00015791      0.00001140      0.0
<May23-2026> <11:42:48>     14      0.00007975      0.00000712      0.0
<May23-2026> <11:43:01>     15      0.00003868      0.00000357      0.0
<May23-2026> <11:43:15>     16      0.00000915      0.00000078      0.0
<May23-2026> <11:43:18>  SCF converged
<May23-2026> <11:43:29>     17      0.00000418      0.00000048      0.0
<May23-2026> <11:43:40>  >>>> TOTEN
<May23-2026> <11:44:20>  >>>> POPAN
<May23-2026> <11:44:20>  >>>> DEBYE
<May23-2026> <11:44:20>  >>>> AMETS
<May23-2026> <11:45:19>   Bond Energy          -0.05301643 a.u.
<May23-2026> <11:45:19>   Bond Energy          -1.44265052 eV
<May23-2026> <11:45:19>   Bond Energy         -33.27       kcal/mol
<May23-2026> <11:45:19>  >>>> POPUL
<May23-2026> <11:45:19>  NORMAL TERMINATION
