<May23-2026> <11:37:23>  AMS 2026.103  RunTime: May23-2026 11:37:23  ShM Nodes: 1  Procs: 1
<May23-2026> <11:37:24>  ADF 2026.103  RunTime: May23-2026 11:37:24  ShM Nodes: 1  Procs: 1
<May23-2026> <11:37:24>  *** (NO TITLE) ***
<May23-2026> <11:37:24>  DIRAC 2026.103  RunTime: May23-2026 11:37:24  ShM Nodes: 1  Procs: 1
<May23-2026> <11:37:24>  Carbon (TZ2P)
<May23-2026> <11:37:24>  Net Charge: 0 (Nuclei minus Electrons)
<May23-2026> <11:37:24>  Symmetry  : ATOM
<May23-2026> <11:37:24>  Coordinates
<May23-2026> <11:37:24>     Atom         X           Y           Z   (Angstrom)
<May23-2026> <11:37:24>     1.C         0.000000    0.000000    0.000000
<May23-2026> <11:37:24>  >>>> CORORT
<May23-2026> <11:37:24>  >>>> CLSMAT
<May23-2026> <11:37:24>  >>>> ORTHON
<May23-2026> <11:37:24>  >>>> GENPT
<May23-2026> <11:37:24>  Block Length=  72
<May23-2026> <11:37:24>  >>>> PTBAS
<May23-2026> <11:37:24>  >>>> CYCLE
<May23-2026> <11:37:24>              |Error|         MaxErr       Wt(A-DIIS)
<May23-2026> <11:37:24>      1      0.00000000      0.00000000
<May23-2026> <11:37:24>      2      4.48450606      3.33074448    100.0
<May23-2026> <11:37:24>      3      1.63845963      1.31677840    100.0
<May23-2026> <11:37:24>      4      0.72237885      0.58090812    100.0
<May23-2026> <11:37:24>      5      0.41341516      0.32921223    100.0
<May23-2026> <11:37:24>      6      0.12634980      0.09661242     96.6
<May23-2026> <11:37:24>      7      0.11511849      0.08978748     89.7
<May23-2026> <11:37:24>      8      0.00670007      0.00519977      4.2
<May23-2026> <11:37:24>      9      0.00022181      0.00016825      0.0
<May23-2026> <11:37:24>     10      0.00000199      0.00000135      0.0
<May23-2026> <11:37:24>     11      0.00000002      0.00000001      0.0
<May23-2026> <11:37:24>     12      0.00000000      0.00000000      0.0
<May23-2026> <11:37:24>  SCF converged
<May23-2026> <11:37:24>     13      0.00000000      0.00000000      0.0
<May23-2026> <11:37:24>  >>>> POPAN
<May23-2026> <11:37:24>  >>>> DEBYE
<May23-2026> <11:37:24>  DIRAC 2026.103  RunTime: May23-2026 11:37:24  ShM Nodes: 1  Procs: 1
<May23-2026> <11:37:24>  Nitrogen (TZ2P)
<May23-2026> <11:37:25>  Net Charge: 0 (Nuclei minus Electrons)
<May23-2026> <11:37:25>  Symmetry  : ATOM
<May23-2026> <11:37:25>  Coordinates
<May23-2026> <11:37:25>     Atom         X           Y           Z   (Angstrom)
<May23-2026> <11:37:25>     1.N         0.000000    0.000000    0.000000
<May23-2026> <11:37:25>  >>>> CORORT
<May23-2026> <11:37:25>  >>>> CLSMAT
<May23-2026> <11:37:25>  >>>> ORTHON
<May23-2026> <11:37:25>  >>>> GENPT
<May23-2026> <11:37:25>  Block Length=  72
<May23-2026> <11:37:25>  >>>> PTBAS
<May23-2026> <11:37:25>  >>>> CYCLE
<May23-2026> <11:37:25>              |Error|         MaxErr       Wt(A-DIIS)
<May23-2026> <11:37:25>      1      0.00000000      0.00000000
<May23-2026> <11:37:25>      2      6.45729257      4.23539177    100.0
<May23-2026> <11:37:25>      3      2.50571754      1.95700843    100.0
<May23-2026> <11:37:25>      4      0.96362605      0.63264012    100.0
<May23-2026> <11:37:25>      5      0.84396078      0.57428330    100.0
<May23-2026> <11:37:25>      6      0.04722786      0.02274008     22.0
<May23-2026> <11:37:25>      7      0.01974997      0.01284703     12.0
<May23-2026> <11:37:25>      8      0.00262477      0.00176500      0.8
<May23-2026> <11:37:25>      9      0.00000692      0.00000491      0.0
<May23-2026> <11:37:25>     10      0.00000078      0.00000045      0.0
<May23-2026> <11:37:25>     11      0.00000001      0.00000000      0.0
<May23-2026> <11:37:25>  SCF converged
<May23-2026> <11:37:25>     12      0.00000000      0.00000000      0.0
<May23-2026> <11:37:25>  >>>> POPAN
<May23-2026> <11:37:25>  >>>> DEBYE
<May23-2026> <11:37:25>  DIRAC 2026.103  RunTime: May23-2026 11:37:25  ShM Nodes: 1  Procs: 1
<May23-2026> <11:37:25>  Oxygen (TZ2P)
<May23-2026> <11:37:25>  Net Charge: 0 (Nuclei minus Electrons)
<May23-2026> <11:37:25>  Symmetry  : ATOM
<May23-2026> <11:37:25>  Coordinates
<May23-2026> <11:37:25>     Atom         X           Y           Z   (Angstrom)
<May23-2026> <11:37:25>     1.O         0.000000    0.000000    0.000000
<May23-2026> <11:37:25>  >>>> CORORT
<May23-2026> <11:37:25>  >>>> CLSMAT
<May23-2026> <11:37:25>  >>>> ORTHON
<May23-2026> <11:37:25>  >>>> GENPT
<May23-2026> <11:37:25>  Block Length=  68
<May23-2026> <11:37:25>  >>>> PTBAS
<May23-2026> <11:37:25>  >>>> CYCLE
<May23-2026> <11:37:25>              |Error|         MaxErr       Wt(A-DIIS)
<May23-2026> <11:37:25>      1      0.00000000      0.00000000
<May23-2026> <11:37:25>      2      8.77379167      5.52456194    100.0
<May23-2026> <11:37:25>      3      3.58874259      2.50390796    100.0
<May23-2026> <11:37:25>      4      1.14813168      0.58304454    100.0
<May23-2026> <11:37:25>      5      1.52147762      0.84216884    100.0
<May23-2026> <11:37:25>      6      0.17958647      0.10470670    100.0
<May23-2026> <11:37:25>      7      0.20120374      0.11429590    100.0
<May23-2026> <11:37:25>      8      0.01711846      0.01004426      9.1
<May23-2026> <11:37:25>      9      0.00178953      0.00100777      0.0
<May23-2026> <11:37:25>     10      0.00000129      0.00000068      0.0
<May23-2026> <11:37:25>     11      0.00000005      0.00000002      0.0
<May23-2026> <11:37:26>     12      0.00000000      0.00000000      0.0
<May23-2026> <11:37:26>  SCF converged
<May23-2026> <11:37:26>     13      0.00000000      0.00000000      0.0
<May23-2026> <11:37:26>  >>>> POPAN
<May23-2026> <11:37:26>  >>>> DEBYE
<May23-2026> <11:37:26>  DIRAC 2026.103  RunTime: May23-2026 11:37:26  ShM Nodes: 1  Procs: 1
<May23-2026> <11:37:26>  Hydrogen (TZ2P)
<May23-2026> <11:37:26>  Net Charge: 0 (Nuclei minus Electrons)
<May23-2026> <11:37:26>  Symmetry  : ATOM
<May23-2026> <11:37:26>  Coordinates
<May23-2026> <11:37:26>     Atom         X           Y           Z   (Angstrom)
<May23-2026> <11:37:26>     1.H         0.000000    0.000000    0.000000
<May23-2026> <11:37:26>  >>>> CORORT
<May23-2026> <11:37:26>  >>>> CLSMAT
<May23-2026> <11:37:26>  >>>> ORTHON
<May23-2026> <11:37:26>  >>>> GENPT
<May23-2026> <11:37:26>  Block Length=  64
<May23-2026> <11:37:26>  >>>> PTBAS
<May23-2026> <11:37:26>  >>>> CYCLE
<May23-2026> <11:37:26>              |Error|         MaxErr       Wt(A-DIIS)
<May23-2026> <11:37:26>      1      0.00000000      0.00000000
<May23-2026> <11:37:26>      2      0.03100426      0.02644614
<May23-2026> <11:37:26>      3      0.00958086      0.00932931    100.0
<May23-2026> <11:37:26>      4      0.00232128      0.00228673      1.3
<May23-2026> <11:37:26>      5      0.00003156      0.00002984      0.0
<May23-2026> <11:37:26>      6      0.00000096      0.00000091      0.0
<May23-2026> <11:37:26>      7      0.00000000      0.00000000      0.0
<May23-2026> <11:37:26>  SCF converged
<May23-2026> <11:37:26>      8      0.00000000      0.00000000      0.0
<May23-2026> <11:37:26>  >>>> POPAN
<May23-2026> <11:37:26>  >>>> DEBYE
<May23-2026> <11:37:26>  *** adf ***
<May23-2026> <11:37:26>  Net Charge: 0 (Nuclei minus Electrons)
<May23-2026> <11:37:26>  Spin polar: 1 (Spin_A minus Spin_B electrons)
<May23-2026> <11:37:26>  Symmetry  : NOSYM
<May23-2026> <11:37:26>  >>>> FRAGM
<May23-2026> <11:37:26>  Coordinates
<May23-2026> <11:37:26>     Atom         X           Y           Z   (Angstrom)
<May23-2026> <11:37:26>     1.C        -0.567124    1.459768    0.103058
<May23-2026> <11:37:26>     2.C        -1.158396    0.218359    0.056109
<May23-2026> <11:37:26>     3.N        -1.657037   -0.282881   -1.127458
<May23-2026> <11:37:26>     4.O        -1.008798   -0.635442    1.002072
<May23-2026> <11:37:26>     5.H        -0.333493    1.860092    1.075804
<May23-2026> <11:37:26>     6.H        -0.717660    2.167174   -0.701865
<May23-2026> <11:37:26>     7.H        -2.201051   -1.120705   -1.017992
<May23-2026> <11:37:26>     8.H        -2.038087    0.376918   -1.781792
<May23-2026> <11:37:26>  >>>> CORORT
<May23-2026> <11:37:26>  >>>> CLSMAT
<May23-2026> <11:37:26>  >>>> ORTHON
<May23-2026> <11:37:26>  >>>> GENPT
<May23-2026> <11:37:26>  Block Length= 128
<May23-2026> <11:37:27>  >>>> PTBAS
<May23-2026> <11:37:28>  >>>> CYCLE
<May23-2026> <11:37:32>              |Error|         MaxErr       Wt(A-DIIS)
<May23-2026> <11:37:32>      1      4.81575794      0.65507594
<May23-2026> <11:37:35>      2      1.02616211      0.10590069    100.0
<May23-2026> <11:37:38>      3      0.88596252      0.09061937    100.0
<May23-2026> <11:37:41>      4      2.22847406      0.32048837    100.0
<May23-2026> <11:37:44>      5      0.72727144      0.10092289    100.0
<May23-2026> <11:37:47>      6      1.56925310      0.27868107    100.0
<May23-2026> <11:37:51>      7      0.28107958      0.03202943     31.3
<May23-2026> <11:37:54>      8      0.25895688      0.03146916     30.8
<May23-2026> <11:37:57>      9      0.03659111      0.00541841      4.5
<May23-2026> <11:38:00>     10      0.01376163      0.00246267      1.5
<May23-2026> <11:38:03>     11      0.00210817      0.00030468      0.0
<May23-2026> <11:38:06>     12      0.00138778      0.00022989      0.0
<May23-2026> <11:38:10>     13      0.00065309      0.00009842      0.0
<May23-2026> <11:38:13>     14      0.00009031      0.00001057      0.0
<May23-2026> <11:38:16>     15      0.00005020      0.00000746      0.0
<May23-2026> <11:38:20>     16      0.00001970      0.00000310      0.0
<May23-2026> <11:38:23>     17      0.00000314      0.00000041      0.0
<May23-2026> <11:38:23>  SCF converged
<May23-2026> <11:38:26>     18      0.00000038      0.00000005      0.0
<May23-2026> <11:38:29>  >>>> TOTEN
<May23-2026> <11:38:36>  >>>> POPAN
<May23-2026> <11:38:36>  >>>> DEBYE
<May23-2026> <11:38:36>  >>>> AMETS
<May23-2026> <11:38:37>   Bond Energy          -1.63099881 a.u.
<May23-2026> <11:38:37>   Bond Energy         -44.38173577 eV
<May23-2026> <11:38:37>   Bond Energy       -1023.47       kcal/mol
<May23-2026> <11:38:37>  >>>> POPUL
<May23-2026> <11:38:37>  NORMAL TERMINATION
