<May23-2026> <12:53:32>  AMS 2026.103  RunTime: May23-2026 12:53:32  ShM Nodes: 1  Procs: 1
<May23-2026> <12:53:32>  ADF 2026.103  RunTime: May23-2026 12:53:32  ShM Nodes: 1  Procs: 1
<May23-2026> <12:53:32>  *** (NO TITLE) ***
<May23-2026> <12:53:33>  DIRAC 2026.103  RunTime: May23-2026 12:53:33  ShM Nodes: 1  Procs: 1
<May23-2026> <12:53:33>  Carbon (TZ2P)
<May23-2026> <12:53:33>  Net Charge: 0 (Nuclei minus Electrons)
<May23-2026> <12:53:33>  Symmetry  : ATOM
<May23-2026> <12:53:33>  Coordinates
<May23-2026> <12:53:33>     Atom         X           Y           Z   (Angstrom)
<May23-2026> <12:53:33>     1.C         0.000000    0.000000    0.000000
<May23-2026> <12:53:33>  >>>> CORORT
<May23-2026> <12:53:33>  >>>> CLSMAT
<May23-2026> <12:53:33>  >>>> ORTHON
<May23-2026> <12:53:33>  >>>> GENPT
<May23-2026> <12:53:33>  Block Length=  72
<May23-2026> <12:53:33>  >>>> PTBAS
<May23-2026> <12:53:33>  >>>> CYCLE
<May23-2026> <12:53:33>              |Error|         MaxErr       Wt(A-DIIS)
<May23-2026> <12:53:33>      1      0.00000000      0.00000000
<May23-2026> <12:53:33>      2      4.48450606      3.33074448    100.0
<May23-2026> <12:53:33>      3      1.63845963      1.31677840    100.0
<May23-2026> <12:53:33>      4      0.72237885      0.58090812    100.0
<May23-2026> <12:53:33>      5      0.41341516      0.32921223    100.0
<May23-2026> <12:53:33>      6      0.12634980      0.09661242     96.6
<May23-2026> <12:53:33>      7      0.11511849      0.08978748     89.7
<May23-2026> <12:53:33>      8      0.00670007      0.00519977      4.2
<May23-2026> <12:53:33>      9      0.00022181      0.00016825      0.0
<May23-2026> <12:53:33>     10      0.00000199      0.00000135      0.0
<May23-2026> <12:53:33>     11      0.00000002      0.00000001      0.0
<May23-2026> <12:53:33>     12      0.00000000      0.00000000      0.0
<May23-2026> <12:53:33>  SCF converged
<May23-2026> <12:53:33>     13      0.00000000      0.00000000      0.0
<May23-2026> <12:53:33>  >>>> POPAN
<May23-2026> <12:53:33>  >>>> DEBYE
<May23-2026> <12:53:33>  DIRAC 2026.103  RunTime: May23-2026 12:53:33  ShM Nodes: 1  Procs: 1
<May23-2026> <12:53:33>  Hydrogen (TZ2P)
<May23-2026> <12:53:33>  Net Charge: 0 (Nuclei minus Electrons)
<May23-2026> <12:53:33>  Symmetry  : ATOM
<May23-2026> <12:53:33>  Coordinates
<May23-2026> <12:53:33>     Atom         X           Y           Z   (Angstrom)
<May23-2026> <12:53:33>     1.H         0.000000    0.000000    0.000000
<May23-2026> <12:53:33>  >>>> CORORT
<May23-2026> <12:53:33>  >>>> CLSMAT
<May23-2026> <12:53:33>  >>>> ORTHON
<May23-2026> <12:53:33>  >>>> GENPT
<May23-2026> <12:53:33>  Block Length=  64
<May23-2026> <12:53:33>  >>>> PTBAS
<May23-2026> <12:53:33>  >>>> CYCLE
<May23-2026> <12:53:34>              |Error|         MaxErr       Wt(A-DIIS)
<May23-2026> <12:53:34>      1      0.00000000      0.00000000
<May23-2026> <12:53:34>      2      0.03100426      0.02644614
<May23-2026> <12:53:34>      3      0.00958086      0.00932931    100.0
<May23-2026> <12:53:34>      4      0.00232128      0.00228673      1.3
<May23-2026> <12:53:34>      5      0.00003156      0.00002984      0.0
<May23-2026> <12:53:34>      6      0.00000096      0.00000091      0.0
<May23-2026> <12:53:34>      7      0.00000000      0.00000000      0.0
<May23-2026> <12:53:34>  SCF converged
<May23-2026> <12:53:34>      8      0.00000000      0.00000000      0.0
<May23-2026> <12:53:34>  >>>> POPAN
<May23-2026> <12:53:34>  >>>> DEBYE
<May23-2026> <12:53:34>  *** adf ***
<May23-2026> <12:53:34>  Net Charge: 0 (Nuclei minus Electrons)
<May23-2026> <12:53:34>  Spin polar: -1 (Spin_A minus Spin_B electrons)
<May23-2026> <12:53:34>  Symmetry  : NOSYM
<May23-2026> <12:53:34>  >>>> FRAGM
<May23-2026> <12:53:34>  Coordinates
<May23-2026> <12:53:34>     Atom         X           Y           Z   (Angstrom)
<May23-2026> <12:53:34>     1.C        -0.585757   -1.536042   -0.195131
<May23-2026> <12:53:34>     2.C        -1.253599   -0.353287   -0.515285
<May23-2026> <12:53:34>     3.C        -1.083580    0.735871    0.295684
<May23-2026> <12:53:34>     4.H        -0.437731   -1.792236    0.845404
<May23-2026> <12:53:34>     5.H        -0.634386   -2.380136   -0.866978
<May23-2026> <12:53:34>     6.H        -1.599621   -0.210679   -1.530945
<May23-2026> <12:53:34>     7.H        -1.482814    1.701965    0.017026
<May23-2026> <12:53:34>     8.H        -0.856233    0.607967    1.345722
<May23-2026> <12:53:34>  >>>> CORORT
<May23-2026> <12:53:34>  >>>> CLSMAT
<May23-2026> <12:53:34>  >>>> ORTHON
<May23-2026> <12:53:34>  >>>> GENPT
<May23-2026> <12:53:34>  Block Length= 128
<May23-2026> <12:53:34>  >>>> PTBAS
<May23-2026> <12:53:35>  >>>> CYCLE
<May23-2026> <12:53:39>              |Error|         MaxErr       Wt(A-DIIS)
<May23-2026> <12:53:39>      1      4.09995788      0.50509563
<May23-2026> <12:53:41>      2      0.79937735      0.09263111    100.0
<May23-2026> <12:53:44>      3      0.71416750      0.08221545    100.0
<May23-2026> <12:53:47>      4      1.06515521      0.14079102    100.0
<May23-2026> <12:53:50>      5      0.16055884      0.02036391     19.6
<May23-2026> <12:53:53>      6      0.07522296      0.00844793      7.5
<May23-2026> <12:53:56>      7      0.01751584      0.00238179      1.4
<May23-2026> <12:53:59>      8      0.00487655      0.00071780      0.0
<May23-2026> <12:54:02>      9      0.00531768      0.00081151      0.0
<May23-2026> <12:54:05>     10      0.00095075      0.00018043      0.0
<May23-2026> <12:54:08>     11      0.00012475      0.00002685      0.0
<May23-2026> <12:54:11>     12      0.00002522      0.00000604      0.0
<May23-2026> <12:54:14>     13      0.00000736      0.00000098      0.0
<May23-2026> <12:54:14>  SCF converged
<May23-2026> <12:54:17>     14      0.00000280      0.00000040      0.0
<May23-2026> <12:54:19>  >>>> TOTEN
<May23-2026> <12:54:26>  >>>> POPAN
<May23-2026> <12:54:26>  >>>> DEBYE
<May23-2026> <12:54:26>  >>>> AMETS
<May23-2026> <12:54:26>   Bond Energy          -1.53228249 a.u.
<May23-2026> <12:54:26>   Bond Energy         -41.69552804 eV
<May23-2026> <12:54:26>   Bond Energy        -961.52       kcal/mol
<May23-2026> <12:54:26>  >>>> POPUL
<May23-2026> <12:54:26>  NORMAL TERMINATION
