<May23-2026> <13:13:29>  AMS 2026.103  RunTime: May23-2026 13:13:29  ShM Nodes: 1  Procs: 1
<May23-2026> <13:13:29>  ADF 2026.103  RunTime: May23-2026 13:13:29  ShM Nodes: 1  Procs: 1
<May23-2026> <13:13:29>  *** (NO TITLE) ***
<May23-2026> <13:13:30>  DIRAC 2026.103  RunTime: May23-2026 13:13:30  ShM Nodes: 1  Procs: 1
<May23-2026> <13:13:30>  Carbon (TZ2P)
<May23-2026> <13:13:30>  Net Charge: 0 (Nuclei minus Electrons)
<May23-2026> <13:13:30>  Symmetry  : ATOM
<May23-2026> <13:13:30>  Coordinates
<May23-2026> <13:13:30>     Atom         X           Y           Z   (Angstrom)
<May23-2026> <13:13:30>     1.C         0.000000    0.000000    0.000000
<May23-2026> <13:13:30>  >>>> CORORT
<May23-2026> <13:13:30>  >>>> CLSMAT
<May23-2026> <13:13:30>  >>>> ORTHON
<May23-2026> <13:13:30>  >>>> GENPT
<May23-2026> <13:13:30>  Block Length=  72
<May23-2026> <13:13:30>  >>>> PTBAS
<May23-2026> <13:13:30>  >>>> CYCLE
<May23-2026> <13:13:30>              |Error|         MaxErr       Wt(A-DIIS)
<May23-2026> <13:13:30>      1      0.00000000      0.00000000
<May23-2026> <13:13:30>      2      4.48450606      3.33074448    100.0
<May23-2026> <13:13:30>      3      1.63845963      1.31677840    100.0
<May23-2026> <13:13:30>      4      0.72237885      0.58090812    100.0
<May23-2026> <13:13:30>      5      0.41341516      0.32921223    100.0
<May23-2026> <13:13:30>      6      0.12634980      0.09661242     96.6
<May23-2026> <13:13:30>      7      0.11511849      0.08978748     89.7
<May23-2026> <13:13:30>      8      0.00670007      0.00519977      4.2
<May23-2026> <13:13:30>      9      0.00022181      0.00016825      0.0
<May23-2026> <13:13:30>     10      0.00000199      0.00000135      0.0
<May23-2026> <13:13:30>     11      0.00000002      0.00000001      0.0
<May23-2026> <13:13:30>     12      0.00000000      0.00000000      0.0
<May23-2026> <13:13:30>  SCF converged
<May23-2026> <13:13:30>     13      0.00000000      0.00000000      0.0
<May23-2026> <13:13:30>  >>>> POPAN
<May23-2026> <13:13:30>  >>>> DEBYE
<May23-2026> <13:13:30>  DIRAC 2026.103  RunTime: May23-2026 13:13:30  ShM Nodes: 1  Procs: 1
<May23-2026> <13:13:30>  Fluorine (TZ2P)
<May23-2026> <13:13:30>  Net Charge: 0 (Nuclei minus Electrons)
<May23-2026> <13:13:30>  Symmetry  : ATOM
<May23-2026> <13:13:30>  Coordinates
<May23-2026> <13:13:30>     Atom         X           Y           Z   (Angstrom)
<May23-2026> <13:13:30>     1.F         0.000000    0.000000    0.000000
<May23-2026> <13:13:30>  >>>> CORORT
<May23-2026> <13:13:30>  >>>> CLSMAT
<May23-2026> <13:13:30>  >>>> ORTHON
<May23-2026> <13:13:30>  >>>> GENPT
<May23-2026> <13:13:30>  Block Length=  76
<May23-2026> <13:13:30>  >>>> PTBAS
<May23-2026> <13:13:30>  >>>> CYCLE
<May23-2026> <13:13:31>              |Error|         MaxErr       Wt(A-DIIS)
<May23-2026> <13:13:31>      1      0.00000000      0.00000000
<May23-2026> <13:13:31>      2     11.38427863      4.79495689    100.0
<May23-2026> <13:13:31>      3      5.07253782      3.11221724    100.0
<May23-2026> <13:13:31>      4      0.94671029      0.44601921    100.0
<May23-2026> <13:13:31>      5      1.62964425      0.80307868    100.0
<May23-2026> <13:13:31>      6      0.20258237      0.09898648     99.0
<May23-2026> <13:13:31>      7      0.27392716      0.12998946    100.0
<May23-2026> <13:13:31>      8      0.03339060      0.01613572     15.3
<May23-2026> <13:13:31>      9      0.00708392      0.00339510      2.4
<May23-2026> <13:13:31>     10      0.00024336      0.00011647      0.0
<May23-2026> <13:13:31>     11      0.00000036      0.00000017      0.0
<May23-2026> <13:13:31>     12      0.00000000      0.00000000      0.0
<May23-2026> <13:13:31>  SCF converged
<May23-2026> <13:13:31>     13      0.00000000      0.00000000      0.0
<May23-2026> <13:13:31>  >>>> POPAN
<May23-2026> <13:13:31>  >>>> DEBYE
<May23-2026> <13:13:31>  DIRAC 2026.103  RunTime: May23-2026 13:13:31  ShM Nodes: 1  Procs: 1
<May23-2026> <13:13:31>  Oxygen (TZ2P)
<May23-2026> <13:13:31>  Net Charge: 0 (Nuclei minus Electrons)
<May23-2026> <13:13:31>  Symmetry  : ATOM
<May23-2026> <13:13:31>  Coordinates
<May23-2026> <13:13:31>     Atom         X           Y           Z   (Angstrom)
<May23-2026> <13:13:31>     1.O         0.000000    0.000000    0.000000
<May23-2026> <13:13:31>  >>>> CORORT
<May23-2026> <13:13:31>  >>>> CLSMAT
<May23-2026> <13:13:31>  >>>> ORTHON
<May23-2026> <13:13:31>  >>>> GENPT
<May23-2026> <13:13:31>  Block Length=  68
<May23-2026> <13:13:31>  >>>> PTBAS
<May23-2026> <13:13:31>  >>>> CYCLE
<May23-2026> <13:13:31>              |Error|         MaxErr       Wt(A-DIIS)
<May23-2026> <13:13:31>      1      0.00000000      0.00000000
<May23-2026> <13:13:31>      2      8.77379167      5.52456194    100.0
<May23-2026> <13:13:31>      3      3.58874259      2.50390796    100.0
<May23-2026> <13:13:31>      4      1.14813168      0.58304454    100.0
<May23-2026> <13:13:31>      5      1.52147762      0.84216884    100.0
<May23-2026> <13:13:31>      6      0.17958647      0.10470670    100.0
<May23-2026> <13:13:31>      7      0.20120374      0.11429590    100.0
<May23-2026> <13:13:31>      8      0.01711846      0.01004426      9.1
<May23-2026> <13:13:31>      9      0.00178953      0.00100777      0.0
<May23-2026> <13:13:31>     10      0.00000129      0.00000068      0.0
<May23-2026> <13:13:31>     11      0.00000005      0.00000002      0.0
<May23-2026> <13:13:31>     12      0.00000000      0.00000000      0.0
<May23-2026> <13:13:31>  SCF converged
<May23-2026> <13:13:31>     13      0.00000000      0.00000000      0.0
<May23-2026> <13:13:31>  >>>> POPAN
<May23-2026> <13:13:31>  >>>> DEBYE
<May23-2026> <13:13:31>  DIRAC 2026.103  RunTime: May23-2026 13:13:31  ShM Nodes: 1  Procs: 1
<May23-2026> <13:13:31>  Hydrogen (TZ2P)
<May23-2026> <13:13:32>  Net Charge: 0 (Nuclei minus Electrons)
<May23-2026> <13:13:32>  Symmetry  : ATOM
<May23-2026> <13:13:32>  Coordinates
<May23-2026> <13:13:32>     Atom         X           Y           Z   (Angstrom)
<May23-2026> <13:13:32>     1.H         0.000000    0.000000    0.000000
<May23-2026> <13:13:32>  >>>> CORORT
<May23-2026> <13:13:32>  >>>> CLSMAT
<May23-2026> <13:13:32>  >>>> ORTHON
<May23-2026> <13:13:32>  >>>> GENPT
<May23-2026> <13:13:32>  Block Length=  64
<May23-2026> <13:13:32>  >>>> PTBAS
<May23-2026> <13:13:32>  >>>> CYCLE
<May23-2026> <13:13:32>              |Error|         MaxErr       Wt(A-DIIS)
<May23-2026> <13:13:32>      1      0.00000000      0.00000000
<May23-2026> <13:13:32>      2      0.03100426      0.02644614
<May23-2026> <13:13:32>      3      0.00958086      0.00932931    100.0
<May23-2026> <13:13:32>      4      0.00232128      0.00228673      1.3
<May23-2026> <13:13:32>      5      0.00003156      0.00002984      0.0
<May23-2026> <13:13:32>      6      0.00000096      0.00000091      0.0
<May23-2026> <13:13:32>      7      0.00000000      0.00000000      0.0
<May23-2026> <13:13:32>  SCF converged
<May23-2026> <13:13:32>      8      0.00000000      0.00000000      0.0
<May23-2026> <13:13:32>  >>>> POPAN
<May23-2026> <13:13:32>  >>>> DEBYE
<May23-2026> <13:13:32>  *** adf ***
<May23-2026> <13:13:32>  Net Charge: 0 (Nuclei minus Electrons)
<May23-2026> <13:13:32>  Spin polar: 1 (Spin_A minus Spin_B electrons)
<May23-2026> <13:13:32>  Symmetry  : NOSYM
<May23-2026> <13:13:32>  >>>> FRAGM
<May23-2026> <13:13:32>  Coordinates
<May23-2026> <13:13:32>     Atom         X           Y           Z   (Angstrom)
<May23-2026> <13:13:32>     1.C        -0.645371    1.107301   -0.979504
<May23-2026> <13:13:32>     2.C        -1.035390   -0.109672   -0.353434
<May23-2026> <13:13:32>     3.C        -1.910217   -0.038114    0.943857
<May23-2026> <13:13:32>     4.F        -2.982645   -0.863336    0.848328
<May23-2026> <13:13:32>     5.F        -2.378658    1.227420    1.191711
<May23-2026> <13:13:32>     6.F        -1.172989   -0.421129    2.025436
<May23-2026> <13:13:32>     7.O        -0.708946   -1.236434   -0.761655
<May23-2026> <13:13:32>     8.H        -0.938677    2.076631   -0.590843
<May23-2026> <13:13:32>     9.H        -0.028843    1.042694   -1.871551
<May23-2026> <13:13:32>  >>>> CORORT
<May23-2026> <13:13:32>  >>>> CLSMAT
<May23-2026> <13:13:32>  >>>> ORTHON
<May23-2026> <13:13:32>  >>>> GENPT
<May23-2026> <13:13:32>  Block Length= 128
<May23-2026> <13:13:32>  >>>> PTBAS
<May23-2026> <13:13:34>  >>>> CYCLE
<May23-2026> <13:13:40>              |Error|         MaxErr       Wt(A-DIIS)
<May23-2026> <13:13:40>      1      5.36294042      0.70490180
<May23-2026> <13:13:45>      2      1.00489183      0.09228030    100.0
<May23-2026> <13:13:50>      3      0.85586270      0.07447315    100.0
<May23-2026> <13:13:55>      4      2.09640914      0.28127192    100.0
<May23-2026> <13:14:01>      5      0.66238383      0.05458150     54.1
<May23-2026> <13:14:06>      6      0.39812941      0.04711524     46.6
<May23-2026> <13:14:11>      7      0.25943373      0.04039818     39.8
<May23-2026> <13:14:16>      8      0.08341612      0.01185515     11.0
<May23-2026> <13:14:21>      9      0.02121514      0.00334514      2.4
<May23-2026> <13:14:26>     10      0.00365517      0.00037075      0.0
<May23-2026> <13:14:31>     11      0.00144157      0.00013745      0.0
<May23-2026> <13:14:36>     12      0.00060713      0.00005933      0.0
<May23-2026> <13:14:41>     13      0.00050051      0.00006377      0.0
<May23-2026> <13:14:46>     14      0.00008153      0.00000796      0.0
<May23-2026> <13:14:51>     15      0.00002827      0.00000326      0.0
<May23-2026> <13:14:56>     16      0.00002408      0.00000299      0.0
<May23-2026> <13:15:01>     17      0.00000661      0.00000069      0.0
<May23-2026> <13:15:02>  SCF converged
<May23-2026> <13:15:06>     18      0.00000404      0.00000048      0.0
<May23-2026> <13:15:10>  >>>> TOTEN
<May23-2026> <13:15:22>  >>>> POPAN
<May23-2026> <13:15:22>  >>>> DEBYE
<May23-2026> <13:15:22>  >>>> AMETS
<May23-2026> <13:15:22>   Bond Energy          -1.81873576 a.u.
<May23-2026> <13:15:22>   Bond Energy         -49.49031817 eV
<May23-2026> <13:15:22>   Bond Energy       -1141.27       kcal/mol
<May23-2026> <13:15:22>  >>>> POPUL
<May23-2026> <13:15:22>  NORMAL TERMINATION
